<?xml version="1.0" encoding="UTF-8"?>
<testsuite xmlns:xsi="http://www.w3.org/2001/XMLSchema-instance" xsi:noNamespaceSchemaLocation="https://maven.apache.org/surefire/maven-surefire-plugin/xsd/surefire-test-report.xsd" version="3.0.1" name="TestSuite" time="14.252" tests="125" errors="0" skipped="0" failures="0">
  <properties>
    <property name="java.specification.version" value="21"/>
    <property name="sun.cpu.isalist" value="amd64"/>
    <property name="sun.jnu.encoding" value="Cp1252"/>
    <property name="java.class.path" value="D:\Automation\EDB_AUTO\EDB_AUTO\target\test-classes;D:\Automation\EDB_AUTO\EDB_AUTO\target\classes;C:\Users\shalinis\.m2\repository\com\relevantcodes\extentreports\2.41.2\extentreports-2.41.2.jar;C:\Users\shalinis\.m2\repository\org\jsoup\jsoup\1.8.3\jsoup-1.8.3.jar;C:\Users\shalinis\.m2\repository\org\xerial\sqlite-jdbc\3.8.11.1\sqlite-jdbc-3.8.11.1.jar;C:\Users\shalinis\.m2\repository\org\freemarker\freemarker\2.3.23\freemarker-2.3.23.jar;C:\Users\shalinis\.m2\repository\org\mongodb\mongodb-driver\3.0.4\mongodb-driver-3.0.4.jar;C:\Users\shalinis\.m2\repository\org\mongodb\bson\3.0.4\bson-3.0.4.jar;C:\Users\shalinis\.m2\repository\org\mongodb\mongodb-driver-core\3.0.4\mongodb-driver-core-3.0.4.jar;C:\Users\shalinis\.m2\repository\io\rest-assured\rest-assured\4.3.3\rest-assured-4.3.3.jar;C:\Users\shalinis\.m2\repository\org\codehaus\groovy\groovy\3.0.7\groovy-3.0.7.jar;C:\Users\shalinis\.m2\repository\org\codehaus\groovy\groovy-xml\3.0.7\groovy-xml-3.0.7.jar;C:\Users\shalinis\.m2\repository\org\apache\httpcomponents\httpclient\4.5.3\httpclient-4.5.3.jar;C:\Users\shalinis\.m2\repository\org\apache\httpcomponents\httpcore\4.4.6\httpcore-4.4.6.jar;C:\Users\shalinis\.m2\repository\commons-logging\commons-logging\1.2\commons-logging-1.2.jar;C:\Users\shalinis\.m2\repository\org\apache\httpcomponents\httpmime\4.5.3\httpmime-4.5.3.jar;C:\Users\shalinis\.m2\repository\org\hamcrest\hamcrest\2.1\hamcrest-2.1.jar;C:\Users\shalinis\.m2\repository\org\ccil\cowan\tagsoup\tagsoup\1.2.1\tagsoup-1.2.1.jar;C:\Users\shalinis\.m2\repository\io\rest-assured\json-path\4.3.3\json-path-4.3.3.jar;C:\Users\shalinis\.m2\repository\org\codehaus\groovy\groovy-json\3.0.7\groovy-json-3.0.7.jar;C:\Users\shalinis\.m2\repository\io\rest-assured\rest-assured-common\4.3.3\rest-assured-common-4.3.3.jar;C:\Users\shalinis\.m2\repository\io\rest-assured\xml-path\4.3.3\xml-path-4.3.3.jar;C:\Users\shalinis\.m2\repository\jakarta\xml\bind\jakarta.xml.bind-api\2.3.3\jakarta.xml.bind-api-2.3.3.jar;C:\Users\shalinis\.m2\repository\jakarta\activation\jakarta.activation-api\1.2.2\jakarta.activation-api-1.2.2.jar;C:\Users\shalinis\.m2\repository\com\sun\xml\bind\jaxb-impl\2.3.3\jaxb-impl-2.3.3.jar;C:\Users\shalinis\.m2\repository\org\testng\testng\6.14.3\testng-6.14.3.jar;C:\Users\shalinis\.m2\repository\com\beust\jcommander\1.72\jcommander-1.72.jar;C:\Users\shalinis\.m2\repository\org\apache-extras\beanshell\bsh\2.0b6\bsh-2.0b6.jar;C:\Users\shalinis\.m2\repository\com\googlecode\json-simple\json-simple\1.1.1\json-simple-1.1.1.jar;C:\Users\shalinis\.m2\repository\org\apache\poi\poi\5.2.2\poi-5.2.2.jar;C:\Users\shalinis\.m2\repository\commons-codec\commons-codec\1.15\commons-codec-1.15.jar;C:\Users\shalinis\.m2\repository\org\apache\commons\commons-collections4\4.4\commons-collections4-4.4.jar;C:\Users\shalinis\.m2\repository\org\apache\commons\commons-math3\3.6.1\commons-math3-3.6.1.jar;C:\Users\shalinis\.m2\repository\commons-io\commons-io\2.11.0\commons-io-2.11.0.jar;C:\Users\shalinis\.m2\repository\com\zaxxer\SparseBitSet\1.2\SparseBitSet-1.2.jar;C:\Users\shalinis\.m2\repository\org\apache\logging\log4j\log4j-api\2.17.2\log4j-api-2.17.2.jar;C:\Users\shalinis\.m2\repository\org\apache\poi\poi-ooxml\5.2.2\poi-ooxml-5.2.2.jar;C:\Users\shalinis\.m2\repository\org\apache\poi\poi-ooxml-lite\5.2.2\poi-ooxml-lite-5.2.2.jar;C:\Users\shalinis\.m2\repository\org\apache\xmlbeans\xmlbeans\5.0.3\xmlbeans-5.0.3.jar;C:\Users\shalinis\.m2\repository\org\apache\commons\commons-compress\1.21\commons-compress-1.21.jar;C:\Users\shalinis\.m2\repository\com\github\virtuald\curvesapi\1.07\curvesapi-1.07.jar;C:\Users\shalinis\.m2\repository\com\fasterxml\jackson\core\jackson-databind\2.9.8\jackson-databind-2.9.8.jar;C:\Users\shalinis\.m2\repository\com\fasterxml\jackson\core\jackson-annotations\2.9.0\jackson-annotations-2.9.0.jar;C:\Users\shalinis\.m2\repository\com\fasterxml\jackson\core\jackson-core\2.9.8\jackson-core-2.9.8.jar;C:\Users\shalinis\.m2\repository\com\google\code\gson\gson\2.8.5\gson-2.8.5.jar;C:\Users\shalinis\.m2\repository\com\aventstack\extentreports\5.0.9\extentreports-5.0.9.jar;C:\Users\shalinis\.m2\repository\io\reactivex\rxjava3\rxjava\3.0.4\rxjava-3.0.4.jar;C:\Users\shalinis\.m2\repository\org\reactivestreams\reactive-streams\1.0.3\reactive-streams-1.0.3.jar;C:\Users\shalinis\.m2\repository\junit\junit\4.13.2\junit-4.13.2.jar;C:\Users\shalinis\.m2\repository\org\hamcrest\hamcrest-core\1.3\hamcrest-core-1.3.jar;C:\Users\shalinis\.m2\repository\org\seleniumhq\selenium\selenium-java\3.141.59\selenium-java-3.141.59.jar;C:\Users\shalinis\.m2\repository\org\seleniumhq\selenium\selenium-api\3.141.59\selenium-api-3.141.59.jar;C:\Users\shalinis\.m2\repository\org\seleniumhq\selenium\selenium-chrome-driver\3.141.59\selenium-chrome-driver-3.141.59.jar;C:\Users\shalinis\.m2\repository\org\seleniumhq\selenium\selenium-edge-driver\3.141.59\selenium-edge-driver-3.141.59.jar;C:\Users\shalinis\.m2\repository\org\seleniumhq\selenium\selenium-firefox-driver\3.141.59\selenium-firefox-driver-3.141.59.jar;C:\Users\shalinis\.m2\repository\org\seleniumhq\selenium\selenium-ie-driver\3.141.59\selenium-ie-driver-3.141.59.jar;C:\Users\shalinis\.m2\repository\org\seleniumhq\selenium\selenium-opera-driver\3.141.59\selenium-opera-driver-3.141.59.jar;C:\Users\shalinis\.m2\repository\org\seleniumhq\selenium\selenium-remote-driver\3.141.59\selenium-remote-driver-3.141.59.jar;C:\Users\shalinis\.m2\repository\org\seleniumhq\selenium\selenium-safari-driver\3.141.59\selenium-safari-driver-3.141.59.jar;C:\Users\shalinis\.m2\repository\org\seleniumhq\selenium\selenium-support\3.141.59\selenium-support-3.141.59.jar;C:\Users\shalinis\.m2\repository\net\bytebuddy\byte-buddy\1.8.15\byte-buddy-1.8.15.jar;C:\Users\shalinis\.m2\repository\org\apache\commons\commons-exec\1.3\commons-exec-1.3.jar;C:\Users\shalinis\.m2\repository\com\google\guava\guava\25.0-jre\guava-25.0-jre.jar;C:\Users\shalinis\.m2\repository\com\google\code\findbugs\jsr305\1.3.9\jsr305-1.3.9.jar;C:\Users\shalinis\.m2\repository\org\checkerframework\checker-compat-qual\2.0.0\checker-compat-qual-2.0.0.jar;C:\Users\shalinis\.m2\repository\com\google\errorprone\error_prone_annotations\2.1.3\error_prone_annotations-2.1.3.jar;C:\Users\shalinis\.m2\repository\com\google\j2objc\j2objc-annotations\1.1\j2objc-annotations-1.1.jar;C:\Users\shalinis\.m2\repository\org\codehaus\mojo\animal-sniffer-annotations\1.14\animal-sniffer-annotations-1.14.jar;C:\Users\shalinis\.m2\repository\com\squareup\okhttp3\okhttp\3.11.0\okhttp-3.11.0.jar;C:\Users\shalinis\.m2\repository\com\squareup\okio\okio\1.14.0\okio-1.14.0.jar;C:\Users\shalinis\.m2\repository\io\github\bonigarcia\webdrivermanager\5.9.2\webdrivermanager-5.9.2.jar;C:\Users\shalinis\.m2\repository\org\slf4j\slf4j-api\2.0.13\slf4j-api-2.0.13.jar;C:\Users\shalinis\.m2\repository\com\github\docker-java\docker-java\3.4.0\docker-java-3.4.0.jar;C:\Users\shalinis\.m2\repository\com\github\docker-java\docker-java-core\3.4.0\docker-java-core-3.4.0.jar;C:\Users\shalinis\.m2\repository\com\github\docker-java\docker-java-api\3.4.0\docker-java-api-3.4.0.jar;C:\Users\shalinis\.m2\repository\org\slf4j\jcl-over-slf4j\1.7.30\jcl-over-slf4j-1.7.30.jar;C:\Users\shalinis\.m2\repository\com\github\docker-java\docker-java-transport-httpclient5\3.4.0\docker-java-transport-httpclient5-3.4.0.jar;C:\Users\shalinis\.m2\repository\com\github\docker-java\docker-java-transport\3.4.0\docker-java-transport-3.4.0.jar;C:\Users\shalinis\.m2\repository\net\java\dev\jna\jna\5.13.0\jna-5.13.0.jar;C:\Users\shalinis\.m2\repository\org\brotli\dec\0.1.2\dec-0.1.2.jar;C:\Users\shalinis\.m2\repository\org\apache\commons\commons-lang3\3.15.0\commons-lang3-3.15.0.jar;C:\Users\shalinis\.m2\repository\org\apache\httpcomponents\client5\httpclient5\5.2.1\httpclient5-5.2.1.jar;C:\Users\shalinis\.m2\repository\org\apache\httpcomponents\core5\httpcore5\5.2\httpcore5-5.2.jar;C:\Users\shalinis\.m2\repository\org\apache\httpcomponents\core5\httpcore5-h2\5.2\httpcore5-h2-5.2.jar;C:\Users\shalinis\.m2\repository\org\apache\logging\log4j\log4j-core\2.17.2\log4j-core-2.17.2.jar;C:\Users\shalinis\.m2\repository\org\projectlombok\lombok\1.18.28\lombok-1.18.28.jar;"/>
    <property name="java.vm.vendor" value="Oracle Corporation"/>
    <property name="sun.arch.data.model" value="64"/>
    <property name="user.variant" value=""/>
    <property name="java.vendor.url" value="https://java.oracle.com/"/>
    <property name="user.timezone" value="Asia/Calcutta"/>
    <property name="os.name" value="Windows 11"/>
    <property name="java.vm.specification.version" value="21"/>
    <property name="sun.java.launcher" value="SUN_STANDARD"/>
    <property name="user.country" value="IN"/>
    <property name="sun.boot.library.path" value="C:\Program Files\Java\jdk-21\bin"/>
    <property name="sun.java.command" value="C:\Users\shalinis\AppData\Local\Temp\surefire15674433630617609867\surefirebooter-20250729170546983_3.jar C:\Users\shalinis\AppData\Local\Temp\surefire15674433630617609867 2025-07-29T17-05-46_730-jvmRun1 surefire-20250729170546983_1tmp surefire_0-20250729170546983_2tmp"/>
    <property name="jdk.debug" value="release"/>
    <property name="surefire.test.class.path" value="D:\Automation\EDB_AUTO\EDB_AUTO\target\test-classes;D:\Automation\EDB_AUTO\EDB_AUTO\target\classes;C:\Users\shalinis\.m2\repository\com\relevantcodes\extentreports\2.41.2\extentreports-2.41.2.jar;C:\Users\shalinis\.m2\repository\org\jsoup\jsoup\1.8.3\jsoup-1.8.3.jar;C:\Users\shalinis\.m2\repository\org\xerial\sqlite-jdbc\3.8.11.1\sqlite-jdbc-3.8.11.1.jar;C:\Users\shalinis\.m2\repository\org\freemarker\freemarker\2.3.23\freemarker-2.3.23.jar;C:\Users\shalinis\.m2\repository\org\mongodb\mongodb-driver\3.0.4\mongodb-driver-3.0.4.jar;C:\Users\shalinis\.m2\repository\org\mongodb\bson\3.0.4\bson-3.0.4.jar;C:\Users\shalinis\.m2\repository\org\mongodb\mongodb-driver-core\3.0.4\mongodb-driver-core-3.0.4.jar;C:\Users\shalinis\.m2\repository\io\rest-assured\rest-assured\4.3.3\rest-assured-4.3.3.jar;C:\Users\shalinis\.m2\repository\org\codehaus\groovy\groovy\3.0.7\groovy-3.0.7.jar;C:\Users\shalinis\.m2\repository\org\codehaus\groovy\groovy-xml\3.0.7\groovy-xml-3.0.7.jar;C:\Users\shalinis\.m2\repository\org\apache\httpcomponents\httpclient\4.5.3\httpclient-4.5.3.jar;C:\Users\shalinis\.m2\repository\org\apache\httpcomponents\httpcore\4.4.6\httpcore-4.4.6.jar;C:\Users\shalinis\.m2\repository\commons-logging\commons-logging\1.2\commons-logging-1.2.jar;C:\Users\shalinis\.m2\repository\org\apache\httpcomponents\httpmime\4.5.3\httpmime-4.5.3.jar;C:\Users\shalinis\.m2\repository\org\hamcrest\hamcrest\2.1\hamcrest-2.1.jar;C:\Users\shalinis\.m2\repository\org\ccil\cowan\tagsoup\tagsoup\1.2.1\tagsoup-1.2.1.jar;C:\Users\shalinis\.m2\repository\io\rest-assured\json-path\4.3.3\json-path-4.3.3.jar;C:\Users\shalinis\.m2\repository\org\codehaus\groovy\groovy-json\3.0.7\groovy-json-3.0.7.jar;C:\Users\shalinis\.m2\repository\io\rest-assured\rest-assured-common\4.3.3\rest-assured-common-4.3.3.jar;C:\Users\shalinis\.m2\repository\io\rest-assured\xml-path\4.3.3\xml-path-4.3.3.jar;C:\Users\shalinis\.m2\repository\jakarta\xml\bind\jakarta.xml.bind-api\2.3.3\jakarta.xml.bind-api-2.3.3.jar;C:\Users\shalinis\.m2\repository\jakarta\activation\jakarta.activation-api\1.2.2\jakarta.activation-api-1.2.2.jar;C:\Users\shalinis\.m2\repository\com\sun\xml\bind\jaxb-impl\2.3.3\jaxb-impl-2.3.3.jar;C:\Users\shalinis\.m2\repository\org\testng\testng\6.14.3\testng-6.14.3.jar;C:\Users\shalinis\.m2\repository\com\beust\jcommander\1.72\jcommander-1.72.jar;C:\Users\shalinis\.m2\repository\org\apache-extras\beanshell\bsh\2.0b6\bsh-2.0b6.jar;C:\Users\shalinis\.m2\repository\com\googlecode\json-simple\json-simple\1.1.1\json-simple-1.1.1.jar;C:\Users\shalinis\.m2\repository\org\apache\poi\poi\5.2.2\poi-5.2.2.jar;C:\Users\shalinis\.m2\repository\commons-codec\commons-codec\1.15\commons-codec-1.15.jar;C:\Users\shalinis\.m2\repository\org\apache\commons\commons-collections4\4.4\commons-collections4-4.4.jar;C:\Users\shalinis\.m2\repository\org\apache\commons\commons-math3\3.6.1\commons-math3-3.6.1.jar;C:\Users\shalinis\.m2\repository\commons-io\commons-io\2.11.0\commons-io-2.11.0.jar;C:\Users\shalinis\.m2\repository\com\zaxxer\SparseBitSet\1.2\SparseBitSet-1.2.jar;C:\Users\shalinis\.m2\repository\org\apache\logging\log4j\log4j-api\2.17.2\log4j-api-2.17.2.jar;C:\Users\shalinis\.m2\repository\org\apache\poi\poi-ooxml\5.2.2\poi-ooxml-5.2.2.jar;C:\Users\shalinis\.m2\repository\org\apache\poi\poi-ooxml-lite\5.2.2\poi-ooxml-lite-5.2.2.jar;C:\Users\shalinis\.m2\repository\org\apache\xmlbeans\xmlbeans\5.0.3\xmlbeans-5.0.3.jar;C:\Users\shalinis\.m2\repository\org\apache\commons\commons-compress\1.21\commons-compress-1.21.jar;C:\Users\shalinis\.m2\repository\com\github\virtuald\curvesapi\1.07\curvesapi-1.07.jar;C:\Users\shalinis\.m2\repository\com\fasterxml\jackson\core\jackson-databind\2.9.8\jackson-databind-2.9.8.jar;C:\Users\shalinis\.m2\repository\com\fasterxml\jackson\core\jackson-annotations\2.9.0\jackson-annotations-2.9.0.jar;C:\Users\shalinis\.m2\repository\com\fasterxml\jackson\core\jackson-core\2.9.8\jackson-core-2.9.8.jar;C:\Users\shalinis\.m2\repository\com\google\code\gson\gson\2.8.5\gson-2.8.5.jar;C:\Users\shalinis\.m2\repository\com\aventstack\extentreports\5.0.9\extentreports-5.0.9.jar;C:\Users\shalinis\.m2\repository\io\reactivex\rxjava3\rxjava\3.0.4\rxjava-3.0.4.jar;C:\Users\shalinis\.m2\repository\org\reactivestreams\reactive-streams\1.0.3\reactive-streams-1.0.3.jar;C:\Users\shalinis\.m2\repository\junit\junit\4.13.2\junit-4.13.2.jar;C:\Users\shalinis\.m2\repository\org\hamcrest\hamcrest-core\1.3\hamcrest-core-1.3.jar;C:\Users\shalinis\.m2\repository\org\seleniumhq\selenium\selenium-java\3.141.59\selenium-java-3.141.59.jar;C:\Users\shalinis\.m2\repository\org\seleniumhq\selenium\selenium-api\3.141.59\selenium-api-3.141.59.jar;C:\Users\shalinis\.m2\repository\org\seleniumhq\selenium\selenium-chrome-driver\3.141.59\selenium-chrome-driver-3.141.59.jar;C:\Users\shalinis\.m2\repository\org\seleniumhq\selenium\selenium-edge-driver\3.141.59\selenium-edge-driver-3.141.59.jar;C:\Users\shalinis\.m2\repository\org\seleniumhq\selenium\selenium-firefox-driver\3.141.59\selenium-firefox-driver-3.141.59.jar;C:\Users\shalinis\.m2\repository\org\seleniumhq\selenium\selenium-ie-driver\3.141.59\selenium-ie-driver-3.141.59.jar;C:\Users\shalinis\.m2\repository\org\seleniumhq\selenium\selenium-opera-driver\3.141.59\selenium-opera-driver-3.141.59.jar;C:\Users\shalinis\.m2\repository\org\seleniumhq\selenium\selenium-remote-driver\3.141.59\selenium-remote-driver-3.141.59.jar;C:\Users\shalinis\.m2\repository\org\seleniumhq\selenium\selenium-safari-driver\3.141.59\selenium-safari-driver-3.141.59.jar;C:\Users\shalinis\.m2\repository\org\seleniumhq\selenium\selenium-support\3.141.59\selenium-support-3.141.59.jar;C:\Users\shalinis\.m2\repository\net\bytebuddy\byte-buddy\1.8.15\byte-buddy-1.8.15.jar;C:\Users\shalinis\.m2\repository\org\apache\commons\commons-exec\1.3\commons-exec-1.3.jar;C:\Users\shalinis\.m2\repository\com\google\guava\guava\25.0-jre\guava-25.0-jre.jar;C:\Users\shalinis\.m2\repository\com\google\code\findbugs\jsr305\1.3.9\jsr305-1.3.9.jar;C:\Users\shalinis\.m2\repository\org\checkerframework\checker-compat-qual\2.0.0\checker-compat-qual-2.0.0.jar;C:\Users\shalinis\.m2\repository\com\google\errorprone\error_prone_annotations\2.1.3\error_prone_annotations-2.1.3.jar;C:\Users\shalinis\.m2\repository\com\google\j2objc\j2objc-annotations\1.1\j2objc-annotations-1.1.jar;C:\Users\shalinis\.m2\repository\org\codehaus\mojo\animal-sniffer-annotations\1.14\animal-sniffer-annotations-1.14.jar;C:\Users\shalinis\.m2\repository\com\squareup\okhttp3\okhttp\3.11.0\okhttp-3.11.0.jar;C:\Users\shalinis\.m2\repository\com\squareup\okio\okio\1.14.0\okio-1.14.0.jar;C:\Users\shalinis\.m2\repository\io\github\bonigarcia\webdrivermanager\5.9.2\webdrivermanager-5.9.2.jar;C:\Users\shalinis\.m2\repository\org\slf4j\slf4j-api\2.0.13\slf4j-api-2.0.13.jar;C:\Users\shalinis\.m2\repository\com\github\docker-java\docker-java\3.4.0\docker-java-3.4.0.jar;C:\Users\shalinis\.m2\repository\com\github\docker-java\docker-java-core\3.4.0\docker-java-core-3.4.0.jar;C:\Users\shalinis\.m2\repository\com\github\docker-java\docker-java-api\3.4.0\docker-java-api-3.4.0.jar;C:\Users\shalinis\.m2\repository\org\slf4j\jcl-over-slf4j\1.7.30\jcl-over-slf4j-1.7.30.jar;C:\Users\shalinis\.m2\repository\com\github\docker-java\docker-java-transport-httpclient5\3.4.0\docker-java-transport-httpclient5-3.4.0.jar;C:\Users\shalinis\.m2\repository\com\github\docker-java\docker-java-transport\3.4.0\docker-java-transport-3.4.0.jar;C:\Users\shalinis\.m2\repository\net\java\dev\jna\jna\5.13.0\jna-5.13.0.jar;C:\Users\shalinis\.m2\repository\org\brotli\dec\0.1.2\dec-0.1.2.jar;C:\Users\shalinis\.m2\repository\org\apache\commons\commons-lang3\3.15.0\commons-lang3-3.15.0.jar;C:\Users\shalinis\.m2\repository\org\apache\httpcomponents\client5\httpclient5\5.2.1\httpclient5-5.2.1.jar;C:\Users\shalinis\.m2\repository\org\apache\httpcomponents\core5\httpcore5\5.2\httpcore5-5.2.jar;C:\Users\shalinis\.m2\repository\org\apache\httpcomponents\core5\httpcore5-h2\5.2\httpcore5-h2-5.2.jar;C:\Users\shalinis\.m2\repository\org\apache\logging\log4j\log4j-core\2.17.2\log4j-core-2.17.2.jar;C:\Users\shalinis\.m2\repository\org\projectlombok\lombok\1.18.28\lombok-1.18.28.jar;"/>
    <property name="sun.cpu.endian" value="little"/>
    <property name="user.home" value="C:\Users\shalinis"/>
    <property name="user.language" value="en"/>
    <property name="java.specification.vendor" value="Oracle Corporation"/>
    <property name="java.version.date" value="2025-01-21"/>
    <property name="java.home" value="C:\Program Files\Java\jdk-21"/>
    <property name="file.separator" value="\"/>
    <property name="basedir" value="D:\Automation\EDB_AUTO\EDB_AUTO"/>
    <property name="java.vm.compressedOopsMode" value="Zero based"/>
    <property name="line.separator" value="&#10;"/>
    <property name="java.vm.specification.vendor" value="Oracle Corporation"/>
    <property name="java.specification.name" value="Java Platform API Specification"/>
    <property name="surefire.real.class.path" value="C:\Users\shalinis\AppData\Local\Temp\surefire15674433630617609867\surefirebooter-20250729170546983_3.jar"/>
    <property name="user.script" value=""/>
    <property name="sun.management.compiler" value="HotSpot 64-Bit Tiered Compilers"/>
    <property name="java.runtime.version" value="21.0.6+8-LTS-188"/>
    <property name="user.name" value="shalinis"/>
    <property name="stdout.encoding" value="Cp1252"/>
    <property name="path.separator" value=";"/>
    <property name="os.version" value="10.0"/>
    <property name="java.runtime.name" value="Java(TM) SE Runtime Environment"/>
    <property name="file.encoding" value="UTF-8"/>
    <property name="java.vm.name" value="Java HotSpot(TM) 64-Bit Server VM"/>
    <property name="localRepository" value="C:\Users\shalinis\.m2\repository"/>
    <property name="java.vendor.url.bug" value="https://bugreport.java.com/bugreport/"/>
    <property name="java.io.tmpdir" value="C:\Users\shalinis\AppData\Local\Temp\"/>
    <property name="java.version" value="21.0.6"/>
    <property name="user.dir" value="D:\Automation\EDB_AUTO\EDB_AUTO"/>
    <property name="os.arch" value="amd64"/>
    <property name="java.vm.specification.name" value="Java Virtual Machine Specification"/>
    <property name="sun.os.patch.level" value=""/>
    <property name="native.encoding" value="Cp1252"/>
    <property name="java.library.path" value="C:\Program Files\Java\jdk-21\bin;C:\Windows\Sun\Java\bin;C:\Windows\system32;C:\Windows;C:\Windows\system32;C:\Windows;C:\Windows\System32\Wbem;C:\Windows\System32\WindowsPowerShell\v1.0\;C:\Windows\System32\OpenSSH\;C:\Program Files\Azure Data Studio\bin;C:\Program Files\Java\jdk-21\bin;C:\Program Files\Microsoft SQL Server\Client SDK\ODBC\170\Tools\Binn\;C:\Program Files (x86)\Microsoft SQL Server\150\Tools\Binn\;C:\Program Files\Microsoft SQL Server\150\Tools\Binn\;C:\Program Files\Microsoft SQL Server\150\DTS\Binn\;C:\Program Files (x86)\Microsoft SQL Server\160\DTS\Binn\;C:\Program Files\Java\jdk-21\bin;C:\Users\shalinis\apache-maven-3.9.11\bin;C:\Users\shalinis\apache-maven-3.9.11\bin\bin;C:\Users\shalinis\AppData\Local\Microsoft\WindowsApps;C:\Users\shalinis\AppData\Local\Programs\Git\cmd;."/>
    <property name="java.vm.info" value="mixed mode, sharing"/>
    <property name="stderr.encoding" value="Cp1252"/>
    <property name="java.vendor" value="Oracle Corporation"/>
    <property name="java.vm.version" value="21.0.6+8-LTS-188"/>
    <property name="sun.io.unicode.encoding" value="UnicodeLittle"/>
    <property name="java.class.version" value="65.0"/>
  </properties>
  <testcase name="Fetchvalid_SingleService_ValidServiceid" classname="com.MOFapi.MOFapi" time="9.264">
    <system-out><![CDATA[Fetching single services using Valid Serviceid
17:05:49.497 [main] ERROR org.apache.poi.openxml4j.opc.PackageRelationshipCollection - Cannot convert mailto:ALPA@#$%^245234534 in a valid relationship URI-> dummy-URI used
java.net.URISyntaxException: Malformed escape pair at index 14: mailto:ALPA@#$%^245234534
	at java.net.URI$Parser.fail(URI.java:2995) ~[?:?]
	at java.net.URI$Parser.scanEscape(URI.java:3123) ~[?:?]
	at java.net.URI$Parser.scan(URI.java:3146) ~[?:?]
	at java.net.URI$Parser.checkChars(URI.java:3164) ~[?:?]
	at java.net.URI$Parser.parse(URI.java:3210) ~[?:?]
	at java.net.URI.<init>(URI.java:645) ~[?:?]
	at org.apache.poi.openxml4j.opc.PackagingURIHelper.toURI(PackagingURIHelper.java:723) ~[poi-ooxml-5.2.2.jar:5.2.2]
	at org.apache.poi.openxml4j.opc.PackageRelationshipCollection.parseRelationshipsPart(PackageRelationshipCollection.java:358) ~[poi-ooxml-5.2.2.jar:5.2.2]
	at org.apache.poi.openxml4j.opc.PackageRelationshipCollection.<init>(PackageRelationshipCollection.java:160) ~[poi-ooxml-5.2.2.jar:5.2.2]
	at org.apache.poi.openxml4j.opc.PackageRelationshipCollection.<init>(PackageRelationshipCollection.java:130) ~[poi-ooxml-5.2.2.jar:5.2.2]
	at org.apache.poi.openxml4j.opc.PackagePart.loadRelationships(PackagePart.java:565) ~[poi-ooxml-5.2.2.jar:5.2.2]
	at org.apache.poi.openxml4j.opc.OPCPackage.getParts(OPCPackage.java:745) ~[poi-ooxml-5.2.2.jar:5.2.2]
	at org.apache.poi.openxml4j.opc.OPCPackage.open(OPCPackage.java:315) ~[poi-ooxml-5.2.2.jar:5.2.2]
	at org.apache.poi.ooxml.util.PackageHelper.open(PackageHelper.java:59) ~[poi-ooxml-5.2.2.jar:5.2.2]
	at org.apache.poi.xssf.usermodel.XSSFWorkbook.<init>(XSSFWorkbook.java:289) ~[poi-ooxml-5.2.2.jar:5.2.2]
	at org.apache.poi.xssf.usermodel.XSSFWorkbook.<init>(XSSFWorkbook.java:285) ~[poi-ooxml-5.2.2.jar:5.2.2]
	at com.MOFutility.API_Excelutilities.readServiceIdFromExcel(API_Excelutilities.java:20) ~[test-classes/:?]
	at com.MOF.constants.API_URL.<clinit>(API_URL.java:145) ~[test-classes/:?]
	at com.MOFapi.MOFapi.Fetchvalid_SingleService_ValidServiceid(MOFapi.java:4891) ~[test-classes/:?]
	at jdk.internal.reflect.DirectMethodHandleAccessor.invoke(DirectMethodHandleAccessor.java:103) ~[?:?]
	at java.lang.reflect.Method.invoke(Method.java:580) ~[?:?]
	at org.testng.internal.MethodInvocationHelper.invokeMethod(MethodInvocationHelper.java:124) ~[testng-6.14.3.jar:?]
	at org.testng.internal.Invoker.invokeMethod(Invoker.java:583) ~[testng-6.14.3.jar:?]
	at org.testng.internal.Invoker.invokeTestMethod(Invoker.java:719) ~[testng-6.14.3.jar:?]
	at org.testng.internal.Invoker.invokeTestMethods(Invoker.java:989) ~[testng-6.14.3.jar:?]
	at org.testng.internal.TestMethodWorker.invokeTestMethods(TestMethodWorker.java:125) ~[testng-6.14.3.jar:?]
	at org.testng.internal.TestMethodWorker.run(TestMethodWorker.java:109) ~[testng-6.14.3.jar:?]
	at org.testng.TestRunner.privateRun(TestRunner.java:648) ~[testng-6.14.3.jar:?]
	at org.testng.TestRunner.run(TestRunner.java:505) ~[testng-6.14.3.jar:?]
	at org.testng.SuiteRunner.runTest(SuiteRunner.java:455) ~[testng-6.14.3.jar:?]
	at org.testng.SuiteRunner.runSequentially(SuiteRunner.java:450) ~[testng-6.14.3.jar:?]
	at org.testng.SuiteRunner.privateRun(SuiteRunner.java:415) ~[testng-6.14.3.jar:?]
	at org.testng.SuiteRunner.run(SuiteRunner.java:364) ~[testng-6.14.3.jar:?]
	at org.testng.SuiteRunnerWorker.runSuite(SuiteRunnerWorker.java:52) ~[testng-6.14.3.jar:?]
	at org.testng.SuiteRunnerWorker.run(SuiteRunnerWorker.java:84) ~[testng-6.14.3.jar:?]
	at org.testng.TestNG.runSuitesSequentially(TestNG.java:1208) ~[testng-6.14.3.jar:?]
	at org.testng.TestNG.runSuitesLocally(TestNG.java:1137) ~[testng-6.14.3.jar:?]
	at org.testng.TestNG.runSuites(TestNG.java:1049) ~[testng-6.14.3.jar:?]
	at org.testng.TestNG.run(TestNG.java:1017) ~[testng-6.14.3.jar:?]
	at org.apache.maven.surefire.testng.TestNGExecutor.run(TestNGExecutor.java:308) ~[surefire-testng-3.3.0.jar:3.3.0]
	at org.apache.maven.surefire.testng.TestNGXmlTestSuite.execute(TestNGXmlTestSuite.java:71) ~[surefire-testng-3.3.0.jar:3.3.0]
	at org.apache.maven.surefire.testng.TestNGProvider.invoke(TestNGProvider.java:113) ~[surefire-testng-3.3.0.jar:3.3.0]
	at org.apache.maven.surefire.booter.ForkedBooter.runSuitesInProcess(ForkedBooter.java:385) ~[surefire-booter-3.3.0.jar:3.3.0]
	at org.apache.maven.surefire.booter.ForkedBooter.execute(ForkedBooter.java:162) ~[surefire-booter-3.3.0.jar:3.3.0]
	at org.apache.maven.surefire.booter.ForkedBooter.run(ForkedBooter.java:507) ~[surefire-booter-3.3.0.jar:3.3.0]
	at org.apache.maven.surefire.booter.ForkedBooter.main(ForkedBooter.java:495) ~[surefire-booter-3.3.0.jar:3.3.0]
17:05:49.531 [main] ERROR org.apache.poi.openxml4j.opc.PackageRelationshipCollection - Cannot convert mailto:ALPHAAAAAA@@@@@!@##$$$%12344 in a valid relationship URI-> dummy-URI used
java.net.URISyntaxException: Illegal character in fragment at index 25: mailto:ALPHAAAAAA@@@@@!@##$$$%12344
	at java.net.URI$Parser.fail(URI.java:2995) ~[?:?]
	at java.net.URI$Parser.checkChars(URI.java:3166) ~[?:?]
	at java.net.URI$Parser.parse(URI.java:3210) ~[?:?]
	at java.net.URI.<init>(URI.java:645) ~[?:?]
	at org.apache.poi.openxml4j.opc.PackagingURIHelper.toURI(PackagingURIHelper.java:723) ~[poi-ooxml-5.2.2.jar:5.2.2]
	at org.apache.poi.openxml4j.opc.PackageRelationshipCollection.parseRelationshipsPart(PackageRelationshipCollection.java:358) ~[poi-ooxml-5.2.2.jar:5.2.2]
	at org.apache.poi.openxml4j.opc.PackageRelationshipCollection.<init>(PackageRelationshipCollection.java:160) ~[poi-ooxml-5.2.2.jar:5.2.2]
	at org.apache.poi.openxml4j.opc.PackageRelationshipCollection.<init>(PackageRelationshipCollection.java:130) ~[poi-ooxml-5.2.2.jar:5.2.2]
	at org.apache.poi.openxml4j.opc.PackagePart.loadRelationships(PackagePart.java:565) ~[poi-ooxml-5.2.2.jar:5.2.2]
	at org.apache.poi.openxml4j.opc.OPCPackage.getParts(OPCPackage.java:745) ~[poi-ooxml-5.2.2.jar:5.2.2]
	at org.apache.poi.openxml4j.opc.OPCPackage.open(OPCPackage.java:315) ~[poi-ooxml-5.2.2.jar:5.2.2]
	at org.apache.poi.ooxml.util.PackageHelper.open(PackageHelper.java:59) ~[poi-ooxml-5.2.2.jar:5.2.2]
	at org.apache.poi.xssf.usermodel.XSSFWorkbook.<init>(XSSFWorkbook.java:289) ~[poi-ooxml-5.2.2.jar:5.2.2]
	at org.apache.poi.xssf.usermodel.XSSFWorkbook.<init>(XSSFWorkbook.java:285) ~[poi-ooxml-5.2.2.jar:5.2.2]
	at com.MOFutility.API_Excelutilities.readServiceIdFromExcel(API_Excelutilities.java:20) ~[test-classes/:?]
	at com.MOF.constants.API_URL.<clinit>(API_URL.java:145) ~[test-classes/:?]
	at com.MOFapi.MOFapi.Fetchvalid_SingleService_ValidServiceid(MOFapi.java:4891) ~[test-classes/:?]
	at jdk.internal.reflect.DirectMethodHandleAccessor.invoke(DirectMethodHandleAccessor.java:103) ~[?:?]
	at java.lang.reflect.Method.invoke(Method.java:580) ~[?:?]
	at org.testng.internal.MethodInvocationHelper.invokeMethod(MethodInvocationHelper.java:124) ~[testng-6.14.3.jar:?]
	at org.testng.internal.Invoker.invokeMethod(Invoker.java:583) ~[testng-6.14.3.jar:?]
	at org.testng.internal.Invoker.invokeTestMethod(Invoker.java:719) ~[testng-6.14.3.jar:?]
	at org.testng.internal.Invoker.invokeTestMethods(Invoker.java:989) ~[testng-6.14.3.jar:?]
	at org.testng.internal.TestMethodWorker.invokeTestMethods(TestMethodWorker.java:125) ~[testng-6.14.3.jar:?]
	at org.testng.internal.TestMethodWorker.run(TestMethodWorker.java:109) ~[testng-6.14.3.jar:?]
	at org.testng.TestRunner.privateRun(TestRunner.java:648) ~[testng-6.14.3.jar:?]
	at org.testng.TestRunner.run(TestRunner.java:505) ~[testng-6.14.3.jar:?]
	at org.testng.SuiteRunner.runTest(SuiteRunner.java:455) ~[testng-6.14.3.jar:?]
	at org.testng.SuiteRunner.runSequentially(SuiteRunner.java:450) ~[testng-6.14.3.jar:?]
	at org.testng.SuiteRunner.privateRun(SuiteRunner.java:415) ~[testng-6.14.3.jar:?]
	at org.testng.SuiteRunner.run(SuiteRunner.java:364) ~[testng-6.14.3.jar:?]
	at org.testng.SuiteRunnerWorker.runSuite(SuiteRunnerWorker.java:52) ~[testng-6.14.3.jar:?]
	at org.testng.SuiteRunnerWorker.run(SuiteRunnerWorker.java:84) ~[testng-6.14.3.jar:?]
	at org.testng.TestNG.runSuitesSequentially(TestNG.java:1208) ~[testng-6.14.3.jar:?]
	at org.testng.TestNG.runSuitesLocally(TestNG.java:1137) ~[testng-6.14.3.jar:?]
	at org.testng.TestNG.runSuites(TestNG.java:1049) ~[testng-6.14.3.jar:?]
	at org.testng.TestNG.run(TestNG.java:1017) ~[testng-6.14.3.jar:?]
	at org.apache.maven.surefire.testng.TestNGExecutor.run(TestNGExecutor.java:308) ~[surefire-testng-3.3.0.jar:3.3.0]
	at org.apache.maven.surefire.testng.TestNGXmlTestSuite.execute(TestNGXmlTestSuite.java:71) ~[surefire-testng-3.3.0.jar:3.3.0]
	at org.apache.maven.surefire.testng.TestNGProvider.invoke(TestNGProvider.java:113) ~[surefire-testng-3.3.0.jar:3.3.0]
	at org.apache.maven.surefire.booter.ForkedBooter.runSuitesInProcess(ForkedBooter.java:385) ~[surefire-booter-3.3.0.jar:3.3.0]
	at org.apache.maven.surefire.booter.ForkedBooter.execute(ForkedBooter.java:162) ~[surefire-booter-3.3.0.jar:3.3.0]
	at org.apache.maven.surefire.booter.ForkedBooter.run(ForkedBooter.java:507) ~[surefire-booter-3.3.0.jar:3.3.0]
	at org.apache.maven.surefire.booter.ForkedBooter.main(ForkedBooter.java:495) ~[surefire-booter-3.3.0.jar:3.3.0]
17:05:49.533 [main] ERROR org.apache.poi.openxml4j.opc.PackageRelationshipCollection - Cannot convert mailto:2343456378912@#&^*gvadhfbjnf in a valid relationship URI-> dummy-URI used
java.net.URISyntaxException: Illegal character in fragment at index 23: mailto:2343456378912@#&^*gvadhfbjnf
	at java.net.URI$Parser.fail(URI.java:2995) ~[?:?]
	at java.net.URI$Parser.checkChars(URI.java:3166) ~[?:?]
	at java.net.URI$Parser.parse(URI.java:3210) ~[?:?]
	at java.net.URI.<init>(URI.java:645) ~[?:?]
	at org.apache.poi.openxml4j.opc.PackagingURIHelper.toURI(PackagingURIHelper.java:723) ~[poi-ooxml-5.2.2.jar:5.2.2]
	at org.apache.poi.openxml4j.opc.PackageRelationshipCollection.parseRelationshipsPart(PackageRelationshipCollection.java:358) ~[poi-ooxml-5.2.2.jar:5.2.2]
	at org.apache.poi.openxml4j.opc.PackageRelationshipCollection.<init>(PackageRelationshipCollection.java:160) ~[poi-ooxml-5.2.2.jar:5.2.2]
	at org.apache.poi.openxml4j.opc.PackageRelationshipCollection.<init>(PackageRelationshipCollection.java:130) ~[poi-ooxml-5.2.2.jar:5.2.2]
	at org.apache.poi.openxml4j.opc.PackagePart.loadRelationships(PackagePart.java:565) ~[poi-ooxml-5.2.2.jar:5.2.2]
	at org.apache.poi.openxml4j.opc.OPCPackage.getParts(OPCPackage.java:745) ~[poi-ooxml-5.2.2.jar:5.2.2]
	at org.apache.poi.openxml4j.opc.OPCPackage.open(OPCPackage.java:315) ~[poi-ooxml-5.2.2.jar:5.2.2]
	at org.apache.poi.ooxml.util.PackageHelper.open(PackageHelper.java:59) ~[poi-ooxml-5.2.2.jar:5.2.2]
	at org.apache.poi.xssf.usermodel.XSSFWorkbook.<init>(XSSFWorkbook.java:289) ~[poi-ooxml-5.2.2.jar:5.2.2]
	at org.apache.poi.xssf.usermodel.XSSFWorkbook.<init>(XSSFWorkbook.java:285) ~[poi-ooxml-5.2.2.jar:5.2.2]
	at com.MOFutility.API_Excelutilities.readServiceIdFromExcel(API_Excelutilities.java:20) ~[test-classes/:?]
	at com.MOF.constants.API_URL.<clinit>(API_URL.java:145) ~[test-classes/:?]
	at com.MOFapi.MOFapi.Fetchvalid_SingleService_ValidServiceid(MOFapi.java:4891) ~[test-classes/:?]
	at jdk.internal.reflect.DirectMethodHandleAccessor.invoke(DirectMethodHandleAccessor.java:103) ~[?:?]
	at java.lang.reflect.Method.invoke(Method.java:580) ~[?:?]
	at org.testng.internal.MethodInvocationHelper.invokeMethod(MethodInvocationHelper.java:124) ~[testng-6.14.3.jar:?]
	at org.testng.internal.Invoker.invokeMethod(Invoker.java:583) ~[testng-6.14.3.jar:?]
	at org.testng.internal.Invoker.invokeTestMethod(Invoker.java:719) ~[testng-6.14.3.jar:?]
	at org.testng.internal.Invoker.invokeTestMethods(Invoker.java:989) ~[testng-6.14.3.jar:?]
	at org.testng.internal.TestMethodWorker.invokeTestMethods(TestMethodWorker.java:125) ~[testng-6.14.3.jar:?]
	at org.testng.internal.TestMethodWorker.run(TestMethodWorker.java:109) ~[testng-6.14.3.jar:?]
	at org.testng.TestRunner.privateRun(TestRunner.java:648) ~[testng-6.14.3.jar:?]
	at org.testng.TestRunner.run(TestRunner.java:505) ~[testng-6.14.3.jar:?]
	at org.testng.SuiteRunner.runTest(SuiteRunner.java:455) ~[testng-6.14.3.jar:?]
	at org.testng.SuiteRunner.runSequentially(SuiteRunner.java:450) ~[testng-6.14.3.jar:?]
	at org.testng.SuiteRunner.privateRun(SuiteRunner.java:415) ~[testng-6.14.3.jar:?]
	at org.testng.SuiteRunner.run(SuiteRunner.java:364) ~[testng-6.14.3.jar:?]
	at org.testng.SuiteRunnerWorker.runSuite(SuiteRunnerWorker.java:52) ~[testng-6.14.3.jar:?]
	at org.testng.SuiteRunnerWorker.run(SuiteRunnerWorker.java:84) ~[testng-6.14.3.jar:?]
	at org.testng.TestNG.runSuitesSequentially(TestNG.java:1208) ~[testng-6.14.3.jar:?]
	at org.testng.TestNG.runSuitesLocally(TestNG.java:1137) ~[testng-6.14.3.jar:?]
	at org.testng.TestNG.runSuites(TestNG.java:1049) ~[testng-6.14.3.jar:?]
	at org.testng.TestNG.run(TestNG.java:1017) ~[testng-6.14.3.jar:?]
	at org.apache.maven.surefire.testng.TestNGExecutor.run(TestNGExecutor.java:308) ~[surefire-testng-3.3.0.jar:3.3.0]
	at org.apache.maven.surefire.testng.TestNGXmlTestSuite.execute(TestNGXmlTestSuite.java:71) ~[surefire-testng-3.3.0.jar:3.3.0]
	at org.apache.maven.surefire.testng.TestNGProvider.invoke(TestNGProvider.java:113) ~[surefire-testng-3.3.0.jar:3.3.0]
	at org.apache.maven.surefire.booter.ForkedBooter.runSuitesInProcess(ForkedBooter.java:385) ~[surefire-booter-3.3.0.jar:3.3.0]
	at org.apache.maven.surefire.booter.ForkedBooter.execute(ForkedBooter.java:162) ~[surefire-booter-3.3.0.jar:3.3.0]
	at org.apache.maven.surefire.booter.ForkedBooter.run(ForkedBooter.java:507) ~[surefire-booter-3.3.0.jar:3.3.0]
	at org.apache.maven.surefire.booter.ForkedBooter.main(ForkedBooter.java:495) ~[surefire-booter-3.3.0.jar:3.3.0]
17:05:50.471 [main] ERROR org.apache.poi.openxml4j.opc.PackageRelationshipCollection - Cannot convert mailto:ALPA@#$%^245234534 in a valid relationship URI-> dummy-URI used
java.net.URISyntaxException: Malformed escape pair at index 14: mailto:ALPA@#$%^245234534
	at java.net.URI$Parser.fail(URI.java:2995) ~[?:?]
	at java.net.URI$Parser.scanEscape(URI.java:3123) ~[?:?]
	at java.net.URI$Parser.scan(URI.java:3146) ~[?:?]
	at java.net.URI$Parser.checkChars(URI.java:3164) ~[?:?]
	at java.net.URI$Parser.parse(URI.java:3210) ~[?:?]
	at java.net.URI.<init>(URI.java:645) ~[?:?]
	at org.apache.poi.openxml4j.opc.PackagingURIHelper.toURI(PackagingURIHelper.java:723) ~[poi-ooxml-5.2.2.jar:5.2.2]
	at org.apache.poi.openxml4j.opc.PackageRelationshipCollection.parseRelationshipsPart(PackageRelationshipCollection.java:358) ~[poi-ooxml-5.2.2.jar:5.2.2]
	at org.apache.poi.openxml4j.opc.PackageRelationshipCollection.<init>(PackageRelationshipCollection.java:160) ~[poi-ooxml-5.2.2.jar:5.2.2]
	at org.apache.poi.openxml4j.opc.PackageRelationshipCollection.<init>(PackageRelationshipCollection.java:130) ~[poi-ooxml-5.2.2.jar:5.2.2]
	at org.apache.poi.openxml4j.opc.PackagePart.loadRelationships(PackagePart.java:565) ~[poi-ooxml-5.2.2.jar:5.2.2]
	at org.apache.poi.openxml4j.opc.OPCPackage.getParts(OPCPackage.java:745) ~[poi-ooxml-5.2.2.jar:5.2.2]
	at org.apache.poi.openxml4j.opc.OPCPackage.open(OPCPackage.java:315) ~[poi-ooxml-5.2.2.jar:5.2.2]
	at org.apache.poi.ooxml.util.PackageHelper.open(PackageHelper.java:59) ~[poi-ooxml-5.2.2.jar:5.2.2]
	at org.apache.poi.xssf.usermodel.XSSFWorkbook.<init>(XSSFWorkbook.java:289) ~[poi-ooxml-5.2.2.jar:5.2.2]
	at org.apache.poi.xssf.usermodel.XSSFWorkbook.<init>(XSSFWorkbook.java:285) ~[poi-ooxml-5.2.2.jar:5.2.2]
	at com.MOFutility.API_Excelutilities.readServiceIdFromExcel(API_Excelutilities.java:20) ~[test-classes/:?]
	at com.MOF.constants.API_URL.<clinit>(API_URL.java:146) ~[test-classes/:?]
	at com.MOFapi.MOFapi.Fetchvalid_SingleService_ValidServiceid(MOFapi.java:4891) ~[test-classes/:?]
	at jdk.internal.reflect.DirectMethodHandleAccessor.invoke(DirectMethodHandleAccessor.java:103) ~[?:?]
	at java.lang.reflect.Method.invoke(Method.java:580) ~[?:?]
	at org.testng.internal.MethodInvocationHelper.invokeMethod(MethodInvocationHelper.java:124) ~[testng-6.14.3.jar:?]
	at org.testng.internal.Invoker.invokeMethod(Invoker.java:583) ~[testng-6.14.3.jar:?]
	at org.testng.internal.Invoker.invokeTestMethod(Invoker.java:719) ~[testng-6.14.3.jar:?]
	at org.testng.internal.Invoker.invokeTestMethods(Invoker.java:989) ~[testng-6.14.3.jar:?]
	at org.testng.internal.TestMethodWorker.invokeTestMethods(TestMethodWorker.java:125) ~[testng-6.14.3.jar:?]
	at org.testng.internal.TestMethodWorker.run(TestMethodWorker.java:109) ~[testng-6.14.3.jar:?]
	at org.testng.TestRunner.privateRun(TestRunner.java:648) ~[testng-6.14.3.jar:?]
	at org.testng.TestRunner.run(TestRunner.java:505) ~[testng-6.14.3.jar:?]
	at org.testng.SuiteRunner.runTest(SuiteRunner.java:455) ~[testng-6.14.3.jar:?]
	at org.testng.SuiteRunner.runSequentially(SuiteRunner.java:450) ~[testng-6.14.3.jar:?]
	at org.testng.SuiteRunner.privateRun(SuiteRunner.java:415) ~[testng-6.14.3.jar:?]
	at org.testng.SuiteRunner.run(SuiteRunner.java:364) ~[testng-6.14.3.jar:?]
	at org.testng.SuiteRunnerWorker.runSuite(SuiteRunnerWorker.java:52) ~[testng-6.14.3.jar:?]
	at org.testng.SuiteRunnerWorker.run(SuiteRunnerWorker.java:84) ~[testng-6.14.3.jar:?]
	at org.testng.TestNG.runSuitesSequentially(TestNG.java:1208) ~[testng-6.14.3.jar:?]
	at org.testng.TestNG.runSuitesLocally(TestNG.java:1137) ~[testng-6.14.3.jar:?]
	at org.testng.TestNG.runSuites(TestNG.java:1049) ~[testng-6.14.3.jar:?]
	at org.testng.TestNG.run(TestNG.java:1017) ~[testng-6.14.3.jar:?]
	at org.apache.maven.surefire.testng.TestNGExecutor.run(TestNGExecutor.java:308) ~[surefire-testng-3.3.0.jar:3.3.0]
	at org.apache.maven.surefire.testng.TestNGXmlTestSuite.execute(TestNGXmlTestSuite.java:71) ~[surefire-testng-3.3.0.jar:3.3.0]
	at org.apache.maven.surefire.testng.TestNGProvider.invoke(TestNGProvider.java:113) ~[surefire-testng-3.3.0.jar:3.3.0]
	at org.apache.maven.surefire.booter.ForkedBooter.runSuitesInProcess(ForkedBooter.java:385) ~[surefire-booter-3.3.0.jar:3.3.0]
	at org.apache.maven.surefire.booter.ForkedBooter.execute(ForkedBooter.java:162) ~[surefire-booter-3.3.0.jar:3.3.0]
	at org.apache.maven.surefire.booter.ForkedBooter.run(ForkedBooter.java:507) ~[surefire-booter-3.3.0.jar:3.3.0]
	at org.apache.maven.surefire.booter.ForkedBooter.main(ForkedBooter.java:495) ~[surefire-booter-3.3.0.jar:3.3.0]
17:05:50.473 [main] ERROR org.apache.poi.openxml4j.opc.PackageRelationshipCollection - Cannot convert mailto:ALPHAAAAAA@@@@@!@##$$$%12344 in a valid relationship URI-> dummy-URI used
java.net.URISyntaxException: Illegal character in fragment at index 25: mailto:ALPHAAAAAA@@@@@!@##$$$%12344
	at java.net.URI$Parser.fail(URI.java:2995) ~[?:?]
	at java.net.URI$Parser.checkChars(URI.java:3166) ~[?:?]
	at java.net.URI$Parser.parse(URI.java:3210) ~[?:?]
	at java.net.URI.<init>(URI.java:645) ~[?:?]
	at org.apache.poi.openxml4j.opc.PackagingURIHelper.toURI(PackagingURIHelper.java:723) ~[poi-ooxml-5.2.2.jar:5.2.2]
	at org.apache.poi.openxml4j.opc.PackageRelationshipCollection.parseRelationshipsPart(PackageRelationshipCollection.java:358) ~[poi-ooxml-5.2.2.jar:5.2.2]
	at org.apache.poi.openxml4j.opc.PackageRelationshipCollection.<init>(PackageRelationshipCollection.java:160) ~[poi-ooxml-5.2.2.jar:5.2.2]
	at org.apache.poi.openxml4j.opc.PackageRelationshipCollection.<init>(PackageRelationshipCollection.java:130) ~[poi-ooxml-5.2.2.jar:5.2.2]
	at org.apache.poi.openxml4j.opc.PackagePart.loadRelationships(PackagePart.java:565) ~[poi-ooxml-5.2.2.jar:5.2.2]
	at org.apache.poi.openxml4j.opc.OPCPackage.getParts(OPCPackage.java:745) ~[poi-ooxml-5.2.2.jar:5.2.2]
	at org.apache.poi.openxml4j.opc.OPCPackage.open(OPCPackage.java:315) ~[poi-ooxml-5.2.2.jar:5.2.2]
	at org.apache.poi.ooxml.util.PackageHelper.open(PackageHelper.java:59) ~[poi-ooxml-5.2.2.jar:5.2.2]
	at org.apache.poi.xssf.usermodel.XSSFWorkbook.<init>(XSSFWorkbook.java:289) ~[poi-ooxml-5.2.2.jar:5.2.2]
	at org.apache.poi.xssf.usermodel.XSSFWorkbook.<init>(XSSFWorkbook.java:285) ~[poi-ooxml-5.2.2.jar:5.2.2]
	at com.MOFutility.API_Excelutilities.readServiceIdFromExcel(API_Excelutilities.java:20) ~[test-classes/:?]
	at com.MOF.constants.API_URL.<clinit>(API_URL.java:146) ~[test-classes/:?]
	at com.MOFapi.MOFapi.Fetchvalid_SingleService_ValidServiceid(MOFapi.java:4891) ~[test-classes/:?]
	at jdk.internal.reflect.DirectMethodHandleAccessor.invoke(DirectMethodHandleAccessor.java:103) ~[?:?]
	at java.lang.reflect.Method.invoke(Method.java:580) ~[?:?]
	at org.testng.internal.MethodInvocationHelper.invokeMethod(MethodInvocationHelper.java:124) ~[testng-6.14.3.jar:?]
	at org.testng.internal.Invoker.invokeMethod(Invoker.java:583) ~[testng-6.14.3.jar:?]
	at org.testng.internal.Invoker.invokeTestMethod(Invoker.java:719) ~[testng-6.14.3.jar:?]
	at org.testng.internal.Invoker.invokeTestMethods(Invoker.java:989) ~[testng-6.14.3.jar:?]
	at org.testng.internal.TestMethodWorker.invokeTestMethods(TestMethodWorker.java:125) ~[testng-6.14.3.jar:?]
	at org.testng.internal.TestMethodWorker.run(TestMethodWorker.java:109) ~[testng-6.14.3.jar:?]
	at org.testng.TestRunner.privateRun(TestRunner.java:648) ~[testng-6.14.3.jar:?]
	at org.testng.TestRunner.run(TestRunner.java:505) ~[testng-6.14.3.jar:?]
	at org.testng.SuiteRunner.runTest(SuiteRunner.java:455) ~[testng-6.14.3.jar:?]
	at org.testng.SuiteRunner.runSequentially(SuiteRunner.java:450) ~[testng-6.14.3.jar:?]
	at org.testng.SuiteRunner.privateRun(SuiteRunner.java:415) ~[testng-6.14.3.jar:?]
	at org.testng.SuiteRunner.run(SuiteRunner.java:364) ~[testng-6.14.3.jar:?]
	at org.testng.SuiteRunnerWorker.runSuite(SuiteRunnerWorker.java:52) ~[testng-6.14.3.jar:?]
	at org.testng.SuiteRunnerWorker.run(SuiteRunnerWorker.java:84) ~[testng-6.14.3.jar:?]
	at org.testng.TestNG.runSuitesSequentially(TestNG.java:1208) ~[testng-6.14.3.jar:?]
	at org.testng.TestNG.runSuitesLocally(TestNG.java:1137) ~[testng-6.14.3.jar:?]
	at org.testng.TestNG.runSuites(TestNG.java:1049) ~[testng-6.14.3.jar:?]
	at org.testng.TestNG.run(TestNG.java:1017) ~[testng-6.14.3.jar:?]
	at org.apache.maven.surefire.testng.TestNGExecutor.run(TestNGExecutor.java:308) ~[surefire-testng-3.3.0.jar:3.3.0]
	at org.apache.maven.surefire.testng.TestNGXmlTestSuite.execute(TestNGXmlTestSuite.java:71) ~[surefire-testng-3.3.0.jar:3.3.0]
	at org.apache.maven.surefire.testng.TestNGProvider.invoke(TestNGProvider.java:113) ~[surefire-testng-3.3.0.jar:3.3.0]
	at org.apache.maven.surefire.booter.ForkedBooter.runSuitesInProcess(ForkedBooter.java:385) ~[surefire-booter-3.3.0.jar:3.3.0]
	at org.apache.maven.surefire.booter.ForkedBooter.execute(ForkedBooter.java:162) ~[surefire-booter-3.3.0.jar:3.3.0]
	at org.apache.maven.surefire.booter.ForkedBooter.run(ForkedBooter.java:507) ~[surefire-booter-3.3.0.jar:3.3.0]
	at org.apache.maven.surefire.booter.ForkedBooter.main(ForkedBooter.java:495) ~[surefire-booter-3.3.0.jar:3.3.0]
17:05:50.475 [main] ERROR org.apache.poi.openxml4j.opc.PackageRelationshipCollection - Cannot convert mailto:2343456378912@#&^*gvadhfbjnf in a valid relationship URI-> dummy-URI used
java.net.URISyntaxException: Illegal character in fragment at index 23: mailto:2343456378912@#&^*gvadhfbjnf
	at java.net.URI$Parser.fail(URI.java:2995) ~[?:?]
	at java.net.URI$Parser.checkChars(URI.java:3166) ~[?:?]
	at java.net.URI$Parser.parse(URI.java:3210) ~[?:?]
	at java.net.URI.<init>(URI.java:645) ~[?:?]
	at org.apache.poi.openxml4j.opc.PackagingURIHelper.toURI(PackagingURIHelper.java:723) ~[poi-ooxml-5.2.2.jar:5.2.2]
	at org.apache.poi.openxml4j.opc.PackageRelationshipCollection.parseRelationshipsPart(PackageRelationshipCollection.java:358) ~[poi-ooxml-5.2.2.jar:5.2.2]
	at org.apache.poi.openxml4j.opc.PackageRelationshipCollection.<init>(PackageRelationshipCollection.java:160) ~[poi-ooxml-5.2.2.jar:5.2.2]
	at org.apache.poi.openxml4j.opc.PackageRelationshipCollection.<init>(PackageRelationshipCollection.java:130) ~[poi-ooxml-5.2.2.jar:5.2.2]
	at org.apache.poi.openxml4j.opc.PackagePart.loadRelationships(PackagePart.java:565) ~[poi-ooxml-5.2.2.jar:5.2.2]
	at org.apache.poi.openxml4j.opc.OPCPackage.getParts(OPCPackage.java:745) ~[poi-ooxml-5.2.2.jar:5.2.2]
	at org.apache.poi.openxml4j.opc.OPCPackage.open(OPCPackage.java:315) ~[poi-ooxml-5.2.2.jar:5.2.2]
	at org.apache.poi.ooxml.util.PackageHelper.open(PackageHelper.java:59) ~[poi-ooxml-5.2.2.jar:5.2.2]
	at org.apache.poi.xssf.usermodel.XSSFWorkbook.<init>(XSSFWorkbook.java:289) ~[poi-ooxml-5.2.2.jar:5.2.2]
	at org.apache.poi.xssf.usermodel.XSSFWorkbook.<init>(XSSFWorkbook.java:285) ~[poi-ooxml-5.2.2.jar:5.2.2]
	at com.MOFutility.API_Excelutilities.readServiceIdFromExcel(API_Excelutilities.java:20) ~[test-classes/:?]
	at com.MOF.constants.API_URL.<clinit>(API_URL.java:146) ~[test-classes/:?]
	at com.MOFapi.MOFapi.Fetchvalid_SingleService_ValidServiceid(MOFapi.java:4891) ~[test-classes/:?]
	at jdk.internal.reflect.DirectMethodHandleAccessor.invoke(DirectMethodHandleAccessor.java:103) ~[?:?]
	at java.lang.reflect.Method.invoke(Method.java:580) ~[?:?]
	at org.testng.internal.MethodInvocationHelper.invokeMethod(MethodInvocationHelper.java:124) ~[testng-6.14.3.jar:?]
	at org.testng.internal.Invoker.invokeMethod(Invoker.java:583) ~[testng-6.14.3.jar:?]
	at org.testng.internal.Invoker.invokeTestMethod(Invoker.java:719) ~[testng-6.14.3.jar:?]
	at org.testng.internal.Invoker.invokeTestMethods(Invoker.java:989) ~[testng-6.14.3.jar:?]
	at org.testng.internal.TestMethodWorker.invokeTestMethods(TestMethodWorker.java:125) ~[testng-6.14.3.jar:?]
	at org.testng.internal.TestMethodWorker.run(TestMethodWorker.java:109) ~[testng-6.14.3.jar:?]
	at org.testng.TestRunner.privateRun(TestRunner.java:648) ~[testng-6.14.3.jar:?]
	at org.testng.TestRunner.run(TestRunner.java:505) ~[testng-6.14.3.jar:?]
	at org.testng.SuiteRunner.runTest(SuiteRunner.java:455) ~[testng-6.14.3.jar:?]
	at org.testng.SuiteRunner.runSequentially(SuiteRunner.java:450) ~[testng-6.14.3.jar:?]
	at org.testng.SuiteRunner.privateRun(SuiteRunner.java:415) ~[testng-6.14.3.jar:?]
	at org.testng.SuiteRunner.run(SuiteRunner.java:364) ~[testng-6.14.3.jar:?]
	at org.testng.SuiteRunnerWorker.runSuite(SuiteRunnerWorker.java:52) ~[testng-6.14.3.jar:?]
	at org.testng.SuiteRunnerWorker.run(SuiteRunnerWorker.java:84) ~[testng-6.14.3.jar:?]
	at org.testng.TestNG.runSuitesSequentially(TestNG.java:1208) ~[testng-6.14.3.jar:?]
	at org.testng.TestNG.runSuitesLocally(TestNG.java:1137) ~[testng-6.14.3.jar:?]
	at org.testng.TestNG.runSuites(TestNG.java:1049) ~[testng-6.14.3.jar:?]
	at org.testng.TestNG.run(TestNG.java:1017) ~[testng-6.14.3.jar:?]
	at org.apache.maven.surefire.testng.TestNGExecutor.run(TestNGExecutor.java:308) ~[surefire-testng-3.3.0.jar:3.3.0]
	at org.apache.maven.surefire.testng.TestNGXmlTestSuite.execute(TestNGXmlTestSuite.java:71) ~[surefire-testng-3.3.0.jar:3.3.0]
	at org.apache.maven.surefire.testng.TestNGProvider.invoke(TestNGProvider.java:113) ~[surefire-testng-3.3.0.jar:3.3.0]
	at org.apache.maven.surefire.booter.ForkedBooter.runSuitesInProcess(ForkedBooter.java:385) ~[surefire-booter-3.3.0.jar:3.3.0]
	at org.apache.maven.surefire.booter.ForkedBooter.execute(ForkedBooter.java:162) ~[surefire-booter-3.3.0.jar:3.3.0]
	at org.apache.maven.surefire.booter.ForkedBooter.run(ForkedBooter.java:507) ~[surefire-booter-3.3.0.jar:3.3.0]
	at org.apache.maven.surefire.booter.ForkedBooter.main(ForkedBooter.java:495) ~[surefire-booter-3.3.0.jar:3.3.0]
17:05:50.577 [main] ERROR org.apache.poi.openxml4j.opc.PackageRelationshipCollection - Cannot convert mailto:ALPA@#$%^245234534 in a valid relationship URI-> dummy-URI used
java.net.URISyntaxException: Malformed escape pair at index 14: mailto:ALPA@#$%^245234534
	at java.net.URI$Parser.fail(URI.java:2995) ~[?:?]
	at java.net.URI$Parser.scanEscape(URI.java:3123) ~[?:?]
	at java.net.URI$Parser.scan(URI.java:3146) ~[?:?]
	at java.net.URI$Parser.checkChars(URI.java:3164) ~[?:?]
	at java.net.URI$Parser.parse(URI.java:3210) ~[?:?]
	at java.net.URI.<init>(URI.java:645) ~[?:?]
	at org.apache.poi.openxml4j.opc.PackagingURIHelper.toURI(PackagingURIHelper.java:723) ~[poi-ooxml-5.2.2.jar:5.2.2]
	at org.apache.poi.openxml4j.opc.PackageRelationshipCollection.parseRelationshipsPart(PackageRelationshipCollection.java:358) ~[poi-ooxml-5.2.2.jar:5.2.2]
	at org.apache.poi.openxml4j.opc.PackageRelationshipCollection.<init>(PackageRelationshipCollection.java:160) ~[poi-ooxml-5.2.2.jar:5.2.2]
	at org.apache.poi.openxml4j.opc.PackageRelationshipCollection.<init>(PackageRelationshipCollection.java:130) ~[poi-ooxml-5.2.2.jar:5.2.2]
	at org.apache.poi.openxml4j.opc.PackagePart.loadRelationships(PackagePart.java:565) ~[poi-ooxml-5.2.2.jar:5.2.2]
	at org.apache.poi.openxml4j.opc.OPCPackage.getParts(OPCPackage.java:745) ~[poi-ooxml-5.2.2.jar:5.2.2]
	at org.apache.poi.openxml4j.opc.OPCPackage.open(OPCPackage.java:315) ~[poi-ooxml-5.2.2.jar:5.2.2]
	at org.apache.poi.ooxml.util.PackageHelper.open(PackageHelper.java:59) ~[poi-ooxml-5.2.2.jar:5.2.2]
	at org.apache.poi.xssf.usermodel.XSSFWorkbook.<init>(XSSFWorkbook.java:289) ~[poi-ooxml-5.2.2.jar:5.2.2]
	at org.apache.poi.xssf.usermodel.XSSFWorkbook.<init>(XSSFWorkbook.java:285) ~[poi-ooxml-5.2.2.jar:5.2.2]
	at com.MOFutility.API_Excelutilities.readServiceIdFromExcel(API_Excelutilities.java:20) ~[test-classes/:?]
	at com.MOF.constants.API_URL.<clinit>(API_URL.java:147) ~[test-classes/:?]
	at com.MOFapi.MOFapi.Fetchvalid_SingleService_ValidServiceid(MOFapi.java:4891) ~[test-classes/:?]
	at jdk.internal.reflect.DirectMethodHandleAccessor.invoke(DirectMethodHandleAccessor.java:103) ~[?:?]
	at java.lang.reflect.Method.invoke(Method.java:580) ~[?:?]
	at org.testng.internal.MethodInvocationHelper.invokeMethod(MethodInvocationHelper.java:124) ~[testng-6.14.3.jar:?]
	at org.testng.internal.Invoker.invokeMethod(Invoker.java:583) ~[testng-6.14.3.jar:?]
	at org.testng.internal.Invoker.invokeTestMethod(Invoker.java:719) ~[testng-6.14.3.jar:?]
	at org.testng.internal.Invoker.invokeTestMethods(Invoker.java:989) ~[testng-6.14.3.jar:?]
	at org.testng.internal.TestMethodWorker.invokeTestMethods(TestMethodWorker.java:125) ~[testng-6.14.3.jar:?]
	at org.testng.internal.TestMethodWorker.run(TestMethodWorker.java:109) ~[testng-6.14.3.jar:?]
	at org.testng.TestRunner.privateRun(TestRunner.java:648) ~[testng-6.14.3.jar:?]
	at org.testng.TestRunner.run(TestRunner.java:505) ~[testng-6.14.3.jar:?]
	at org.testng.SuiteRunner.runTest(SuiteRunner.java:455) ~[testng-6.14.3.jar:?]
	at org.testng.SuiteRunner.runSequentially(SuiteRunner.java:450) ~[testng-6.14.3.jar:?]
	at org.testng.SuiteRunner.privateRun(SuiteRunner.java:415) ~[testng-6.14.3.jar:?]
	at org.testng.SuiteRunner.run(SuiteRunner.java:364) ~[testng-6.14.3.jar:?]
	at org.testng.SuiteRunnerWorker.runSuite(SuiteRunnerWorker.java:52) ~[testng-6.14.3.jar:?]
	at org.testng.SuiteRunnerWorker.run(SuiteRunnerWorker.java:84) ~[testng-6.14.3.jar:?]
	at org.testng.TestNG.runSuitesSequentially(TestNG.java:1208) ~[testng-6.14.3.jar:?]
	at org.testng.TestNG.runSuitesLocally(TestNG.java:1137) ~[testng-6.14.3.jar:?]
	at org.testng.TestNG.runSuites(TestNG.java:1049) ~[testng-6.14.3.jar:?]
	at org.testng.TestNG.run(TestNG.java:1017) ~[testng-6.14.3.jar:?]
	at org.apache.maven.surefire.testng.TestNGExecutor.run(TestNGExecutor.java:308) ~[surefire-testng-3.3.0.jar:3.3.0]
	at org.apache.maven.surefire.testng.TestNGXmlTestSuite.execute(TestNGXmlTestSuite.java:71) ~[surefire-testng-3.3.0.jar:3.3.0]
	at org.apache.maven.surefire.testng.TestNGProvider.invoke(TestNGProvider.java:113) ~[surefire-testng-3.3.0.jar:3.3.0]
	at org.apache.maven.surefire.booter.ForkedBooter.runSuitesInProcess(ForkedBooter.java:385) ~[surefire-booter-3.3.0.jar:3.3.0]
	at org.apache.maven.surefire.booter.ForkedBooter.execute(ForkedBooter.java:162) ~[surefire-booter-3.3.0.jar:3.3.0]
	at org.apache.maven.surefire.booter.ForkedBooter.run(ForkedBooter.java:507) ~[surefire-booter-3.3.0.jar:3.3.0]
	at org.apache.maven.surefire.booter.ForkedBooter.main(ForkedBooter.java:495) ~[surefire-booter-3.3.0.jar:3.3.0]
17:05:50.579 [main] ERROR org.apache.poi.openxml4j.opc.PackageRelationshipCollection - Cannot convert mailto:ALPHAAAAAA@@@@@!@##$$$%12344 in a valid relationship URI-> dummy-URI used
java.net.URISyntaxException: Illegal character in fragment at index 25: mailto:ALPHAAAAAA@@@@@!@##$$$%12344
	at java.net.URI$Parser.fail(URI.java:2995) ~[?:?]
	at java.net.URI$Parser.checkChars(URI.java:3166) ~[?:?]
	at java.net.URI$Parser.parse(URI.java:3210) ~[?:?]
	at java.net.URI.<init>(URI.java:645) ~[?:?]
	at org.apache.poi.openxml4j.opc.PackagingURIHelper.toURI(PackagingURIHelper.java:723) ~[poi-ooxml-5.2.2.jar:5.2.2]
	at org.apache.poi.openxml4j.opc.PackageRelationshipCollection.parseRelationshipsPart(PackageRelationshipCollection.java:358) ~[poi-ooxml-5.2.2.jar:5.2.2]
	at org.apache.poi.openxml4j.opc.PackageRelationshipCollection.<init>(PackageRelationshipCollection.java:160) ~[poi-ooxml-5.2.2.jar:5.2.2]
	at org.apache.poi.openxml4j.opc.PackageRelationshipCollection.<init>(PackageRelationshipCollection.java:130) ~[poi-ooxml-5.2.2.jar:5.2.2]
	at org.apache.poi.openxml4j.opc.PackagePart.loadRelationships(PackagePart.java:565) ~[poi-ooxml-5.2.2.jar:5.2.2]
	at org.apache.poi.openxml4j.opc.OPCPackage.getParts(OPCPackage.java:745) ~[poi-ooxml-5.2.2.jar:5.2.2]
	at org.apache.poi.openxml4j.opc.OPCPackage.open(OPCPackage.java:315) ~[poi-ooxml-5.2.2.jar:5.2.2]
	at org.apache.poi.ooxml.util.PackageHelper.open(PackageHelper.java:59) ~[poi-ooxml-5.2.2.jar:5.2.2]
	at org.apache.poi.xssf.usermodel.XSSFWorkbook.<init>(XSSFWorkbook.java:289) ~[poi-ooxml-5.2.2.jar:5.2.2]
	at org.apache.poi.xssf.usermodel.XSSFWorkbook.<init>(XSSFWorkbook.java:285) ~[poi-ooxml-5.2.2.jar:5.2.2]
	at com.MOFutility.API_Excelutilities.readServiceIdFromExcel(API_Excelutilities.java:20) ~[test-classes/:?]
	at com.MOF.constants.API_URL.<clinit>(API_URL.java:147) ~[test-classes/:?]
	at com.MOFapi.MOFapi.Fetchvalid_SingleService_ValidServiceid(MOFapi.java:4891) ~[test-classes/:?]
	at jdk.internal.reflect.DirectMethodHandleAccessor.invoke(DirectMethodHandleAccessor.java:103) ~[?:?]
	at java.lang.reflect.Method.invoke(Method.java:580) ~[?:?]
	at org.testng.internal.MethodInvocationHelper.invokeMethod(MethodInvocationHelper.java:124) ~[testng-6.14.3.jar:?]
	at org.testng.internal.Invoker.invokeMethod(Invoker.java:583) ~[testng-6.14.3.jar:?]
	at org.testng.internal.Invoker.invokeTestMethod(Invoker.java:719) ~[testng-6.14.3.jar:?]
	at org.testng.internal.Invoker.invokeTestMethods(Invoker.java:989) ~[testng-6.14.3.jar:?]
	at org.testng.internal.TestMethodWorker.invokeTestMethods(TestMethodWorker.java:125) ~[testng-6.14.3.jar:?]
	at org.testng.internal.TestMethodWorker.run(TestMethodWorker.java:109) ~[testng-6.14.3.jar:?]
	at org.testng.TestRunner.privateRun(TestRunner.java:648) ~[testng-6.14.3.jar:?]
	at org.testng.TestRunner.run(TestRunner.java:505) ~[testng-6.14.3.jar:?]
	at org.testng.SuiteRunner.runTest(SuiteRunner.java:455) ~[testng-6.14.3.jar:?]
	at org.testng.SuiteRunner.runSequentially(SuiteRunner.java:450) ~[testng-6.14.3.jar:?]
	at org.testng.SuiteRunner.privateRun(SuiteRunner.java:415) ~[testng-6.14.3.jar:?]
	at org.testng.SuiteRunner.run(SuiteRunner.java:364) ~[testng-6.14.3.jar:?]
	at org.testng.SuiteRunnerWorker.runSuite(SuiteRunnerWorker.java:52) ~[testng-6.14.3.jar:?]
	at org.testng.SuiteRunnerWorker.run(SuiteRunnerWorker.java:84) ~[testng-6.14.3.jar:?]
	at org.testng.TestNG.runSuitesSequentially(TestNG.java:1208) ~[testng-6.14.3.jar:?]
	at org.testng.TestNG.runSuitesLocally(TestNG.java:1137) ~[testng-6.14.3.jar:?]
	at org.testng.TestNG.runSuites(TestNG.java:1049) ~[testng-6.14.3.jar:?]
	at org.testng.TestNG.run(TestNG.java:1017) ~[testng-6.14.3.jar:?]
	at org.apache.maven.surefire.testng.TestNGExecutor.run(TestNGExecutor.java:308) ~[surefire-testng-3.3.0.jar:3.3.0]
	at org.apache.maven.surefire.testng.TestNGXmlTestSuite.execute(TestNGXmlTestSuite.java:71) ~[surefire-testng-3.3.0.jar:3.3.0]
	at org.apache.maven.surefire.testng.TestNGProvider.invoke(TestNGProvider.java:113) ~[surefire-testng-3.3.0.jar:3.3.0]
	at org.apache.maven.surefire.booter.ForkedBooter.runSuitesInProcess(ForkedBooter.java:385) ~[surefire-booter-3.3.0.jar:3.3.0]
	at org.apache.maven.surefire.booter.ForkedBooter.execute(ForkedBooter.java:162) ~[surefire-booter-3.3.0.jar:3.3.0]
	at org.apache.maven.surefire.booter.ForkedBooter.run(ForkedBooter.java:507) ~[surefire-booter-3.3.0.jar:3.3.0]
	at org.apache.maven.surefire.booter.ForkedBooter.main(ForkedBooter.java:495) ~[surefire-booter-3.3.0.jar:3.3.0]
17:05:50.581 [main] ERROR org.apache.poi.openxml4j.opc.PackageRelationshipCollection - Cannot convert mailto:2343456378912@#&^*gvadhfbjnf in a valid relationship URI-> dummy-URI used
java.net.URISyntaxException: Illegal character in fragment at index 23: mailto:2343456378912@#&^*gvadhfbjnf
	at java.net.URI$Parser.fail(URI.java:2995) ~[?:?]
	at java.net.URI$Parser.checkChars(URI.java:3166) ~[?:?]
	at java.net.URI$Parser.parse(URI.java:3210) ~[?:?]
	at java.net.URI.<init>(URI.java:645) ~[?:?]
	at org.apache.poi.openxml4j.opc.PackagingURIHelper.toURI(PackagingURIHelper.java:723) ~[poi-ooxml-5.2.2.jar:5.2.2]
	at org.apache.poi.openxml4j.opc.PackageRelationshipCollection.parseRelationshipsPart(PackageRelationshipCollection.java:358) ~[poi-ooxml-5.2.2.jar:5.2.2]
	at org.apache.poi.openxml4j.opc.PackageRelationshipCollection.<init>(PackageRelationshipCollection.java:160) ~[poi-ooxml-5.2.2.jar:5.2.2]
	at org.apache.poi.openxml4j.opc.PackageRelationshipCollection.<init>(PackageRelationshipCollection.java:130) ~[poi-ooxml-5.2.2.jar:5.2.2]
	at org.apache.poi.openxml4j.opc.PackagePart.loadRelationships(PackagePart.java:565) ~[poi-ooxml-5.2.2.jar:5.2.2]
	at org.apache.poi.openxml4j.opc.OPCPackage.getParts(OPCPackage.java:745) ~[poi-ooxml-5.2.2.jar:5.2.2]
	at org.apache.poi.openxml4j.opc.OPCPackage.open(OPCPackage.java:315) ~[poi-ooxml-5.2.2.jar:5.2.2]
	at org.apache.poi.ooxml.util.PackageHelper.open(PackageHelper.java:59) ~[poi-ooxml-5.2.2.jar:5.2.2]
	at org.apache.poi.xssf.usermodel.XSSFWorkbook.<init>(XSSFWorkbook.java:289) ~[poi-ooxml-5.2.2.jar:5.2.2]
	at org.apache.poi.xssf.usermodel.XSSFWorkbook.<init>(XSSFWorkbook.java:285) ~[poi-ooxml-5.2.2.jar:5.2.2]
	at com.MOFutility.API_Excelutilities.readServiceIdFromExcel(API_Excelutilities.java:20) ~[test-classes/:?]
	at com.MOF.constants.API_URL.<clinit>(API_URL.java:147) ~[test-classes/:?]
	at com.MOFapi.MOFapi.Fetchvalid_SingleService_ValidServiceid(MOFapi.java:4891) ~[test-classes/:?]
	at jdk.internal.reflect.DirectMethodHandleAccessor.invoke(DirectMethodHandleAccessor.java:103) ~[?:?]
	at java.lang.reflect.Method.invoke(Method.java:580) ~[?:?]
	at org.testng.internal.MethodInvocationHelper.invokeMethod(MethodInvocationHelper.java:124) ~[testng-6.14.3.jar:?]
	at org.testng.internal.Invoker.invokeMethod(Invoker.java:583) ~[testng-6.14.3.jar:?]
	at org.testng.internal.Invoker.invokeTestMethod(Invoker.java:719) ~[testng-6.14.3.jar:?]
	at org.testng.internal.Invoker.invokeTestMethods(Invoker.java:989) ~[testng-6.14.3.jar:?]
	at org.testng.internal.TestMethodWorker.invokeTestMethods(TestMethodWorker.java:125) ~[testng-6.14.3.jar:?]
	at org.testng.internal.TestMethodWorker.run(TestMethodWorker.java:109) ~[testng-6.14.3.jar:?]
	at org.testng.TestRunner.privateRun(TestRunner.java:648) ~[testng-6.14.3.jar:?]
	at org.testng.TestRunner.run(TestRunner.java:505) ~[testng-6.14.3.jar:?]
	at org.testng.SuiteRunner.runTest(SuiteRunner.java:455) ~[testng-6.14.3.jar:?]
	at org.testng.SuiteRunner.runSequentially(SuiteRunner.java:450) ~[testng-6.14.3.jar:?]
	at org.testng.SuiteRunner.privateRun(SuiteRunner.java:415) ~[testng-6.14.3.jar:?]
	at org.testng.SuiteRunner.run(SuiteRunner.java:364) ~[testng-6.14.3.jar:?]
	at org.testng.SuiteRunnerWorker.runSuite(SuiteRunnerWorker.java:52) ~[testng-6.14.3.jar:?]
	at org.testng.SuiteRunnerWorker.run(SuiteRunnerWorker.java:84) ~[testng-6.14.3.jar:?]
	at org.testng.TestNG.runSuitesSequentially(TestNG.java:1208) ~[testng-6.14.3.jar:?]
	at org.testng.TestNG.runSuitesLocally(TestNG.java:1137) ~[testng-6.14.3.jar:?]
	at org.testng.TestNG.runSuites(TestNG.java:1049) ~[testng-6.14.3.jar:?]
	at org.testng.TestNG.run(TestNG.java:1017) ~[testng-6.14.3.jar:?]
	at org.apache.maven.surefire.testng.TestNGExecutor.run(TestNGExecutor.java:308) ~[surefire-testng-3.3.0.jar:3.3.0]
	at org.apache.maven.surefire.testng.TestNGXmlTestSuite.execute(TestNGXmlTestSuite.java:71) ~[surefire-testng-3.3.0.jar:3.3.0]
	at org.apache.maven.surefire.testng.TestNGProvider.invoke(TestNGProvider.java:113) ~[surefire-testng-3.3.0.jar:3.3.0]
	at org.apache.maven.surefire.booter.ForkedBooter.runSuitesInProcess(ForkedBooter.java:385) ~[surefire-booter-3.3.0.jar:3.3.0]
	at org.apache.maven.surefire.booter.ForkedBooter.execute(ForkedBooter.java:162) ~[surefire-booter-3.3.0.jar:3.3.0]
	at org.apache.maven.surefire.booter.ForkedBooter.run(ForkedBooter.java:507) ~[surefire-booter-3.3.0.jar:3.3.0]
	at org.apache.maven.surefire.booter.ForkedBooter.main(ForkedBooter.java:495) ~[surefire-booter-3.3.0.jar:3.3.0]
17:05:50.673 [main] ERROR org.apache.poi.openxml4j.opc.PackageRelationshipCollection - Cannot convert mailto:ALPA@#$%^245234534 in a valid relationship URI-> dummy-URI used
java.net.URISyntaxException: Malformed escape pair at index 14: mailto:ALPA@#$%^245234534
	at java.net.URI$Parser.fail(URI.java:2995) ~[?:?]
	at java.net.URI$Parser.scanEscape(URI.java:3123) ~[?:?]
	at java.net.URI$Parser.scan(URI.java:3146) ~[?:?]
	at java.net.URI$Parser.checkChars(URI.java:3164) ~[?:?]
	at java.net.URI$Parser.parse(URI.java:3210) ~[?:?]
	at java.net.URI.<init>(URI.java:645) ~[?:?]
	at org.apache.poi.openxml4j.opc.PackagingURIHelper.toURI(PackagingURIHelper.java:723) ~[poi-ooxml-5.2.2.jar:5.2.2]
	at org.apache.poi.openxml4j.opc.PackageRelationshipCollection.parseRelationshipsPart(PackageRelationshipCollection.java:358) ~[poi-ooxml-5.2.2.jar:5.2.2]
	at org.apache.poi.openxml4j.opc.PackageRelationshipCollection.<init>(PackageRelationshipCollection.java:160) ~[poi-ooxml-5.2.2.jar:5.2.2]
	at org.apache.poi.openxml4j.opc.PackageRelationshipCollection.<init>(PackageRelationshipCollection.java:130) ~[poi-ooxml-5.2.2.jar:5.2.2]
	at org.apache.poi.openxml4j.opc.PackagePart.loadRelationships(PackagePart.java:565) ~[poi-ooxml-5.2.2.jar:5.2.2]
	at org.apache.poi.openxml4j.opc.OPCPackage.getParts(OPCPackage.java:745) ~[poi-ooxml-5.2.2.jar:5.2.2]
	at org.apache.poi.openxml4j.opc.OPCPackage.open(OPCPackage.java:315) ~[poi-ooxml-5.2.2.jar:5.2.2]
	at org.apache.poi.ooxml.util.PackageHelper.open(PackageHelper.java:59) ~[poi-ooxml-5.2.2.jar:5.2.2]
	at org.apache.poi.xssf.usermodel.XSSFWorkbook.<init>(XSSFWorkbook.java:289) ~[poi-ooxml-5.2.2.jar:5.2.2]
	at org.apache.poi.xssf.usermodel.XSSFWorkbook.<init>(XSSFWorkbook.java:285) ~[poi-ooxml-5.2.2.jar:5.2.2]
	at com.MOFutility.API_Excelutilities.readServiceIdFromExcel(API_Excelutilities.java:20) ~[test-classes/:?]
	at com.MOF.constants.API_URL.<clinit>(API_URL.java:148) ~[test-classes/:?]
	at com.MOFapi.MOFapi.Fetchvalid_SingleService_ValidServiceid(MOFapi.java:4891) ~[test-classes/:?]
	at jdk.internal.reflect.DirectMethodHandleAccessor.invoke(DirectMethodHandleAccessor.java:103) ~[?:?]
	at java.lang.reflect.Method.invoke(Method.java:580) ~[?:?]
	at org.testng.internal.MethodInvocationHelper.invokeMethod(MethodInvocationHelper.java:124) ~[testng-6.14.3.jar:?]
	at org.testng.internal.Invoker.invokeMethod(Invoker.java:583) ~[testng-6.14.3.jar:?]
	at org.testng.internal.Invoker.invokeTestMethod(Invoker.java:719) ~[testng-6.14.3.jar:?]
	at org.testng.internal.Invoker.invokeTestMethods(Invoker.java:989) ~[testng-6.14.3.jar:?]
	at org.testng.internal.TestMethodWorker.invokeTestMethods(TestMethodWorker.java:125) ~[testng-6.14.3.jar:?]
	at org.testng.internal.TestMethodWorker.run(TestMethodWorker.java:109) ~[testng-6.14.3.jar:?]
	at org.testng.TestRunner.privateRun(TestRunner.java:648) ~[testng-6.14.3.jar:?]
	at org.testng.TestRunner.run(TestRunner.java:505) ~[testng-6.14.3.jar:?]
	at org.testng.SuiteRunner.runTest(SuiteRunner.java:455) ~[testng-6.14.3.jar:?]
	at org.testng.SuiteRunner.runSequentially(SuiteRunner.java:450) ~[testng-6.14.3.jar:?]
	at org.testng.SuiteRunner.privateRun(SuiteRunner.java:415) ~[testng-6.14.3.jar:?]
	at org.testng.SuiteRunner.run(SuiteRunner.java:364) ~[testng-6.14.3.jar:?]
	at org.testng.SuiteRunnerWorker.runSuite(SuiteRunnerWorker.java:52) ~[testng-6.14.3.jar:?]
	at org.testng.SuiteRunnerWorker.run(SuiteRunnerWorker.java:84) ~[testng-6.14.3.jar:?]
	at org.testng.TestNG.runSuitesSequentially(TestNG.java:1208) ~[testng-6.14.3.jar:?]
	at org.testng.TestNG.runSuitesLocally(TestNG.java:1137) ~[testng-6.14.3.jar:?]
	at org.testng.TestNG.runSuites(TestNG.java:1049) ~[testng-6.14.3.jar:?]
	at org.testng.TestNG.run(TestNG.java:1017) ~[testng-6.14.3.jar:?]
	at org.apache.maven.surefire.testng.TestNGExecutor.run(TestNGExecutor.java:308) ~[surefire-testng-3.3.0.jar:3.3.0]
	at org.apache.maven.surefire.testng.TestNGXmlTestSuite.execute(TestNGXmlTestSuite.java:71) ~[surefire-testng-3.3.0.jar:3.3.0]
	at org.apache.maven.surefire.testng.TestNGProvider.invoke(TestNGProvider.java:113) ~[surefire-testng-3.3.0.jar:3.3.0]
	at org.apache.maven.surefire.booter.ForkedBooter.runSuitesInProcess(ForkedBooter.java:385) ~[surefire-booter-3.3.0.jar:3.3.0]
	at org.apache.maven.surefire.booter.ForkedBooter.execute(ForkedBooter.java:162) ~[surefire-booter-3.3.0.jar:3.3.0]
	at org.apache.maven.surefire.booter.ForkedBooter.run(ForkedBooter.java:507) ~[surefire-booter-3.3.0.jar:3.3.0]
	at org.apache.maven.surefire.booter.ForkedBooter.main(ForkedBooter.java:495) ~[surefire-booter-3.3.0.jar:3.3.0]
17:05:50.675 [main] ERROR org.apache.poi.openxml4j.opc.PackageRelationshipCollection - Cannot convert mailto:ALPHAAAAAA@@@@@!@##$$$%12344 in a valid relationship URI-> dummy-URI used
java.net.URISyntaxException: Illegal character in fragment at index 25: mailto:ALPHAAAAAA@@@@@!@##$$$%12344
	at java.net.URI$Parser.fail(URI.java:2995) ~[?:?]
	at java.net.URI$Parser.checkChars(URI.java:3166) ~[?:?]
	at java.net.URI$Parser.parse(URI.java:3210) ~[?:?]
	at java.net.URI.<init>(URI.java:645) ~[?:?]
	at org.apache.poi.openxml4j.opc.PackagingURIHelper.toURI(PackagingURIHelper.java:723) ~[poi-ooxml-5.2.2.jar:5.2.2]
	at org.apache.poi.openxml4j.opc.PackageRelationshipCollection.parseRelationshipsPart(PackageRelationshipCollection.java:358) ~[poi-ooxml-5.2.2.jar:5.2.2]
	at org.apache.poi.openxml4j.opc.PackageRelationshipCollection.<init>(PackageRelationshipCollection.java:160) ~[poi-ooxml-5.2.2.jar:5.2.2]
	at org.apache.poi.openxml4j.opc.PackageRelationshipCollection.<init>(PackageRelationshipCollection.java:130) ~[poi-ooxml-5.2.2.jar:5.2.2]
	at org.apache.poi.openxml4j.opc.PackagePart.loadRelationships(PackagePart.java:565) ~[poi-ooxml-5.2.2.jar:5.2.2]
	at org.apache.poi.openxml4j.opc.OPCPackage.getParts(OPCPackage.java:745) ~[poi-ooxml-5.2.2.jar:5.2.2]
	at org.apache.poi.openxml4j.opc.OPCPackage.open(OPCPackage.java:315) ~[poi-ooxml-5.2.2.jar:5.2.2]
	at org.apache.poi.ooxml.util.PackageHelper.open(PackageHelper.java:59) ~[poi-ooxml-5.2.2.jar:5.2.2]
	at org.apache.poi.xssf.usermodel.XSSFWorkbook.<init>(XSSFWorkbook.java:289) ~[poi-ooxml-5.2.2.jar:5.2.2]
	at org.apache.poi.xssf.usermodel.XSSFWorkbook.<init>(XSSFWorkbook.java:285) ~[poi-ooxml-5.2.2.jar:5.2.2]
	at com.MOFutility.API_Excelutilities.readServiceIdFromExcel(API_Excelutilities.java:20) ~[test-classes/:?]
	at com.MOF.constants.API_URL.<clinit>(API_URL.java:148) ~[test-classes/:?]
	at com.MOFapi.MOFapi.Fetchvalid_SingleService_ValidServiceid(MOFapi.java:4891) ~[test-classes/:?]
	at jdk.internal.reflect.DirectMethodHandleAccessor.invoke(DirectMethodHandleAccessor.java:103) ~[?:?]
	at java.lang.reflect.Method.invoke(Method.java:580) ~[?:?]
	at org.testng.internal.MethodInvocationHelper.invokeMethod(MethodInvocationHelper.java:124) ~[testng-6.14.3.jar:?]
	at org.testng.internal.Invoker.invokeMethod(Invoker.java:583) ~[testng-6.14.3.jar:?]
	at org.testng.internal.Invoker.invokeTestMethod(Invoker.java:719) ~[testng-6.14.3.jar:?]
	at org.testng.internal.Invoker.invokeTestMethods(Invoker.java:989) ~[testng-6.14.3.jar:?]
	at org.testng.internal.TestMethodWorker.invokeTestMethods(TestMethodWorker.java:125) ~[testng-6.14.3.jar:?]
	at org.testng.internal.TestMethodWorker.run(TestMethodWorker.java:109) ~[testng-6.14.3.jar:?]
	at org.testng.TestRunner.privateRun(TestRunner.java:648) ~[testng-6.14.3.jar:?]
	at org.testng.TestRunner.run(TestRunner.java:505) ~[testng-6.14.3.jar:?]
	at org.testng.SuiteRunner.runTest(SuiteRunner.java:455) ~[testng-6.14.3.jar:?]
	at org.testng.SuiteRunner.runSequentially(SuiteRunner.java:450) ~[testng-6.14.3.jar:?]
	at org.testng.SuiteRunner.privateRun(SuiteRunner.java:415) ~[testng-6.14.3.jar:?]
	at org.testng.SuiteRunner.run(SuiteRunner.java:364) ~[testng-6.14.3.jar:?]
	at org.testng.SuiteRunnerWorker.runSuite(SuiteRunnerWorker.java:52) ~[testng-6.14.3.jar:?]
	at org.testng.SuiteRunnerWorker.run(SuiteRunnerWorker.java:84) ~[testng-6.14.3.jar:?]
	at org.testng.TestNG.runSuitesSequentially(TestNG.java:1208) ~[testng-6.14.3.jar:?]
	at org.testng.TestNG.runSuitesLocally(TestNG.java:1137) ~[testng-6.14.3.jar:?]
	at org.testng.TestNG.runSuites(TestNG.java:1049) ~[testng-6.14.3.jar:?]
	at org.testng.TestNG.run(TestNG.java:1017) ~[testng-6.14.3.jar:?]
	at org.apache.maven.surefire.testng.TestNGExecutor.run(TestNGExecutor.java:308) ~[surefire-testng-3.3.0.jar:3.3.0]
	at org.apache.maven.surefire.testng.TestNGXmlTestSuite.execute(TestNGXmlTestSuite.java:71) ~[surefire-testng-3.3.0.jar:3.3.0]
	at org.apache.maven.surefire.testng.TestNGProvider.invoke(TestNGProvider.java:113) ~[surefire-testng-3.3.0.jar:3.3.0]
	at org.apache.maven.surefire.booter.ForkedBooter.runSuitesInProcess(ForkedBooter.java:385) ~[surefire-booter-3.3.0.jar:3.3.0]
	at org.apache.maven.surefire.booter.ForkedBooter.execute(ForkedBooter.java:162) ~[surefire-booter-3.3.0.jar:3.3.0]
	at org.apache.maven.surefire.booter.ForkedBooter.run(ForkedBooter.java:507) ~[surefire-booter-3.3.0.jar:3.3.0]
	at org.apache.maven.surefire.booter.ForkedBooter.main(ForkedBooter.java:495) ~[surefire-booter-3.3.0.jar:3.3.0]
17:05:50.678 [main] ERROR org.apache.poi.openxml4j.opc.PackageRelationshipCollection - Cannot convert mailto:2343456378912@#&^*gvadhfbjnf in a valid relationship URI-> dummy-URI used
java.net.URISyntaxException: Illegal character in fragment at index 23: mailto:2343456378912@#&^*gvadhfbjnf
	at java.net.URI$Parser.fail(URI.java:2995) ~[?:?]
	at java.net.URI$Parser.checkChars(URI.java:3166) ~[?:?]
	at java.net.URI$Parser.parse(URI.java:3210) ~[?:?]
	at java.net.URI.<init>(URI.java:645) ~[?:?]
	at org.apache.poi.openxml4j.opc.PackagingURIHelper.toURI(PackagingURIHelper.java:723) ~[poi-ooxml-5.2.2.jar:5.2.2]
	at org.apache.poi.openxml4j.opc.PackageRelationshipCollection.parseRelationshipsPart(PackageRelationshipCollection.java:358) ~[poi-ooxml-5.2.2.jar:5.2.2]
	at org.apache.poi.openxml4j.opc.PackageRelationshipCollection.<init>(PackageRelationshipCollection.java:160) ~[poi-ooxml-5.2.2.jar:5.2.2]
	at org.apache.poi.openxml4j.opc.PackageRelationshipCollection.<init>(PackageRelationshipCollection.java:130) ~[poi-ooxml-5.2.2.jar:5.2.2]
	at org.apache.poi.openxml4j.opc.PackagePart.loadRelationships(PackagePart.java:565) ~[poi-ooxml-5.2.2.jar:5.2.2]
	at org.apache.poi.openxml4j.opc.OPCPackage.getParts(OPCPackage.java:745) ~[poi-ooxml-5.2.2.jar:5.2.2]
	at org.apache.poi.openxml4j.opc.OPCPackage.open(OPCPackage.java:315) ~[poi-ooxml-5.2.2.jar:5.2.2]
	at org.apache.poi.ooxml.util.PackageHelper.open(PackageHelper.java:59) ~[poi-ooxml-5.2.2.jar:5.2.2]
	at org.apache.poi.xssf.usermodel.XSSFWorkbook.<init>(XSSFWorkbook.java:289) ~[poi-ooxml-5.2.2.jar:5.2.2]
	at org.apache.poi.xssf.usermodel.XSSFWorkbook.<init>(XSSFWorkbook.java:285) ~[poi-ooxml-5.2.2.jar:5.2.2]
	at com.MOFutility.API_Excelutilities.readServiceIdFromExcel(API_Excelutilities.java:20) ~[test-classes/:?]
	at com.MOF.constants.API_URL.<clinit>(API_URL.java:148) ~[test-classes/:?]
	at com.MOFapi.MOFapi.Fetchvalid_SingleService_ValidServiceid(MOFapi.java:4891) ~[test-classes/:?]
	at jdk.internal.reflect.DirectMethodHandleAccessor.invoke(DirectMethodHandleAccessor.java:103) ~[?:?]
	at java.lang.reflect.Method.invoke(Method.java:580) ~[?:?]
	at org.testng.internal.MethodInvocationHelper.invokeMethod(MethodInvocationHelper.java:124) ~[testng-6.14.3.jar:?]
	at org.testng.internal.Invoker.invokeMethod(Invoker.java:583) ~[testng-6.14.3.jar:?]
	at org.testng.internal.Invoker.invokeTestMethod(Invoker.java:719) ~[testng-6.14.3.jar:?]
	at org.testng.internal.Invoker.invokeTestMethods(Invoker.java:989) ~[testng-6.14.3.jar:?]
	at org.testng.internal.TestMethodWorker.invokeTestMethods(TestMethodWorker.java:125) ~[testng-6.14.3.jar:?]
	at org.testng.internal.TestMethodWorker.run(TestMethodWorker.java:109) ~[testng-6.14.3.jar:?]
	at org.testng.TestRunner.privateRun(TestRunner.java:648) ~[testng-6.14.3.jar:?]
	at org.testng.TestRunner.run(TestRunner.java:505) ~[testng-6.14.3.jar:?]
	at org.testng.SuiteRunner.runTest(SuiteRunner.java:455) ~[testng-6.14.3.jar:?]
	at org.testng.SuiteRunner.runSequentially(SuiteRunner.java:450) ~[testng-6.14.3.jar:?]
	at org.testng.SuiteRunner.privateRun(SuiteRunner.java:415) ~[testng-6.14.3.jar:?]
	at org.testng.SuiteRunner.run(SuiteRunner.java:364) ~[testng-6.14.3.jar:?]
	at org.testng.SuiteRunnerWorker.runSuite(SuiteRunnerWorker.java:52) ~[testng-6.14.3.jar:?]
	at org.testng.SuiteRunnerWorker.run(SuiteRunnerWorker.java:84) ~[testng-6.14.3.jar:?]
	at org.testng.TestNG.runSuitesSequentially(TestNG.java:1208) ~[testng-6.14.3.jar:?]
	at org.testng.TestNG.runSuitesLocally(TestNG.java:1137) ~[testng-6.14.3.jar:?]
	at org.testng.TestNG.runSuites(TestNG.java:1049) ~[testng-6.14.3.jar:?]
	at org.testng.TestNG.run(TestNG.java:1017) ~[testng-6.14.3.jar:?]
	at org.apache.maven.surefire.testng.TestNGExecutor.run(TestNGExecutor.java:308) ~[surefire-testng-3.3.0.jar:3.3.0]
	at org.apache.maven.surefire.testng.TestNGXmlTestSuite.execute(TestNGXmlTestSuite.java:71) ~[surefire-testng-3.3.0.jar:3.3.0]
	at org.apache.maven.surefire.testng.TestNGProvider.invoke(TestNGProvider.java:113) ~[surefire-testng-3.3.0.jar:3.3.0]
	at org.apache.maven.surefire.booter.ForkedBooter.runSuitesInProcess(ForkedBooter.java:385) ~[surefire-booter-3.3.0.jar:3.3.0]
	at org.apache.maven.surefire.booter.ForkedBooter.execute(ForkedBooter.java:162) ~[surefire-booter-3.3.0.jar:3.3.0]
	at org.apache.maven.surefire.booter.ForkedBooter.run(ForkedBooter.java:507) ~[surefire-booter-3.3.0.jar:3.3.0]
	at org.apache.maven.surefire.booter.ForkedBooter.main(ForkedBooter.java:495) ~[surefire-booter-3.3.0.jar:3.3.0]
17:05:50.755 [main] ERROR org.apache.poi.openxml4j.opc.PackageRelationshipCollection - Cannot convert mailto:ALPA@#$%^245234534 in a valid relationship URI-> dummy-URI used
java.net.URISyntaxException: Malformed escape pair at index 14: mailto:ALPA@#$%^245234534
	at java.net.URI$Parser.fail(URI.java:2995) ~[?:?]
	at java.net.URI$Parser.scanEscape(URI.java:3123) ~[?:?]
	at java.net.URI$Parser.scan(URI.java:3146) ~[?:?]
	at java.net.URI$Parser.checkChars(URI.java:3164) ~[?:?]
	at java.net.URI$Parser.parse(URI.java:3210) ~[?:?]
	at java.net.URI.<init>(URI.java:645) ~[?:?]
	at org.apache.poi.openxml4j.opc.PackagingURIHelper.toURI(PackagingURIHelper.java:723) ~[poi-ooxml-5.2.2.jar:5.2.2]
	at org.apache.poi.openxml4j.opc.PackageRelationshipCollection.parseRelationshipsPart(PackageRelationshipCollection.java:358) ~[poi-ooxml-5.2.2.jar:5.2.2]
	at org.apache.poi.openxml4j.opc.PackageRelationshipCollection.<init>(PackageRelationshipCollection.java:160) ~[poi-ooxml-5.2.2.jar:5.2.2]
	at org.apache.poi.openxml4j.opc.PackageRelationshipCollection.<init>(PackageRelationshipCollection.java:130) ~[poi-ooxml-5.2.2.jar:5.2.2]
	at org.apache.poi.openxml4j.opc.PackagePart.loadRelationships(PackagePart.java:565) ~[poi-ooxml-5.2.2.jar:5.2.2]
	at org.apache.poi.openxml4j.opc.OPCPackage.getParts(OPCPackage.java:745) ~[poi-ooxml-5.2.2.jar:5.2.2]
	at org.apache.poi.openxml4j.opc.OPCPackage.open(OPCPackage.java:315) ~[poi-ooxml-5.2.2.jar:5.2.2]
	at org.apache.poi.ooxml.util.PackageHelper.open(PackageHelper.java:59) ~[poi-ooxml-5.2.2.jar:5.2.2]
	at org.apache.poi.xssf.usermodel.XSSFWorkbook.<init>(XSSFWorkbook.java:289) ~[poi-ooxml-5.2.2.jar:5.2.2]
	at org.apache.poi.xssf.usermodel.XSSFWorkbook.<init>(XSSFWorkbook.java:285) ~[poi-ooxml-5.2.2.jar:5.2.2]
	at com.MOFutility.API_Excelutilities.readServiceIdFromExcel(API_Excelutilities.java:20) ~[test-classes/:?]
	at com.MOF.constants.API_URL.<clinit>(API_URL.java:149) ~[test-classes/:?]
	at com.MOFapi.MOFapi.Fetchvalid_SingleService_ValidServiceid(MOFapi.java:4891) ~[test-classes/:?]
	at jdk.internal.reflect.DirectMethodHandleAccessor.invoke(DirectMethodHandleAccessor.java:103) ~[?:?]
	at java.lang.reflect.Method.invoke(Method.java:580) ~[?:?]
	at org.testng.internal.MethodInvocationHelper.invokeMethod(MethodInvocationHelper.java:124) ~[testng-6.14.3.jar:?]
	at org.testng.internal.Invoker.invokeMethod(Invoker.java:583) ~[testng-6.14.3.jar:?]
	at org.testng.internal.Invoker.invokeTestMethod(Invoker.java:719) ~[testng-6.14.3.jar:?]
	at org.testng.internal.Invoker.invokeTestMethods(Invoker.java:989) ~[testng-6.14.3.jar:?]
	at org.testng.internal.TestMethodWorker.invokeTestMethods(TestMethodWorker.java:125) ~[testng-6.14.3.jar:?]
	at org.testng.internal.TestMethodWorker.run(TestMethodWorker.java:109) ~[testng-6.14.3.jar:?]
	at org.testng.TestRunner.privateRun(TestRunner.java:648) ~[testng-6.14.3.jar:?]
	at org.testng.TestRunner.run(TestRunner.java:505) ~[testng-6.14.3.jar:?]
	at org.testng.SuiteRunner.runTest(SuiteRunner.java:455) ~[testng-6.14.3.jar:?]
	at org.testng.SuiteRunner.runSequentially(SuiteRunner.java:450) ~[testng-6.14.3.jar:?]
	at org.testng.SuiteRunner.privateRun(SuiteRunner.java:415) ~[testng-6.14.3.jar:?]
	at org.testng.SuiteRunner.run(SuiteRunner.java:364) ~[testng-6.14.3.jar:?]
	at org.testng.SuiteRunnerWorker.runSuite(SuiteRunnerWorker.java:52) ~[testng-6.14.3.jar:?]
	at org.testng.SuiteRunnerWorker.run(SuiteRunnerWorker.java:84) ~[testng-6.14.3.jar:?]
	at org.testng.TestNG.runSuitesSequentially(TestNG.java:1208) ~[testng-6.14.3.jar:?]
	at org.testng.TestNG.runSuitesLocally(TestNG.java:1137) ~[testng-6.14.3.jar:?]
	at org.testng.TestNG.runSuites(TestNG.java:1049) ~[testng-6.14.3.jar:?]
	at org.testng.TestNG.run(TestNG.java:1017) ~[testng-6.14.3.jar:?]
	at org.apache.maven.surefire.testng.TestNGExecutor.run(TestNGExecutor.java:308) ~[surefire-testng-3.3.0.jar:3.3.0]
	at org.apache.maven.surefire.testng.TestNGXmlTestSuite.execute(TestNGXmlTestSuite.java:71) ~[surefire-testng-3.3.0.jar:3.3.0]
	at org.apache.maven.surefire.testng.TestNGProvider.invoke(TestNGProvider.java:113) ~[surefire-testng-3.3.0.jar:3.3.0]
	at org.apache.maven.surefire.booter.ForkedBooter.runSuitesInProcess(ForkedBooter.java:385) ~[surefire-booter-3.3.0.jar:3.3.0]
	at org.apache.maven.surefire.booter.ForkedBooter.execute(ForkedBooter.java:162) ~[surefire-booter-3.3.0.jar:3.3.0]
	at org.apache.maven.surefire.booter.ForkedBooter.run(ForkedBooter.java:507) ~[surefire-booter-3.3.0.jar:3.3.0]
	at org.apache.maven.surefire.booter.ForkedBooter.main(ForkedBooter.java:495) ~[surefire-booter-3.3.0.jar:3.3.0]
17:05:50.758 [main] ERROR org.apache.poi.openxml4j.opc.PackageRelationshipCollection - Cannot convert mailto:ALPHAAAAAA@@@@@!@##$$$%12344 in a valid relationship URI-> dummy-URI used
java.net.URISyntaxException: Illegal character in fragment at index 25: mailto:ALPHAAAAAA@@@@@!@##$$$%12344
	at java.net.URI$Parser.fail(URI.java:2995) ~[?:?]
	at java.net.URI$Parser.checkChars(URI.java:3166) ~[?:?]
	at java.net.URI$Parser.parse(URI.java:3210) ~[?:?]
	at java.net.URI.<init>(URI.java:645) ~[?:?]
	at org.apache.poi.openxml4j.opc.PackagingURIHelper.toURI(PackagingURIHelper.java:723) ~[poi-ooxml-5.2.2.jar:5.2.2]
	at org.apache.poi.openxml4j.opc.PackageRelationshipCollection.parseRelationshipsPart(PackageRelationshipCollection.java:358) ~[poi-ooxml-5.2.2.jar:5.2.2]
	at org.apache.poi.openxml4j.opc.PackageRelationshipCollection.<init>(PackageRelationshipCollection.java:160) ~[poi-ooxml-5.2.2.jar:5.2.2]
	at org.apache.poi.openxml4j.opc.PackageRelationshipCollection.<init>(PackageRelationshipCollection.java:130) ~[poi-ooxml-5.2.2.jar:5.2.2]
	at org.apache.poi.openxml4j.opc.PackagePart.loadRelationships(PackagePart.java:565) ~[poi-ooxml-5.2.2.jar:5.2.2]
	at org.apache.poi.openxml4j.opc.OPCPackage.getParts(OPCPackage.java:745) ~[poi-ooxml-5.2.2.jar:5.2.2]
	at org.apache.poi.openxml4j.opc.OPCPackage.open(OPCPackage.java:315) ~[poi-ooxml-5.2.2.jar:5.2.2]
	at org.apache.poi.ooxml.util.PackageHelper.open(PackageHelper.java:59) ~[poi-ooxml-5.2.2.jar:5.2.2]
	at org.apache.poi.xssf.usermodel.XSSFWorkbook.<init>(XSSFWorkbook.java:289) ~[poi-ooxml-5.2.2.jar:5.2.2]
	at org.apache.poi.xssf.usermodel.XSSFWorkbook.<init>(XSSFWorkbook.java:285) ~[poi-ooxml-5.2.2.jar:5.2.2]
	at com.MOFutility.API_Excelutilities.readServiceIdFromExcel(API_Excelutilities.java:20) ~[test-classes/:?]
	at com.MOF.constants.API_URL.<clinit>(API_URL.java:149) ~[test-classes/:?]
	at com.MOFapi.MOFapi.Fetchvalid_SingleService_ValidServiceid(MOFapi.java:4891) ~[test-classes/:?]
	at jdk.internal.reflect.DirectMethodHandleAccessor.invoke(DirectMethodHandleAccessor.java:103) ~[?:?]
	at java.lang.reflect.Method.invoke(Method.java:580) ~[?:?]
	at org.testng.internal.MethodInvocationHelper.invokeMethod(MethodInvocationHelper.java:124) ~[testng-6.14.3.jar:?]
	at org.testng.internal.Invoker.invokeMethod(Invoker.java:583) ~[testng-6.14.3.jar:?]
	at org.testng.internal.Invoker.invokeTestMethod(Invoker.java:719) ~[testng-6.14.3.jar:?]
	at org.testng.internal.Invoker.invokeTestMethods(Invoker.java:989) ~[testng-6.14.3.jar:?]
	at org.testng.internal.TestMethodWorker.invokeTestMethods(TestMethodWorker.java:125) ~[testng-6.14.3.jar:?]
	at org.testng.internal.TestMethodWorker.run(TestMethodWorker.java:109) ~[testng-6.14.3.jar:?]
	at org.testng.TestRunner.privateRun(TestRunner.java:648) ~[testng-6.14.3.jar:?]
	at org.testng.TestRunner.run(TestRunner.java:505) ~[testng-6.14.3.jar:?]
	at org.testng.SuiteRunner.runTest(SuiteRunner.java:455) ~[testng-6.14.3.jar:?]
	at org.testng.SuiteRunner.runSequentially(SuiteRunner.java:450) ~[testng-6.14.3.jar:?]
	at org.testng.SuiteRunner.privateRun(SuiteRunner.java:415) ~[testng-6.14.3.jar:?]
	at org.testng.SuiteRunner.run(SuiteRunner.java:364) ~[testng-6.14.3.jar:?]
	at org.testng.SuiteRunnerWorker.runSuite(SuiteRunnerWorker.java:52) ~[testng-6.14.3.jar:?]
	at org.testng.SuiteRunnerWorker.run(SuiteRunnerWorker.java:84) ~[testng-6.14.3.jar:?]
	at org.testng.TestNG.runSuitesSequentially(TestNG.java:1208) ~[testng-6.14.3.jar:?]
	at org.testng.TestNG.runSuitesLocally(TestNG.java:1137) ~[testng-6.14.3.jar:?]
	at org.testng.TestNG.runSuites(TestNG.java:1049) ~[testng-6.14.3.jar:?]
	at org.testng.TestNG.run(TestNG.java:1017) ~[testng-6.14.3.jar:?]
	at org.apache.maven.surefire.testng.TestNGExecutor.run(TestNGExecutor.java:308) ~[surefire-testng-3.3.0.jar:3.3.0]
	at org.apache.maven.surefire.testng.TestNGXmlTestSuite.execute(TestNGXmlTestSuite.java:71) ~[surefire-testng-3.3.0.jar:3.3.0]
	at org.apache.maven.surefire.testng.TestNGProvider.invoke(TestNGProvider.java:113) ~[surefire-testng-3.3.0.jar:3.3.0]
	at org.apache.maven.surefire.booter.ForkedBooter.runSuitesInProcess(ForkedBooter.java:385) ~[surefire-booter-3.3.0.jar:3.3.0]
	at org.apache.maven.surefire.booter.ForkedBooter.execute(ForkedBooter.java:162) ~[surefire-booter-3.3.0.jar:3.3.0]
	at org.apache.maven.surefire.booter.ForkedBooter.run(ForkedBooter.java:507) ~[surefire-booter-3.3.0.jar:3.3.0]
	at org.apache.maven.surefire.booter.ForkedBooter.main(ForkedBooter.java:495) ~[surefire-booter-3.3.0.jar:3.3.0]
17:05:50.761 [main] ERROR org.apache.poi.openxml4j.opc.PackageRelationshipCollection - Cannot convert mailto:2343456378912@#&^*gvadhfbjnf in a valid relationship URI-> dummy-URI used
java.net.URISyntaxException: Illegal character in fragment at index 23: mailto:2343456378912@#&^*gvadhfbjnf
	at java.net.URI$Parser.fail(URI.java:2995) ~[?:?]
	at java.net.URI$Parser.checkChars(URI.java:3166) ~[?:?]
	at java.net.URI$Parser.parse(URI.java:3210) ~[?:?]
	at java.net.URI.<init>(URI.java:645) ~[?:?]
	at org.apache.poi.openxml4j.opc.PackagingURIHelper.toURI(PackagingURIHelper.java:723) ~[poi-ooxml-5.2.2.jar:5.2.2]
	at org.apache.poi.openxml4j.opc.PackageRelationshipCollection.parseRelationshipsPart(PackageRelationshipCollection.java:358) ~[poi-ooxml-5.2.2.jar:5.2.2]
	at org.apache.poi.openxml4j.opc.PackageRelationshipCollection.<init>(PackageRelationshipCollection.java:160) ~[poi-ooxml-5.2.2.jar:5.2.2]
	at org.apache.poi.openxml4j.opc.PackageRelationshipCollection.<init>(PackageRelationshipCollection.java:130) ~[poi-ooxml-5.2.2.jar:5.2.2]
	at org.apache.poi.openxml4j.opc.PackagePart.loadRelationships(PackagePart.java:565) ~[poi-ooxml-5.2.2.jar:5.2.2]
	at org.apache.poi.openxml4j.opc.OPCPackage.getParts(OPCPackage.java:745) ~[poi-ooxml-5.2.2.jar:5.2.2]
	at org.apache.poi.openxml4j.opc.OPCPackage.open(OPCPackage.java:315) ~[poi-ooxml-5.2.2.jar:5.2.2]
	at org.apache.poi.ooxml.util.PackageHelper.open(PackageHelper.java:59) ~[poi-ooxml-5.2.2.jar:5.2.2]
	at org.apache.poi.xssf.usermodel.XSSFWorkbook.<init>(XSSFWorkbook.java:289) ~[poi-ooxml-5.2.2.jar:5.2.2]
	at org.apache.poi.xssf.usermodel.XSSFWorkbook.<init>(XSSFWorkbook.java:285) ~[poi-ooxml-5.2.2.jar:5.2.2]
	at com.MOFutility.API_Excelutilities.readServiceIdFromExcel(API_Excelutilities.java:20) ~[test-classes/:?]
	at com.MOF.constants.API_URL.<clinit>(API_URL.java:149) ~[test-classes/:?]
	at com.MOFapi.MOFapi.Fetchvalid_SingleService_ValidServiceid(MOFapi.java:4891) ~[test-classes/:?]
	at jdk.internal.reflect.DirectMethodHandleAccessor.invoke(DirectMethodHandleAccessor.java:103) ~[?:?]
	at java.lang.reflect.Method.invoke(Method.java:580) ~[?:?]
	at org.testng.internal.MethodInvocationHelper.invokeMethod(MethodInvocationHelper.java:124) ~[testng-6.14.3.jar:?]
	at org.testng.internal.Invoker.invokeMethod(Invoker.java:583) ~[testng-6.14.3.jar:?]
	at org.testng.internal.Invoker.invokeTestMethod(Invoker.java:719) ~[testng-6.14.3.jar:?]
	at org.testng.internal.Invoker.invokeTestMethods(Invoker.java:989) ~[testng-6.14.3.jar:?]
	at org.testng.internal.TestMethodWorker.invokeTestMethods(TestMethodWorker.java:125) ~[testng-6.14.3.jar:?]
	at org.testng.internal.TestMethodWorker.run(TestMethodWorker.java:109) ~[testng-6.14.3.jar:?]
	at org.testng.TestRunner.privateRun(TestRunner.java:648) ~[testng-6.14.3.jar:?]
	at org.testng.TestRunner.run(TestRunner.java:505) ~[testng-6.14.3.jar:?]
	at org.testng.SuiteRunner.runTest(SuiteRunner.java:455) ~[testng-6.14.3.jar:?]
	at org.testng.SuiteRunner.runSequentially(SuiteRunner.java:450) ~[testng-6.14.3.jar:?]
	at org.testng.SuiteRunner.privateRun(SuiteRunner.java:415) ~[testng-6.14.3.jar:?]
	at org.testng.SuiteRunner.run(SuiteRunner.java:364) ~[testng-6.14.3.jar:?]
	at org.testng.SuiteRunnerWorker.runSuite(SuiteRunnerWorker.java:52) ~[testng-6.14.3.jar:?]
	at org.testng.SuiteRunnerWorker.run(SuiteRunnerWorker.java:84) ~[testng-6.14.3.jar:?]
	at org.testng.TestNG.runSuitesSequentially(TestNG.java:1208) ~[testng-6.14.3.jar:?]
	at org.testng.TestNG.runSuitesLocally(TestNG.java:1137) ~[testng-6.14.3.jar:?]
	at org.testng.TestNG.runSuites(TestNG.java:1049) ~[testng-6.14.3.jar:?]
	at org.testng.TestNG.run(TestNG.java:1017) ~[testng-6.14.3.jar:?]
	at org.apache.maven.surefire.testng.TestNGExecutor.run(TestNGExecutor.java:308) ~[surefire-testng-3.3.0.jar:3.3.0]
	at org.apache.maven.surefire.testng.TestNGXmlTestSuite.execute(TestNGXmlTestSuite.java:71) ~[surefire-testng-3.3.0.jar:3.3.0]
	at org.apache.maven.surefire.testng.TestNGProvider.invoke(TestNGProvider.java:113) ~[surefire-testng-3.3.0.jar:3.3.0]
	at org.apache.maven.surefire.booter.ForkedBooter.runSuitesInProcess(ForkedBooter.java:385) ~[surefire-booter-3.3.0.jar:3.3.0]
	at org.apache.maven.surefire.booter.ForkedBooter.execute(ForkedBooter.java:162) ~[surefire-booter-3.3.0.jar:3.3.0]
	at org.apache.maven.surefire.booter.ForkedBooter.run(ForkedBooter.java:507) ~[surefire-booter-3.3.0.jar:3.3.0]
	at org.apache.maven.surefire.booter.ForkedBooter.main(ForkedBooter.java:495) ~[surefire-booter-3.3.0.jar:3.3.0]
17:05:50.823 [main] ERROR org.apache.poi.openxml4j.opc.PackageRelationshipCollection - Cannot convert mailto:ALPA@#$%^245234534 in a valid relationship URI-> dummy-URI used
java.net.URISyntaxException: Malformed escape pair at index 14: mailto:ALPA@#$%^245234534
	at java.net.URI$Parser.fail(URI.java:2995) ~[?:?]
	at java.net.URI$Parser.scanEscape(URI.java:3123) ~[?:?]
	at java.net.URI$Parser.scan(URI.java:3146) ~[?:?]
	at java.net.URI$Parser.checkChars(URI.java:3164) ~[?:?]
	at java.net.URI$Parser.parse(URI.java:3210) ~[?:?]
	at java.net.URI.<init>(URI.java:645) ~[?:?]
	at org.apache.poi.openxml4j.opc.PackagingURIHelper.toURI(PackagingURIHelper.java:723) ~[poi-ooxml-5.2.2.jar:5.2.2]
	at org.apache.poi.openxml4j.opc.PackageRelationshipCollection.parseRelationshipsPart(PackageRelationshipCollection.java:358) ~[poi-ooxml-5.2.2.jar:5.2.2]
	at org.apache.poi.openxml4j.opc.PackageRelationshipCollection.<init>(PackageRelationshipCollection.java:160) ~[poi-ooxml-5.2.2.jar:5.2.2]
	at org.apache.poi.openxml4j.opc.PackageRelationshipCollection.<init>(PackageRelationshipCollection.java:130) ~[poi-ooxml-5.2.2.jar:5.2.2]
	at org.apache.poi.openxml4j.opc.PackagePart.loadRelationships(PackagePart.java:565) ~[poi-ooxml-5.2.2.jar:5.2.2]
	at org.apache.poi.openxml4j.opc.OPCPackage.getParts(OPCPackage.java:745) ~[poi-ooxml-5.2.2.jar:5.2.2]
	at org.apache.poi.openxml4j.opc.OPCPackage.open(OPCPackage.java:315) ~[poi-ooxml-5.2.2.jar:5.2.2]
	at org.apache.poi.ooxml.util.PackageHelper.open(PackageHelper.java:59) ~[poi-ooxml-5.2.2.jar:5.2.2]
	at org.apache.poi.xssf.usermodel.XSSFWorkbook.<init>(XSSFWorkbook.java:289) ~[poi-ooxml-5.2.2.jar:5.2.2]
	at org.apache.poi.xssf.usermodel.XSSFWorkbook.<init>(XSSFWorkbook.java:285) ~[poi-ooxml-5.2.2.jar:5.2.2]
	at com.MOFutility.API_Excelutilities.readServiceIdFromExcel(API_Excelutilities.java:20) ~[test-classes/:?]
	at com.MOF.constants.API_URL.<clinit>(API_URL.java:150) ~[test-classes/:?]
	at com.MOFapi.MOFapi.Fetchvalid_SingleService_ValidServiceid(MOFapi.java:4891) ~[test-classes/:?]
	at jdk.internal.reflect.DirectMethodHandleAccessor.invoke(DirectMethodHandleAccessor.java:103) ~[?:?]
	at java.lang.reflect.Method.invoke(Method.java:580) ~[?:?]
	at org.testng.internal.MethodInvocationHelper.invokeMethod(MethodInvocationHelper.java:124) ~[testng-6.14.3.jar:?]
	at org.testng.internal.Invoker.invokeMethod(Invoker.java:583) ~[testng-6.14.3.jar:?]
	at org.testng.internal.Invoker.invokeTestMethod(Invoker.java:719) ~[testng-6.14.3.jar:?]
	at org.testng.internal.Invoker.invokeTestMethods(Invoker.java:989) ~[testng-6.14.3.jar:?]
	at org.testng.internal.TestMethodWorker.invokeTestMethods(TestMethodWorker.java:125) ~[testng-6.14.3.jar:?]
	at org.testng.internal.TestMethodWorker.run(TestMethodWorker.java:109) ~[testng-6.14.3.jar:?]
	at org.testng.TestRunner.privateRun(TestRunner.java:648) ~[testng-6.14.3.jar:?]
	at org.testng.TestRunner.run(TestRunner.java:505) ~[testng-6.14.3.jar:?]
	at org.testng.SuiteRunner.runTest(SuiteRunner.java:455) ~[testng-6.14.3.jar:?]
	at org.testng.SuiteRunner.runSequentially(SuiteRunner.java:450) ~[testng-6.14.3.jar:?]
	at org.testng.SuiteRunner.privateRun(SuiteRunner.java:415) ~[testng-6.14.3.jar:?]
	at org.testng.SuiteRunner.run(SuiteRunner.java:364) ~[testng-6.14.3.jar:?]
	at org.testng.SuiteRunnerWorker.runSuite(SuiteRunnerWorker.java:52) ~[testng-6.14.3.jar:?]
	at org.testng.SuiteRunnerWorker.run(SuiteRunnerWorker.java:84) ~[testng-6.14.3.jar:?]
	at org.testng.TestNG.runSuitesSequentially(TestNG.java:1208) ~[testng-6.14.3.jar:?]
	at org.testng.TestNG.runSuitesLocally(TestNG.java:1137) ~[testng-6.14.3.jar:?]
	at org.testng.TestNG.runSuites(TestNG.java:1049) ~[testng-6.14.3.jar:?]
	at org.testng.TestNG.run(TestNG.java:1017) ~[testng-6.14.3.jar:?]
	at org.apache.maven.surefire.testng.TestNGExecutor.run(TestNGExecutor.java:308) ~[surefire-testng-3.3.0.jar:3.3.0]
	at org.apache.maven.surefire.testng.TestNGXmlTestSuite.execute(TestNGXmlTestSuite.java:71) ~[surefire-testng-3.3.0.jar:3.3.0]
	at org.apache.maven.surefire.testng.TestNGProvider.invoke(TestNGProvider.java:113) ~[surefire-testng-3.3.0.jar:3.3.0]
	at org.apache.maven.surefire.booter.ForkedBooter.runSuitesInProcess(ForkedBooter.java:385) ~[surefire-booter-3.3.0.jar:3.3.0]
	at org.apache.maven.surefire.booter.ForkedBooter.execute(ForkedBooter.java:162) ~[surefire-booter-3.3.0.jar:3.3.0]
	at org.apache.maven.surefire.booter.ForkedBooter.run(ForkedBooter.java:507) ~[surefire-booter-3.3.0.jar:3.3.0]
	at org.apache.maven.surefire.booter.ForkedBooter.main(ForkedBooter.java:495) ~[surefire-booter-3.3.0.jar:3.3.0]
17:05:50.827 [main] ERROR org.apache.poi.openxml4j.opc.PackageRelationshipCollection - Cannot convert mailto:ALPHAAAAAA@@@@@!@##$$$%12344 in a valid relationship URI-> dummy-URI used
java.net.URISyntaxException: Illegal character in fragment at index 25: mailto:ALPHAAAAAA@@@@@!@##$$$%12344
	at java.net.URI$Parser.fail(URI.java:2995) ~[?:?]
	at java.net.URI$Parser.checkChars(URI.java:3166) ~[?:?]
	at java.net.URI$Parser.parse(URI.java:3210) ~[?:?]
	at java.net.URI.<init>(URI.java:645) ~[?:?]
	at org.apache.poi.openxml4j.opc.PackagingURIHelper.toURI(PackagingURIHelper.java:723) ~[poi-ooxml-5.2.2.jar:5.2.2]
	at org.apache.poi.openxml4j.opc.PackageRelationshipCollection.parseRelationshipsPart(PackageRelationshipCollection.java:358) ~[poi-ooxml-5.2.2.jar:5.2.2]
	at org.apache.poi.openxml4j.opc.PackageRelationshipCollection.<init>(PackageRelationshipCollection.java:160) ~[poi-ooxml-5.2.2.jar:5.2.2]
	at org.apache.poi.openxml4j.opc.PackageRelationshipCollection.<init>(PackageRelationshipCollection.java:130) ~[poi-ooxml-5.2.2.jar:5.2.2]
	at org.apache.poi.openxml4j.opc.PackagePart.loadRelationships(PackagePart.java:565) ~[poi-ooxml-5.2.2.jar:5.2.2]
	at org.apache.poi.openxml4j.opc.OPCPackage.getParts(OPCPackage.java:745) ~[poi-ooxml-5.2.2.jar:5.2.2]
	at org.apache.poi.openxml4j.opc.OPCPackage.open(OPCPackage.java:315) ~[poi-ooxml-5.2.2.jar:5.2.2]
	at org.apache.poi.ooxml.util.PackageHelper.open(PackageHelper.java:59) ~[poi-ooxml-5.2.2.jar:5.2.2]
	at org.apache.poi.xssf.usermodel.XSSFWorkbook.<init>(XSSFWorkbook.java:289) ~[poi-ooxml-5.2.2.jar:5.2.2]
	at org.apache.poi.xssf.usermodel.XSSFWorkbook.<init>(XSSFWorkbook.java:285) ~[poi-ooxml-5.2.2.jar:5.2.2]
	at com.MOFutility.API_Excelutilities.readServiceIdFromExcel(API_Excelutilities.java:20) ~[test-classes/:?]
	at com.MOF.constants.API_URL.<clinit>(API_URL.java:150) ~[test-classes/:?]
	at com.MOFapi.MOFapi.Fetchvalid_SingleService_ValidServiceid(MOFapi.java:4891) ~[test-classes/:?]
	at jdk.internal.reflect.DirectMethodHandleAccessor.invoke(DirectMethodHandleAccessor.java:103) ~[?:?]
	at java.lang.reflect.Method.invoke(Method.java:580) ~[?:?]
	at org.testng.internal.MethodInvocationHelper.invokeMethod(MethodInvocationHelper.java:124) ~[testng-6.14.3.jar:?]
	at org.testng.internal.Invoker.invokeMethod(Invoker.java:583) ~[testng-6.14.3.jar:?]
	at org.testng.internal.Invoker.invokeTestMethod(Invoker.java:719) ~[testng-6.14.3.jar:?]
	at org.testng.internal.Invoker.invokeTestMethods(Invoker.java:989) ~[testng-6.14.3.jar:?]
	at org.testng.internal.TestMethodWorker.invokeTestMethods(TestMethodWorker.java:125) ~[testng-6.14.3.jar:?]
	at org.testng.internal.TestMethodWorker.run(TestMethodWorker.java:109) ~[testng-6.14.3.jar:?]
	at org.testng.TestRunner.privateRun(TestRunner.java:648) ~[testng-6.14.3.jar:?]
	at org.testng.TestRunner.run(TestRunner.java:505) ~[testng-6.14.3.jar:?]
	at org.testng.SuiteRunner.runTest(SuiteRunner.java:455) ~[testng-6.14.3.jar:?]
	at org.testng.SuiteRunner.runSequentially(SuiteRunner.java:450) ~[testng-6.14.3.jar:?]
	at org.testng.SuiteRunner.privateRun(SuiteRunner.java:415) ~[testng-6.14.3.jar:?]
	at org.testng.SuiteRunner.run(SuiteRunner.java:364) ~[testng-6.14.3.jar:?]
	at org.testng.SuiteRunnerWorker.runSuite(SuiteRunnerWorker.java:52) ~[testng-6.14.3.jar:?]
	at org.testng.SuiteRunnerWorker.run(SuiteRunnerWorker.java:84) ~[testng-6.14.3.jar:?]
	at org.testng.TestNG.runSuitesSequentially(TestNG.java:1208) ~[testng-6.14.3.jar:?]
	at org.testng.TestNG.runSuitesLocally(TestNG.java:1137) ~[testng-6.14.3.jar:?]
	at org.testng.TestNG.runSuites(TestNG.java:1049) ~[testng-6.14.3.jar:?]
	at org.testng.TestNG.run(TestNG.java:1017) ~[testng-6.14.3.jar:?]
	at org.apache.maven.surefire.testng.TestNGExecutor.run(TestNGExecutor.java:308) ~[surefire-testng-3.3.0.jar:3.3.0]
	at org.apache.maven.surefire.testng.TestNGXmlTestSuite.execute(TestNGXmlTestSuite.java:71) ~[surefire-testng-3.3.0.jar:3.3.0]
	at org.apache.maven.surefire.testng.TestNGProvider.invoke(TestNGProvider.java:113) ~[surefire-testng-3.3.0.jar:3.3.0]
	at org.apache.maven.surefire.booter.ForkedBooter.runSuitesInProcess(ForkedBooter.java:385) ~[surefire-booter-3.3.0.jar:3.3.0]
	at org.apache.maven.surefire.booter.ForkedBooter.execute(ForkedBooter.java:162) ~[surefire-booter-3.3.0.jar:3.3.0]
	at org.apache.maven.surefire.booter.ForkedBooter.run(ForkedBooter.java:507) ~[surefire-booter-3.3.0.jar:3.3.0]
	at org.apache.maven.surefire.booter.ForkedBooter.main(ForkedBooter.java:495) ~[surefire-booter-3.3.0.jar:3.3.0]
17:05:50.828 [main] ERROR org.apache.poi.openxml4j.opc.PackageRelationshipCollection - Cannot convert mailto:2343456378912@#&^*gvadhfbjnf in a valid relationship URI-> dummy-URI used
java.net.URISyntaxException: Illegal character in fragment at index 23: mailto:2343456378912@#&^*gvadhfbjnf
	at java.net.URI$Parser.fail(URI.java:2995) ~[?:?]
	at java.net.URI$Parser.checkChars(URI.java:3166) ~[?:?]
	at java.net.URI$Parser.parse(URI.java:3210) ~[?:?]
	at java.net.URI.<init>(URI.java:645) ~[?:?]
	at org.apache.poi.openxml4j.opc.PackagingURIHelper.toURI(PackagingURIHelper.java:723) ~[poi-ooxml-5.2.2.jar:5.2.2]
	at org.apache.poi.openxml4j.opc.PackageRelationshipCollection.parseRelationshipsPart(PackageRelationshipCollection.java:358) ~[poi-ooxml-5.2.2.jar:5.2.2]
	at org.apache.poi.openxml4j.opc.PackageRelationshipCollection.<init>(PackageRelationshipCollection.java:160) ~[poi-ooxml-5.2.2.jar:5.2.2]
	at org.apache.poi.openxml4j.opc.PackageRelationshipCollection.<init>(PackageRelationshipCollection.java:130) ~[poi-ooxml-5.2.2.jar:5.2.2]
	at org.apache.poi.openxml4j.opc.PackagePart.loadRelationships(PackagePart.java:565) ~[poi-ooxml-5.2.2.jar:5.2.2]
	at org.apache.poi.openxml4j.opc.OPCPackage.getParts(OPCPackage.java:745) ~[poi-ooxml-5.2.2.jar:5.2.2]
	at org.apache.poi.openxml4j.opc.OPCPackage.open(OPCPackage.java:315) ~[poi-ooxml-5.2.2.jar:5.2.2]
	at org.apache.poi.ooxml.util.PackageHelper.open(PackageHelper.java:59) ~[poi-ooxml-5.2.2.jar:5.2.2]
	at org.apache.poi.xssf.usermodel.XSSFWorkbook.<init>(XSSFWorkbook.java:289) ~[poi-ooxml-5.2.2.jar:5.2.2]
	at org.apache.poi.xssf.usermodel.XSSFWorkbook.<init>(XSSFWorkbook.java:285) ~[poi-ooxml-5.2.2.jar:5.2.2]
	at com.MOFutility.API_Excelutilities.readServiceIdFromExcel(API_Excelutilities.java:20) ~[test-classes/:?]
	at com.MOF.constants.API_URL.<clinit>(API_URL.java:150) ~[test-classes/:?]
	at com.MOFapi.MOFapi.Fetchvalid_SingleService_ValidServiceid(MOFapi.java:4891) ~[test-classes/:?]
	at jdk.internal.reflect.DirectMethodHandleAccessor.invoke(DirectMethodHandleAccessor.java:103) ~[?:?]
	at java.lang.reflect.Method.invoke(Method.java:580) ~[?:?]
	at org.testng.internal.MethodInvocationHelper.invokeMethod(MethodInvocationHelper.java:124) ~[testng-6.14.3.jar:?]
	at org.testng.internal.Invoker.invokeMethod(Invoker.java:583) ~[testng-6.14.3.jar:?]
	at org.testng.internal.Invoker.invokeTestMethod(Invoker.java:719) ~[testng-6.14.3.jar:?]
	at org.testng.internal.Invoker.invokeTestMethods(Invoker.java:989) ~[testng-6.14.3.jar:?]
	at org.testng.internal.TestMethodWorker.invokeTestMethods(TestMethodWorker.java:125) ~[testng-6.14.3.jar:?]
	at org.testng.internal.TestMethodWorker.run(TestMethodWorker.java:109) ~[testng-6.14.3.jar:?]
	at org.testng.TestRunner.privateRun(TestRunner.java:648) ~[testng-6.14.3.jar:?]
	at org.testng.TestRunner.run(TestRunner.java:505) ~[testng-6.14.3.jar:?]
	at org.testng.SuiteRunner.runTest(SuiteRunner.java:455) ~[testng-6.14.3.jar:?]
	at org.testng.SuiteRunner.runSequentially(SuiteRunner.java:450) ~[testng-6.14.3.jar:?]
	at org.testng.SuiteRunner.privateRun(SuiteRunner.java:415) ~[testng-6.14.3.jar:?]
	at org.testng.SuiteRunner.run(SuiteRunner.java:364) ~[testng-6.14.3.jar:?]
	at org.testng.SuiteRunnerWorker.runSuite(SuiteRunnerWorker.java:52) ~[testng-6.14.3.jar:?]
	at org.testng.SuiteRunnerWorker.run(SuiteRunnerWorker.java:84) ~[testng-6.14.3.jar:?]
	at org.testng.TestNG.runSuitesSequentially(TestNG.java:1208) ~[testng-6.14.3.jar:?]
	at org.testng.TestNG.runSuitesLocally(TestNG.java:1137) ~[testng-6.14.3.jar:?]
	at org.testng.TestNG.runSuites(TestNG.java:1049) ~[testng-6.14.3.jar:?]
	at org.testng.TestNG.run(TestNG.java:1017) ~[testng-6.14.3.jar:?]
	at org.apache.maven.surefire.testng.TestNGExecutor.run(TestNGExecutor.java:308) ~[surefire-testng-3.3.0.jar:3.3.0]
	at org.apache.maven.surefire.testng.TestNGXmlTestSuite.execute(TestNGXmlTestSuite.java:71) ~[surefire-testng-3.3.0.jar:3.3.0]
	at org.apache.maven.surefire.testng.TestNGProvider.invoke(TestNGProvider.java:113) ~[surefire-testng-3.3.0.jar:3.3.0]
	at org.apache.maven.surefire.booter.ForkedBooter.runSuitesInProcess(ForkedBooter.java:385) ~[surefire-booter-3.3.0.jar:3.3.0]
	at org.apache.maven.surefire.booter.ForkedBooter.execute(ForkedBooter.java:162) ~[surefire-booter-3.3.0.jar:3.3.0]
	at org.apache.maven.surefire.booter.ForkedBooter.run(ForkedBooter.java:507) ~[surefire-booter-3.3.0.jar:3.3.0]
	at org.apache.maven.surefire.booter.ForkedBooter.main(ForkedBooter.java:495) ~[surefire-booter-3.3.0.jar:3.3.0]
17:05:50.884 [main] ERROR org.apache.poi.openxml4j.opc.PackageRelationshipCollection - Cannot convert mailto:ALPA@#$%^245234534 in a valid relationship URI-> dummy-URI used
java.net.URISyntaxException: Malformed escape pair at index 14: mailto:ALPA@#$%^245234534
	at java.net.URI$Parser.fail(URI.java:2995) ~[?:?]
	at java.net.URI$Parser.scanEscape(URI.java:3123) ~[?:?]
	at java.net.URI$Parser.scan(URI.java:3146) ~[?:?]
	at java.net.URI$Parser.checkChars(URI.java:3164) ~[?:?]
	at java.net.URI$Parser.parse(URI.java:3210) ~[?:?]
	at java.net.URI.<init>(URI.java:645) ~[?:?]
	at org.apache.poi.openxml4j.opc.PackagingURIHelper.toURI(PackagingURIHelper.java:723) ~[poi-ooxml-5.2.2.jar:5.2.2]
	at org.apache.poi.openxml4j.opc.PackageRelationshipCollection.parseRelationshipsPart(PackageRelationshipCollection.java:358) ~[poi-ooxml-5.2.2.jar:5.2.2]
	at org.apache.poi.openxml4j.opc.PackageRelationshipCollection.<init>(PackageRelationshipCollection.java:160) ~[poi-ooxml-5.2.2.jar:5.2.2]
	at org.apache.poi.openxml4j.opc.PackageRelationshipCollection.<init>(PackageRelationshipCollection.java:130) ~[poi-ooxml-5.2.2.jar:5.2.2]
	at org.apache.poi.openxml4j.opc.PackagePart.loadRelationships(PackagePart.java:565) ~[poi-ooxml-5.2.2.jar:5.2.2]
	at org.apache.poi.openxml4j.opc.OPCPackage.getParts(OPCPackage.java:745) ~[poi-ooxml-5.2.2.jar:5.2.2]
	at org.apache.poi.openxml4j.opc.OPCPackage.open(OPCPackage.java:315) ~[poi-ooxml-5.2.2.jar:5.2.2]
	at org.apache.poi.ooxml.util.PackageHelper.open(PackageHelper.java:59) ~[poi-ooxml-5.2.2.jar:5.2.2]
	at org.apache.poi.xssf.usermodel.XSSFWorkbook.<init>(XSSFWorkbook.java:289) ~[poi-ooxml-5.2.2.jar:5.2.2]
	at org.apache.poi.xssf.usermodel.XSSFWorkbook.<init>(XSSFWorkbook.java:285) ~[poi-ooxml-5.2.2.jar:5.2.2]
	at com.MOFutility.API_Excelutilities.readServiceIdFromExcel(API_Excelutilities.java:20) ~[test-classes/:?]
	at com.MOF.constants.API_URL.<clinit>(API_URL.java:151) ~[test-classes/:?]
	at com.MOFapi.MOFapi.Fetchvalid_SingleService_ValidServiceid(MOFapi.java:4891) ~[test-classes/:?]
	at jdk.internal.reflect.DirectMethodHandleAccessor.invoke(DirectMethodHandleAccessor.java:103) ~[?:?]
	at java.lang.reflect.Method.invoke(Method.java:580) ~[?:?]
	at org.testng.internal.MethodInvocationHelper.invokeMethod(MethodInvocationHelper.java:124) ~[testng-6.14.3.jar:?]
	at org.testng.internal.Invoker.invokeMethod(Invoker.java:583) ~[testng-6.14.3.jar:?]
	at org.testng.internal.Invoker.invokeTestMethod(Invoker.java:719) ~[testng-6.14.3.jar:?]
	at org.testng.internal.Invoker.invokeTestMethods(Invoker.java:989) ~[testng-6.14.3.jar:?]
	at org.testng.internal.TestMethodWorker.invokeTestMethods(TestMethodWorker.java:125) ~[testng-6.14.3.jar:?]
	at org.testng.internal.TestMethodWorker.run(TestMethodWorker.java:109) ~[testng-6.14.3.jar:?]
	at org.testng.TestRunner.privateRun(TestRunner.java:648) ~[testng-6.14.3.jar:?]
	at org.testng.TestRunner.run(TestRunner.java:505) ~[testng-6.14.3.jar:?]
	at org.testng.SuiteRunner.runTest(SuiteRunner.java:455) ~[testng-6.14.3.jar:?]
	at org.testng.SuiteRunner.runSequentially(SuiteRunner.java:450) ~[testng-6.14.3.jar:?]
	at org.testng.SuiteRunner.privateRun(SuiteRunner.java:415) ~[testng-6.14.3.jar:?]
	at org.testng.SuiteRunner.run(SuiteRunner.java:364) ~[testng-6.14.3.jar:?]
	at org.testng.SuiteRunnerWorker.runSuite(SuiteRunnerWorker.java:52) ~[testng-6.14.3.jar:?]
	at org.testng.SuiteRunnerWorker.run(SuiteRunnerWorker.java:84) ~[testng-6.14.3.jar:?]
	at org.testng.TestNG.runSuitesSequentially(TestNG.java:1208) ~[testng-6.14.3.jar:?]
	at org.testng.TestNG.runSuitesLocally(TestNG.java:1137) ~[testng-6.14.3.jar:?]
	at org.testng.TestNG.runSuites(TestNG.java:1049) ~[testng-6.14.3.jar:?]
	at org.testng.TestNG.run(TestNG.java:1017) ~[testng-6.14.3.jar:?]
	at org.apache.maven.surefire.testng.TestNGExecutor.run(TestNGExecutor.java:308) ~[surefire-testng-3.3.0.jar:3.3.0]
	at org.apache.maven.surefire.testng.TestNGXmlTestSuite.execute(TestNGXmlTestSuite.java:71) ~[surefire-testng-3.3.0.jar:3.3.0]
	at org.apache.maven.surefire.testng.TestNGProvider.invoke(TestNGProvider.java:113) ~[surefire-testng-3.3.0.jar:3.3.0]
	at org.apache.maven.surefire.booter.ForkedBooter.runSuitesInProcess(ForkedBooter.java:385) ~[surefire-booter-3.3.0.jar:3.3.0]
	at org.apache.maven.surefire.booter.ForkedBooter.execute(ForkedBooter.java:162) ~[surefire-booter-3.3.0.jar:3.3.0]
	at org.apache.maven.surefire.booter.ForkedBooter.run(ForkedBooter.java:507) ~[surefire-booter-3.3.0.jar:3.3.0]
	at org.apache.maven.surefire.booter.ForkedBooter.main(ForkedBooter.java:495) ~[surefire-booter-3.3.0.jar:3.3.0]
17:05:50.887 [main] ERROR org.apache.poi.openxml4j.opc.PackageRelationshipCollection - Cannot convert mailto:ALPHAAAAAA@@@@@!@##$$$%12344 in a valid relationship URI-> dummy-URI used
java.net.URISyntaxException: Illegal character in fragment at index 25: mailto:ALPHAAAAAA@@@@@!@##$$$%12344
	at java.net.URI$Parser.fail(URI.java:2995) ~[?:?]
	at java.net.URI$Parser.checkChars(URI.java:3166) ~[?:?]
	at java.net.URI$Parser.parse(URI.java:3210) ~[?:?]
	at java.net.URI.<init>(URI.java:645) ~[?:?]
	at org.apache.poi.openxml4j.opc.PackagingURIHelper.toURI(PackagingURIHelper.java:723) ~[poi-ooxml-5.2.2.jar:5.2.2]
	at org.apache.poi.openxml4j.opc.PackageRelationshipCollection.parseRelationshipsPart(PackageRelationshipCollection.java:358) ~[poi-ooxml-5.2.2.jar:5.2.2]
	at org.apache.poi.openxml4j.opc.PackageRelationshipCollection.<init>(PackageRelationshipCollection.java:160) ~[poi-ooxml-5.2.2.jar:5.2.2]
	at org.apache.poi.openxml4j.opc.PackageRelationshipCollection.<init>(PackageRelationshipCollection.java:130) ~[poi-ooxml-5.2.2.jar:5.2.2]
	at org.apache.poi.openxml4j.opc.PackagePart.loadRelationships(PackagePart.java:565) ~[poi-ooxml-5.2.2.jar:5.2.2]
	at org.apache.poi.openxml4j.opc.OPCPackage.getParts(OPCPackage.java:745) ~[poi-ooxml-5.2.2.jar:5.2.2]
	at org.apache.poi.openxml4j.opc.OPCPackage.open(OPCPackage.java:315) ~[poi-ooxml-5.2.2.jar:5.2.2]
	at org.apache.poi.ooxml.util.PackageHelper.open(PackageHelper.java:59) ~[poi-ooxml-5.2.2.jar:5.2.2]
	at org.apache.poi.xssf.usermodel.XSSFWorkbook.<init>(XSSFWorkbook.java:289) ~[poi-ooxml-5.2.2.jar:5.2.2]
	at org.apache.poi.xssf.usermodel.XSSFWorkbook.<init>(XSSFWorkbook.java:285) ~[poi-ooxml-5.2.2.jar:5.2.2]
	at com.MOFutility.API_Excelutilities.readServiceIdFromExcel(API_Excelutilities.java:20) ~[test-classes/:?]
	at com.MOF.constants.API_URL.<clinit>(API_URL.java:151) ~[test-classes/:?]
	at com.MOFapi.MOFapi.Fetchvalid_SingleService_ValidServiceid(MOFapi.java:4891) ~[test-classes/:?]
	at jdk.internal.reflect.DirectMethodHandleAccessor.invoke(DirectMethodHandleAccessor.java:103) ~[?:?]
	at java.lang.reflect.Method.invoke(Method.java:580) ~[?:?]
	at org.testng.internal.MethodInvocationHelper.invokeMethod(MethodInvocationHelper.java:124) ~[testng-6.14.3.jar:?]
	at org.testng.internal.Invoker.invokeMethod(Invoker.java:583) ~[testng-6.14.3.jar:?]
	at org.testng.internal.Invoker.invokeTestMethod(Invoker.java:719) ~[testng-6.14.3.jar:?]
	at org.testng.internal.Invoker.invokeTestMethods(Invoker.java:989) ~[testng-6.14.3.jar:?]
	at org.testng.internal.TestMethodWorker.invokeTestMethods(TestMethodWorker.java:125) ~[testng-6.14.3.jar:?]
	at org.testng.internal.TestMethodWorker.run(TestMethodWorker.java:109) ~[testng-6.14.3.jar:?]
	at org.testng.TestRunner.privateRun(TestRunner.java:648) ~[testng-6.14.3.jar:?]
	at org.testng.TestRunner.run(TestRunner.java:505) ~[testng-6.14.3.jar:?]
	at org.testng.SuiteRunner.runTest(SuiteRunner.java:455) ~[testng-6.14.3.jar:?]
	at org.testng.SuiteRunner.runSequentially(SuiteRunner.java:450) ~[testng-6.14.3.jar:?]
	at org.testng.SuiteRunner.privateRun(SuiteRunner.java:415) ~[testng-6.14.3.jar:?]
	at org.testng.SuiteRunner.run(SuiteRunner.java:364) ~[testng-6.14.3.jar:?]
	at org.testng.SuiteRunnerWorker.runSuite(SuiteRunnerWorker.java:52) ~[testng-6.14.3.jar:?]
	at org.testng.SuiteRunnerWorker.run(SuiteRunnerWorker.java:84) ~[testng-6.14.3.jar:?]
	at org.testng.TestNG.runSuitesSequentially(TestNG.java:1208) ~[testng-6.14.3.jar:?]
	at org.testng.TestNG.runSuitesLocally(TestNG.java:1137) ~[testng-6.14.3.jar:?]
	at org.testng.TestNG.runSuites(TestNG.java:1049) ~[testng-6.14.3.jar:?]
	at org.testng.TestNG.run(TestNG.java:1017) ~[testng-6.14.3.jar:?]
	at org.apache.maven.surefire.testng.TestNGExecutor.run(TestNGExecutor.java:308) ~[surefire-testng-3.3.0.jar:3.3.0]
	at org.apache.maven.surefire.testng.TestNGXmlTestSuite.execute(TestNGXmlTestSuite.java:71) ~[surefire-testng-3.3.0.jar:3.3.0]
	at org.apache.maven.surefire.testng.TestNGProvider.invoke(TestNGProvider.java:113) ~[surefire-testng-3.3.0.jar:3.3.0]
	at org.apache.maven.surefire.booter.ForkedBooter.runSuitesInProcess(ForkedBooter.java:385) ~[surefire-booter-3.3.0.jar:3.3.0]
	at org.apache.maven.surefire.booter.ForkedBooter.execute(ForkedBooter.java:162) ~[surefire-booter-3.3.0.jar:3.3.0]
	at org.apache.maven.surefire.booter.ForkedBooter.run(ForkedBooter.java:507) ~[surefire-booter-3.3.0.jar:3.3.0]
	at org.apache.maven.surefire.booter.ForkedBooter.main(ForkedBooter.java:495) ~[surefire-booter-3.3.0.jar:3.3.0]
17:05:50.890 [main] ERROR org.apache.poi.openxml4j.opc.PackageRelationshipCollection - Cannot convert mailto:2343456378912@#&^*gvadhfbjnf in a valid relationship URI-> dummy-URI used
java.net.URISyntaxException: Illegal character in fragment at index 23: mailto:2343456378912@#&^*gvadhfbjnf
	at java.net.URI$Parser.fail(URI.java:2995) ~[?:?]
	at java.net.URI$Parser.checkChars(URI.java:3166) ~[?:?]
	at java.net.URI$Parser.parse(URI.java:3210) ~[?:?]
	at java.net.URI.<init>(URI.java:645) ~[?:?]
	at org.apache.poi.openxml4j.opc.PackagingURIHelper.toURI(PackagingURIHelper.java:723) ~[poi-ooxml-5.2.2.jar:5.2.2]
	at org.apache.poi.openxml4j.opc.PackageRelationshipCollection.parseRelationshipsPart(PackageRelationshipCollection.java:358) ~[poi-ooxml-5.2.2.jar:5.2.2]
	at org.apache.poi.openxml4j.opc.PackageRelationshipCollection.<init>(PackageRelationshipCollection.java:160) ~[poi-ooxml-5.2.2.jar:5.2.2]
	at org.apache.poi.openxml4j.opc.PackageRelationshipCollection.<init>(PackageRelationshipCollection.java:130) ~[poi-ooxml-5.2.2.jar:5.2.2]
	at org.apache.poi.openxml4j.opc.PackagePart.loadRelationships(PackagePart.java:565) ~[poi-ooxml-5.2.2.jar:5.2.2]
	at org.apache.poi.openxml4j.opc.OPCPackage.getParts(OPCPackage.java:745) ~[poi-ooxml-5.2.2.jar:5.2.2]
	at org.apache.poi.openxml4j.opc.OPCPackage.open(OPCPackage.java:315) ~[poi-ooxml-5.2.2.jar:5.2.2]
	at org.apache.poi.ooxml.util.PackageHelper.open(PackageHelper.java:59) ~[poi-ooxml-5.2.2.jar:5.2.2]
	at org.apache.poi.xssf.usermodel.XSSFWorkbook.<init>(XSSFWorkbook.java:289) ~[poi-ooxml-5.2.2.jar:5.2.2]
	at org.apache.poi.xssf.usermodel.XSSFWorkbook.<init>(XSSFWorkbook.java:285) ~[poi-ooxml-5.2.2.jar:5.2.2]
	at com.MOFutility.API_Excelutilities.readServiceIdFromExcel(API_Excelutilities.java:20) ~[test-classes/:?]
	at com.MOF.constants.API_URL.<clinit>(API_URL.java:151) ~[test-classes/:?]
	at com.MOFapi.MOFapi.Fetchvalid_SingleService_ValidServiceid(MOFapi.java:4891) ~[test-classes/:?]
	at jdk.internal.reflect.DirectMethodHandleAccessor.invoke(DirectMethodHandleAccessor.java:103) ~[?:?]
	at java.lang.reflect.Method.invoke(Method.java:580) ~[?:?]
	at org.testng.internal.MethodInvocationHelper.invokeMethod(MethodInvocationHelper.java:124) ~[testng-6.14.3.jar:?]
	at org.testng.internal.Invoker.invokeMethod(Invoker.java:583) ~[testng-6.14.3.jar:?]
	at org.testng.internal.Invoker.invokeTestMethod(Invoker.java:719) ~[testng-6.14.3.jar:?]
	at org.testng.internal.Invoker.invokeTestMethods(Invoker.java:989) ~[testng-6.14.3.jar:?]
	at org.testng.internal.TestMethodWorker.invokeTestMethods(TestMethodWorker.java:125) ~[testng-6.14.3.jar:?]
	at org.testng.internal.TestMethodWorker.run(TestMethodWorker.java:109) ~[testng-6.14.3.jar:?]
	at org.testng.TestRunner.privateRun(TestRunner.java:648) ~[testng-6.14.3.jar:?]
	at org.testng.TestRunner.run(TestRunner.java:505) ~[testng-6.14.3.jar:?]
	at org.testng.SuiteRunner.runTest(SuiteRunner.java:455) ~[testng-6.14.3.jar:?]
	at org.testng.SuiteRunner.runSequentially(SuiteRunner.java:450) ~[testng-6.14.3.jar:?]
	at org.testng.SuiteRunner.privateRun(SuiteRunner.java:415) ~[testng-6.14.3.jar:?]
	at org.testng.SuiteRunner.run(SuiteRunner.java:364) ~[testng-6.14.3.jar:?]
	at org.testng.SuiteRunnerWorker.runSuite(SuiteRunnerWorker.java:52) ~[testng-6.14.3.jar:?]
	at org.testng.SuiteRunnerWorker.run(SuiteRunnerWorker.java:84) ~[testng-6.14.3.jar:?]
	at org.testng.TestNG.runSuitesSequentially(TestNG.java:1208) ~[testng-6.14.3.jar:?]
	at org.testng.TestNG.runSuitesLocally(TestNG.java:1137) ~[testng-6.14.3.jar:?]
	at org.testng.TestNG.runSuites(TestNG.java:1049) ~[testng-6.14.3.jar:?]
	at org.testng.TestNG.run(TestNG.java:1017) ~[testng-6.14.3.jar:?]
	at org.apache.maven.surefire.testng.TestNGExecutor.run(TestNGExecutor.java:308) ~[surefire-testng-3.3.0.jar:3.3.0]
	at org.apache.maven.surefire.testng.TestNGXmlTestSuite.execute(TestNGXmlTestSuite.java:71) ~[surefire-testng-3.3.0.jar:3.3.0]
	at org.apache.maven.surefire.testng.TestNGProvider.invoke(TestNGProvider.java:113) ~[surefire-testng-3.3.0.jar:3.3.0]
	at org.apache.maven.surefire.booter.ForkedBooter.runSuitesInProcess(ForkedBooter.java:385) ~[surefire-booter-3.3.0.jar:3.3.0]
	at org.apache.maven.surefire.booter.ForkedBooter.execute(ForkedBooter.java:162) ~[surefire-booter-3.3.0.jar:3.3.0]
	at org.apache.maven.surefire.booter.ForkedBooter.run(ForkedBooter.java:507) ~[surefire-booter-3.3.0.jar:3.3.0]
	at org.apache.maven.surefire.booter.ForkedBooter.main(ForkedBooter.java:495) ~[surefire-booter-3.3.0.jar:3.3.0]
17:05:50.960 [main] ERROR org.apache.poi.openxml4j.opc.PackageRelationshipCollection - Cannot convert mailto:ALPA@#$%^245234534 in a valid relationship URI-> dummy-URI used
java.net.URISyntaxException: Malformed escape pair at index 14: mailto:ALPA@#$%^245234534
	at java.net.URI$Parser.fail(URI.java:2995) ~[?:?]
	at java.net.URI$Parser.scanEscape(URI.java:3123) ~[?:?]
	at java.net.URI$Parser.scan(URI.java:3146) ~[?:?]
	at java.net.URI$Parser.checkChars(URI.java:3164) ~[?:?]
	at java.net.URI$Parser.parse(URI.java:3210) ~[?:?]
	at java.net.URI.<init>(URI.java:645) ~[?:?]
	at org.apache.poi.openxml4j.opc.PackagingURIHelper.toURI(PackagingURIHelper.java:723) ~[poi-ooxml-5.2.2.jar:5.2.2]
	at org.apache.poi.openxml4j.opc.PackageRelationshipCollection.parseRelationshipsPart(PackageRelationshipCollection.java:358) ~[poi-ooxml-5.2.2.jar:5.2.2]
	at org.apache.poi.openxml4j.opc.PackageRelationshipCollection.<init>(PackageRelationshipCollection.java:160) ~[poi-ooxml-5.2.2.jar:5.2.2]
	at org.apache.poi.openxml4j.opc.PackageRelationshipCollection.<init>(PackageRelationshipCollection.java:130) ~[poi-ooxml-5.2.2.jar:5.2.2]
	at org.apache.poi.openxml4j.opc.PackagePart.loadRelationships(PackagePart.java:565) ~[poi-ooxml-5.2.2.jar:5.2.2]
	at org.apache.poi.openxml4j.opc.OPCPackage.getParts(OPCPackage.java:745) ~[poi-ooxml-5.2.2.jar:5.2.2]
	at org.apache.poi.openxml4j.opc.OPCPackage.open(OPCPackage.java:315) ~[poi-ooxml-5.2.2.jar:5.2.2]
	at org.apache.poi.ooxml.util.PackageHelper.open(PackageHelper.java:59) ~[poi-ooxml-5.2.2.jar:5.2.2]
	at org.apache.poi.xssf.usermodel.XSSFWorkbook.<init>(XSSFWorkbook.java:289) ~[poi-ooxml-5.2.2.jar:5.2.2]
	at org.apache.poi.xssf.usermodel.XSSFWorkbook.<init>(XSSFWorkbook.java:285) ~[poi-ooxml-5.2.2.jar:5.2.2]
	at com.MOFutility.API_Excelutilities.readServiceIdFromExcel(API_Excelutilities.java:20) ~[test-classes/:?]
	at com.MOF.constants.API_URL.<clinit>(API_URL.java:152) ~[test-classes/:?]
	at com.MOFapi.MOFapi.Fetchvalid_SingleService_ValidServiceid(MOFapi.java:4891) ~[test-classes/:?]
	at jdk.internal.reflect.DirectMethodHandleAccessor.invoke(DirectMethodHandleAccessor.java:103) ~[?:?]
	at java.lang.reflect.Method.invoke(Method.java:580) ~[?:?]
	at org.testng.internal.MethodInvocationHelper.invokeMethod(MethodInvocationHelper.java:124) ~[testng-6.14.3.jar:?]
	at org.testng.internal.Invoker.invokeMethod(Invoker.java:583) ~[testng-6.14.3.jar:?]
	at org.testng.internal.Invoker.invokeTestMethod(Invoker.java:719) ~[testng-6.14.3.jar:?]
	at org.testng.internal.Invoker.invokeTestMethods(Invoker.java:989) ~[testng-6.14.3.jar:?]
	at org.testng.internal.TestMethodWorker.invokeTestMethods(TestMethodWorker.java:125) ~[testng-6.14.3.jar:?]
	at org.testng.internal.TestMethodWorker.run(TestMethodWorker.java:109) ~[testng-6.14.3.jar:?]
	at org.testng.TestRunner.privateRun(TestRunner.java:648) ~[testng-6.14.3.jar:?]
	at org.testng.TestRunner.run(TestRunner.java:505) ~[testng-6.14.3.jar:?]
	at org.testng.SuiteRunner.runTest(SuiteRunner.java:455) ~[testng-6.14.3.jar:?]
	at org.testng.SuiteRunner.runSequentially(SuiteRunner.java:450) ~[testng-6.14.3.jar:?]
	at org.testng.SuiteRunner.privateRun(SuiteRunner.java:415) ~[testng-6.14.3.jar:?]
	at org.testng.SuiteRunner.run(SuiteRunner.java:364) ~[testng-6.14.3.jar:?]
	at org.testng.SuiteRunnerWorker.runSuite(SuiteRunnerWorker.java:52) ~[testng-6.14.3.jar:?]
	at org.testng.SuiteRunnerWorker.run(SuiteRunnerWorker.java:84) ~[testng-6.14.3.jar:?]
	at org.testng.TestNG.runSuitesSequentially(TestNG.java:1208) ~[testng-6.14.3.jar:?]
	at org.testng.TestNG.runSuitesLocally(TestNG.java:1137) ~[testng-6.14.3.jar:?]
	at org.testng.TestNG.runSuites(TestNG.java:1049) ~[testng-6.14.3.jar:?]
	at org.testng.TestNG.run(TestNG.java:1017) ~[testng-6.14.3.jar:?]
	at org.apache.maven.surefire.testng.TestNGExecutor.run(TestNGExecutor.java:308) ~[surefire-testng-3.3.0.jar:3.3.0]
	at org.apache.maven.surefire.testng.TestNGXmlTestSuite.execute(TestNGXmlTestSuite.java:71) ~[surefire-testng-3.3.0.jar:3.3.0]
	at org.apache.maven.surefire.testng.TestNGProvider.invoke(TestNGProvider.java:113) ~[surefire-testng-3.3.0.jar:3.3.0]
	at org.apache.maven.surefire.booter.ForkedBooter.runSuitesInProcess(ForkedBooter.java:385) ~[surefire-booter-3.3.0.jar:3.3.0]
	at org.apache.maven.surefire.booter.ForkedBooter.execute(ForkedBooter.java:162) ~[surefire-booter-3.3.0.jar:3.3.0]
	at org.apache.maven.surefire.booter.ForkedBooter.run(ForkedBooter.java:507) ~[surefire-booter-3.3.0.jar:3.3.0]
	at org.apache.maven.surefire.booter.ForkedBooter.main(ForkedBooter.java:495) ~[surefire-booter-3.3.0.jar:3.3.0]
17:05:50.961 [main] ERROR org.apache.poi.openxml4j.opc.PackageRelationshipCollection - Cannot convert mailto:ALPHAAAAAA@@@@@!@##$$$%12344 in a valid relationship URI-> dummy-URI used
java.net.URISyntaxException: Illegal character in fragment at index 25: mailto:ALPHAAAAAA@@@@@!@##$$$%12344
	at java.net.URI$Parser.fail(URI.java:2995) ~[?:?]
	at java.net.URI$Parser.checkChars(URI.java:3166) ~[?:?]
	at java.net.URI$Parser.parse(URI.java:3210) ~[?:?]
	at java.net.URI.<init>(URI.java:645) ~[?:?]
	at org.apache.poi.openxml4j.opc.PackagingURIHelper.toURI(PackagingURIHelper.java:723) ~[poi-ooxml-5.2.2.jar:5.2.2]
	at org.apache.poi.openxml4j.opc.PackageRelationshipCollection.parseRelationshipsPart(PackageRelationshipCollection.java:358) ~[poi-ooxml-5.2.2.jar:5.2.2]
	at org.apache.poi.openxml4j.opc.PackageRelationshipCollection.<init>(PackageRelationshipCollection.java:160) ~[poi-ooxml-5.2.2.jar:5.2.2]
	at org.apache.poi.openxml4j.opc.PackageRelationshipCollection.<init>(PackageRelationshipCollection.java:130) ~[poi-ooxml-5.2.2.jar:5.2.2]
	at org.apache.poi.openxml4j.opc.PackagePart.loadRelationships(PackagePart.java:565) ~[poi-ooxml-5.2.2.jar:5.2.2]
	at org.apache.poi.openxml4j.opc.OPCPackage.getParts(OPCPackage.java:745) ~[poi-ooxml-5.2.2.jar:5.2.2]
	at org.apache.poi.openxml4j.opc.OPCPackage.open(OPCPackage.java:315) ~[poi-ooxml-5.2.2.jar:5.2.2]
	at org.apache.poi.ooxml.util.PackageHelper.open(PackageHelper.java:59) ~[poi-ooxml-5.2.2.jar:5.2.2]
	at org.apache.poi.xssf.usermodel.XSSFWorkbook.<init>(XSSFWorkbook.java:289) ~[poi-ooxml-5.2.2.jar:5.2.2]
	at org.apache.poi.xssf.usermodel.XSSFWorkbook.<init>(XSSFWorkbook.java:285) ~[poi-ooxml-5.2.2.jar:5.2.2]
	at com.MOFutility.API_Excelutilities.readServiceIdFromExcel(API_Excelutilities.java:20) ~[test-classes/:?]
	at com.MOF.constants.API_URL.<clinit>(API_URL.java:152) ~[test-classes/:?]
	at com.MOFapi.MOFapi.Fetchvalid_SingleService_ValidServiceid(MOFapi.java:4891) ~[test-classes/:?]
	at jdk.internal.reflect.DirectMethodHandleAccessor.invoke(DirectMethodHandleAccessor.java:103) ~[?:?]
	at java.lang.reflect.Method.invoke(Method.java:580) ~[?:?]
	at org.testng.internal.MethodInvocationHelper.invokeMethod(MethodInvocationHelper.java:124) ~[testng-6.14.3.jar:?]
	at org.testng.internal.Invoker.invokeMethod(Invoker.java:583) ~[testng-6.14.3.jar:?]
	at org.testng.internal.Invoker.invokeTestMethod(Invoker.java:719) ~[testng-6.14.3.jar:?]
	at org.testng.internal.Invoker.invokeTestMethods(Invoker.java:989) ~[testng-6.14.3.jar:?]
	at org.testng.internal.TestMethodWorker.invokeTestMethods(TestMethodWorker.java:125) ~[testng-6.14.3.jar:?]
	at org.testng.internal.TestMethodWorker.run(TestMethodWorker.java:109) ~[testng-6.14.3.jar:?]
	at org.testng.TestRunner.privateRun(TestRunner.java:648) ~[testng-6.14.3.jar:?]
	at org.testng.TestRunner.run(TestRunner.java:505) ~[testng-6.14.3.jar:?]
	at org.testng.SuiteRunner.runTest(SuiteRunner.java:455) ~[testng-6.14.3.jar:?]
	at org.testng.SuiteRunner.runSequentially(SuiteRunner.java:450) ~[testng-6.14.3.jar:?]
	at org.testng.SuiteRunner.privateRun(SuiteRunner.java:415) ~[testng-6.14.3.jar:?]
	at org.testng.SuiteRunner.run(SuiteRunner.java:364) ~[testng-6.14.3.jar:?]
	at org.testng.SuiteRunnerWorker.runSuite(SuiteRunnerWorker.java:52) ~[testng-6.14.3.jar:?]
	at org.testng.SuiteRunnerWorker.run(SuiteRunnerWorker.java:84) ~[testng-6.14.3.jar:?]
	at org.testng.TestNG.runSuitesSequentially(TestNG.java:1208) ~[testng-6.14.3.jar:?]
	at org.testng.TestNG.runSuitesLocally(TestNG.java:1137) ~[testng-6.14.3.jar:?]
	at org.testng.TestNG.runSuites(TestNG.java:1049) ~[testng-6.14.3.jar:?]
	at org.testng.TestNG.run(TestNG.java:1017) ~[testng-6.14.3.jar:?]
	at org.apache.maven.surefire.testng.TestNGExecutor.run(TestNGExecutor.java:308) ~[surefire-testng-3.3.0.jar:3.3.0]
	at org.apache.maven.surefire.testng.TestNGXmlTestSuite.execute(TestNGXmlTestSuite.java:71) ~[surefire-testng-3.3.0.jar:3.3.0]
	at org.apache.maven.surefire.testng.TestNGProvider.invoke(TestNGProvider.java:113) ~[surefire-testng-3.3.0.jar:3.3.0]
	at org.apache.maven.surefire.booter.ForkedBooter.runSuitesInProcess(ForkedBooter.java:385) ~[surefire-booter-3.3.0.jar:3.3.0]
	at org.apache.maven.surefire.booter.ForkedBooter.execute(ForkedBooter.java:162) ~[surefire-booter-3.3.0.jar:3.3.0]
	at org.apache.maven.surefire.booter.ForkedBooter.run(ForkedBooter.java:507) ~[surefire-booter-3.3.0.jar:3.3.0]
	at org.apache.maven.surefire.booter.ForkedBooter.main(ForkedBooter.java:495) ~[surefire-booter-3.3.0.jar:3.3.0]
17:05:50.962 [main] ERROR org.apache.poi.openxml4j.opc.PackageRelationshipCollection - Cannot convert mailto:2343456378912@#&^*gvadhfbjnf in a valid relationship URI-> dummy-URI used
java.net.URISyntaxException: Illegal character in fragment at index 23: mailto:2343456378912@#&^*gvadhfbjnf
	at java.net.URI$Parser.fail(URI.java:2995) ~[?:?]
	at java.net.URI$Parser.checkChars(URI.java:3166) ~[?:?]
	at java.net.URI$Parser.parse(URI.java:3210) ~[?:?]
	at java.net.URI.<init>(URI.java:645) ~[?:?]
	at org.apache.poi.openxml4j.opc.PackagingURIHelper.toURI(PackagingURIHelper.java:723) ~[poi-ooxml-5.2.2.jar:5.2.2]
	at org.apache.poi.openxml4j.opc.PackageRelationshipCollection.parseRelationshipsPart(PackageRelationshipCollection.java:358) ~[poi-ooxml-5.2.2.jar:5.2.2]
	at org.apache.poi.openxml4j.opc.PackageRelationshipCollection.<init>(PackageRelationshipCollection.java:160) ~[poi-ooxml-5.2.2.jar:5.2.2]
	at org.apache.poi.openxml4j.opc.PackageRelationshipCollection.<init>(PackageRelationshipCollection.java:130) ~[poi-ooxml-5.2.2.jar:5.2.2]
	at org.apache.poi.openxml4j.opc.PackagePart.loadRelationships(PackagePart.java:565) ~[poi-ooxml-5.2.2.jar:5.2.2]
	at org.apache.poi.openxml4j.opc.OPCPackage.getParts(OPCPackage.java:745) ~[poi-ooxml-5.2.2.jar:5.2.2]
	at org.apache.poi.openxml4j.opc.OPCPackage.open(OPCPackage.java:315) ~[poi-ooxml-5.2.2.jar:5.2.2]
	at org.apache.poi.ooxml.util.PackageHelper.open(PackageHelper.java:59) ~[poi-ooxml-5.2.2.jar:5.2.2]
	at org.apache.poi.xssf.usermodel.XSSFWorkbook.<init>(XSSFWorkbook.java:289) ~[poi-ooxml-5.2.2.jar:5.2.2]
	at org.apache.poi.xssf.usermodel.XSSFWorkbook.<init>(XSSFWorkbook.java:285) ~[poi-ooxml-5.2.2.jar:5.2.2]
	at com.MOFutility.API_Excelutilities.readServiceIdFromExcel(API_Excelutilities.java:20) ~[test-classes/:?]
	at com.MOF.constants.API_URL.<clinit>(API_URL.java:152) ~[test-classes/:?]
	at com.MOFapi.MOFapi.Fetchvalid_SingleService_ValidServiceid(MOFapi.java:4891) ~[test-classes/:?]
	at jdk.internal.reflect.DirectMethodHandleAccessor.invoke(DirectMethodHandleAccessor.java:103) ~[?:?]
	at java.lang.reflect.Method.invoke(Method.java:580) ~[?:?]
	at org.testng.internal.MethodInvocationHelper.invokeMethod(MethodInvocationHelper.java:124) ~[testng-6.14.3.jar:?]
	at org.testng.internal.Invoker.invokeMethod(Invoker.java:583) ~[testng-6.14.3.jar:?]
	at org.testng.internal.Invoker.invokeTestMethod(Invoker.java:719) ~[testng-6.14.3.jar:?]
	at org.testng.internal.Invoker.invokeTestMethods(Invoker.java:989) ~[testng-6.14.3.jar:?]
	at org.testng.internal.TestMethodWorker.invokeTestMethods(TestMethodWorker.java:125) ~[testng-6.14.3.jar:?]
	at org.testng.internal.TestMethodWorker.run(TestMethodWorker.java:109) ~[testng-6.14.3.jar:?]
	at org.testng.TestRunner.privateRun(TestRunner.java:648) ~[testng-6.14.3.jar:?]
	at org.testng.TestRunner.run(TestRunner.java:505) ~[testng-6.14.3.jar:?]
	at org.testng.SuiteRunner.runTest(SuiteRunner.java:455) ~[testng-6.14.3.jar:?]
	at org.testng.SuiteRunner.runSequentially(SuiteRunner.java:450) ~[testng-6.14.3.jar:?]
	at org.testng.SuiteRunner.privateRun(SuiteRunner.java:415) ~[testng-6.14.3.jar:?]
	at org.testng.SuiteRunner.run(SuiteRunner.java:364) ~[testng-6.14.3.jar:?]
	at org.testng.SuiteRunnerWorker.runSuite(SuiteRunnerWorker.java:52) ~[testng-6.14.3.jar:?]
	at org.testng.SuiteRunnerWorker.run(SuiteRunnerWorker.java:84) ~[testng-6.14.3.jar:?]
	at org.testng.TestNG.runSuitesSequentially(TestNG.java:1208) ~[testng-6.14.3.jar:?]
	at org.testng.TestNG.runSuitesLocally(TestNG.java:1137) ~[testng-6.14.3.jar:?]
	at org.testng.TestNG.runSuites(TestNG.java:1049) ~[testng-6.14.3.jar:?]
	at org.testng.TestNG.run(TestNG.java:1017) ~[testng-6.14.3.jar:?]
	at org.apache.maven.surefire.testng.TestNGExecutor.run(TestNGExecutor.java:308) ~[surefire-testng-3.3.0.jar:3.3.0]
	at org.apache.maven.surefire.testng.TestNGXmlTestSuite.execute(TestNGXmlTestSuite.java:71) ~[surefire-testng-3.3.0.jar:3.3.0]
	at org.apache.maven.surefire.testng.TestNGProvider.invoke(TestNGProvider.java:113) ~[surefire-testng-3.3.0.jar:3.3.0]
	at org.apache.maven.surefire.booter.ForkedBooter.runSuitesInProcess(ForkedBooter.java:385) ~[surefire-booter-3.3.0.jar:3.3.0]
	at org.apache.maven.surefire.booter.ForkedBooter.execute(ForkedBooter.java:162) ~[surefire-booter-3.3.0.jar:3.3.0]
	at org.apache.maven.surefire.booter.ForkedBooter.run(ForkedBooter.java:507) ~[surefire-booter-3.3.0.jar:3.3.0]
	at org.apache.maven.surefire.booter.ForkedBooter.main(ForkedBooter.java:495) ~[surefire-booter-3.3.0.jar:3.3.0]
17:05:51.036 [main] ERROR org.apache.poi.openxml4j.opc.PackageRelationshipCollection - Cannot convert mailto:ALPA@#$%^245234534 in a valid relationship URI-> dummy-URI used
java.net.URISyntaxException: Malformed escape pair at index 14: mailto:ALPA@#$%^245234534
	at java.net.URI$Parser.fail(URI.java:2995) ~[?:?]
	at java.net.URI$Parser.scanEscape(URI.java:3123) ~[?:?]
	at java.net.URI$Parser.scan(URI.java:3146) ~[?:?]
	at java.net.URI$Parser.checkChars(URI.java:3164) ~[?:?]
	at java.net.URI$Parser.parse(URI.java:3210) ~[?:?]
	at java.net.URI.<init>(URI.java:645) ~[?:?]
	at org.apache.poi.openxml4j.opc.PackagingURIHelper.toURI(PackagingURIHelper.java:723) ~[poi-ooxml-5.2.2.jar:5.2.2]
	at org.apache.poi.openxml4j.opc.PackageRelationshipCollection.parseRelationshipsPart(PackageRelationshipCollection.java:358) ~[poi-ooxml-5.2.2.jar:5.2.2]
	at org.apache.poi.openxml4j.opc.PackageRelationshipCollection.<init>(PackageRelationshipCollection.java:160) ~[poi-ooxml-5.2.2.jar:5.2.2]
	at org.apache.poi.openxml4j.opc.PackageRelationshipCollection.<init>(PackageRelationshipCollection.java:130) ~[poi-ooxml-5.2.2.jar:5.2.2]
	at org.apache.poi.openxml4j.opc.PackagePart.loadRelationships(PackagePart.java:565) ~[poi-ooxml-5.2.2.jar:5.2.2]
	at org.apache.poi.openxml4j.opc.OPCPackage.getParts(OPCPackage.java:745) ~[poi-ooxml-5.2.2.jar:5.2.2]
	at org.apache.poi.openxml4j.opc.OPCPackage.open(OPCPackage.java:315) ~[poi-ooxml-5.2.2.jar:5.2.2]
	at org.apache.poi.ooxml.util.PackageHelper.open(PackageHelper.java:59) ~[poi-ooxml-5.2.2.jar:5.2.2]
	at org.apache.poi.xssf.usermodel.XSSFWorkbook.<init>(XSSFWorkbook.java:289) ~[poi-ooxml-5.2.2.jar:5.2.2]
	at org.apache.poi.xssf.usermodel.XSSFWorkbook.<init>(XSSFWorkbook.java:285) ~[poi-ooxml-5.2.2.jar:5.2.2]
	at com.MOFutility.API_Excelutilities.readServiceIdFromExcel(API_Excelutilities.java:20) ~[test-classes/:?]
	at com.MOF.constants.API_URL.<clinit>(API_URL.java:153) ~[test-classes/:?]
	at com.MOFapi.MOFapi.Fetchvalid_SingleService_ValidServiceid(MOFapi.java:4891) ~[test-classes/:?]
	at jdk.internal.reflect.DirectMethodHandleAccessor.invoke(DirectMethodHandleAccessor.java:103) ~[?:?]
	at java.lang.reflect.Method.invoke(Method.java:580) ~[?:?]
	at org.testng.internal.MethodInvocationHelper.invokeMethod(MethodInvocationHelper.java:124) ~[testng-6.14.3.jar:?]
	at org.testng.internal.Invoker.invokeMethod(Invoker.java:583) ~[testng-6.14.3.jar:?]
	at org.testng.internal.Invoker.invokeTestMethod(Invoker.java:719) ~[testng-6.14.3.jar:?]
	at org.testng.internal.Invoker.invokeTestMethods(Invoker.java:989) ~[testng-6.14.3.jar:?]
	at org.testng.internal.TestMethodWorker.invokeTestMethods(TestMethodWorker.java:125) ~[testng-6.14.3.jar:?]
	at org.testng.internal.TestMethodWorker.run(TestMethodWorker.java:109) ~[testng-6.14.3.jar:?]
	at org.testng.TestRunner.privateRun(TestRunner.java:648) ~[testng-6.14.3.jar:?]
	at org.testng.TestRunner.run(TestRunner.java:505) ~[testng-6.14.3.jar:?]
	at org.testng.SuiteRunner.runTest(SuiteRunner.java:455) ~[testng-6.14.3.jar:?]
	at org.testng.SuiteRunner.runSequentially(SuiteRunner.java:450) ~[testng-6.14.3.jar:?]
	at org.testng.SuiteRunner.privateRun(SuiteRunner.java:415) ~[testng-6.14.3.jar:?]
	at org.testng.SuiteRunner.run(SuiteRunner.java:364) ~[testng-6.14.3.jar:?]
	at org.testng.SuiteRunnerWorker.runSuite(SuiteRunnerWorker.java:52) ~[testng-6.14.3.jar:?]
	at org.testng.SuiteRunnerWorker.run(SuiteRunnerWorker.java:84) ~[testng-6.14.3.jar:?]
	at org.testng.TestNG.runSuitesSequentially(TestNG.java:1208) ~[testng-6.14.3.jar:?]
	at org.testng.TestNG.runSuitesLocally(TestNG.java:1137) ~[testng-6.14.3.jar:?]
	at org.testng.TestNG.runSuites(TestNG.java:1049) ~[testng-6.14.3.jar:?]
	at org.testng.TestNG.run(TestNG.java:1017) ~[testng-6.14.3.jar:?]
	at org.apache.maven.surefire.testng.TestNGExecutor.run(TestNGExecutor.java:308) ~[surefire-testng-3.3.0.jar:3.3.0]
	at org.apache.maven.surefire.testng.TestNGXmlTestSuite.execute(TestNGXmlTestSuite.java:71) ~[surefire-testng-3.3.0.jar:3.3.0]
	at org.apache.maven.surefire.testng.TestNGProvider.invoke(TestNGProvider.java:113) ~[surefire-testng-3.3.0.jar:3.3.0]
	at org.apache.maven.surefire.booter.ForkedBooter.runSuitesInProcess(ForkedBooter.java:385) ~[surefire-booter-3.3.0.jar:3.3.0]
	at org.apache.maven.surefire.booter.ForkedBooter.execute(ForkedBooter.java:162) ~[surefire-booter-3.3.0.jar:3.3.0]
	at org.apache.maven.surefire.booter.ForkedBooter.run(ForkedBooter.java:507) ~[surefire-booter-3.3.0.jar:3.3.0]
	at org.apache.maven.surefire.booter.ForkedBooter.main(ForkedBooter.java:495) ~[surefire-booter-3.3.0.jar:3.3.0]
17:05:51.037 [main] ERROR org.apache.poi.openxml4j.opc.PackageRelationshipCollection - Cannot convert mailto:ALPHAAAAAA@@@@@!@##$$$%12344 in a valid relationship URI-> dummy-URI used
java.net.URISyntaxException: Illegal character in fragment at index 25: mailto:ALPHAAAAAA@@@@@!@##$$$%12344
	at java.net.URI$Parser.fail(URI.java:2995) ~[?:?]
	at java.net.URI$Parser.checkChars(URI.java:3166) ~[?:?]
	at java.net.URI$Parser.parse(URI.java:3210) ~[?:?]
	at java.net.URI.<init>(URI.java:645) ~[?:?]
	at org.apache.poi.openxml4j.opc.PackagingURIHelper.toURI(PackagingURIHelper.java:723) ~[poi-ooxml-5.2.2.jar:5.2.2]
	at org.apache.poi.openxml4j.opc.PackageRelationshipCollection.parseRelationshipsPart(PackageRelationshipCollection.java:358) ~[poi-ooxml-5.2.2.jar:5.2.2]
	at org.apache.poi.openxml4j.opc.PackageRelationshipCollection.<init>(PackageRelationshipCollection.java:160) ~[poi-ooxml-5.2.2.jar:5.2.2]
	at org.apache.poi.openxml4j.opc.PackageRelationshipCollection.<init>(PackageRelationshipCollection.java:130) ~[poi-ooxml-5.2.2.jar:5.2.2]
	at org.apache.poi.openxml4j.opc.PackagePart.loadRelationships(PackagePart.java:565) ~[poi-ooxml-5.2.2.jar:5.2.2]
	at org.apache.poi.openxml4j.opc.OPCPackage.getParts(OPCPackage.java:745) ~[poi-ooxml-5.2.2.jar:5.2.2]
	at org.apache.poi.openxml4j.opc.OPCPackage.open(OPCPackage.java:315) ~[poi-ooxml-5.2.2.jar:5.2.2]
	at org.apache.poi.ooxml.util.PackageHelper.open(PackageHelper.java:59) ~[poi-ooxml-5.2.2.jar:5.2.2]
	at org.apache.poi.xssf.usermodel.XSSFWorkbook.<init>(XSSFWorkbook.java:289) ~[poi-ooxml-5.2.2.jar:5.2.2]
	at org.apache.poi.xssf.usermodel.XSSFWorkbook.<init>(XSSFWorkbook.java:285) ~[poi-ooxml-5.2.2.jar:5.2.2]
	at com.MOFutility.API_Excelutilities.readServiceIdFromExcel(API_Excelutilities.java:20) ~[test-classes/:?]
	at com.MOF.constants.API_URL.<clinit>(API_URL.java:153) ~[test-classes/:?]
	at com.MOFapi.MOFapi.Fetchvalid_SingleService_ValidServiceid(MOFapi.java:4891) ~[test-classes/:?]
	at jdk.internal.reflect.DirectMethodHandleAccessor.invoke(DirectMethodHandleAccessor.java:103) ~[?:?]
	at java.lang.reflect.Method.invoke(Method.java:580) ~[?:?]
	at org.testng.internal.MethodInvocationHelper.invokeMethod(MethodInvocationHelper.java:124) ~[testng-6.14.3.jar:?]
	at org.testng.internal.Invoker.invokeMethod(Invoker.java:583) ~[testng-6.14.3.jar:?]
	at org.testng.internal.Invoker.invokeTestMethod(Invoker.java:719) ~[testng-6.14.3.jar:?]
	at org.testng.internal.Invoker.invokeTestMethods(Invoker.java:989) ~[testng-6.14.3.jar:?]
	at org.testng.internal.TestMethodWorker.invokeTestMethods(TestMethodWorker.java:125) ~[testng-6.14.3.jar:?]
	at org.testng.internal.TestMethodWorker.run(TestMethodWorker.java:109) ~[testng-6.14.3.jar:?]
	at org.testng.TestRunner.privateRun(TestRunner.java:648) ~[testng-6.14.3.jar:?]
	at org.testng.TestRunner.run(TestRunner.java:505) ~[testng-6.14.3.jar:?]
	at org.testng.SuiteRunner.runTest(SuiteRunner.java:455) ~[testng-6.14.3.jar:?]
	at org.testng.SuiteRunner.runSequentially(SuiteRunner.java:450) ~[testng-6.14.3.jar:?]
	at org.testng.SuiteRunner.privateRun(SuiteRunner.java:415) ~[testng-6.14.3.jar:?]
	at org.testng.SuiteRunner.run(SuiteRunner.java:364) ~[testng-6.14.3.jar:?]
	at org.testng.SuiteRunnerWorker.runSuite(SuiteRunnerWorker.java:52) ~[testng-6.14.3.jar:?]
	at org.testng.SuiteRunnerWorker.run(SuiteRunnerWorker.java:84) ~[testng-6.14.3.jar:?]
	at org.testng.TestNG.runSuitesSequentially(TestNG.java:1208) ~[testng-6.14.3.jar:?]
	at org.testng.TestNG.runSuitesLocally(TestNG.java:1137) ~[testng-6.14.3.jar:?]
	at org.testng.TestNG.runSuites(TestNG.java:1049) ~[testng-6.14.3.jar:?]
	at org.testng.TestNG.run(TestNG.java:1017) ~[testng-6.14.3.jar:?]
	at org.apache.maven.surefire.testng.TestNGExecutor.run(TestNGExecutor.java:308) ~[surefire-testng-3.3.0.jar:3.3.0]
	at org.apache.maven.surefire.testng.TestNGXmlTestSuite.execute(TestNGXmlTestSuite.java:71) ~[surefire-testng-3.3.0.jar:3.3.0]
	at org.apache.maven.surefire.testng.TestNGProvider.invoke(TestNGProvider.java:113) ~[surefire-testng-3.3.0.jar:3.3.0]
	at org.apache.maven.surefire.booter.ForkedBooter.runSuitesInProcess(ForkedBooter.java:385) ~[surefire-booter-3.3.0.jar:3.3.0]
	at org.apache.maven.surefire.booter.ForkedBooter.execute(ForkedBooter.java:162) ~[surefire-booter-3.3.0.jar:3.3.0]
	at org.apache.maven.surefire.booter.ForkedBooter.run(ForkedBooter.java:507) ~[surefire-booter-3.3.0.jar:3.3.0]
	at org.apache.maven.surefire.booter.ForkedBooter.main(ForkedBooter.java:495) ~[surefire-booter-3.3.0.jar:3.3.0]
17:05:51.037 [main] ERROR org.apache.poi.openxml4j.opc.PackageRelationshipCollection - Cannot convert mailto:2343456378912@#&^*gvadhfbjnf in a valid relationship URI-> dummy-URI used
java.net.URISyntaxException: Illegal character in fragment at index 23: mailto:2343456378912@#&^*gvadhfbjnf
	at java.net.URI$Parser.fail(URI.java:2995) ~[?:?]
	at java.net.URI$Parser.checkChars(URI.java:3166) ~[?:?]
	at java.net.URI$Parser.parse(URI.java:3210) ~[?:?]
	at java.net.URI.<init>(URI.java:645) ~[?:?]
	at org.apache.poi.openxml4j.opc.PackagingURIHelper.toURI(PackagingURIHelper.java:723) ~[poi-ooxml-5.2.2.jar:5.2.2]
	at org.apache.poi.openxml4j.opc.PackageRelationshipCollection.parseRelationshipsPart(PackageRelationshipCollection.java:358) ~[poi-ooxml-5.2.2.jar:5.2.2]
	at org.apache.poi.openxml4j.opc.PackageRelationshipCollection.<init>(PackageRelationshipCollection.java:160) ~[poi-ooxml-5.2.2.jar:5.2.2]
	at org.apache.poi.openxml4j.opc.PackageRelationshipCollection.<init>(PackageRelationshipCollection.java:130) ~[poi-ooxml-5.2.2.jar:5.2.2]
	at org.apache.poi.openxml4j.opc.PackagePart.loadRelationships(PackagePart.java:565) ~[poi-ooxml-5.2.2.jar:5.2.2]
	at org.apache.poi.openxml4j.opc.OPCPackage.getParts(OPCPackage.java:745) ~[poi-ooxml-5.2.2.jar:5.2.2]
	at org.apache.poi.openxml4j.opc.OPCPackage.open(OPCPackage.java:315) ~[poi-ooxml-5.2.2.jar:5.2.2]
	at org.apache.poi.ooxml.util.PackageHelper.open(PackageHelper.java:59) ~[poi-ooxml-5.2.2.jar:5.2.2]
	at org.apache.poi.xssf.usermodel.XSSFWorkbook.<init>(XSSFWorkbook.java:289) ~[poi-ooxml-5.2.2.jar:5.2.2]
	at org.apache.poi.xssf.usermodel.XSSFWorkbook.<init>(XSSFWorkbook.java:285) ~[poi-ooxml-5.2.2.jar:5.2.2]
	at com.MOFutility.API_Excelutilities.readServiceIdFromExcel(API_Excelutilities.java:20) ~[test-classes/:?]
	at com.MOF.constants.API_URL.<clinit>(API_URL.java:153) ~[test-classes/:?]
	at com.MOFapi.MOFapi.Fetchvalid_SingleService_ValidServiceid(MOFapi.java:4891) ~[test-classes/:?]
	at jdk.internal.reflect.DirectMethodHandleAccessor.invoke(DirectMethodHandleAccessor.java:103) ~[?:?]
	at java.lang.reflect.Method.invoke(Method.java:580) ~[?:?]
	at org.testng.internal.MethodInvocationHelper.invokeMethod(MethodInvocationHelper.java:124) ~[testng-6.14.3.jar:?]
	at org.testng.internal.Invoker.invokeMethod(Invoker.java:583) ~[testng-6.14.3.jar:?]
	at org.testng.internal.Invoker.invokeTestMethod(Invoker.java:719) ~[testng-6.14.3.jar:?]
	at org.testng.internal.Invoker.invokeTestMethods(Invoker.java:989) ~[testng-6.14.3.jar:?]
	at org.testng.internal.TestMethodWorker.invokeTestMethods(TestMethodWorker.java:125) ~[testng-6.14.3.jar:?]
	at org.testng.internal.TestMethodWorker.run(TestMethodWorker.java:109) ~[testng-6.14.3.jar:?]
	at org.testng.TestRunner.privateRun(TestRunner.java:648) ~[testng-6.14.3.jar:?]
	at org.testng.TestRunner.run(TestRunner.java:505) ~[testng-6.14.3.jar:?]
	at org.testng.SuiteRunner.runTest(SuiteRunner.java:455) ~[testng-6.14.3.jar:?]
	at org.testng.SuiteRunner.runSequentially(SuiteRunner.java:450) ~[testng-6.14.3.jar:?]
	at org.testng.SuiteRunner.privateRun(SuiteRunner.java:415) ~[testng-6.14.3.jar:?]
	at org.testng.SuiteRunner.run(SuiteRunner.java:364) ~[testng-6.14.3.jar:?]
	at org.testng.SuiteRunnerWorker.runSuite(SuiteRunnerWorker.java:52) ~[testng-6.14.3.jar:?]
	at org.testng.SuiteRunnerWorker.run(SuiteRunnerWorker.java:84) ~[testng-6.14.3.jar:?]
	at org.testng.TestNG.runSuitesSequentially(TestNG.java:1208) ~[testng-6.14.3.jar:?]
	at org.testng.TestNG.runSuitesLocally(TestNG.java:1137) ~[testng-6.14.3.jar:?]
	at org.testng.TestNG.runSuites(TestNG.java:1049) ~[testng-6.14.3.jar:?]
	at org.testng.TestNG.run(TestNG.java:1017) ~[testng-6.14.3.jar:?]
	at org.apache.maven.surefire.testng.TestNGExecutor.run(TestNGExecutor.java:308) ~[surefire-testng-3.3.0.jar:3.3.0]
	at org.apache.maven.surefire.testng.TestNGXmlTestSuite.execute(TestNGXmlTestSuite.java:71) ~[surefire-testng-3.3.0.jar:3.3.0]
	at org.apache.maven.surefire.testng.TestNGProvider.invoke(TestNGProvider.java:113) ~[surefire-testng-3.3.0.jar:3.3.0]
	at org.apache.maven.surefire.booter.ForkedBooter.runSuitesInProcess(ForkedBooter.java:385) ~[surefire-booter-3.3.0.jar:3.3.0]
	at org.apache.maven.surefire.booter.ForkedBooter.execute(ForkedBooter.java:162) ~[surefire-booter-3.3.0.jar:3.3.0]
	at org.apache.maven.surefire.booter.ForkedBooter.run(ForkedBooter.java:507) ~[surefire-booter-3.3.0.jar:3.3.0]
	at org.apache.maven.surefire.booter.ForkedBooter.main(ForkedBooter.java:495) ~[surefire-booter-3.3.0.jar:3.3.0]
17:05:51.095 [main] ERROR org.apache.poi.openxml4j.opc.PackageRelationshipCollection - Cannot convert mailto:ALPA@#$%^245234534 in a valid relationship URI-> dummy-URI used
java.net.URISyntaxException: Malformed escape pair at index 14: mailto:ALPA@#$%^245234534
	at java.net.URI$Parser.fail(URI.java:2995) ~[?:?]
	at java.net.URI$Parser.scanEscape(URI.java:3123) ~[?:?]
	at java.net.URI$Parser.scan(URI.java:3146) ~[?:?]
	at java.net.URI$Parser.checkChars(URI.java:3164) ~[?:?]
	at java.net.URI$Parser.parse(URI.java:3210) ~[?:?]
	at java.net.URI.<init>(URI.java:645) ~[?:?]
	at org.apache.poi.openxml4j.opc.PackagingURIHelper.toURI(PackagingURIHelper.java:723) ~[poi-ooxml-5.2.2.jar:5.2.2]
	at org.apache.poi.openxml4j.opc.PackageRelationshipCollection.parseRelationshipsPart(PackageRelationshipCollection.java:358) ~[poi-ooxml-5.2.2.jar:5.2.2]
	at org.apache.poi.openxml4j.opc.PackageRelationshipCollection.<init>(PackageRelationshipCollection.java:160) ~[poi-ooxml-5.2.2.jar:5.2.2]
	at org.apache.poi.openxml4j.opc.PackageRelationshipCollection.<init>(PackageRelationshipCollection.java:130) ~[poi-ooxml-5.2.2.jar:5.2.2]
	at org.apache.poi.openxml4j.opc.PackagePart.loadRelationships(PackagePart.java:565) ~[poi-ooxml-5.2.2.jar:5.2.2]
	at org.apache.poi.openxml4j.opc.OPCPackage.getParts(OPCPackage.java:745) ~[poi-ooxml-5.2.2.jar:5.2.2]
	at org.apache.poi.openxml4j.opc.OPCPackage.open(OPCPackage.java:315) ~[poi-ooxml-5.2.2.jar:5.2.2]
	at org.apache.poi.ooxml.util.PackageHelper.open(PackageHelper.java:59) ~[poi-ooxml-5.2.2.jar:5.2.2]
	at org.apache.poi.xssf.usermodel.XSSFWorkbook.<init>(XSSFWorkbook.java:289) ~[poi-ooxml-5.2.2.jar:5.2.2]
	at org.apache.poi.xssf.usermodel.XSSFWorkbook.<init>(XSSFWorkbook.java:285) ~[poi-ooxml-5.2.2.jar:5.2.2]
	at com.MOFutility.API_Excelutilities.readServiceIdFromExcel(API_Excelutilities.java:20) ~[test-classes/:?]
	at com.MOF.constants.API_URL.<clinit>(API_URL.java:155) ~[test-classes/:?]
	at com.MOFapi.MOFapi.Fetchvalid_SingleService_ValidServiceid(MOFapi.java:4891) ~[test-classes/:?]
	at jdk.internal.reflect.DirectMethodHandleAccessor.invoke(DirectMethodHandleAccessor.java:103) ~[?:?]
	at java.lang.reflect.Method.invoke(Method.java:580) ~[?:?]
	at org.testng.internal.MethodInvocationHelper.invokeMethod(MethodInvocationHelper.java:124) ~[testng-6.14.3.jar:?]
	at org.testng.internal.Invoker.invokeMethod(Invoker.java:583) ~[testng-6.14.3.jar:?]
	at org.testng.internal.Invoker.invokeTestMethod(Invoker.java:719) ~[testng-6.14.3.jar:?]
	at org.testng.internal.Invoker.invokeTestMethods(Invoker.java:989) ~[testng-6.14.3.jar:?]
	at org.testng.internal.TestMethodWorker.invokeTestMethods(TestMethodWorker.java:125) ~[testng-6.14.3.jar:?]
	at org.testng.internal.TestMethodWorker.run(TestMethodWorker.java:109) ~[testng-6.14.3.jar:?]
	at org.testng.TestRunner.privateRun(TestRunner.java:648) ~[testng-6.14.3.jar:?]
	at org.testng.TestRunner.run(TestRunner.java:505) ~[testng-6.14.3.jar:?]
	at org.testng.SuiteRunner.runTest(SuiteRunner.java:455) ~[testng-6.14.3.jar:?]
	at org.testng.SuiteRunner.runSequentially(SuiteRunner.java:450) ~[testng-6.14.3.jar:?]
	at org.testng.SuiteRunner.privateRun(SuiteRunner.java:415) ~[testng-6.14.3.jar:?]
	at org.testng.SuiteRunner.run(SuiteRunner.java:364) ~[testng-6.14.3.jar:?]
	at org.testng.SuiteRunnerWorker.runSuite(SuiteRunnerWorker.java:52) ~[testng-6.14.3.jar:?]
	at org.testng.SuiteRunnerWorker.run(SuiteRunnerWorker.java:84) ~[testng-6.14.3.jar:?]
	at org.testng.TestNG.runSuitesSequentially(TestNG.java:1208) ~[testng-6.14.3.jar:?]
	at org.testng.TestNG.runSuitesLocally(TestNG.java:1137) ~[testng-6.14.3.jar:?]
	at org.testng.TestNG.runSuites(TestNG.java:1049) ~[testng-6.14.3.jar:?]
	at org.testng.TestNG.run(TestNG.java:1017) ~[testng-6.14.3.jar:?]
	at org.apache.maven.surefire.testng.TestNGExecutor.run(TestNGExecutor.java:308) ~[surefire-testng-3.3.0.jar:3.3.0]
	at org.apache.maven.surefire.testng.TestNGXmlTestSuite.execute(TestNGXmlTestSuite.java:71) ~[surefire-testng-3.3.0.jar:3.3.0]
	at org.apache.maven.surefire.testng.TestNGProvider.invoke(TestNGProvider.java:113) ~[surefire-testng-3.3.0.jar:3.3.0]
	at org.apache.maven.surefire.booter.ForkedBooter.runSuitesInProcess(ForkedBooter.java:385) ~[surefire-booter-3.3.0.jar:3.3.0]
	at org.apache.maven.surefire.booter.ForkedBooter.execute(ForkedBooter.java:162) ~[surefire-booter-3.3.0.jar:3.3.0]
	at org.apache.maven.surefire.booter.ForkedBooter.run(ForkedBooter.java:507) ~[surefire-booter-3.3.0.jar:3.3.0]
	at org.apache.maven.surefire.booter.ForkedBooter.main(ForkedBooter.java:495) ~[surefire-booter-3.3.0.jar:3.3.0]
17:05:51.096 [main] ERROR org.apache.poi.openxml4j.opc.PackageRelationshipCollection - Cannot convert mailto:ALPHAAAAAA@@@@@!@##$$$%12344 in a valid relationship URI-> dummy-URI used
java.net.URISyntaxException: Illegal character in fragment at index 25: mailto:ALPHAAAAAA@@@@@!@##$$$%12344
	at java.net.URI$Parser.fail(URI.java:2995) ~[?:?]
	at java.net.URI$Parser.checkChars(URI.java:3166) ~[?:?]
	at java.net.URI$Parser.parse(URI.java:3210) ~[?:?]
	at java.net.URI.<init>(URI.java:645) ~[?:?]
	at org.apache.poi.openxml4j.opc.PackagingURIHelper.toURI(PackagingURIHelper.java:723) ~[poi-ooxml-5.2.2.jar:5.2.2]
	at org.apache.poi.openxml4j.opc.PackageRelationshipCollection.parseRelationshipsPart(PackageRelationshipCollection.java:358) ~[poi-ooxml-5.2.2.jar:5.2.2]
	at org.apache.poi.openxml4j.opc.PackageRelationshipCollection.<init>(PackageRelationshipCollection.java:160) ~[poi-ooxml-5.2.2.jar:5.2.2]
	at org.apache.poi.openxml4j.opc.PackageRelationshipCollection.<init>(PackageRelationshipCollection.java:130) ~[poi-ooxml-5.2.2.jar:5.2.2]
	at org.apache.poi.openxml4j.opc.PackagePart.loadRelationships(PackagePart.java:565) ~[poi-ooxml-5.2.2.jar:5.2.2]
	at org.apache.poi.openxml4j.opc.OPCPackage.getParts(OPCPackage.java:745) ~[poi-ooxml-5.2.2.jar:5.2.2]
	at org.apache.poi.openxml4j.opc.OPCPackage.open(OPCPackage.java:315) ~[poi-ooxml-5.2.2.jar:5.2.2]
	at org.apache.poi.ooxml.util.PackageHelper.open(PackageHelper.java:59) ~[poi-ooxml-5.2.2.jar:5.2.2]
	at org.apache.poi.xssf.usermodel.XSSFWorkbook.<init>(XSSFWorkbook.java:289) ~[poi-ooxml-5.2.2.jar:5.2.2]
	at org.apache.poi.xssf.usermodel.XSSFWorkbook.<init>(XSSFWorkbook.java:285) ~[poi-ooxml-5.2.2.jar:5.2.2]
	at com.MOFutility.API_Excelutilities.readServiceIdFromExcel(API_Excelutilities.java:20) ~[test-classes/:?]
	at com.MOF.constants.API_URL.<clinit>(API_URL.java:155) ~[test-classes/:?]
	at com.MOFapi.MOFapi.Fetchvalid_SingleService_ValidServiceid(MOFapi.java:4891) ~[test-classes/:?]
	at jdk.internal.reflect.DirectMethodHandleAccessor.invoke(DirectMethodHandleAccessor.java:103) ~[?:?]
	at java.lang.reflect.Method.invoke(Method.java:580) ~[?:?]
	at org.testng.internal.MethodInvocationHelper.invokeMethod(MethodInvocationHelper.java:124) ~[testng-6.14.3.jar:?]
	at org.testng.internal.Invoker.invokeMethod(Invoker.java:583) ~[testng-6.14.3.jar:?]
	at org.testng.internal.Invoker.invokeTestMethod(Invoker.java:719) ~[testng-6.14.3.jar:?]
	at org.testng.internal.Invoker.invokeTestMethods(Invoker.java:989) ~[testng-6.14.3.jar:?]
	at org.testng.internal.TestMethodWorker.invokeTestMethods(TestMethodWorker.java:125) ~[testng-6.14.3.jar:?]
	at org.testng.internal.TestMethodWorker.run(TestMethodWorker.java:109) ~[testng-6.14.3.jar:?]
	at org.testng.TestRunner.privateRun(TestRunner.java:648) ~[testng-6.14.3.jar:?]
	at org.testng.TestRunner.run(TestRunner.java:505) ~[testng-6.14.3.jar:?]
	at org.testng.SuiteRunner.runTest(SuiteRunner.java:455) ~[testng-6.14.3.jar:?]
	at org.testng.SuiteRunner.runSequentially(SuiteRunner.java:450) ~[testng-6.14.3.jar:?]
	at org.testng.SuiteRunner.privateRun(SuiteRunner.java:415) ~[testng-6.14.3.jar:?]
	at org.testng.SuiteRunner.run(SuiteRunner.java:364) ~[testng-6.14.3.jar:?]
	at org.testng.SuiteRunnerWorker.runSuite(SuiteRunnerWorker.java:52) ~[testng-6.14.3.jar:?]
	at org.testng.SuiteRunnerWorker.run(SuiteRunnerWorker.java:84) ~[testng-6.14.3.jar:?]
	at org.testng.TestNG.runSuitesSequentially(TestNG.java:1208) ~[testng-6.14.3.jar:?]
	at org.testng.TestNG.runSuitesLocally(TestNG.java:1137) ~[testng-6.14.3.jar:?]
	at org.testng.TestNG.runSuites(TestNG.java:1049) ~[testng-6.14.3.jar:?]
	at org.testng.TestNG.run(TestNG.java:1017) ~[testng-6.14.3.jar:?]
	at org.apache.maven.surefire.testng.TestNGExecutor.run(TestNGExecutor.java:308) ~[surefire-testng-3.3.0.jar:3.3.0]
	at org.apache.maven.surefire.testng.TestNGXmlTestSuite.execute(TestNGXmlTestSuite.java:71) ~[surefire-testng-3.3.0.jar:3.3.0]
	at org.apache.maven.surefire.testng.TestNGProvider.invoke(TestNGProvider.java:113) ~[surefire-testng-3.3.0.jar:3.3.0]
	at org.apache.maven.surefire.booter.ForkedBooter.runSuitesInProcess(ForkedBooter.java:385) ~[surefire-booter-3.3.0.jar:3.3.0]
	at org.apache.maven.surefire.booter.ForkedBooter.execute(ForkedBooter.java:162) ~[surefire-booter-3.3.0.jar:3.3.0]
	at org.apache.maven.surefire.booter.ForkedBooter.run(ForkedBooter.java:507) ~[surefire-booter-3.3.0.jar:3.3.0]
	at org.apache.maven.surefire.booter.ForkedBooter.main(ForkedBooter.java:495) ~[surefire-booter-3.3.0.jar:3.3.0]
17:05:51.097 [main] ERROR org.apache.poi.openxml4j.opc.PackageRelationshipCollection - Cannot convert mailto:2343456378912@#&^*gvadhfbjnf in a valid relationship URI-> dummy-URI used
java.net.URISyntaxException: Illegal character in fragment at index 23: mailto:2343456378912@#&^*gvadhfbjnf
	at java.net.URI$Parser.fail(URI.java:2995) ~[?:?]
	at java.net.URI$Parser.checkChars(URI.java:3166) ~[?:?]
	at java.net.URI$Parser.parse(URI.java:3210) ~[?:?]
	at java.net.URI.<init>(URI.java:645) ~[?:?]
	at org.apache.poi.openxml4j.opc.PackagingURIHelper.toURI(PackagingURIHelper.java:723) ~[poi-ooxml-5.2.2.jar:5.2.2]
	at org.apache.poi.openxml4j.opc.PackageRelationshipCollection.parseRelationshipsPart(PackageRelationshipCollection.java:358) ~[poi-ooxml-5.2.2.jar:5.2.2]
	at org.apache.poi.openxml4j.opc.PackageRelationshipCollection.<init>(PackageRelationshipCollection.java:160) ~[poi-ooxml-5.2.2.jar:5.2.2]
	at org.apache.poi.openxml4j.opc.PackageRelationshipCollection.<init>(PackageRelationshipCollection.java:130) ~[poi-ooxml-5.2.2.jar:5.2.2]
	at org.apache.poi.openxml4j.opc.PackagePart.loadRelationships(PackagePart.java:565) ~[poi-ooxml-5.2.2.jar:5.2.2]
	at org.apache.poi.openxml4j.opc.OPCPackage.getParts(OPCPackage.java:745) ~[poi-ooxml-5.2.2.jar:5.2.2]
	at org.apache.poi.openxml4j.opc.OPCPackage.open(OPCPackage.java:315) ~[poi-ooxml-5.2.2.jar:5.2.2]
	at org.apache.poi.ooxml.util.PackageHelper.open(PackageHelper.java:59) ~[poi-ooxml-5.2.2.jar:5.2.2]
	at org.apache.poi.xssf.usermodel.XSSFWorkbook.<init>(XSSFWorkbook.java:289) ~[poi-ooxml-5.2.2.jar:5.2.2]
	at org.apache.poi.xssf.usermodel.XSSFWorkbook.<init>(XSSFWorkbook.java:285) ~[poi-ooxml-5.2.2.jar:5.2.2]
	at com.MOFutility.API_Excelutilities.readServiceIdFromExcel(API_Excelutilities.java:20) ~[test-classes/:?]
	at com.MOF.constants.API_URL.<clinit>(API_URL.java:155) ~[test-classes/:?]
	at com.MOFapi.MOFapi.Fetchvalid_SingleService_ValidServiceid(MOFapi.java:4891) ~[test-classes/:?]
	at jdk.internal.reflect.DirectMethodHandleAccessor.invoke(DirectMethodHandleAccessor.java:103) ~[?:?]
	at java.lang.reflect.Method.invoke(Method.java:580) ~[?:?]
	at org.testng.internal.MethodInvocationHelper.invokeMethod(MethodInvocationHelper.java:124) ~[testng-6.14.3.jar:?]
	at org.testng.internal.Invoker.invokeMethod(Invoker.java:583) ~[testng-6.14.3.jar:?]
	at org.testng.internal.Invoker.invokeTestMethod(Invoker.java:719) ~[testng-6.14.3.jar:?]
	at org.testng.internal.Invoker.invokeTestMethods(Invoker.java:989) ~[testng-6.14.3.jar:?]
	at org.testng.internal.TestMethodWorker.invokeTestMethods(TestMethodWorker.java:125) ~[testng-6.14.3.jar:?]
	at org.testng.internal.TestMethodWorker.run(TestMethodWorker.java:109) ~[testng-6.14.3.jar:?]
	at org.testng.TestRunner.privateRun(TestRunner.java:648) ~[testng-6.14.3.jar:?]
	at org.testng.TestRunner.run(TestRunner.java:505) ~[testng-6.14.3.jar:?]
	at org.testng.SuiteRunner.runTest(SuiteRunner.java:455) ~[testng-6.14.3.jar:?]
	at org.testng.SuiteRunner.runSequentially(SuiteRunner.java:450) ~[testng-6.14.3.jar:?]
	at org.testng.SuiteRunner.privateRun(SuiteRunner.java:415) ~[testng-6.14.3.jar:?]
	at org.testng.SuiteRunner.run(SuiteRunner.java:364) ~[testng-6.14.3.jar:?]
	at org.testng.SuiteRunnerWorker.runSuite(SuiteRunnerWorker.java:52) ~[testng-6.14.3.jar:?]
	at org.testng.SuiteRunnerWorker.run(SuiteRunnerWorker.java:84) ~[testng-6.14.3.jar:?]
	at org.testng.TestNG.runSuitesSequentially(TestNG.java:1208) ~[testng-6.14.3.jar:?]
	at org.testng.TestNG.runSuitesLocally(TestNG.java:1137) ~[testng-6.14.3.jar:?]
	at org.testng.TestNG.runSuites(TestNG.java:1049) ~[testng-6.14.3.jar:?]
	at org.testng.TestNG.run(TestNG.java:1017) ~[testng-6.14.3.jar:?]
	at org.apache.maven.surefire.testng.TestNGExecutor.run(TestNGExecutor.java:308) ~[surefire-testng-3.3.0.jar:3.3.0]
	at org.apache.maven.surefire.testng.TestNGXmlTestSuite.execute(TestNGXmlTestSuite.java:71) ~[surefire-testng-3.3.0.jar:3.3.0]
	at org.apache.maven.surefire.testng.TestNGProvider.invoke(TestNGProvider.java:113) ~[surefire-testng-3.3.0.jar:3.3.0]
	at org.apache.maven.surefire.booter.ForkedBooter.runSuitesInProcess(ForkedBooter.java:385) ~[surefire-booter-3.3.0.jar:3.3.0]
	at org.apache.maven.surefire.booter.ForkedBooter.execute(ForkedBooter.java:162) ~[surefire-booter-3.3.0.jar:3.3.0]
	at org.apache.maven.surefire.booter.ForkedBooter.run(ForkedBooter.java:507) ~[surefire-booter-3.3.0.jar:3.3.0]
	at org.apache.maven.surefire.booter.ForkedBooter.main(ForkedBooter.java:495) ~[surefire-booter-3.3.0.jar:3.3.0]
17:05:51.150 [main] ERROR org.apache.poi.openxml4j.opc.PackageRelationshipCollection - Cannot convert mailto:ALPA@#$%^245234534 in a valid relationship URI-> dummy-URI used
java.net.URISyntaxException: Malformed escape pair at index 14: mailto:ALPA@#$%^245234534
	at java.net.URI$Parser.fail(URI.java:2995) ~[?:?]
	at java.net.URI$Parser.scanEscape(URI.java:3123) ~[?:?]
	at java.net.URI$Parser.scan(URI.java:3146) ~[?:?]
	at java.net.URI$Parser.checkChars(URI.java:3164) ~[?:?]
	at java.net.URI$Parser.parse(URI.java:3210) ~[?:?]
	at java.net.URI.<init>(URI.java:645) ~[?:?]
	at org.apache.poi.openxml4j.opc.PackagingURIHelper.toURI(PackagingURIHelper.java:723) ~[poi-ooxml-5.2.2.jar:5.2.2]
	at org.apache.poi.openxml4j.opc.PackageRelationshipCollection.parseRelationshipsPart(PackageRelationshipCollection.java:358) ~[poi-ooxml-5.2.2.jar:5.2.2]
	at org.apache.poi.openxml4j.opc.PackageRelationshipCollection.<init>(PackageRelationshipCollection.java:160) ~[poi-ooxml-5.2.2.jar:5.2.2]
	at org.apache.poi.openxml4j.opc.PackageRelationshipCollection.<init>(PackageRelationshipCollection.java:130) ~[poi-ooxml-5.2.2.jar:5.2.2]
	at org.apache.poi.openxml4j.opc.PackagePart.loadRelationships(PackagePart.java:565) ~[poi-ooxml-5.2.2.jar:5.2.2]
	at org.apache.poi.openxml4j.opc.OPCPackage.getParts(OPCPackage.java:745) ~[poi-ooxml-5.2.2.jar:5.2.2]
	at org.apache.poi.openxml4j.opc.OPCPackage.open(OPCPackage.java:315) ~[poi-ooxml-5.2.2.jar:5.2.2]
	at org.apache.poi.ooxml.util.PackageHelper.open(PackageHelper.java:59) ~[poi-ooxml-5.2.2.jar:5.2.2]
	at org.apache.poi.xssf.usermodel.XSSFWorkbook.<init>(XSSFWorkbook.java:289) ~[poi-ooxml-5.2.2.jar:5.2.2]
	at org.apache.poi.xssf.usermodel.XSSFWorkbook.<init>(XSSFWorkbook.java:285) ~[poi-ooxml-5.2.2.jar:5.2.2]
	at com.MOFutility.API_Excelutilities.readServiceIdFromExcel(API_Excelutilities.java:20) ~[test-classes/:?]
	at com.MOF.constants.API_URL.<clinit>(API_URL.java:156) ~[test-classes/:?]
	at com.MOFapi.MOFapi.Fetchvalid_SingleService_ValidServiceid(MOFapi.java:4891) ~[test-classes/:?]
	at jdk.internal.reflect.DirectMethodHandleAccessor.invoke(DirectMethodHandleAccessor.java:103) ~[?:?]
	at java.lang.reflect.Method.invoke(Method.java:580) ~[?:?]
	at org.testng.internal.MethodInvocationHelper.invokeMethod(MethodInvocationHelper.java:124) ~[testng-6.14.3.jar:?]
	at org.testng.internal.Invoker.invokeMethod(Invoker.java:583) ~[testng-6.14.3.jar:?]
	at org.testng.internal.Invoker.invokeTestMethod(Invoker.java:719) ~[testng-6.14.3.jar:?]
	at org.testng.internal.Invoker.invokeTestMethods(Invoker.java:989) ~[testng-6.14.3.jar:?]
	at org.testng.internal.TestMethodWorker.invokeTestMethods(TestMethodWorker.java:125) ~[testng-6.14.3.jar:?]
	at org.testng.internal.TestMethodWorker.run(TestMethodWorker.java:109) ~[testng-6.14.3.jar:?]
	at org.testng.TestRunner.privateRun(TestRunner.java:648) ~[testng-6.14.3.jar:?]
	at org.testng.TestRunner.run(TestRunner.java:505) ~[testng-6.14.3.jar:?]
	at org.testng.SuiteRunner.runTest(SuiteRunner.java:455) ~[testng-6.14.3.jar:?]
	at org.testng.SuiteRunner.runSequentially(SuiteRunner.java:450) ~[testng-6.14.3.jar:?]
	at org.testng.SuiteRunner.privateRun(SuiteRunner.java:415) ~[testng-6.14.3.jar:?]
	at org.testng.SuiteRunner.run(SuiteRunner.java:364) ~[testng-6.14.3.jar:?]
	at org.testng.SuiteRunnerWorker.runSuite(SuiteRunnerWorker.java:52) ~[testng-6.14.3.jar:?]
	at org.testng.SuiteRunnerWorker.run(SuiteRunnerWorker.java:84) ~[testng-6.14.3.jar:?]
	at org.testng.TestNG.runSuitesSequentially(TestNG.java:1208) ~[testng-6.14.3.jar:?]
	at org.testng.TestNG.runSuitesLocally(TestNG.java:1137) ~[testng-6.14.3.jar:?]
	at org.testng.TestNG.runSuites(TestNG.java:1049) ~[testng-6.14.3.jar:?]
	at org.testng.TestNG.run(TestNG.java:1017) ~[testng-6.14.3.jar:?]
	at org.apache.maven.surefire.testng.TestNGExecutor.run(TestNGExecutor.java:308) ~[surefire-testng-3.3.0.jar:3.3.0]
	at org.apache.maven.surefire.testng.TestNGXmlTestSuite.execute(TestNGXmlTestSuite.java:71) ~[surefire-testng-3.3.0.jar:3.3.0]
	at org.apache.maven.surefire.testng.TestNGProvider.invoke(TestNGProvider.java:113) ~[surefire-testng-3.3.0.jar:3.3.0]
	at org.apache.maven.surefire.booter.ForkedBooter.runSuitesInProcess(ForkedBooter.java:385) ~[surefire-booter-3.3.0.jar:3.3.0]
	at org.apache.maven.surefire.booter.ForkedBooter.execute(ForkedBooter.java:162) ~[surefire-booter-3.3.0.jar:3.3.0]
	at org.apache.maven.surefire.booter.ForkedBooter.run(ForkedBooter.java:507) ~[surefire-booter-3.3.0.jar:3.3.0]
	at org.apache.maven.surefire.booter.ForkedBooter.main(ForkedBooter.java:495) ~[surefire-booter-3.3.0.jar:3.3.0]
17:05:51.151 [main] ERROR org.apache.poi.openxml4j.opc.PackageRelationshipCollection - Cannot convert mailto:ALPHAAAAAA@@@@@!@##$$$%12344 in a valid relationship URI-> dummy-URI used
java.net.URISyntaxException: Illegal character in fragment at index 25: mailto:ALPHAAAAAA@@@@@!@##$$$%12344
	at java.net.URI$Parser.fail(URI.java:2995) ~[?:?]
	at java.net.URI$Parser.checkChars(URI.java:3166) ~[?:?]
	at java.net.URI$Parser.parse(URI.java:3210) ~[?:?]
	at java.net.URI.<init>(URI.java:645) ~[?:?]
	at org.apache.poi.openxml4j.opc.PackagingURIHelper.toURI(PackagingURIHelper.java:723) ~[poi-ooxml-5.2.2.jar:5.2.2]
	at org.apache.poi.openxml4j.opc.PackageRelationshipCollection.parseRelationshipsPart(PackageRelationshipCollection.java:358) ~[poi-ooxml-5.2.2.jar:5.2.2]
	at org.apache.poi.openxml4j.opc.PackageRelationshipCollection.<init>(PackageRelationshipCollection.java:160) ~[poi-ooxml-5.2.2.jar:5.2.2]
	at org.apache.poi.openxml4j.opc.PackageRelationshipCollection.<init>(PackageRelationshipCollection.java:130) ~[poi-ooxml-5.2.2.jar:5.2.2]
	at org.apache.poi.openxml4j.opc.PackagePart.loadRelationships(PackagePart.java:565) ~[poi-ooxml-5.2.2.jar:5.2.2]
	at org.apache.poi.openxml4j.opc.OPCPackage.getParts(OPCPackage.java:745) ~[poi-ooxml-5.2.2.jar:5.2.2]
	at org.apache.poi.openxml4j.opc.OPCPackage.open(OPCPackage.java:315) ~[poi-ooxml-5.2.2.jar:5.2.2]
	at org.apache.poi.ooxml.util.PackageHelper.open(PackageHelper.java:59) ~[poi-ooxml-5.2.2.jar:5.2.2]
	at org.apache.poi.xssf.usermodel.XSSFWorkbook.<init>(XSSFWorkbook.java:289) ~[poi-ooxml-5.2.2.jar:5.2.2]
	at org.apache.poi.xssf.usermodel.XSSFWorkbook.<init>(XSSFWorkbook.java:285) ~[poi-ooxml-5.2.2.jar:5.2.2]
	at com.MOFutility.API_Excelutilities.readServiceIdFromExcel(API_Excelutilities.java:20) ~[test-classes/:?]
	at com.MOF.constants.API_URL.<clinit>(API_URL.java:156) ~[test-classes/:?]
	at com.MOFapi.MOFapi.Fetchvalid_SingleService_ValidServiceid(MOFapi.java:4891) ~[test-classes/:?]
	at jdk.internal.reflect.DirectMethodHandleAccessor.invoke(DirectMethodHandleAccessor.java:103) ~[?:?]
	at java.lang.reflect.Method.invoke(Method.java:580) ~[?:?]
	at org.testng.internal.MethodInvocationHelper.invokeMethod(MethodInvocationHelper.java:124) ~[testng-6.14.3.jar:?]
	at org.testng.internal.Invoker.invokeMethod(Invoker.java:583) ~[testng-6.14.3.jar:?]
	at org.testng.internal.Invoker.invokeTestMethod(Invoker.java:719) ~[testng-6.14.3.jar:?]
	at org.testng.internal.Invoker.invokeTestMethods(Invoker.java:989) ~[testng-6.14.3.jar:?]
	at org.testng.internal.TestMethodWorker.invokeTestMethods(TestMethodWorker.java:125) ~[testng-6.14.3.jar:?]
	at org.testng.internal.TestMethodWorker.run(TestMethodWorker.java:109) ~[testng-6.14.3.jar:?]
	at org.testng.TestRunner.privateRun(TestRunner.java:648) ~[testng-6.14.3.jar:?]
	at org.testng.TestRunner.run(TestRunner.java:505) ~[testng-6.14.3.jar:?]
	at org.testng.SuiteRunner.runTest(SuiteRunner.java:455) ~[testng-6.14.3.jar:?]
	at org.testng.SuiteRunner.runSequentially(SuiteRunner.java:450) ~[testng-6.14.3.jar:?]
	at org.testng.SuiteRunner.privateRun(SuiteRunner.java:415) ~[testng-6.14.3.jar:?]
	at org.testng.SuiteRunner.run(SuiteRunner.java:364) ~[testng-6.14.3.jar:?]
	at org.testng.SuiteRunnerWorker.runSuite(SuiteRunnerWorker.java:52) ~[testng-6.14.3.jar:?]
	at org.testng.SuiteRunnerWorker.run(SuiteRunnerWorker.java:84) ~[testng-6.14.3.jar:?]
	at org.testng.TestNG.runSuitesSequentially(TestNG.java:1208) ~[testng-6.14.3.jar:?]
	at org.testng.TestNG.runSuitesLocally(TestNG.java:1137) ~[testng-6.14.3.jar:?]
	at org.testng.TestNG.runSuites(TestNG.java:1049) ~[testng-6.14.3.jar:?]
	at org.testng.TestNG.run(TestNG.java:1017) ~[testng-6.14.3.jar:?]
	at org.apache.maven.surefire.testng.TestNGExecutor.run(TestNGExecutor.java:308) ~[surefire-testng-3.3.0.jar:3.3.0]
	at org.apache.maven.surefire.testng.TestNGXmlTestSuite.execute(TestNGXmlTestSuite.java:71) ~[surefire-testng-3.3.0.jar:3.3.0]
	at org.apache.maven.surefire.testng.TestNGProvider.invoke(TestNGProvider.java:113) ~[surefire-testng-3.3.0.jar:3.3.0]
	at org.apache.maven.surefire.booter.ForkedBooter.runSuitesInProcess(ForkedBooter.java:385) ~[surefire-booter-3.3.0.jar:3.3.0]
	at org.apache.maven.surefire.booter.ForkedBooter.execute(ForkedBooter.java:162) ~[surefire-booter-3.3.0.jar:3.3.0]
	at org.apache.maven.surefire.booter.ForkedBooter.run(ForkedBooter.java:507) ~[surefire-booter-3.3.0.jar:3.3.0]
	at org.apache.maven.surefire.booter.ForkedBooter.main(ForkedBooter.java:495) ~[surefire-booter-3.3.0.jar:3.3.0]
17:05:51.152 [main] ERROR org.apache.poi.openxml4j.opc.PackageRelationshipCollection - Cannot convert mailto:2343456378912@#&^*gvadhfbjnf in a valid relationship URI-> dummy-URI used
java.net.URISyntaxException: Illegal character in fragment at index 23: mailto:2343456378912@#&^*gvadhfbjnf
	at java.net.URI$Parser.fail(URI.java:2995) ~[?:?]
	at java.net.URI$Parser.checkChars(URI.java:3166) ~[?:?]
	at java.net.URI$Parser.parse(URI.java:3210) ~[?:?]
	at java.net.URI.<init>(URI.java:645) ~[?:?]
	at org.apache.poi.openxml4j.opc.PackagingURIHelper.toURI(PackagingURIHelper.java:723) ~[poi-ooxml-5.2.2.jar:5.2.2]
	at org.apache.poi.openxml4j.opc.PackageRelationshipCollection.parseRelationshipsPart(PackageRelationshipCollection.java:358) ~[poi-ooxml-5.2.2.jar:5.2.2]
	at org.apache.poi.openxml4j.opc.PackageRelationshipCollection.<init>(PackageRelationshipCollection.java:160) ~[poi-ooxml-5.2.2.jar:5.2.2]
	at org.apache.poi.openxml4j.opc.PackageRelationshipCollection.<init>(PackageRelationshipCollection.java:130) ~[poi-ooxml-5.2.2.jar:5.2.2]
	at org.apache.poi.openxml4j.opc.PackagePart.loadRelationships(PackagePart.java:565) ~[poi-ooxml-5.2.2.jar:5.2.2]
	at org.apache.poi.openxml4j.opc.OPCPackage.getParts(OPCPackage.java:745) ~[poi-ooxml-5.2.2.jar:5.2.2]
	at org.apache.poi.openxml4j.opc.OPCPackage.open(OPCPackage.java:315) ~[poi-ooxml-5.2.2.jar:5.2.2]
	at org.apache.poi.ooxml.util.PackageHelper.open(PackageHelper.java:59) ~[poi-ooxml-5.2.2.jar:5.2.2]
	at org.apache.poi.xssf.usermodel.XSSFWorkbook.<init>(XSSFWorkbook.java:289) ~[poi-ooxml-5.2.2.jar:5.2.2]
	at org.apache.poi.xssf.usermodel.XSSFWorkbook.<init>(XSSFWorkbook.java:285) ~[poi-ooxml-5.2.2.jar:5.2.2]
	at com.MOFutility.API_Excelutilities.readServiceIdFromExcel(API_Excelutilities.java:20) ~[test-classes/:?]
	at com.MOF.constants.API_URL.<clinit>(API_URL.java:156) ~[test-classes/:?]
	at com.MOFapi.MOFapi.Fetchvalid_SingleService_ValidServiceid(MOFapi.java:4891) ~[test-classes/:?]
	at jdk.internal.reflect.DirectMethodHandleAccessor.invoke(DirectMethodHandleAccessor.java:103) ~[?:?]
	at java.lang.reflect.Method.invoke(Method.java:580) ~[?:?]
	at org.testng.internal.MethodInvocationHelper.invokeMethod(MethodInvocationHelper.java:124) ~[testng-6.14.3.jar:?]
	at org.testng.internal.Invoker.invokeMethod(Invoker.java:583) ~[testng-6.14.3.jar:?]
	at org.testng.internal.Invoker.invokeTestMethod(Invoker.java:719) ~[testng-6.14.3.jar:?]
	at org.testng.internal.Invoker.invokeTestMethods(Invoker.java:989) ~[testng-6.14.3.jar:?]
	at org.testng.internal.TestMethodWorker.invokeTestMethods(TestMethodWorker.java:125) ~[testng-6.14.3.jar:?]
	at org.testng.internal.TestMethodWorker.run(TestMethodWorker.java:109) ~[testng-6.14.3.jar:?]
	at org.testng.TestRunner.privateRun(TestRunner.java:648) ~[testng-6.14.3.jar:?]
	at org.testng.TestRunner.run(TestRunner.java:505) ~[testng-6.14.3.jar:?]
	at org.testng.SuiteRunner.runTest(SuiteRunner.java:455) ~[testng-6.14.3.jar:?]
	at org.testng.SuiteRunner.runSequentially(SuiteRunner.java:450) ~[testng-6.14.3.jar:?]
	at org.testng.SuiteRunner.privateRun(SuiteRunner.java:415) ~[testng-6.14.3.jar:?]
	at org.testng.SuiteRunner.run(SuiteRunner.java:364) ~[testng-6.14.3.jar:?]
	at org.testng.SuiteRunnerWorker.runSuite(SuiteRunnerWorker.java:52) ~[testng-6.14.3.jar:?]
	at org.testng.SuiteRunnerWorker.run(SuiteRunnerWorker.java:84) ~[testng-6.14.3.jar:?]
	at org.testng.TestNG.runSuitesSequentially(TestNG.java:1208) ~[testng-6.14.3.jar:?]
	at org.testng.TestNG.runSuitesLocally(TestNG.java:1137) ~[testng-6.14.3.jar:?]
	at org.testng.TestNG.runSuites(TestNG.java:1049) ~[testng-6.14.3.jar:?]
	at org.testng.TestNG.run(TestNG.java:1017) ~[testng-6.14.3.jar:?]
	at org.apache.maven.surefire.testng.TestNGExecutor.run(TestNGExecutor.java:308) ~[surefire-testng-3.3.0.jar:3.3.0]
	at org.apache.maven.surefire.testng.TestNGXmlTestSuite.execute(TestNGXmlTestSuite.java:71) ~[surefire-testng-3.3.0.jar:3.3.0]
	at org.apache.maven.surefire.testng.TestNGProvider.invoke(TestNGProvider.java:113) ~[surefire-testng-3.3.0.jar:3.3.0]
	at org.apache.maven.surefire.booter.ForkedBooter.runSuitesInProcess(ForkedBooter.java:385) ~[surefire-booter-3.3.0.jar:3.3.0]
	at org.apache.maven.surefire.booter.ForkedBooter.execute(ForkedBooter.java:162) ~[surefire-booter-3.3.0.jar:3.3.0]
	at org.apache.maven.surefire.booter.ForkedBooter.run(ForkedBooter.java:507) ~[surefire-booter-3.3.0.jar:3.3.0]
	at org.apache.maven.surefire.booter.ForkedBooter.main(ForkedBooter.java:495) ~[surefire-booter-3.3.0.jar:3.3.0]
17:05:51.210 [main] ERROR org.apache.poi.openxml4j.opc.PackageRelationshipCollection - Cannot convert mailto:ALPA@#$%^245234534 in a valid relationship URI-> dummy-URI used
java.net.URISyntaxException: Malformed escape pair at index 14: mailto:ALPA@#$%^245234534
	at java.net.URI$Parser.fail(URI.java:2995) ~[?:?]
	at java.net.URI$Parser.scanEscape(URI.java:3123) ~[?:?]
	at java.net.URI$Parser.scan(URI.java:3146) ~[?:?]
	at java.net.URI$Parser.checkChars(URI.java:3164) ~[?:?]
	at java.net.URI$Parser.parse(URI.java:3210) ~[?:?]
	at java.net.URI.<init>(URI.java:645) ~[?:?]
	at org.apache.poi.openxml4j.opc.PackagingURIHelper.toURI(PackagingURIHelper.java:723) ~[poi-ooxml-5.2.2.jar:5.2.2]
	at org.apache.poi.openxml4j.opc.PackageRelationshipCollection.parseRelationshipsPart(PackageRelationshipCollection.java:358) ~[poi-ooxml-5.2.2.jar:5.2.2]
	at org.apache.poi.openxml4j.opc.PackageRelationshipCollection.<init>(PackageRelationshipCollection.java:160) ~[poi-ooxml-5.2.2.jar:5.2.2]
	at org.apache.poi.openxml4j.opc.PackageRelationshipCollection.<init>(PackageRelationshipCollection.java:130) ~[poi-ooxml-5.2.2.jar:5.2.2]
	at org.apache.poi.openxml4j.opc.PackagePart.loadRelationships(PackagePart.java:565) ~[poi-ooxml-5.2.2.jar:5.2.2]
	at org.apache.poi.openxml4j.opc.OPCPackage.getParts(OPCPackage.java:745) ~[poi-ooxml-5.2.2.jar:5.2.2]
	at org.apache.poi.openxml4j.opc.OPCPackage.open(OPCPackage.java:315) ~[poi-ooxml-5.2.2.jar:5.2.2]
	at org.apache.poi.ooxml.util.PackageHelper.open(PackageHelper.java:59) ~[poi-ooxml-5.2.2.jar:5.2.2]
	at org.apache.poi.xssf.usermodel.XSSFWorkbook.<init>(XSSFWorkbook.java:289) ~[poi-ooxml-5.2.2.jar:5.2.2]
	at org.apache.poi.xssf.usermodel.XSSFWorkbook.<init>(XSSFWorkbook.java:285) ~[poi-ooxml-5.2.2.jar:5.2.2]
	at com.MOFutility.API_Excelutilities.readServiceIdFromExcel(API_Excelutilities.java:20) ~[test-classes/:?]
	at com.MOF.constants.API_URL.<clinit>(API_URL.java:157) ~[test-classes/:?]
	at com.MOFapi.MOFapi.Fetchvalid_SingleService_ValidServiceid(MOFapi.java:4891) ~[test-classes/:?]
	at jdk.internal.reflect.DirectMethodHandleAccessor.invoke(DirectMethodHandleAccessor.java:103) ~[?:?]
	at java.lang.reflect.Method.invoke(Method.java:580) ~[?:?]
	at org.testng.internal.MethodInvocationHelper.invokeMethod(MethodInvocationHelper.java:124) ~[testng-6.14.3.jar:?]
	at org.testng.internal.Invoker.invokeMethod(Invoker.java:583) ~[testng-6.14.3.jar:?]
	at org.testng.internal.Invoker.invokeTestMethod(Invoker.java:719) ~[testng-6.14.3.jar:?]
	at org.testng.internal.Invoker.invokeTestMethods(Invoker.java:989) ~[testng-6.14.3.jar:?]
	at org.testng.internal.TestMethodWorker.invokeTestMethods(TestMethodWorker.java:125) ~[testng-6.14.3.jar:?]
	at org.testng.internal.TestMethodWorker.run(TestMethodWorker.java:109) ~[testng-6.14.3.jar:?]
	at org.testng.TestRunner.privateRun(TestRunner.java:648) ~[testng-6.14.3.jar:?]
	at org.testng.TestRunner.run(TestRunner.java:505) ~[testng-6.14.3.jar:?]
	at org.testng.SuiteRunner.runTest(SuiteRunner.java:455) ~[testng-6.14.3.jar:?]
	at org.testng.SuiteRunner.runSequentially(SuiteRunner.java:450) ~[testng-6.14.3.jar:?]
	at org.testng.SuiteRunner.privateRun(SuiteRunner.java:415) ~[testng-6.14.3.jar:?]
	at org.testng.SuiteRunner.run(SuiteRunner.java:364) ~[testng-6.14.3.jar:?]
	at org.testng.SuiteRunnerWorker.runSuite(SuiteRunnerWorker.java:52) ~[testng-6.14.3.jar:?]
	at org.testng.SuiteRunnerWorker.run(SuiteRunnerWorker.java:84) ~[testng-6.14.3.jar:?]
	at org.testng.TestNG.runSuitesSequentially(TestNG.java:1208) ~[testng-6.14.3.jar:?]
	at org.testng.TestNG.runSuitesLocally(TestNG.java:1137) ~[testng-6.14.3.jar:?]
	at org.testng.TestNG.runSuites(TestNG.java:1049) ~[testng-6.14.3.jar:?]
	at org.testng.TestNG.run(TestNG.java:1017) ~[testng-6.14.3.jar:?]
	at org.apache.maven.surefire.testng.TestNGExecutor.run(TestNGExecutor.java:308) ~[surefire-testng-3.3.0.jar:3.3.0]
	at org.apache.maven.surefire.testng.TestNGXmlTestSuite.execute(TestNGXmlTestSuite.java:71) ~[surefire-testng-3.3.0.jar:3.3.0]
	at org.apache.maven.surefire.testng.TestNGProvider.invoke(TestNGProvider.java:113) ~[surefire-testng-3.3.0.jar:3.3.0]
	at org.apache.maven.surefire.booter.ForkedBooter.runSuitesInProcess(ForkedBooter.java:385) ~[surefire-booter-3.3.0.jar:3.3.0]
	at org.apache.maven.surefire.booter.ForkedBooter.execute(ForkedBooter.java:162) ~[surefire-booter-3.3.0.jar:3.3.0]
	at org.apache.maven.surefire.booter.ForkedBooter.run(ForkedBooter.java:507) ~[surefire-booter-3.3.0.jar:3.3.0]
	at org.apache.maven.surefire.booter.ForkedBooter.main(ForkedBooter.java:495) ~[surefire-booter-3.3.0.jar:3.3.0]
17:05:51.211 [main] ERROR org.apache.poi.openxml4j.opc.PackageRelationshipCollection - Cannot convert mailto:ALPHAAAAAA@@@@@!@##$$$%12344 in a valid relationship URI-> dummy-URI used
java.net.URISyntaxException: Illegal character in fragment at index 25: mailto:ALPHAAAAAA@@@@@!@##$$$%12344
	at java.net.URI$Parser.fail(URI.java:2995) ~[?:?]
	at java.net.URI$Parser.checkChars(URI.java:3166) ~[?:?]
	at java.net.URI$Parser.parse(URI.java:3210) ~[?:?]
	at java.net.URI.<init>(URI.java:645) ~[?:?]
	at org.apache.poi.openxml4j.opc.PackagingURIHelper.toURI(PackagingURIHelper.java:723) ~[poi-ooxml-5.2.2.jar:5.2.2]
	at org.apache.poi.openxml4j.opc.PackageRelationshipCollection.parseRelationshipsPart(PackageRelationshipCollection.java:358) ~[poi-ooxml-5.2.2.jar:5.2.2]
	at org.apache.poi.openxml4j.opc.PackageRelationshipCollection.<init>(PackageRelationshipCollection.java:160) ~[poi-ooxml-5.2.2.jar:5.2.2]
	at org.apache.poi.openxml4j.opc.PackageRelationshipCollection.<init>(PackageRelationshipCollection.java:130) ~[poi-ooxml-5.2.2.jar:5.2.2]
	at org.apache.poi.openxml4j.opc.PackagePart.loadRelationships(PackagePart.java:565) ~[poi-ooxml-5.2.2.jar:5.2.2]
	at org.apache.poi.openxml4j.opc.OPCPackage.getParts(OPCPackage.java:745) ~[poi-ooxml-5.2.2.jar:5.2.2]
	at org.apache.poi.openxml4j.opc.OPCPackage.open(OPCPackage.java:315) ~[poi-ooxml-5.2.2.jar:5.2.2]
	at org.apache.poi.ooxml.util.PackageHelper.open(PackageHelper.java:59) ~[poi-ooxml-5.2.2.jar:5.2.2]
	at org.apache.poi.xssf.usermodel.XSSFWorkbook.<init>(XSSFWorkbook.java:289) ~[poi-ooxml-5.2.2.jar:5.2.2]
	at org.apache.poi.xssf.usermodel.XSSFWorkbook.<init>(XSSFWorkbook.java:285) ~[poi-ooxml-5.2.2.jar:5.2.2]
	at com.MOFutility.API_Excelutilities.readServiceIdFromExcel(API_Excelutilities.java:20) ~[test-classes/:?]
	at com.MOF.constants.API_URL.<clinit>(API_URL.java:157) ~[test-classes/:?]
	at com.MOFapi.MOFapi.Fetchvalid_SingleService_ValidServiceid(MOFapi.java:4891) ~[test-classes/:?]
	at jdk.internal.reflect.DirectMethodHandleAccessor.invoke(DirectMethodHandleAccessor.java:103) ~[?:?]
	at java.lang.reflect.Method.invoke(Method.java:580) ~[?:?]
	at org.testng.internal.MethodInvocationHelper.invokeMethod(MethodInvocationHelper.java:124) ~[testng-6.14.3.jar:?]
	at org.testng.internal.Invoker.invokeMethod(Invoker.java:583) ~[testng-6.14.3.jar:?]
	at org.testng.internal.Invoker.invokeTestMethod(Invoker.java:719) ~[testng-6.14.3.jar:?]
	at org.testng.internal.Invoker.invokeTestMethods(Invoker.java:989) ~[testng-6.14.3.jar:?]
	at org.testng.internal.TestMethodWorker.invokeTestMethods(TestMethodWorker.java:125) ~[testng-6.14.3.jar:?]
	at org.testng.internal.TestMethodWorker.run(TestMethodWorker.java:109) ~[testng-6.14.3.jar:?]
	at org.testng.TestRunner.privateRun(TestRunner.java:648) ~[testng-6.14.3.jar:?]
	at org.testng.TestRunner.run(TestRunner.java:505) ~[testng-6.14.3.jar:?]
	at org.testng.SuiteRunner.runTest(SuiteRunner.java:455) ~[testng-6.14.3.jar:?]
	at org.testng.SuiteRunner.runSequentially(SuiteRunner.java:450) ~[testng-6.14.3.jar:?]
	at org.testng.SuiteRunner.privateRun(SuiteRunner.java:415) ~[testng-6.14.3.jar:?]
	at org.testng.SuiteRunner.run(SuiteRunner.java:364) ~[testng-6.14.3.jar:?]
	at org.testng.SuiteRunnerWorker.runSuite(SuiteRunnerWorker.java:52) ~[testng-6.14.3.jar:?]
	at org.testng.SuiteRunnerWorker.run(SuiteRunnerWorker.java:84) ~[testng-6.14.3.jar:?]
	at org.testng.TestNG.runSuitesSequentially(TestNG.java:1208) ~[testng-6.14.3.jar:?]
	at org.testng.TestNG.runSuitesLocally(TestNG.java:1137) ~[testng-6.14.3.jar:?]
	at org.testng.TestNG.runSuites(TestNG.java:1049) ~[testng-6.14.3.jar:?]
	at org.testng.TestNG.run(TestNG.java:1017) ~[testng-6.14.3.jar:?]
	at org.apache.maven.surefire.testng.TestNGExecutor.run(TestNGExecutor.java:308) ~[surefire-testng-3.3.0.jar:3.3.0]
	at org.apache.maven.surefire.testng.TestNGXmlTestSuite.execute(TestNGXmlTestSuite.java:71) ~[surefire-testng-3.3.0.jar:3.3.0]
	at org.apache.maven.surefire.testng.TestNGProvider.invoke(TestNGProvider.java:113) ~[surefire-testng-3.3.0.jar:3.3.0]
	at org.apache.maven.surefire.booter.ForkedBooter.runSuitesInProcess(ForkedBooter.java:385) ~[surefire-booter-3.3.0.jar:3.3.0]
	at org.apache.maven.surefire.booter.ForkedBooter.execute(ForkedBooter.java:162) ~[surefire-booter-3.3.0.jar:3.3.0]
	at org.apache.maven.surefire.booter.ForkedBooter.run(ForkedBooter.java:507) ~[surefire-booter-3.3.0.jar:3.3.0]
	at org.apache.maven.surefire.booter.ForkedBooter.main(ForkedBooter.java:495) ~[surefire-booter-3.3.0.jar:3.3.0]
17:05:51.212 [main] ERROR org.apache.poi.openxml4j.opc.PackageRelationshipCollection - Cannot convert mailto:2343456378912@#&^*gvadhfbjnf in a valid relationship URI-> dummy-URI used
java.net.URISyntaxException: Illegal character in fragment at index 23: mailto:2343456378912@#&^*gvadhfbjnf
	at java.net.URI$Parser.fail(URI.java:2995) ~[?:?]
	at java.net.URI$Parser.checkChars(URI.java:3166) ~[?:?]
	at java.net.URI$Parser.parse(URI.java:3210) ~[?:?]
	at java.net.URI.<init>(URI.java:645) ~[?:?]
	at org.apache.poi.openxml4j.opc.PackagingURIHelper.toURI(PackagingURIHelper.java:723) ~[poi-ooxml-5.2.2.jar:5.2.2]
	at org.apache.poi.openxml4j.opc.PackageRelationshipCollection.parseRelationshipsPart(PackageRelationshipCollection.java:358) ~[poi-ooxml-5.2.2.jar:5.2.2]
	at org.apache.poi.openxml4j.opc.PackageRelationshipCollection.<init>(PackageRelationshipCollection.java:160) ~[poi-ooxml-5.2.2.jar:5.2.2]
	at org.apache.poi.openxml4j.opc.PackageRelationshipCollection.<init>(PackageRelationshipCollection.java:130) ~[poi-ooxml-5.2.2.jar:5.2.2]
	at org.apache.poi.openxml4j.opc.PackagePart.loadRelationships(PackagePart.java:565) ~[poi-ooxml-5.2.2.jar:5.2.2]
	at org.apache.poi.openxml4j.opc.OPCPackage.getParts(OPCPackage.java:745) ~[poi-ooxml-5.2.2.jar:5.2.2]
	at org.apache.poi.openxml4j.opc.OPCPackage.open(OPCPackage.java:315) ~[poi-ooxml-5.2.2.jar:5.2.2]
	at org.apache.poi.ooxml.util.PackageHelper.open(PackageHelper.java:59) ~[poi-ooxml-5.2.2.jar:5.2.2]
	at org.apache.poi.xssf.usermodel.XSSFWorkbook.<init>(XSSFWorkbook.java:289) ~[poi-ooxml-5.2.2.jar:5.2.2]
	at org.apache.poi.xssf.usermodel.XSSFWorkbook.<init>(XSSFWorkbook.java:285) ~[poi-ooxml-5.2.2.jar:5.2.2]
	at com.MOFutility.API_Excelutilities.readServiceIdFromExcel(API_Excelutilities.java:20) ~[test-classes/:?]
	at com.MOF.constants.API_URL.<clinit>(API_URL.java:157) ~[test-classes/:?]
	at com.MOFapi.MOFapi.Fetchvalid_SingleService_ValidServiceid(MOFapi.java:4891) ~[test-classes/:?]
	at jdk.internal.reflect.DirectMethodHandleAccessor.invoke(DirectMethodHandleAccessor.java:103) ~[?:?]
	at java.lang.reflect.Method.invoke(Method.java:580) ~[?:?]
	at org.testng.internal.MethodInvocationHelper.invokeMethod(MethodInvocationHelper.java:124) ~[testng-6.14.3.jar:?]
	at org.testng.internal.Invoker.invokeMethod(Invoker.java:583) ~[testng-6.14.3.jar:?]
	at org.testng.internal.Invoker.invokeTestMethod(Invoker.java:719) ~[testng-6.14.3.jar:?]
	at org.testng.internal.Invoker.invokeTestMethods(Invoker.java:989) ~[testng-6.14.3.jar:?]
	at org.testng.internal.TestMethodWorker.invokeTestMethods(TestMethodWorker.java:125) ~[testng-6.14.3.jar:?]
	at org.testng.internal.TestMethodWorker.run(TestMethodWorker.java:109) ~[testng-6.14.3.jar:?]
	at org.testng.TestRunner.privateRun(TestRunner.java:648) ~[testng-6.14.3.jar:?]
	at org.testng.TestRunner.run(TestRunner.java:505) ~[testng-6.14.3.jar:?]
	at org.testng.SuiteRunner.runTest(SuiteRunner.java:455) ~[testng-6.14.3.jar:?]
	at org.testng.SuiteRunner.runSequentially(SuiteRunner.java:450) ~[testng-6.14.3.jar:?]
	at org.testng.SuiteRunner.privateRun(SuiteRunner.java:415) ~[testng-6.14.3.jar:?]
	at org.testng.SuiteRunner.run(SuiteRunner.java:364) ~[testng-6.14.3.jar:?]
	at org.testng.SuiteRunnerWorker.runSuite(SuiteRunnerWorker.java:52) ~[testng-6.14.3.jar:?]
	at org.testng.SuiteRunnerWorker.run(SuiteRunnerWorker.java:84) ~[testng-6.14.3.jar:?]
	at org.testng.TestNG.runSuitesSequentially(TestNG.java:1208) ~[testng-6.14.3.jar:?]
	at org.testng.TestNG.runSuitesLocally(TestNG.java:1137) ~[testng-6.14.3.jar:?]
	at org.testng.TestNG.runSuites(TestNG.java:1049) ~[testng-6.14.3.jar:?]
	at org.testng.TestNG.run(TestNG.java:1017) ~[testng-6.14.3.jar:?]
	at org.apache.maven.surefire.testng.TestNGExecutor.run(TestNGExecutor.java:308) ~[surefire-testng-3.3.0.jar:3.3.0]
	at org.apache.maven.surefire.testng.TestNGXmlTestSuite.execute(TestNGXmlTestSuite.java:71) ~[surefire-testng-3.3.0.jar:3.3.0]
	at org.apache.maven.surefire.testng.TestNGProvider.invoke(TestNGProvider.java:113) ~[surefire-testng-3.3.0.jar:3.3.0]
	at org.apache.maven.surefire.booter.ForkedBooter.runSuitesInProcess(ForkedBooter.java:385) ~[surefire-booter-3.3.0.jar:3.3.0]
	at org.apache.maven.surefire.booter.ForkedBooter.execute(ForkedBooter.java:162) ~[surefire-booter-3.3.0.jar:3.3.0]
	at org.apache.maven.surefire.booter.ForkedBooter.run(ForkedBooter.java:507) ~[surefire-booter-3.3.0.jar:3.3.0]
	at org.apache.maven.surefire.booter.ForkedBooter.main(ForkedBooter.java:495) ~[surefire-booter-3.3.0.jar:3.3.0]
17:05:51.267 [main] ERROR org.apache.poi.openxml4j.opc.PackageRelationshipCollection - Cannot convert mailto:ALPA@#$%^245234534 in a valid relationship URI-> dummy-URI used
java.net.URISyntaxException: Malformed escape pair at index 14: mailto:ALPA@#$%^245234534
	at java.net.URI$Parser.fail(URI.java:2995) ~[?:?]
	at java.net.URI$Parser.scanEscape(URI.java:3123) ~[?:?]
	at java.net.URI$Parser.scan(URI.java:3146) ~[?:?]
	at java.net.URI$Parser.checkChars(URI.java:3164) ~[?:?]
	at java.net.URI$Parser.parse(URI.java:3210) ~[?:?]
	at java.net.URI.<init>(URI.java:645) ~[?:?]
	at org.apache.poi.openxml4j.opc.PackagingURIHelper.toURI(PackagingURIHelper.java:723) ~[poi-ooxml-5.2.2.jar:5.2.2]
	at org.apache.poi.openxml4j.opc.PackageRelationshipCollection.parseRelationshipsPart(PackageRelationshipCollection.java:358) ~[poi-ooxml-5.2.2.jar:5.2.2]
	at org.apache.poi.openxml4j.opc.PackageRelationshipCollection.<init>(PackageRelationshipCollection.java:160) ~[poi-ooxml-5.2.2.jar:5.2.2]
	at org.apache.poi.openxml4j.opc.PackageRelationshipCollection.<init>(PackageRelationshipCollection.java:130) ~[poi-ooxml-5.2.2.jar:5.2.2]
	at org.apache.poi.openxml4j.opc.PackagePart.loadRelationships(PackagePart.java:565) ~[poi-ooxml-5.2.2.jar:5.2.2]
	at org.apache.poi.openxml4j.opc.OPCPackage.getParts(OPCPackage.java:745) ~[poi-ooxml-5.2.2.jar:5.2.2]
	at org.apache.poi.openxml4j.opc.OPCPackage.open(OPCPackage.java:315) ~[poi-ooxml-5.2.2.jar:5.2.2]
	at org.apache.poi.ooxml.util.PackageHelper.open(PackageHelper.java:59) ~[poi-ooxml-5.2.2.jar:5.2.2]
	at org.apache.poi.xssf.usermodel.XSSFWorkbook.<init>(XSSFWorkbook.java:289) ~[poi-ooxml-5.2.2.jar:5.2.2]
	at org.apache.poi.xssf.usermodel.XSSFWorkbook.<init>(XSSFWorkbook.java:285) ~[poi-ooxml-5.2.2.jar:5.2.2]
	at com.MOFutility.API_Excelutilities.readServiceIdFromExcel(API_Excelutilities.java:20) ~[test-classes/:?]
	at com.MOF.constants.API_URL.<clinit>(API_URL.java:158) ~[test-classes/:?]
	at com.MOFapi.MOFapi.Fetchvalid_SingleService_ValidServiceid(MOFapi.java:4891) ~[test-classes/:?]
	at jdk.internal.reflect.DirectMethodHandleAccessor.invoke(DirectMethodHandleAccessor.java:103) ~[?:?]
	at java.lang.reflect.Method.invoke(Method.java:580) ~[?:?]
	at org.testng.internal.MethodInvocationHelper.invokeMethod(MethodInvocationHelper.java:124) ~[testng-6.14.3.jar:?]
	at org.testng.internal.Invoker.invokeMethod(Invoker.java:583) ~[testng-6.14.3.jar:?]
	at org.testng.internal.Invoker.invokeTestMethod(Invoker.java:719) ~[testng-6.14.3.jar:?]
	at org.testng.internal.Invoker.invokeTestMethods(Invoker.java:989) ~[testng-6.14.3.jar:?]
	at org.testng.internal.TestMethodWorker.invokeTestMethods(TestMethodWorker.java:125) ~[testng-6.14.3.jar:?]
	at org.testng.internal.TestMethodWorker.run(TestMethodWorker.java:109) ~[testng-6.14.3.jar:?]
	at org.testng.TestRunner.privateRun(TestRunner.java:648) ~[testng-6.14.3.jar:?]
	at org.testng.TestRunner.run(TestRunner.java:505) ~[testng-6.14.3.jar:?]
	at org.testng.SuiteRunner.runTest(SuiteRunner.java:455) ~[testng-6.14.3.jar:?]
	at org.testng.SuiteRunner.runSequentially(SuiteRunner.java:450) ~[testng-6.14.3.jar:?]
	at org.testng.SuiteRunner.privateRun(SuiteRunner.java:415) ~[testng-6.14.3.jar:?]
	at org.testng.SuiteRunner.run(SuiteRunner.java:364) ~[testng-6.14.3.jar:?]
	at org.testng.SuiteRunnerWorker.runSuite(SuiteRunnerWorker.java:52) ~[testng-6.14.3.jar:?]
	at org.testng.SuiteRunnerWorker.run(SuiteRunnerWorker.java:84) ~[testng-6.14.3.jar:?]
	at org.testng.TestNG.runSuitesSequentially(TestNG.java:1208) ~[testng-6.14.3.jar:?]
	at org.testng.TestNG.runSuitesLocally(TestNG.java:1137) ~[testng-6.14.3.jar:?]
	at org.testng.TestNG.runSuites(TestNG.java:1049) ~[testng-6.14.3.jar:?]
	at org.testng.TestNG.run(TestNG.java:1017) ~[testng-6.14.3.jar:?]
	at org.apache.maven.surefire.testng.TestNGExecutor.run(TestNGExecutor.java:308) ~[surefire-testng-3.3.0.jar:3.3.0]
	at org.apache.maven.surefire.testng.TestNGXmlTestSuite.execute(TestNGXmlTestSuite.java:71) ~[surefire-testng-3.3.0.jar:3.3.0]
	at org.apache.maven.surefire.testng.TestNGProvider.invoke(TestNGProvider.java:113) ~[surefire-testng-3.3.0.jar:3.3.0]
	at org.apache.maven.surefire.booter.ForkedBooter.runSuitesInProcess(ForkedBooter.java:385) ~[surefire-booter-3.3.0.jar:3.3.0]
	at org.apache.maven.surefire.booter.ForkedBooter.execute(ForkedBooter.java:162) ~[surefire-booter-3.3.0.jar:3.3.0]
	at org.apache.maven.surefire.booter.ForkedBooter.run(ForkedBooter.java:507) ~[surefire-booter-3.3.0.jar:3.3.0]
	at org.apache.maven.surefire.booter.ForkedBooter.main(ForkedBooter.java:495) ~[surefire-booter-3.3.0.jar:3.3.0]
17:05:51.268 [main] ERROR org.apache.poi.openxml4j.opc.PackageRelationshipCollection - Cannot convert mailto:ALPHAAAAAA@@@@@!@##$$$%12344 in a valid relationship URI-> dummy-URI used
java.net.URISyntaxException: Illegal character in fragment at index 25: mailto:ALPHAAAAAA@@@@@!@##$$$%12344
	at java.net.URI$Parser.fail(URI.java:2995) ~[?:?]
	at java.net.URI$Parser.checkChars(URI.java:3166) ~[?:?]
	at java.net.URI$Parser.parse(URI.java:3210) ~[?:?]
	at java.net.URI.<init>(URI.java:645) ~[?:?]
	at org.apache.poi.openxml4j.opc.PackagingURIHelper.toURI(PackagingURIHelper.java:723) ~[poi-ooxml-5.2.2.jar:5.2.2]
	at org.apache.poi.openxml4j.opc.PackageRelationshipCollection.parseRelationshipsPart(PackageRelationshipCollection.java:358) ~[poi-ooxml-5.2.2.jar:5.2.2]
	at org.apache.poi.openxml4j.opc.PackageRelationshipCollection.<init>(PackageRelationshipCollection.java:160) ~[poi-ooxml-5.2.2.jar:5.2.2]
	at org.apache.poi.openxml4j.opc.PackageRelationshipCollection.<init>(PackageRelationshipCollection.java:130) ~[poi-ooxml-5.2.2.jar:5.2.2]
	at org.apache.poi.openxml4j.opc.PackagePart.loadRelationships(PackagePart.java:565) ~[poi-ooxml-5.2.2.jar:5.2.2]
	at org.apache.poi.openxml4j.opc.OPCPackage.getParts(OPCPackage.java:745) ~[poi-ooxml-5.2.2.jar:5.2.2]
	at org.apache.poi.openxml4j.opc.OPCPackage.open(OPCPackage.java:315) ~[poi-ooxml-5.2.2.jar:5.2.2]
	at org.apache.poi.ooxml.util.PackageHelper.open(PackageHelper.java:59) ~[poi-ooxml-5.2.2.jar:5.2.2]
	at org.apache.poi.xssf.usermodel.XSSFWorkbook.<init>(XSSFWorkbook.java:289) ~[poi-ooxml-5.2.2.jar:5.2.2]
	at org.apache.poi.xssf.usermodel.XSSFWorkbook.<init>(XSSFWorkbook.java:285) ~[poi-ooxml-5.2.2.jar:5.2.2]
	at com.MOFutility.API_Excelutilities.readServiceIdFromExcel(API_Excelutilities.java:20) ~[test-classes/:?]
	at com.MOF.constants.API_URL.<clinit>(API_URL.java:158) ~[test-classes/:?]
	at com.MOFapi.MOFapi.Fetchvalid_SingleService_ValidServiceid(MOFapi.java:4891) ~[test-classes/:?]
	at jdk.internal.reflect.DirectMethodHandleAccessor.invoke(DirectMethodHandleAccessor.java:103) ~[?:?]
	at java.lang.reflect.Method.invoke(Method.java:580) ~[?:?]
	at org.testng.internal.MethodInvocationHelper.invokeMethod(MethodInvocationHelper.java:124) ~[testng-6.14.3.jar:?]
	at org.testng.internal.Invoker.invokeMethod(Invoker.java:583) ~[testng-6.14.3.jar:?]
	at org.testng.internal.Invoker.invokeTestMethod(Invoker.java:719) ~[testng-6.14.3.jar:?]
	at org.testng.internal.Invoker.invokeTestMethods(Invoker.java:989) ~[testng-6.14.3.jar:?]
	at org.testng.internal.TestMethodWorker.invokeTestMethods(TestMethodWorker.java:125) ~[testng-6.14.3.jar:?]
	at org.testng.internal.TestMethodWorker.run(TestMethodWorker.java:109) ~[testng-6.14.3.jar:?]
	at org.testng.TestRunner.privateRun(TestRunner.java:648) ~[testng-6.14.3.jar:?]
	at org.testng.TestRunner.run(TestRunner.java:505) ~[testng-6.14.3.jar:?]
	at org.testng.SuiteRunner.runTest(SuiteRunner.java:455) ~[testng-6.14.3.jar:?]
	at org.testng.SuiteRunner.runSequentially(SuiteRunner.java:450) ~[testng-6.14.3.jar:?]
	at org.testng.SuiteRunner.privateRun(SuiteRunner.java:415) ~[testng-6.14.3.jar:?]
	at org.testng.SuiteRunner.run(SuiteRunner.java:364) ~[testng-6.14.3.jar:?]
	at org.testng.SuiteRunnerWorker.runSuite(SuiteRunnerWorker.java:52) ~[testng-6.14.3.jar:?]
	at org.testng.SuiteRunnerWorker.run(SuiteRunnerWorker.java:84) ~[testng-6.14.3.jar:?]
	at org.testng.TestNG.runSuitesSequentially(TestNG.java:1208) ~[testng-6.14.3.jar:?]
	at org.testng.TestNG.runSuitesLocally(TestNG.java:1137) ~[testng-6.14.3.jar:?]
	at org.testng.TestNG.runSuites(TestNG.java:1049) ~[testng-6.14.3.jar:?]
	at org.testng.TestNG.run(TestNG.java:1017) ~[testng-6.14.3.jar:?]
	at org.apache.maven.surefire.testng.TestNGExecutor.run(TestNGExecutor.java:308) ~[surefire-testng-3.3.0.jar:3.3.0]
	at org.apache.maven.surefire.testng.TestNGXmlTestSuite.execute(TestNGXmlTestSuite.java:71) ~[surefire-testng-3.3.0.jar:3.3.0]
	at org.apache.maven.surefire.testng.TestNGProvider.invoke(TestNGProvider.java:113) ~[surefire-testng-3.3.0.jar:3.3.0]
	at org.apache.maven.surefire.booter.ForkedBooter.runSuitesInProcess(ForkedBooter.java:385) ~[surefire-booter-3.3.0.jar:3.3.0]
	at org.apache.maven.surefire.booter.ForkedBooter.execute(ForkedBooter.java:162) ~[surefire-booter-3.3.0.jar:3.3.0]
	at org.apache.maven.surefire.booter.ForkedBooter.run(ForkedBooter.java:507) ~[surefire-booter-3.3.0.jar:3.3.0]
	at org.apache.maven.surefire.booter.ForkedBooter.main(ForkedBooter.java:495) ~[surefire-booter-3.3.0.jar:3.3.0]
17:05:51.270 [main] ERROR org.apache.poi.openxml4j.opc.PackageRelationshipCollection - Cannot convert mailto:2343456378912@#&^*gvadhfbjnf in a valid relationship URI-> dummy-URI used
java.net.URISyntaxException: Illegal character in fragment at index 23: mailto:2343456378912@#&^*gvadhfbjnf
	at java.net.URI$Parser.fail(URI.java:2995) ~[?:?]
	at java.net.URI$Parser.checkChars(URI.java:3166) ~[?:?]
	at java.net.URI$Parser.parse(URI.java:3210) ~[?:?]
	at java.net.URI.<init>(URI.java:645) ~[?:?]
	at org.apache.poi.openxml4j.opc.PackagingURIHelper.toURI(PackagingURIHelper.java:723) ~[poi-ooxml-5.2.2.jar:5.2.2]
	at org.apache.poi.openxml4j.opc.PackageRelationshipCollection.parseRelationshipsPart(PackageRelationshipCollection.java:358) ~[poi-ooxml-5.2.2.jar:5.2.2]
	at org.apache.poi.openxml4j.opc.PackageRelationshipCollection.<init>(PackageRelationshipCollection.java:160) ~[poi-ooxml-5.2.2.jar:5.2.2]
	at org.apache.poi.openxml4j.opc.PackageRelationshipCollection.<init>(PackageRelationshipCollection.java:130) ~[poi-ooxml-5.2.2.jar:5.2.2]
	at org.apache.poi.openxml4j.opc.PackagePart.loadRelationships(PackagePart.java:565) ~[poi-ooxml-5.2.2.jar:5.2.2]
	at org.apache.poi.openxml4j.opc.OPCPackage.getParts(OPCPackage.java:745) ~[poi-ooxml-5.2.2.jar:5.2.2]
	at org.apache.poi.openxml4j.opc.OPCPackage.open(OPCPackage.java:315) ~[poi-ooxml-5.2.2.jar:5.2.2]
	at org.apache.poi.ooxml.util.PackageHelper.open(PackageHelper.java:59) ~[poi-ooxml-5.2.2.jar:5.2.2]
	at org.apache.poi.xssf.usermodel.XSSFWorkbook.<init>(XSSFWorkbook.java:289) ~[poi-ooxml-5.2.2.jar:5.2.2]
	at org.apache.poi.xssf.usermodel.XSSFWorkbook.<init>(XSSFWorkbook.java:285) ~[poi-ooxml-5.2.2.jar:5.2.2]
	at com.MOFutility.API_Excelutilities.readServiceIdFromExcel(API_Excelutilities.java:20) ~[test-classes/:?]
	at com.MOF.constants.API_URL.<clinit>(API_URL.java:158) ~[test-classes/:?]
	at com.MOFapi.MOFapi.Fetchvalid_SingleService_ValidServiceid(MOFapi.java:4891) ~[test-classes/:?]
	at jdk.internal.reflect.DirectMethodHandleAccessor.invoke(DirectMethodHandleAccessor.java:103) ~[?:?]
	at java.lang.reflect.Method.invoke(Method.java:580) ~[?:?]
	at org.testng.internal.MethodInvocationHelper.invokeMethod(MethodInvocationHelper.java:124) ~[testng-6.14.3.jar:?]
	at org.testng.internal.Invoker.invokeMethod(Invoker.java:583) ~[testng-6.14.3.jar:?]
	at org.testng.internal.Invoker.invokeTestMethod(Invoker.java:719) ~[testng-6.14.3.jar:?]
	at org.testng.internal.Invoker.invokeTestMethods(Invoker.java:989) ~[testng-6.14.3.jar:?]
	at org.testng.internal.TestMethodWorker.invokeTestMethods(TestMethodWorker.java:125) ~[testng-6.14.3.jar:?]
	at org.testng.internal.TestMethodWorker.run(TestMethodWorker.java:109) ~[testng-6.14.3.jar:?]
	at org.testng.TestRunner.privateRun(TestRunner.java:648) ~[testng-6.14.3.jar:?]
	at org.testng.TestRunner.run(TestRunner.java:505) ~[testng-6.14.3.jar:?]
	at org.testng.SuiteRunner.runTest(SuiteRunner.java:455) ~[testng-6.14.3.jar:?]
	at org.testng.SuiteRunner.runSequentially(SuiteRunner.java:450) ~[testng-6.14.3.jar:?]
	at org.testng.SuiteRunner.privateRun(SuiteRunner.java:415) ~[testng-6.14.3.jar:?]
	at org.testng.SuiteRunner.run(SuiteRunner.java:364) ~[testng-6.14.3.jar:?]
	at org.testng.SuiteRunnerWorker.runSuite(SuiteRunnerWorker.java:52) ~[testng-6.14.3.jar:?]
	at org.testng.SuiteRunnerWorker.run(SuiteRunnerWorker.java:84) ~[testng-6.14.3.jar:?]
	at org.testng.TestNG.runSuitesSequentially(TestNG.java:1208) ~[testng-6.14.3.jar:?]
	at org.testng.TestNG.runSuitesLocally(TestNG.java:1137) ~[testng-6.14.3.jar:?]
	at org.testng.TestNG.runSuites(TestNG.java:1049) ~[testng-6.14.3.jar:?]
	at org.testng.TestNG.run(TestNG.java:1017) ~[testng-6.14.3.jar:?]
	at org.apache.maven.surefire.testng.TestNGExecutor.run(TestNGExecutor.java:308) ~[surefire-testng-3.3.0.jar:3.3.0]
	at org.apache.maven.surefire.testng.TestNGXmlTestSuite.execute(TestNGXmlTestSuite.java:71) ~[surefire-testng-3.3.0.jar:3.3.0]
	at org.apache.maven.surefire.testng.TestNGProvider.invoke(TestNGProvider.java:113) ~[surefire-testng-3.3.0.jar:3.3.0]
	at org.apache.maven.surefire.booter.ForkedBooter.runSuitesInProcess(ForkedBooter.java:385) ~[surefire-booter-3.3.0.jar:3.3.0]
	at org.apache.maven.surefire.booter.ForkedBooter.execute(ForkedBooter.java:162) ~[surefire-booter-3.3.0.jar:3.3.0]
	at org.apache.maven.surefire.booter.ForkedBooter.run(ForkedBooter.java:507) ~[surefire-booter-3.3.0.jar:3.3.0]
	at org.apache.maven.surefire.booter.ForkedBooter.main(ForkedBooter.java:495) ~[surefire-booter-3.3.0.jar:3.3.0]
17:05:51.322 [main] ERROR org.apache.poi.openxml4j.opc.PackageRelationshipCollection - Cannot convert mailto:ALPA@#$%^245234534 in a valid relationship URI-> dummy-URI used
java.net.URISyntaxException: Malformed escape pair at index 14: mailto:ALPA@#$%^245234534
	at java.net.URI$Parser.fail(URI.java:2995) ~[?:?]
	at java.net.URI$Parser.scanEscape(URI.java:3123) ~[?:?]
	at java.net.URI$Parser.scan(URI.java:3146) ~[?:?]
	at java.net.URI$Parser.checkChars(URI.java:3164) ~[?:?]
	at java.net.URI$Parser.parse(URI.java:3210) ~[?:?]
	at java.net.URI.<init>(URI.java:645) ~[?:?]
	at org.apache.poi.openxml4j.opc.PackagingURIHelper.toURI(PackagingURIHelper.java:723) ~[poi-ooxml-5.2.2.jar:5.2.2]
	at org.apache.poi.openxml4j.opc.PackageRelationshipCollection.parseRelationshipsPart(PackageRelationshipCollection.java:358) ~[poi-ooxml-5.2.2.jar:5.2.2]
	at org.apache.poi.openxml4j.opc.PackageRelationshipCollection.<init>(PackageRelationshipCollection.java:160) ~[poi-ooxml-5.2.2.jar:5.2.2]
	at org.apache.poi.openxml4j.opc.PackageRelationshipCollection.<init>(PackageRelationshipCollection.java:130) ~[poi-ooxml-5.2.2.jar:5.2.2]
	at org.apache.poi.openxml4j.opc.PackagePart.loadRelationships(PackagePart.java:565) ~[poi-ooxml-5.2.2.jar:5.2.2]
	at org.apache.poi.openxml4j.opc.OPCPackage.getParts(OPCPackage.java:745) ~[poi-ooxml-5.2.2.jar:5.2.2]
	at org.apache.poi.openxml4j.opc.OPCPackage.open(OPCPackage.java:315) ~[poi-ooxml-5.2.2.jar:5.2.2]
	at org.apache.poi.ooxml.util.PackageHelper.open(PackageHelper.java:59) ~[poi-ooxml-5.2.2.jar:5.2.2]
	at org.apache.poi.xssf.usermodel.XSSFWorkbook.<init>(XSSFWorkbook.java:289) ~[poi-ooxml-5.2.2.jar:5.2.2]
	at org.apache.poi.xssf.usermodel.XSSFWorkbook.<init>(XSSFWorkbook.java:285) ~[poi-ooxml-5.2.2.jar:5.2.2]
	at com.MOFutility.API_Excelutilities.readServiceIdFromExcel(API_Excelutilities.java:20) ~[test-classes/:?]
	at com.MOF.constants.API_URL.<clinit>(API_URL.java:159) ~[test-classes/:?]
	at com.MOFapi.MOFapi.Fetchvalid_SingleService_ValidServiceid(MOFapi.java:4891) ~[test-classes/:?]
	at jdk.internal.reflect.DirectMethodHandleAccessor.invoke(DirectMethodHandleAccessor.java:103) ~[?:?]
	at java.lang.reflect.Method.invoke(Method.java:580) ~[?:?]
	at org.testng.internal.MethodInvocationHelper.invokeMethod(MethodInvocationHelper.java:124) ~[testng-6.14.3.jar:?]
	at org.testng.internal.Invoker.invokeMethod(Invoker.java:583) ~[testng-6.14.3.jar:?]
	at org.testng.internal.Invoker.invokeTestMethod(Invoker.java:719) ~[testng-6.14.3.jar:?]
	at org.testng.internal.Invoker.invokeTestMethods(Invoker.java:989) ~[testng-6.14.3.jar:?]
	at org.testng.internal.TestMethodWorker.invokeTestMethods(TestMethodWorker.java:125) ~[testng-6.14.3.jar:?]
	at org.testng.internal.TestMethodWorker.run(TestMethodWorker.java:109) ~[testng-6.14.3.jar:?]
	at org.testng.TestRunner.privateRun(TestRunner.java:648) ~[testng-6.14.3.jar:?]
	at org.testng.TestRunner.run(TestRunner.java:505) ~[testng-6.14.3.jar:?]
	at org.testng.SuiteRunner.runTest(SuiteRunner.java:455) ~[testng-6.14.3.jar:?]
	at org.testng.SuiteRunner.runSequentially(SuiteRunner.java:450) ~[testng-6.14.3.jar:?]
	at org.testng.SuiteRunner.privateRun(SuiteRunner.java:415) ~[testng-6.14.3.jar:?]
	at org.testng.SuiteRunner.run(SuiteRunner.java:364) ~[testng-6.14.3.jar:?]
	at org.testng.SuiteRunnerWorker.runSuite(SuiteRunnerWorker.java:52) ~[testng-6.14.3.jar:?]
	at org.testng.SuiteRunnerWorker.run(SuiteRunnerWorker.java:84) ~[testng-6.14.3.jar:?]
	at org.testng.TestNG.runSuitesSequentially(TestNG.java:1208) ~[testng-6.14.3.jar:?]
	at org.testng.TestNG.runSuitesLocally(TestNG.java:1137) ~[testng-6.14.3.jar:?]
	at org.testng.TestNG.runSuites(TestNG.java:1049) ~[testng-6.14.3.jar:?]
	at org.testng.TestNG.run(TestNG.java:1017) ~[testng-6.14.3.jar:?]
	at org.apache.maven.surefire.testng.TestNGExecutor.run(TestNGExecutor.java:308) ~[surefire-testng-3.3.0.jar:3.3.0]
	at org.apache.maven.surefire.testng.TestNGXmlTestSuite.execute(TestNGXmlTestSuite.java:71) ~[surefire-testng-3.3.0.jar:3.3.0]
	at org.apache.maven.surefire.testng.TestNGProvider.invoke(TestNGProvider.java:113) ~[surefire-testng-3.3.0.jar:3.3.0]
	at org.apache.maven.surefire.booter.ForkedBooter.runSuitesInProcess(ForkedBooter.java:385) ~[surefire-booter-3.3.0.jar:3.3.0]
	at org.apache.maven.surefire.booter.ForkedBooter.execute(ForkedBooter.java:162) ~[surefire-booter-3.3.0.jar:3.3.0]
	at org.apache.maven.surefire.booter.ForkedBooter.run(ForkedBooter.java:507) ~[surefire-booter-3.3.0.jar:3.3.0]
	at org.apache.maven.surefire.booter.ForkedBooter.main(ForkedBooter.java:495) ~[surefire-booter-3.3.0.jar:3.3.0]
17:05:51.323 [main] ERROR org.apache.poi.openxml4j.opc.PackageRelationshipCollection - Cannot convert mailto:ALPHAAAAAA@@@@@!@##$$$%12344 in a valid relationship URI-> dummy-URI used
java.net.URISyntaxException: Illegal character in fragment at index 25: mailto:ALPHAAAAAA@@@@@!@##$$$%12344
	at java.net.URI$Parser.fail(URI.java:2995) ~[?:?]
	at java.net.URI$Parser.checkChars(URI.java:3166) ~[?:?]
	at java.net.URI$Parser.parse(URI.java:3210) ~[?:?]
	at java.net.URI.<init>(URI.java:645) ~[?:?]
	at org.apache.poi.openxml4j.opc.PackagingURIHelper.toURI(PackagingURIHelper.java:723) ~[poi-ooxml-5.2.2.jar:5.2.2]
	at org.apache.poi.openxml4j.opc.PackageRelationshipCollection.parseRelationshipsPart(PackageRelationshipCollection.java:358) ~[poi-ooxml-5.2.2.jar:5.2.2]
	at org.apache.poi.openxml4j.opc.PackageRelationshipCollection.<init>(PackageRelationshipCollection.java:160) ~[poi-ooxml-5.2.2.jar:5.2.2]
	at org.apache.poi.openxml4j.opc.PackageRelationshipCollection.<init>(PackageRelationshipCollection.java:130) ~[poi-ooxml-5.2.2.jar:5.2.2]
	at org.apache.poi.openxml4j.opc.PackagePart.loadRelationships(PackagePart.java:565) ~[poi-ooxml-5.2.2.jar:5.2.2]
	at org.apache.poi.openxml4j.opc.OPCPackage.getParts(OPCPackage.java:745) ~[poi-ooxml-5.2.2.jar:5.2.2]
	at org.apache.poi.openxml4j.opc.OPCPackage.open(OPCPackage.java:315) ~[poi-ooxml-5.2.2.jar:5.2.2]
	at org.apache.poi.ooxml.util.PackageHelper.open(PackageHelper.java:59) ~[poi-ooxml-5.2.2.jar:5.2.2]
	at org.apache.poi.xssf.usermodel.XSSFWorkbook.<init>(XSSFWorkbook.java:289) ~[poi-ooxml-5.2.2.jar:5.2.2]
	at org.apache.poi.xssf.usermodel.XSSFWorkbook.<init>(XSSFWorkbook.java:285) ~[poi-ooxml-5.2.2.jar:5.2.2]
	at com.MOFutility.API_Excelutilities.readServiceIdFromExcel(API_Excelutilities.java:20) ~[test-classes/:?]
	at com.MOF.constants.API_URL.<clinit>(API_URL.java:159) ~[test-classes/:?]
	at com.MOFapi.MOFapi.Fetchvalid_SingleService_ValidServiceid(MOFapi.java:4891) ~[test-classes/:?]
	at jdk.internal.reflect.DirectMethodHandleAccessor.invoke(DirectMethodHandleAccessor.java:103) ~[?:?]
	at java.lang.reflect.Method.invoke(Method.java:580) ~[?:?]
	at org.testng.internal.MethodInvocationHelper.invokeMethod(MethodInvocationHelper.java:124) ~[testng-6.14.3.jar:?]
	at org.testng.internal.Invoker.invokeMethod(Invoker.java:583) ~[testng-6.14.3.jar:?]
	at org.testng.internal.Invoker.invokeTestMethod(Invoker.java:719) ~[testng-6.14.3.jar:?]
	at org.testng.internal.Invoker.invokeTestMethods(Invoker.java:989) ~[testng-6.14.3.jar:?]
	at org.testng.internal.TestMethodWorker.invokeTestMethods(TestMethodWorker.java:125) ~[testng-6.14.3.jar:?]
	at org.testng.internal.TestMethodWorker.run(TestMethodWorker.java:109) ~[testng-6.14.3.jar:?]
	at org.testng.TestRunner.privateRun(TestRunner.java:648) ~[testng-6.14.3.jar:?]
	at org.testng.TestRunner.run(TestRunner.java:505) ~[testng-6.14.3.jar:?]
	at org.testng.SuiteRunner.runTest(SuiteRunner.java:455) ~[testng-6.14.3.jar:?]
	at org.testng.SuiteRunner.runSequentially(SuiteRunner.java:450) ~[testng-6.14.3.jar:?]
	at org.testng.SuiteRunner.privateRun(SuiteRunner.java:415) ~[testng-6.14.3.jar:?]
	at org.testng.SuiteRunner.run(SuiteRunner.java:364) ~[testng-6.14.3.jar:?]
	at org.testng.SuiteRunnerWorker.runSuite(SuiteRunnerWorker.java:52) ~[testng-6.14.3.jar:?]
	at org.testng.SuiteRunnerWorker.run(SuiteRunnerWorker.java:84) ~[testng-6.14.3.jar:?]
	at org.testng.TestNG.runSuitesSequentially(TestNG.java:1208) ~[testng-6.14.3.jar:?]
	at org.testng.TestNG.runSuitesLocally(TestNG.java:1137) ~[testng-6.14.3.jar:?]
	at org.testng.TestNG.runSuites(TestNG.java:1049) ~[testng-6.14.3.jar:?]
	at org.testng.TestNG.run(TestNG.java:1017) ~[testng-6.14.3.jar:?]
	at org.apache.maven.surefire.testng.TestNGExecutor.run(TestNGExecutor.java:308) ~[surefire-testng-3.3.0.jar:3.3.0]
	at org.apache.maven.surefire.testng.TestNGXmlTestSuite.execute(TestNGXmlTestSuite.java:71) ~[surefire-testng-3.3.0.jar:3.3.0]
	at org.apache.maven.surefire.testng.TestNGProvider.invoke(TestNGProvider.java:113) ~[surefire-testng-3.3.0.jar:3.3.0]
	at org.apache.maven.surefire.booter.ForkedBooter.runSuitesInProcess(ForkedBooter.java:385) ~[surefire-booter-3.3.0.jar:3.3.0]
	at org.apache.maven.surefire.booter.ForkedBooter.execute(ForkedBooter.java:162) ~[surefire-booter-3.3.0.jar:3.3.0]
	at org.apache.maven.surefire.booter.ForkedBooter.run(ForkedBooter.java:507) ~[surefire-booter-3.3.0.jar:3.3.0]
	at org.apache.maven.surefire.booter.ForkedBooter.main(ForkedBooter.java:495) ~[surefire-booter-3.3.0.jar:3.3.0]
17:05:51.324 [main] ERROR org.apache.poi.openxml4j.opc.PackageRelationshipCollection - Cannot convert mailto:2343456378912@#&^*gvadhfbjnf in a valid relationship URI-> dummy-URI used
java.net.URISyntaxException: Illegal character in fragment at index 23: mailto:2343456378912@#&^*gvadhfbjnf
	at java.net.URI$Parser.fail(URI.java:2995) ~[?:?]
	at java.net.URI$Parser.checkChars(URI.java:3166) ~[?:?]
	at java.net.URI$Parser.parse(URI.java:3210) ~[?:?]
	at java.net.URI.<init>(URI.java:645) ~[?:?]
	at org.apache.poi.openxml4j.opc.PackagingURIHelper.toURI(PackagingURIHelper.java:723) ~[poi-ooxml-5.2.2.jar:5.2.2]
	at org.apache.poi.openxml4j.opc.PackageRelationshipCollection.parseRelationshipsPart(PackageRelationshipCollection.java:358) ~[poi-ooxml-5.2.2.jar:5.2.2]
	at org.apache.poi.openxml4j.opc.PackageRelationshipCollection.<init>(PackageRelationshipCollection.java:160) ~[poi-ooxml-5.2.2.jar:5.2.2]
	at org.apache.poi.openxml4j.opc.PackageRelationshipCollection.<init>(PackageRelationshipCollection.java:130) ~[poi-ooxml-5.2.2.jar:5.2.2]
	at org.apache.poi.openxml4j.opc.PackagePart.loadRelationships(PackagePart.java:565) ~[poi-ooxml-5.2.2.jar:5.2.2]
	at org.apache.poi.openxml4j.opc.OPCPackage.getParts(OPCPackage.java:745) ~[poi-ooxml-5.2.2.jar:5.2.2]
	at org.apache.poi.openxml4j.opc.OPCPackage.open(OPCPackage.java:315) ~[poi-ooxml-5.2.2.jar:5.2.2]
	at org.apache.poi.ooxml.util.PackageHelper.open(PackageHelper.java:59) ~[poi-ooxml-5.2.2.jar:5.2.2]
	at org.apache.poi.xssf.usermodel.XSSFWorkbook.<init>(XSSFWorkbook.java:289) ~[poi-ooxml-5.2.2.jar:5.2.2]
	at org.apache.poi.xssf.usermodel.XSSFWorkbook.<init>(XSSFWorkbook.java:285) ~[poi-ooxml-5.2.2.jar:5.2.2]
	at com.MOFutility.API_Excelutilities.readServiceIdFromExcel(API_Excelutilities.java:20) ~[test-classes/:?]
	at com.MOF.constants.API_URL.<clinit>(API_URL.java:159) ~[test-classes/:?]
	at com.MOFapi.MOFapi.Fetchvalid_SingleService_ValidServiceid(MOFapi.java:4891) ~[test-classes/:?]
	at jdk.internal.reflect.DirectMethodHandleAccessor.invoke(DirectMethodHandleAccessor.java:103) ~[?:?]
	at java.lang.reflect.Method.invoke(Method.java:580) ~[?:?]
	at org.testng.internal.MethodInvocationHelper.invokeMethod(MethodInvocationHelper.java:124) ~[testng-6.14.3.jar:?]
	at org.testng.internal.Invoker.invokeMethod(Invoker.java:583) ~[testng-6.14.3.jar:?]
	at org.testng.internal.Invoker.invokeTestMethod(Invoker.java:719) ~[testng-6.14.3.jar:?]
	at org.testng.internal.Invoker.invokeTestMethods(Invoker.java:989) ~[testng-6.14.3.jar:?]
	at org.testng.internal.TestMethodWorker.invokeTestMethods(TestMethodWorker.java:125) ~[testng-6.14.3.jar:?]
	at org.testng.internal.TestMethodWorker.run(TestMethodWorker.java:109) ~[testng-6.14.3.jar:?]
	at org.testng.TestRunner.privateRun(TestRunner.java:648) ~[testng-6.14.3.jar:?]
	at org.testng.TestRunner.run(TestRunner.java:505) ~[testng-6.14.3.jar:?]
	at org.testng.SuiteRunner.runTest(SuiteRunner.java:455) ~[testng-6.14.3.jar:?]
	at org.testng.SuiteRunner.runSequentially(SuiteRunner.java:450) ~[testng-6.14.3.jar:?]
	at org.testng.SuiteRunner.privateRun(SuiteRunner.java:415) ~[testng-6.14.3.jar:?]
	at org.testng.SuiteRunner.run(SuiteRunner.java:364) ~[testng-6.14.3.jar:?]
	at org.testng.SuiteRunnerWorker.runSuite(SuiteRunnerWorker.java:52) ~[testng-6.14.3.jar:?]
	at org.testng.SuiteRunnerWorker.run(SuiteRunnerWorker.java:84) ~[testng-6.14.3.jar:?]
	at org.testng.TestNG.runSuitesSequentially(TestNG.java:1208) ~[testng-6.14.3.jar:?]
	at org.testng.TestNG.runSuitesLocally(TestNG.java:1137) ~[testng-6.14.3.jar:?]
	at org.testng.TestNG.runSuites(TestNG.java:1049) ~[testng-6.14.3.jar:?]
	at org.testng.TestNG.run(TestNG.java:1017) ~[testng-6.14.3.jar:?]
	at org.apache.maven.surefire.testng.TestNGExecutor.run(TestNGExecutor.java:308) ~[surefire-testng-3.3.0.jar:3.3.0]
	at org.apache.maven.surefire.testng.TestNGXmlTestSuite.execute(TestNGXmlTestSuite.java:71) ~[surefire-testng-3.3.0.jar:3.3.0]
	at org.apache.maven.surefire.testng.TestNGProvider.invoke(TestNGProvider.java:113) ~[surefire-testng-3.3.0.jar:3.3.0]
	at org.apache.maven.surefire.booter.ForkedBooter.runSuitesInProcess(ForkedBooter.java:385) ~[surefire-booter-3.3.0.jar:3.3.0]
	at org.apache.maven.surefire.booter.ForkedBooter.execute(ForkedBooter.java:162) ~[surefire-booter-3.3.0.jar:3.3.0]
	at org.apache.maven.surefire.booter.ForkedBooter.run(ForkedBooter.java:507) ~[surefire-booter-3.3.0.jar:3.3.0]
	at org.apache.maven.surefire.booter.ForkedBooter.main(ForkedBooter.java:495) ~[surefire-booter-3.3.0.jar:3.3.0]
17:05:51.375 [main] ERROR org.apache.poi.openxml4j.opc.PackageRelationshipCollection - Cannot convert mailto:ALPA@#$%^245234534 in a valid relationship URI-> dummy-URI used
java.net.URISyntaxException: Malformed escape pair at index 14: mailto:ALPA@#$%^245234534
	at java.net.URI$Parser.fail(URI.java:2995) ~[?:?]
	at java.net.URI$Parser.scanEscape(URI.java:3123) ~[?:?]
	at java.net.URI$Parser.scan(URI.java:3146) ~[?:?]
	at java.net.URI$Parser.checkChars(URI.java:3164) ~[?:?]
	at java.net.URI$Parser.parse(URI.java:3210) ~[?:?]
	at java.net.URI.<init>(URI.java:645) ~[?:?]
	at org.apache.poi.openxml4j.opc.PackagingURIHelper.toURI(PackagingURIHelper.java:723) ~[poi-ooxml-5.2.2.jar:5.2.2]
	at org.apache.poi.openxml4j.opc.PackageRelationshipCollection.parseRelationshipsPart(PackageRelationshipCollection.java:358) ~[poi-ooxml-5.2.2.jar:5.2.2]
	at org.apache.poi.openxml4j.opc.PackageRelationshipCollection.<init>(PackageRelationshipCollection.java:160) ~[poi-ooxml-5.2.2.jar:5.2.2]
	at org.apache.poi.openxml4j.opc.PackageRelationshipCollection.<init>(PackageRelationshipCollection.java:130) ~[poi-ooxml-5.2.2.jar:5.2.2]
	at org.apache.poi.openxml4j.opc.PackagePart.loadRelationships(PackagePart.java:565) ~[poi-ooxml-5.2.2.jar:5.2.2]
	at org.apache.poi.openxml4j.opc.OPCPackage.getParts(OPCPackage.java:745) ~[poi-ooxml-5.2.2.jar:5.2.2]
	at org.apache.poi.openxml4j.opc.OPCPackage.open(OPCPackage.java:315) ~[poi-ooxml-5.2.2.jar:5.2.2]
	at org.apache.poi.ooxml.util.PackageHelper.open(PackageHelper.java:59) ~[poi-ooxml-5.2.2.jar:5.2.2]
	at org.apache.poi.xssf.usermodel.XSSFWorkbook.<init>(XSSFWorkbook.java:289) ~[poi-ooxml-5.2.2.jar:5.2.2]
	at org.apache.poi.xssf.usermodel.XSSFWorkbook.<init>(XSSFWorkbook.java:285) ~[poi-ooxml-5.2.2.jar:5.2.2]
	at com.MOFutility.API_Excelutilities.readServiceIdFromExcel(API_Excelutilities.java:20) ~[test-classes/:?]
	at com.MOF.constants.API_URL.<clinit>(API_URL.java:160) ~[test-classes/:?]
	at com.MOFapi.MOFapi.Fetchvalid_SingleService_ValidServiceid(MOFapi.java:4891) ~[test-classes/:?]
	at jdk.internal.reflect.DirectMethodHandleAccessor.invoke(DirectMethodHandleAccessor.java:103) ~[?:?]
	at java.lang.reflect.Method.invoke(Method.java:580) ~[?:?]
	at org.testng.internal.MethodInvocationHelper.invokeMethod(MethodInvocationHelper.java:124) ~[testng-6.14.3.jar:?]
	at org.testng.internal.Invoker.invokeMethod(Invoker.java:583) ~[testng-6.14.3.jar:?]
	at org.testng.internal.Invoker.invokeTestMethod(Invoker.java:719) ~[testng-6.14.3.jar:?]
	at org.testng.internal.Invoker.invokeTestMethods(Invoker.java:989) ~[testng-6.14.3.jar:?]
	at org.testng.internal.TestMethodWorker.invokeTestMethods(TestMethodWorker.java:125) ~[testng-6.14.3.jar:?]
	at org.testng.internal.TestMethodWorker.run(TestMethodWorker.java:109) ~[testng-6.14.3.jar:?]
	at org.testng.TestRunner.privateRun(TestRunner.java:648) ~[testng-6.14.3.jar:?]
	at org.testng.TestRunner.run(TestRunner.java:505) ~[testng-6.14.3.jar:?]
	at org.testng.SuiteRunner.runTest(SuiteRunner.java:455) ~[testng-6.14.3.jar:?]
	at org.testng.SuiteRunner.runSequentially(SuiteRunner.java:450) ~[testng-6.14.3.jar:?]
	at org.testng.SuiteRunner.privateRun(SuiteRunner.java:415) ~[testng-6.14.3.jar:?]
	at org.testng.SuiteRunner.run(SuiteRunner.java:364) ~[testng-6.14.3.jar:?]
	at org.testng.SuiteRunnerWorker.runSuite(SuiteRunnerWorker.java:52) ~[testng-6.14.3.jar:?]
	at org.testng.SuiteRunnerWorker.run(SuiteRunnerWorker.java:84) ~[testng-6.14.3.jar:?]
	at org.testng.TestNG.runSuitesSequentially(TestNG.java:1208) ~[testng-6.14.3.jar:?]
	at org.testng.TestNG.runSuitesLocally(TestNG.java:1137) ~[testng-6.14.3.jar:?]
	at org.testng.TestNG.runSuites(TestNG.java:1049) ~[testng-6.14.3.jar:?]
	at org.testng.TestNG.run(TestNG.java:1017) ~[testng-6.14.3.jar:?]
	at org.apache.maven.surefire.testng.TestNGExecutor.run(TestNGExecutor.java:308) ~[surefire-testng-3.3.0.jar:3.3.0]
	at org.apache.maven.surefire.testng.TestNGXmlTestSuite.execute(TestNGXmlTestSuite.java:71) ~[surefire-testng-3.3.0.jar:3.3.0]
	at org.apache.maven.surefire.testng.TestNGProvider.invoke(TestNGProvider.java:113) ~[surefire-testng-3.3.0.jar:3.3.0]
	at org.apache.maven.surefire.booter.ForkedBooter.runSuitesInProcess(ForkedBooter.java:385) ~[surefire-booter-3.3.0.jar:3.3.0]
	at org.apache.maven.surefire.booter.ForkedBooter.execute(ForkedBooter.java:162) ~[surefire-booter-3.3.0.jar:3.3.0]
	at org.apache.maven.surefire.booter.ForkedBooter.run(ForkedBooter.java:507) ~[surefire-booter-3.3.0.jar:3.3.0]
	at org.apache.maven.surefire.booter.ForkedBooter.main(ForkedBooter.java:495) ~[surefire-booter-3.3.0.jar:3.3.0]
17:05:51.377 [main] ERROR org.apache.poi.openxml4j.opc.PackageRelationshipCollection - Cannot convert mailto:ALPHAAAAAA@@@@@!@##$$$%12344 in a valid relationship URI-> dummy-URI used
java.net.URISyntaxException: Illegal character in fragment at index 25: mailto:ALPHAAAAAA@@@@@!@##$$$%12344
	at java.net.URI$Parser.fail(URI.java:2995) ~[?:?]
	at java.net.URI$Parser.checkChars(URI.java:3166) ~[?:?]
	at java.net.URI$Parser.parse(URI.java:3210) ~[?:?]
	at java.net.URI.<init>(URI.java:645) ~[?:?]
	at org.apache.poi.openxml4j.opc.PackagingURIHelper.toURI(PackagingURIHelper.java:723) ~[poi-ooxml-5.2.2.jar:5.2.2]
	at org.apache.poi.openxml4j.opc.PackageRelationshipCollection.parseRelationshipsPart(PackageRelationshipCollection.java:358) ~[poi-ooxml-5.2.2.jar:5.2.2]
	at org.apache.poi.openxml4j.opc.PackageRelationshipCollection.<init>(PackageRelationshipCollection.java:160) ~[poi-ooxml-5.2.2.jar:5.2.2]
	at org.apache.poi.openxml4j.opc.PackageRelationshipCollection.<init>(PackageRelationshipCollection.java:130) ~[poi-ooxml-5.2.2.jar:5.2.2]
	at org.apache.poi.openxml4j.opc.PackagePart.loadRelationships(PackagePart.java:565) ~[poi-ooxml-5.2.2.jar:5.2.2]
	at org.apache.poi.openxml4j.opc.OPCPackage.getParts(OPCPackage.java:745) ~[poi-ooxml-5.2.2.jar:5.2.2]
	at org.apache.poi.openxml4j.opc.OPCPackage.open(OPCPackage.java:315) ~[poi-ooxml-5.2.2.jar:5.2.2]
	at org.apache.poi.ooxml.util.PackageHelper.open(PackageHelper.java:59) ~[poi-ooxml-5.2.2.jar:5.2.2]
	at org.apache.poi.xssf.usermodel.XSSFWorkbook.<init>(XSSFWorkbook.java:289) ~[poi-ooxml-5.2.2.jar:5.2.2]
	at org.apache.poi.xssf.usermodel.XSSFWorkbook.<init>(XSSFWorkbook.java:285) ~[poi-ooxml-5.2.2.jar:5.2.2]
	at com.MOFutility.API_Excelutilities.readServiceIdFromExcel(API_Excelutilities.java:20) ~[test-classes/:?]
	at com.MOF.constants.API_URL.<clinit>(API_URL.java:160) ~[test-classes/:?]
	at com.MOFapi.MOFapi.Fetchvalid_SingleService_ValidServiceid(MOFapi.java:4891) ~[test-classes/:?]
	at jdk.internal.reflect.DirectMethodHandleAccessor.invoke(DirectMethodHandleAccessor.java:103) ~[?:?]
	at java.lang.reflect.Method.invoke(Method.java:580) ~[?:?]
	at org.testng.internal.MethodInvocationHelper.invokeMethod(MethodInvocationHelper.java:124) ~[testng-6.14.3.jar:?]
	at org.testng.internal.Invoker.invokeMethod(Invoker.java:583) ~[testng-6.14.3.jar:?]
	at org.testng.internal.Invoker.invokeTestMethod(Invoker.java:719) ~[testng-6.14.3.jar:?]
	at org.testng.internal.Invoker.invokeTestMethods(Invoker.java:989) ~[testng-6.14.3.jar:?]
	at org.testng.internal.TestMethodWorker.invokeTestMethods(TestMethodWorker.java:125) ~[testng-6.14.3.jar:?]
	at org.testng.internal.TestMethodWorker.run(TestMethodWorker.java:109) ~[testng-6.14.3.jar:?]
	at org.testng.TestRunner.privateRun(TestRunner.java:648) ~[testng-6.14.3.jar:?]
	at org.testng.TestRunner.run(TestRunner.java:505) ~[testng-6.14.3.jar:?]
	at org.testng.SuiteRunner.runTest(SuiteRunner.java:455) ~[testng-6.14.3.jar:?]
	at org.testng.SuiteRunner.runSequentially(SuiteRunner.java:450) ~[testng-6.14.3.jar:?]
	at org.testng.SuiteRunner.privateRun(SuiteRunner.java:415) ~[testng-6.14.3.jar:?]
	at org.testng.SuiteRunner.run(SuiteRunner.java:364) ~[testng-6.14.3.jar:?]
	at org.testng.SuiteRunnerWorker.runSuite(SuiteRunnerWorker.java:52) ~[testng-6.14.3.jar:?]
	at org.testng.SuiteRunnerWorker.run(SuiteRunnerWorker.java:84) ~[testng-6.14.3.jar:?]
	at org.testng.TestNG.runSuitesSequentially(TestNG.java:1208) ~[testng-6.14.3.jar:?]
	at org.testng.TestNG.runSuitesLocally(TestNG.java:1137) ~[testng-6.14.3.jar:?]
	at org.testng.TestNG.runSuites(TestNG.java:1049) ~[testng-6.14.3.jar:?]
	at org.testng.TestNG.run(TestNG.java:1017) ~[testng-6.14.3.jar:?]
	at org.apache.maven.surefire.testng.TestNGExecutor.run(TestNGExecutor.java:308) ~[surefire-testng-3.3.0.jar:3.3.0]
	at org.apache.maven.surefire.testng.TestNGXmlTestSuite.execute(TestNGXmlTestSuite.java:71) ~[surefire-testng-3.3.0.jar:3.3.0]
	at org.apache.maven.surefire.testng.TestNGProvider.invoke(TestNGProvider.java:113) ~[surefire-testng-3.3.0.jar:3.3.0]
	at org.apache.maven.surefire.booter.ForkedBooter.runSuitesInProcess(ForkedBooter.java:385) ~[surefire-booter-3.3.0.jar:3.3.0]
	at org.apache.maven.surefire.booter.ForkedBooter.execute(ForkedBooter.java:162) ~[surefire-booter-3.3.0.jar:3.3.0]
	at org.apache.maven.surefire.booter.ForkedBooter.run(ForkedBooter.java:507) ~[surefire-booter-3.3.0.jar:3.3.0]
	at org.apache.maven.surefire.booter.ForkedBooter.main(ForkedBooter.java:495) ~[surefire-booter-3.3.0.jar:3.3.0]
17:05:51.379 [main] ERROR org.apache.poi.openxml4j.opc.PackageRelationshipCollection - Cannot convert mailto:2343456378912@#&^*gvadhfbjnf in a valid relationship URI-> dummy-URI used
java.net.URISyntaxException: Illegal character in fragment at index 23: mailto:2343456378912@#&^*gvadhfbjnf
	at java.net.URI$Parser.fail(URI.java:2995) ~[?:?]
	at java.net.URI$Parser.checkChars(URI.java:3166) ~[?:?]
	at java.net.URI$Parser.parse(URI.java:3210) ~[?:?]
	at java.net.URI.<init>(URI.java:645) ~[?:?]
	at org.apache.poi.openxml4j.opc.PackagingURIHelper.toURI(PackagingURIHelper.java:723) ~[poi-ooxml-5.2.2.jar:5.2.2]
	at org.apache.poi.openxml4j.opc.PackageRelationshipCollection.parseRelationshipsPart(PackageRelationshipCollection.java:358) ~[poi-ooxml-5.2.2.jar:5.2.2]
	at org.apache.poi.openxml4j.opc.PackageRelationshipCollection.<init>(PackageRelationshipCollection.java:160) ~[poi-ooxml-5.2.2.jar:5.2.2]
	at org.apache.poi.openxml4j.opc.PackageRelationshipCollection.<init>(PackageRelationshipCollection.java:130) ~[poi-ooxml-5.2.2.jar:5.2.2]
	at org.apache.poi.openxml4j.opc.PackagePart.loadRelationships(PackagePart.java:565) ~[poi-ooxml-5.2.2.jar:5.2.2]
	at org.apache.poi.openxml4j.opc.OPCPackage.getParts(OPCPackage.java:745) ~[poi-ooxml-5.2.2.jar:5.2.2]
	at org.apache.poi.openxml4j.opc.OPCPackage.open(OPCPackage.java:315) ~[poi-ooxml-5.2.2.jar:5.2.2]
	at org.apache.poi.ooxml.util.PackageHelper.open(PackageHelper.java:59) ~[poi-ooxml-5.2.2.jar:5.2.2]
	at org.apache.poi.xssf.usermodel.XSSFWorkbook.<init>(XSSFWorkbook.java:289) ~[poi-ooxml-5.2.2.jar:5.2.2]
	at org.apache.poi.xssf.usermodel.XSSFWorkbook.<init>(XSSFWorkbook.java:285) ~[poi-ooxml-5.2.2.jar:5.2.2]
	at com.MOFutility.API_Excelutilities.readServiceIdFromExcel(API_Excelutilities.java:20) ~[test-classes/:?]
	at com.MOF.constants.API_URL.<clinit>(API_URL.java:160) ~[test-classes/:?]
	at com.MOFapi.MOFapi.Fetchvalid_SingleService_ValidServiceid(MOFapi.java:4891) ~[test-classes/:?]
	at jdk.internal.reflect.DirectMethodHandleAccessor.invoke(DirectMethodHandleAccessor.java:103) ~[?:?]
	at java.lang.reflect.Method.invoke(Method.java:580) ~[?:?]
	at org.testng.internal.MethodInvocationHelper.invokeMethod(MethodInvocationHelper.java:124) ~[testng-6.14.3.jar:?]
	at org.testng.internal.Invoker.invokeMethod(Invoker.java:583) ~[testng-6.14.3.jar:?]
	at org.testng.internal.Invoker.invokeTestMethod(Invoker.java:719) ~[testng-6.14.3.jar:?]
	at org.testng.internal.Invoker.invokeTestMethods(Invoker.java:989) ~[testng-6.14.3.jar:?]
	at org.testng.internal.TestMethodWorker.invokeTestMethods(TestMethodWorker.java:125) ~[testng-6.14.3.jar:?]
	at org.testng.internal.TestMethodWorker.run(TestMethodWorker.java:109) ~[testng-6.14.3.jar:?]
	at org.testng.TestRunner.privateRun(TestRunner.java:648) ~[testng-6.14.3.jar:?]
	at org.testng.TestRunner.run(TestRunner.java:505) ~[testng-6.14.3.jar:?]
	at org.testng.SuiteRunner.runTest(SuiteRunner.java:455) ~[testng-6.14.3.jar:?]
	at org.testng.SuiteRunner.runSequentially(SuiteRunner.java:450) ~[testng-6.14.3.jar:?]
	at org.testng.SuiteRunner.privateRun(SuiteRunner.java:415) ~[testng-6.14.3.jar:?]
	at org.testng.SuiteRunner.run(SuiteRunner.java:364) ~[testng-6.14.3.jar:?]
	at org.testng.SuiteRunnerWorker.runSuite(SuiteRunnerWorker.java:52) ~[testng-6.14.3.jar:?]
	at org.testng.SuiteRunnerWorker.run(SuiteRunnerWorker.java:84) ~[testng-6.14.3.jar:?]
	at org.testng.TestNG.runSuitesSequentially(TestNG.java:1208) ~[testng-6.14.3.jar:?]
	at org.testng.TestNG.runSuitesLocally(TestNG.java:1137) ~[testng-6.14.3.jar:?]
	at org.testng.TestNG.runSuites(TestNG.java:1049) ~[testng-6.14.3.jar:?]
	at org.testng.TestNG.run(TestNG.java:1017) ~[testng-6.14.3.jar:?]
	at org.apache.maven.surefire.testng.TestNGExecutor.run(TestNGExecutor.java:308) ~[surefire-testng-3.3.0.jar:3.3.0]
	at org.apache.maven.surefire.testng.TestNGXmlTestSuite.execute(TestNGXmlTestSuite.java:71) ~[surefire-testng-3.3.0.jar:3.3.0]
	at org.apache.maven.surefire.testng.TestNGProvider.invoke(TestNGProvider.java:113) ~[surefire-testng-3.3.0.jar:3.3.0]
	at org.apache.maven.surefire.booter.ForkedBooter.runSuitesInProcess(ForkedBooter.java:385) ~[surefire-booter-3.3.0.jar:3.3.0]
	at org.apache.maven.surefire.booter.ForkedBooter.execute(ForkedBooter.java:162) ~[surefire-booter-3.3.0.jar:3.3.0]
	at org.apache.maven.surefire.booter.ForkedBooter.run(ForkedBooter.java:507) ~[surefire-booter-3.3.0.jar:3.3.0]
	at org.apache.maven.surefire.booter.ForkedBooter.main(ForkedBooter.java:495) ~[surefire-booter-3.3.0.jar:3.3.0]
17:05:51.424 [main] ERROR org.apache.poi.openxml4j.opc.PackageRelationshipCollection - Cannot convert mailto:ALPA@#$%^245234534 in a valid relationship URI-> dummy-URI used
java.net.URISyntaxException: Malformed escape pair at index 14: mailto:ALPA@#$%^245234534
	at java.net.URI$Parser.fail(URI.java:2995) ~[?:?]
	at java.net.URI$Parser.scanEscape(URI.java:3123) ~[?:?]
	at java.net.URI$Parser.scan(URI.java:3146) ~[?:?]
	at java.net.URI$Parser.checkChars(URI.java:3164) ~[?:?]
	at java.net.URI$Parser.parse(URI.java:3210) ~[?:?]
	at java.net.URI.<init>(URI.java:645) ~[?:?]
	at org.apache.poi.openxml4j.opc.PackagingURIHelper.toURI(PackagingURIHelper.java:723) ~[poi-ooxml-5.2.2.jar:5.2.2]
	at org.apache.poi.openxml4j.opc.PackageRelationshipCollection.parseRelationshipsPart(PackageRelationshipCollection.java:358) ~[poi-ooxml-5.2.2.jar:5.2.2]
	at org.apache.poi.openxml4j.opc.PackageRelationshipCollection.<init>(PackageRelationshipCollection.java:160) ~[poi-ooxml-5.2.2.jar:5.2.2]
	at org.apache.poi.openxml4j.opc.PackageRelationshipCollection.<init>(PackageRelationshipCollection.java:130) ~[poi-ooxml-5.2.2.jar:5.2.2]
	at org.apache.poi.openxml4j.opc.PackagePart.loadRelationships(PackagePart.java:565) ~[poi-ooxml-5.2.2.jar:5.2.2]
	at org.apache.poi.openxml4j.opc.OPCPackage.getParts(OPCPackage.java:745) ~[poi-ooxml-5.2.2.jar:5.2.2]
	at org.apache.poi.openxml4j.opc.OPCPackage.open(OPCPackage.java:315) ~[poi-ooxml-5.2.2.jar:5.2.2]
	at org.apache.poi.ooxml.util.PackageHelper.open(PackageHelper.java:59) ~[poi-ooxml-5.2.2.jar:5.2.2]
	at org.apache.poi.xssf.usermodel.XSSFWorkbook.<init>(XSSFWorkbook.java:289) ~[poi-ooxml-5.2.2.jar:5.2.2]
	at org.apache.poi.xssf.usermodel.XSSFWorkbook.<init>(XSSFWorkbook.java:285) ~[poi-ooxml-5.2.2.jar:5.2.2]
	at com.MOFutility.API_Excelutilities.readServiceIdFromExcel(API_Excelutilities.java:20) ~[test-classes/:?]
	at com.MOF.constants.API_URL.<clinit>(API_URL.java:161) ~[test-classes/:?]
	at com.MOFapi.MOFapi.Fetchvalid_SingleService_ValidServiceid(MOFapi.java:4891) ~[test-classes/:?]
	at jdk.internal.reflect.DirectMethodHandleAccessor.invoke(DirectMethodHandleAccessor.java:103) ~[?:?]
	at java.lang.reflect.Method.invoke(Method.java:580) ~[?:?]
	at org.testng.internal.MethodInvocationHelper.invokeMethod(MethodInvocationHelper.java:124) ~[testng-6.14.3.jar:?]
	at org.testng.internal.Invoker.invokeMethod(Invoker.java:583) ~[testng-6.14.3.jar:?]
	at org.testng.internal.Invoker.invokeTestMethod(Invoker.java:719) ~[testng-6.14.3.jar:?]
	at org.testng.internal.Invoker.invokeTestMethods(Invoker.java:989) ~[testng-6.14.3.jar:?]
	at org.testng.internal.TestMethodWorker.invokeTestMethods(TestMethodWorker.java:125) ~[testng-6.14.3.jar:?]
	at org.testng.internal.TestMethodWorker.run(TestMethodWorker.java:109) ~[testng-6.14.3.jar:?]
	at org.testng.TestRunner.privateRun(TestRunner.java:648) ~[testng-6.14.3.jar:?]
	at org.testng.TestRunner.run(TestRunner.java:505) ~[testng-6.14.3.jar:?]
	at org.testng.SuiteRunner.runTest(SuiteRunner.java:455) ~[testng-6.14.3.jar:?]
	at org.testng.SuiteRunner.runSequentially(SuiteRunner.java:450) ~[testng-6.14.3.jar:?]
	at org.testng.SuiteRunner.privateRun(SuiteRunner.java:415) ~[testng-6.14.3.jar:?]
	at org.testng.SuiteRunner.run(SuiteRunner.java:364) ~[testng-6.14.3.jar:?]
	at org.testng.SuiteRunnerWorker.runSuite(SuiteRunnerWorker.java:52) ~[testng-6.14.3.jar:?]
	at org.testng.SuiteRunnerWorker.run(SuiteRunnerWorker.java:84) ~[testng-6.14.3.jar:?]
	at org.testng.TestNG.runSuitesSequentially(TestNG.java:1208) ~[testng-6.14.3.jar:?]
	at org.testng.TestNG.runSuitesLocally(TestNG.java:1137) ~[testng-6.14.3.jar:?]
	at org.testng.TestNG.runSuites(TestNG.java:1049) ~[testng-6.14.3.jar:?]
	at org.testng.TestNG.run(TestNG.java:1017) ~[testng-6.14.3.jar:?]
	at org.apache.maven.surefire.testng.TestNGExecutor.run(TestNGExecutor.java:308) ~[surefire-testng-3.3.0.jar:3.3.0]
	at org.apache.maven.surefire.testng.TestNGXmlTestSuite.execute(TestNGXmlTestSuite.java:71) ~[surefire-testng-3.3.0.jar:3.3.0]
	at org.apache.maven.surefire.testng.TestNGProvider.invoke(TestNGProvider.java:113) ~[surefire-testng-3.3.0.jar:3.3.0]
	at org.apache.maven.surefire.booter.ForkedBooter.runSuitesInProcess(ForkedBooter.java:385) ~[surefire-booter-3.3.0.jar:3.3.0]
	at org.apache.maven.surefire.booter.ForkedBooter.execute(ForkedBooter.java:162) ~[surefire-booter-3.3.0.jar:3.3.0]
	at org.apache.maven.surefire.booter.ForkedBooter.run(ForkedBooter.java:507) ~[surefire-booter-3.3.0.jar:3.3.0]
	at org.apache.maven.surefire.booter.ForkedBooter.main(ForkedBooter.java:495) ~[surefire-booter-3.3.0.jar:3.3.0]
17:05:51.425 [main] ERROR org.apache.poi.openxml4j.opc.PackageRelationshipCollection - Cannot convert mailto:ALPHAAAAAA@@@@@!@##$$$%12344 in a valid relationship URI-> dummy-URI used
java.net.URISyntaxException: Illegal character in fragment at index 25: mailto:ALPHAAAAAA@@@@@!@##$$$%12344
	at java.net.URI$Parser.fail(URI.java:2995) ~[?:?]
	at java.net.URI$Parser.checkChars(URI.java:3166) ~[?:?]
	at java.net.URI$Parser.parse(URI.java:3210) ~[?:?]
	at java.net.URI.<init>(URI.java:645) ~[?:?]
	at org.apache.poi.openxml4j.opc.PackagingURIHelper.toURI(PackagingURIHelper.java:723) ~[poi-ooxml-5.2.2.jar:5.2.2]
	at org.apache.poi.openxml4j.opc.PackageRelationshipCollection.parseRelationshipsPart(PackageRelationshipCollection.java:358) ~[poi-ooxml-5.2.2.jar:5.2.2]
	at org.apache.poi.openxml4j.opc.PackageRelationshipCollection.<init>(PackageRelationshipCollection.java:160) ~[poi-ooxml-5.2.2.jar:5.2.2]
	at org.apache.poi.openxml4j.opc.PackageRelationshipCollection.<init>(PackageRelationshipCollection.java:130) ~[poi-ooxml-5.2.2.jar:5.2.2]
	at org.apache.poi.openxml4j.opc.PackagePart.loadRelationships(PackagePart.java:565) ~[poi-ooxml-5.2.2.jar:5.2.2]
	at org.apache.poi.openxml4j.opc.OPCPackage.getParts(OPCPackage.java:745) ~[poi-ooxml-5.2.2.jar:5.2.2]
	at org.apache.poi.openxml4j.opc.OPCPackage.open(OPCPackage.java:315) ~[poi-ooxml-5.2.2.jar:5.2.2]
	at org.apache.poi.ooxml.util.PackageHelper.open(PackageHelper.java:59) ~[poi-ooxml-5.2.2.jar:5.2.2]
	at org.apache.poi.xssf.usermodel.XSSFWorkbook.<init>(XSSFWorkbook.java:289) ~[poi-ooxml-5.2.2.jar:5.2.2]
	at org.apache.poi.xssf.usermodel.XSSFWorkbook.<init>(XSSFWorkbook.java:285) ~[poi-ooxml-5.2.2.jar:5.2.2]
	at com.MOFutility.API_Excelutilities.readServiceIdFromExcel(API_Excelutilities.java:20) ~[test-classes/:?]
	at com.MOF.constants.API_URL.<clinit>(API_URL.java:161) ~[test-classes/:?]
	at com.MOFapi.MOFapi.Fetchvalid_SingleService_ValidServiceid(MOFapi.java:4891) ~[test-classes/:?]
	at jdk.internal.reflect.DirectMethodHandleAccessor.invoke(DirectMethodHandleAccessor.java:103) ~[?:?]
	at java.lang.reflect.Method.invoke(Method.java:580) ~[?:?]
	at org.testng.internal.MethodInvocationHelper.invokeMethod(MethodInvocationHelper.java:124) ~[testng-6.14.3.jar:?]
	at org.testng.internal.Invoker.invokeMethod(Invoker.java:583) ~[testng-6.14.3.jar:?]
	at org.testng.internal.Invoker.invokeTestMethod(Invoker.java:719) ~[testng-6.14.3.jar:?]
	at org.testng.internal.Invoker.invokeTestMethods(Invoker.java:989) ~[testng-6.14.3.jar:?]
	at org.testng.internal.TestMethodWorker.invokeTestMethods(TestMethodWorker.java:125) ~[testng-6.14.3.jar:?]
	at org.testng.internal.TestMethodWorker.run(TestMethodWorker.java:109) ~[testng-6.14.3.jar:?]
	at org.testng.TestRunner.privateRun(TestRunner.java:648) ~[testng-6.14.3.jar:?]
	at org.testng.TestRunner.run(TestRunner.java:505) ~[testng-6.14.3.jar:?]
	at org.testng.SuiteRunner.runTest(SuiteRunner.java:455) ~[testng-6.14.3.jar:?]
	at org.testng.SuiteRunner.runSequentially(SuiteRunner.java:450) ~[testng-6.14.3.jar:?]
	at org.testng.SuiteRunner.privateRun(SuiteRunner.java:415) ~[testng-6.14.3.jar:?]
	at org.testng.SuiteRunner.run(SuiteRunner.java:364) ~[testng-6.14.3.jar:?]
	at org.testng.SuiteRunnerWorker.runSuite(SuiteRunnerWorker.java:52) ~[testng-6.14.3.jar:?]
	at org.testng.SuiteRunnerWorker.run(SuiteRunnerWorker.java:84) ~[testng-6.14.3.jar:?]
	at org.testng.TestNG.runSuitesSequentially(TestNG.java:1208) ~[testng-6.14.3.jar:?]
	at org.testng.TestNG.runSuitesLocally(TestNG.java:1137) ~[testng-6.14.3.jar:?]
	at org.testng.TestNG.runSuites(TestNG.java:1049) ~[testng-6.14.3.jar:?]
	at org.testng.TestNG.run(TestNG.java:1017) ~[testng-6.14.3.jar:?]
	at org.apache.maven.surefire.testng.TestNGExecutor.run(TestNGExecutor.java:308) ~[surefire-testng-3.3.0.jar:3.3.0]
	at org.apache.maven.surefire.testng.TestNGXmlTestSuite.execute(TestNGXmlTestSuite.java:71) ~[surefire-testng-3.3.0.jar:3.3.0]
	at org.apache.maven.surefire.testng.TestNGProvider.invoke(TestNGProvider.java:113) ~[surefire-testng-3.3.0.jar:3.3.0]
	at org.apache.maven.surefire.booter.ForkedBooter.runSuitesInProcess(ForkedBooter.java:385) ~[surefire-booter-3.3.0.jar:3.3.0]
	at org.apache.maven.surefire.booter.ForkedBooter.execute(ForkedBooter.java:162) ~[surefire-booter-3.3.0.jar:3.3.0]
	at org.apache.maven.surefire.booter.ForkedBooter.run(ForkedBooter.java:507) ~[surefire-booter-3.3.0.jar:3.3.0]
	at org.apache.maven.surefire.booter.ForkedBooter.main(ForkedBooter.java:495) ~[surefire-booter-3.3.0.jar:3.3.0]
17:05:51.426 [main] ERROR org.apache.poi.openxml4j.opc.PackageRelationshipCollection - Cannot convert mailto:2343456378912@#&^*gvadhfbjnf in a valid relationship URI-> dummy-URI used
java.net.URISyntaxException: Illegal character in fragment at index 23: mailto:2343456378912@#&^*gvadhfbjnf
	at java.net.URI$Parser.fail(URI.java:2995) ~[?:?]
	at java.net.URI$Parser.checkChars(URI.java:3166) ~[?:?]
	at java.net.URI$Parser.parse(URI.java:3210) ~[?:?]
	at java.net.URI.<init>(URI.java:645) ~[?:?]
	at org.apache.poi.openxml4j.opc.PackagingURIHelper.toURI(PackagingURIHelper.java:723) ~[poi-ooxml-5.2.2.jar:5.2.2]
	at org.apache.poi.openxml4j.opc.PackageRelationshipCollection.parseRelationshipsPart(PackageRelationshipCollection.java:358) ~[poi-ooxml-5.2.2.jar:5.2.2]
	at org.apache.poi.openxml4j.opc.PackageRelationshipCollection.<init>(PackageRelationshipCollection.java:160) ~[poi-ooxml-5.2.2.jar:5.2.2]
	at org.apache.poi.openxml4j.opc.PackageRelationshipCollection.<init>(PackageRelationshipCollection.java:130) ~[poi-ooxml-5.2.2.jar:5.2.2]
	at org.apache.poi.openxml4j.opc.PackagePart.loadRelationships(PackagePart.java:565) ~[poi-ooxml-5.2.2.jar:5.2.2]
	at org.apache.poi.openxml4j.opc.OPCPackage.getParts(OPCPackage.java:745) ~[poi-ooxml-5.2.2.jar:5.2.2]
	at org.apache.poi.openxml4j.opc.OPCPackage.open(OPCPackage.java:315) ~[poi-ooxml-5.2.2.jar:5.2.2]
	at org.apache.poi.ooxml.util.PackageHelper.open(PackageHelper.java:59) ~[poi-ooxml-5.2.2.jar:5.2.2]
	at org.apache.poi.xssf.usermodel.XSSFWorkbook.<init>(XSSFWorkbook.java:289) ~[poi-ooxml-5.2.2.jar:5.2.2]
	at org.apache.poi.xssf.usermodel.XSSFWorkbook.<init>(XSSFWorkbook.java:285) ~[poi-ooxml-5.2.2.jar:5.2.2]
	at com.MOFutility.API_Excelutilities.readServiceIdFromExcel(API_Excelutilities.java:20) ~[test-classes/:?]
	at com.MOF.constants.API_URL.<clinit>(API_URL.java:161) ~[test-classes/:?]
	at com.MOFapi.MOFapi.Fetchvalid_SingleService_ValidServiceid(MOFapi.java:4891) ~[test-classes/:?]
	at jdk.internal.reflect.DirectMethodHandleAccessor.invoke(DirectMethodHandleAccessor.java:103) ~[?:?]
	at java.lang.reflect.Method.invoke(Method.java:580) ~[?:?]
	at org.testng.internal.MethodInvocationHelper.invokeMethod(MethodInvocationHelper.java:124) ~[testng-6.14.3.jar:?]
	at org.testng.internal.Invoker.invokeMethod(Invoker.java:583) ~[testng-6.14.3.jar:?]
	at org.testng.internal.Invoker.invokeTestMethod(Invoker.java:719) ~[testng-6.14.3.jar:?]
	at org.testng.internal.Invoker.invokeTestMethods(Invoker.java:989) ~[testng-6.14.3.jar:?]
	at org.testng.internal.TestMethodWorker.invokeTestMethods(TestMethodWorker.java:125) ~[testng-6.14.3.jar:?]
	at org.testng.internal.TestMethodWorker.run(TestMethodWorker.java:109) ~[testng-6.14.3.jar:?]
	at org.testng.TestRunner.privateRun(TestRunner.java:648) ~[testng-6.14.3.jar:?]
	at org.testng.TestRunner.run(TestRunner.java:505) ~[testng-6.14.3.jar:?]
	at org.testng.SuiteRunner.runTest(SuiteRunner.java:455) ~[testng-6.14.3.jar:?]
	at org.testng.SuiteRunner.runSequentially(SuiteRunner.java:450) ~[testng-6.14.3.jar:?]
	at org.testng.SuiteRunner.privateRun(SuiteRunner.java:415) ~[testng-6.14.3.jar:?]
	at org.testng.SuiteRunner.run(SuiteRunner.java:364) ~[testng-6.14.3.jar:?]
	at org.testng.SuiteRunnerWorker.runSuite(SuiteRunnerWorker.java:52) ~[testng-6.14.3.jar:?]
	at org.testng.SuiteRunnerWorker.run(SuiteRunnerWorker.java:84) ~[testng-6.14.3.jar:?]
	at org.testng.TestNG.runSuitesSequentially(TestNG.java:1208) ~[testng-6.14.3.jar:?]
	at org.testng.TestNG.runSuitesLocally(TestNG.java:1137) ~[testng-6.14.3.jar:?]
	at org.testng.TestNG.runSuites(TestNG.java:1049) ~[testng-6.14.3.jar:?]
	at org.testng.TestNG.run(TestNG.java:1017) ~[testng-6.14.3.jar:?]
	at org.apache.maven.surefire.testng.TestNGExecutor.run(TestNGExecutor.java:308) ~[surefire-testng-3.3.0.jar:3.3.0]
	at org.apache.maven.surefire.testng.TestNGXmlTestSuite.execute(TestNGXmlTestSuite.java:71) ~[surefire-testng-3.3.0.jar:3.3.0]
	at org.apache.maven.surefire.testng.TestNGProvider.invoke(TestNGProvider.java:113) ~[surefire-testng-3.3.0.jar:3.3.0]
	at org.apache.maven.surefire.booter.ForkedBooter.runSuitesInProcess(ForkedBooter.java:385) ~[surefire-booter-3.3.0.jar:3.3.0]
	at org.apache.maven.surefire.booter.ForkedBooter.execute(ForkedBooter.java:162) ~[surefire-booter-3.3.0.jar:3.3.0]
	at org.apache.maven.surefire.booter.ForkedBooter.run(ForkedBooter.java:507) ~[surefire-booter-3.3.0.jar:3.3.0]
	at org.apache.maven.surefire.booter.ForkedBooter.main(ForkedBooter.java:495) ~[surefire-booter-3.3.0.jar:3.3.0]
17:05:51.477 [main] ERROR org.apache.poi.openxml4j.opc.PackageRelationshipCollection - Cannot convert mailto:ALPA@#$%^245234534 in a valid relationship URI-> dummy-URI used
java.net.URISyntaxException: Malformed escape pair at index 14: mailto:ALPA@#$%^245234534
	at java.net.URI$Parser.fail(URI.java:2995) ~[?:?]
	at java.net.URI$Parser.scanEscape(URI.java:3123) ~[?:?]
	at java.net.URI$Parser.scan(URI.java:3146) ~[?:?]
	at java.net.URI$Parser.checkChars(URI.java:3164) ~[?:?]
	at java.net.URI$Parser.parse(URI.java:3210) ~[?:?]
	at java.net.URI.<init>(URI.java:645) ~[?:?]
	at org.apache.poi.openxml4j.opc.PackagingURIHelper.toURI(PackagingURIHelper.java:723) ~[poi-ooxml-5.2.2.jar:5.2.2]
	at org.apache.poi.openxml4j.opc.PackageRelationshipCollection.parseRelationshipsPart(PackageRelationshipCollection.java:358) ~[poi-ooxml-5.2.2.jar:5.2.2]
	at org.apache.poi.openxml4j.opc.PackageRelationshipCollection.<init>(PackageRelationshipCollection.java:160) ~[poi-ooxml-5.2.2.jar:5.2.2]
	at org.apache.poi.openxml4j.opc.PackageRelationshipCollection.<init>(PackageRelationshipCollection.java:130) ~[poi-ooxml-5.2.2.jar:5.2.2]
	at org.apache.poi.openxml4j.opc.PackagePart.loadRelationships(PackagePart.java:565) ~[poi-ooxml-5.2.2.jar:5.2.2]
	at org.apache.poi.openxml4j.opc.OPCPackage.getParts(OPCPackage.java:745) ~[poi-ooxml-5.2.2.jar:5.2.2]
	at org.apache.poi.openxml4j.opc.OPCPackage.open(OPCPackage.java:315) ~[poi-ooxml-5.2.2.jar:5.2.2]
	at org.apache.poi.ooxml.util.PackageHelper.open(PackageHelper.java:59) ~[poi-ooxml-5.2.2.jar:5.2.2]
	at org.apache.poi.xssf.usermodel.XSSFWorkbook.<init>(XSSFWorkbook.java:289) ~[poi-ooxml-5.2.2.jar:5.2.2]
	at org.apache.poi.xssf.usermodel.XSSFWorkbook.<init>(XSSFWorkbook.java:285) ~[poi-ooxml-5.2.2.jar:5.2.2]
	at com.MOFutility.API_Excelutilities.readServiceIdFromExcel(API_Excelutilities.java:20) ~[test-classes/:?]
	at com.MOF.constants.API_URL.<clinit>(API_URL.java:162) ~[test-classes/:?]
	at com.MOFapi.MOFapi.Fetchvalid_SingleService_ValidServiceid(MOFapi.java:4891) ~[test-classes/:?]
	at jdk.internal.reflect.DirectMethodHandleAccessor.invoke(DirectMethodHandleAccessor.java:103) ~[?:?]
	at java.lang.reflect.Method.invoke(Method.java:580) ~[?:?]
	at org.testng.internal.MethodInvocationHelper.invokeMethod(MethodInvocationHelper.java:124) ~[testng-6.14.3.jar:?]
	at org.testng.internal.Invoker.invokeMethod(Invoker.java:583) ~[testng-6.14.3.jar:?]
	at org.testng.internal.Invoker.invokeTestMethod(Invoker.java:719) ~[testng-6.14.3.jar:?]
	at org.testng.internal.Invoker.invokeTestMethods(Invoker.java:989) ~[testng-6.14.3.jar:?]
	at org.testng.internal.TestMethodWorker.invokeTestMethods(TestMethodWorker.java:125) ~[testng-6.14.3.jar:?]
	at org.testng.internal.TestMethodWorker.run(TestMethodWorker.java:109) ~[testng-6.14.3.jar:?]
	at org.testng.TestRunner.privateRun(TestRunner.java:648) ~[testng-6.14.3.jar:?]
	at org.testng.TestRunner.run(TestRunner.java:505) ~[testng-6.14.3.jar:?]
	at org.testng.SuiteRunner.runTest(SuiteRunner.java:455) ~[testng-6.14.3.jar:?]
	at org.testng.SuiteRunner.runSequentially(SuiteRunner.java:450) ~[testng-6.14.3.jar:?]
	at org.testng.SuiteRunner.privateRun(SuiteRunner.java:415) ~[testng-6.14.3.jar:?]
	at org.testng.SuiteRunner.run(SuiteRunner.java:364) ~[testng-6.14.3.jar:?]
	at org.testng.SuiteRunnerWorker.runSuite(SuiteRunnerWorker.java:52) ~[testng-6.14.3.jar:?]
	at org.testng.SuiteRunnerWorker.run(SuiteRunnerWorker.java:84) ~[testng-6.14.3.jar:?]
	at org.testng.TestNG.runSuitesSequentially(TestNG.java:1208) ~[testng-6.14.3.jar:?]
	at org.testng.TestNG.runSuitesLocally(TestNG.java:1137) ~[testng-6.14.3.jar:?]
	at org.testng.TestNG.runSuites(TestNG.java:1049) ~[testng-6.14.3.jar:?]
	at org.testng.TestNG.run(TestNG.java:1017) ~[testng-6.14.3.jar:?]
	at org.apache.maven.surefire.testng.TestNGExecutor.run(TestNGExecutor.java:308) ~[surefire-testng-3.3.0.jar:3.3.0]
	at org.apache.maven.surefire.testng.TestNGXmlTestSuite.execute(TestNGXmlTestSuite.java:71) ~[surefire-testng-3.3.0.jar:3.3.0]
	at org.apache.maven.surefire.testng.TestNGProvider.invoke(TestNGProvider.java:113) ~[surefire-testng-3.3.0.jar:3.3.0]
	at org.apache.maven.surefire.booter.ForkedBooter.runSuitesInProcess(ForkedBooter.java:385) ~[surefire-booter-3.3.0.jar:3.3.0]
	at org.apache.maven.surefire.booter.ForkedBooter.execute(ForkedBooter.java:162) ~[surefire-booter-3.3.0.jar:3.3.0]
	at org.apache.maven.surefire.booter.ForkedBooter.run(ForkedBooter.java:507) ~[surefire-booter-3.3.0.jar:3.3.0]
	at org.apache.maven.surefire.booter.ForkedBooter.main(ForkedBooter.java:495) ~[surefire-booter-3.3.0.jar:3.3.0]
17:05:51.479 [main] ERROR org.apache.poi.openxml4j.opc.PackageRelationshipCollection - Cannot convert mailto:ALPHAAAAAA@@@@@!@##$$$%12344 in a valid relationship URI-> dummy-URI used
java.net.URISyntaxException: Illegal character in fragment at index 25: mailto:ALPHAAAAAA@@@@@!@##$$$%12344
	at java.net.URI$Parser.fail(URI.java:2995) ~[?:?]
	at java.net.URI$Parser.checkChars(URI.java:3166) ~[?:?]
	at java.net.URI$Parser.parse(URI.java:3210) ~[?:?]
	at java.net.URI.<init>(URI.java:645) ~[?:?]
	at org.apache.poi.openxml4j.opc.PackagingURIHelper.toURI(PackagingURIHelper.java:723) ~[poi-ooxml-5.2.2.jar:5.2.2]
	at org.apache.poi.openxml4j.opc.PackageRelationshipCollection.parseRelationshipsPart(PackageRelationshipCollection.java:358) ~[poi-ooxml-5.2.2.jar:5.2.2]
	at org.apache.poi.openxml4j.opc.PackageRelationshipCollection.<init>(PackageRelationshipCollection.java:160) ~[poi-ooxml-5.2.2.jar:5.2.2]
	at org.apache.poi.openxml4j.opc.PackageRelationshipCollection.<init>(PackageRelationshipCollection.java:130) ~[poi-ooxml-5.2.2.jar:5.2.2]
	at org.apache.poi.openxml4j.opc.PackagePart.loadRelationships(PackagePart.java:565) ~[poi-ooxml-5.2.2.jar:5.2.2]
	at org.apache.poi.openxml4j.opc.OPCPackage.getParts(OPCPackage.java:745) ~[poi-ooxml-5.2.2.jar:5.2.2]
	at org.apache.poi.openxml4j.opc.OPCPackage.open(OPCPackage.java:315) ~[poi-ooxml-5.2.2.jar:5.2.2]
	at org.apache.poi.ooxml.util.PackageHelper.open(PackageHelper.java:59) ~[poi-ooxml-5.2.2.jar:5.2.2]
	at org.apache.poi.xssf.usermodel.XSSFWorkbook.<init>(XSSFWorkbook.java:289) ~[poi-ooxml-5.2.2.jar:5.2.2]
	at org.apache.poi.xssf.usermodel.XSSFWorkbook.<init>(XSSFWorkbook.java:285) ~[poi-ooxml-5.2.2.jar:5.2.2]
	at com.MOFutility.API_Excelutilities.readServiceIdFromExcel(API_Excelutilities.java:20) ~[test-classes/:?]
	at com.MOF.constants.API_URL.<clinit>(API_URL.java:162) ~[test-classes/:?]
	at com.MOFapi.MOFapi.Fetchvalid_SingleService_ValidServiceid(MOFapi.java:4891) ~[test-classes/:?]
	at jdk.internal.reflect.DirectMethodHandleAccessor.invoke(DirectMethodHandleAccessor.java:103) ~[?:?]
	at java.lang.reflect.Method.invoke(Method.java:580) ~[?:?]
	at org.testng.internal.MethodInvocationHelper.invokeMethod(MethodInvocationHelper.java:124) ~[testng-6.14.3.jar:?]
	at org.testng.internal.Invoker.invokeMethod(Invoker.java:583) ~[testng-6.14.3.jar:?]
	at org.testng.internal.Invoker.invokeTestMethod(Invoker.java:719) ~[testng-6.14.3.jar:?]
	at org.testng.internal.Invoker.invokeTestMethods(Invoker.java:989) ~[testng-6.14.3.jar:?]
	at org.testng.internal.TestMethodWorker.invokeTestMethods(TestMethodWorker.java:125) ~[testng-6.14.3.jar:?]
	at org.testng.internal.TestMethodWorker.run(TestMethodWorker.java:109) ~[testng-6.14.3.jar:?]
	at org.testng.TestRunner.privateRun(TestRunner.java:648) ~[testng-6.14.3.jar:?]
	at org.testng.TestRunner.run(TestRunner.java:505) ~[testng-6.14.3.jar:?]
	at org.testng.SuiteRunner.runTest(SuiteRunner.java:455) ~[testng-6.14.3.jar:?]
	at org.testng.SuiteRunner.runSequentially(SuiteRunner.java:450) ~[testng-6.14.3.jar:?]
	at org.testng.SuiteRunner.privateRun(SuiteRunner.java:415) ~[testng-6.14.3.jar:?]
	at org.testng.SuiteRunner.run(SuiteRunner.java:364) ~[testng-6.14.3.jar:?]
	at org.testng.SuiteRunnerWorker.runSuite(SuiteRunnerWorker.java:52) ~[testng-6.14.3.jar:?]
	at org.testng.SuiteRunnerWorker.run(SuiteRunnerWorker.java:84) ~[testng-6.14.3.jar:?]
	at org.testng.TestNG.runSuitesSequentially(TestNG.java:1208) ~[testng-6.14.3.jar:?]
	at org.testng.TestNG.runSuitesLocally(TestNG.java:1137) ~[testng-6.14.3.jar:?]
	at org.testng.TestNG.runSuites(TestNG.java:1049) ~[testng-6.14.3.jar:?]
	at org.testng.TestNG.run(TestNG.java:1017) ~[testng-6.14.3.jar:?]
	at org.apache.maven.surefire.testng.TestNGExecutor.run(TestNGExecutor.java:308) ~[surefire-testng-3.3.0.jar:3.3.0]
	at org.apache.maven.surefire.testng.TestNGXmlTestSuite.execute(TestNGXmlTestSuite.java:71) ~[surefire-testng-3.3.0.jar:3.3.0]
	at org.apache.maven.surefire.testng.TestNGProvider.invoke(TestNGProvider.java:113) ~[surefire-testng-3.3.0.jar:3.3.0]
	at org.apache.maven.surefire.booter.ForkedBooter.runSuitesInProcess(ForkedBooter.java:385) ~[surefire-booter-3.3.0.jar:3.3.0]
	at org.apache.maven.surefire.booter.ForkedBooter.execute(ForkedBooter.java:162) ~[surefire-booter-3.3.0.jar:3.3.0]
	at org.apache.maven.surefire.booter.ForkedBooter.run(ForkedBooter.java:507) ~[surefire-booter-3.3.0.jar:3.3.0]
	at org.apache.maven.surefire.booter.ForkedBooter.main(ForkedBooter.java:495) ~[surefire-booter-3.3.0.jar:3.3.0]
17:05:51.480 [main] ERROR org.apache.poi.openxml4j.opc.PackageRelationshipCollection - Cannot convert mailto:2343456378912@#&^*gvadhfbjnf in a valid relationship URI-> dummy-URI used
java.net.URISyntaxException: Illegal character in fragment at index 23: mailto:2343456378912@#&^*gvadhfbjnf
	at java.net.URI$Parser.fail(URI.java:2995) ~[?:?]
	at java.net.URI$Parser.checkChars(URI.java:3166) ~[?:?]
	at java.net.URI$Parser.parse(URI.java:3210) ~[?:?]
	at java.net.URI.<init>(URI.java:645) ~[?:?]
	at org.apache.poi.openxml4j.opc.PackagingURIHelper.toURI(PackagingURIHelper.java:723) ~[poi-ooxml-5.2.2.jar:5.2.2]
	at org.apache.poi.openxml4j.opc.PackageRelationshipCollection.parseRelationshipsPart(PackageRelationshipCollection.java:358) ~[poi-ooxml-5.2.2.jar:5.2.2]
	at org.apache.poi.openxml4j.opc.PackageRelationshipCollection.<init>(PackageRelationshipCollection.java:160) ~[poi-ooxml-5.2.2.jar:5.2.2]
	at org.apache.poi.openxml4j.opc.PackageRelationshipCollection.<init>(PackageRelationshipCollection.java:130) ~[poi-ooxml-5.2.2.jar:5.2.2]
	at org.apache.poi.openxml4j.opc.PackagePart.loadRelationships(PackagePart.java:565) ~[poi-ooxml-5.2.2.jar:5.2.2]
	at org.apache.poi.openxml4j.opc.OPCPackage.getParts(OPCPackage.java:745) ~[poi-ooxml-5.2.2.jar:5.2.2]
	at org.apache.poi.openxml4j.opc.OPCPackage.open(OPCPackage.java:315) ~[poi-ooxml-5.2.2.jar:5.2.2]
	at org.apache.poi.ooxml.util.PackageHelper.open(PackageHelper.java:59) ~[poi-ooxml-5.2.2.jar:5.2.2]
	at org.apache.poi.xssf.usermodel.XSSFWorkbook.<init>(XSSFWorkbook.java:289) ~[poi-ooxml-5.2.2.jar:5.2.2]
	at org.apache.poi.xssf.usermodel.XSSFWorkbook.<init>(XSSFWorkbook.java:285) ~[poi-ooxml-5.2.2.jar:5.2.2]
	at com.MOFutility.API_Excelutilities.readServiceIdFromExcel(API_Excelutilities.java:20) ~[test-classes/:?]
	at com.MOF.constants.API_URL.<clinit>(API_URL.java:162) ~[test-classes/:?]
	at com.MOFapi.MOFapi.Fetchvalid_SingleService_ValidServiceid(MOFapi.java:4891) ~[test-classes/:?]
	at jdk.internal.reflect.DirectMethodHandleAccessor.invoke(DirectMethodHandleAccessor.java:103) ~[?:?]
	at java.lang.reflect.Method.invoke(Method.java:580) ~[?:?]
	at org.testng.internal.MethodInvocationHelper.invokeMethod(MethodInvocationHelper.java:124) ~[testng-6.14.3.jar:?]
	at org.testng.internal.Invoker.invokeMethod(Invoker.java:583) ~[testng-6.14.3.jar:?]
	at org.testng.internal.Invoker.invokeTestMethod(Invoker.java:719) ~[testng-6.14.3.jar:?]
	at org.testng.internal.Invoker.invokeTestMethods(Invoker.java:989) ~[testng-6.14.3.jar:?]
	at org.testng.internal.TestMethodWorker.invokeTestMethods(TestMethodWorker.java:125) ~[testng-6.14.3.jar:?]
	at org.testng.internal.TestMethodWorker.run(TestMethodWorker.java:109) ~[testng-6.14.3.jar:?]
	at org.testng.TestRunner.privateRun(TestRunner.java:648) ~[testng-6.14.3.jar:?]
	at org.testng.TestRunner.run(TestRunner.java:505) ~[testng-6.14.3.jar:?]
	at org.testng.SuiteRunner.runTest(SuiteRunner.java:455) ~[testng-6.14.3.jar:?]
	at org.testng.SuiteRunner.runSequentially(SuiteRunner.java:450) ~[testng-6.14.3.jar:?]
	at org.testng.SuiteRunner.privateRun(SuiteRunner.java:415) ~[testng-6.14.3.jar:?]
	at org.testng.SuiteRunner.run(SuiteRunner.java:364) ~[testng-6.14.3.jar:?]
	at org.testng.SuiteRunnerWorker.runSuite(SuiteRunnerWorker.java:52) ~[testng-6.14.3.jar:?]
	at org.testng.SuiteRunnerWorker.run(SuiteRunnerWorker.java:84) ~[testng-6.14.3.jar:?]
	at org.testng.TestNG.runSuitesSequentially(TestNG.java:1208) ~[testng-6.14.3.jar:?]
	at org.testng.TestNG.runSuitesLocally(TestNG.java:1137) ~[testng-6.14.3.jar:?]
	at org.testng.TestNG.runSuites(TestNG.java:1049) ~[testng-6.14.3.jar:?]
	at org.testng.TestNG.run(TestNG.java:1017) ~[testng-6.14.3.jar:?]
	at org.apache.maven.surefire.testng.TestNGExecutor.run(TestNGExecutor.java:308) ~[surefire-testng-3.3.0.jar:3.3.0]
	at org.apache.maven.surefire.testng.TestNGXmlTestSuite.execute(TestNGXmlTestSuite.java:71) ~[surefire-testng-3.3.0.jar:3.3.0]
	at org.apache.maven.surefire.testng.TestNGProvider.invoke(TestNGProvider.java:113) ~[surefire-testng-3.3.0.jar:3.3.0]
	at org.apache.maven.surefire.booter.ForkedBooter.runSuitesInProcess(ForkedBooter.java:385) ~[surefire-booter-3.3.0.jar:3.3.0]
	at org.apache.maven.surefire.booter.ForkedBooter.execute(ForkedBooter.java:162) ~[surefire-booter-3.3.0.jar:3.3.0]
	at org.apache.maven.surefire.booter.ForkedBooter.run(ForkedBooter.java:507) ~[surefire-booter-3.3.0.jar:3.3.0]
	at org.apache.maven.surefire.booter.ForkedBooter.main(ForkedBooter.java:495) ~[surefire-booter-3.3.0.jar:3.3.0]
17:05:51.524 [main] ERROR org.apache.poi.openxml4j.opc.PackageRelationshipCollection - Cannot convert mailto:ALPA@#$%^245234534 in a valid relationship URI-> dummy-URI used
java.net.URISyntaxException: Malformed escape pair at index 14: mailto:ALPA@#$%^245234534
	at java.net.URI$Parser.fail(URI.java:2995) ~[?:?]
	at java.net.URI$Parser.scanEscape(URI.java:3123) ~[?:?]
	at java.net.URI$Parser.scan(URI.java:3146) ~[?:?]
	at java.net.URI$Parser.checkChars(URI.java:3164) ~[?:?]
	at java.net.URI$Parser.parse(URI.java:3210) ~[?:?]
	at java.net.URI.<init>(URI.java:645) ~[?:?]
	at org.apache.poi.openxml4j.opc.PackagingURIHelper.toURI(PackagingURIHelper.java:723) ~[poi-ooxml-5.2.2.jar:5.2.2]
	at org.apache.poi.openxml4j.opc.PackageRelationshipCollection.parseRelationshipsPart(PackageRelationshipCollection.java:358) ~[poi-ooxml-5.2.2.jar:5.2.2]
	at org.apache.poi.openxml4j.opc.PackageRelationshipCollection.<init>(PackageRelationshipCollection.java:160) ~[poi-ooxml-5.2.2.jar:5.2.2]
	at org.apache.poi.openxml4j.opc.PackageRelationshipCollection.<init>(PackageRelationshipCollection.java:130) ~[poi-ooxml-5.2.2.jar:5.2.2]
	at org.apache.poi.openxml4j.opc.PackagePart.loadRelationships(PackagePart.java:565) ~[poi-ooxml-5.2.2.jar:5.2.2]
	at org.apache.poi.openxml4j.opc.OPCPackage.getParts(OPCPackage.java:745) ~[poi-ooxml-5.2.2.jar:5.2.2]
	at org.apache.poi.openxml4j.opc.OPCPackage.open(OPCPackage.java:315) ~[poi-ooxml-5.2.2.jar:5.2.2]
	at org.apache.poi.ooxml.util.PackageHelper.open(PackageHelper.java:59) ~[poi-ooxml-5.2.2.jar:5.2.2]
	at org.apache.poi.xssf.usermodel.XSSFWorkbook.<init>(XSSFWorkbook.java:289) ~[poi-ooxml-5.2.2.jar:5.2.2]
	at org.apache.poi.xssf.usermodel.XSSFWorkbook.<init>(XSSFWorkbook.java:285) ~[poi-ooxml-5.2.2.jar:5.2.2]
	at com.MOFutility.API_Excelutilities.readServiceIdFromExcel(API_Excelutilities.java:20) ~[test-classes/:?]
	at com.MOF.constants.API_URL.<clinit>(API_URL.java:164) ~[test-classes/:?]
	at com.MOFapi.MOFapi.Fetchvalid_SingleService_ValidServiceid(MOFapi.java:4891) ~[test-classes/:?]
	at jdk.internal.reflect.DirectMethodHandleAccessor.invoke(DirectMethodHandleAccessor.java:103) ~[?:?]
	at java.lang.reflect.Method.invoke(Method.java:580) ~[?:?]
	at org.testng.internal.MethodInvocationHelper.invokeMethod(MethodInvocationHelper.java:124) ~[testng-6.14.3.jar:?]
	at org.testng.internal.Invoker.invokeMethod(Invoker.java:583) ~[testng-6.14.3.jar:?]
	at org.testng.internal.Invoker.invokeTestMethod(Invoker.java:719) ~[testng-6.14.3.jar:?]
	at org.testng.internal.Invoker.invokeTestMethods(Invoker.java:989) ~[testng-6.14.3.jar:?]
	at org.testng.internal.TestMethodWorker.invokeTestMethods(TestMethodWorker.java:125) ~[testng-6.14.3.jar:?]
	at org.testng.internal.TestMethodWorker.run(TestMethodWorker.java:109) ~[testng-6.14.3.jar:?]
	at org.testng.TestRunner.privateRun(TestRunner.java:648) ~[testng-6.14.3.jar:?]
	at org.testng.TestRunner.run(TestRunner.java:505) ~[testng-6.14.3.jar:?]
	at org.testng.SuiteRunner.runTest(SuiteRunner.java:455) ~[testng-6.14.3.jar:?]
	at org.testng.SuiteRunner.runSequentially(SuiteRunner.java:450) ~[testng-6.14.3.jar:?]
	at org.testng.SuiteRunner.privateRun(SuiteRunner.java:415) ~[testng-6.14.3.jar:?]
	at org.testng.SuiteRunner.run(SuiteRunner.java:364) ~[testng-6.14.3.jar:?]
	at org.testng.SuiteRunnerWorker.runSuite(SuiteRunnerWorker.java:52) ~[testng-6.14.3.jar:?]
	at org.testng.SuiteRunnerWorker.run(SuiteRunnerWorker.java:84) ~[testng-6.14.3.jar:?]
	at org.testng.TestNG.runSuitesSequentially(TestNG.java:1208) ~[testng-6.14.3.jar:?]
	at org.testng.TestNG.runSuitesLocally(TestNG.java:1137) ~[testng-6.14.3.jar:?]
	at org.testng.TestNG.runSuites(TestNG.java:1049) ~[testng-6.14.3.jar:?]
	at org.testng.TestNG.run(TestNG.java:1017) ~[testng-6.14.3.jar:?]
	at org.apache.maven.surefire.testng.TestNGExecutor.run(TestNGExecutor.java:308) ~[surefire-testng-3.3.0.jar:3.3.0]
	at org.apache.maven.surefire.testng.TestNGXmlTestSuite.execute(TestNGXmlTestSuite.java:71) ~[surefire-testng-3.3.0.jar:3.3.0]
	at org.apache.maven.surefire.testng.TestNGProvider.invoke(TestNGProvider.java:113) ~[surefire-testng-3.3.0.jar:3.3.0]
	at org.apache.maven.surefire.booter.ForkedBooter.runSuitesInProcess(ForkedBooter.java:385) ~[surefire-booter-3.3.0.jar:3.3.0]
	at org.apache.maven.surefire.booter.ForkedBooter.execute(ForkedBooter.java:162) ~[surefire-booter-3.3.0.jar:3.3.0]
	at org.apache.maven.surefire.booter.ForkedBooter.run(ForkedBooter.java:507) ~[surefire-booter-3.3.0.jar:3.3.0]
	at org.apache.maven.surefire.booter.ForkedBooter.main(ForkedBooter.java:495) ~[surefire-booter-3.3.0.jar:3.3.0]
17:05:51.525 [main] ERROR org.apache.poi.openxml4j.opc.PackageRelationshipCollection - Cannot convert mailto:ALPHAAAAAA@@@@@!@##$$$%12344 in a valid relationship URI-> dummy-URI used
java.net.URISyntaxException: Illegal character in fragment at index 25: mailto:ALPHAAAAAA@@@@@!@##$$$%12344
	at java.net.URI$Parser.fail(URI.java:2995) ~[?:?]
	at java.net.URI$Parser.checkChars(URI.java:3166) ~[?:?]
	at java.net.URI$Parser.parse(URI.java:3210) ~[?:?]
	at java.net.URI.<init>(URI.java:645) ~[?:?]
	at org.apache.poi.openxml4j.opc.PackagingURIHelper.toURI(PackagingURIHelper.java:723) ~[poi-ooxml-5.2.2.jar:5.2.2]
	at org.apache.poi.openxml4j.opc.PackageRelationshipCollection.parseRelationshipsPart(PackageRelationshipCollection.java:358) ~[poi-ooxml-5.2.2.jar:5.2.2]
	at org.apache.poi.openxml4j.opc.PackageRelationshipCollection.<init>(PackageRelationshipCollection.java:160) ~[poi-ooxml-5.2.2.jar:5.2.2]
	at org.apache.poi.openxml4j.opc.PackageRelationshipCollection.<init>(PackageRelationshipCollection.java:130) ~[poi-ooxml-5.2.2.jar:5.2.2]
	at org.apache.poi.openxml4j.opc.PackagePart.loadRelationships(PackagePart.java:565) ~[poi-ooxml-5.2.2.jar:5.2.2]
	at org.apache.poi.openxml4j.opc.OPCPackage.getParts(OPCPackage.java:745) ~[poi-ooxml-5.2.2.jar:5.2.2]
	at org.apache.poi.openxml4j.opc.OPCPackage.open(OPCPackage.java:315) ~[poi-ooxml-5.2.2.jar:5.2.2]
	at org.apache.poi.ooxml.util.PackageHelper.open(PackageHelper.java:59) ~[poi-ooxml-5.2.2.jar:5.2.2]
	at org.apache.poi.xssf.usermodel.XSSFWorkbook.<init>(XSSFWorkbook.java:289) ~[poi-ooxml-5.2.2.jar:5.2.2]
	at org.apache.poi.xssf.usermodel.XSSFWorkbook.<init>(XSSFWorkbook.java:285) ~[poi-ooxml-5.2.2.jar:5.2.2]
	at com.MOFutility.API_Excelutilities.readServiceIdFromExcel(API_Excelutilities.java:20) ~[test-classes/:?]
	at com.MOF.constants.API_URL.<clinit>(API_URL.java:164) ~[test-classes/:?]
	at com.MOFapi.MOFapi.Fetchvalid_SingleService_ValidServiceid(MOFapi.java:4891) ~[test-classes/:?]
	at jdk.internal.reflect.DirectMethodHandleAccessor.invoke(DirectMethodHandleAccessor.java:103) ~[?:?]
	at java.lang.reflect.Method.invoke(Method.java:580) ~[?:?]
	at org.testng.internal.MethodInvocationHelper.invokeMethod(MethodInvocationHelper.java:124) ~[testng-6.14.3.jar:?]
	at org.testng.internal.Invoker.invokeMethod(Invoker.java:583) ~[testng-6.14.3.jar:?]
	at org.testng.internal.Invoker.invokeTestMethod(Invoker.java:719) ~[testng-6.14.3.jar:?]
	at org.testng.internal.Invoker.invokeTestMethods(Invoker.java:989) ~[testng-6.14.3.jar:?]
	at org.testng.internal.TestMethodWorker.invokeTestMethods(TestMethodWorker.java:125) ~[testng-6.14.3.jar:?]
	at org.testng.internal.TestMethodWorker.run(TestMethodWorker.java:109) ~[testng-6.14.3.jar:?]
	at org.testng.TestRunner.privateRun(TestRunner.java:648) ~[testng-6.14.3.jar:?]
	at org.testng.TestRunner.run(TestRunner.java:505) ~[testng-6.14.3.jar:?]
	at org.testng.SuiteRunner.runTest(SuiteRunner.java:455) ~[testng-6.14.3.jar:?]
	at org.testng.SuiteRunner.runSequentially(SuiteRunner.java:450) ~[testng-6.14.3.jar:?]
	at org.testng.SuiteRunner.privateRun(SuiteRunner.java:415) ~[testng-6.14.3.jar:?]
	at org.testng.SuiteRunner.run(SuiteRunner.java:364) ~[testng-6.14.3.jar:?]
	at org.testng.SuiteRunnerWorker.runSuite(SuiteRunnerWorker.java:52) ~[testng-6.14.3.jar:?]
	at org.testng.SuiteRunnerWorker.run(SuiteRunnerWorker.java:84) ~[testng-6.14.3.jar:?]
	at org.testng.TestNG.runSuitesSequentially(TestNG.java:1208) ~[testng-6.14.3.jar:?]
	at org.testng.TestNG.runSuitesLocally(TestNG.java:1137) ~[testng-6.14.3.jar:?]
	at org.testng.TestNG.runSuites(TestNG.java:1049) ~[testng-6.14.3.jar:?]
	at org.testng.TestNG.run(TestNG.java:1017) ~[testng-6.14.3.jar:?]
	at org.apache.maven.surefire.testng.TestNGExecutor.run(TestNGExecutor.java:308) ~[surefire-testng-3.3.0.jar:3.3.0]
	at org.apache.maven.surefire.testng.TestNGXmlTestSuite.execute(TestNGXmlTestSuite.java:71) ~[surefire-testng-3.3.0.jar:3.3.0]
	at org.apache.maven.surefire.testng.TestNGProvider.invoke(TestNGProvider.java:113) ~[surefire-testng-3.3.0.jar:3.3.0]
	at org.apache.maven.surefire.booter.ForkedBooter.runSuitesInProcess(ForkedBooter.java:385) ~[surefire-booter-3.3.0.jar:3.3.0]
	at org.apache.maven.surefire.booter.ForkedBooter.execute(ForkedBooter.java:162) ~[surefire-booter-3.3.0.jar:3.3.0]
	at org.apache.maven.surefire.booter.ForkedBooter.run(ForkedBooter.java:507) ~[surefire-booter-3.3.0.jar:3.3.0]
	at org.apache.maven.surefire.booter.ForkedBooter.main(ForkedBooter.java:495) ~[surefire-booter-3.3.0.jar:3.3.0]
17:05:51.527 [main] ERROR org.apache.poi.openxml4j.opc.PackageRelationshipCollection - Cannot convert mailto:2343456378912@#&^*gvadhfbjnf in a valid relationship URI-> dummy-URI used
java.net.URISyntaxException: Illegal character in fragment at index 23: mailto:2343456378912@#&^*gvadhfbjnf
	at java.net.URI$Parser.fail(URI.java:2995) ~[?:?]
	at java.net.URI$Parser.checkChars(URI.java:3166) ~[?:?]
	at java.net.URI$Parser.parse(URI.java:3210) ~[?:?]
	at java.net.URI.<init>(URI.java:645) ~[?:?]
	at org.apache.poi.openxml4j.opc.PackagingURIHelper.toURI(PackagingURIHelper.java:723) ~[poi-ooxml-5.2.2.jar:5.2.2]
	at org.apache.poi.openxml4j.opc.PackageRelationshipCollection.parseRelationshipsPart(PackageRelationshipCollection.java:358) ~[poi-ooxml-5.2.2.jar:5.2.2]
	at org.apache.poi.openxml4j.opc.PackageRelationshipCollection.<init>(PackageRelationshipCollection.java:160) ~[poi-ooxml-5.2.2.jar:5.2.2]
	at org.apache.poi.openxml4j.opc.PackageRelationshipCollection.<init>(PackageRelationshipCollection.java:130) ~[poi-ooxml-5.2.2.jar:5.2.2]
	at org.apache.poi.openxml4j.opc.PackagePart.loadRelationships(PackagePart.java:565) ~[poi-ooxml-5.2.2.jar:5.2.2]
	at org.apache.poi.openxml4j.opc.OPCPackage.getParts(OPCPackage.java:745) ~[poi-ooxml-5.2.2.jar:5.2.2]
	at org.apache.poi.openxml4j.opc.OPCPackage.open(OPCPackage.java:315) ~[poi-ooxml-5.2.2.jar:5.2.2]
	at org.apache.poi.ooxml.util.PackageHelper.open(PackageHelper.java:59) ~[poi-ooxml-5.2.2.jar:5.2.2]
	at org.apache.poi.xssf.usermodel.XSSFWorkbook.<init>(XSSFWorkbook.java:289) ~[poi-ooxml-5.2.2.jar:5.2.2]
	at org.apache.poi.xssf.usermodel.XSSFWorkbook.<init>(XSSFWorkbook.java:285) ~[poi-ooxml-5.2.2.jar:5.2.2]
	at com.MOFutility.API_Excelutilities.readServiceIdFromExcel(API_Excelutilities.java:20) ~[test-classes/:?]
	at com.MOF.constants.API_URL.<clinit>(API_URL.java:164) ~[test-classes/:?]
	at com.MOFapi.MOFapi.Fetchvalid_SingleService_ValidServiceid(MOFapi.java:4891) ~[test-classes/:?]
	at jdk.internal.reflect.DirectMethodHandleAccessor.invoke(DirectMethodHandleAccessor.java:103) ~[?:?]
	at java.lang.reflect.Method.invoke(Method.java:580) ~[?:?]
	at org.testng.internal.MethodInvocationHelper.invokeMethod(MethodInvocationHelper.java:124) ~[testng-6.14.3.jar:?]
	at org.testng.internal.Invoker.invokeMethod(Invoker.java:583) ~[testng-6.14.3.jar:?]
	at org.testng.internal.Invoker.invokeTestMethod(Invoker.java:719) ~[testng-6.14.3.jar:?]
	at org.testng.internal.Invoker.invokeTestMethods(Invoker.java:989) ~[testng-6.14.3.jar:?]
	at org.testng.internal.TestMethodWorker.invokeTestMethods(TestMethodWorker.java:125) ~[testng-6.14.3.jar:?]
	at org.testng.internal.TestMethodWorker.run(TestMethodWorker.java:109) ~[testng-6.14.3.jar:?]
	at org.testng.TestRunner.privateRun(TestRunner.java:648) ~[testng-6.14.3.jar:?]
	at org.testng.TestRunner.run(TestRunner.java:505) ~[testng-6.14.3.jar:?]
	at org.testng.SuiteRunner.runTest(SuiteRunner.java:455) ~[testng-6.14.3.jar:?]
	at org.testng.SuiteRunner.runSequentially(SuiteRunner.java:450) ~[testng-6.14.3.jar:?]
	at org.testng.SuiteRunner.privateRun(SuiteRunner.java:415) ~[testng-6.14.3.jar:?]
	at org.testng.SuiteRunner.run(SuiteRunner.java:364) ~[testng-6.14.3.jar:?]
	at org.testng.SuiteRunnerWorker.runSuite(SuiteRunnerWorker.java:52) ~[testng-6.14.3.jar:?]
	at org.testng.SuiteRunnerWorker.run(SuiteRunnerWorker.java:84) ~[testng-6.14.3.jar:?]
	at org.testng.TestNG.runSuitesSequentially(TestNG.java:1208) ~[testng-6.14.3.jar:?]
	at org.testng.TestNG.runSuitesLocally(TestNG.java:1137) ~[testng-6.14.3.jar:?]
	at org.testng.TestNG.runSuites(TestNG.java:1049) ~[testng-6.14.3.jar:?]
	at org.testng.TestNG.run(TestNG.java:1017) ~[testng-6.14.3.jar:?]
	at org.apache.maven.surefire.testng.TestNGExecutor.run(TestNGExecutor.java:308) ~[surefire-testng-3.3.0.jar:3.3.0]
	at org.apache.maven.surefire.testng.TestNGXmlTestSuite.execute(TestNGXmlTestSuite.java:71) ~[surefire-testng-3.3.0.jar:3.3.0]
	at org.apache.maven.surefire.testng.TestNGProvider.invoke(TestNGProvider.java:113) ~[surefire-testng-3.3.0.jar:3.3.0]
	at org.apache.maven.surefire.booter.ForkedBooter.runSuitesInProcess(ForkedBooter.java:385) ~[surefire-booter-3.3.0.jar:3.3.0]
	at org.apache.maven.surefire.booter.ForkedBooter.execute(ForkedBooter.java:162) ~[surefire-booter-3.3.0.jar:3.3.0]
	at org.apache.maven.surefire.booter.ForkedBooter.run(ForkedBooter.java:507) ~[surefire-booter-3.3.0.jar:3.3.0]
	at org.apache.maven.surefire.booter.ForkedBooter.main(ForkedBooter.java:495) ~[surefire-booter-3.3.0.jar:3.3.0]
17:05:51.573 [main] ERROR org.apache.poi.openxml4j.opc.PackageRelationshipCollection - Cannot convert mailto:ALPA@#$%^245234534 in a valid relationship URI-> dummy-URI used
java.net.URISyntaxException: Malformed escape pair at index 14: mailto:ALPA@#$%^245234534
	at java.net.URI$Parser.fail(URI.java:2995) ~[?:?]
	at java.net.URI$Parser.scanEscape(URI.java:3123) ~[?:?]
	at java.net.URI$Parser.scan(URI.java:3146) ~[?:?]
	at java.net.URI$Parser.checkChars(URI.java:3164) ~[?:?]
	at java.net.URI$Parser.parse(URI.java:3210) ~[?:?]
	at java.net.URI.<init>(URI.java:645) ~[?:?]
	at org.apache.poi.openxml4j.opc.PackagingURIHelper.toURI(PackagingURIHelper.java:723) ~[poi-ooxml-5.2.2.jar:5.2.2]
	at org.apache.poi.openxml4j.opc.PackageRelationshipCollection.parseRelationshipsPart(PackageRelationshipCollection.java:358) ~[poi-ooxml-5.2.2.jar:5.2.2]
	at org.apache.poi.openxml4j.opc.PackageRelationshipCollection.<init>(PackageRelationshipCollection.java:160) ~[poi-ooxml-5.2.2.jar:5.2.2]
	at org.apache.poi.openxml4j.opc.PackageRelationshipCollection.<init>(PackageRelationshipCollection.java:130) ~[poi-ooxml-5.2.2.jar:5.2.2]
	at org.apache.poi.openxml4j.opc.PackagePart.loadRelationships(PackagePart.java:565) ~[poi-ooxml-5.2.2.jar:5.2.2]
	at org.apache.poi.openxml4j.opc.OPCPackage.getParts(OPCPackage.java:745) ~[poi-ooxml-5.2.2.jar:5.2.2]
	at org.apache.poi.openxml4j.opc.OPCPackage.open(OPCPackage.java:315) ~[poi-ooxml-5.2.2.jar:5.2.2]
	at org.apache.poi.ooxml.util.PackageHelper.open(PackageHelper.java:59) ~[poi-ooxml-5.2.2.jar:5.2.2]
	at org.apache.poi.xssf.usermodel.XSSFWorkbook.<init>(XSSFWorkbook.java:289) ~[poi-ooxml-5.2.2.jar:5.2.2]
	at org.apache.poi.xssf.usermodel.XSSFWorkbook.<init>(XSSFWorkbook.java:285) ~[poi-ooxml-5.2.2.jar:5.2.2]
	at com.MOFutility.API_Excelutilities.readServiceIdFromExcel(API_Excelutilities.java:20) ~[test-classes/:?]
	at com.MOF.constants.API_URL.<clinit>(API_URL.java:165) ~[test-classes/:?]
	at com.MOFapi.MOFapi.Fetchvalid_SingleService_ValidServiceid(MOFapi.java:4891) ~[test-classes/:?]
	at jdk.internal.reflect.DirectMethodHandleAccessor.invoke(DirectMethodHandleAccessor.java:103) ~[?:?]
	at java.lang.reflect.Method.invoke(Method.java:580) ~[?:?]
	at org.testng.internal.MethodInvocationHelper.invokeMethod(MethodInvocationHelper.java:124) ~[testng-6.14.3.jar:?]
	at org.testng.internal.Invoker.invokeMethod(Invoker.java:583) ~[testng-6.14.3.jar:?]
	at org.testng.internal.Invoker.invokeTestMethod(Invoker.java:719) ~[testng-6.14.3.jar:?]
	at org.testng.internal.Invoker.invokeTestMethods(Invoker.java:989) ~[testng-6.14.3.jar:?]
	at org.testng.internal.TestMethodWorker.invokeTestMethods(TestMethodWorker.java:125) ~[testng-6.14.3.jar:?]
	at org.testng.internal.TestMethodWorker.run(TestMethodWorker.java:109) ~[testng-6.14.3.jar:?]
	at org.testng.TestRunner.privateRun(TestRunner.java:648) ~[testng-6.14.3.jar:?]
	at org.testng.TestRunner.run(TestRunner.java:505) ~[testng-6.14.3.jar:?]
	at org.testng.SuiteRunner.runTest(SuiteRunner.java:455) ~[testng-6.14.3.jar:?]
	at org.testng.SuiteRunner.runSequentially(SuiteRunner.java:450) ~[testng-6.14.3.jar:?]
	at org.testng.SuiteRunner.privateRun(SuiteRunner.java:415) ~[testng-6.14.3.jar:?]
	at org.testng.SuiteRunner.run(SuiteRunner.java:364) ~[testng-6.14.3.jar:?]
	at org.testng.SuiteRunnerWorker.runSuite(SuiteRunnerWorker.java:52) ~[testng-6.14.3.jar:?]
	at org.testng.SuiteRunnerWorker.run(SuiteRunnerWorker.java:84) ~[testng-6.14.3.jar:?]
	at org.testng.TestNG.runSuitesSequentially(TestNG.java:1208) ~[testng-6.14.3.jar:?]
	at org.testng.TestNG.runSuitesLocally(TestNG.java:1137) ~[testng-6.14.3.jar:?]
	at org.testng.TestNG.runSuites(TestNG.java:1049) ~[testng-6.14.3.jar:?]
	at org.testng.TestNG.run(TestNG.java:1017) ~[testng-6.14.3.jar:?]
	at org.apache.maven.surefire.testng.TestNGExecutor.run(TestNGExecutor.java:308) ~[surefire-testng-3.3.0.jar:3.3.0]
	at org.apache.maven.surefire.testng.TestNGXmlTestSuite.execute(TestNGXmlTestSuite.java:71) ~[surefire-testng-3.3.0.jar:3.3.0]
	at org.apache.maven.surefire.testng.TestNGProvider.invoke(TestNGProvider.java:113) ~[surefire-testng-3.3.0.jar:3.3.0]
	at org.apache.maven.surefire.booter.ForkedBooter.runSuitesInProcess(ForkedBooter.java:385) ~[surefire-booter-3.3.0.jar:3.3.0]
	at org.apache.maven.surefire.booter.ForkedBooter.execute(ForkedBooter.java:162) ~[surefire-booter-3.3.0.jar:3.3.0]
	at org.apache.maven.surefire.booter.ForkedBooter.run(ForkedBooter.java:507) ~[surefire-booter-3.3.0.jar:3.3.0]
	at org.apache.maven.surefire.booter.ForkedBooter.main(ForkedBooter.java:495) ~[surefire-booter-3.3.0.jar:3.3.0]
17:05:51.574 [main] ERROR org.apache.poi.openxml4j.opc.PackageRelationshipCollection - Cannot convert mailto:ALPHAAAAAA@@@@@!@##$$$%12344 in a valid relationship URI-> dummy-URI used
java.net.URISyntaxException: Illegal character in fragment at index 25: mailto:ALPHAAAAAA@@@@@!@##$$$%12344
	at java.net.URI$Parser.fail(URI.java:2995) ~[?:?]
	at java.net.URI$Parser.checkChars(URI.java:3166) ~[?:?]
	at java.net.URI$Parser.parse(URI.java:3210) ~[?:?]
	at java.net.URI.<init>(URI.java:645) ~[?:?]
	at org.apache.poi.openxml4j.opc.PackagingURIHelper.toURI(PackagingURIHelper.java:723) ~[poi-ooxml-5.2.2.jar:5.2.2]
	at org.apache.poi.openxml4j.opc.PackageRelationshipCollection.parseRelationshipsPart(PackageRelationshipCollection.java:358) ~[poi-ooxml-5.2.2.jar:5.2.2]
	at org.apache.poi.openxml4j.opc.PackageRelationshipCollection.<init>(PackageRelationshipCollection.java:160) ~[poi-ooxml-5.2.2.jar:5.2.2]
	at org.apache.poi.openxml4j.opc.PackageRelationshipCollection.<init>(PackageRelationshipCollection.java:130) ~[poi-ooxml-5.2.2.jar:5.2.2]
	at org.apache.poi.openxml4j.opc.PackagePart.loadRelationships(PackagePart.java:565) ~[poi-ooxml-5.2.2.jar:5.2.2]
	at org.apache.poi.openxml4j.opc.OPCPackage.getParts(OPCPackage.java:745) ~[poi-ooxml-5.2.2.jar:5.2.2]
	at org.apache.poi.openxml4j.opc.OPCPackage.open(OPCPackage.java:315) ~[poi-ooxml-5.2.2.jar:5.2.2]
	at org.apache.poi.ooxml.util.PackageHelper.open(PackageHelper.java:59) ~[poi-ooxml-5.2.2.jar:5.2.2]
	at org.apache.poi.xssf.usermodel.XSSFWorkbook.<init>(XSSFWorkbook.java:289) ~[poi-ooxml-5.2.2.jar:5.2.2]
	at org.apache.poi.xssf.usermodel.XSSFWorkbook.<init>(XSSFWorkbook.java:285) ~[poi-ooxml-5.2.2.jar:5.2.2]
	at com.MOFutility.API_Excelutilities.readServiceIdFromExcel(API_Excelutilities.java:20) ~[test-classes/:?]
	at com.MOF.constants.API_URL.<clinit>(API_URL.java:165) ~[test-classes/:?]
	at com.MOFapi.MOFapi.Fetchvalid_SingleService_ValidServiceid(MOFapi.java:4891) ~[test-classes/:?]
	at jdk.internal.reflect.DirectMethodHandleAccessor.invoke(DirectMethodHandleAccessor.java:103) ~[?:?]
	at java.lang.reflect.Method.invoke(Method.java:580) ~[?:?]
	at org.testng.internal.MethodInvocationHelper.invokeMethod(MethodInvocationHelper.java:124) ~[testng-6.14.3.jar:?]
	at org.testng.internal.Invoker.invokeMethod(Invoker.java:583) ~[testng-6.14.3.jar:?]
	at org.testng.internal.Invoker.invokeTestMethod(Invoker.java:719) ~[testng-6.14.3.jar:?]
	at org.testng.internal.Invoker.invokeTestMethods(Invoker.java:989) ~[testng-6.14.3.jar:?]
	at org.testng.internal.TestMethodWorker.invokeTestMethods(TestMethodWorker.java:125) ~[testng-6.14.3.jar:?]
	at org.testng.internal.TestMethodWorker.run(TestMethodWorker.java:109) ~[testng-6.14.3.jar:?]
	at org.testng.TestRunner.privateRun(TestRunner.java:648) ~[testng-6.14.3.jar:?]
	at org.testng.TestRunner.run(TestRunner.java:505) ~[testng-6.14.3.jar:?]
	at org.testng.SuiteRunner.runTest(SuiteRunner.java:455) ~[testng-6.14.3.jar:?]
	at org.testng.SuiteRunner.runSequentially(SuiteRunner.java:450) ~[testng-6.14.3.jar:?]
	at org.testng.SuiteRunner.privateRun(SuiteRunner.java:415) ~[testng-6.14.3.jar:?]
	at org.testng.SuiteRunner.run(SuiteRunner.java:364) ~[testng-6.14.3.jar:?]
	at org.testng.SuiteRunnerWorker.runSuite(SuiteRunnerWorker.java:52) ~[testng-6.14.3.jar:?]
	at org.testng.SuiteRunnerWorker.run(SuiteRunnerWorker.java:84) ~[testng-6.14.3.jar:?]
	at org.testng.TestNG.runSuitesSequentially(TestNG.java:1208) ~[testng-6.14.3.jar:?]
	at org.testng.TestNG.runSuitesLocally(TestNG.java:1137) ~[testng-6.14.3.jar:?]
	at org.testng.TestNG.runSuites(TestNG.java:1049) ~[testng-6.14.3.jar:?]
	at org.testng.TestNG.run(TestNG.java:1017) ~[testng-6.14.3.jar:?]
	at org.apache.maven.surefire.testng.TestNGExecutor.run(TestNGExecutor.java:308) ~[surefire-testng-3.3.0.jar:3.3.0]
	at org.apache.maven.surefire.testng.TestNGXmlTestSuite.execute(TestNGXmlTestSuite.java:71) ~[surefire-testng-3.3.0.jar:3.3.0]
	at org.apache.maven.surefire.testng.TestNGProvider.invoke(TestNGProvider.java:113) ~[surefire-testng-3.3.0.jar:3.3.0]
	at org.apache.maven.surefire.booter.ForkedBooter.runSuitesInProcess(ForkedBooter.java:385) ~[surefire-booter-3.3.0.jar:3.3.0]
	at org.apache.maven.surefire.booter.ForkedBooter.execute(ForkedBooter.java:162) ~[surefire-booter-3.3.0.jar:3.3.0]
	at org.apache.maven.surefire.booter.ForkedBooter.run(ForkedBooter.java:507) ~[surefire-booter-3.3.0.jar:3.3.0]
	at org.apache.maven.surefire.booter.ForkedBooter.main(ForkedBooter.java:495) ~[surefire-booter-3.3.0.jar:3.3.0]
17:05:51.575 [main] ERROR org.apache.poi.openxml4j.opc.PackageRelationshipCollection - Cannot convert mailto:2343456378912@#&^*gvadhfbjnf in a valid relationship URI-> dummy-URI used
java.net.URISyntaxException: Illegal character in fragment at index 23: mailto:2343456378912@#&^*gvadhfbjnf
	at java.net.URI$Parser.fail(URI.java:2995) ~[?:?]
	at java.net.URI$Parser.checkChars(URI.java:3166) ~[?:?]
	at java.net.URI$Parser.parse(URI.java:3210) ~[?:?]
	at java.net.URI.<init>(URI.java:645) ~[?:?]
	at org.apache.poi.openxml4j.opc.PackagingURIHelper.toURI(PackagingURIHelper.java:723) ~[poi-ooxml-5.2.2.jar:5.2.2]
	at org.apache.poi.openxml4j.opc.PackageRelationshipCollection.parseRelationshipsPart(PackageRelationshipCollection.java:358) ~[poi-ooxml-5.2.2.jar:5.2.2]
	at org.apache.poi.openxml4j.opc.PackageRelationshipCollection.<init>(PackageRelationshipCollection.java:160) ~[poi-ooxml-5.2.2.jar:5.2.2]
	at org.apache.poi.openxml4j.opc.PackageRelationshipCollection.<init>(PackageRelationshipCollection.java:130) ~[poi-ooxml-5.2.2.jar:5.2.2]
	at org.apache.poi.openxml4j.opc.PackagePart.loadRelationships(PackagePart.java:565) ~[poi-ooxml-5.2.2.jar:5.2.2]
	at org.apache.poi.openxml4j.opc.OPCPackage.getParts(OPCPackage.java:745) ~[poi-ooxml-5.2.2.jar:5.2.2]
	at org.apache.poi.openxml4j.opc.OPCPackage.open(OPCPackage.java:315) ~[poi-ooxml-5.2.2.jar:5.2.2]
	at org.apache.poi.ooxml.util.PackageHelper.open(PackageHelper.java:59) ~[poi-ooxml-5.2.2.jar:5.2.2]
	at org.apache.poi.xssf.usermodel.XSSFWorkbook.<init>(XSSFWorkbook.java:289) ~[poi-ooxml-5.2.2.jar:5.2.2]
	at org.apache.poi.xssf.usermodel.XSSFWorkbook.<init>(XSSFWorkbook.java:285) ~[poi-ooxml-5.2.2.jar:5.2.2]
	at com.MOFutility.API_Excelutilities.readServiceIdFromExcel(API_Excelutilities.java:20) ~[test-classes/:?]
	at com.MOF.constants.API_URL.<clinit>(API_URL.java:165) ~[test-classes/:?]
	at com.MOFapi.MOFapi.Fetchvalid_SingleService_ValidServiceid(MOFapi.java:4891) ~[test-classes/:?]
	at jdk.internal.reflect.DirectMethodHandleAccessor.invoke(DirectMethodHandleAccessor.java:103) ~[?:?]
	at java.lang.reflect.Method.invoke(Method.java:580) ~[?:?]
	at org.testng.internal.MethodInvocationHelper.invokeMethod(MethodInvocationHelper.java:124) ~[testng-6.14.3.jar:?]
	at org.testng.internal.Invoker.invokeMethod(Invoker.java:583) ~[testng-6.14.3.jar:?]
	at org.testng.internal.Invoker.invokeTestMethod(Invoker.java:719) ~[testng-6.14.3.jar:?]
	at org.testng.internal.Invoker.invokeTestMethods(Invoker.java:989) ~[testng-6.14.3.jar:?]
	at org.testng.internal.TestMethodWorker.invokeTestMethods(TestMethodWorker.java:125) ~[testng-6.14.3.jar:?]
	at org.testng.internal.TestMethodWorker.run(TestMethodWorker.java:109) ~[testng-6.14.3.jar:?]
	at org.testng.TestRunner.privateRun(TestRunner.java:648) ~[testng-6.14.3.jar:?]
	at org.testng.TestRunner.run(TestRunner.java:505) ~[testng-6.14.3.jar:?]
	at org.testng.SuiteRunner.runTest(SuiteRunner.java:455) ~[testng-6.14.3.jar:?]
	at org.testng.SuiteRunner.runSequentially(SuiteRunner.java:450) ~[testng-6.14.3.jar:?]
	at org.testng.SuiteRunner.privateRun(SuiteRunner.java:415) ~[testng-6.14.3.jar:?]
	at org.testng.SuiteRunner.run(SuiteRunner.java:364) ~[testng-6.14.3.jar:?]
	at org.testng.SuiteRunnerWorker.runSuite(SuiteRunnerWorker.java:52) ~[testng-6.14.3.jar:?]
	at org.testng.SuiteRunnerWorker.run(SuiteRunnerWorker.java:84) ~[testng-6.14.3.jar:?]
	at org.testng.TestNG.runSuitesSequentially(TestNG.java:1208) ~[testng-6.14.3.jar:?]
	at org.testng.TestNG.runSuitesLocally(TestNG.java:1137) ~[testng-6.14.3.jar:?]
	at org.testng.TestNG.runSuites(TestNG.java:1049) ~[testng-6.14.3.jar:?]
	at org.testng.TestNG.run(TestNG.java:1017) ~[testng-6.14.3.jar:?]
	at org.apache.maven.surefire.testng.TestNGExecutor.run(TestNGExecutor.java:308) ~[surefire-testng-3.3.0.jar:3.3.0]
	at org.apache.maven.surefire.testng.TestNGXmlTestSuite.execute(TestNGXmlTestSuite.java:71) ~[surefire-testng-3.3.0.jar:3.3.0]
	at org.apache.maven.surefire.testng.TestNGProvider.invoke(TestNGProvider.java:113) ~[surefire-testng-3.3.0.jar:3.3.0]
	at org.apache.maven.surefire.booter.ForkedBooter.runSuitesInProcess(ForkedBooter.java:385) ~[surefire-booter-3.3.0.jar:3.3.0]
	at org.apache.maven.surefire.booter.ForkedBooter.execute(ForkedBooter.java:162) ~[surefire-booter-3.3.0.jar:3.3.0]
	at org.apache.maven.surefire.booter.ForkedBooter.run(ForkedBooter.java:507) ~[surefire-booter-3.3.0.jar:3.3.0]
	at org.apache.maven.surefire.booter.ForkedBooter.main(ForkedBooter.java:495) ~[surefire-booter-3.3.0.jar:3.3.0]
17:05:51.626 [main] ERROR org.apache.poi.openxml4j.opc.PackageRelationshipCollection - Cannot convert mailto:ALPA@#$%^245234534 in a valid relationship URI-> dummy-URI used
java.net.URISyntaxException: Malformed escape pair at index 14: mailto:ALPA@#$%^245234534
	at java.net.URI$Parser.fail(URI.java:2995) ~[?:?]
	at java.net.URI$Parser.scanEscape(URI.java:3123) ~[?:?]
	at java.net.URI$Parser.scan(URI.java:3146) ~[?:?]
	at java.net.URI$Parser.checkChars(URI.java:3164) ~[?:?]
	at java.net.URI$Parser.parse(URI.java:3210) ~[?:?]
	at java.net.URI.<init>(URI.java:645) ~[?:?]
	at org.apache.poi.openxml4j.opc.PackagingURIHelper.toURI(PackagingURIHelper.java:723) ~[poi-ooxml-5.2.2.jar:5.2.2]
	at org.apache.poi.openxml4j.opc.PackageRelationshipCollection.parseRelationshipsPart(PackageRelationshipCollection.java:358) ~[poi-ooxml-5.2.2.jar:5.2.2]
	at org.apache.poi.openxml4j.opc.PackageRelationshipCollection.<init>(PackageRelationshipCollection.java:160) ~[poi-ooxml-5.2.2.jar:5.2.2]
	at org.apache.poi.openxml4j.opc.PackageRelationshipCollection.<init>(PackageRelationshipCollection.java:130) ~[poi-ooxml-5.2.2.jar:5.2.2]
	at org.apache.poi.openxml4j.opc.PackagePart.loadRelationships(PackagePart.java:565) ~[poi-ooxml-5.2.2.jar:5.2.2]
	at org.apache.poi.openxml4j.opc.OPCPackage.getParts(OPCPackage.java:745) ~[poi-ooxml-5.2.2.jar:5.2.2]
	at org.apache.poi.openxml4j.opc.OPCPackage.open(OPCPackage.java:315) ~[poi-ooxml-5.2.2.jar:5.2.2]
	at org.apache.poi.ooxml.util.PackageHelper.open(PackageHelper.java:59) ~[poi-ooxml-5.2.2.jar:5.2.2]
	at org.apache.poi.xssf.usermodel.XSSFWorkbook.<init>(XSSFWorkbook.java:289) ~[poi-ooxml-5.2.2.jar:5.2.2]
	at org.apache.poi.xssf.usermodel.XSSFWorkbook.<init>(XSSFWorkbook.java:285) ~[poi-ooxml-5.2.2.jar:5.2.2]
	at com.MOFutility.API_Excelutilities.readServiceIdFromExcel(API_Excelutilities.java:20) ~[test-classes/:?]
	at com.MOF.constants.API_URL.<clinit>(API_URL.java:166) ~[test-classes/:?]
	at com.MOFapi.MOFapi.Fetchvalid_SingleService_ValidServiceid(MOFapi.java:4891) ~[test-classes/:?]
	at jdk.internal.reflect.DirectMethodHandleAccessor.invoke(DirectMethodHandleAccessor.java:103) ~[?:?]
	at java.lang.reflect.Method.invoke(Method.java:580) ~[?:?]
	at org.testng.internal.MethodInvocationHelper.invokeMethod(MethodInvocationHelper.java:124) ~[testng-6.14.3.jar:?]
	at org.testng.internal.Invoker.invokeMethod(Invoker.java:583) ~[testng-6.14.3.jar:?]
	at org.testng.internal.Invoker.invokeTestMethod(Invoker.java:719) ~[testng-6.14.3.jar:?]
	at org.testng.internal.Invoker.invokeTestMethods(Invoker.java:989) ~[testng-6.14.3.jar:?]
	at org.testng.internal.TestMethodWorker.invokeTestMethods(TestMethodWorker.java:125) ~[testng-6.14.3.jar:?]
	at org.testng.internal.TestMethodWorker.run(TestMethodWorker.java:109) ~[testng-6.14.3.jar:?]
	at org.testng.TestRunner.privateRun(TestRunner.java:648) ~[testng-6.14.3.jar:?]
	at org.testng.TestRunner.run(TestRunner.java:505) ~[testng-6.14.3.jar:?]
	at org.testng.SuiteRunner.runTest(SuiteRunner.java:455) ~[testng-6.14.3.jar:?]
	at org.testng.SuiteRunner.runSequentially(SuiteRunner.java:450) ~[testng-6.14.3.jar:?]
	at org.testng.SuiteRunner.privateRun(SuiteRunner.java:415) ~[testng-6.14.3.jar:?]
	at org.testng.SuiteRunner.run(SuiteRunner.java:364) ~[testng-6.14.3.jar:?]
	at org.testng.SuiteRunnerWorker.runSuite(SuiteRunnerWorker.java:52) ~[testng-6.14.3.jar:?]
	at org.testng.SuiteRunnerWorker.run(SuiteRunnerWorker.java:84) ~[testng-6.14.3.jar:?]
	at org.testng.TestNG.runSuitesSequentially(TestNG.java:1208) ~[testng-6.14.3.jar:?]
	at org.testng.TestNG.runSuitesLocally(TestNG.java:1137) ~[testng-6.14.3.jar:?]
	at org.testng.TestNG.runSuites(TestNG.java:1049) ~[testng-6.14.3.jar:?]
	at org.testng.TestNG.run(TestNG.java:1017) ~[testng-6.14.3.jar:?]
	at org.apache.maven.surefire.testng.TestNGExecutor.run(TestNGExecutor.java:308) ~[surefire-testng-3.3.0.jar:3.3.0]
	at org.apache.maven.surefire.testng.TestNGXmlTestSuite.execute(TestNGXmlTestSuite.java:71) ~[surefire-testng-3.3.0.jar:3.3.0]
	at org.apache.maven.surefire.testng.TestNGProvider.invoke(TestNGProvider.java:113) ~[surefire-testng-3.3.0.jar:3.3.0]
	at org.apache.maven.surefire.booter.ForkedBooter.runSuitesInProcess(ForkedBooter.java:385) ~[surefire-booter-3.3.0.jar:3.3.0]
	at org.apache.maven.surefire.booter.ForkedBooter.execute(ForkedBooter.java:162) ~[surefire-booter-3.3.0.jar:3.3.0]
	at org.apache.maven.surefire.booter.ForkedBooter.run(ForkedBooter.java:507) ~[surefire-booter-3.3.0.jar:3.3.0]
	at org.apache.maven.surefire.booter.ForkedBooter.main(ForkedBooter.java:495) ~[surefire-booter-3.3.0.jar:3.3.0]
17:05:51.629 [main] ERROR org.apache.poi.openxml4j.opc.PackageRelationshipCollection - Cannot convert mailto:ALPHAAAAAA@@@@@!@##$$$%12344 in a valid relationship URI-> dummy-URI used
java.net.URISyntaxException: Illegal character in fragment at index 25: mailto:ALPHAAAAAA@@@@@!@##$$$%12344
	at java.net.URI$Parser.fail(URI.java:2995) ~[?:?]
	at java.net.URI$Parser.checkChars(URI.java:3166) ~[?:?]
	at java.net.URI$Parser.parse(URI.java:3210) ~[?:?]
	at java.net.URI.<init>(URI.java:645) ~[?:?]
	at org.apache.poi.openxml4j.opc.PackagingURIHelper.toURI(PackagingURIHelper.java:723) ~[poi-ooxml-5.2.2.jar:5.2.2]
	at org.apache.poi.openxml4j.opc.PackageRelationshipCollection.parseRelationshipsPart(PackageRelationshipCollection.java:358) ~[poi-ooxml-5.2.2.jar:5.2.2]
	at org.apache.poi.openxml4j.opc.PackageRelationshipCollection.<init>(PackageRelationshipCollection.java:160) ~[poi-ooxml-5.2.2.jar:5.2.2]
	at org.apache.poi.openxml4j.opc.PackageRelationshipCollection.<init>(PackageRelationshipCollection.java:130) ~[poi-ooxml-5.2.2.jar:5.2.2]
	at org.apache.poi.openxml4j.opc.PackagePart.loadRelationships(PackagePart.java:565) ~[poi-ooxml-5.2.2.jar:5.2.2]
	at org.apache.poi.openxml4j.opc.OPCPackage.getParts(OPCPackage.java:745) ~[poi-ooxml-5.2.2.jar:5.2.2]
	at org.apache.poi.openxml4j.opc.OPCPackage.open(OPCPackage.java:315) ~[poi-ooxml-5.2.2.jar:5.2.2]
	at org.apache.poi.ooxml.util.PackageHelper.open(PackageHelper.java:59) ~[poi-ooxml-5.2.2.jar:5.2.2]
	at org.apache.poi.xssf.usermodel.XSSFWorkbook.<init>(XSSFWorkbook.java:289) ~[poi-ooxml-5.2.2.jar:5.2.2]
	at org.apache.poi.xssf.usermodel.XSSFWorkbook.<init>(XSSFWorkbook.java:285) ~[poi-ooxml-5.2.2.jar:5.2.2]
	at com.MOFutility.API_Excelutilities.readServiceIdFromExcel(API_Excelutilities.java:20) ~[test-classes/:?]
	at com.MOF.constants.API_URL.<clinit>(API_URL.java:166) ~[test-classes/:?]
	at com.MOFapi.MOFapi.Fetchvalid_SingleService_ValidServiceid(MOFapi.java:4891) ~[test-classes/:?]
	at jdk.internal.reflect.DirectMethodHandleAccessor.invoke(DirectMethodHandleAccessor.java:103) ~[?:?]
	at java.lang.reflect.Method.invoke(Method.java:580) ~[?:?]
	at org.testng.internal.MethodInvocationHelper.invokeMethod(MethodInvocationHelper.java:124) ~[testng-6.14.3.jar:?]
	at org.testng.internal.Invoker.invokeMethod(Invoker.java:583) ~[testng-6.14.3.jar:?]
	at org.testng.internal.Invoker.invokeTestMethod(Invoker.java:719) ~[testng-6.14.3.jar:?]
	at org.testng.internal.Invoker.invokeTestMethods(Invoker.java:989) ~[testng-6.14.3.jar:?]
	at org.testng.internal.TestMethodWorker.invokeTestMethods(TestMethodWorker.java:125) ~[testng-6.14.3.jar:?]
	at org.testng.internal.TestMethodWorker.run(TestMethodWorker.java:109) ~[testng-6.14.3.jar:?]
	at org.testng.TestRunner.privateRun(TestRunner.java:648) ~[testng-6.14.3.jar:?]
	at org.testng.TestRunner.run(TestRunner.java:505) ~[testng-6.14.3.jar:?]
	at org.testng.SuiteRunner.runTest(SuiteRunner.java:455) ~[testng-6.14.3.jar:?]
	at org.testng.SuiteRunner.runSequentially(SuiteRunner.java:450) ~[testng-6.14.3.jar:?]
	at org.testng.SuiteRunner.privateRun(SuiteRunner.java:415) ~[testng-6.14.3.jar:?]
	at org.testng.SuiteRunner.run(SuiteRunner.java:364) ~[testng-6.14.3.jar:?]
	at org.testng.SuiteRunnerWorker.runSuite(SuiteRunnerWorker.java:52) ~[testng-6.14.3.jar:?]
	at org.testng.SuiteRunnerWorker.run(SuiteRunnerWorker.java:84) ~[testng-6.14.3.jar:?]
	at org.testng.TestNG.runSuitesSequentially(TestNG.java:1208) ~[testng-6.14.3.jar:?]
	at org.testng.TestNG.runSuitesLocally(TestNG.java:1137) ~[testng-6.14.3.jar:?]
	at org.testng.TestNG.runSuites(TestNG.java:1049) ~[testng-6.14.3.jar:?]
	at org.testng.TestNG.run(TestNG.java:1017) ~[testng-6.14.3.jar:?]
	at org.apache.maven.surefire.testng.TestNGExecutor.run(TestNGExecutor.java:308) ~[surefire-testng-3.3.0.jar:3.3.0]
	at org.apache.maven.surefire.testng.TestNGXmlTestSuite.execute(TestNGXmlTestSuite.java:71) ~[surefire-testng-3.3.0.jar:3.3.0]
	at org.apache.maven.surefire.testng.TestNGProvider.invoke(TestNGProvider.java:113) ~[surefire-testng-3.3.0.jar:3.3.0]
	at org.apache.maven.surefire.booter.ForkedBooter.runSuitesInProcess(ForkedBooter.java:385) ~[surefire-booter-3.3.0.jar:3.3.0]
	at org.apache.maven.surefire.booter.ForkedBooter.execute(ForkedBooter.java:162) ~[surefire-booter-3.3.0.jar:3.3.0]
	at org.apache.maven.surefire.booter.ForkedBooter.run(ForkedBooter.java:507) ~[surefire-booter-3.3.0.jar:3.3.0]
	at org.apache.maven.surefire.booter.ForkedBooter.main(ForkedBooter.java:495) ~[surefire-booter-3.3.0.jar:3.3.0]
17:05:51.631 [main] ERROR org.apache.poi.openxml4j.opc.PackageRelationshipCollection - Cannot convert mailto:2343456378912@#&^*gvadhfbjnf in a valid relationship URI-> dummy-URI used
java.net.URISyntaxException: Illegal character in fragment at index 23: mailto:2343456378912@#&^*gvadhfbjnf
	at java.net.URI$Parser.fail(URI.java:2995) ~[?:?]
	at java.net.URI$Parser.checkChars(URI.java:3166) ~[?:?]
	at java.net.URI$Parser.parse(URI.java:3210) ~[?:?]
	at java.net.URI.<init>(URI.java:645) ~[?:?]
	at org.apache.poi.openxml4j.opc.PackagingURIHelper.toURI(PackagingURIHelper.java:723) ~[poi-ooxml-5.2.2.jar:5.2.2]
	at org.apache.poi.openxml4j.opc.PackageRelationshipCollection.parseRelationshipsPart(PackageRelationshipCollection.java:358) ~[poi-ooxml-5.2.2.jar:5.2.2]
	at org.apache.poi.openxml4j.opc.PackageRelationshipCollection.<init>(PackageRelationshipCollection.java:160) ~[poi-ooxml-5.2.2.jar:5.2.2]
	at org.apache.poi.openxml4j.opc.PackageRelationshipCollection.<init>(PackageRelationshipCollection.java:130) ~[poi-ooxml-5.2.2.jar:5.2.2]
	at org.apache.poi.openxml4j.opc.PackagePart.loadRelationships(PackagePart.java:565) ~[poi-ooxml-5.2.2.jar:5.2.2]
	at org.apache.poi.openxml4j.opc.OPCPackage.getParts(OPCPackage.java:745) ~[poi-ooxml-5.2.2.jar:5.2.2]
	at org.apache.poi.openxml4j.opc.OPCPackage.open(OPCPackage.java:315) ~[poi-ooxml-5.2.2.jar:5.2.2]
	at org.apache.poi.ooxml.util.PackageHelper.open(PackageHelper.java:59) ~[poi-ooxml-5.2.2.jar:5.2.2]
	at org.apache.poi.xssf.usermodel.XSSFWorkbook.<init>(XSSFWorkbook.java:289) ~[poi-ooxml-5.2.2.jar:5.2.2]
	at org.apache.poi.xssf.usermodel.XSSFWorkbook.<init>(XSSFWorkbook.java:285) ~[poi-ooxml-5.2.2.jar:5.2.2]
	at com.MOFutility.API_Excelutilities.readServiceIdFromExcel(API_Excelutilities.java:20) ~[test-classes/:?]
	at com.MOF.constants.API_URL.<clinit>(API_URL.java:166) ~[test-classes/:?]
	at com.MOFapi.MOFapi.Fetchvalid_SingleService_ValidServiceid(MOFapi.java:4891) ~[test-classes/:?]
	at jdk.internal.reflect.DirectMethodHandleAccessor.invoke(DirectMethodHandleAccessor.java:103) ~[?:?]
	at java.lang.reflect.Method.invoke(Method.java:580) ~[?:?]
	at org.testng.internal.MethodInvocationHelper.invokeMethod(MethodInvocationHelper.java:124) ~[testng-6.14.3.jar:?]
	at org.testng.internal.Invoker.invokeMethod(Invoker.java:583) ~[testng-6.14.3.jar:?]
	at org.testng.internal.Invoker.invokeTestMethod(Invoker.java:719) ~[testng-6.14.3.jar:?]
	at org.testng.internal.Invoker.invokeTestMethods(Invoker.java:989) ~[testng-6.14.3.jar:?]
	at org.testng.internal.TestMethodWorker.invokeTestMethods(TestMethodWorker.java:125) ~[testng-6.14.3.jar:?]
	at org.testng.internal.TestMethodWorker.run(TestMethodWorker.java:109) ~[testng-6.14.3.jar:?]
	at org.testng.TestRunner.privateRun(TestRunner.java:648) ~[testng-6.14.3.jar:?]
	at org.testng.TestRunner.run(TestRunner.java:505) ~[testng-6.14.3.jar:?]
	at org.testng.SuiteRunner.runTest(SuiteRunner.java:455) ~[testng-6.14.3.jar:?]
	at org.testng.SuiteRunner.runSequentially(SuiteRunner.java:450) ~[testng-6.14.3.jar:?]
	at org.testng.SuiteRunner.privateRun(SuiteRunner.java:415) ~[testng-6.14.3.jar:?]
	at org.testng.SuiteRunner.run(SuiteRunner.java:364) ~[testng-6.14.3.jar:?]
	at org.testng.SuiteRunnerWorker.runSuite(SuiteRunnerWorker.java:52) ~[testng-6.14.3.jar:?]
	at org.testng.SuiteRunnerWorker.run(SuiteRunnerWorker.java:84) ~[testng-6.14.3.jar:?]
	at org.testng.TestNG.runSuitesSequentially(TestNG.java:1208) ~[testng-6.14.3.jar:?]
	at org.testng.TestNG.runSuitesLocally(TestNG.java:1137) ~[testng-6.14.3.jar:?]
	at org.testng.TestNG.runSuites(TestNG.java:1049) ~[testng-6.14.3.jar:?]
	at org.testng.TestNG.run(TestNG.java:1017) ~[testng-6.14.3.jar:?]
	at org.apache.maven.surefire.testng.TestNGExecutor.run(TestNGExecutor.java:308) ~[surefire-testng-3.3.0.jar:3.3.0]
	at org.apache.maven.surefire.testng.TestNGXmlTestSuite.execute(TestNGXmlTestSuite.java:71) ~[surefire-testng-3.3.0.jar:3.3.0]
	at org.apache.maven.surefire.testng.TestNGProvider.invoke(TestNGProvider.java:113) ~[surefire-testng-3.3.0.jar:3.3.0]
	at org.apache.maven.surefire.booter.ForkedBooter.runSuitesInProcess(ForkedBooter.java:385) ~[surefire-booter-3.3.0.jar:3.3.0]
	at org.apache.maven.surefire.booter.ForkedBooter.execute(ForkedBooter.java:162) ~[surefire-booter-3.3.0.jar:3.3.0]
	at org.apache.maven.surefire.booter.ForkedBooter.run(ForkedBooter.java:507) ~[surefire-booter-3.3.0.jar:3.3.0]
	at org.apache.maven.surefire.booter.ForkedBooter.main(ForkedBooter.java:495) ~[surefire-booter-3.3.0.jar:3.3.0]
17:05:51.668 [main] ERROR org.apache.poi.openxml4j.opc.PackageRelationshipCollection - Cannot convert mailto:ALPA@#$%^245234534 in a valid relationship URI-> dummy-URI used
java.net.URISyntaxException: Malformed escape pair at index 14: mailto:ALPA@#$%^245234534
	at java.net.URI$Parser.fail(URI.java:2995) ~[?:?]
	at java.net.URI$Parser.scanEscape(URI.java:3123) ~[?:?]
	at java.net.URI$Parser.scan(URI.java:3146) ~[?:?]
	at java.net.URI$Parser.checkChars(URI.java:3164) ~[?:?]
	at java.net.URI$Parser.parse(URI.java:3210) ~[?:?]
	at java.net.URI.<init>(URI.java:645) ~[?:?]
	at org.apache.poi.openxml4j.opc.PackagingURIHelper.toURI(PackagingURIHelper.java:723) ~[poi-ooxml-5.2.2.jar:5.2.2]
	at org.apache.poi.openxml4j.opc.PackageRelationshipCollection.parseRelationshipsPart(PackageRelationshipCollection.java:358) ~[poi-ooxml-5.2.2.jar:5.2.2]
	at org.apache.poi.openxml4j.opc.PackageRelationshipCollection.<init>(PackageRelationshipCollection.java:160) ~[poi-ooxml-5.2.2.jar:5.2.2]
	at org.apache.poi.openxml4j.opc.PackageRelationshipCollection.<init>(PackageRelationshipCollection.java:130) ~[poi-ooxml-5.2.2.jar:5.2.2]
	at org.apache.poi.openxml4j.opc.PackagePart.loadRelationships(PackagePart.java:565) ~[poi-ooxml-5.2.2.jar:5.2.2]
	at org.apache.poi.openxml4j.opc.OPCPackage.getParts(OPCPackage.java:745) ~[poi-ooxml-5.2.2.jar:5.2.2]
	at org.apache.poi.openxml4j.opc.OPCPackage.open(OPCPackage.java:315) ~[poi-ooxml-5.2.2.jar:5.2.2]
	at org.apache.poi.ooxml.util.PackageHelper.open(PackageHelper.java:59) ~[poi-ooxml-5.2.2.jar:5.2.2]
	at org.apache.poi.xssf.usermodel.XSSFWorkbook.<init>(XSSFWorkbook.java:289) ~[poi-ooxml-5.2.2.jar:5.2.2]
	at org.apache.poi.xssf.usermodel.XSSFWorkbook.<init>(XSSFWorkbook.java:285) ~[poi-ooxml-5.2.2.jar:5.2.2]
	at com.MOFutility.API_Excelutilities.readServiceIdFromExcel(API_Excelutilities.java:20) ~[test-classes/:?]
	at com.MOF.constants.API_URL.<clinit>(API_URL.java:167) ~[test-classes/:?]
	at com.MOFapi.MOFapi.Fetchvalid_SingleService_ValidServiceid(MOFapi.java:4891) ~[test-classes/:?]
	at jdk.internal.reflect.DirectMethodHandleAccessor.invoke(DirectMethodHandleAccessor.java:103) ~[?:?]
	at java.lang.reflect.Method.invoke(Method.java:580) ~[?:?]
	at org.testng.internal.MethodInvocationHelper.invokeMethod(MethodInvocationHelper.java:124) ~[testng-6.14.3.jar:?]
	at org.testng.internal.Invoker.invokeMethod(Invoker.java:583) ~[testng-6.14.3.jar:?]
	at org.testng.internal.Invoker.invokeTestMethod(Invoker.java:719) ~[testng-6.14.3.jar:?]
	at org.testng.internal.Invoker.invokeTestMethods(Invoker.java:989) ~[testng-6.14.3.jar:?]
	at org.testng.internal.TestMethodWorker.invokeTestMethods(TestMethodWorker.java:125) ~[testng-6.14.3.jar:?]
	at org.testng.internal.TestMethodWorker.run(TestMethodWorker.java:109) ~[testng-6.14.3.jar:?]
	at org.testng.TestRunner.privateRun(TestRunner.java:648) ~[testng-6.14.3.jar:?]
	at org.testng.TestRunner.run(TestRunner.java:505) ~[testng-6.14.3.jar:?]
	at org.testng.SuiteRunner.runTest(SuiteRunner.java:455) ~[testng-6.14.3.jar:?]
	at org.testng.SuiteRunner.runSequentially(SuiteRunner.java:450) ~[testng-6.14.3.jar:?]
	at org.testng.SuiteRunner.privateRun(SuiteRunner.java:415) ~[testng-6.14.3.jar:?]
	at org.testng.SuiteRunner.run(SuiteRunner.java:364) ~[testng-6.14.3.jar:?]
	at org.testng.SuiteRunnerWorker.runSuite(SuiteRunnerWorker.java:52) ~[testng-6.14.3.jar:?]
	at org.testng.SuiteRunnerWorker.run(SuiteRunnerWorker.java:84) ~[testng-6.14.3.jar:?]
	at org.testng.TestNG.runSuitesSequentially(TestNG.java:1208) ~[testng-6.14.3.jar:?]
	at org.testng.TestNG.runSuitesLocally(TestNG.java:1137) ~[testng-6.14.3.jar:?]
	at org.testng.TestNG.runSuites(TestNG.java:1049) ~[testng-6.14.3.jar:?]
	at org.testng.TestNG.run(TestNG.java:1017) ~[testng-6.14.3.jar:?]
	at org.apache.maven.surefire.testng.TestNGExecutor.run(TestNGExecutor.java:308) ~[surefire-testng-3.3.0.jar:3.3.0]
	at org.apache.maven.surefire.testng.TestNGXmlTestSuite.execute(TestNGXmlTestSuite.java:71) ~[surefire-testng-3.3.0.jar:3.3.0]
	at org.apache.maven.surefire.testng.TestNGProvider.invoke(TestNGProvider.java:113) ~[surefire-testng-3.3.0.jar:3.3.0]
	at org.apache.maven.surefire.booter.ForkedBooter.runSuitesInProcess(ForkedBooter.java:385) ~[surefire-booter-3.3.0.jar:3.3.0]
	at org.apache.maven.surefire.booter.ForkedBooter.execute(ForkedBooter.java:162) ~[surefire-booter-3.3.0.jar:3.3.0]
	at org.apache.maven.surefire.booter.ForkedBooter.run(ForkedBooter.java:507) ~[surefire-booter-3.3.0.jar:3.3.0]
	at org.apache.maven.surefire.booter.ForkedBooter.main(ForkedBooter.java:495) ~[surefire-booter-3.3.0.jar:3.3.0]
17:05:51.670 [main] ERROR org.apache.poi.openxml4j.opc.PackageRelationshipCollection - Cannot convert mailto:ALPHAAAAAA@@@@@!@##$$$%12344 in a valid relationship URI-> dummy-URI used
java.net.URISyntaxException: Illegal character in fragment at index 25: mailto:ALPHAAAAAA@@@@@!@##$$$%12344
	at java.net.URI$Parser.fail(URI.java:2995) ~[?:?]
	at java.net.URI$Parser.checkChars(URI.java:3166) ~[?:?]
	at java.net.URI$Parser.parse(URI.java:3210) ~[?:?]
	at java.net.URI.<init>(URI.java:645) ~[?:?]
	at org.apache.poi.openxml4j.opc.PackagingURIHelper.toURI(PackagingURIHelper.java:723) ~[poi-ooxml-5.2.2.jar:5.2.2]
	at org.apache.poi.openxml4j.opc.PackageRelationshipCollection.parseRelationshipsPart(PackageRelationshipCollection.java:358) ~[poi-ooxml-5.2.2.jar:5.2.2]
	at org.apache.poi.openxml4j.opc.PackageRelationshipCollection.<init>(PackageRelationshipCollection.java:160) ~[poi-ooxml-5.2.2.jar:5.2.2]
	at org.apache.poi.openxml4j.opc.PackageRelationshipCollection.<init>(PackageRelationshipCollection.java:130) ~[poi-ooxml-5.2.2.jar:5.2.2]
	at org.apache.poi.openxml4j.opc.PackagePart.loadRelationships(PackagePart.java:565) ~[poi-ooxml-5.2.2.jar:5.2.2]
	at org.apache.poi.openxml4j.opc.OPCPackage.getParts(OPCPackage.java:745) ~[poi-ooxml-5.2.2.jar:5.2.2]
	at org.apache.poi.openxml4j.opc.OPCPackage.open(OPCPackage.java:315) ~[poi-ooxml-5.2.2.jar:5.2.2]
	at org.apache.poi.ooxml.util.PackageHelper.open(PackageHelper.java:59) ~[poi-ooxml-5.2.2.jar:5.2.2]
	at org.apache.poi.xssf.usermodel.XSSFWorkbook.<init>(XSSFWorkbook.java:289) ~[poi-ooxml-5.2.2.jar:5.2.2]
	at org.apache.poi.xssf.usermodel.XSSFWorkbook.<init>(XSSFWorkbook.java:285) ~[poi-ooxml-5.2.2.jar:5.2.2]
	at com.MOFutility.API_Excelutilities.readServiceIdFromExcel(API_Excelutilities.java:20) ~[test-classes/:?]
	at com.MOF.constants.API_URL.<clinit>(API_URL.java:167) ~[test-classes/:?]
	at com.MOFapi.MOFapi.Fetchvalid_SingleService_ValidServiceid(MOFapi.java:4891) ~[test-classes/:?]
	at jdk.internal.reflect.DirectMethodHandleAccessor.invoke(DirectMethodHandleAccessor.java:103) ~[?:?]
	at java.lang.reflect.Method.invoke(Method.java:580) ~[?:?]
	at org.testng.internal.MethodInvocationHelper.invokeMethod(MethodInvocationHelper.java:124) ~[testng-6.14.3.jar:?]
	at org.testng.internal.Invoker.invokeMethod(Invoker.java:583) ~[testng-6.14.3.jar:?]
	at org.testng.internal.Invoker.invokeTestMethod(Invoker.java:719) ~[testng-6.14.3.jar:?]
	at org.testng.internal.Invoker.invokeTestMethods(Invoker.java:989) ~[testng-6.14.3.jar:?]
	at org.testng.internal.TestMethodWorker.invokeTestMethods(TestMethodWorker.java:125) ~[testng-6.14.3.jar:?]
	at org.testng.internal.TestMethodWorker.run(TestMethodWorker.java:109) ~[testng-6.14.3.jar:?]
	at org.testng.TestRunner.privateRun(TestRunner.java:648) ~[testng-6.14.3.jar:?]
	at org.testng.TestRunner.run(TestRunner.java:505) ~[testng-6.14.3.jar:?]
	at org.testng.SuiteRunner.runTest(SuiteRunner.java:455) ~[testng-6.14.3.jar:?]
	at org.testng.SuiteRunner.runSequentially(SuiteRunner.java:450) ~[testng-6.14.3.jar:?]
	at org.testng.SuiteRunner.privateRun(SuiteRunner.java:415) ~[testng-6.14.3.jar:?]
	at org.testng.SuiteRunner.run(SuiteRunner.java:364) ~[testng-6.14.3.jar:?]
	at org.testng.SuiteRunnerWorker.runSuite(SuiteRunnerWorker.java:52) ~[testng-6.14.3.jar:?]
	at org.testng.SuiteRunnerWorker.run(SuiteRunnerWorker.java:84) ~[testng-6.14.3.jar:?]
	at org.testng.TestNG.runSuitesSequentially(TestNG.java:1208) ~[testng-6.14.3.jar:?]
	at org.testng.TestNG.runSuitesLocally(TestNG.java:1137) ~[testng-6.14.3.jar:?]
	at org.testng.TestNG.runSuites(TestNG.java:1049) ~[testng-6.14.3.jar:?]
	at org.testng.TestNG.run(TestNG.java:1017) ~[testng-6.14.3.jar:?]
	at org.apache.maven.surefire.testng.TestNGExecutor.run(TestNGExecutor.java:308) ~[surefire-testng-3.3.0.jar:3.3.0]
	at org.apache.maven.surefire.testng.TestNGXmlTestSuite.execute(TestNGXmlTestSuite.java:71) ~[surefire-testng-3.3.0.jar:3.3.0]
	at org.apache.maven.surefire.testng.TestNGProvider.invoke(TestNGProvider.java:113) ~[surefire-testng-3.3.0.jar:3.3.0]
	at org.apache.maven.surefire.booter.ForkedBooter.runSuitesInProcess(ForkedBooter.java:385) ~[surefire-booter-3.3.0.jar:3.3.0]
	at org.apache.maven.surefire.booter.ForkedBooter.execute(ForkedBooter.java:162) ~[surefire-booter-3.3.0.jar:3.3.0]
	at org.apache.maven.surefire.booter.ForkedBooter.run(ForkedBooter.java:507) ~[surefire-booter-3.3.0.jar:3.3.0]
	at org.apache.maven.surefire.booter.ForkedBooter.main(ForkedBooter.java:495) ~[surefire-booter-3.3.0.jar:3.3.0]
17:05:51.671 [main] ERROR org.apache.poi.openxml4j.opc.PackageRelationshipCollection - Cannot convert mailto:2343456378912@#&^*gvadhfbjnf in a valid relationship URI-> dummy-URI used
java.net.URISyntaxException: Illegal character in fragment at index 23: mailto:2343456378912@#&^*gvadhfbjnf
	at java.net.URI$Parser.fail(URI.java:2995) ~[?:?]
	at java.net.URI$Parser.checkChars(URI.java:3166) ~[?:?]
	at java.net.URI$Parser.parse(URI.java:3210) ~[?:?]
	at java.net.URI.<init>(URI.java:645) ~[?:?]
	at org.apache.poi.openxml4j.opc.PackagingURIHelper.toURI(PackagingURIHelper.java:723) ~[poi-ooxml-5.2.2.jar:5.2.2]
	at org.apache.poi.openxml4j.opc.PackageRelationshipCollection.parseRelationshipsPart(PackageRelationshipCollection.java:358) ~[poi-ooxml-5.2.2.jar:5.2.2]
	at org.apache.poi.openxml4j.opc.PackageRelationshipCollection.<init>(PackageRelationshipCollection.java:160) ~[poi-ooxml-5.2.2.jar:5.2.2]
	at org.apache.poi.openxml4j.opc.PackageRelationshipCollection.<init>(PackageRelationshipCollection.java:130) ~[poi-ooxml-5.2.2.jar:5.2.2]
	at org.apache.poi.openxml4j.opc.PackagePart.loadRelationships(PackagePart.java:565) ~[poi-ooxml-5.2.2.jar:5.2.2]
	at org.apache.poi.openxml4j.opc.OPCPackage.getParts(OPCPackage.java:745) ~[poi-ooxml-5.2.2.jar:5.2.2]
	at org.apache.poi.openxml4j.opc.OPCPackage.open(OPCPackage.java:315) ~[poi-ooxml-5.2.2.jar:5.2.2]
	at org.apache.poi.ooxml.util.PackageHelper.open(PackageHelper.java:59) ~[poi-ooxml-5.2.2.jar:5.2.2]
	at org.apache.poi.xssf.usermodel.XSSFWorkbook.<init>(XSSFWorkbook.java:289) ~[poi-ooxml-5.2.2.jar:5.2.2]
	at org.apache.poi.xssf.usermodel.XSSFWorkbook.<init>(XSSFWorkbook.java:285) ~[poi-ooxml-5.2.2.jar:5.2.2]
	at com.MOFutility.API_Excelutilities.readServiceIdFromExcel(API_Excelutilities.java:20) ~[test-classes/:?]
	at com.MOF.constants.API_URL.<clinit>(API_URL.java:167) ~[test-classes/:?]
	at com.MOFapi.MOFapi.Fetchvalid_SingleService_ValidServiceid(MOFapi.java:4891) ~[test-classes/:?]
	at jdk.internal.reflect.DirectMethodHandleAccessor.invoke(DirectMethodHandleAccessor.java:103) ~[?:?]
	at java.lang.reflect.Method.invoke(Method.java:580) ~[?:?]
	at org.testng.internal.MethodInvocationHelper.invokeMethod(MethodInvocationHelper.java:124) ~[testng-6.14.3.jar:?]
	at org.testng.internal.Invoker.invokeMethod(Invoker.java:583) ~[testng-6.14.3.jar:?]
	at org.testng.internal.Invoker.invokeTestMethod(Invoker.java:719) ~[testng-6.14.3.jar:?]
	at org.testng.internal.Invoker.invokeTestMethods(Invoker.java:989) ~[testng-6.14.3.jar:?]
	at org.testng.internal.TestMethodWorker.invokeTestMethods(TestMethodWorker.java:125) ~[testng-6.14.3.jar:?]
	at org.testng.internal.TestMethodWorker.run(TestMethodWorker.java:109) ~[testng-6.14.3.jar:?]
	at org.testng.TestRunner.privateRun(TestRunner.java:648) ~[testng-6.14.3.jar:?]
	at org.testng.TestRunner.run(TestRunner.java:505) ~[testng-6.14.3.jar:?]
	at org.testng.SuiteRunner.runTest(SuiteRunner.java:455) ~[testng-6.14.3.jar:?]
	at org.testng.SuiteRunner.runSequentially(SuiteRunner.java:450) ~[testng-6.14.3.jar:?]
	at org.testng.SuiteRunner.privateRun(SuiteRunner.java:415) ~[testng-6.14.3.jar:?]
	at org.testng.SuiteRunner.run(SuiteRunner.java:364) ~[testng-6.14.3.jar:?]
	at org.testng.SuiteRunnerWorker.runSuite(SuiteRunnerWorker.java:52) ~[testng-6.14.3.jar:?]
	at org.testng.SuiteRunnerWorker.run(SuiteRunnerWorker.java:84) ~[testng-6.14.3.jar:?]
	at org.testng.TestNG.runSuitesSequentially(TestNG.java:1208) ~[testng-6.14.3.jar:?]
	at org.testng.TestNG.runSuitesLocally(TestNG.java:1137) ~[testng-6.14.3.jar:?]
	at org.testng.TestNG.runSuites(TestNG.java:1049) ~[testng-6.14.3.jar:?]
	at org.testng.TestNG.run(TestNG.java:1017) ~[testng-6.14.3.jar:?]
	at org.apache.maven.surefire.testng.TestNGExecutor.run(TestNGExecutor.java:308) ~[surefire-testng-3.3.0.jar:3.3.0]
	at org.apache.maven.surefire.testng.TestNGXmlTestSuite.execute(TestNGXmlTestSuite.java:71) ~[surefire-testng-3.3.0.jar:3.3.0]
	at org.apache.maven.surefire.testng.TestNGProvider.invoke(TestNGProvider.java:113) ~[surefire-testng-3.3.0.jar:3.3.0]
	at org.apache.maven.surefire.booter.ForkedBooter.runSuitesInProcess(ForkedBooter.java:385) ~[surefire-booter-3.3.0.jar:3.3.0]
	at org.apache.maven.surefire.booter.ForkedBooter.execute(ForkedBooter.java:162) ~[surefire-booter-3.3.0.jar:3.3.0]
	at org.apache.maven.surefire.booter.ForkedBooter.run(ForkedBooter.java:507) ~[surefire-booter-3.3.0.jar:3.3.0]
	at org.apache.maven.surefire.booter.ForkedBooter.main(ForkedBooter.java:495) ~[surefire-booter-3.3.0.jar:3.3.0]
17:05:51.723 [main] ERROR org.apache.poi.openxml4j.opc.PackageRelationshipCollection - Cannot convert mailto:ALPA@#$%^245234534 in a valid relationship URI-> dummy-URI used
java.net.URISyntaxException: Malformed escape pair at index 14: mailto:ALPA@#$%^245234534
	at java.net.URI$Parser.fail(URI.java:2995) ~[?:?]
	at java.net.URI$Parser.scanEscape(URI.java:3123) ~[?:?]
	at java.net.URI$Parser.scan(URI.java:3146) ~[?:?]
	at java.net.URI$Parser.checkChars(URI.java:3164) ~[?:?]
	at java.net.URI$Parser.parse(URI.java:3210) ~[?:?]
	at java.net.URI.<init>(URI.java:645) ~[?:?]
	at org.apache.poi.openxml4j.opc.PackagingURIHelper.toURI(PackagingURIHelper.java:723) ~[poi-ooxml-5.2.2.jar:5.2.2]
	at org.apache.poi.openxml4j.opc.PackageRelationshipCollection.parseRelationshipsPart(PackageRelationshipCollection.java:358) ~[poi-ooxml-5.2.2.jar:5.2.2]
	at org.apache.poi.openxml4j.opc.PackageRelationshipCollection.<init>(PackageRelationshipCollection.java:160) ~[poi-ooxml-5.2.2.jar:5.2.2]
	at org.apache.poi.openxml4j.opc.PackageRelationshipCollection.<init>(PackageRelationshipCollection.java:130) ~[poi-ooxml-5.2.2.jar:5.2.2]
	at org.apache.poi.openxml4j.opc.PackagePart.loadRelationships(PackagePart.java:565) ~[poi-ooxml-5.2.2.jar:5.2.2]
	at org.apache.poi.openxml4j.opc.OPCPackage.getParts(OPCPackage.java:745) ~[poi-ooxml-5.2.2.jar:5.2.2]
	at org.apache.poi.openxml4j.opc.OPCPackage.open(OPCPackage.java:315) ~[poi-ooxml-5.2.2.jar:5.2.2]
	at org.apache.poi.ooxml.util.PackageHelper.open(PackageHelper.java:59) ~[poi-ooxml-5.2.2.jar:5.2.2]
	at org.apache.poi.xssf.usermodel.XSSFWorkbook.<init>(XSSFWorkbook.java:289) ~[poi-ooxml-5.2.2.jar:5.2.2]
	at org.apache.poi.xssf.usermodel.XSSFWorkbook.<init>(XSSFWorkbook.java:285) ~[poi-ooxml-5.2.2.jar:5.2.2]
	at com.MOFutility.API_Excelutilities.readServiceIdFromExcel(API_Excelutilities.java:20) ~[test-classes/:?]
	at com.MOF.constants.API_URL.<clinit>(API_URL.java:168) ~[test-classes/:?]
	at com.MOFapi.MOFapi.Fetchvalid_SingleService_ValidServiceid(MOFapi.java:4891) ~[test-classes/:?]
	at jdk.internal.reflect.DirectMethodHandleAccessor.invoke(DirectMethodHandleAccessor.java:103) ~[?:?]
	at java.lang.reflect.Method.invoke(Method.java:580) ~[?:?]
	at org.testng.internal.MethodInvocationHelper.invokeMethod(MethodInvocationHelper.java:124) ~[testng-6.14.3.jar:?]
	at org.testng.internal.Invoker.invokeMethod(Invoker.java:583) ~[testng-6.14.3.jar:?]
	at org.testng.internal.Invoker.invokeTestMethod(Invoker.java:719) ~[testng-6.14.3.jar:?]
	at org.testng.internal.Invoker.invokeTestMethods(Invoker.java:989) ~[testng-6.14.3.jar:?]
	at org.testng.internal.TestMethodWorker.invokeTestMethods(TestMethodWorker.java:125) ~[testng-6.14.3.jar:?]
	at org.testng.internal.TestMethodWorker.run(TestMethodWorker.java:109) ~[testng-6.14.3.jar:?]
	at org.testng.TestRunner.privateRun(TestRunner.java:648) ~[testng-6.14.3.jar:?]
	at org.testng.TestRunner.run(TestRunner.java:505) ~[testng-6.14.3.jar:?]
	at org.testng.SuiteRunner.runTest(SuiteRunner.java:455) ~[testng-6.14.3.jar:?]
	at org.testng.SuiteRunner.runSequentially(SuiteRunner.java:450) ~[testng-6.14.3.jar:?]
	at org.testng.SuiteRunner.privateRun(SuiteRunner.java:415) ~[testng-6.14.3.jar:?]
	at org.testng.SuiteRunner.run(SuiteRunner.java:364) ~[testng-6.14.3.jar:?]
	at org.testng.SuiteRunnerWorker.runSuite(SuiteRunnerWorker.java:52) ~[testng-6.14.3.jar:?]
	at org.testng.SuiteRunnerWorker.run(SuiteRunnerWorker.java:84) ~[testng-6.14.3.jar:?]
	at org.testng.TestNG.runSuitesSequentially(TestNG.java:1208) ~[testng-6.14.3.jar:?]
	at org.testng.TestNG.runSuitesLocally(TestNG.java:1137) ~[testng-6.14.3.jar:?]
	at org.testng.TestNG.runSuites(TestNG.java:1049) ~[testng-6.14.3.jar:?]
	at org.testng.TestNG.run(TestNG.java:1017) ~[testng-6.14.3.jar:?]
	at org.apache.maven.surefire.testng.TestNGExecutor.run(TestNGExecutor.java:308) ~[surefire-testng-3.3.0.jar:3.3.0]
	at org.apache.maven.surefire.testng.TestNGXmlTestSuite.execute(TestNGXmlTestSuite.java:71) ~[surefire-testng-3.3.0.jar:3.3.0]
	at org.apache.maven.surefire.testng.TestNGProvider.invoke(TestNGProvider.java:113) ~[surefire-testng-3.3.0.jar:3.3.0]
	at org.apache.maven.surefire.booter.ForkedBooter.runSuitesInProcess(ForkedBooter.java:385) ~[surefire-booter-3.3.0.jar:3.3.0]
	at org.apache.maven.surefire.booter.ForkedBooter.execute(ForkedBooter.java:162) ~[surefire-booter-3.3.0.jar:3.3.0]
	at org.apache.maven.surefire.booter.ForkedBooter.run(ForkedBooter.java:507) ~[surefire-booter-3.3.0.jar:3.3.0]
	at org.apache.maven.surefire.booter.ForkedBooter.main(ForkedBooter.java:495) ~[surefire-booter-3.3.0.jar:3.3.0]
17:05:51.724 [main] ERROR org.apache.poi.openxml4j.opc.PackageRelationshipCollection - Cannot convert mailto:ALPHAAAAAA@@@@@!@##$$$%12344 in a valid relationship URI-> dummy-URI used
java.net.URISyntaxException: Illegal character in fragment at index 25: mailto:ALPHAAAAAA@@@@@!@##$$$%12344
	at java.net.URI$Parser.fail(URI.java:2995) ~[?:?]
	at java.net.URI$Parser.checkChars(URI.java:3166) ~[?:?]
	at java.net.URI$Parser.parse(URI.java:3210) ~[?:?]
	at java.net.URI.<init>(URI.java:645) ~[?:?]
	at org.apache.poi.openxml4j.opc.PackagingURIHelper.toURI(PackagingURIHelper.java:723) ~[poi-ooxml-5.2.2.jar:5.2.2]
	at org.apache.poi.openxml4j.opc.PackageRelationshipCollection.parseRelationshipsPart(PackageRelationshipCollection.java:358) ~[poi-ooxml-5.2.2.jar:5.2.2]
	at org.apache.poi.openxml4j.opc.PackageRelationshipCollection.<init>(PackageRelationshipCollection.java:160) ~[poi-ooxml-5.2.2.jar:5.2.2]
	at org.apache.poi.openxml4j.opc.PackageRelationshipCollection.<init>(PackageRelationshipCollection.java:130) ~[poi-ooxml-5.2.2.jar:5.2.2]
	at org.apache.poi.openxml4j.opc.PackagePart.loadRelationships(PackagePart.java:565) ~[poi-ooxml-5.2.2.jar:5.2.2]
	at org.apache.poi.openxml4j.opc.OPCPackage.getParts(OPCPackage.java:745) ~[poi-ooxml-5.2.2.jar:5.2.2]
	at org.apache.poi.openxml4j.opc.OPCPackage.open(OPCPackage.java:315) ~[poi-ooxml-5.2.2.jar:5.2.2]
	at org.apache.poi.ooxml.util.PackageHelper.open(PackageHelper.java:59) ~[poi-ooxml-5.2.2.jar:5.2.2]
	at org.apache.poi.xssf.usermodel.XSSFWorkbook.<init>(XSSFWorkbook.java:289) ~[poi-ooxml-5.2.2.jar:5.2.2]
	at org.apache.poi.xssf.usermodel.XSSFWorkbook.<init>(XSSFWorkbook.java:285) ~[poi-ooxml-5.2.2.jar:5.2.2]
	at com.MOFutility.API_Excelutilities.readServiceIdFromExcel(API_Excelutilities.java:20) ~[test-classes/:?]
	at com.MOF.constants.API_URL.<clinit>(API_URL.java:168) ~[test-classes/:?]
	at com.MOFapi.MOFapi.Fetchvalid_SingleService_ValidServiceid(MOFapi.java:4891) ~[test-classes/:?]
	at jdk.internal.reflect.DirectMethodHandleAccessor.invoke(DirectMethodHandleAccessor.java:103) ~[?:?]
	at java.lang.reflect.Method.invoke(Method.java:580) ~[?:?]
	at org.testng.internal.MethodInvocationHelper.invokeMethod(MethodInvocationHelper.java:124) ~[testng-6.14.3.jar:?]
	at org.testng.internal.Invoker.invokeMethod(Invoker.java:583) ~[testng-6.14.3.jar:?]
	at org.testng.internal.Invoker.invokeTestMethod(Invoker.java:719) ~[testng-6.14.3.jar:?]
	at org.testng.internal.Invoker.invokeTestMethods(Invoker.java:989) ~[testng-6.14.3.jar:?]
	at org.testng.internal.TestMethodWorker.invokeTestMethods(TestMethodWorker.java:125) ~[testng-6.14.3.jar:?]
	at org.testng.internal.TestMethodWorker.run(TestMethodWorker.java:109) ~[testng-6.14.3.jar:?]
	at org.testng.TestRunner.privateRun(TestRunner.java:648) ~[testng-6.14.3.jar:?]
	at org.testng.TestRunner.run(TestRunner.java:505) ~[testng-6.14.3.jar:?]
	at org.testng.SuiteRunner.runTest(SuiteRunner.java:455) ~[testng-6.14.3.jar:?]
	at org.testng.SuiteRunner.runSequentially(SuiteRunner.java:450) ~[testng-6.14.3.jar:?]
	at org.testng.SuiteRunner.privateRun(SuiteRunner.java:415) ~[testng-6.14.3.jar:?]
	at org.testng.SuiteRunner.run(SuiteRunner.java:364) ~[testng-6.14.3.jar:?]
	at org.testng.SuiteRunnerWorker.runSuite(SuiteRunnerWorker.java:52) ~[testng-6.14.3.jar:?]
	at org.testng.SuiteRunnerWorker.run(SuiteRunnerWorker.java:84) ~[testng-6.14.3.jar:?]
	at org.testng.TestNG.runSuitesSequentially(TestNG.java:1208) ~[testng-6.14.3.jar:?]
	at org.testng.TestNG.runSuitesLocally(TestNG.java:1137) ~[testng-6.14.3.jar:?]
	at org.testng.TestNG.runSuites(TestNG.java:1049) ~[testng-6.14.3.jar:?]
	at org.testng.TestNG.run(TestNG.java:1017) ~[testng-6.14.3.jar:?]
	at org.apache.maven.surefire.testng.TestNGExecutor.run(TestNGExecutor.java:308) ~[surefire-testng-3.3.0.jar:3.3.0]
	at org.apache.maven.surefire.testng.TestNGXmlTestSuite.execute(TestNGXmlTestSuite.java:71) ~[surefire-testng-3.3.0.jar:3.3.0]
	at org.apache.maven.surefire.testng.TestNGProvider.invoke(TestNGProvider.java:113) ~[surefire-testng-3.3.0.jar:3.3.0]
	at org.apache.maven.surefire.booter.ForkedBooter.runSuitesInProcess(ForkedBooter.java:385) ~[surefire-booter-3.3.0.jar:3.3.0]
	at org.apache.maven.surefire.booter.ForkedBooter.execute(ForkedBooter.java:162) ~[surefire-booter-3.3.0.jar:3.3.0]
	at org.apache.maven.surefire.booter.ForkedBooter.run(ForkedBooter.java:507) ~[surefire-booter-3.3.0.jar:3.3.0]
	at org.apache.maven.surefire.booter.ForkedBooter.main(ForkedBooter.java:495) ~[surefire-booter-3.3.0.jar:3.3.0]
17:05:51.725 [main] ERROR org.apache.poi.openxml4j.opc.PackageRelationshipCollection - Cannot convert mailto:2343456378912@#&^*gvadhfbjnf in a valid relationship URI-> dummy-URI used
java.net.URISyntaxException: Illegal character in fragment at index 23: mailto:2343456378912@#&^*gvadhfbjnf
	at java.net.URI$Parser.fail(URI.java:2995) ~[?:?]
	at java.net.URI$Parser.checkChars(URI.java:3166) ~[?:?]
	at java.net.URI$Parser.parse(URI.java:3210) ~[?:?]
	at java.net.URI.<init>(URI.java:645) ~[?:?]
	at org.apache.poi.openxml4j.opc.PackagingURIHelper.toURI(PackagingURIHelper.java:723) ~[poi-ooxml-5.2.2.jar:5.2.2]
	at org.apache.poi.openxml4j.opc.PackageRelationshipCollection.parseRelationshipsPart(PackageRelationshipCollection.java:358) ~[poi-ooxml-5.2.2.jar:5.2.2]
	at org.apache.poi.openxml4j.opc.PackageRelationshipCollection.<init>(PackageRelationshipCollection.java:160) ~[poi-ooxml-5.2.2.jar:5.2.2]
	at org.apache.poi.openxml4j.opc.PackageRelationshipCollection.<init>(PackageRelationshipCollection.java:130) ~[poi-ooxml-5.2.2.jar:5.2.2]
	at org.apache.poi.openxml4j.opc.PackagePart.loadRelationships(PackagePart.java:565) ~[poi-ooxml-5.2.2.jar:5.2.2]
	at org.apache.poi.openxml4j.opc.OPCPackage.getParts(OPCPackage.java:745) ~[poi-ooxml-5.2.2.jar:5.2.2]
	at org.apache.poi.openxml4j.opc.OPCPackage.open(OPCPackage.java:315) ~[poi-ooxml-5.2.2.jar:5.2.2]
	at org.apache.poi.ooxml.util.PackageHelper.open(PackageHelper.java:59) ~[poi-ooxml-5.2.2.jar:5.2.2]
	at org.apache.poi.xssf.usermodel.XSSFWorkbook.<init>(XSSFWorkbook.java:289) ~[poi-ooxml-5.2.2.jar:5.2.2]
	at org.apache.poi.xssf.usermodel.XSSFWorkbook.<init>(XSSFWorkbook.java:285) ~[poi-ooxml-5.2.2.jar:5.2.2]
	at com.MOFutility.API_Excelutilities.readServiceIdFromExcel(API_Excelutilities.java:20) ~[test-classes/:?]
	at com.MOF.constants.API_URL.<clinit>(API_URL.java:168) ~[test-classes/:?]
	at com.MOFapi.MOFapi.Fetchvalid_SingleService_ValidServiceid(MOFapi.java:4891) ~[test-classes/:?]
	at jdk.internal.reflect.DirectMethodHandleAccessor.invoke(DirectMethodHandleAccessor.java:103) ~[?:?]
	at java.lang.reflect.Method.invoke(Method.java:580) ~[?:?]
	at org.testng.internal.MethodInvocationHelper.invokeMethod(MethodInvocationHelper.java:124) ~[testng-6.14.3.jar:?]
	at org.testng.internal.Invoker.invokeMethod(Invoker.java:583) ~[testng-6.14.3.jar:?]
	at org.testng.internal.Invoker.invokeTestMethod(Invoker.java:719) ~[testng-6.14.3.jar:?]
	at org.testng.internal.Invoker.invokeTestMethods(Invoker.java:989) ~[testng-6.14.3.jar:?]
	at org.testng.internal.TestMethodWorker.invokeTestMethods(TestMethodWorker.java:125) ~[testng-6.14.3.jar:?]
	at org.testng.internal.TestMethodWorker.run(TestMethodWorker.java:109) ~[testng-6.14.3.jar:?]
	at org.testng.TestRunner.privateRun(TestRunner.java:648) ~[testng-6.14.3.jar:?]
	at org.testng.TestRunner.run(TestRunner.java:505) ~[testng-6.14.3.jar:?]
	at org.testng.SuiteRunner.runTest(SuiteRunner.java:455) ~[testng-6.14.3.jar:?]
	at org.testng.SuiteRunner.runSequentially(SuiteRunner.java:450) ~[testng-6.14.3.jar:?]
	at org.testng.SuiteRunner.privateRun(SuiteRunner.java:415) ~[testng-6.14.3.jar:?]
	at org.testng.SuiteRunner.run(SuiteRunner.java:364) ~[testng-6.14.3.jar:?]
	at org.testng.SuiteRunnerWorker.runSuite(SuiteRunnerWorker.java:52) ~[testng-6.14.3.jar:?]
	at org.testng.SuiteRunnerWorker.run(SuiteRunnerWorker.java:84) ~[testng-6.14.3.jar:?]
	at org.testng.TestNG.runSuitesSequentially(TestNG.java:1208) ~[testng-6.14.3.jar:?]
	at org.testng.TestNG.runSuitesLocally(TestNG.java:1137) ~[testng-6.14.3.jar:?]
	at org.testng.TestNG.runSuites(TestNG.java:1049) ~[testng-6.14.3.jar:?]
	at org.testng.TestNG.run(TestNG.java:1017) ~[testng-6.14.3.jar:?]
	at org.apache.maven.surefire.testng.TestNGExecutor.run(TestNGExecutor.java:308) ~[surefire-testng-3.3.0.jar:3.3.0]
	at org.apache.maven.surefire.testng.TestNGXmlTestSuite.execute(TestNGXmlTestSuite.java:71) ~[surefire-testng-3.3.0.jar:3.3.0]
	at org.apache.maven.surefire.testng.TestNGProvider.invoke(TestNGProvider.java:113) ~[surefire-testng-3.3.0.jar:3.3.0]
	at org.apache.maven.surefire.booter.ForkedBooter.runSuitesInProcess(ForkedBooter.java:385) ~[surefire-booter-3.3.0.jar:3.3.0]
	at org.apache.maven.surefire.booter.ForkedBooter.execute(ForkedBooter.java:162) ~[surefire-booter-3.3.0.jar:3.3.0]
	at org.apache.maven.surefire.booter.ForkedBooter.run(ForkedBooter.java:507) ~[surefire-booter-3.3.0.jar:3.3.0]
	at org.apache.maven.surefire.booter.ForkedBooter.main(ForkedBooter.java:495) ~[surefire-booter-3.3.0.jar:3.3.0]
17:05:51.771 [main] ERROR org.apache.poi.openxml4j.opc.PackageRelationshipCollection - Cannot convert mailto:ALPA@#$%^245234534 in a valid relationship URI-> dummy-URI used
java.net.URISyntaxException: Malformed escape pair at index 14: mailto:ALPA@#$%^245234534
	at java.net.URI$Parser.fail(URI.java:2995) ~[?:?]
	at java.net.URI$Parser.scanEscape(URI.java:3123) ~[?:?]
	at java.net.URI$Parser.scan(URI.java:3146) ~[?:?]
	at java.net.URI$Parser.checkChars(URI.java:3164) ~[?:?]
	at java.net.URI$Parser.parse(URI.java:3210) ~[?:?]
	at java.net.URI.<init>(URI.java:645) ~[?:?]
	at org.apache.poi.openxml4j.opc.PackagingURIHelper.toURI(PackagingURIHelper.java:723) ~[poi-ooxml-5.2.2.jar:5.2.2]
	at org.apache.poi.openxml4j.opc.PackageRelationshipCollection.parseRelationshipsPart(PackageRelationshipCollection.java:358) ~[poi-ooxml-5.2.2.jar:5.2.2]
	at org.apache.poi.openxml4j.opc.PackageRelationshipCollection.<init>(PackageRelationshipCollection.java:160) ~[poi-ooxml-5.2.2.jar:5.2.2]
	at org.apache.poi.openxml4j.opc.PackageRelationshipCollection.<init>(PackageRelationshipCollection.java:130) ~[poi-ooxml-5.2.2.jar:5.2.2]
	at org.apache.poi.openxml4j.opc.PackagePart.loadRelationships(PackagePart.java:565) ~[poi-ooxml-5.2.2.jar:5.2.2]
	at org.apache.poi.openxml4j.opc.OPCPackage.getParts(OPCPackage.java:745) ~[poi-ooxml-5.2.2.jar:5.2.2]
	at org.apache.poi.openxml4j.opc.OPCPackage.open(OPCPackage.java:315) ~[poi-ooxml-5.2.2.jar:5.2.2]
	at org.apache.poi.ooxml.util.PackageHelper.open(PackageHelper.java:59) ~[poi-ooxml-5.2.2.jar:5.2.2]
	at org.apache.poi.xssf.usermodel.XSSFWorkbook.<init>(XSSFWorkbook.java:289) ~[poi-ooxml-5.2.2.jar:5.2.2]
	at org.apache.poi.xssf.usermodel.XSSFWorkbook.<init>(XSSFWorkbook.java:285) ~[poi-ooxml-5.2.2.jar:5.2.2]
	at com.MOFutility.API_Excelutilities.readServiceIdFromExcel(API_Excelutilities.java:20) ~[test-classes/:?]
	at com.MOF.constants.API_URL.<clinit>(API_URL.java:169) ~[test-classes/:?]
	at com.MOFapi.MOFapi.Fetchvalid_SingleService_ValidServiceid(MOFapi.java:4891) ~[test-classes/:?]
	at jdk.internal.reflect.DirectMethodHandleAccessor.invoke(DirectMethodHandleAccessor.java:103) ~[?:?]
	at java.lang.reflect.Method.invoke(Method.java:580) ~[?:?]
	at org.testng.internal.MethodInvocationHelper.invokeMethod(MethodInvocationHelper.java:124) ~[testng-6.14.3.jar:?]
	at org.testng.internal.Invoker.invokeMethod(Invoker.java:583) ~[testng-6.14.3.jar:?]
	at org.testng.internal.Invoker.invokeTestMethod(Invoker.java:719) ~[testng-6.14.3.jar:?]
	at org.testng.internal.Invoker.invokeTestMethods(Invoker.java:989) ~[testng-6.14.3.jar:?]
	at org.testng.internal.TestMethodWorker.invokeTestMethods(TestMethodWorker.java:125) ~[testng-6.14.3.jar:?]
	at org.testng.internal.TestMethodWorker.run(TestMethodWorker.java:109) ~[testng-6.14.3.jar:?]
	at org.testng.TestRunner.privateRun(TestRunner.java:648) ~[testng-6.14.3.jar:?]
	at org.testng.TestRunner.run(TestRunner.java:505) ~[testng-6.14.3.jar:?]
	at org.testng.SuiteRunner.runTest(SuiteRunner.java:455) ~[testng-6.14.3.jar:?]
	at org.testng.SuiteRunner.runSequentially(SuiteRunner.java:450) ~[testng-6.14.3.jar:?]
	at org.testng.SuiteRunner.privateRun(SuiteRunner.java:415) ~[testng-6.14.3.jar:?]
	at org.testng.SuiteRunner.run(SuiteRunner.java:364) ~[testng-6.14.3.jar:?]
	at org.testng.SuiteRunnerWorker.runSuite(SuiteRunnerWorker.java:52) ~[testng-6.14.3.jar:?]
	at org.testng.SuiteRunnerWorker.run(SuiteRunnerWorker.java:84) ~[testng-6.14.3.jar:?]
	at org.testng.TestNG.runSuitesSequentially(TestNG.java:1208) ~[testng-6.14.3.jar:?]
	at org.testng.TestNG.runSuitesLocally(TestNG.java:1137) ~[testng-6.14.3.jar:?]
	at org.testng.TestNG.runSuites(TestNG.java:1049) ~[testng-6.14.3.jar:?]
	at org.testng.TestNG.run(TestNG.java:1017) ~[testng-6.14.3.jar:?]
	at org.apache.maven.surefire.testng.TestNGExecutor.run(TestNGExecutor.java:308) ~[surefire-testng-3.3.0.jar:3.3.0]
	at org.apache.maven.surefire.testng.TestNGXmlTestSuite.execute(TestNGXmlTestSuite.java:71) ~[surefire-testng-3.3.0.jar:3.3.0]
	at org.apache.maven.surefire.testng.TestNGProvider.invoke(TestNGProvider.java:113) ~[surefire-testng-3.3.0.jar:3.3.0]
	at org.apache.maven.surefire.booter.ForkedBooter.runSuitesInProcess(ForkedBooter.java:385) ~[surefire-booter-3.3.0.jar:3.3.0]
	at org.apache.maven.surefire.booter.ForkedBooter.execute(ForkedBooter.java:162) ~[surefire-booter-3.3.0.jar:3.3.0]
	at org.apache.maven.surefire.booter.ForkedBooter.run(ForkedBooter.java:507) ~[surefire-booter-3.3.0.jar:3.3.0]
	at org.apache.maven.surefire.booter.ForkedBooter.main(ForkedBooter.java:495) ~[surefire-booter-3.3.0.jar:3.3.0]
17:05:51.772 [main] ERROR org.apache.poi.openxml4j.opc.PackageRelationshipCollection - Cannot convert mailto:ALPHAAAAAA@@@@@!@##$$$%12344 in a valid relationship URI-> dummy-URI used
java.net.URISyntaxException: Illegal character in fragment at index 25: mailto:ALPHAAAAAA@@@@@!@##$$$%12344
	at java.net.URI$Parser.fail(URI.java:2995) ~[?:?]
	at java.net.URI$Parser.checkChars(URI.java:3166) ~[?:?]
	at java.net.URI$Parser.parse(URI.java:3210) ~[?:?]
	at java.net.URI.<init>(URI.java:645) ~[?:?]
	at org.apache.poi.openxml4j.opc.PackagingURIHelper.toURI(PackagingURIHelper.java:723) ~[poi-ooxml-5.2.2.jar:5.2.2]
	at org.apache.poi.openxml4j.opc.PackageRelationshipCollection.parseRelationshipsPart(PackageRelationshipCollection.java:358) ~[poi-ooxml-5.2.2.jar:5.2.2]
	at org.apache.poi.openxml4j.opc.PackageRelationshipCollection.<init>(PackageRelationshipCollection.java:160) ~[poi-ooxml-5.2.2.jar:5.2.2]
	at org.apache.poi.openxml4j.opc.PackageRelationshipCollection.<init>(PackageRelationshipCollection.java:130) ~[poi-ooxml-5.2.2.jar:5.2.2]
	at org.apache.poi.openxml4j.opc.PackagePart.loadRelationships(PackagePart.java:565) ~[poi-ooxml-5.2.2.jar:5.2.2]
	at org.apache.poi.openxml4j.opc.OPCPackage.getParts(OPCPackage.java:745) ~[poi-ooxml-5.2.2.jar:5.2.2]
	at org.apache.poi.openxml4j.opc.OPCPackage.open(OPCPackage.java:315) ~[poi-ooxml-5.2.2.jar:5.2.2]
	at org.apache.poi.ooxml.util.PackageHelper.open(PackageHelper.java:59) ~[poi-ooxml-5.2.2.jar:5.2.2]
	at org.apache.poi.xssf.usermodel.XSSFWorkbook.<init>(XSSFWorkbook.java:289) ~[poi-ooxml-5.2.2.jar:5.2.2]
	at org.apache.poi.xssf.usermodel.XSSFWorkbook.<init>(XSSFWorkbook.java:285) ~[poi-ooxml-5.2.2.jar:5.2.2]
	at com.MOFutility.API_Excelutilities.readServiceIdFromExcel(API_Excelutilities.java:20) ~[test-classes/:?]
	at com.MOF.constants.API_URL.<clinit>(API_URL.java:169) ~[test-classes/:?]
	at com.MOFapi.MOFapi.Fetchvalid_SingleService_ValidServiceid(MOFapi.java:4891) ~[test-classes/:?]
	at jdk.internal.reflect.DirectMethodHandleAccessor.invoke(DirectMethodHandleAccessor.java:103) ~[?:?]
	at java.lang.reflect.Method.invoke(Method.java:580) ~[?:?]
	at org.testng.internal.MethodInvocationHelper.invokeMethod(MethodInvocationHelper.java:124) ~[testng-6.14.3.jar:?]
	at org.testng.internal.Invoker.invokeMethod(Invoker.java:583) ~[testng-6.14.3.jar:?]
	at org.testng.internal.Invoker.invokeTestMethod(Invoker.java:719) ~[testng-6.14.3.jar:?]
	at org.testng.internal.Invoker.invokeTestMethods(Invoker.java:989) ~[testng-6.14.3.jar:?]
	at org.testng.internal.TestMethodWorker.invokeTestMethods(TestMethodWorker.java:125) ~[testng-6.14.3.jar:?]
	at org.testng.internal.TestMethodWorker.run(TestMethodWorker.java:109) ~[testng-6.14.3.jar:?]
	at org.testng.TestRunner.privateRun(TestRunner.java:648) ~[testng-6.14.3.jar:?]
	at org.testng.TestRunner.run(TestRunner.java:505) ~[testng-6.14.3.jar:?]
	at org.testng.SuiteRunner.runTest(SuiteRunner.java:455) ~[testng-6.14.3.jar:?]
	at org.testng.SuiteRunner.runSequentially(SuiteRunner.java:450) ~[testng-6.14.3.jar:?]
	at org.testng.SuiteRunner.privateRun(SuiteRunner.java:415) ~[testng-6.14.3.jar:?]
	at org.testng.SuiteRunner.run(SuiteRunner.java:364) ~[testng-6.14.3.jar:?]
	at org.testng.SuiteRunnerWorker.runSuite(SuiteRunnerWorker.java:52) ~[testng-6.14.3.jar:?]
	at org.testng.SuiteRunnerWorker.run(SuiteRunnerWorker.java:84) ~[testng-6.14.3.jar:?]
	at org.testng.TestNG.runSuitesSequentially(TestNG.java:1208) ~[testng-6.14.3.jar:?]
	at org.testng.TestNG.runSuitesLocally(TestNG.java:1137) ~[testng-6.14.3.jar:?]
	at org.testng.TestNG.runSuites(TestNG.java:1049) ~[testng-6.14.3.jar:?]
	at org.testng.TestNG.run(TestNG.java:1017) ~[testng-6.14.3.jar:?]
	at org.apache.maven.surefire.testng.TestNGExecutor.run(TestNGExecutor.java:308) ~[surefire-testng-3.3.0.jar:3.3.0]
	at org.apache.maven.surefire.testng.TestNGXmlTestSuite.execute(TestNGXmlTestSuite.java:71) ~[surefire-testng-3.3.0.jar:3.3.0]
	at org.apache.maven.surefire.testng.TestNGProvider.invoke(TestNGProvider.java:113) ~[surefire-testng-3.3.0.jar:3.3.0]
	at org.apache.maven.surefire.booter.ForkedBooter.runSuitesInProcess(ForkedBooter.java:385) ~[surefire-booter-3.3.0.jar:3.3.0]
	at org.apache.maven.surefire.booter.ForkedBooter.execute(ForkedBooter.java:162) ~[surefire-booter-3.3.0.jar:3.3.0]
	at org.apache.maven.surefire.booter.ForkedBooter.run(ForkedBooter.java:507) ~[surefire-booter-3.3.0.jar:3.3.0]
	at org.apache.maven.surefire.booter.ForkedBooter.main(ForkedBooter.java:495) ~[surefire-booter-3.3.0.jar:3.3.0]
17:05:51.773 [main] ERROR org.apache.poi.openxml4j.opc.PackageRelationshipCollection - Cannot convert mailto:2343456378912@#&^*gvadhfbjnf in a valid relationship URI-> dummy-URI used
java.net.URISyntaxException: Illegal character in fragment at index 23: mailto:2343456378912@#&^*gvadhfbjnf
	at java.net.URI$Parser.fail(URI.java:2995) ~[?:?]
	at java.net.URI$Parser.checkChars(URI.java:3166) ~[?:?]
	at java.net.URI$Parser.parse(URI.java:3210) ~[?:?]
	at java.net.URI.<init>(URI.java:645) ~[?:?]
	at org.apache.poi.openxml4j.opc.PackagingURIHelper.toURI(PackagingURIHelper.java:723) ~[poi-ooxml-5.2.2.jar:5.2.2]
	at org.apache.poi.openxml4j.opc.PackageRelationshipCollection.parseRelationshipsPart(PackageRelationshipCollection.java:358) ~[poi-ooxml-5.2.2.jar:5.2.2]
	at org.apache.poi.openxml4j.opc.PackageRelationshipCollection.<init>(PackageRelationshipCollection.java:160) ~[poi-ooxml-5.2.2.jar:5.2.2]
	at org.apache.poi.openxml4j.opc.PackageRelationshipCollection.<init>(PackageRelationshipCollection.java:130) ~[poi-ooxml-5.2.2.jar:5.2.2]
	at org.apache.poi.openxml4j.opc.PackagePart.loadRelationships(PackagePart.java:565) ~[poi-ooxml-5.2.2.jar:5.2.2]
	at org.apache.poi.openxml4j.opc.OPCPackage.getParts(OPCPackage.java:745) ~[poi-ooxml-5.2.2.jar:5.2.2]
	at org.apache.poi.openxml4j.opc.OPCPackage.open(OPCPackage.java:315) ~[poi-ooxml-5.2.2.jar:5.2.2]
	at org.apache.poi.ooxml.util.PackageHelper.open(PackageHelper.java:59) ~[poi-ooxml-5.2.2.jar:5.2.2]
	at org.apache.poi.xssf.usermodel.XSSFWorkbook.<init>(XSSFWorkbook.java:289) ~[poi-ooxml-5.2.2.jar:5.2.2]
	at org.apache.poi.xssf.usermodel.XSSFWorkbook.<init>(XSSFWorkbook.java:285) ~[poi-ooxml-5.2.2.jar:5.2.2]
	at com.MOFutility.API_Excelutilities.readServiceIdFromExcel(API_Excelutilities.java:20) ~[test-classes/:?]
	at com.MOF.constants.API_URL.<clinit>(API_URL.java:169) ~[test-classes/:?]
	at com.MOFapi.MOFapi.Fetchvalid_SingleService_ValidServiceid(MOFapi.java:4891) ~[test-classes/:?]
	at jdk.internal.reflect.DirectMethodHandleAccessor.invoke(DirectMethodHandleAccessor.java:103) ~[?:?]
	at java.lang.reflect.Method.invoke(Method.java:580) ~[?:?]
	at org.testng.internal.MethodInvocationHelper.invokeMethod(MethodInvocationHelper.java:124) ~[testng-6.14.3.jar:?]
	at org.testng.internal.Invoker.invokeMethod(Invoker.java:583) ~[testng-6.14.3.jar:?]
	at org.testng.internal.Invoker.invokeTestMethod(Invoker.java:719) ~[testng-6.14.3.jar:?]
	at org.testng.internal.Invoker.invokeTestMethods(Invoker.java:989) ~[testng-6.14.3.jar:?]
	at org.testng.internal.TestMethodWorker.invokeTestMethods(TestMethodWorker.java:125) ~[testng-6.14.3.jar:?]
	at org.testng.internal.TestMethodWorker.run(TestMethodWorker.java:109) ~[testng-6.14.3.jar:?]
	at org.testng.TestRunner.privateRun(TestRunner.java:648) ~[testng-6.14.3.jar:?]
	at org.testng.TestRunner.run(TestRunner.java:505) ~[testng-6.14.3.jar:?]
	at org.testng.SuiteRunner.runTest(SuiteRunner.java:455) ~[testng-6.14.3.jar:?]
	at org.testng.SuiteRunner.runSequentially(SuiteRunner.java:450) ~[testng-6.14.3.jar:?]
	at org.testng.SuiteRunner.privateRun(SuiteRunner.java:415) ~[testng-6.14.3.jar:?]
	at org.testng.SuiteRunner.run(SuiteRunner.java:364) ~[testng-6.14.3.jar:?]
	at org.testng.SuiteRunnerWorker.runSuite(SuiteRunnerWorker.java:52) ~[testng-6.14.3.jar:?]
	at org.testng.SuiteRunnerWorker.run(SuiteRunnerWorker.java:84) ~[testng-6.14.3.jar:?]
	at org.testng.TestNG.runSuitesSequentially(TestNG.java:1208) ~[testng-6.14.3.jar:?]
	at org.testng.TestNG.runSuitesLocally(TestNG.java:1137) ~[testng-6.14.3.jar:?]
	at org.testng.TestNG.runSuites(TestNG.java:1049) ~[testng-6.14.3.jar:?]
	at org.testng.TestNG.run(TestNG.java:1017) ~[testng-6.14.3.jar:?]
	at org.apache.maven.surefire.testng.TestNGExecutor.run(TestNGExecutor.java:308) ~[surefire-testng-3.3.0.jar:3.3.0]
	at org.apache.maven.surefire.testng.TestNGXmlTestSuite.execute(TestNGXmlTestSuite.java:71) ~[surefire-testng-3.3.0.jar:3.3.0]
	at org.apache.maven.surefire.testng.TestNGProvider.invoke(TestNGProvider.java:113) ~[surefire-testng-3.3.0.jar:3.3.0]
	at org.apache.maven.surefire.booter.ForkedBooter.runSuitesInProcess(ForkedBooter.java:385) ~[surefire-booter-3.3.0.jar:3.3.0]
	at org.apache.maven.surefire.booter.ForkedBooter.execute(ForkedBooter.java:162) ~[surefire-booter-3.3.0.jar:3.3.0]
	at org.apache.maven.surefire.booter.ForkedBooter.run(ForkedBooter.java:507) ~[surefire-booter-3.3.0.jar:3.3.0]
	at org.apache.maven.surefire.booter.ForkedBooter.main(ForkedBooter.java:495) ~[surefire-booter-3.3.0.jar:3.3.0]
17:05:51.813 [main] ERROR org.apache.poi.openxml4j.opc.PackageRelationshipCollection - Cannot convert mailto:ALPA@#$%^245234534 in a valid relationship URI-> dummy-URI used
java.net.URISyntaxException: Malformed escape pair at index 14: mailto:ALPA@#$%^245234534
	at java.net.URI$Parser.fail(URI.java:2995) ~[?:?]
	at java.net.URI$Parser.scanEscape(URI.java:3123) ~[?:?]
	at java.net.URI$Parser.scan(URI.java:3146) ~[?:?]
	at java.net.URI$Parser.checkChars(URI.java:3164) ~[?:?]
	at java.net.URI$Parser.parse(URI.java:3210) ~[?:?]
	at java.net.URI.<init>(URI.java:645) ~[?:?]
	at org.apache.poi.openxml4j.opc.PackagingURIHelper.toURI(PackagingURIHelper.java:723) ~[poi-ooxml-5.2.2.jar:5.2.2]
	at org.apache.poi.openxml4j.opc.PackageRelationshipCollection.parseRelationshipsPart(PackageRelationshipCollection.java:358) ~[poi-ooxml-5.2.2.jar:5.2.2]
	at org.apache.poi.openxml4j.opc.PackageRelationshipCollection.<init>(PackageRelationshipCollection.java:160) ~[poi-ooxml-5.2.2.jar:5.2.2]
	at org.apache.poi.openxml4j.opc.PackageRelationshipCollection.<init>(PackageRelationshipCollection.java:130) ~[poi-ooxml-5.2.2.jar:5.2.2]
	at org.apache.poi.openxml4j.opc.PackagePart.loadRelationships(PackagePart.java:565) ~[poi-ooxml-5.2.2.jar:5.2.2]
	at org.apache.poi.openxml4j.opc.OPCPackage.getParts(OPCPackage.java:745) ~[poi-ooxml-5.2.2.jar:5.2.2]
	at org.apache.poi.openxml4j.opc.OPCPackage.open(OPCPackage.java:315) ~[poi-ooxml-5.2.2.jar:5.2.2]
	at org.apache.poi.ooxml.util.PackageHelper.open(PackageHelper.java:59) ~[poi-ooxml-5.2.2.jar:5.2.2]
	at org.apache.poi.xssf.usermodel.XSSFWorkbook.<init>(XSSFWorkbook.java:289) ~[poi-ooxml-5.2.2.jar:5.2.2]
	at org.apache.poi.xssf.usermodel.XSSFWorkbook.<init>(XSSFWorkbook.java:285) ~[poi-ooxml-5.2.2.jar:5.2.2]
	at com.MOFutility.API_Excelutilities.readServiceIdFromExcel(API_Excelutilities.java:20) ~[test-classes/:?]
	at com.MOF.constants.API_URL.<clinit>(API_URL.java:170) ~[test-classes/:?]
	at com.MOFapi.MOFapi.Fetchvalid_SingleService_ValidServiceid(MOFapi.java:4891) ~[test-classes/:?]
	at jdk.internal.reflect.DirectMethodHandleAccessor.invoke(DirectMethodHandleAccessor.java:103) ~[?:?]
	at java.lang.reflect.Method.invoke(Method.java:580) ~[?:?]
	at org.testng.internal.MethodInvocationHelper.invokeMethod(MethodInvocationHelper.java:124) ~[testng-6.14.3.jar:?]
	at org.testng.internal.Invoker.invokeMethod(Invoker.java:583) ~[testng-6.14.3.jar:?]
	at org.testng.internal.Invoker.invokeTestMethod(Invoker.java:719) ~[testng-6.14.3.jar:?]
	at org.testng.internal.Invoker.invokeTestMethods(Invoker.java:989) ~[testng-6.14.3.jar:?]
	at org.testng.internal.TestMethodWorker.invokeTestMethods(TestMethodWorker.java:125) ~[testng-6.14.3.jar:?]
	at org.testng.internal.TestMethodWorker.run(TestMethodWorker.java:109) ~[testng-6.14.3.jar:?]
	at org.testng.TestRunner.privateRun(TestRunner.java:648) ~[testng-6.14.3.jar:?]
	at org.testng.TestRunner.run(TestRunner.java:505) ~[testng-6.14.3.jar:?]
	at org.testng.SuiteRunner.runTest(SuiteRunner.java:455) ~[testng-6.14.3.jar:?]
	at org.testng.SuiteRunner.runSequentially(SuiteRunner.java:450) ~[testng-6.14.3.jar:?]
	at org.testng.SuiteRunner.privateRun(SuiteRunner.java:415) ~[testng-6.14.3.jar:?]
	at org.testng.SuiteRunner.run(SuiteRunner.java:364) ~[testng-6.14.3.jar:?]
	at org.testng.SuiteRunnerWorker.runSuite(SuiteRunnerWorker.java:52) ~[testng-6.14.3.jar:?]
	at org.testng.SuiteRunnerWorker.run(SuiteRunnerWorker.java:84) ~[testng-6.14.3.jar:?]
	at org.testng.TestNG.runSuitesSequentially(TestNG.java:1208) ~[testng-6.14.3.jar:?]
	at org.testng.TestNG.runSuitesLocally(TestNG.java:1137) ~[testng-6.14.3.jar:?]
	at org.testng.TestNG.runSuites(TestNG.java:1049) ~[testng-6.14.3.jar:?]
	at org.testng.TestNG.run(TestNG.java:1017) ~[testng-6.14.3.jar:?]
	at org.apache.maven.surefire.testng.TestNGExecutor.run(TestNGExecutor.java:308) ~[surefire-testng-3.3.0.jar:3.3.0]
	at org.apache.maven.surefire.testng.TestNGXmlTestSuite.execute(TestNGXmlTestSuite.java:71) ~[surefire-testng-3.3.0.jar:3.3.0]
	at org.apache.maven.surefire.testng.TestNGProvider.invoke(TestNGProvider.java:113) ~[surefire-testng-3.3.0.jar:3.3.0]
	at org.apache.maven.surefire.booter.ForkedBooter.runSuitesInProcess(ForkedBooter.java:385) ~[surefire-booter-3.3.0.jar:3.3.0]
	at org.apache.maven.surefire.booter.ForkedBooter.execute(ForkedBooter.java:162) ~[surefire-booter-3.3.0.jar:3.3.0]
	at org.apache.maven.surefire.booter.ForkedBooter.run(ForkedBooter.java:507) ~[surefire-booter-3.3.0.jar:3.3.0]
	at org.apache.maven.surefire.booter.ForkedBooter.main(ForkedBooter.java:495) ~[surefire-booter-3.3.0.jar:3.3.0]
17:05:51.815 [main] ERROR org.apache.poi.openxml4j.opc.PackageRelationshipCollection - Cannot convert mailto:ALPHAAAAAA@@@@@!@##$$$%12344 in a valid relationship URI-> dummy-URI used
java.net.URISyntaxException: Illegal character in fragment at index 25: mailto:ALPHAAAAAA@@@@@!@##$$$%12344
	at java.net.URI$Parser.fail(URI.java:2995) ~[?:?]
	at java.net.URI$Parser.checkChars(URI.java:3166) ~[?:?]
	at java.net.URI$Parser.parse(URI.java:3210) ~[?:?]
	at java.net.URI.<init>(URI.java:645) ~[?:?]
	at org.apache.poi.openxml4j.opc.PackagingURIHelper.toURI(PackagingURIHelper.java:723) ~[poi-ooxml-5.2.2.jar:5.2.2]
	at org.apache.poi.openxml4j.opc.PackageRelationshipCollection.parseRelationshipsPart(PackageRelationshipCollection.java:358) ~[poi-ooxml-5.2.2.jar:5.2.2]
	at org.apache.poi.openxml4j.opc.PackageRelationshipCollection.<init>(PackageRelationshipCollection.java:160) ~[poi-ooxml-5.2.2.jar:5.2.2]
	at org.apache.poi.openxml4j.opc.PackageRelationshipCollection.<init>(PackageRelationshipCollection.java:130) ~[poi-ooxml-5.2.2.jar:5.2.2]
	at org.apache.poi.openxml4j.opc.PackagePart.loadRelationships(PackagePart.java:565) ~[poi-ooxml-5.2.2.jar:5.2.2]
	at org.apache.poi.openxml4j.opc.OPCPackage.getParts(OPCPackage.java:745) ~[poi-ooxml-5.2.2.jar:5.2.2]
	at org.apache.poi.openxml4j.opc.OPCPackage.open(OPCPackage.java:315) ~[poi-ooxml-5.2.2.jar:5.2.2]
	at org.apache.poi.ooxml.util.PackageHelper.open(PackageHelper.java:59) ~[poi-ooxml-5.2.2.jar:5.2.2]
	at org.apache.poi.xssf.usermodel.XSSFWorkbook.<init>(XSSFWorkbook.java:289) ~[poi-ooxml-5.2.2.jar:5.2.2]
	at org.apache.poi.xssf.usermodel.XSSFWorkbook.<init>(XSSFWorkbook.java:285) ~[poi-ooxml-5.2.2.jar:5.2.2]
	at com.MOFutility.API_Excelutilities.readServiceIdFromExcel(API_Excelutilities.java:20) ~[test-classes/:?]
	at com.MOF.constants.API_URL.<clinit>(API_URL.java:170) ~[test-classes/:?]
	at com.MOFapi.MOFapi.Fetchvalid_SingleService_ValidServiceid(MOFapi.java:4891) ~[test-classes/:?]
	at jdk.internal.reflect.DirectMethodHandleAccessor.invoke(DirectMethodHandleAccessor.java:103) ~[?:?]
	at java.lang.reflect.Method.invoke(Method.java:580) ~[?:?]
	at org.testng.internal.MethodInvocationHelper.invokeMethod(MethodInvocationHelper.java:124) ~[testng-6.14.3.jar:?]
	at org.testng.internal.Invoker.invokeMethod(Invoker.java:583) ~[testng-6.14.3.jar:?]
	at org.testng.internal.Invoker.invokeTestMethod(Invoker.java:719) ~[testng-6.14.3.jar:?]
	at org.testng.internal.Invoker.invokeTestMethods(Invoker.java:989) ~[testng-6.14.3.jar:?]
	at org.testng.internal.TestMethodWorker.invokeTestMethods(TestMethodWorker.java:125) ~[testng-6.14.3.jar:?]
	at org.testng.internal.TestMethodWorker.run(TestMethodWorker.java:109) ~[testng-6.14.3.jar:?]
	at org.testng.TestRunner.privateRun(TestRunner.java:648) ~[testng-6.14.3.jar:?]
	at org.testng.TestRunner.run(TestRunner.java:505) ~[testng-6.14.3.jar:?]
	at org.testng.SuiteRunner.runTest(SuiteRunner.java:455) ~[testng-6.14.3.jar:?]
	at org.testng.SuiteRunner.runSequentially(SuiteRunner.java:450) ~[testng-6.14.3.jar:?]
	at org.testng.SuiteRunner.privateRun(SuiteRunner.java:415) ~[testng-6.14.3.jar:?]
	at org.testng.SuiteRunner.run(SuiteRunner.java:364) ~[testng-6.14.3.jar:?]
	at org.testng.SuiteRunnerWorker.runSuite(SuiteRunnerWorker.java:52) ~[testng-6.14.3.jar:?]
	at org.testng.SuiteRunnerWorker.run(SuiteRunnerWorker.java:84) ~[testng-6.14.3.jar:?]
	at org.testng.TestNG.runSuitesSequentially(TestNG.java:1208) ~[testng-6.14.3.jar:?]
	at org.testng.TestNG.runSuitesLocally(TestNG.java:1137) ~[testng-6.14.3.jar:?]
	at org.testng.TestNG.runSuites(TestNG.java:1049) ~[testng-6.14.3.jar:?]
	at org.testng.TestNG.run(TestNG.java:1017) ~[testng-6.14.3.jar:?]
	at org.apache.maven.surefire.testng.TestNGExecutor.run(TestNGExecutor.java:308) ~[surefire-testng-3.3.0.jar:3.3.0]
	at org.apache.maven.surefire.testng.TestNGXmlTestSuite.execute(TestNGXmlTestSuite.java:71) ~[surefire-testng-3.3.0.jar:3.3.0]
	at org.apache.maven.surefire.testng.TestNGProvider.invoke(TestNGProvider.java:113) ~[surefire-testng-3.3.0.jar:3.3.0]
	at org.apache.maven.surefire.booter.ForkedBooter.runSuitesInProcess(ForkedBooter.java:385) ~[surefire-booter-3.3.0.jar:3.3.0]
	at org.apache.maven.surefire.booter.ForkedBooter.execute(ForkedBooter.java:162) ~[surefire-booter-3.3.0.jar:3.3.0]
	at org.apache.maven.surefire.booter.ForkedBooter.run(ForkedBooter.java:507) ~[surefire-booter-3.3.0.jar:3.3.0]
	at org.apache.maven.surefire.booter.ForkedBooter.main(ForkedBooter.java:495) ~[surefire-booter-3.3.0.jar:3.3.0]
17:05:51.817 [main] ERROR org.apache.poi.openxml4j.opc.PackageRelationshipCollection - Cannot convert mailto:2343456378912@#&^*gvadhfbjnf in a valid relationship URI-> dummy-URI used
java.net.URISyntaxException: Illegal character in fragment at index 23: mailto:2343456378912@#&^*gvadhfbjnf
	at java.net.URI$Parser.fail(URI.java:2995) ~[?:?]
	at java.net.URI$Parser.checkChars(URI.java:3166) ~[?:?]
	at java.net.URI$Parser.parse(URI.java:3210) ~[?:?]
	at java.net.URI.<init>(URI.java:645) ~[?:?]
	at org.apache.poi.openxml4j.opc.PackagingURIHelper.toURI(PackagingURIHelper.java:723) ~[poi-ooxml-5.2.2.jar:5.2.2]
	at org.apache.poi.openxml4j.opc.PackageRelationshipCollection.parseRelationshipsPart(PackageRelationshipCollection.java:358) ~[poi-ooxml-5.2.2.jar:5.2.2]
	at org.apache.poi.openxml4j.opc.PackageRelationshipCollection.<init>(PackageRelationshipCollection.java:160) ~[poi-ooxml-5.2.2.jar:5.2.2]
	at org.apache.poi.openxml4j.opc.PackageRelationshipCollection.<init>(PackageRelationshipCollection.java:130) ~[poi-ooxml-5.2.2.jar:5.2.2]
	at org.apache.poi.openxml4j.opc.PackagePart.loadRelationships(PackagePart.java:565) ~[poi-ooxml-5.2.2.jar:5.2.2]
	at org.apache.poi.openxml4j.opc.OPCPackage.getParts(OPCPackage.java:745) ~[poi-ooxml-5.2.2.jar:5.2.2]
	at org.apache.poi.openxml4j.opc.OPCPackage.open(OPCPackage.java:315) ~[poi-ooxml-5.2.2.jar:5.2.2]
	at org.apache.poi.ooxml.util.PackageHelper.open(PackageHelper.java:59) ~[poi-ooxml-5.2.2.jar:5.2.2]
	at org.apache.poi.xssf.usermodel.XSSFWorkbook.<init>(XSSFWorkbook.java:289) ~[poi-ooxml-5.2.2.jar:5.2.2]
	at org.apache.poi.xssf.usermodel.XSSFWorkbook.<init>(XSSFWorkbook.java:285) ~[poi-ooxml-5.2.2.jar:5.2.2]
	at com.MOFutility.API_Excelutilities.readServiceIdFromExcel(API_Excelutilities.java:20) ~[test-classes/:?]
	at com.MOF.constants.API_URL.<clinit>(API_URL.java:170) ~[test-classes/:?]
	at com.MOFapi.MOFapi.Fetchvalid_SingleService_ValidServiceid(MOFapi.java:4891) ~[test-classes/:?]
	at jdk.internal.reflect.DirectMethodHandleAccessor.invoke(DirectMethodHandleAccessor.java:103) ~[?:?]
	at java.lang.reflect.Method.invoke(Method.java:580) ~[?:?]
	at org.testng.internal.MethodInvocationHelper.invokeMethod(MethodInvocationHelper.java:124) ~[testng-6.14.3.jar:?]
	at org.testng.internal.Invoker.invokeMethod(Invoker.java:583) ~[testng-6.14.3.jar:?]
	at org.testng.internal.Invoker.invokeTestMethod(Invoker.java:719) ~[testng-6.14.3.jar:?]
	at org.testng.internal.Invoker.invokeTestMethods(Invoker.java:989) ~[testng-6.14.3.jar:?]
	at org.testng.internal.TestMethodWorker.invokeTestMethods(TestMethodWorker.java:125) ~[testng-6.14.3.jar:?]
	at org.testng.internal.TestMethodWorker.run(TestMethodWorker.java:109) ~[testng-6.14.3.jar:?]
	at org.testng.TestRunner.privateRun(TestRunner.java:648) ~[testng-6.14.3.jar:?]
	at org.testng.TestRunner.run(TestRunner.java:505) ~[testng-6.14.3.jar:?]
	at org.testng.SuiteRunner.runTest(SuiteRunner.java:455) ~[testng-6.14.3.jar:?]
	at org.testng.SuiteRunner.runSequentially(SuiteRunner.java:450) ~[testng-6.14.3.jar:?]
	at org.testng.SuiteRunner.privateRun(SuiteRunner.java:415) ~[testng-6.14.3.jar:?]
	at org.testng.SuiteRunner.run(SuiteRunner.java:364) ~[testng-6.14.3.jar:?]
	at org.testng.SuiteRunnerWorker.runSuite(SuiteRunnerWorker.java:52) ~[testng-6.14.3.jar:?]
	at org.testng.SuiteRunnerWorker.run(SuiteRunnerWorker.java:84) ~[testng-6.14.3.jar:?]
	at org.testng.TestNG.runSuitesSequentially(TestNG.java:1208) ~[testng-6.14.3.jar:?]
	at org.testng.TestNG.runSuitesLocally(TestNG.java:1137) ~[testng-6.14.3.jar:?]
	at org.testng.TestNG.runSuites(TestNG.java:1049) ~[testng-6.14.3.jar:?]
	at org.testng.TestNG.run(TestNG.java:1017) ~[testng-6.14.3.jar:?]
	at org.apache.maven.surefire.testng.TestNGExecutor.run(TestNGExecutor.java:308) ~[surefire-testng-3.3.0.jar:3.3.0]
	at org.apache.maven.surefire.testng.TestNGXmlTestSuite.execute(TestNGXmlTestSuite.java:71) ~[surefire-testng-3.3.0.jar:3.3.0]
	at org.apache.maven.surefire.testng.TestNGProvider.invoke(TestNGProvider.java:113) ~[surefire-testng-3.3.0.jar:3.3.0]
	at org.apache.maven.surefire.booter.ForkedBooter.runSuitesInProcess(ForkedBooter.java:385) ~[surefire-booter-3.3.0.jar:3.3.0]
	at org.apache.maven.surefire.booter.ForkedBooter.execute(ForkedBooter.java:162) ~[surefire-booter-3.3.0.jar:3.3.0]
	at org.apache.maven.surefire.booter.ForkedBooter.run(ForkedBooter.java:507) ~[surefire-booter-3.3.0.jar:3.3.0]
	at org.apache.maven.surefire.booter.ForkedBooter.main(ForkedBooter.java:495) ~[surefire-booter-3.3.0.jar:3.3.0]
17:05:51.856 [main] ERROR org.apache.poi.openxml4j.opc.PackageRelationshipCollection - Cannot convert mailto:ALPA@#$%^245234534 in a valid relationship URI-> dummy-URI used
java.net.URISyntaxException: Malformed escape pair at index 14: mailto:ALPA@#$%^245234534
	at java.net.URI$Parser.fail(URI.java:2995) ~[?:?]
	at java.net.URI$Parser.scanEscape(URI.java:3123) ~[?:?]
	at java.net.URI$Parser.scan(URI.java:3146) ~[?:?]
	at java.net.URI$Parser.checkChars(URI.java:3164) ~[?:?]
	at java.net.URI$Parser.parse(URI.java:3210) ~[?:?]
	at java.net.URI.<init>(URI.java:645) ~[?:?]
	at org.apache.poi.openxml4j.opc.PackagingURIHelper.toURI(PackagingURIHelper.java:723) ~[poi-ooxml-5.2.2.jar:5.2.2]
	at org.apache.poi.openxml4j.opc.PackageRelationshipCollection.parseRelationshipsPart(PackageRelationshipCollection.java:358) ~[poi-ooxml-5.2.2.jar:5.2.2]
	at org.apache.poi.openxml4j.opc.PackageRelationshipCollection.<init>(PackageRelationshipCollection.java:160) ~[poi-ooxml-5.2.2.jar:5.2.2]
	at org.apache.poi.openxml4j.opc.PackageRelationshipCollection.<init>(PackageRelationshipCollection.java:130) ~[poi-ooxml-5.2.2.jar:5.2.2]
	at org.apache.poi.openxml4j.opc.PackagePart.loadRelationships(PackagePart.java:565) ~[poi-ooxml-5.2.2.jar:5.2.2]
	at org.apache.poi.openxml4j.opc.OPCPackage.getParts(OPCPackage.java:745) ~[poi-ooxml-5.2.2.jar:5.2.2]
	at org.apache.poi.openxml4j.opc.OPCPackage.open(OPCPackage.java:315) ~[poi-ooxml-5.2.2.jar:5.2.2]
	at org.apache.poi.ooxml.util.PackageHelper.open(PackageHelper.java:59) ~[poi-ooxml-5.2.2.jar:5.2.2]
	at org.apache.poi.xssf.usermodel.XSSFWorkbook.<init>(XSSFWorkbook.java:289) ~[poi-ooxml-5.2.2.jar:5.2.2]
	at org.apache.poi.xssf.usermodel.XSSFWorkbook.<init>(XSSFWorkbook.java:285) ~[poi-ooxml-5.2.2.jar:5.2.2]
	at com.MOFutility.API_Excelutilities.readServiceIdFromExcel(API_Excelutilities.java:20) ~[test-classes/:?]
	at com.MOF.constants.API_URL.<clinit>(API_URL.java:171) ~[test-classes/:?]
	at com.MOFapi.MOFapi.Fetchvalid_SingleService_ValidServiceid(MOFapi.java:4891) ~[test-classes/:?]
	at jdk.internal.reflect.DirectMethodHandleAccessor.invoke(DirectMethodHandleAccessor.java:103) ~[?:?]
	at java.lang.reflect.Method.invoke(Method.java:580) ~[?:?]
	at org.testng.internal.MethodInvocationHelper.invokeMethod(MethodInvocationHelper.java:124) ~[testng-6.14.3.jar:?]
	at org.testng.internal.Invoker.invokeMethod(Invoker.java:583) ~[testng-6.14.3.jar:?]
	at org.testng.internal.Invoker.invokeTestMethod(Invoker.java:719) ~[testng-6.14.3.jar:?]
	at org.testng.internal.Invoker.invokeTestMethods(Invoker.java:989) ~[testng-6.14.3.jar:?]
	at org.testng.internal.TestMethodWorker.invokeTestMethods(TestMethodWorker.java:125) ~[testng-6.14.3.jar:?]
	at org.testng.internal.TestMethodWorker.run(TestMethodWorker.java:109) ~[testng-6.14.3.jar:?]
	at org.testng.TestRunner.privateRun(TestRunner.java:648) ~[testng-6.14.3.jar:?]
	at org.testng.TestRunner.run(TestRunner.java:505) ~[testng-6.14.3.jar:?]
	at org.testng.SuiteRunner.runTest(SuiteRunner.java:455) ~[testng-6.14.3.jar:?]
	at org.testng.SuiteRunner.runSequentially(SuiteRunner.java:450) ~[testng-6.14.3.jar:?]
	at org.testng.SuiteRunner.privateRun(SuiteRunner.java:415) ~[testng-6.14.3.jar:?]
	at org.testng.SuiteRunner.run(SuiteRunner.java:364) ~[testng-6.14.3.jar:?]
	at org.testng.SuiteRunnerWorker.runSuite(SuiteRunnerWorker.java:52) ~[testng-6.14.3.jar:?]
	at org.testng.SuiteRunnerWorker.run(SuiteRunnerWorker.java:84) ~[testng-6.14.3.jar:?]
	at org.testng.TestNG.runSuitesSequentially(TestNG.java:1208) ~[testng-6.14.3.jar:?]
	at org.testng.TestNG.runSuitesLocally(TestNG.java:1137) ~[testng-6.14.3.jar:?]
	at org.testng.TestNG.runSuites(TestNG.java:1049) ~[testng-6.14.3.jar:?]
	at org.testng.TestNG.run(TestNG.java:1017) ~[testng-6.14.3.jar:?]
	at org.apache.maven.surefire.testng.TestNGExecutor.run(TestNGExecutor.java:308) ~[surefire-testng-3.3.0.jar:3.3.0]
	at org.apache.maven.surefire.testng.TestNGXmlTestSuite.execute(TestNGXmlTestSuite.java:71) ~[surefire-testng-3.3.0.jar:3.3.0]
	at org.apache.maven.surefire.testng.TestNGProvider.invoke(TestNGProvider.java:113) ~[surefire-testng-3.3.0.jar:3.3.0]
	at org.apache.maven.surefire.booter.ForkedBooter.runSuitesInProcess(ForkedBooter.java:385) ~[surefire-booter-3.3.0.jar:3.3.0]
	at org.apache.maven.surefire.booter.ForkedBooter.execute(ForkedBooter.java:162) ~[surefire-booter-3.3.0.jar:3.3.0]
	at org.apache.maven.surefire.booter.ForkedBooter.run(ForkedBooter.java:507) ~[surefire-booter-3.3.0.jar:3.3.0]
	at org.apache.maven.surefire.booter.ForkedBooter.main(ForkedBooter.java:495) ~[surefire-booter-3.3.0.jar:3.3.0]
17:05:51.857 [main] ERROR org.apache.poi.openxml4j.opc.PackageRelationshipCollection - Cannot convert mailto:ALPHAAAAAA@@@@@!@##$$$%12344 in a valid relationship URI-> dummy-URI used
java.net.URISyntaxException: Illegal character in fragment at index 25: mailto:ALPHAAAAAA@@@@@!@##$$$%12344
	at java.net.URI$Parser.fail(URI.java:2995) ~[?:?]
	at java.net.URI$Parser.checkChars(URI.java:3166) ~[?:?]
	at java.net.URI$Parser.parse(URI.java:3210) ~[?:?]
	at java.net.URI.<init>(URI.java:645) ~[?:?]
	at org.apache.poi.openxml4j.opc.PackagingURIHelper.toURI(PackagingURIHelper.java:723) ~[poi-ooxml-5.2.2.jar:5.2.2]
	at org.apache.poi.openxml4j.opc.PackageRelationshipCollection.parseRelationshipsPart(PackageRelationshipCollection.java:358) ~[poi-ooxml-5.2.2.jar:5.2.2]
	at org.apache.poi.openxml4j.opc.PackageRelationshipCollection.<init>(PackageRelationshipCollection.java:160) ~[poi-ooxml-5.2.2.jar:5.2.2]
	at org.apache.poi.openxml4j.opc.PackageRelationshipCollection.<init>(PackageRelationshipCollection.java:130) ~[poi-ooxml-5.2.2.jar:5.2.2]
	at org.apache.poi.openxml4j.opc.PackagePart.loadRelationships(PackagePart.java:565) ~[poi-ooxml-5.2.2.jar:5.2.2]
	at org.apache.poi.openxml4j.opc.OPCPackage.getParts(OPCPackage.java:745) ~[poi-ooxml-5.2.2.jar:5.2.2]
	at org.apache.poi.openxml4j.opc.OPCPackage.open(OPCPackage.java:315) ~[poi-ooxml-5.2.2.jar:5.2.2]
	at org.apache.poi.ooxml.util.PackageHelper.open(PackageHelper.java:59) ~[poi-ooxml-5.2.2.jar:5.2.2]
	at org.apache.poi.xssf.usermodel.XSSFWorkbook.<init>(XSSFWorkbook.java:289) ~[poi-ooxml-5.2.2.jar:5.2.2]
	at org.apache.poi.xssf.usermodel.XSSFWorkbook.<init>(XSSFWorkbook.java:285) ~[poi-ooxml-5.2.2.jar:5.2.2]
	at com.MOFutility.API_Excelutilities.readServiceIdFromExcel(API_Excelutilities.java:20) ~[test-classes/:?]
	at com.MOF.constants.API_URL.<clinit>(API_URL.java:171) ~[test-classes/:?]
	at com.MOFapi.MOFapi.Fetchvalid_SingleService_ValidServiceid(MOFapi.java:4891) ~[test-classes/:?]
	at jdk.internal.reflect.DirectMethodHandleAccessor.invoke(DirectMethodHandleAccessor.java:103) ~[?:?]
	at java.lang.reflect.Method.invoke(Method.java:580) ~[?:?]
	at org.testng.internal.MethodInvocationHelper.invokeMethod(MethodInvocationHelper.java:124) ~[testng-6.14.3.jar:?]
	at org.testng.internal.Invoker.invokeMethod(Invoker.java:583) ~[testng-6.14.3.jar:?]
	at org.testng.internal.Invoker.invokeTestMethod(Invoker.java:719) ~[testng-6.14.3.jar:?]
	at org.testng.internal.Invoker.invokeTestMethods(Invoker.java:989) ~[testng-6.14.3.jar:?]
	at org.testng.internal.TestMethodWorker.invokeTestMethods(TestMethodWorker.java:125) ~[testng-6.14.3.jar:?]
	at org.testng.internal.TestMethodWorker.run(TestMethodWorker.java:109) ~[testng-6.14.3.jar:?]
	at org.testng.TestRunner.privateRun(TestRunner.java:648) ~[testng-6.14.3.jar:?]
	at org.testng.TestRunner.run(TestRunner.java:505) ~[testng-6.14.3.jar:?]
	at org.testng.SuiteRunner.runTest(SuiteRunner.java:455) ~[testng-6.14.3.jar:?]
	at org.testng.SuiteRunner.runSequentially(SuiteRunner.java:450) ~[testng-6.14.3.jar:?]
	at org.testng.SuiteRunner.privateRun(SuiteRunner.java:415) ~[testng-6.14.3.jar:?]
	at org.testng.SuiteRunner.run(SuiteRunner.java:364) ~[testng-6.14.3.jar:?]
	at org.testng.SuiteRunnerWorker.runSuite(SuiteRunnerWorker.java:52) ~[testng-6.14.3.jar:?]
	at org.testng.SuiteRunnerWorker.run(SuiteRunnerWorker.java:84) ~[testng-6.14.3.jar:?]
	at org.testng.TestNG.runSuitesSequentially(TestNG.java:1208) ~[testng-6.14.3.jar:?]
	at org.testng.TestNG.runSuitesLocally(TestNG.java:1137) ~[testng-6.14.3.jar:?]
	at org.testng.TestNG.runSuites(TestNG.java:1049) ~[testng-6.14.3.jar:?]
	at org.testng.TestNG.run(TestNG.java:1017) ~[testng-6.14.3.jar:?]
	at org.apache.maven.surefire.testng.TestNGExecutor.run(TestNGExecutor.java:308) ~[surefire-testng-3.3.0.jar:3.3.0]
	at org.apache.maven.surefire.testng.TestNGXmlTestSuite.execute(TestNGXmlTestSuite.java:71) ~[surefire-testng-3.3.0.jar:3.3.0]
	at org.apache.maven.surefire.testng.TestNGProvider.invoke(TestNGProvider.java:113) ~[surefire-testng-3.3.0.jar:3.3.0]
	at org.apache.maven.surefire.booter.ForkedBooter.runSuitesInProcess(ForkedBooter.java:385) ~[surefire-booter-3.3.0.jar:3.3.0]
	at org.apache.maven.surefire.booter.ForkedBooter.execute(ForkedBooter.java:162) ~[surefire-booter-3.3.0.jar:3.3.0]
	at org.apache.maven.surefire.booter.ForkedBooter.run(ForkedBooter.java:507) ~[surefire-booter-3.3.0.jar:3.3.0]
	at org.apache.maven.surefire.booter.ForkedBooter.main(ForkedBooter.java:495) ~[surefire-booter-3.3.0.jar:3.3.0]
17:05:51.858 [main] ERROR org.apache.poi.openxml4j.opc.PackageRelationshipCollection - Cannot convert mailto:2343456378912@#&^*gvadhfbjnf in a valid relationship URI-> dummy-URI used
java.net.URISyntaxException: Illegal character in fragment at index 23: mailto:2343456378912@#&^*gvadhfbjnf
	at java.net.URI$Parser.fail(URI.java:2995) ~[?:?]
	at java.net.URI$Parser.checkChars(URI.java:3166) ~[?:?]
	at java.net.URI$Parser.parse(URI.java:3210) ~[?:?]
	at java.net.URI.<init>(URI.java:645) ~[?:?]
	at org.apache.poi.openxml4j.opc.PackagingURIHelper.toURI(PackagingURIHelper.java:723) ~[poi-ooxml-5.2.2.jar:5.2.2]
	at org.apache.poi.openxml4j.opc.PackageRelationshipCollection.parseRelationshipsPart(PackageRelationshipCollection.java:358) ~[poi-ooxml-5.2.2.jar:5.2.2]
	at org.apache.poi.openxml4j.opc.PackageRelationshipCollection.<init>(PackageRelationshipCollection.java:160) ~[poi-ooxml-5.2.2.jar:5.2.2]
	at org.apache.poi.openxml4j.opc.PackageRelationshipCollection.<init>(PackageRelationshipCollection.java:130) ~[poi-ooxml-5.2.2.jar:5.2.2]
	at org.apache.poi.openxml4j.opc.PackagePart.loadRelationships(PackagePart.java:565) ~[poi-ooxml-5.2.2.jar:5.2.2]
	at org.apache.poi.openxml4j.opc.OPCPackage.getParts(OPCPackage.java:745) ~[poi-ooxml-5.2.2.jar:5.2.2]
	at org.apache.poi.openxml4j.opc.OPCPackage.open(OPCPackage.java:315) ~[poi-ooxml-5.2.2.jar:5.2.2]
	at org.apache.poi.ooxml.util.PackageHelper.open(PackageHelper.java:59) ~[poi-ooxml-5.2.2.jar:5.2.2]
	at org.apache.poi.xssf.usermodel.XSSFWorkbook.<init>(XSSFWorkbook.java:289) ~[poi-ooxml-5.2.2.jar:5.2.2]
	at org.apache.poi.xssf.usermodel.XSSFWorkbook.<init>(XSSFWorkbook.java:285) ~[poi-ooxml-5.2.2.jar:5.2.2]
	at com.MOFutility.API_Excelutilities.readServiceIdFromExcel(API_Excelutilities.java:20) ~[test-classes/:?]
	at com.MOF.constants.API_URL.<clinit>(API_URL.java:171) ~[test-classes/:?]
	at com.MOFapi.MOFapi.Fetchvalid_SingleService_ValidServiceid(MOFapi.java:4891) ~[test-classes/:?]
	at jdk.internal.reflect.DirectMethodHandleAccessor.invoke(DirectMethodHandleAccessor.java:103) ~[?:?]
	at java.lang.reflect.Method.invoke(Method.java:580) ~[?:?]
	at org.testng.internal.MethodInvocationHelper.invokeMethod(MethodInvocationHelper.java:124) ~[testng-6.14.3.jar:?]
	at org.testng.internal.Invoker.invokeMethod(Invoker.java:583) ~[testng-6.14.3.jar:?]
	at org.testng.internal.Invoker.invokeTestMethod(Invoker.java:719) ~[testng-6.14.3.jar:?]
	at org.testng.internal.Invoker.invokeTestMethods(Invoker.java:989) ~[testng-6.14.3.jar:?]
	at org.testng.internal.TestMethodWorker.invokeTestMethods(TestMethodWorker.java:125) ~[testng-6.14.3.jar:?]
	at org.testng.internal.TestMethodWorker.run(TestMethodWorker.java:109) ~[testng-6.14.3.jar:?]
	at org.testng.TestRunner.privateRun(TestRunner.java:648) ~[testng-6.14.3.jar:?]
	at org.testng.TestRunner.run(TestRunner.java:505) ~[testng-6.14.3.jar:?]
	at org.testng.SuiteRunner.runTest(SuiteRunner.java:455) ~[testng-6.14.3.jar:?]
	at org.testng.SuiteRunner.runSequentially(SuiteRunner.java:450) ~[testng-6.14.3.jar:?]
	at org.testng.SuiteRunner.privateRun(SuiteRunner.java:415) ~[testng-6.14.3.jar:?]
	at org.testng.SuiteRunner.run(SuiteRunner.java:364) ~[testng-6.14.3.jar:?]
	at org.testng.SuiteRunnerWorker.runSuite(SuiteRunnerWorker.java:52) ~[testng-6.14.3.jar:?]
	at org.testng.SuiteRunnerWorker.run(SuiteRunnerWorker.java:84) ~[testng-6.14.3.jar:?]
	at org.testng.TestNG.runSuitesSequentially(TestNG.java:1208) ~[testng-6.14.3.jar:?]
	at org.testng.TestNG.runSuitesLocally(TestNG.java:1137) ~[testng-6.14.3.jar:?]
	at org.testng.TestNG.runSuites(TestNG.java:1049) ~[testng-6.14.3.jar:?]
	at org.testng.TestNG.run(TestNG.java:1017) ~[testng-6.14.3.jar:?]
	at org.apache.maven.surefire.testng.TestNGExecutor.run(TestNGExecutor.java:308) ~[surefire-testng-3.3.0.jar:3.3.0]
	at org.apache.maven.surefire.testng.TestNGXmlTestSuite.execute(TestNGXmlTestSuite.java:71) ~[surefire-testng-3.3.0.jar:3.3.0]
	at org.apache.maven.surefire.testng.TestNGProvider.invoke(TestNGProvider.java:113) ~[surefire-testng-3.3.0.jar:3.3.0]
	at org.apache.maven.surefire.booter.ForkedBooter.runSuitesInProcess(ForkedBooter.java:385) ~[surefire-booter-3.3.0.jar:3.3.0]
	at org.apache.maven.surefire.booter.ForkedBooter.execute(ForkedBooter.java:162) ~[surefire-booter-3.3.0.jar:3.3.0]
	at org.apache.maven.surefire.booter.ForkedBooter.run(ForkedBooter.java:507) ~[surefire-booter-3.3.0.jar:3.3.0]
	at org.apache.maven.surefire.booter.ForkedBooter.main(ForkedBooter.java:495) ~[surefire-booter-3.3.0.jar:3.3.0]
17:05:51.897 [main] ERROR org.apache.poi.openxml4j.opc.PackageRelationshipCollection - Cannot convert mailto:ALPA@#$%^245234534 in a valid relationship URI-> dummy-URI used
java.net.URISyntaxException: Malformed escape pair at index 14: mailto:ALPA@#$%^245234534
	at java.net.URI$Parser.fail(URI.java:2995) ~[?:?]
	at java.net.URI$Parser.scanEscape(URI.java:3123) ~[?:?]
	at java.net.URI$Parser.scan(URI.java:3146) ~[?:?]
	at java.net.URI$Parser.checkChars(URI.java:3164) ~[?:?]
	at java.net.URI$Parser.parse(URI.java:3210) ~[?:?]
	at java.net.URI.<init>(URI.java:645) ~[?:?]
	at org.apache.poi.openxml4j.opc.PackagingURIHelper.toURI(PackagingURIHelper.java:723) ~[poi-ooxml-5.2.2.jar:5.2.2]
	at org.apache.poi.openxml4j.opc.PackageRelationshipCollection.parseRelationshipsPart(PackageRelationshipCollection.java:358) ~[poi-ooxml-5.2.2.jar:5.2.2]
	at org.apache.poi.openxml4j.opc.PackageRelationshipCollection.<init>(PackageRelationshipCollection.java:160) ~[poi-ooxml-5.2.2.jar:5.2.2]
	at org.apache.poi.openxml4j.opc.PackageRelationshipCollection.<init>(PackageRelationshipCollection.java:130) ~[poi-ooxml-5.2.2.jar:5.2.2]
	at org.apache.poi.openxml4j.opc.PackagePart.loadRelationships(PackagePart.java:565) ~[poi-ooxml-5.2.2.jar:5.2.2]
	at org.apache.poi.openxml4j.opc.OPCPackage.getParts(OPCPackage.java:745) ~[poi-ooxml-5.2.2.jar:5.2.2]
	at org.apache.poi.openxml4j.opc.OPCPackage.open(OPCPackage.java:315) ~[poi-ooxml-5.2.2.jar:5.2.2]
	at org.apache.poi.ooxml.util.PackageHelper.open(PackageHelper.java:59) ~[poi-ooxml-5.2.2.jar:5.2.2]
	at org.apache.poi.xssf.usermodel.XSSFWorkbook.<init>(XSSFWorkbook.java:289) ~[poi-ooxml-5.2.2.jar:5.2.2]
	at org.apache.poi.xssf.usermodel.XSSFWorkbook.<init>(XSSFWorkbook.java:285) ~[poi-ooxml-5.2.2.jar:5.2.2]
	at com.MOFutility.API_Excelutilities.readServiceIdFromExcel(API_Excelutilities.java:20) ~[test-classes/:?]
	at com.MOF.constants.API_URL.<clinit>(API_URL.java:173) ~[test-classes/:?]
	at com.MOFapi.MOFapi.Fetchvalid_SingleService_ValidServiceid(MOFapi.java:4891) ~[test-classes/:?]
	at jdk.internal.reflect.DirectMethodHandleAccessor.invoke(DirectMethodHandleAccessor.java:103) ~[?:?]
	at java.lang.reflect.Method.invoke(Method.java:580) ~[?:?]
	at org.testng.internal.MethodInvocationHelper.invokeMethod(MethodInvocationHelper.java:124) ~[testng-6.14.3.jar:?]
	at org.testng.internal.Invoker.invokeMethod(Invoker.java:583) ~[testng-6.14.3.jar:?]
	at org.testng.internal.Invoker.invokeTestMethod(Invoker.java:719) ~[testng-6.14.3.jar:?]
	at org.testng.internal.Invoker.invokeTestMethods(Invoker.java:989) ~[testng-6.14.3.jar:?]
	at org.testng.internal.TestMethodWorker.invokeTestMethods(TestMethodWorker.java:125) ~[testng-6.14.3.jar:?]
	at org.testng.internal.TestMethodWorker.run(TestMethodWorker.java:109) ~[testng-6.14.3.jar:?]
	at org.testng.TestRunner.privateRun(TestRunner.java:648) ~[testng-6.14.3.jar:?]
	at org.testng.TestRunner.run(TestRunner.java:505) ~[testng-6.14.3.jar:?]
	at org.testng.SuiteRunner.runTest(SuiteRunner.java:455) ~[testng-6.14.3.jar:?]
	at org.testng.SuiteRunner.runSequentially(SuiteRunner.java:450) ~[testng-6.14.3.jar:?]
	at org.testng.SuiteRunner.privateRun(SuiteRunner.java:415) ~[testng-6.14.3.jar:?]
	at org.testng.SuiteRunner.run(SuiteRunner.java:364) ~[testng-6.14.3.jar:?]
	at org.testng.SuiteRunnerWorker.runSuite(SuiteRunnerWorker.java:52) ~[testng-6.14.3.jar:?]
	at org.testng.SuiteRunnerWorker.run(SuiteRunnerWorker.java:84) ~[testng-6.14.3.jar:?]
	at org.testng.TestNG.runSuitesSequentially(TestNG.java:1208) ~[testng-6.14.3.jar:?]
	at org.testng.TestNG.runSuitesLocally(TestNG.java:1137) ~[testng-6.14.3.jar:?]
	at org.testng.TestNG.runSuites(TestNG.java:1049) ~[testng-6.14.3.jar:?]
	at org.testng.TestNG.run(TestNG.java:1017) ~[testng-6.14.3.jar:?]
	at org.apache.maven.surefire.testng.TestNGExecutor.run(TestNGExecutor.java:308) ~[surefire-testng-3.3.0.jar:3.3.0]
	at org.apache.maven.surefire.testng.TestNGXmlTestSuite.execute(TestNGXmlTestSuite.java:71) ~[surefire-testng-3.3.0.jar:3.3.0]
	at org.apache.maven.surefire.testng.TestNGProvider.invoke(TestNGProvider.java:113) ~[surefire-testng-3.3.0.jar:3.3.0]
	at org.apache.maven.surefire.booter.ForkedBooter.runSuitesInProcess(ForkedBooter.java:385) ~[surefire-booter-3.3.0.jar:3.3.0]
	at org.apache.maven.surefire.booter.ForkedBooter.execute(ForkedBooter.java:162) ~[surefire-booter-3.3.0.jar:3.3.0]
	at org.apache.maven.surefire.booter.ForkedBooter.run(ForkedBooter.java:507) ~[surefire-booter-3.3.0.jar:3.3.0]
	at org.apache.maven.surefire.booter.ForkedBooter.main(ForkedBooter.java:495) ~[surefire-booter-3.3.0.jar:3.3.0]
17:05:51.899 [main] ERROR org.apache.poi.openxml4j.opc.PackageRelationshipCollection - Cannot convert mailto:ALPHAAAAAA@@@@@!@##$$$%12344 in a valid relationship URI-> dummy-URI used
java.net.URISyntaxException: Illegal character in fragment at index 25: mailto:ALPHAAAAAA@@@@@!@##$$$%12344
	at java.net.URI$Parser.fail(URI.java:2995) ~[?:?]
	at java.net.URI$Parser.checkChars(URI.java:3166) ~[?:?]
	at java.net.URI$Parser.parse(URI.java:3210) ~[?:?]
	at java.net.URI.<init>(URI.java:645) ~[?:?]
	at org.apache.poi.openxml4j.opc.PackagingURIHelper.toURI(PackagingURIHelper.java:723) ~[poi-ooxml-5.2.2.jar:5.2.2]
	at org.apache.poi.openxml4j.opc.PackageRelationshipCollection.parseRelationshipsPart(PackageRelationshipCollection.java:358) ~[poi-ooxml-5.2.2.jar:5.2.2]
	at org.apache.poi.openxml4j.opc.PackageRelationshipCollection.<init>(PackageRelationshipCollection.java:160) ~[poi-ooxml-5.2.2.jar:5.2.2]
	at org.apache.poi.openxml4j.opc.PackageRelationshipCollection.<init>(PackageRelationshipCollection.java:130) ~[poi-ooxml-5.2.2.jar:5.2.2]
	at org.apache.poi.openxml4j.opc.PackagePart.loadRelationships(PackagePart.java:565) ~[poi-ooxml-5.2.2.jar:5.2.2]
	at org.apache.poi.openxml4j.opc.OPCPackage.getParts(OPCPackage.java:745) ~[poi-ooxml-5.2.2.jar:5.2.2]
	at org.apache.poi.openxml4j.opc.OPCPackage.open(OPCPackage.java:315) ~[poi-ooxml-5.2.2.jar:5.2.2]
	at org.apache.poi.ooxml.util.PackageHelper.open(PackageHelper.java:59) ~[poi-ooxml-5.2.2.jar:5.2.2]
	at org.apache.poi.xssf.usermodel.XSSFWorkbook.<init>(XSSFWorkbook.java:289) ~[poi-ooxml-5.2.2.jar:5.2.2]
	at org.apache.poi.xssf.usermodel.XSSFWorkbook.<init>(XSSFWorkbook.java:285) ~[poi-ooxml-5.2.2.jar:5.2.2]
	at com.MOFutility.API_Excelutilities.readServiceIdFromExcel(API_Excelutilities.java:20) ~[test-classes/:?]
	at com.MOF.constants.API_URL.<clinit>(API_URL.java:173) ~[test-classes/:?]
	at com.MOFapi.MOFapi.Fetchvalid_SingleService_ValidServiceid(MOFapi.java:4891) ~[test-classes/:?]
	at jdk.internal.reflect.DirectMethodHandleAccessor.invoke(DirectMethodHandleAccessor.java:103) ~[?:?]
	at java.lang.reflect.Method.invoke(Method.java:580) ~[?:?]
	at org.testng.internal.MethodInvocationHelper.invokeMethod(MethodInvocationHelper.java:124) ~[testng-6.14.3.jar:?]
	at org.testng.internal.Invoker.invokeMethod(Invoker.java:583) ~[testng-6.14.3.jar:?]
	at org.testng.internal.Invoker.invokeTestMethod(Invoker.java:719) ~[testng-6.14.3.jar:?]
	at org.testng.internal.Invoker.invokeTestMethods(Invoker.java:989) ~[testng-6.14.3.jar:?]
	at org.testng.internal.TestMethodWorker.invokeTestMethods(TestMethodWorker.java:125) ~[testng-6.14.3.jar:?]
	at org.testng.internal.TestMethodWorker.run(TestMethodWorker.java:109) ~[testng-6.14.3.jar:?]
	at org.testng.TestRunner.privateRun(TestRunner.java:648) ~[testng-6.14.3.jar:?]
	at org.testng.TestRunner.run(TestRunner.java:505) ~[testng-6.14.3.jar:?]
	at org.testng.SuiteRunner.runTest(SuiteRunner.java:455) ~[testng-6.14.3.jar:?]
	at org.testng.SuiteRunner.runSequentially(SuiteRunner.java:450) ~[testng-6.14.3.jar:?]
	at org.testng.SuiteRunner.privateRun(SuiteRunner.java:415) ~[testng-6.14.3.jar:?]
	at org.testng.SuiteRunner.run(SuiteRunner.java:364) ~[testng-6.14.3.jar:?]
	at org.testng.SuiteRunnerWorker.runSuite(SuiteRunnerWorker.java:52) ~[testng-6.14.3.jar:?]
	at org.testng.SuiteRunnerWorker.run(SuiteRunnerWorker.java:84) ~[testng-6.14.3.jar:?]
	at org.testng.TestNG.runSuitesSequentially(TestNG.java:1208) ~[testng-6.14.3.jar:?]
	at org.testng.TestNG.runSuitesLocally(TestNG.java:1137) ~[testng-6.14.3.jar:?]
	at org.testng.TestNG.runSuites(TestNG.java:1049) ~[testng-6.14.3.jar:?]
	at org.testng.TestNG.run(TestNG.java:1017) ~[testng-6.14.3.jar:?]
	at org.apache.maven.surefire.testng.TestNGExecutor.run(TestNGExecutor.java:308) ~[surefire-testng-3.3.0.jar:3.3.0]
	at org.apache.maven.surefire.testng.TestNGXmlTestSuite.execute(TestNGXmlTestSuite.java:71) ~[surefire-testng-3.3.0.jar:3.3.0]
	at org.apache.maven.surefire.testng.TestNGProvider.invoke(TestNGProvider.java:113) ~[surefire-testng-3.3.0.jar:3.3.0]
	at org.apache.maven.surefire.booter.ForkedBooter.runSuitesInProcess(ForkedBooter.java:385) ~[surefire-booter-3.3.0.jar:3.3.0]
	at org.apache.maven.surefire.booter.ForkedBooter.execute(ForkedBooter.java:162) ~[surefire-booter-3.3.0.jar:3.3.0]
	at org.apache.maven.surefire.booter.ForkedBooter.run(ForkedBooter.java:507) ~[surefire-booter-3.3.0.jar:3.3.0]
	at org.apache.maven.surefire.booter.ForkedBooter.main(ForkedBooter.java:495) ~[surefire-booter-3.3.0.jar:3.3.0]
17:05:51.899 [main] ERROR org.apache.poi.openxml4j.opc.PackageRelationshipCollection - Cannot convert mailto:2343456378912@#&^*gvadhfbjnf in a valid relationship URI-> dummy-URI used
java.net.URISyntaxException: Illegal character in fragment at index 23: mailto:2343456378912@#&^*gvadhfbjnf
	at java.net.URI$Parser.fail(URI.java:2995) ~[?:?]
	at java.net.URI$Parser.checkChars(URI.java:3166) ~[?:?]
	at java.net.URI$Parser.parse(URI.java:3210) ~[?:?]
	at java.net.URI.<init>(URI.java:645) ~[?:?]
	at org.apache.poi.openxml4j.opc.PackagingURIHelper.toURI(PackagingURIHelper.java:723) ~[poi-ooxml-5.2.2.jar:5.2.2]
	at org.apache.poi.openxml4j.opc.PackageRelationshipCollection.parseRelationshipsPart(PackageRelationshipCollection.java:358) ~[poi-ooxml-5.2.2.jar:5.2.2]
	at org.apache.poi.openxml4j.opc.PackageRelationshipCollection.<init>(PackageRelationshipCollection.java:160) ~[poi-ooxml-5.2.2.jar:5.2.2]
	at org.apache.poi.openxml4j.opc.PackageRelationshipCollection.<init>(PackageRelationshipCollection.java:130) ~[poi-ooxml-5.2.2.jar:5.2.2]
	at org.apache.poi.openxml4j.opc.PackagePart.loadRelationships(PackagePart.java:565) ~[poi-ooxml-5.2.2.jar:5.2.2]
	at org.apache.poi.openxml4j.opc.OPCPackage.getParts(OPCPackage.java:745) ~[poi-ooxml-5.2.2.jar:5.2.2]
	at org.apache.poi.openxml4j.opc.OPCPackage.open(OPCPackage.java:315) ~[poi-ooxml-5.2.2.jar:5.2.2]
	at org.apache.poi.ooxml.util.PackageHelper.open(PackageHelper.java:59) ~[poi-ooxml-5.2.2.jar:5.2.2]
	at org.apache.poi.xssf.usermodel.XSSFWorkbook.<init>(XSSFWorkbook.java:289) ~[poi-ooxml-5.2.2.jar:5.2.2]
	at org.apache.poi.xssf.usermodel.XSSFWorkbook.<init>(XSSFWorkbook.java:285) ~[poi-ooxml-5.2.2.jar:5.2.2]
	at com.MOFutility.API_Excelutilities.readServiceIdFromExcel(API_Excelutilities.java:20) ~[test-classes/:?]
	at com.MOF.constants.API_URL.<clinit>(API_URL.java:173) ~[test-classes/:?]
	at com.MOFapi.MOFapi.Fetchvalid_SingleService_ValidServiceid(MOFapi.java:4891) ~[test-classes/:?]
	at jdk.internal.reflect.DirectMethodHandleAccessor.invoke(DirectMethodHandleAccessor.java:103) ~[?:?]
	at java.lang.reflect.Method.invoke(Method.java:580) ~[?:?]
	at org.testng.internal.MethodInvocationHelper.invokeMethod(MethodInvocationHelper.java:124) ~[testng-6.14.3.jar:?]
	at org.testng.internal.Invoker.invokeMethod(Invoker.java:583) ~[testng-6.14.3.jar:?]
	at org.testng.internal.Invoker.invokeTestMethod(Invoker.java:719) ~[testng-6.14.3.jar:?]
	at org.testng.internal.Invoker.invokeTestMethods(Invoker.java:989) ~[testng-6.14.3.jar:?]
	at org.testng.internal.TestMethodWorker.invokeTestMethods(TestMethodWorker.java:125) ~[testng-6.14.3.jar:?]
	at org.testng.internal.TestMethodWorker.run(TestMethodWorker.java:109) ~[testng-6.14.3.jar:?]
	at org.testng.TestRunner.privateRun(TestRunner.java:648) ~[testng-6.14.3.jar:?]
	at org.testng.TestRunner.run(TestRunner.java:505) ~[testng-6.14.3.jar:?]
	at org.testng.SuiteRunner.runTest(SuiteRunner.java:455) ~[testng-6.14.3.jar:?]
	at org.testng.SuiteRunner.runSequentially(SuiteRunner.java:450) ~[testng-6.14.3.jar:?]
	at org.testng.SuiteRunner.privateRun(SuiteRunner.java:415) ~[testng-6.14.3.jar:?]
	at org.testng.SuiteRunner.run(SuiteRunner.java:364) ~[testng-6.14.3.jar:?]
	at org.testng.SuiteRunnerWorker.runSuite(SuiteRunnerWorker.java:52) ~[testng-6.14.3.jar:?]
	at org.testng.SuiteRunnerWorker.run(SuiteRunnerWorker.java:84) ~[testng-6.14.3.jar:?]
	at org.testng.TestNG.runSuitesSequentially(TestNG.java:1208) ~[testng-6.14.3.jar:?]
	at org.testng.TestNG.runSuitesLocally(TestNG.java:1137) ~[testng-6.14.3.jar:?]
	at org.testng.TestNG.runSuites(TestNG.java:1049) ~[testng-6.14.3.jar:?]
	at org.testng.TestNG.run(TestNG.java:1017) ~[testng-6.14.3.jar:?]
	at org.apache.maven.surefire.testng.TestNGExecutor.run(TestNGExecutor.java:308) ~[surefire-testng-3.3.0.jar:3.3.0]
	at org.apache.maven.surefire.testng.TestNGXmlTestSuite.execute(TestNGXmlTestSuite.java:71) ~[surefire-testng-3.3.0.jar:3.3.0]
	at org.apache.maven.surefire.testng.TestNGProvider.invoke(TestNGProvider.java:113) ~[surefire-testng-3.3.0.jar:3.3.0]
	at org.apache.maven.surefire.booter.ForkedBooter.runSuitesInProcess(ForkedBooter.java:385) ~[surefire-booter-3.3.0.jar:3.3.0]
	at org.apache.maven.surefire.booter.ForkedBooter.execute(ForkedBooter.java:162) ~[surefire-booter-3.3.0.jar:3.3.0]
	at org.apache.maven.surefire.booter.ForkedBooter.run(ForkedBooter.java:507) ~[surefire-booter-3.3.0.jar:3.3.0]
	at org.apache.maven.surefire.booter.ForkedBooter.main(ForkedBooter.java:495) ~[surefire-booter-3.3.0.jar:3.3.0]
17:05:51.939 [main] ERROR org.apache.poi.openxml4j.opc.PackageRelationshipCollection - Cannot convert mailto:ALPA@#$%^245234534 in a valid relationship URI-> dummy-URI used
java.net.URISyntaxException: Malformed escape pair at index 14: mailto:ALPA@#$%^245234534
	at java.net.URI$Parser.fail(URI.java:2995) ~[?:?]
	at java.net.URI$Parser.scanEscape(URI.java:3123) ~[?:?]
	at java.net.URI$Parser.scan(URI.java:3146) ~[?:?]
	at java.net.URI$Parser.checkChars(URI.java:3164) ~[?:?]
	at java.net.URI$Parser.parse(URI.java:3210) ~[?:?]
	at java.net.URI.<init>(URI.java:645) ~[?:?]
	at org.apache.poi.openxml4j.opc.PackagingURIHelper.toURI(PackagingURIHelper.java:723) ~[poi-ooxml-5.2.2.jar:5.2.2]
	at org.apache.poi.openxml4j.opc.PackageRelationshipCollection.parseRelationshipsPart(PackageRelationshipCollection.java:358) ~[poi-ooxml-5.2.2.jar:5.2.2]
	at org.apache.poi.openxml4j.opc.PackageRelationshipCollection.<init>(PackageRelationshipCollection.java:160) ~[poi-ooxml-5.2.2.jar:5.2.2]
	at org.apache.poi.openxml4j.opc.PackageRelationshipCollection.<init>(PackageRelationshipCollection.java:130) ~[poi-ooxml-5.2.2.jar:5.2.2]
	at org.apache.poi.openxml4j.opc.PackagePart.loadRelationships(PackagePart.java:565) ~[poi-ooxml-5.2.2.jar:5.2.2]
	at org.apache.poi.openxml4j.opc.OPCPackage.getParts(OPCPackage.java:745) ~[poi-ooxml-5.2.2.jar:5.2.2]
	at org.apache.poi.openxml4j.opc.OPCPackage.open(OPCPackage.java:315) ~[poi-ooxml-5.2.2.jar:5.2.2]
	at org.apache.poi.ooxml.util.PackageHelper.open(PackageHelper.java:59) ~[poi-ooxml-5.2.2.jar:5.2.2]
	at org.apache.poi.xssf.usermodel.XSSFWorkbook.<init>(XSSFWorkbook.java:289) ~[poi-ooxml-5.2.2.jar:5.2.2]
	at org.apache.poi.xssf.usermodel.XSSFWorkbook.<init>(XSSFWorkbook.java:285) ~[poi-ooxml-5.2.2.jar:5.2.2]
	at com.MOFutility.API_Excelutilities.readServiceIdFromExcel(API_Excelutilities.java:20) ~[test-classes/:?]
	at com.MOF.constants.API_URL.<clinit>(API_URL.java:174) ~[test-classes/:?]
	at com.MOFapi.MOFapi.Fetchvalid_SingleService_ValidServiceid(MOFapi.java:4891) ~[test-classes/:?]
	at jdk.internal.reflect.DirectMethodHandleAccessor.invoke(DirectMethodHandleAccessor.java:103) ~[?:?]
	at java.lang.reflect.Method.invoke(Method.java:580) ~[?:?]
	at org.testng.internal.MethodInvocationHelper.invokeMethod(MethodInvocationHelper.java:124) ~[testng-6.14.3.jar:?]
	at org.testng.internal.Invoker.invokeMethod(Invoker.java:583) ~[testng-6.14.3.jar:?]
	at org.testng.internal.Invoker.invokeTestMethod(Invoker.java:719) ~[testng-6.14.3.jar:?]
	at org.testng.internal.Invoker.invokeTestMethods(Invoker.java:989) ~[testng-6.14.3.jar:?]
	at org.testng.internal.TestMethodWorker.invokeTestMethods(TestMethodWorker.java:125) ~[testng-6.14.3.jar:?]
	at org.testng.internal.TestMethodWorker.run(TestMethodWorker.java:109) ~[testng-6.14.3.jar:?]
	at org.testng.TestRunner.privateRun(TestRunner.java:648) ~[testng-6.14.3.jar:?]
	at org.testng.TestRunner.run(TestRunner.java:505) ~[testng-6.14.3.jar:?]
	at org.testng.SuiteRunner.runTest(SuiteRunner.java:455) ~[testng-6.14.3.jar:?]
	at org.testng.SuiteRunner.runSequentially(SuiteRunner.java:450) ~[testng-6.14.3.jar:?]
	at org.testng.SuiteRunner.privateRun(SuiteRunner.java:415) ~[testng-6.14.3.jar:?]
	at org.testng.SuiteRunner.run(SuiteRunner.java:364) ~[testng-6.14.3.jar:?]
	at org.testng.SuiteRunnerWorker.runSuite(SuiteRunnerWorker.java:52) ~[testng-6.14.3.jar:?]
	at org.testng.SuiteRunnerWorker.run(SuiteRunnerWorker.java:84) ~[testng-6.14.3.jar:?]
	at org.testng.TestNG.runSuitesSequentially(TestNG.java:1208) ~[testng-6.14.3.jar:?]
	at org.testng.TestNG.runSuitesLocally(TestNG.java:1137) ~[testng-6.14.3.jar:?]
	at org.testng.TestNG.runSuites(TestNG.java:1049) ~[testng-6.14.3.jar:?]
	at org.testng.TestNG.run(TestNG.java:1017) ~[testng-6.14.3.jar:?]
	at org.apache.maven.surefire.testng.TestNGExecutor.run(TestNGExecutor.java:308) ~[surefire-testng-3.3.0.jar:3.3.0]
	at org.apache.maven.surefire.testng.TestNGXmlTestSuite.execute(TestNGXmlTestSuite.java:71) ~[surefire-testng-3.3.0.jar:3.3.0]
	at org.apache.maven.surefire.testng.TestNGProvider.invoke(TestNGProvider.java:113) ~[surefire-testng-3.3.0.jar:3.3.0]
	at org.apache.maven.surefire.booter.ForkedBooter.runSuitesInProcess(ForkedBooter.java:385) ~[surefire-booter-3.3.0.jar:3.3.0]
	at org.apache.maven.surefire.booter.ForkedBooter.execute(ForkedBooter.java:162) ~[surefire-booter-3.3.0.jar:3.3.0]
	at org.apache.maven.surefire.booter.ForkedBooter.run(ForkedBooter.java:507) ~[surefire-booter-3.3.0.jar:3.3.0]
	at org.apache.maven.surefire.booter.ForkedBooter.main(ForkedBooter.java:495) ~[surefire-booter-3.3.0.jar:3.3.0]
17:05:51.939 [main] ERROR org.apache.poi.openxml4j.opc.PackageRelationshipCollection - Cannot convert mailto:ALPHAAAAAA@@@@@!@##$$$%12344 in a valid relationship URI-> dummy-URI used
java.net.URISyntaxException: Illegal character in fragment at index 25: mailto:ALPHAAAAAA@@@@@!@##$$$%12344
	at java.net.URI$Parser.fail(URI.java:2995) ~[?:?]
	at java.net.URI$Parser.checkChars(URI.java:3166) ~[?:?]
	at java.net.URI$Parser.parse(URI.java:3210) ~[?:?]
	at java.net.URI.<init>(URI.java:645) ~[?:?]
	at org.apache.poi.openxml4j.opc.PackagingURIHelper.toURI(PackagingURIHelper.java:723) ~[poi-ooxml-5.2.2.jar:5.2.2]
	at org.apache.poi.openxml4j.opc.PackageRelationshipCollection.parseRelationshipsPart(PackageRelationshipCollection.java:358) ~[poi-ooxml-5.2.2.jar:5.2.2]
	at org.apache.poi.openxml4j.opc.PackageRelationshipCollection.<init>(PackageRelationshipCollection.java:160) ~[poi-ooxml-5.2.2.jar:5.2.2]
	at org.apache.poi.openxml4j.opc.PackageRelationshipCollection.<init>(PackageRelationshipCollection.java:130) ~[poi-ooxml-5.2.2.jar:5.2.2]
	at org.apache.poi.openxml4j.opc.PackagePart.loadRelationships(PackagePart.java:565) ~[poi-ooxml-5.2.2.jar:5.2.2]
	at org.apache.poi.openxml4j.opc.OPCPackage.getParts(OPCPackage.java:745) ~[poi-ooxml-5.2.2.jar:5.2.2]
	at org.apache.poi.openxml4j.opc.OPCPackage.open(OPCPackage.java:315) ~[poi-ooxml-5.2.2.jar:5.2.2]
	at org.apache.poi.ooxml.util.PackageHelper.open(PackageHelper.java:59) ~[poi-ooxml-5.2.2.jar:5.2.2]
	at org.apache.poi.xssf.usermodel.XSSFWorkbook.<init>(XSSFWorkbook.java:289) ~[poi-ooxml-5.2.2.jar:5.2.2]
	at org.apache.poi.xssf.usermodel.XSSFWorkbook.<init>(XSSFWorkbook.java:285) ~[poi-ooxml-5.2.2.jar:5.2.2]
	at com.MOFutility.API_Excelutilities.readServiceIdFromExcel(API_Excelutilities.java:20) ~[test-classes/:?]
	at com.MOF.constants.API_URL.<clinit>(API_URL.java:174) ~[test-classes/:?]
	at com.MOFapi.MOFapi.Fetchvalid_SingleService_ValidServiceid(MOFapi.java:4891) ~[test-classes/:?]
	at jdk.internal.reflect.DirectMethodHandleAccessor.invoke(DirectMethodHandleAccessor.java:103) ~[?:?]
	at java.lang.reflect.Method.invoke(Method.java:580) ~[?:?]
	at org.testng.internal.MethodInvocationHelper.invokeMethod(MethodInvocationHelper.java:124) ~[testng-6.14.3.jar:?]
	at org.testng.internal.Invoker.invokeMethod(Invoker.java:583) ~[testng-6.14.3.jar:?]
	at org.testng.internal.Invoker.invokeTestMethod(Invoker.java:719) ~[testng-6.14.3.jar:?]
	at org.testng.internal.Invoker.invokeTestMethods(Invoker.java:989) ~[testng-6.14.3.jar:?]
	at org.testng.internal.TestMethodWorker.invokeTestMethods(TestMethodWorker.java:125) ~[testng-6.14.3.jar:?]
	at org.testng.internal.TestMethodWorker.run(TestMethodWorker.java:109) ~[testng-6.14.3.jar:?]
	at org.testng.TestRunner.privateRun(TestRunner.java:648) ~[testng-6.14.3.jar:?]
	at org.testng.TestRunner.run(TestRunner.java:505) ~[testng-6.14.3.jar:?]
	at org.testng.SuiteRunner.runTest(SuiteRunner.java:455) ~[testng-6.14.3.jar:?]
	at org.testng.SuiteRunner.runSequentially(SuiteRunner.java:450) ~[testng-6.14.3.jar:?]
	at org.testng.SuiteRunner.privateRun(SuiteRunner.java:415) ~[testng-6.14.3.jar:?]
	at org.testng.SuiteRunner.run(SuiteRunner.java:364) ~[testng-6.14.3.jar:?]
	at org.testng.SuiteRunnerWorker.runSuite(SuiteRunnerWorker.java:52) ~[testng-6.14.3.jar:?]
	at org.testng.SuiteRunnerWorker.run(SuiteRunnerWorker.java:84) ~[testng-6.14.3.jar:?]
	at org.testng.TestNG.runSuitesSequentially(TestNG.java:1208) ~[testng-6.14.3.jar:?]
	at org.testng.TestNG.runSuitesLocally(TestNG.java:1137) ~[testng-6.14.3.jar:?]
	at org.testng.TestNG.runSuites(TestNG.java:1049) ~[testng-6.14.3.jar:?]
	at org.testng.TestNG.run(TestNG.java:1017) ~[testng-6.14.3.jar:?]
	at org.apache.maven.surefire.testng.TestNGExecutor.run(TestNGExecutor.java:308) ~[surefire-testng-3.3.0.jar:3.3.0]
	at org.apache.maven.surefire.testng.TestNGXmlTestSuite.execute(TestNGXmlTestSuite.java:71) ~[surefire-testng-3.3.0.jar:3.3.0]
	at org.apache.maven.surefire.testng.TestNGProvider.invoke(TestNGProvider.java:113) ~[surefire-testng-3.3.0.jar:3.3.0]
	at org.apache.maven.surefire.booter.ForkedBooter.runSuitesInProcess(ForkedBooter.java:385) ~[surefire-booter-3.3.0.jar:3.3.0]
	at org.apache.maven.surefire.booter.ForkedBooter.execute(ForkedBooter.java:162) ~[surefire-booter-3.3.0.jar:3.3.0]
	at org.apache.maven.surefire.booter.ForkedBooter.run(ForkedBooter.java:507) ~[surefire-booter-3.3.0.jar:3.3.0]
	at org.apache.maven.surefire.booter.ForkedBooter.main(ForkedBooter.java:495) ~[surefire-booter-3.3.0.jar:3.3.0]
17:05:51.940 [main] ERROR org.apache.poi.openxml4j.opc.PackageRelationshipCollection - Cannot convert mailto:2343456378912@#&^*gvadhfbjnf in a valid relationship URI-> dummy-URI used
java.net.URISyntaxException: Illegal character in fragment at index 23: mailto:2343456378912@#&^*gvadhfbjnf
	at java.net.URI$Parser.fail(URI.java:2995) ~[?:?]
	at java.net.URI$Parser.checkChars(URI.java:3166) ~[?:?]
	at java.net.URI$Parser.parse(URI.java:3210) ~[?:?]
	at java.net.URI.<init>(URI.java:645) ~[?:?]
	at org.apache.poi.openxml4j.opc.PackagingURIHelper.toURI(PackagingURIHelper.java:723) ~[poi-ooxml-5.2.2.jar:5.2.2]
	at org.apache.poi.openxml4j.opc.PackageRelationshipCollection.parseRelationshipsPart(PackageRelationshipCollection.java:358) ~[poi-ooxml-5.2.2.jar:5.2.2]
	at org.apache.poi.openxml4j.opc.PackageRelationshipCollection.<init>(PackageRelationshipCollection.java:160) ~[poi-ooxml-5.2.2.jar:5.2.2]
	at org.apache.poi.openxml4j.opc.PackageRelationshipCollection.<init>(PackageRelationshipCollection.java:130) ~[poi-ooxml-5.2.2.jar:5.2.2]
	at org.apache.poi.openxml4j.opc.PackagePart.loadRelationships(PackagePart.java:565) ~[poi-ooxml-5.2.2.jar:5.2.2]
	at org.apache.poi.openxml4j.opc.OPCPackage.getParts(OPCPackage.java:745) ~[poi-ooxml-5.2.2.jar:5.2.2]
	at org.apache.poi.openxml4j.opc.OPCPackage.open(OPCPackage.java:315) ~[poi-ooxml-5.2.2.jar:5.2.2]
	at org.apache.poi.ooxml.util.PackageHelper.open(PackageHelper.java:59) ~[poi-ooxml-5.2.2.jar:5.2.2]
	at org.apache.poi.xssf.usermodel.XSSFWorkbook.<init>(XSSFWorkbook.java:289) ~[poi-ooxml-5.2.2.jar:5.2.2]
	at org.apache.poi.xssf.usermodel.XSSFWorkbook.<init>(XSSFWorkbook.java:285) ~[poi-ooxml-5.2.2.jar:5.2.2]
	at com.MOFutility.API_Excelutilities.readServiceIdFromExcel(API_Excelutilities.java:20) ~[test-classes/:?]
	at com.MOF.constants.API_URL.<clinit>(API_URL.java:174) ~[test-classes/:?]
	at com.MOFapi.MOFapi.Fetchvalid_SingleService_ValidServiceid(MOFapi.java:4891) ~[test-classes/:?]
	at jdk.internal.reflect.DirectMethodHandleAccessor.invoke(DirectMethodHandleAccessor.java:103) ~[?:?]
	at java.lang.reflect.Method.invoke(Method.java:580) ~[?:?]
	at org.testng.internal.MethodInvocationHelper.invokeMethod(MethodInvocationHelper.java:124) ~[testng-6.14.3.jar:?]
	at org.testng.internal.Invoker.invokeMethod(Invoker.java:583) ~[testng-6.14.3.jar:?]
	at org.testng.internal.Invoker.invokeTestMethod(Invoker.java:719) ~[testng-6.14.3.jar:?]
	at org.testng.internal.Invoker.invokeTestMethods(Invoker.java:989) ~[testng-6.14.3.jar:?]
	at org.testng.internal.TestMethodWorker.invokeTestMethods(TestMethodWorker.java:125) ~[testng-6.14.3.jar:?]
	at org.testng.internal.TestMethodWorker.run(TestMethodWorker.java:109) ~[testng-6.14.3.jar:?]
	at org.testng.TestRunner.privateRun(TestRunner.java:648) ~[testng-6.14.3.jar:?]
	at org.testng.TestRunner.run(TestRunner.java:505) ~[testng-6.14.3.jar:?]
	at org.testng.SuiteRunner.runTest(SuiteRunner.java:455) ~[testng-6.14.3.jar:?]
	at org.testng.SuiteRunner.runSequentially(SuiteRunner.java:450) ~[testng-6.14.3.jar:?]
	at org.testng.SuiteRunner.privateRun(SuiteRunner.java:415) ~[testng-6.14.3.jar:?]
	at org.testng.SuiteRunner.run(SuiteRunner.java:364) ~[testng-6.14.3.jar:?]
	at org.testng.SuiteRunnerWorker.runSuite(SuiteRunnerWorker.java:52) ~[testng-6.14.3.jar:?]
	at org.testng.SuiteRunnerWorker.run(SuiteRunnerWorker.java:84) ~[testng-6.14.3.jar:?]
	at org.testng.TestNG.runSuitesSequentially(TestNG.java:1208) ~[testng-6.14.3.jar:?]
	at org.testng.TestNG.runSuitesLocally(TestNG.java:1137) ~[testng-6.14.3.jar:?]
	at org.testng.TestNG.runSuites(TestNG.java:1049) ~[testng-6.14.3.jar:?]
	at org.testng.TestNG.run(TestNG.java:1017) ~[testng-6.14.3.jar:?]
	at org.apache.maven.surefire.testng.TestNGExecutor.run(TestNGExecutor.java:308) ~[surefire-testng-3.3.0.jar:3.3.0]
	at org.apache.maven.surefire.testng.TestNGXmlTestSuite.execute(TestNGXmlTestSuite.java:71) ~[surefire-testng-3.3.0.jar:3.3.0]
	at org.apache.maven.surefire.testng.TestNGProvider.invoke(TestNGProvider.java:113) ~[surefire-testng-3.3.0.jar:3.3.0]
	at org.apache.maven.surefire.booter.ForkedBooter.runSuitesInProcess(ForkedBooter.java:385) ~[surefire-booter-3.3.0.jar:3.3.0]
	at org.apache.maven.surefire.booter.ForkedBooter.execute(ForkedBooter.java:162) ~[surefire-booter-3.3.0.jar:3.3.0]
	at org.apache.maven.surefire.booter.ForkedBooter.run(ForkedBooter.java:507) ~[surefire-booter-3.3.0.jar:3.3.0]
	at org.apache.maven.surefire.booter.ForkedBooter.main(ForkedBooter.java:495) ~[surefire-booter-3.3.0.jar:3.3.0]
17:05:52.004 [main] ERROR org.apache.poi.openxml4j.opc.PackageRelationshipCollection - Cannot convert mailto:ALPA@#$%^245234534 in a valid relationship URI-> dummy-URI used
java.net.URISyntaxException: Malformed escape pair at index 14: mailto:ALPA@#$%^245234534
	at java.net.URI$Parser.fail(URI.java:2995) ~[?:?]
	at java.net.URI$Parser.scanEscape(URI.java:3123) ~[?:?]
	at java.net.URI$Parser.scan(URI.java:3146) ~[?:?]
	at java.net.URI$Parser.checkChars(URI.java:3164) ~[?:?]
	at java.net.URI$Parser.parse(URI.java:3210) ~[?:?]
	at java.net.URI.<init>(URI.java:645) ~[?:?]
	at org.apache.poi.openxml4j.opc.PackagingURIHelper.toURI(PackagingURIHelper.java:723) ~[poi-ooxml-5.2.2.jar:5.2.2]
	at org.apache.poi.openxml4j.opc.PackageRelationshipCollection.parseRelationshipsPart(PackageRelationshipCollection.java:358) ~[poi-ooxml-5.2.2.jar:5.2.2]
	at org.apache.poi.openxml4j.opc.PackageRelationshipCollection.<init>(PackageRelationshipCollection.java:160) ~[poi-ooxml-5.2.2.jar:5.2.2]
	at org.apache.poi.openxml4j.opc.PackageRelationshipCollection.<init>(PackageRelationshipCollection.java:130) ~[poi-ooxml-5.2.2.jar:5.2.2]
	at org.apache.poi.openxml4j.opc.PackagePart.loadRelationships(PackagePart.java:565) ~[poi-ooxml-5.2.2.jar:5.2.2]
	at org.apache.poi.openxml4j.opc.OPCPackage.getParts(OPCPackage.java:745) ~[poi-ooxml-5.2.2.jar:5.2.2]
	at org.apache.poi.openxml4j.opc.OPCPackage.open(OPCPackage.java:315) ~[poi-ooxml-5.2.2.jar:5.2.2]
	at org.apache.poi.ooxml.util.PackageHelper.open(PackageHelper.java:59) ~[poi-ooxml-5.2.2.jar:5.2.2]
	at org.apache.poi.xssf.usermodel.XSSFWorkbook.<init>(XSSFWorkbook.java:289) ~[poi-ooxml-5.2.2.jar:5.2.2]
	at org.apache.poi.xssf.usermodel.XSSFWorkbook.<init>(XSSFWorkbook.java:285) ~[poi-ooxml-5.2.2.jar:5.2.2]
	at com.MOFutility.API_Excelutilities.readServiceIdFromExcel(API_Excelutilities.java:20) ~[test-classes/:?]
	at com.MOF.constants.API_URL.<clinit>(API_URL.java:175) ~[test-classes/:?]
	at com.MOFapi.MOFapi.Fetchvalid_SingleService_ValidServiceid(MOFapi.java:4891) ~[test-classes/:?]
	at jdk.internal.reflect.DirectMethodHandleAccessor.invoke(DirectMethodHandleAccessor.java:103) ~[?:?]
	at java.lang.reflect.Method.invoke(Method.java:580) ~[?:?]
	at org.testng.internal.MethodInvocationHelper.invokeMethod(MethodInvocationHelper.java:124) ~[testng-6.14.3.jar:?]
	at org.testng.internal.Invoker.invokeMethod(Invoker.java:583) ~[testng-6.14.3.jar:?]
	at org.testng.internal.Invoker.invokeTestMethod(Invoker.java:719) ~[testng-6.14.3.jar:?]
	at org.testng.internal.Invoker.invokeTestMethods(Invoker.java:989) ~[testng-6.14.3.jar:?]
	at org.testng.internal.TestMethodWorker.invokeTestMethods(TestMethodWorker.java:125) ~[testng-6.14.3.jar:?]
	at org.testng.internal.TestMethodWorker.run(TestMethodWorker.java:109) ~[testng-6.14.3.jar:?]
	at org.testng.TestRunner.privateRun(TestRunner.java:648) ~[testng-6.14.3.jar:?]
	at org.testng.TestRunner.run(TestRunner.java:505) ~[testng-6.14.3.jar:?]
	at org.testng.SuiteRunner.runTest(SuiteRunner.java:455) ~[testng-6.14.3.jar:?]
	at org.testng.SuiteRunner.runSequentially(SuiteRunner.java:450) ~[testng-6.14.3.jar:?]
	at org.testng.SuiteRunner.privateRun(SuiteRunner.java:415) ~[testng-6.14.3.jar:?]
	at org.testng.SuiteRunner.run(SuiteRunner.java:364) ~[testng-6.14.3.jar:?]
	at org.testng.SuiteRunnerWorker.runSuite(SuiteRunnerWorker.java:52) ~[testng-6.14.3.jar:?]
	at org.testng.SuiteRunnerWorker.run(SuiteRunnerWorker.java:84) ~[testng-6.14.3.jar:?]
	at org.testng.TestNG.runSuitesSequentially(TestNG.java:1208) ~[testng-6.14.3.jar:?]
	at org.testng.TestNG.runSuitesLocally(TestNG.java:1137) ~[testng-6.14.3.jar:?]
	at org.testng.TestNG.runSuites(TestNG.java:1049) ~[testng-6.14.3.jar:?]
	at org.testng.TestNG.run(TestNG.java:1017) ~[testng-6.14.3.jar:?]
	at org.apache.maven.surefire.testng.TestNGExecutor.run(TestNGExecutor.java:308) ~[surefire-testng-3.3.0.jar:3.3.0]
	at org.apache.maven.surefire.testng.TestNGXmlTestSuite.execute(TestNGXmlTestSuite.java:71) ~[surefire-testng-3.3.0.jar:3.3.0]
	at org.apache.maven.surefire.testng.TestNGProvider.invoke(TestNGProvider.java:113) ~[surefire-testng-3.3.0.jar:3.3.0]
	at org.apache.maven.surefire.booter.ForkedBooter.runSuitesInProcess(ForkedBooter.java:385) ~[surefire-booter-3.3.0.jar:3.3.0]
	at org.apache.maven.surefire.booter.ForkedBooter.execute(ForkedBooter.java:162) ~[surefire-booter-3.3.0.jar:3.3.0]
	at org.apache.maven.surefire.booter.ForkedBooter.run(ForkedBooter.java:507) ~[surefire-booter-3.3.0.jar:3.3.0]
	at org.apache.maven.surefire.booter.ForkedBooter.main(ForkedBooter.java:495) ~[surefire-booter-3.3.0.jar:3.3.0]
17:05:52.005 [main] ERROR org.apache.poi.openxml4j.opc.PackageRelationshipCollection - Cannot convert mailto:ALPHAAAAAA@@@@@!@##$$$%12344 in a valid relationship URI-> dummy-URI used
java.net.URISyntaxException: Illegal character in fragment at index 25: mailto:ALPHAAAAAA@@@@@!@##$$$%12344
	at java.net.URI$Parser.fail(URI.java:2995) ~[?:?]
	at java.net.URI$Parser.checkChars(URI.java:3166) ~[?:?]
	at java.net.URI$Parser.parse(URI.java:3210) ~[?:?]
	at java.net.URI.<init>(URI.java:645) ~[?:?]
	at org.apache.poi.openxml4j.opc.PackagingURIHelper.toURI(PackagingURIHelper.java:723) ~[poi-ooxml-5.2.2.jar:5.2.2]
	at org.apache.poi.openxml4j.opc.PackageRelationshipCollection.parseRelationshipsPart(PackageRelationshipCollection.java:358) ~[poi-ooxml-5.2.2.jar:5.2.2]
	at org.apache.poi.openxml4j.opc.PackageRelationshipCollection.<init>(PackageRelationshipCollection.java:160) ~[poi-ooxml-5.2.2.jar:5.2.2]
	at org.apache.poi.openxml4j.opc.PackageRelationshipCollection.<init>(PackageRelationshipCollection.java:130) ~[poi-ooxml-5.2.2.jar:5.2.2]
	at org.apache.poi.openxml4j.opc.PackagePart.loadRelationships(PackagePart.java:565) ~[poi-ooxml-5.2.2.jar:5.2.2]
	at org.apache.poi.openxml4j.opc.OPCPackage.getParts(OPCPackage.java:745) ~[poi-ooxml-5.2.2.jar:5.2.2]
	at org.apache.poi.openxml4j.opc.OPCPackage.open(OPCPackage.java:315) ~[poi-ooxml-5.2.2.jar:5.2.2]
	at org.apache.poi.ooxml.util.PackageHelper.open(PackageHelper.java:59) ~[poi-ooxml-5.2.2.jar:5.2.2]
	at org.apache.poi.xssf.usermodel.XSSFWorkbook.<init>(XSSFWorkbook.java:289) ~[poi-ooxml-5.2.2.jar:5.2.2]
	at org.apache.poi.xssf.usermodel.XSSFWorkbook.<init>(XSSFWorkbook.java:285) ~[poi-ooxml-5.2.2.jar:5.2.2]
	at com.MOFutility.API_Excelutilities.readServiceIdFromExcel(API_Excelutilities.java:20) ~[test-classes/:?]
	at com.MOF.constants.API_URL.<clinit>(API_URL.java:175) ~[test-classes/:?]
	at com.MOFapi.MOFapi.Fetchvalid_SingleService_ValidServiceid(MOFapi.java:4891) ~[test-classes/:?]
	at jdk.internal.reflect.DirectMethodHandleAccessor.invoke(DirectMethodHandleAccessor.java:103) ~[?:?]
	at java.lang.reflect.Method.invoke(Method.java:580) ~[?:?]
	at org.testng.internal.MethodInvocationHelper.invokeMethod(MethodInvocationHelper.java:124) ~[testng-6.14.3.jar:?]
	at org.testng.internal.Invoker.invokeMethod(Invoker.java:583) ~[testng-6.14.3.jar:?]
	at org.testng.internal.Invoker.invokeTestMethod(Invoker.java:719) ~[testng-6.14.3.jar:?]
	at org.testng.internal.Invoker.invokeTestMethods(Invoker.java:989) ~[testng-6.14.3.jar:?]
	at org.testng.internal.TestMethodWorker.invokeTestMethods(TestMethodWorker.java:125) ~[testng-6.14.3.jar:?]
	at org.testng.internal.TestMethodWorker.run(TestMethodWorker.java:109) ~[testng-6.14.3.jar:?]
	at org.testng.TestRunner.privateRun(TestRunner.java:648) ~[testng-6.14.3.jar:?]
	at org.testng.TestRunner.run(TestRunner.java:505) ~[testng-6.14.3.jar:?]
	at org.testng.SuiteRunner.runTest(SuiteRunner.java:455) ~[testng-6.14.3.jar:?]
	at org.testng.SuiteRunner.runSequentially(SuiteRunner.java:450) ~[testng-6.14.3.jar:?]
	at org.testng.SuiteRunner.privateRun(SuiteRunner.java:415) ~[testng-6.14.3.jar:?]
	at org.testng.SuiteRunner.run(SuiteRunner.java:364) ~[testng-6.14.3.jar:?]
	at org.testng.SuiteRunnerWorker.runSuite(SuiteRunnerWorker.java:52) ~[testng-6.14.3.jar:?]
	at org.testng.SuiteRunnerWorker.run(SuiteRunnerWorker.java:84) ~[testng-6.14.3.jar:?]
	at org.testng.TestNG.runSuitesSequentially(TestNG.java:1208) ~[testng-6.14.3.jar:?]
	at org.testng.TestNG.runSuitesLocally(TestNG.java:1137) ~[testng-6.14.3.jar:?]
	at org.testng.TestNG.runSuites(TestNG.java:1049) ~[testng-6.14.3.jar:?]
	at org.testng.TestNG.run(TestNG.java:1017) ~[testng-6.14.3.jar:?]
	at org.apache.maven.surefire.testng.TestNGExecutor.run(TestNGExecutor.java:308) ~[surefire-testng-3.3.0.jar:3.3.0]
	at org.apache.maven.surefire.testng.TestNGXmlTestSuite.execute(TestNGXmlTestSuite.java:71) ~[surefire-testng-3.3.0.jar:3.3.0]
	at org.apache.maven.surefire.testng.TestNGProvider.invoke(TestNGProvider.java:113) ~[surefire-testng-3.3.0.jar:3.3.0]
	at org.apache.maven.surefire.booter.ForkedBooter.runSuitesInProcess(ForkedBooter.java:385) ~[surefire-booter-3.3.0.jar:3.3.0]
	at org.apache.maven.surefire.booter.ForkedBooter.execute(ForkedBooter.java:162) ~[surefire-booter-3.3.0.jar:3.3.0]
	at org.apache.maven.surefire.booter.ForkedBooter.run(ForkedBooter.java:507) ~[surefire-booter-3.3.0.jar:3.3.0]
	at org.apache.maven.surefire.booter.ForkedBooter.main(ForkedBooter.java:495) ~[surefire-booter-3.3.0.jar:3.3.0]
17:05:52.006 [main] ERROR org.apache.poi.openxml4j.opc.PackageRelationshipCollection - Cannot convert mailto:2343456378912@#&^*gvadhfbjnf in a valid relationship URI-> dummy-URI used
java.net.URISyntaxException: Illegal character in fragment at index 23: mailto:2343456378912@#&^*gvadhfbjnf
	at java.net.URI$Parser.fail(URI.java:2995) ~[?:?]
	at java.net.URI$Parser.checkChars(URI.java:3166) ~[?:?]
	at java.net.URI$Parser.parse(URI.java:3210) ~[?:?]
	at java.net.URI.<init>(URI.java:645) ~[?:?]
	at org.apache.poi.openxml4j.opc.PackagingURIHelper.toURI(PackagingURIHelper.java:723) ~[poi-ooxml-5.2.2.jar:5.2.2]
	at org.apache.poi.openxml4j.opc.PackageRelationshipCollection.parseRelationshipsPart(PackageRelationshipCollection.java:358) ~[poi-ooxml-5.2.2.jar:5.2.2]
	at org.apache.poi.openxml4j.opc.PackageRelationshipCollection.<init>(PackageRelationshipCollection.java:160) ~[poi-ooxml-5.2.2.jar:5.2.2]
	at org.apache.poi.openxml4j.opc.PackageRelationshipCollection.<init>(PackageRelationshipCollection.java:130) ~[poi-ooxml-5.2.2.jar:5.2.2]
	at org.apache.poi.openxml4j.opc.PackagePart.loadRelationships(PackagePart.java:565) ~[poi-ooxml-5.2.2.jar:5.2.2]
	at org.apache.poi.openxml4j.opc.OPCPackage.getParts(OPCPackage.java:745) ~[poi-ooxml-5.2.2.jar:5.2.2]
	at org.apache.poi.openxml4j.opc.OPCPackage.open(OPCPackage.java:315) ~[poi-ooxml-5.2.2.jar:5.2.2]
	at org.apache.poi.ooxml.util.PackageHelper.open(PackageHelper.java:59) ~[poi-ooxml-5.2.2.jar:5.2.2]
	at org.apache.poi.xssf.usermodel.XSSFWorkbook.<init>(XSSFWorkbook.java:289) ~[poi-ooxml-5.2.2.jar:5.2.2]
	at org.apache.poi.xssf.usermodel.XSSFWorkbook.<init>(XSSFWorkbook.java:285) ~[poi-ooxml-5.2.2.jar:5.2.2]
	at com.MOFutility.API_Excelutilities.readServiceIdFromExcel(API_Excelutilities.java:20) ~[test-classes/:?]
	at com.MOF.constants.API_URL.<clinit>(API_URL.java:175) ~[test-classes/:?]
	at com.MOFapi.MOFapi.Fetchvalid_SingleService_ValidServiceid(MOFapi.java:4891) ~[test-classes/:?]
	at jdk.internal.reflect.DirectMethodHandleAccessor.invoke(DirectMethodHandleAccessor.java:103) ~[?:?]
	at java.lang.reflect.Method.invoke(Method.java:580) ~[?:?]
	at org.testng.internal.MethodInvocationHelper.invokeMethod(MethodInvocationHelper.java:124) ~[testng-6.14.3.jar:?]
	at org.testng.internal.Invoker.invokeMethod(Invoker.java:583) ~[testng-6.14.3.jar:?]
	at org.testng.internal.Invoker.invokeTestMethod(Invoker.java:719) ~[testng-6.14.3.jar:?]
	at org.testng.internal.Invoker.invokeTestMethods(Invoker.java:989) ~[testng-6.14.3.jar:?]
	at org.testng.internal.TestMethodWorker.invokeTestMethods(TestMethodWorker.java:125) ~[testng-6.14.3.jar:?]
	at org.testng.internal.TestMethodWorker.run(TestMethodWorker.java:109) ~[testng-6.14.3.jar:?]
	at org.testng.TestRunner.privateRun(TestRunner.java:648) ~[testng-6.14.3.jar:?]
	at org.testng.TestRunner.run(TestRunner.java:505) ~[testng-6.14.3.jar:?]
	at org.testng.SuiteRunner.runTest(SuiteRunner.java:455) ~[testng-6.14.3.jar:?]
	at org.testng.SuiteRunner.runSequentially(SuiteRunner.java:450) ~[testng-6.14.3.jar:?]
	at org.testng.SuiteRunner.privateRun(SuiteRunner.java:415) ~[testng-6.14.3.jar:?]
	at org.testng.SuiteRunner.run(SuiteRunner.java:364) ~[testng-6.14.3.jar:?]
	at org.testng.SuiteRunnerWorker.runSuite(SuiteRunnerWorker.java:52) ~[testng-6.14.3.jar:?]
	at org.testng.SuiteRunnerWorker.run(SuiteRunnerWorker.java:84) ~[testng-6.14.3.jar:?]
	at org.testng.TestNG.runSuitesSequentially(TestNG.java:1208) ~[testng-6.14.3.jar:?]
	at org.testng.TestNG.runSuitesLocally(TestNG.java:1137) ~[testng-6.14.3.jar:?]
	at org.testng.TestNG.runSuites(TestNG.java:1049) ~[testng-6.14.3.jar:?]
	at org.testng.TestNG.run(TestNG.java:1017) ~[testng-6.14.3.jar:?]
	at org.apache.maven.surefire.testng.TestNGExecutor.run(TestNGExecutor.java:308) ~[surefire-testng-3.3.0.jar:3.3.0]
	at org.apache.maven.surefire.testng.TestNGXmlTestSuite.execute(TestNGXmlTestSuite.java:71) ~[surefire-testng-3.3.0.jar:3.3.0]
	at org.apache.maven.surefire.testng.TestNGProvider.invoke(TestNGProvider.java:113) ~[surefire-testng-3.3.0.jar:3.3.0]
	at org.apache.maven.surefire.booter.ForkedBooter.runSuitesInProcess(ForkedBooter.java:385) ~[surefire-booter-3.3.0.jar:3.3.0]
	at org.apache.maven.surefire.booter.ForkedBooter.execute(ForkedBooter.java:162) ~[surefire-booter-3.3.0.jar:3.3.0]
	at org.apache.maven.surefire.booter.ForkedBooter.run(ForkedBooter.java:507) ~[surefire-booter-3.3.0.jar:3.3.0]
	at org.apache.maven.surefire.booter.ForkedBooter.main(ForkedBooter.java:495) ~[surefire-booter-3.3.0.jar:3.3.0]
17:05:52.054 [main] ERROR org.apache.poi.openxml4j.opc.PackageRelationshipCollection - Cannot convert mailto:ALPA@#$%^245234534 in a valid relationship URI-> dummy-URI used
java.net.URISyntaxException: Malformed escape pair at index 14: mailto:ALPA@#$%^245234534
	at java.net.URI$Parser.fail(URI.java:2995) ~[?:?]
	at java.net.URI$Parser.scanEscape(URI.java:3123) ~[?:?]
	at java.net.URI$Parser.scan(URI.java:3146) ~[?:?]
	at java.net.URI$Parser.checkChars(URI.java:3164) ~[?:?]
	at java.net.URI$Parser.parse(URI.java:3210) ~[?:?]
	at java.net.URI.<init>(URI.java:645) ~[?:?]
	at org.apache.poi.openxml4j.opc.PackagingURIHelper.toURI(PackagingURIHelper.java:723) ~[poi-ooxml-5.2.2.jar:5.2.2]
	at org.apache.poi.openxml4j.opc.PackageRelationshipCollection.parseRelationshipsPart(PackageRelationshipCollection.java:358) ~[poi-ooxml-5.2.2.jar:5.2.2]
	at org.apache.poi.openxml4j.opc.PackageRelationshipCollection.<init>(PackageRelationshipCollection.java:160) ~[poi-ooxml-5.2.2.jar:5.2.2]
	at org.apache.poi.openxml4j.opc.PackageRelationshipCollection.<init>(PackageRelationshipCollection.java:130) ~[poi-ooxml-5.2.2.jar:5.2.2]
	at org.apache.poi.openxml4j.opc.PackagePart.loadRelationships(PackagePart.java:565) ~[poi-ooxml-5.2.2.jar:5.2.2]
	at org.apache.poi.openxml4j.opc.OPCPackage.getParts(OPCPackage.java:745) ~[poi-ooxml-5.2.2.jar:5.2.2]
	at org.apache.poi.openxml4j.opc.OPCPackage.open(OPCPackage.java:315) ~[poi-ooxml-5.2.2.jar:5.2.2]
	at org.apache.poi.ooxml.util.PackageHelper.open(PackageHelper.java:59) ~[poi-ooxml-5.2.2.jar:5.2.2]
	at org.apache.poi.xssf.usermodel.XSSFWorkbook.<init>(XSSFWorkbook.java:289) ~[poi-ooxml-5.2.2.jar:5.2.2]
	at org.apache.poi.xssf.usermodel.XSSFWorkbook.<init>(XSSFWorkbook.java:285) ~[poi-ooxml-5.2.2.jar:5.2.2]
	at com.MOFutility.API_Excelutilities.readServiceIdFromExcel(API_Excelutilities.java:20) ~[test-classes/:?]
	at com.MOF.constants.API_URL.<clinit>(API_URL.java:176) ~[test-classes/:?]
	at com.MOFapi.MOFapi.Fetchvalid_SingleService_ValidServiceid(MOFapi.java:4891) ~[test-classes/:?]
	at jdk.internal.reflect.DirectMethodHandleAccessor.invoke(DirectMethodHandleAccessor.java:103) ~[?:?]
	at java.lang.reflect.Method.invoke(Method.java:580) ~[?:?]
	at org.testng.internal.MethodInvocationHelper.invokeMethod(MethodInvocationHelper.java:124) ~[testng-6.14.3.jar:?]
	at org.testng.internal.Invoker.invokeMethod(Invoker.java:583) ~[testng-6.14.3.jar:?]
	at org.testng.internal.Invoker.invokeTestMethod(Invoker.java:719) ~[testng-6.14.3.jar:?]
	at org.testng.internal.Invoker.invokeTestMethods(Invoker.java:989) ~[testng-6.14.3.jar:?]
	at org.testng.internal.TestMethodWorker.invokeTestMethods(TestMethodWorker.java:125) ~[testng-6.14.3.jar:?]
	at org.testng.internal.TestMethodWorker.run(TestMethodWorker.java:109) ~[testng-6.14.3.jar:?]
	at org.testng.TestRunner.privateRun(TestRunner.java:648) ~[testng-6.14.3.jar:?]
	at org.testng.TestRunner.run(TestRunner.java:505) ~[testng-6.14.3.jar:?]
	at org.testng.SuiteRunner.runTest(SuiteRunner.java:455) ~[testng-6.14.3.jar:?]
	at org.testng.SuiteRunner.runSequentially(SuiteRunner.java:450) ~[testng-6.14.3.jar:?]
	at org.testng.SuiteRunner.privateRun(SuiteRunner.java:415) ~[testng-6.14.3.jar:?]
	at org.testng.SuiteRunner.run(SuiteRunner.java:364) ~[testng-6.14.3.jar:?]
	at org.testng.SuiteRunnerWorker.runSuite(SuiteRunnerWorker.java:52) ~[testng-6.14.3.jar:?]
	at org.testng.SuiteRunnerWorker.run(SuiteRunnerWorker.java:84) ~[testng-6.14.3.jar:?]
	at org.testng.TestNG.runSuitesSequentially(TestNG.java:1208) ~[testng-6.14.3.jar:?]
	at org.testng.TestNG.runSuitesLocally(TestNG.java:1137) ~[testng-6.14.3.jar:?]
	at org.testng.TestNG.runSuites(TestNG.java:1049) ~[testng-6.14.3.jar:?]
	at org.testng.TestNG.run(TestNG.java:1017) ~[testng-6.14.3.jar:?]
	at org.apache.maven.surefire.testng.TestNGExecutor.run(TestNGExecutor.java:308) ~[surefire-testng-3.3.0.jar:3.3.0]
	at org.apache.maven.surefire.testng.TestNGXmlTestSuite.execute(TestNGXmlTestSuite.java:71) ~[surefire-testng-3.3.0.jar:3.3.0]
	at org.apache.maven.surefire.testng.TestNGProvider.invoke(TestNGProvider.java:113) ~[surefire-testng-3.3.0.jar:3.3.0]
	at org.apache.maven.surefire.booter.ForkedBooter.runSuitesInProcess(ForkedBooter.java:385) ~[surefire-booter-3.3.0.jar:3.3.0]
	at org.apache.maven.surefire.booter.ForkedBooter.execute(ForkedBooter.java:162) ~[surefire-booter-3.3.0.jar:3.3.0]
	at org.apache.maven.surefire.booter.ForkedBooter.run(ForkedBooter.java:507) ~[surefire-booter-3.3.0.jar:3.3.0]
	at org.apache.maven.surefire.booter.ForkedBooter.main(ForkedBooter.java:495) ~[surefire-booter-3.3.0.jar:3.3.0]
17:05:52.055 [main] ERROR org.apache.poi.openxml4j.opc.PackageRelationshipCollection - Cannot convert mailto:ALPHAAAAAA@@@@@!@##$$$%12344 in a valid relationship URI-> dummy-URI used
java.net.URISyntaxException: Illegal character in fragment at index 25: mailto:ALPHAAAAAA@@@@@!@##$$$%12344
	at java.net.URI$Parser.fail(URI.java:2995) ~[?:?]
	at java.net.URI$Parser.checkChars(URI.java:3166) ~[?:?]
	at java.net.URI$Parser.parse(URI.java:3210) ~[?:?]
	at java.net.URI.<init>(URI.java:645) ~[?:?]
	at org.apache.poi.openxml4j.opc.PackagingURIHelper.toURI(PackagingURIHelper.java:723) ~[poi-ooxml-5.2.2.jar:5.2.2]
	at org.apache.poi.openxml4j.opc.PackageRelationshipCollection.parseRelationshipsPart(PackageRelationshipCollection.java:358) ~[poi-ooxml-5.2.2.jar:5.2.2]
	at org.apache.poi.openxml4j.opc.PackageRelationshipCollection.<init>(PackageRelationshipCollection.java:160) ~[poi-ooxml-5.2.2.jar:5.2.2]
	at org.apache.poi.openxml4j.opc.PackageRelationshipCollection.<init>(PackageRelationshipCollection.java:130) ~[poi-ooxml-5.2.2.jar:5.2.2]
	at org.apache.poi.openxml4j.opc.PackagePart.loadRelationships(PackagePart.java:565) ~[poi-ooxml-5.2.2.jar:5.2.2]
	at org.apache.poi.openxml4j.opc.OPCPackage.getParts(OPCPackage.java:745) ~[poi-ooxml-5.2.2.jar:5.2.2]
	at org.apache.poi.openxml4j.opc.OPCPackage.open(OPCPackage.java:315) ~[poi-ooxml-5.2.2.jar:5.2.2]
	at org.apache.poi.ooxml.util.PackageHelper.open(PackageHelper.java:59) ~[poi-ooxml-5.2.2.jar:5.2.2]
	at org.apache.poi.xssf.usermodel.XSSFWorkbook.<init>(XSSFWorkbook.java:289) ~[poi-ooxml-5.2.2.jar:5.2.2]
	at org.apache.poi.xssf.usermodel.XSSFWorkbook.<init>(XSSFWorkbook.java:285) ~[poi-ooxml-5.2.2.jar:5.2.2]
	at com.MOFutility.API_Excelutilities.readServiceIdFromExcel(API_Excelutilities.java:20) ~[test-classes/:?]
	at com.MOF.constants.API_URL.<clinit>(API_URL.java:176) ~[test-classes/:?]
	at com.MOFapi.MOFapi.Fetchvalid_SingleService_ValidServiceid(MOFapi.java:4891) ~[test-classes/:?]
	at jdk.internal.reflect.DirectMethodHandleAccessor.invoke(DirectMethodHandleAccessor.java:103) ~[?:?]
	at java.lang.reflect.Method.invoke(Method.java:580) ~[?:?]
	at org.testng.internal.MethodInvocationHelper.invokeMethod(MethodInvocationHelper.java:124) ~[testng-6.14.3.jar:?]
	at org.testng.internal.Invoker.invokeMethod(Invoker.java:583) ~[testng-6.14.3.jar:?]
	at org.testng.internal.Invoker.invokeTestMethod(Invoker.java:719) ~[testng-6.14.3.jar:?]
	at org.testng.internal.Invoker.invokeTestMethods(Invoker.java:989) ~[testng-6.14.3.jar:?]
	at org.testng.internal.TestMethodWorker.invokeTestMethods(TestMethodWorker.java:125) ~[testng-6.14.3.jar:?]
	at org.testng.internal.TestMethodWorker.run(TestMethodWorker.java:109) ~[testng-6.14.3.jar:?]
	at org.testng.TestRunner.privateRun(TestRunner.java:648) ~[testng-6.14.3.jar:?]
	at org.testng.TestRunner.run(TestRunner.java:505) ~[testng-6.14.3.jar:?]
	at org.testng.SuiteRunner.runTest(SuiteRunner.java:455) ~[testng-6.14.3.jar:?]
	at org.testng.SuiteRunner.runSequentially(SuiteRunner.java:450) ~[testng-6.14.3.jar:?]
	at org.testng.SuiteRunner.privateRun(SuiteRunner.java:415) ~[testng-6.14.3.jar:?]
	at org.testng.SuiteRunner.run(SuiteRunner.java:364) ~[testng-6.14.3.jar:?]
	at org.testng.SuiteRunnerWorker.runSuite(SuiteRunnerWorker.java:52) ~[testng-6.14.3.jar:?]
	at org.testng.SuiteRunnerWorker.run(SuiteRunnerWorker.java:84) ~[testng-6.14.3.jar:?]
	at org.testng.TestNG.runSuitesSequentially(TestNG.java:1208) ~[testng-6.14.3.jar:?]
	at org.testng.TestNG.runSuitesLocally(TestNG.java:1137) ~[testng-6.14.3.jar:?]
	at org.testng.TestNG.runSuites(TestNG.java:1049) ~[testng-6.14.3.jar:?]
	at org.testng.TestNG.run(TestNG.java:1017) ~[testng-6.14.3.jar:?]
	at org.apache.maven.surefire.testng.TestNGExecutor.run(TestNGExecutor.java:308) ~[surefire-testng-3.3.0.jar:3.3.0]
	at org.apache.maven.surefire.testng.TestNGXmlTestSuite.execute(TestNGXmlTestSuite.java:71) ~[surefire-testng-3.3.0.jar:3.3.0]
	at org.apache.maven.surefire.testng.TestNGProvider.invoke(TestNGProvider.java:113) ~[surefire-testng-3.3.0.jar:3.3.0]
	at org.apache.maven.surefire.booter.ForkedBooter.runSuitesInProcess(ForkedBooter.java:385) ~[surefire-booter-3.3.0.jar:3.3.0]
	at org.apache.maven.surefire.booter.ForkedBooter.execute(ForkedBooter.java:162) ~[surefire-booter-3.3.0.jar:3.3.0]
	at org.apache.maven.surefire.booter.ForkedBooter.run(ForkedBooter.java:507) ~[surefire-booter-3.3.0.jar:3.3.0]
	at org.apache.maven.surefire.booter.ForkedBooter.main(ForkedBooter.java:495) ~[surefire-booter-3.3.0.jar:3.3.0]
17:05:52.055 [main] ERROR org.apache.poi.openxml4j.opc.PackageRelationshipCollection - Cannot convert mailto:2343456378912@#&^*gvadhfbjnf in a valid relationship URI-> dummy-URI used
java.net.URISyntaxException: Illegal character in fragment at index 23: mailto:2343456378912@#&^*gvadhfbjnf
	at java.net.URI$Parser.fail(URI.java:2995) ~[?:?]
	at java.net.URI$Parser.checkChars(URI.java:3166) ~[?:?]
	at java.net.URI$Parser.parse(URI.java:3210) ~[?:?]
	at java.net.URI.<init>(URI.java:645) ~[?:?]
	at org.apache.poi.openxml4j.opc.PackagingURIHelper.toURI(PackagingURIHelper.java:723) ~[poi-ooxml-5.2.2.jar:5.2.2]
	at org.apache.poi.openxml4j.opc.PackageRelationshipCollection.parseRelationshipsPart(PackageRelationshipCollection.java:358) ~[poi-ooxml-5.2.2.jar:5.2.2]
	at org.apache.poi.openxml4j.opc.PackageRelationshipCollection.<init>(PackageRelationshipCollection.java:160) ~[poi-ooxml-5.2.2.jar:5.2.2]
	at org.apache.poi.openxml4j.opc.PackageRelationshipCollection.<init>(PackageRelationshipCollection.java:130) ~[poi-ooxml-5.2.2.jar:5.2.2]
	at org.apache.poi.openxml4j.opc.PackagePart.loadRelationships(PackagePart.java:565) ~[poi-ooxml-5.2.2.jar:5.2.2]
	at org.apache.poi.openxml4j.opc.OPCPackage.getParts(OPCPackage.java:745) ~[poi-ooxml-5.2.2.jar:5.2.2]
	at org.apache.poi.openxml4j.opc.OPCPackage.open(OPCPackage.java:315) ~[poi-ooxml-5.2.2.jar:5.2.2]
	at org.apache.poi.ooxml.util.PackageHelper.open(PackageHelper.java:59) ~[poi-ooxml-5.2.2.jar:5.2.2]
	at org.apache.poi.xssf.usermodel.XSSFWorkbook.<init>(XSSFWorkbook.java:289) ~[poi-ooxml-5.2.2.jar:5.2.2]
	at org.apache.poi.xssf.usermodel.XSSFWorkbook.<init>(XSSFWorkbook.java:285) ~[poi-ooxml-5.2.2.jar:5.2.2]
	at com.MOFutility.API_Excelutilities.readServiceIdFromExcel(API_Excelutilities.java:20) ~[test-classes/:?]
	at com.MOF.constants.API_URL.<clinit>(API_URL.java:176) ~[test-classes/:?]
	at com.MOFapi.MOFapi.Fetchvalid_SingleService_ValidServiceid(MOFapi.java:4891) ~[test-classes/:?]
	at jdk.internal.reflect.DirectMethodHandleAccessor.invoke(DirectMethodHandleAccessor.java:103) ~[?:?]
	at java.lang.reflect.Method.invoke(Method.java:580) ~[?:?]
	at org.testng.internal.MethodInvocationHelper.invokeMethod(MethodInvocationHelper.java:124) ~[testng-6.14.3.jar:?]
	at org.testng.internal.Invoker.invokeMethod(Invoker.java:583) ~[testng-6.14.3.jar:?]
	at org.testng.internal.Invoker.invokeTestMethod(Invoker.java:719) ~[testng-6.14.3.jar:?]
	at org.testng.internal.Invoker.invokeTestMethods(Invoker.java:989) ~[testng-6.14.3.jar:?]
	at org.testng.internal.TestMethodWorker.invokeTestMethods(TestMethodWorker.java:125) ~[testng-6.14.3.jar:?]
	at org.testng.internal.TestMethodWorker.run(TestMethodWorker.java:109) ~[testng-6.14.3.jar:?]
	at org.testng.TestRunner.privateRun(TestRunner.java:648) ~[testng-6.14.3.jar:?]
	at org.testng.TestRunner.run(TestRunner.java:505) ~[testng-6.14.3.jar:?]
	at org.testng.SuiteRunner.runTest(SuiteRunner.java:455) ~[testng-6.14.3.jar:?]
	at org.testng.SuiteRunner.runSequentially(SuiteRunner.java:450) ~[testng-6.14.3.jar:?]
	at org.testng.SuiteRunner.privateRun(SuiteRunner.java:415) ~[testng-6.14.3.jar:?]
	at org.testng.SuiteRunner.run(SuiteRunner.java:364) ~[testng-6.14.3.jar:?]
	at org.testng.SuiteRunnerWorker.runSuite(SuiteRunnerWorker.java:52) ~[testng-6.14.3.jar:?]
	at org.testng.SuiteRunnerWorker.run(SuiteRunnerWorker.java:84) ~[testng-6.14.3.jar:?]
	at org.testng.TestNG.runSuitesSequentially(TestNG.java:1208) ~[testng-6.14.3.jar:?]
	at org.testng.TestNG.runSuitesLocally(TestNG.java:1137) ~[testng-6.14.3.jar:?]
	at org.testng.TestNG.runSuites(TestNG.java:1049) ~[testng-6.14.3.jar:?]
	at org.testng.TestNG.run(TestNG.java:1017) ~[testng-6.14.3.jar:?]
	at org.apache.maven.surefire.testng.TestNGExecutor.run(TestNGExecutor.java:308) ~[surefire-testng-3.3.0.jar:3.3.0]
	at org.apache.maven.surefire.testng.TestNGXmlTestSuite.execute(TestNGXmlTestSuite.java:71) ~[surefire-testng-3.3.0.jar:3.3.0]
	at org.apache.maven.surefire.testng.TestNGProvider.invoke(TestNGProvider.java:113) ~[surefire-testng-3.3.0.jar:3.3.0]
	at org.apache.maven.surefire.booter.ForkedBooter.runSuitesInProcess(ForkedBooter.java:385) ~[surefire-booter-3.3.0.jar:3.3.0]
	at org.apache.maven.surefire.booter.ForkedBooter.execute(ForkedBooter.java:162) ~[surefire-booter-3.3.0.jar:3.3.0]
	at org.apache.maven.surefire.booter.ForkedBooter.run(ForkedBooter.java:507) ~[surefire-booter-3.3.0.jar:3.3.0]
	at org.apache.maven.surefire.booter.ForkedBooter.main(ForkedBooter.java:495) ~[surefire-booter-3.3.0.jar:3.3.0]
17:05:52.094 [main] ERROR org.apache.poi.openxml4j.opc.PackageRelationshipCollection - Cannot convert mailto:ALPA@#$%^245234534 in a valid relationship URI-> dummy-URI used
java.net.URISyntaxException: Malformed escape pair at index 14: mailto:ALPA@#$%^245234534
	at java.net.URI$Parser.fail(URI.java:2995) ~[?:?]
	at java.net.URI$Parser.scanEscape(URI.java:3123) ~[?:?]
	at java.net.URI$Parser.scan(URI.java:3146) ~[?:?]
	at java.net.URI$Parser.checkChars(URI.java:3164) ~[?:?]
	at java.net.URI$Parser.parse(URI.java:3210) ~[?:?]
	at java.net.URI.<init>(URI.java:645) ~[?:?]
	at org.apache.poi.openxml4j.opc.PackagingURIHelper.toURI(PackagingURIHelper.java:723) ~[poi-ooxml-5.2.2.jar:5.2.2]
	at org.apache.poi.openxml4j.opc.PackageRelationshipCollection.parseRelationshipsPart(PackageRelationshipCollection.java:358) ~[poi-ooxml-5.2.2.jar:5.2.2]
	at org.apache.poi.openxml4j.opc.PackageRelationshipCollection.<init>(PackageRelationshipCollection.java:160) ~[poi-ooxml-5.2.2.jar:5.2.2]
	at org.apache.poi.openxml4j.opc.PackageRelationshipCollection.<init>(PackageRelationshipCollection.java:130) ~[poi-ooxml-5.2.2.jar:5.2.2]
	at org.apache.poi.openxml4j.opc.PackagePart.loadRelationships(PackagePart.java:565) ~[poi-ooxml-5.2.2.jar:5.2.2]
	at org.apache.poi.openxml4j.opc.OPCPackage.getParts(OPCPackage.java:745) ~[poi-ooxml-5.2.2.jar:5.2.2]
	at org.apache.poi.openxml4j.opc.OPCPackage.open(OPCPackage.java:315) ~[poi-ooxml-5.2.2.jar:5.2.2]
	at org.apache.poi.ooxml.util.PackageHelper.open(PackageHelper.java:59) ~[poi-ooxml-5.2.2.jar:5.2.2]
	at org.apache.poi.xssf.usermodel.XSSFWorkbook.<init>(XSSFWorkbook.java:289) ~[poi-ooxml-5.2.2.jar:5.2.2]
	at org.apache.poi.xssf.usermodel.XSSFWorkbook.<init>(XSSFWorkbook.java:285) ~[poi-ooxml-5.2.2.jar:5.2.2]
	at com.MOFutility.API_Excelutilities.readServiceIdFromExcel(API_Excelutilities.java:20) ~[test-classes/:?]
	at com.MOF.constants.API_URL.<clinit>(API_URL.java:177) ~[test-classes/:?]
	at com.MOFapi.MOFapi.Fetchvalid_SingleService_ValidServiceid(MOFapi.java:4891) ~[test-classes/:?]
	at jdk.internal.reflect.DirectMethodHandleAccessor.invoke(DirectMethodHandleAccessor.java:103) ~[?:?]
	at java.lang.reflect.Method.invoke(Method.java:580) ~[?:?]
	at org.testng.internal.MethodInvocationHelper.invokeMethod(MethodInvocationHelper.java:124) ~[testng-6.14.3.jar:?]
	at org.testng.internal.Invoker.invokeMethod(Invoker.java:583) ~[testng-6.14.3.jar:?]
	at org.testng.internal.Invoker.invokeTestMethod(Invoker.java:719) ~[testng-6.14.3.jar:?]
	at org.testng.internal.Invoker.invokeTestMethods(Invoker.java:989) ~[testng-6.14.3.jar:?]
	at org.testng.internal.TestMethodWorker.invokeTestMethods(TestMethodWorker.java:125) ~[testng-6.14.3.jar:?]
	at org.testng.internal.TestMethodWorker.run(TestMethodWorker.java:109) ~[testng-6.14.3.jar:?]
	at org.testng.TestRunner.privateRun(TestRunner.java:648) ~[testng-6.14.3.jar:?]
	at org.testng.TestRunner.run(TestRunner.java:505) ~[testng-6.14.3.jar:?]
	at org.testng.SuiteRunner.runTest(SuiteRunner.java:455) ~[testng-6.14.3.jar:?]
	at org.testng.SuiteRunner.runSequentially(SuiteRunner.java:450) ~[testng-6.14.3.jar:?]
	at org.testng.SuiteRunner.privateRun(SuiteRunner.java:415) ~[testng-6.14.3.jar:?]
	at org.testng.SuiteRunner.run(SuiteRunner.java:364) ~[testng-6.14.3.jar:?]
	at org.testng.SuiteRunnerWorker.runSuite(SuiteRunnerWorker.java:52) ~[testng-6.14.3.jar:?]
	at org.testng.SuiteRunnerWorker.run(SuiteRunnerWorker.java:84) ~[testng-6.14.3.jar:?]
	at org.testng.TestNG.runSuitesSequentially(TestNG.java:1208) ~[testng-6.14.3.jar:?]
	at org.testng.TestNG.runSuitesLocally(TestNG.java:1137) ~[testng-6.14.3.jar:?]
	at org.testng.TestNG.runSuites(TestNG.java:1049) ~[testng-6.14.3.jar:?]
	at org.testng.TestNG.run(TestNG.java:1017) ~[testng-6.14.3.jar:?]
	at org.apache.maven.surefire.testng.TestNGExecutor.run(TestNGExecutor.java:308) ~[surefire-testng-3.3.0.jar:3.3.0]
	at org.apache.maven.surefire.testng.TestNGXmlTestSuite.execute(TestNGXmlTestSuite.java:71) ~[surefire-testng-3.3.0.jar:3.3.0]
	at org.apache.maven.surefire.testng.TestNGProvider.invoke(TestNGProvider.java:113) ~[surefire-testng-3.3.0.jar:3.3.0]
	at org.apache.maven.surefire.booter.ForkedBooter.runSuitesInProcess(ForkedBooter.java:385) ~[surefire-booter-3.3.0.jar:3.3.0]
	at org.apache.maven.surefire.booter.ForkedBooter.execute(ForkedBooter.java:162) ~[surefire-booter-3.3.0.jar:3.3.0]
	at org.apache.maven.surefire.booter.ForkedBooter.run(ForkedBooter.java:507) ~[surefire-booter-3.3.0.jar:3.3.0]
	at org.apache.maven.surefire.booter.ForkedBooter.main(ForkedBooter.java:495) ~[surefire-booter-3.3.0.jar:3.3.0]
17:05:52.095 [main] ERROR org.apache.poi.openxml4j.opc.PackageRelationshipCollection - Cannot convert mailto:ALPHAAAAAA@@@@@!@##$$$%12344 in a valid relationship URI-> dummy-URI used
java.net.URISyntaxException: Illegal character in fragment at index 25: mailto:ALPHAAAAAA@@@@@!@##$$$%12344
	at java.net.URI$Parser.fail(URI.java:2995) ~[?:?]
	at java.net.URI$Parser.checkChars(URI.java:3166) ~[?:?]
	at java.net.URI$Parser.parse(URI.java:3210) ~[?:?]
	at java.net.URI.<init>(URI.java:645) ~[?:?]
	at org.apache.poi.openxml4j.opc.PackagingURIHelper.toURI(PackagingURIHelper.java:723) ~[poi-ooxml-5.2.2.jar:5.2.2]
	at org.apache.poi.openxml4j.opc.PackageRelationshipCollection.parseRelationshipsPart(PackageRelationshipCollection.java:358) ~[poi-ooxml-5.2.2.jar:5.2.2]
	at org.apache.poi.openxml4j.opc.PackageRelationshipCollection.<init>(PackageRelationshipCollection.java:160) ~[poi-ooxml-5.2.2.jar:5.2.2]
	at org.apache.poi.openxml4j.opc.PackageRelationshipCollection.<init>(PackageRelationshipCollection.java:130) ~[poi-ooxml-5.2.2.jar:5.2.2]
	at org.apache.poi.openxml4j.opc.PackagePart.loadRelationships(PackagePart.java:565) ~[poi-ooxml-5.2.2.jar:5.2.2]
	at org.apache.poi.openxml4j.opc.OPCPackage.getParts(OPCPackage.java:745) ~[poi-ooxml-5.2.2.jar:5.2.2]
	at org.apache.poi.openxml4j.opc.OPCPackage.open(OPCPackage.java:315) ~[poi-ooxml-5.2.2.jar:5.2.2]
	at org.apache.poi.ooxml.util.PackageHelper.open(PackageHelper.java:59) ~[poi-ooxml-5.2.2.jar:5.2.2]
	at org.apache.poi.xssf.usermodel.XSSFWorkbook.<init>(XSSFWorkbook.java:289) ~[poi-ooxml-5.2.2.jar:5.2.2]
	at org.apache.poi.xssf.usermodel.XSSFWorkbook.<init>(XSSFWorkbook.java:285) ~[poi-ooxml-5.2.2.jar:5.2.2]
	at com.MOFutility.API_Excelutilities.readServiceIdFromExcel(API_Excelutilities.java:20) ~[test-classes/:?]
	at com.MOF.constants.API_URL.<clinit>(API_URL.java:177) ~[test-classes/:?]
	at com.MOFapi.MOFapi.Fetchvalid_SingleService_ValidServiceid(MOFapi.java:4891) ~[test-classes/:?]
	at jdk.internal.reflect.DirectMethodHandleAccessor.invoke(DirectMethodHandleAccessor.java:103) ~[?:?]
	at java.lang.reflect.Method.invoke(Method.java:580) ~[?:?]
	at org.testng.internal.MethodInvocationHelper.invokeMethod(MethodInvocationHelper.java:124) ~[testng-6.14.3.jar:?]
	at org.testng.internal.Invoker.invokeMethod(Invoker.java:583) ~[testng-6.14.3.jar:?]
	at org.testng.internal.Invoker.invokeTestMethod(Invoker.java:719) ~[testng-6.14.3.jar:?]
	at org.testng.internal.Invoker.invokeTestMethods(Invoker.java:989) ~[testng-6.14.3.jar:?]
	at org.testng.internal.TestMethodWorker.invokeTestMethods(TestMethodWorker.java:125) ~[testng-6.14.3.jar:?]
	at org.testng.internal.TestMethodWorker.run(TestMethodWorker.java:109) ~[testng-6.14.3.jar:?]
	at org.testng.TestRunner.privateRun(TestRunner.java:648) ~[testng-6.14.3.jar:?]
	at org.testng.TestRunner.run(TestRunner.java:505) ~[testng-6.14.3.jar:?]
	at org.testng.SuiteRunner.runTest(SuiteRunner.java:455) ~[testng-6.14.3.jar:?]
	at org.testng.SuiteRunner.runSequentially(SuiteRunner.java:450) ~[testng-6.14.3.jar:?]
	at org.testng.SuiteRunner.privateRun(SuiteRunner.java:415) ~[testng-6.14.3.jar:?]
	at org.testng.SuiteRunner.run(SuiteRunner.java:364) ~[testng-6.14.3.jar:?]
	at org.testng.SuiteRunnerWorker.runSuite(SuiteRunnerWorker.java:52) ~[testng-6.14.3.jar:?]
	at org.testng.SuiteRunnerWorker.run(SuiteRunnerWorker.java:84) ~[testng-6.14.3.jar:?]
	at org.testng.TestNG.runSuitesSequentially(TestNG.java:1208) ~[testng-6.14.3.jar:?]
	at org.testng.TestNG.runSuitesLocally(TestNG.java:1137) ~[testng-6.14.3.jar:?]
	at org.testng.TestNG.runSuites(TestNG.java:1049) ~[testng-6.14.3.jar:?]
	at org.testng.TestNG.run(TestNG.java:1017) ~[testng-6.14.3.jar:?]
	at org.apache.maven.surefire.testng.TestNGExecutor.run(TestNGExecutor.java:308) ~[surefire-testng-3.3.0.jar:3.3.0]
	at org.apache.maven.surefire.testng.TestNGXmlTestSuite.execute(TestNGXmlTestSuite.java:71) ~[surefire-testng-3.3.0.jar:3.3.0]
	at org.apache.maven.surefire.testng.TestNGProvider.invoke(TestNGProvider.java:113) ~[surefire-testng-3.3.0.jar:3.3.0]
	at org.apache.maven.surefire.booter.ForkedBooter.runSuitesInProcess(ForkedBooter.java:385) ~[surefire-booter-3.3.0.jar:3.3.0]
	at org.apache.maven.surefire.booter.ForkedBooter.execute(ForkedBooter.java:162) ~[surefire-booter-3.3.0.jar:3.3.0]
	at org.apache.maven.surefire.booter.ForkedBooter.run(ForkedBooter.java:507) ~[surefire-booter-3.3.0.jar:3.3.0]
	at org.apache.maven.surefire.booter.ForkedBooter.main(ForkedBooter.java:495) ~[surefire-booter-3.3.0.jar:3.3.0]
17:05:52.096 [main] ERROR org.apache.poi.openxml4j.opc.PackageRelationshipCollection - Cannot convert mailto:2343456378912@#&^*gvadhfbjnf in a valid relationship URI-> dummy-URI used
java.net.URISyntaxException: Illegal character in fragment at index 23: mailto:2343456378912@#&^*gvadhfbjnf
	at java.net.URI$Parser.fail(URI.java:2995) ~[?:?]
	at java.net.URI$Parser.checkChars(URI.java:3166) ~[?:?]
	at java.net.URI$Parser.parse(URI.java:3210) ~[?:?]
	at java.net.URI.<init>(URI.java:645) ~[?:?]
	at org.apache.poi.openxml4j.opc.PackagingURIHelper.toURI(PackagingURIHelper.java:723) ~[poi-ooxml-5.2.2.jar:5.2.2]
	at org.apache.poi.openxml4j.opc.PackageRelationshipCollection.parseRelationshipsPart(PackageRelationshipCollection.java:358) ~[poi-ooxml-5.2.2.jar:5.2.2]
	at org.apache.poi.openxml4j.opc.PackageRelationshipCollection.<init>(PackageRelationshipCollection.java:160) ~[poi-ooxml-5.2.2.jar:5.2.2]
	at org.apache.poi.openxml4j.opc.PackageRelationshipCollection.<init>(PackageRelationshipCollection.java:130) ~[poi-ooxml-5.2.2.jar:5.2.2]
	at org.apache.poi.openxml4j.opc.PackagePart.loadRelationships(PackagePart.java:565) ~[poi-ooxml-5.2.2.jar:5.2.2]
	at org.apache.poi.openxml4j.opc.OPCPackage.getParts(OPCPackage.java:745) ~[poi-ooxml-5.2.2.jar:5.2.2]
	at org.apache.poi.openxml4j.opc.OPCPackage.open(OPCPackage.java:315) ~[poi-ooxml-5.2.2.jar:5.2.2]
	at org.apache.poi.ooxml.util.PackageHelper.open(PackageHelper.java:59) ~[poi-ooxml-5.2.2.jar:5.2.2]
	at org.apache.poi.xssf.usermodel.XSSFWorkbook.<init>(XSSFWorkbook.java:289) ~[poi-ooxml-5.2.2.jar:5.2.2]
	at org.apache.poi.xssf.usermodel.XSSFWorkbook.<init>(XSSFWorkbook.java:285) ~[poi-ooxml-5.2.2.jar:5.2.2]
	at com.MOFutility.API_Excelutilities.readServiceIdFromExcel(API_Excelutilities.java:20) ~[test-classes/:?]
	at com.MOF.constants.API_URL.<clinit>(API_URL.java:177) ~[test-classes/:?]
	at com.MOFapi.MOFapi.Fetchvalid_SingleService_ValidServiceid(MOFapi.java:4891) ~[test-classes/:?]
	at jdk.internal.reflect.DirectMethodHandleAccessor.invoke(DirectMethodHandleAccessor.java:103) ~[?:?]
	at java.lang.reflect.Method.invoke(Method.java:580) ~[?:?]
	at org.testng.internal.MethodInvocationHelper.invokeMethod(MethodInvocationHelper.java:124) ~[testng-6.14.3.jar:?]
	at org.testng.internal.Invoker.invokeMethod(Invoker.java:583) ~[testng-6.14.3.jar:?]
	at org.testng.internal.Invoker.invokeTestMethod(Invoker.java:719) ~[testng-6.14.3.jar:?]
	at org.testng.internal.Invoker.invokeTestMethods(Invoker.java:989) ~[testng-6.14.3.jar:?]
	at org.testng.internal.TestMethodWorker.invokeTestMethods(TestMethodWorker.java:125) ~[testng-6.14.3.jar:?]
	at org.testng.internal.TestMethodWorker.run(TestMethodWorker.java:109) ~[testng-6.14.3.jar:?]
	at org.testng.TestRunner.privateRun(TestRunner.java:648) ~[testng-6.14.3.jar:?]
	at org.testng.TestRunner.run(TestRunner.java:505) ~[testng-6.14.3.jar:?]
	at org.testng.SuiteRunner.runTest(SuiteRunner.java:455) ~[testng-6.14.3.jar:?]
	at org.testng.SuiteRunner.runSequentially(SuiteRunner.java:450) ~[testng-6.14.3.jar:?]
	at org.testng.SuiteRunner.privateRun(SuiteRunner.java:415) ~[testng-6.14.3.jar:?]
	at org.testng.SuiteRunner.run(SuiteRunner.java:364) ~[testng-6.14.3.jar:?]
	at org.testng.SuiteRunnerWorker.runSuite(SuiteRunnerWorker.java:52) ~[testng-6.14.3.jar:?]
	at org.testng.SuiteRunnerWorker.run(SuiteRunnerWorker.java:84) ~[testng-6.14.3.jar:?]
	at org.testng.TestNG.runSuitesSequentially(TestNG.java:1208) ~[testng-6.14.3.jar:?]
	at org.testng.TestNG.runSuitesLocally(TestNG.java:1137) ~[testng-6.14.3.jar:?]
	at org.testng.TestNG.runSuites(TestNG.java:1049) ~[testng-6.14.3.jar:?]
	at org.testng.TestNG.run(TestNG.java:1017) ~[testng-6.14.3.jar:?]
	at org.apache.maven.surefire.testng.TestNGExecutor.run(TestNGExecutor.java:308) ~[surefire-testng-3.3.0.jar:3.3.0]
	at org.apache.maven.surefire.testng.TestNGXmlTestSuite.execute(TestNGXmlTestSuite.java:71) ~[surefire-testng-3.3.0.jar:3.3.0]
	at org.apache.maven.surefire.testng.TestNGProvider.invoke(TestNGProvider.java:113) ~[surefire-testng-3.3.0.jar:3.3.0]
	at org.apache.maven.surefire.booter.ForkedBooter.runSuitesInProcess(ForkedBooter.java:385) ~[surefire-booter-3.3.0.jar:3.3.0]
	at org.apache.maven.surefire.booter.ForkedBooter.execute(ForkedBooter.java:162) ~[surefire-booter-3.3.0.jar:3.3.0]
	at org.apache.maven.surefire.booter.ForkedBooter.run(ForkedBooter.java:507) ~[surefire-booter-3.3.0.jar:3.3.0]
	at org.apache.maven.surefire.booter.ForkedBooter.main(ForkedBooter.java:495) ~[surefire-booter-3.3.0.jar:3.3.0]
17:05:52.141 [main] ERROR org.apache.poi.openxml4j.opc.PackageRelationshipCollection - Cannot convert mailto:ALPA@#$%^245234534 in a valid relationship URI-> dummy-URI used
java.net.URISyntaxException: Malformed escape pair at index 14: mailto:ALPA@#$%^245234534
	at java.net.URI$Parser.fail(URI.java:2995) ~[?:?]
	at java.net.URI$Parser.scanEscape(URI.java:3123) ~[?:?]
	at java.net.URI$Parser.scan(URI.java:3146) ~[?:?]
	at java.net.URI$Parser.checkChars(URI.java:3164) ~[?:?]
	at java.net.URI$Parser.parse(URI.java:3210) ~[?:?]
	at java.net.URI.<init>(URI.java:645) ~[?:?]
	at org.apache.poi.openxml4j.opc.PackagingURIHelper.toURI(PackagingURIHelper.java:723) ~[poi-ooxml-5.2.2.jar:5.2.2]
	at org.apache.poi.openxml4j.opc.PackageRelationshipCollection.parseRelationshipsPart(PackageRelationshipCollection.java:358) ~[poi-ooxml-5.2.2.jar:5.2.2]
	at org.apache.poi.openxml4j.opc.PackageRelationshipCollection.<init>(PackageRelationshipCollection.java:160) ~[poi-ooxml-5.2.2.jar:5.2.2]
	at org.apache.poi.openxml4j.opc.PackageRelationshipCollection.<init>(PackageRelationshipCollection.java:130) ~[poi-ooxml-5.2.2.jar:5.2.2]
	at org.apache.poi.openxml4j.opc.PackagePart.loadRelationships(PackagePart.java:565) ~[poi-ooxml-5.2.2.jar:5.2.2]
	at org.apache.poi.openxml4j.opc.OPCPackage.getParts(OPCPackage.java:745) ~[poi-ooxml-5.2.2.jar:5.2.2]
	at org.apache.poi.openxml4j.opc.OPCPackage.open(OPCPackage.java:315) ~[poi-ooxml-5.2.2.jar:5.2.2]
	at org.apache.poi.ooxml.util.PackageHelper.open(PackageHelper.java:59) ~[poi-ooxml-5.2.2.jar:5.2.2]
	at org.apache.poi.xssf.usermodel.XSSFWorkbook.<init>(XSSFWorkbook.java:289) ~[poi-ooxml-5.2.2.jar:5.2.2]
	at org.apache.poi.xssf.usermodel.XSSFWorkbook.<init>(XSSFWorkbook.java:285) ~[poi-ooxml-5.2.2.jar:5.2.2]
	at com.MOFutility.API_Excelutilities.readServiceIdFromExcel(API_Excelutilities.java:20) ~[test-classes/:?]
	at com.MOF.constants.API_URL.<clinit>(API_URL.java:178) ~[test-classes/:?]
	at com.MOFapi.MOFapi.Fetchvalid_SingleService_ValidServiceid(MOFapi.java:4891) ~[test-classes/:?]
	at jdk.internal.reflect.DirectMethodHandleAccessor.invoke(DirectMethodHandleAccessor.java:103) ~[?:?]
	at java.lang.reflect.Method.invoke(Method.java:580) ~[?:?]
	at org.testng.internal.MethodInvocationHelper.invokeMethod(MethodInvocationHelper.java:124) ~[testng-6.14.3.jar:?]
	at org.testng.internal.Invoker.invokeMethod(Invoker.java:583) ~[testng-6.14.3.jar:?]
	at org.testng.internal.Invoker.invokeTestMethod(Invoker.java:719) ~[testng-6.14.3.jar:?]
	at org.testng.internal.Invoker.invokeTestMethods(Invoker.java:989) ~[testng-6.14.3.jar:?]
	at org.testng.internal.TestMethodWorker.invokeTestMethods(TestMethodWorker.java:125) ~[testng-6.14.3.jar:?]
	at org.testng.internal.TestMethodWorker.run(TestMethodWorker.java:109) ~[testng-6.14.3.jar:?]
	at org.testng.TestRunner.privateRun(TestRunner.java:648) ~[testng-6.14.3.jar:?]
	at org.testng.TestRunner.run(TestRunner.java:505) ~[testng-6.14.3.jar:?]
	at org.testng.SuiteRunner.runTest(SuiteRunner.java:455) ~[testng-6.14.3.jar:?]
	at org.testng.SuiteRunner.runSequentially(SuiteRunner.java:450) ~[testng-6.14.3.jar:?]
	at org.testng.SuiteRunner.privateRun(SuiteRunner.java:415) ~[testng-6.14.3.jar:?]
	at org.testng.SuiteRunner.run(SuiteRunner.java:364) ~[testng-6.14.3.jar:?]
	at org.testng.SuiteRunnerWorker.runSuite(SuiteRunnerWorker.java:52) ~[testng-6.14.3.jar:?]
	at org.testng.SuiteRunnerWorker.run(SuiteRunnerWorker.java:84) ~[testng-6.14.3.jar:?]
	at org.testng.TestNG.runSuitesSequentially(TestNG.java:1208) ~[testng-6.14.3.jar:?]
	at org.testng.TestNG.runSuitesLocally(TestNG.java:1137) ~[testng-6.14.3.jar:?]
	at org.testng.TestNG.runSuites(TestNG.java:1049) ~[testng-6.14.3.jar:?]
	at org.testng.TestNG.run(TestNG.java:1017) ~[testng-6.14.3.jar:?]
	at org.apache.maven.surefire.testng.TestNGExecutor.run(TestNGExecutor.java:308) ~[surefire-testng-3.3.0.jar:3.3.0]
	at org.apache.maven.surefire.testng.TestNGXmlTestSuite.execute(TestNGXmlTestSuite.java:71) ~[surefire-testng-3.3.0.jar:3.3.0]
	at org.apache.maven.surefire.testng.TestNGProvider.invoke(TestNGProvider.java:113) ~[surefire-testng-3.3.0.jar:3.3.0]
	at org.apache.maven.surefire.booter.ForkedBooter.runSuitesInProcess(ForkedBooter.java:385) ~[surefire-booter-3.3.0.jar:3.3.0]
	at org.apache.maven.surefire.booter.ForkedBooter.execute(ForkedBooter.java:162) ~[surefire-booter-3.3.0.jar:3.3.0]
	at org.apache.maven.surefire.booter.ForkedBooter.run(ForkedBooter.java:507) ~[surefire-booter-3.3.0.jar:3.3.0]
	at org.apache.maven.surefire.booter.ForkedBooter.main(ForkedBooter.java:495) ~[surefire-booter-3.3.0.jar:3.3.0]
17:05:52.143 [main] ERROR org.apache.poi.openxml4j.opc.PackageRelationshipCollection - Cannot convert mailto:ALPHAAAAAA@@@@@!@##$$$%12344 in a valid relationship URI-> dummy-URI used
java.net.URISyntaxException: Illegal character in fragment at index 25: mailto:ALPHAAAAAA@@@@@!@##$$$%12344
	at java.net.URI$Parser.fail(URI.java:2995) ~[?:?]
	at java.net.URI$Parser.checkChars(URI.java:3166) ~[?:?]
	at java.net.URI$Parser.parse(URI.java:3210) ~[?:?]
	at java.net.URI.<init>(URI.java:645) ~[?:?]
	at org.apache.poi.openxml4j.opc.PackagingURIHelper.toURI(PackagingURIHelper.java:723) ~[poi-ooxml-5.2.2.jar:5.2.2]
	at org.apache.poi.openxml4j.opc.PackageRelationshipCollection.parseRelationshipsPart(PackageRelationshipCollection.java:358) ~[poi-ooxml-5.2.2.jar:5.2.2]
	at org.apache.poi.openxml4j.opc.PackageRelationshipCollection.<init>(PackageRelationshipCollection.java:160) ~[poi-ooxml-5.2.2.jar:5.2.2]
	at org.apache.poi.openxml4j.opc.PackageRelationshipCollection.<init>(PackageRelationshipCollection.java:130) ~[poi-ooxml-5.2.2.jar:5.2.2]
	at org.apache.poi.openxml4j.opc.PackagePart.loadRelationships(PackagePart.java:565) ~[poi-ooxml-5.2.2.jar:5.2.2]
	at org.apache.poi.openxml4j.opc.OPCPackage.getParts(OPCPackage.java:745) ~[poi-ooxml-5.2.2.jar:5.2.2]
	at org.apache.poi.openxml4j.opc.OPCPackage.open(OPCPackage.java:315) ~[poi-ooxml-5.2.2.jar:5.2.2]
	at org.apache.poi.ooxml.util.PackageHelper.open(PackageHelper.java:59) ~[poi-ooxml-5.2.2.jar:5.2.2]
	at org.apache.poi.xssf.usermodel.XSSFWorkbook.<init>(XSSFWorkbook.java:289) ~[poi-ooxml-5.2.2.jar:5.2.2]
	at org.apache.poi.xssf.usermodel.XSSFWorkbook.<init>(XSSFWorkbook.java:285) ~[poi-ooxml-5.2.2.jar:5.2.2]
	at com.MOFutility.API_Excelutilities.readServiceIdFromExcel(API_Excelutilities.java:20) ~[test-classes/:?]
	at com.MOF.constants.API_URL.<clinit>(API_URL.java:178) ~[test-classes/:?]
	at com.MOFapi.MOFapi.Fetchvalid_SingleService_ValidServiceid(MOFapi.java:4891) ~[test-classes/:?]
	at jdk.internal.reflect.DirectMethodHandleAccessor.invoke(DirectMethodHandleAccessor.java:103) ~[?:?]
	at java.lang.reflect.Method.invoke(Method.java:580) ~[?:?]
	at org.testng.internal.MethodInvocationHelper.invokeMethod(MethodInvocationHelper.java:124) ~[testng-6.14.3.jar:?]
	at org.testng.internal.Invoker.invokeMethod(Invoker.java:583) ~[testng-6.14.3.jar:?]
	at org.testng.internal.Invoker.invokeTestMethod(Invoker.java:719) ~[testng-6.14.3.jar:?]
	at org.testng.internal.Invoker.invokeTestMethods(Invoker.java:989) ~[testng-6.14.3.jar:?]
	at org.testng.internal.TestMethodWorker.invokeTestMethods(TestMethodWorker.java:125) ~[testng-6.14.3.jar:?]
	at org.testng.internal.TestMethodWorker.run(TestMethodWorker.java:109) ~[testng-6.14.3.jar:?]
	at org.testng.TestRunner.privateRun(TestRunner.java:648) ~[testng-6.14.3.jar:?]
	at org.testng.TestRunner.run(TestRunner.java:505) ~[testng-6.14.3.jar:?]
	at org.testng.SuiteRunner.runTest(SuiteRunner.java:455) ~[testng-6.14.3.jar:?]
	at org.testng.SuiteRunner.runSequentially(SuiteRunner.java:450) ~[testng-6.14.3.jar:?]
	at org.testng.SuiteRunner.privateRun(SuiteRunner.java:415) ~[testng-6.14.3.jar:?]
	at org.testng.SuiteRunner.run(SuiteRunner.java:364) ~[testng-6.14.3.jar:?]
	at org.testng.SuiteRunnerWorker.runSuite(SuiteRunnerWorker.java:52) ~[testng-6.14.3.jar:?]
	at org.testng.SuiteRunnerWorker.run(SuiteRunnerWorker.java:84) ~[testng-6.14.3.jar:?]
	at org.testng.TestNG.runSuitesSequentially(TestNG.java:1208) ~[testng-6.14.3.jar:?]
	at org.testng.TestNG.runSuitesLocally(TestNG.java:1137) ~[testng-6.14.3.jar:?]
	at org.testng.TestNG.runSuites(TestNG.java:1049) ~[testng-6.14.3.jar:?]
	at org.testng.TestNG.run(TestNG.java:1017) ~[testng-6.14.3.jar:?]
	at org.apache.maven.surefire.testng.TestNGExecutor.run(TestNGExecutor.java:308) ~[surefire-testng-3.3.0.jar:3.3.0]
	at org.apache.maven.surefire.testng.TestNGXmlTestSuite.execute(TestNGXmlTestSuite.java:71) ~[surefire-testng-3.3.0.jar:3.3.0]
	at org.apache.maven.surefire.testng.TestNGProvider.invoke(TestNGProvider.java:113) ~[surefire-testng-3.3.0.jar:3.3.0]
	at org.apache.maven.surefire.booter.ForkedBooter.runSuitesInProcess(ForkedBooter.java:385) ~[surefire-booter-3.3.0.jar:3.3.0]
	at org.apache.maven.surefire.booter.ForkedBooter.execute(ForkedBooter.java:162) ~[surefire-booter-3.3.0.jar:3.3.0]
	at org.apache.maven.surefire.booter.ForkedBooter.run(ForkedBooter.java:507) ~[surefire-booter-3.3.0.jar:3.3.0]
	at org.apache.maven.surefire.booter.ForkedBooter.main(ForkedBooter.java:495) ~[surefire-booter-3.3.0.jar:3.3.0]
17:05:52.144 [main] ERROR org.apache.poi.openxml4j.opc.PackageRelationshipCollection - Cannot convert mailto:2343456378912@#&^*gvadhfbjnf in a valid relationship URI-> dummy-URI used
java.net.URISyntaxException: Illegal character in fragment at index 23: mailto:2343456378912@#&^*gvadhfbjnf
	at java.net.URI$Parser.fail(URI.java:2995) ~[?:?]
	at java.net.URI$Parser.checkChars(URI.java:3166) ~[?:?]
	at java.net.URI$Parser.parse(URI.java:3210) ~[?:?]
	at java.net.URI.<init>(URI.java:645) ~[?:?]
	at org.apache.poi.openxml4j.opc.PackagingURIHelper.toURI(PackagingURIHelper.java:723) ~[poi-ooxml-5.2.2.jar:5.2.2]
	at org.apache.poi.openxml4j.opc.PackageRelationshipCollection.parseRelationshipsPart(PackageRelationshipCollection.java:358) ~[poi-ooxml-5.2.2.jar:5.2.2]
	at org.apache.poi.openxml4j.opc.PackageRelationshipCollection.<init>(PackageRelationshipCollection.java:160) ~[poi-ooxml-5.2.2.jar:5.2.2]
	at org.apache.poi.openxml4j.opc.PackageRelationshipCollection.<init>(PackageRelationshipCollection.java:130) ~[poi-ooxml-5.2.2.jar:5.2.2]
	at org.apache.poi.openxml4j.opc.PackagePart.loadRelationships(PackagePart.java:565) ~[poi-ooxml-5.2.2.jar:5.2.2]
	at org.apache.poi.openxml4j.opc.OPCPackage.getParts(OPCPackage.java:745) ~[poi-ooxml-5.2.2.jar:5.2.2]
	at org.apache.poi.openxml4j.opc.OPCPackage.open(OPCPackage.java:315) ~[poi-ooxml-5.2.2.jar:5.2.2]
	at org.apache.poi.ooxml.util.PackageHelper.open(PackageHelper.java:59) ~[poi-ooxml-5.2.2.jar:5.2.2]
	at org.apache.poi.xssf.usermodel.XSSFWorkbook.<init>(XSSFWorkbook.java:289) ~[poi-ooxml-5.2.2.jar:5.2.2]
	at org.apache.poi.xssf.usermodel.XSSFWorkbook.<init>(XSSFWorkbook.java:285) ~[poi-ooxml-5.2.2.jar:5.2.2]
	at com.MOFutility.API_Excelutilities.readServiceIdFromExcel(API_Excelutilities.java:20) ~[test-classes/:?]
	at com.MOF.constants.API_URL.<clinit>(API_URL.java:178) ~[test-classes/:?]
	at com.MOFapi.MOFapi.Fetchvalid_SingleService_ValidServiceid(MOFapi.java:4891) ~[test-classes/:?]
	at jdk.internal.reflect.DirectMethodHandleAccessor.invoke(DirectMethodHandleAccessor.java:103) ~[?:?]
	at java.lang.reflect.Method.invoke(Method.java:580) ~[?:?]
	at org.testng.internal.MethodInvocationHelper.invokeMethod(MethodInvocationHelper.java:124) ~[testng-6.14.3.jar:?]
	at org.testng.internal.Invoker.invokeMethod(Invoker.java:583) ~[testng-6.14.3.jar:?]
	at org.testng.internal.Invoker.invokeTestMethod(Invoker.java:719) ~[testng-6.14.3.jar:?]
	at org.testng.internal.Invoker.invokeTestMethods(Invoker.java:989) ~[testng-6.14.3.jar:?]
	at org.testng.internal.TestMethodWorker.invokeTestMethods(TestMethodWorker.java:125) ~[testng-6.14.3.jar:?]
	at org.testng.internal.TestMethodWorker.run(TestMethodWorker.java:109) ~[testng-6.14.3.jar:?]
	at org.testng.TestRunner.privateRun(TestRunner.java:648) ~[testng-6.14.3.jar:?]
	at org.testng.TestRunner.run(TestRunner.java:505) ~[testng-6.14.3.jar:?]
	at org.testng.SuiteRunner.runTest(SuiteRunner.java:455) ~[testng-6.14.3.jar:?]
	at org.testng.SuiteRunner.runSequentially(SuiteRunner.java:450) ~[testng-6.14.3.jar:?]
	at org.testng.SuiteRunner.privateRun(SuiteRunner.java:415) ~[testng-6.14.3.jar:?]
	at org.testng.SuiteRunner.run(SuiteRunner.java:364) ~[testng-6.14.3.jar:?]
	at org.testng.SuiteRunnerWorker.runSuite(SuiteRunnerWorker.java:52) ~[testng-6.14.3.jar:?]
	at org.testng.SuiteRunnerWorker.run(SuiteRunnerWorker.java:84) ~[testng-6.14.3.jar:?]
	at org.testng.TestNG.runSuitesSequentially(TestNG.java:1208) ~[testng-6.14.3.jar:?]
	at org.testng.TestNG.runSuitesLocally(TestNG.java:1137) ~[testng-6.14.3.jar:?]
	at org.testng.TestNG.runSuites(TestNG.java:1049) ~[testng-6.14.3.jar:?]
	at org.testng.TestNG.run(TestNG.java:1017) ~[testng-6.14.3.jar:?]
	at org.apache.maven.surefire.testng.TestNGExecutor.run(TestNGExecutor.java:308) ~[surefire-testng-3.3.0.jar:3.3.0]
	at org.apache.maven.surefire.testng.TestNGXmlTestSuite.execute(TestNGXmlTestSuite.java:71) ~[surefire-testng-3.3.0.jar:3.3.0]
	at org.apache.maven.surefire.testng.TestNGProvider.invoke(TestNGProvider.java:113) ~[surefire-testng-3.3.0.jar:3.3.0]
	at org.apache.maven.surefire.booter.ForkedBooter.runSuitesInProcess(ForkedBooter.java:385) ~[surefire-booter-3.3.0.jar:3.3.0]
	at org.apache.maven.surefire.booter.ForkedBooter.execute(ForkedBooter.java:162) ~[surefire-booter-3.3.0.jar:3.3.0]
	at org.apache.maven.surefire.booter.ForkedBooter.run(ForkedBooter.java:507) ~[surefire-booter-3.3.0.jar:3.3.0]
	at org.apache.maven.surefire.booter.ForkedBooter.main(ForkedBooter.java:495) ~[surefire-booter-3.3.0.jar:3.3.0]
17:05:52.190 [main] ERROR org.apache.poi.openxml4j.opc.PackageRelationshipCollection - Cannot convert mailto:ALPA@#$%^245234534 in a valid relationship URI-> dummy-URI used
java.net.URISyntaxException: Malformed escape pair at index 14: mailto:ALPA@#$%^245234534
	at java.net.URI$Parser.fail(URI.java:2995) ~[?:?]
	at java.net.URI$Parser.scanEscape(URI.java:3123) ~[?:?]
	at java.net.URI$Parser.scan(URI.java:3146) ~[?:?]
	at java.net.URI$Parser.checkChars(URI.java:3164) ~[?:?]
	at java.net.URI$Parser.parse(URI.java:3210) ~[?:?]
	at java.net.URI.<init>(URI.java:645) ~[?:?]
	at org.apache.poi.openxml4j.opc.PackagingURIHelper.toURI(PackagingURIHelper.java:723) ~[poi-ooxml-5.2.2.jar:5.2.2]
	at org.apache.poi.openxml4j.opc.PackageRelationshipCollection.parseRelationshipsPart(PackageRelationshipCollection.java:358) ~[poi-ooxml-5.2.2.jar:5.2.2]
	at org.apache.poi.openxml4j.opc.PackageRelationshipCollection.<init>(PackageRelationshipCollection.java:160) ~[poi-ooxml-5.2.2.jar:5.2.2]
	at org.apache.poi.openxml4j.opc.PackageRelationshipCollection.<init>(PackageRelationshipCollection.java:130) ~[poi-ooxml-5.2.2.jar:5.2.2]
	at org.apache.poi.openxml4j.opc.PackagePart.loadRelationships(PackagePart.java:565) ~[poi-ooxml-5.2.2.jar:5.2.2]
	at org.apache.poi.openxml4j.opc.OPCPackage.getParts(OPCPackage.java:745) ~[poi-ooxml-5.2.2.jar:5.2.2]
	at org.apache.poi.openxml4j.opc.OPCPackage.open(OPCPackage.java:315) ~[poi-ooxml-5.2.2.jar:5.2.2]
	at org.apache.poi.ooxml.util.PackageHelper.open(PackageHelper.java:59) ~[poi-ooxml-5.2.2.jar:5.2.2]
	at org.apache.poi.xssf.usermodel.XSSFWorkbook.<init>(XSSFWorkbook.java:289) ~[poi-ooxml-5.2.2.jar:5.2.2]
	at org.apache.poi.xssf.usermodel.XSSFWorkbook.<init>(XSSFWorkbook.java:285) ~[poi-ooxml-5.2.2.jar:5.2.2]
	at com.MOFutility.API_Excelutilities.readServiceIdFromExcel(API_Excelutilities.java:20) ~[test-classes/:?]
	at com.MOF.constants.API_URL.<clinit>(API_URL.java:179) ~[test-classes/:?]
	at com.MOFapi.MOFapi.Fetchvalid_SingleService_ValidServiceid(MOFapi.java:4891) ~[test-classes/:?]
	at jdk.internal.reflect.DirectMethodHandleAccessor.invoke(DirectMethodHandleAccessor.java:103) ~[?:?]
	at java.lang.reflect.Method.invoke(Method.java:580) ~[?:?]
	at org.testng.internal.MethodInvocationHelper.invokeMethod(MethodInvocationHelper.java:124) ~[testng-6.14.3.jar:?]
	at org.testng.internal.Invoker.invokeMethod(Invoker.java:583) ~[testng-6.14.3.jar:?]
	at org.testng.internal.Invoker.invokeTestMethod(Invoker.java:719) ~[testng-6.14.3.jar:?]
	at org.testng.internal.Invoker.invokeTestMethods(Invoker.java:989) ~[testng-6.14.3.jar:?]
	at org.testng.internal.TestMethodWorker.invokeTestMethods(TestMethodWorker.java:125) ~[testng-6.14.3.jar:?]
	at org.testng.internal.TestMethodWorker.run(TestMethodWorker.java:109) ~[testng-6.14.3.jar:?]
	at org.testng.TestRunner.privateRun(TestRunner.java:648) ~[testng-6.14.3.jar:?]
	at org.testng.TestRunner.run(TestRunner.java:505) ~[testng-6.14.3.jar:?]
	at org.testng.SuiteRunner.runTest(SuiteRunner.java:455) ~[testng-6.14.3.jar:?]
	at org.testng.SuiteRunner.runSequentially(SuiteRunner.java:450) ~[testng-6.14.3.jar:?]
	at org.testng.SuiteRunner.privateRun(SuiteRunner.java:415) ~[testng-6.14.3.jar:?]
	at org.testng.SuiteRunner.run(SuiteRunner.java:364) ~[testng-6.14.3.jar:?]
	at org.testng.SuiteRunnerWorker.runSuite(SuiteRunnerWorker.java:52) ~[testng-6.14.3.jar:?]
	at org.testng.SuiteRunnerWorker.run(SuiteRunnerWorker.java:84) ~[testng-6.14.3.jar:?]
	at org.testng.TestNG.runSuitesSequentially(TestNG.java:1208) ~[testng-6.14.3.jar:?]
	at org.testng.TestNG.runSuitesLocally(TestNG.java:1137) ~[testng-6.14.3.jar:?]
	at org.testng.TestNG.runSuites(TestNG.java:1049) ~[testng-6.14.3.jar:?]
	at org.testng.TestNG.run(TestNG.java:1017) ~[testng-6.14.3.jar:?]
	at org.apache.maven.surefire.testng.TestNGExecutor.run(TestNGExecutor.java:308) ~[surefire-testng-3.3.0.jar:3.3.0]
	at org.apache.maven.surefire.testng.TestNGXmlTestSuite.execute(TestNGXmlTestSuite.java:71) ~[surefire-testng-3.3.0.jar:3.3.0]
	at org.apache.maven.surefire.testng.TestNGProvider.invoke(TestNGProvider.java:113) ~[surefire-testng-3.3.0.jar:3.3.0]
	at org.apache.maven.surefire.booter.ForkedBooter.runSuitesInProcess(ForkedBooter.java:385) ~[surefire-booter-3.3.0.jar:3.3.0]
	at org.apache.maven.surefire.booter.ForkedBooter.execute(ForkedBooter.java:162) ~[surefire-booter-3.3.0.jar:3.3.0]
	at org.apache.maven.surefire.booter.ForkedBooter.run(ForkedBooter.java:507) ~[surefire-booter-3.3.0.jar:3.3.0]
	at org.apache.maven.surefire.booter.ForkedBooter.main(ForkedBooter.java:495) ~[surefire-booter-3.3.0.jar:3.3.0]
17:05:52.192 [main] ERROR org.apache.poi.openxml4j.opc.PackageRelationshipCollection - Cannot convert mailto:ALPHAAAAAA@@@@@!@##$$$%12344 in a valid relationship URI-> dummy-URI used
java.net.URISyntaxException: Illegal character in fragment at index 25: mailto:ALPHAAAAAA@@@@@!@##$$$%12344
	at java.net.URI$Parser.fail(URI.java:2995) ~[?:?]
	at java.net.URI$Parser.checkChars(URI.java:3166) ~[?:?]
	at java.net.URI$Parser.parse(URI.java:3210) ~[?:?]
	at java.net.URI.<init>(URI.java:645) ~[?:?]
	at org.apache.poi.openxml4j.opc.PackagingURIHelper.toURI(PackagingURIHelper.java:723) ~[poi-ooxml-5.2.2.jar:5.2.2]
	at org.apache.poi.openxml4j.opc.PackageRelationshipCollection.parseRelationshipsPart(PackageRelationshipCollection.java:358) ~[poi-ooxml-5.2.2.jar:5.2.2]
	at org.apache.poi.openxml4j.opc.PackageRelationshipCollection.<init>(PackageRelationshipCollection.java:160) ~[poi-ooxml-5.2.2.jar:5.2.2]
	at org.apache.poi.openxml4j.opc.PackageRelationshipCollection.<init>(PackageRelationshipCollection.java:130) ~[poi-ooxml-5.2.2.jar:5.2.2]
	at org.apache.poi.openxml4j.opc.PackagePart.loadRelationships(PackagePart.java:565) ~[poi-ooxml-5.2.2.jar:5.2.2]
	at org.apache.poi.openxml4j.opc.OPCPackage.getParts(OPCPackage.java:745) ~[poi-ooxml-5.2.2.jar:5.2.2]
	at org.apache.poi.openxml4j.opc.OPCPackage.open(OPCPackage.java:315) ~[poi-ooxml-5.2.2.jar:5.2.2]
	at org.apache.poi.ooxml.util.PackageHelper.open(PackageHelper.java:59) ~[poi-ooxml-5.2.2.jar:5.2.2]
	at org.apache.poi.xssf.usermodel.XSSFWorkbook.<init>(XSSFWorkbook.java:289) ~[poi-ooxml-5.2.2.jar:5.2.2]
	at org.apache.poi.xssf.usermodel.XSSFWorkbook.<init>(XSSFWorkbook.java:285) ~[poi-ooxml-5.2.2.jar:5.2.2]
	at com.MOFutility.API_Excelutilities.readServiceIdFromExcel(API_Excelutilities.java:20) ~[test-classes/:?]
	at com.MOF.constants.API_URL.<clinit>(API_URL.java:179) ~[test-classes/:?]
	at com.MOFapi.MOFapi.Fetchvalid_SingleService_ValidServiceid(MOFapi.java:4891) ~[test-classes/:?]
	at jdk.internal.reflect.DirectMethodHandleAccessor.invoke(DirectMethodHandleAccessor.java:103) ~[?:?]
	at java.lang.reflect.Method.invoke(Method.java:580) ~[?:?]
	at org.testng.internal.MethodInvocationHelper.invokeMethod(MethodInvocationHelper.java:124) ~[testng-6.14.3.jar:?]
	at org.testng.internal.Invoker.invokeMethod(Invoker.java:583) ~[testng-6.14.3.jar:?]
	at org.testng.internal.Invoker.invokeTestMethod(Invoker.java:719) ~[testng-6.14.3.jar:?]
	at org.testng.internal.Invoker.invokeTestMethods(Invoker.java:989) ~[testng-6.14.3.jar:?]
	at org.testng.internal.TestMethodWorker.invokeTestMethods(TestMethodWorker.java:125) ~[testng-6.14.3.jar:?]
	at org.testng.internal.TestMethodWorker.run(TestMethodWorker.java:109) ~[testng-6.14.3.jar:?]
	at org.testng.TestRunner.privateRun(TestRunner.java:648) ~[testng-6.14.3.jar:?]
	at org.testng.TestRunner.run(TestRunner.java:505) ~[testng-6.14.3.jar:?]
	at org.testng.SuiteRunner.runTest(SuiteRunner.java:455) ~[testng-6.14.3.jar:?]
	at org.testng.SuiteRunner.runSequentially(SuiteRunner.java:450) ~[testng-6.14.3.jar:?]
	at org.testng.SuiteRunner.privateRun(SuiteRunner.java:415) ~[testng-6.14.3.jar:?]
	at org.testng.SuiteRunner.run(SuiteRunner.java:364) ~[testng-6.14.3.jar:?]
	at org.testng.SuiteRunnerWorker.runSuite(SuiteRunnerWorker.java:52) ~[testng-6.14.3.jar:?]
	at org.testng.SuiteRunnerWorker.run(SuiteRunnerWorker.java:84) ~[testng-6.14.3.jar:?]
	at org.testng.TestNG.runSuitesSequentially(TestNG.java:1208) ~[testng-6.14.3.jar:?]
	at org.testng.TestNG.runSuitesLocally(TestNG.java:1137) ~[testng-6.14.3.jar:?]
	at org.testng.TestNG.runSuites(TestNG.java:1049) ~[testng-6.14.3.jar:?]
	at org.testng.TestNG.run(TestNG.java:1017) ~[testng-6.14.3.jar:?]
	at org.apache.maven.surefire.testng.TestNGExecutor.run(TestNGExecutor.java:308) ~[surefire-testng-3.3.0.jar:3.3.0]
	at org.apache.maven.surefire.testng.TestNGXmlTestSuite.execute(TestNGXmlTestSuite.java:71) ~[surefire-testng-3.3.0.jar:3.3.0]
	at org.apache.maven.surefire.testng.TestNGProvider.invoke(TestNGProvider.java:113) ~[surefire-testng-3.3.0.jar:3.3.0]
	at org.apache.maven.surefire.booter.ForkedBooter.runSuitesInProcess(ForkedBooter.java:385) ~[surefire-booter-3.3.0.jar:3.3.0]
	at org.apache.maven.surefire.booter.ForkedBooter.execute(ForkedBooter.java:162) ~[surefire-booter-3.3.0.jar:3.3.0]
	at org.apache.maven.surefire.booter.ForkedBooter.run(ForkedBooter.java:507) ~[surefire-booter-3.3.0.jar:3.3.0]
	at org.apache.maven.surefire.booter.ForkedBooter.main(ForkedBooter.java:495) ~[surefire-booter-3.3.0.jar:3.3.0]
17:05:52.194 [main] ERROR org.apache.poi.openxml4j.opc.PackageRelationshipCollection - Cannot convert mailto:2343456378912@#&^*gvadhfbjnf in a valid relationship URI-> dummy-URI used
java.net.URISyntaxException: Illegal character in fragment at index 23: mailto:2343456378912@#&^*gvadhfbjnf
	at java.net.URI$Parser.fail(URI.java:2995) ~[?:?]
	at java.net.URI$Parser.checkChars(URI.java:3166) ~[?:?]
	at java.net.URI$Parser.parse(URI.java:3210) ~[?:?]
	at java.net.URI.<init>(URI.java:645) ~[?:?]
	at org.apache.poi.openxml4j.opc.PackagingURIHelper.toURI(PackagingURIHelper.java:723) ~[poi-ooxml-5.2.2.jar:5.2.2]
	at org.apache.poi.openxml4j.opc.PackageRelationshipCollection.parseRelationshipsPart(PackageRelationshipCollection.java:358) ~[poi-ooxml-5.2.2.jar:5.2.2]
	at org.apache.poi.openxml4j.opc.PackageRelationshipCollection.<init>(PackageRelationshipCollection.java:160) ~[poi-ooxml-5.2.2.jar:5.2.2]
	at org.apache.poi.openxml4j.opc.PackageRelationshipCollection.<init>(PackageRelationshipCollection.java:130) ~[poi-ooxml-5.2.2.jar:5.2.2]
	at org.apache.poi.openxml4j.opc.PackagePart.loadRelationships(PackagePart.java:565) ~[poi-ooxml-5.2.2.jar:5.2.2]
	at org.apache.poi.openxml4j.opc.OPCPackage.getParts(OPCPackage.java:745) ~[poi-ooxml-5.2.2.jar:5.2.2]
	at org.apache.poi.openxml4j.opc.OPCPackage.open(OPCPackage.java:315) ~[poi-ooxml-5.2.2.jar:5.2.2]
	at org.apache.poi.ooxml.util.PackageHelper.open(PackageHelper.java:59) ~[poi-ooxml-5.2.2.jar:5.2.2]
	at org.apache.poi.xssf.usermodel.XSSFWorkbook.<init>(XSSFWorkbook.java:289) ~[poi-ooxml-5.2.2.jar:5.2.2]
	at org.apache.poi.xssf.usermodel.XSSFWorkbook.<init>(XSSFWorkbook.java:285) ~[poi-ooxml-5.2.2.jar:5.2.2]
	at com.MOFutility.API_Excelutilities.readServiceIdFromExcel(API_Excelutilities.java:20) ~[test-classes/:?]
	at com.MOF.constants.API_URL.<clinit>(API_URL.java:179) ~[test-classes/:?]
	at com.MOFapi.MOFapi.Fetchvalid_SingleService_ValidServiceid(MOFapi.java:4891) ~[test-classes/:?]
	at jdk.internal.reflect.DirectMethodHandleAccessor.invoke(DirectMethodHandleAccessor.java:103) ~[?:?]
	at java.lang.reflect.Method.invoke(Method.java:580) ~[?:?]
	at org.testng.internal.MethodInvocationHelper.invokeMethod(MethodInvocationHelper.java:124) ~[testng-6.14.3.jar:?]
	at org.testng.internal.Invoker.invokeMethod(Invoker.java:583) ~[testng-6.14.3.jar:?]
	at org.testng.internal.Invoker.invokeTestMethod(Invoker.java:719) ~[testng-6.14.3.jar:?]
	at org.testng.internal.Invoker.invokeTestMethods(Invoker.java:989) ~[testng-6.14.3.jar:?]
	at org.testng.internal.TestMethodWorker.invokeTestMethods(TestMethodWorker.java:125) ~[testng-6.14.3.jar:?]
	at org.testng.internal.TestMethodWorker.run(TestMethodWorker.java:109) ~[testng-6.14.3.jar:?]
	at org.testng.TestRunner.privateRun(TestRunner.java:648) ~[testng-6.14.3.jar:?]
	at org.testng.TestRunner.run(TestRunner.java:505) ~[testng-6.14.3.jar:?]
	at org.testng.SuiteRunner.runTest(SuiteRunner.java:455) ~[testng-6.14.3.jar:?]
	at org.testng.SuiteRunner.runSequentially(SuiteRunner.java:450) ~[testng-6.14.3.jar:?]
	at org.testng.SuiteRunner.privateRun(SuiteRunner.java:415) ~[testng-6.14.3.jar:?]
	at org.testng.SuiteRunner.run(SuiteRunner.java:364) ~[testng-6.14.3.jar:?]
	at org.testng.SuiteRunnerWorker.runSuite(SuiteRunnerWorker.java:52) ~[testng-6.14.3.jar:?]
	at org.testng.SuiteRunnerWorker.run(SuiteRunnerWorker.java:84) ~[testng-6.14.3.jar:?]
	at org.testng.TestNG.runSuitesSequentially(TestNG.java:1208) ~[testng-6.14.3.jar:?]
	at org.testng.TestNG.runSuitesLocally(TestNG.java:1137) ~[testng-6.14.3.jar:?]
	at org.testng.TestNG.runSuites(TestNG.java:1049) ~[testng-6.14.3.jar:?]
	at org.testng.TestNG.run(TestNG.java:1017) ~[testng-6.14.3.jar:?]
	at org.apache.maven.surefire.testng.TestNGExecutor.run(TestNGExecutor.java:308) ~[surefire-testng-3.3.0.jar:3.3.0]
	at org.apache.maven.surefire.testng.TestNGXmlTestSuite.execute(TestNGXmlTestSuite.java:71) ~[surefire-testng-3.3.0.jar:3.3.0]
	at org.apache.maven.surefire.testng.TestNGProvider.invoke(TestNGProvider.java:113) ~[surefire-testng-3.3.0.jar:3.3.0]
	at org.apache.maven.surefire.booter.ForkedBooter.runSuitesInProcess(ForkedBooter.java:385) ~[surefire-booter-3.3.0.jar:3.3.0]
	at org.apache.maven.surefire.booter.ForkedBooter.execute(ForkedBooter.java:162) ~[surefire-booter-3.3.0.jar:3.3.0]
	at org.apache.maven.surefire.booter.ForkedBooter.run(ForkedBooter.java:507) ~[surefire-booter-3.3.0.jar:3.3.0]
	at org.apache.maven.surefire.booter.ForkedBooter.main(ForkedBooter.java:495) ~[surefire-booter-3.3.0.jar:3.3.0]
17:05:52.245 [main] ERROR org.apache.poi.openxml4j.opc.PackageRelationshipCollection - Cannot convert mailto:ALPA@#$%^245234534 in a valid relationship URI-> dummy-URI used
java.net.URISyntaxException: Malformed escape pair at index 14: mailto:ALPA@#$%^245234534
	at java.net.URI$Parser.fail(URI.java:2995) ~[?:?]
	at java.net.URI$Parser.scanEscape(URI.java:3123) ~[?:?]
	at java.net.URI$Parser.scan(URI.java:3146) ~[?:?]
	at java.net.URI$Parser.checkChars(URI.java:3164) ~[?:?]
	at java.net.URI$Parser.parse(URI.java:3210) ~[?:?]
	at java.net.URI.<init>(URI.java:645) ~[?:?]
	at org.apache.poi.openxml4j.opc.PackagingURIHelper.toURI(PackagingURIHelper.java:723) ~[poi-ooxml-5.2.2.jar:5.2.2]
	at org.apache.poi.openxml4j.opc.PackageRelationshipCollection.parseRelationshipsPart(PackageRelationshipCollection.java:358) ~[poi-ooxml-5.2.2.jar:5.2.2]
	at org.apache.poi.openxml4j.opc.PackageRelationshipCollection.<init>(PackageRelationshipCollection.java:160) ~[poi-ooxml-5.2.2.jar:5.2.2]
	at org.apache.poi.openxml4j.opc.PackageRelationshipCollection.<init>(PackageRelationshipCollection.java:130) ~[poi-ooxml-5.2.2.jar:5.2.2]
	at org.apache.poi.openxml4j.opc.PackagePart.loadRelationships(PackagePart.java:565) ~[poi-ooxml-5.2.2.jar:5.2.2]
	at org.apache.poi.openxml4j.opc.OPCPackage.getParts(OPCPackage.java:745) ~[poi-ooxml-5.2.2.jar:5.2.2]
	at org.apache.poi.openxml4j.opc.OPCPackage.open(OPCPackage.java:315) ~[poi-ooxml-5.2.2.jar:5.2.2]
	at org.apache.poi.ooxml.util.PackageHelper.open(PackageHelper.java:59) ~[poi-ooxml-5.2.2.jar:5.2.2]
	at org.apache.poi.xssf.usermodel.XSSFWorkbook.<init>(XSSFWorkbook.java:289) ~[poi-ooxml-5.2.2.jar:5.2.2]
	at org.apache.poi.xssf.usermodel.XSSFWorkbook.<init>(XSSFWorkbook.java:285) ~[poi-ooxml-5.2.2.jar:5.2.2]
	at com.MOFutility.API_Excelutilities.readServiceIdFromExcel(API_Excelutilities.java:20) ~[test-classes/:?]
	at com.MOF.constants.API_URL.<clinit>(API_URL.java:180) ~[test-classes/:?]
	at com.MOFapi.MOFapi.Fetchvalid_SingleService_ValidServiceid(MOFapi.java:4891) ~[test-classes/:?]
	at jdk.internal.reflect.DirectMethodHandleAccessor.invoke(DirectMethodHandleAccessor.java:103) ~[?:?]
	at java.lang.reflect.Method.invoke(Method.java:580) ~[?:?]
	at org.testng.internal.MethodInvocationHelper.invokeMethod(MethodInvocationHelper.java:124) ~[testng-6.14.3.jar:?]
	at org.testng.internal.Invoker.invokeMethod(Invoker.java:583) ~[testng-6.14.3.jar:?]
	at org.testng.internal.Invoker.invokeTestMethod(Invoker.java:719) ~[testng-6.14.3.jar:?]
	at org.testng.internal.Invoker.invokeTestMethods(Invoker.java:989) ~[testng-6.14.3.jar:?]
	at org.testng.internal.TestMethodWorker.invokeTestMethods(TestMethodWorker.java:125) ~[testng-6.14.3.jar:?]
	at org.testng.internal.TestMethodWorker.run(TestMethodWorker.java:109) ~[testng-6.14.3.jar:?]
	at org.testng.TestRunner.privateRun(TestRunner.java:648) ~[testng-6.14.3.jar:?]
	at org.testng.TestRunner.run(TestRunner.java:505) ~[testng-6.14.3.jar:?]
	at org.testng.SuiteRunner.runTest(SuiteRunner.java:455) ~[testng-6.14.3.jar:?]
	at org.testng.SuiteRunner.runSequentially(SuiteRunner.java:450) ~[testng-6.14.3.jar:?]
	at org.testng.SuiteRunner.privateRun(SuiteRunner.java:415) ~[testng-6.14.3.jar:?]
	at org.testng.SuiteRunner.run(SuiteRunner.java:364) ~[testng-6.14.3.jar:?]
	at org.testng.SuiteRunnerWorker.runSuite(SuiteRunnerWorker.java:52) ~[testng-6.14.3.jar:?]
	at org.testng.SuiteRunnerWorker.run(SuiteRunnerWorker.java:84) ~[testng-6.14.3.jar:?]
	at org.testng.TestNG.runSuitesSequentially(TestNG.java:1208) ~[testng-6.14.3.jar:?]
	at org.testng.TestNG.runSuitesLocally(TestNG.java:1137) ~[testng-6.14.3.jar:?]
	at org.testng.TestNG.runSuites(TestNG.java:1049) ~[testng-6.14.3.jar:?]
	at org.testng.TestNG.run(TestNG.java:1017) ~[testng-6.14.3.jar:?]
	at org.apache.maven.surefire.testng.TestNGExecutor.run(TestNGExecutor.java:308) ~[surefire-testng-3.3.0.jar:3.3.0]
	at org.apache.maven.surefire.testng.TestNGXmlTestSuite.execute(TestNGXmlTestSuite.java:71) ~[surefire-testng-3.3.0.jar:3.3.0]
	at org.apache.maven.surefire.testng.TestNGProvider.invoke(TestNGProvider.java:113) ~[surefire-testng-3.3.0.jar:3.3.0]
	at org.apache.maven.surefire.booter.ForkedBooter.runSuitesInProcess(ForkedBooter.java:385) ~[surefire-booter-3.3.0.jar:3.3.0]
	at org.apache.maven.surefire.booter.ForkedBooter.execute(ForkedBooter.java:162) ~[surefire-booter-3.3.0.jar:3.3.0]
	at org.apache.maven.surefire.booter.ForkedBooter.run(ForkedBooter.java:507) ~[surefire-booter-3.3.0.jar:3.3.0]
	at org.apache.maven.surefire.booter.ForkedBooter.main(ForkedBooter.java:495) ~[surefire-booter-3.3.0.jar:3.3.0]
17:05:52.246 [main] ERROR org.apache.poi.openxml4j.opc.PackageRelationshipCollection - Cannot convert mailto:ALPHAAAAAA@@@@@!@##$$$%12344 in a valid relationship URI-> dummy-URI used
java.net.URISyntaxException: Illegal character in fragment at index 25: mailto:ALPHAAAAAA@@@@@!@##$$$%12344
	at java.net.URI$Parser.fail(URI.java:2995) ~[?:?]
	at java.net.URI$Parser.checkChars(URI.java:3166) ~[?:?]
	at java.net.URI$Parser.parse(URI.java:3210) ~[?:?]
	at java.net.URI.<init>(URI.java:645) ~[?:?]
	at org.apache.poi.openxml4j.opc.PackagingURIHelper.toURI(PackagingURIHelper.java:723) ~[poi-ooxml-5.2.2.jar:5.2.2]
	at org.apache.poi.openxml4j.opc.PackageRelationshipCollection.parseRelationshipsPart(PackageRelationshipCollection.java:358) ~[poi-ooxml-5.2.2.jar:5.2.2]
	at org.apache.poi.openxml4j.opc.PackageRelationshipCollection.<init>(PackageRelationshipCollection.java:160) ~[poi-ooxml-5.2.2.jar:5.2.2]
	at org.apache.poi.openxml4j.opc.PackageRelationshipCollection.<init>(PackageRelationshipCollection.java:130) ~[poi-ooxml-5.2.2.jar:5.2.2]
	at org.apache.poi.openxml4j.opc.PackagePart.loadRelationships(PackagePart.java:565) ~[poi-ooxml-5.2.2.jar:5.2.2]
	at org.apache.poi.openxml4j.opc.OPCPackage.getParts(OPCPackage.java:745) ~[poi-ooxml-5.2.2.jar:5.2.2]
	at org.apache.poi.openxml4j.opc.OPCPackage.open(OPCPackage.java:315) ~[poi-ooxml-5.2.2.jar:5.2.2]
	at org.apache.poi.ooxml.util.PackageHelper.open(PackageHelper.java:59) ~[poi-ooxml-5.2.2.jar:5.2.2]
	at org.apache.poi.xssf.usermodel.XSSFWorkbook.<init>(XSSFWorkbook.java:289) ~[poi-ooxml-5.2.2.jar:5.2.2]
	at org.apache.poi.xssf.usermodel.XSSFWorkbook.<init>(XSSFWorkbook.java:285) ~[poi-ooxml-5.2.2.jar:5.2.2]
	at com.MOFutility.API_Excelutilities.readServiceIdFromExcel(API_Excelutilities.java:20) ~[test-classes/:?]
	at com.MOF.constants.API_URL.<clinit>(API_URL.java:180) ~[test-classes/:?]
	at com.MOFapi.MOFapi.Fetchvalid_SingleService_ValidServiceid(MOFapi.java:4891) ~[test-classes/:?]
	at jdk.internal.reflect.DirectMethodHandleAccessor.invoke(DirectMethodHandleAccessor.java:103) ~[?:?]
	at java.lang.reflect.Method.invoke(Method.java:580) ~[?:?]
	at org.testng.internal.MethodInvocationHelper.invokeMethod(MethodInvocationHelper.java:124) ~[testng-6.14.3.jar:?]
	at org.testng.internal.Invoker.invokeMethod(Invoker.java:583) ~[testng-6.14.3.jar:?]
	at org.testng.internal.Invoker.invokeTestMethod(Invoker.java:719) ~[testng-6.14.3.jar:?]
	at org.testng.internal.Invoker.invokeTestMethods(Invoker.java:989) ~[testng-6.14.3.jar:?]
	at org.testng.internal.TestMethodWorker.invokeTestMethods(TestMethodWorker.java:125) ~[testng-6.14.3.jar:?]
	at org.testng.internal.TestMethodWorker.run(TestMethodWorker.java:109) ~[testng-6.14.3.jar:?]
	at org.testng.TestRunner.privateRun(TestRunner.java:648) ~[testng-6.14.3.jar:?]
	at org.testng.TestRunner.run(TestRunner.java:505) ~[testng-6.14.3.jar:?]
	at org.testng.SuiteRunner.runTest(SuiteRunner.java:455) ~[testng-6.14.3.jar:?]
	at org.testng.SuiteRunner.runSequentially(SuiteRunner.java:450) ~[testng-6.14.3.jar:?]
	at org.testng.SuiteRunner.privateRun(SuiteRunner.java:415) ~[testng-6.14.3.jar:?]
	at org.testng.SuiteRunner.run(SuiteRunner.java:364) ~[testng-6.14.3.jar:?]
	at org.testng.SuiteRunnerWorker.runSuite(SuiteRunnerWorker.java:52) ~[testng-6.14.3.jar:?]
	at org.testng.SuiteRunnerWorker.run(SuiteRunnerWorker.java:84) ~[testng-6.14.3.jar:?]
	at org.testng.TestNG.runSuitesSequentially(TestNG.java:1208) ~[testng-6.14.3.jar:?]
	at org.testng.TestNG.runSuitesLocally(TestNG.java:1137) ~[testng-6.14.3.jar:?]
	at org.testng.TestNG.runSuites(TestNG.java:1049) ~[testng-6.14.3.jar:?]
	at org.testng.TestNG.run(TestNG.java:1017) ~[testng-6.14.3.jar:?]
	at org.apache.maven.surefire.testng.TestNGExecutor.run(TestNGExecutor.java:308) ~[surefire-testng-3.3.0.jar:3.3.0]
	at org.apache.maven.surefire.testng.TestNGXmlTestSuite.execute(TestNGXmlTestSuite.java:71) ~[surefire-testng-3.3.0.jar:3.3.0]
	at org.apache.maven.surefire.testng.TestNGProvider.invoke(TestNGProvider.java:113) ~[surefire-testng-3.3.0.jar:3.3.0]
	at org.apache.maven.surefire.booter.ForkedBooter.runSuitesInProcess(ForkedBooter.java:385) ~[surefire-booter-3.3.0.jar:3.3.0]
	at org.apache.maven.surefire.booter.ForkedBooter.execute(ForkedBooter.java:162) ~[surefire-booter-3.3.0.jar:3.3.0]
	at org.apache.maven.surefire.booter.ForkedBooter.run(ForkedBooter.java:507) ~[surefire-booter-3.3.0.jar:3.3.0]
	at org.apache.maven.surefire.booter.ForkedBooter.main(ForkedBooter.java:495) ~[surefire-booter-3.3.0.jar:3.3.0]
17:05:52.247 [main] ERROR org.apache.poi.openxml4j.opc.PackageRelationshipCollection - Cannot convert mailto:2343456378912@#&^*gvadhfbjnf in a valid relationship URI-> dummy-URI used
java.net.URISyntaxException: Illegal character in fragment at index 23: mailto:2343456378912@#&^*gvadhfbjnf
	at java.net.URI$Parser.fail(URI.java:2995) ~[?:?]
	at java.net.URI$Parser.checkChars(URI.java:3166) ~[?:?]
	at java.net.URI$Parser.parse(URI.java:3210) ~[?:?]
	at java.net.URI.<init>(URI.java:645) ~[?:?]
	at org.apache.poi.openxml4j.opc.PackagingURIHelper.toURI(PackagingURIHelper.java:723) ~[poi-ooxml-5.2.2.jar:5.2.2]
	at org.apache.poi.openxml4j.opc.PackageRelationshipCollection.parseRelationshipsPart(PackageRelationshipCollection.java:358) ~[poi-ooxml-5.2.2.jar:5.2.2]
	at org.apache.poi.openxml4j.opc.PackageRelationshipCollection.<init>(PackageRelationshipCollection.java:160) ~[poi-ooxml-5.2.2.jar:5.2.2]
	at org.apache.poi.openxml4j.opc.PackageRelationshipCollection.<init>(PackageRelationshipCollection.java:130) ~[poi-ooxml-5.2.2.jar:5.2.2]
	at org.apache.poi.openxml4j.opc.PackagePart.loadRelationships(PackagePart.java:565) ~[poi-ooxml-5.2.2.jar:5.2.2]
	at org.apache.poi.openxml4j.opc.OPCPackage.getParts(OPCPackage.java:745) ~[poi-ooxml-5.2.2.jar:5.2.2]
	at org.apache.poi.openxml4j.opc.OPCPackage.open(OPCPackage.java:315) ~[poi-ooxml-5.2.2.jar:5.2.2]
	at org.apache.poi.ooxml.util.PackageHelper.open(PackageHelper.java:59) ~[poi-ooxml-5.2.2.jar:5.2.2]
	at org.apache.poi.xssf.usermodel.XSSFWorkbook.<init>(XSSFWorkbook.java:289) ~[poi-ooxml-5.2.2.jar:5.2.2]
	at org.apache.poi.xssf.usermodel.XSSFWorkbook.<init>(XSSFWorkbook.java:285) ~[poi-ooxml-5.2.2.jar:5.2.2]
	at com.MOFutility.API_Excelutilities.readServiceIdFromExcel(API_Excelutilities.java:20) ~[test-classes/:?]
	at com.MOF.constants.API_URL.<clinit>(API_URL.java:180) ~[test-classes/:?]
	at com.MOFapi.MOFapi.Fetchvalid_SingleService_ValidServiceid(MOFapi.java:4891) ~[test-classes/:?]
	at jdk.internal.reflect.DirectMethodHandleAccessor.invoke(DirectMethodHandleAccessor.java:103) ~[?:?]
	at java.lang.reflect.Method.invoke(Method.java:580) ~[?:?]
	at org.testng.internal.MethodInvocationHelper.invokeMethod(MethodInvocationHelper.java:124) ~[testng-6.14.3.jar:?]
	at org.testng.internal.Invoker.invokeMethod(Invoker.java:583) ~[testng-6.14.3.jar:?]
	at org.testng.internal.Invoker.invokeTestMethod(Invoker.java:719) ~[testng-6.14.3.jar:?]
	at org.testng.internal.Invoker.invokeTestMethods(Invoker.java:989) ~[testng-6.14.3.jar:?]
	at org.testng.internal.TestMethodWorker.invokeTestMethods(TestMethodWorker.java:125) ~[testng-6.14.3.jar:?]
	at org.testng.internal.TestMethodWorker.run(TestMethodWorker.java:109) ~[testng-6.14.3.jar:?]
	at org.testng.TestRunner.privateRun(TestRunner.java:648) ~[testng-6.14.3.jar:?]
	at org.testng.TestRunner.run(TestRunner.java:505) ~[testng-6.14.3.jar:?]
	at org.testng.SuiteRunner.runTest(SuiteRunner.java:455) ~[testng-6.14.3.jar:?]
	at org.testng.SuiteRunner.runSequentially(SuiteRunner.java:450) ~[testng-6.14.3.jar:?]
	at org.testng.SuiteRunner.privateRun(SuiteRunner.java:415) ~[testng-6.14.3.jar:?]
	at org.testng.SuiteRunner.run(SuiteRunner.java:364) ~[testng-6.14.3.jar:?]
	at org.testng.SuiteRunnerWorker.runSuite(SuiteRunnerWorker.java:52) ~[testng-6.14.3.jar:?]
	at org.testng.SuiteRunnerWorker.run(SuiteRunnerWorker.java:84) ~[testng-6.14.3.jar:?]
	at org.testng.TestNG.runSuitesSequentially(TestNG.java:1208) ~[testng-6.14.3.jar:?]
	at org.testng.TestNG.runSuitesLocally(TestNG.java:1137) ~[testng-6.14.3.jar:?]
	at org.testng.TestNG.runSuites(TestNG.java:1049) ~[testng-6.14.3.jar:?]
	at org.testng.TestNG.run(TestNG.java:1017) ~[testng-6.14.3.jar:?]
	at org.apache.maven.surefire.testng.TestNGExecutor.run(TestNGExecutor.java:308) ~[surefire-testng-3.3.0.jar:3.3.0]
	at org.apache.maven.surefire.testng.TestNGXmlTestSuite.execute(TestNGXmlTestSuite.java:71) ~[surefire-testng-3.3.0.jar:3.3.0]
	at org.apache.maven.surefire.testng.TestNGProvider.invoke(TestNGProvider.java:113) ~[surefire-testng-3.3.0.jar:3.3.0]
	at org.apache.maven.surefire.booter.ForkedBooter.runSuitesInProcess(ForkedBooter.java:385) ~[surefire-booter-3.3.0.jar:3.3.0]
	at org.apache.maven.surefire.booter.ForkedBooter.execute(ForkedBooter.java:162) ~[surefire-booter-3.3.0.jar:3.3.0]
	at org.apache.maven.surefire.booter.ForkedBooter.run(ForkedBooter.java:507) ~[surefire-booter-3.3.0.jar:3.3.0]
	at org.apache.maven.surefire.booter.ForkedBooter.main(ForkedBooter.java:495) ~[surefire-booter-3.3.0.jar:3.3.0]
17:05:52.302 [main] ERROR org.apache.poi.openxml4j.opc.PackageRelationshipCollection - Cannot convert mailto:ALPA@#$%^245234534 in a valid relationship URI-> dummy-URI used
java.net.URISyntaxException: Malformed escape pair at index 14: mailto:ALPA@#$%^245234534
	at java.net.URI$Parser.fail(URI.java:2995) ~[?:?]
	at java.net.URI$Parser.scanEscape(URI.java:3123) ~[?:?]
	at java.net.URI$Parser.scan(URI.java:3146) ~[?:?]
	at java.net.URI$Parser.checkChars(URI.java:3164) ~[?:?]
	at java.net.URI$Parser.parse(URI.java:3210) ~[?:?]
	at java.net.URI.<init>(URI.java:645) ~[?:?]
	at org.apache.poi.openxml4j.opc.PackagingURIHelper.toURI(PackagingURIHelper.java:723) ~[poi-ooxml-5.2.2.jar:5.2.2]
	at org.apache.poi.openxml4j.opc.PackageRelationshipCollection.parseRelationshipsPart(PackageRelationshipCollection.java:358) ~[poi-ooxml-5.2.2.jar:5.2.2]
	at org.apache.poi.openxml4j.opc.PackageRelationshipCollection.<init>(PackageRelationshipCollection.java:160) ~[poi-ooxml-5.2.2.jar:5.2.2]
	at org.apache.poi.openxml4j.opc.PackageRelationshipCollection.<init>(PackageRelationshipCollection.java:130) ~[poi-ooxml-5.2.2.jar:5.2.2]
	at org.apache.poi.openxml4j.opc.PackagePart.loadRelationships(PackagePart.java:565) ~[poi-ooxml-5.2.2.jar:5.2.2]
	at org.apache.poi.openxml4j.opc.OPCPackage.getParts(OPCPackage.java:745) ~[poi-ooxml-5.2.2.jar:5.2.2]
	at org.apache.poi.openxml4j.opc.OPCPackage.open(OPCPackage.java:315) ~[poi-ooxml-5.2.2.jar:5.2.2]
	at org.apache.poi.ooxml.util.PackageHelper.open(PackageHelper.java:59) ~[poi-ooxml-5.2.2.jar:5.2.2]
	at org.apache.poi.xssf.usermodel.XSSFWorkbook.<init>(XSSFWorkbook.java:289) ~[poi-ooxml-5.2.2.jar:5.2.2]
	at org.apache.poi.xssf.usermodel.XSSFWorkbook.<init>(XSSFWorkbook.java:285) ~[poi-ooxml-5.2.2.jar:5.2.2]
	at com.MOFutility.API_Excelutilities.readServiceIdFromExcel(API_Excelutilities.java:20) ~[test-classes/:?]
	at com.MOF.constants.API_URL.<clinit>(API_URL.java:182) ~[test-classes/:?]
	at com.MOFapi.MOFapi.Fetchvalid_SingleService_ValidServiceid(MOFapi.java:4891) ~[test-classes/:?]
	at jdk.internal.reflect.DirectMethodHandleAccessor.invoke(DirectMethodHandleAccessor.java:103) ~[?:?]
	at java.lang.reflect.Method.invoke(Method.java:580) ~[?:?]
	at org.testng.internal.MethodInvocationHelper.invokeMethod(MethodInvocationHelper.java:124) ~[testng-6.14.3.jar:?]
	at org.testng.internal.Invoker.invokeMethod(Invoker.java:583) ~[testng-6.14.3.jar:?]
	at org.testng.internal.Invoker.invokeTestMethod(Invoker.java:719) ~[testng-6.14.3.jar:?]
	at org.testng.internal.Invoker.invokeTestMethods(Invoker.java:989) ~[testng-6.14.3.jar:?]
	at org.testng.internal.TestMethodWorker.invokeTestMethods(TestMethodWorker.java:125) ~[testng-6.14.3.jar:?]
	at org.testng.internal.TestMethodWorker.run(TestMethodWorker.java:109) ~[testng-6.14.3.jar:?]
	at org.testng.TestRunner.privateRun(TestRunner.java:648) ~[testng-6.14.3.jar:?]
	at org.testng.TestRunner.run(TestRunner.java:505) ~[testng-6.14.3.jar:?]
	at org.testng.SuiteRunner.runTest(SuiteRunner.java:455) ~[testng-6.14.3.jar:?]
	at org.testng.SuiteRunner.runSequentially(SuiteRunner.java:450) ~[testng-6.14.3.jar:?]
	at org.testng.SuiteRunner.privateRun(SuiteRunner.java:415) ~[testng-6.14.3.jar:?]
	at org.testng.SuiteRunner.run(SuiteRunner.java:364) ~[testng-6.14.3.jar:?]
	at org.testng.SuiteRunnerWorker.runSuite(SuiteRunnerWorker.java:52) ~[testng-6.14.3.jar:?]
	at org.testng.SuiteRunnerWorker.run(SuiteRunnerWorker.java:84) ~[testng-6.14.3.jar:?]
	at org.testng.TestNG.runSuitesSequentially(TestNG.java:1208) ~[testng-6.14.3.jar:?]
	at org.testng.TestNG.runSuitesLocally(TestNG.java:1137) ~[testng-6.14.3.jar:?]
	at org.testng.TestNG.runSuites(TestNG.java:1049) ~[testng-6.14.3.jar:?]
	at org.testng.TestNG.run(TestNG.java:1017) ~[testng-6.14.3.jar:?]
	at org.apache.maven.surefire.testng.TestNGExecutor.run(TestNGExecutor.java:308) ~[surefire-testng-3.3.0.jar:3.3.0]
	at org.apache.maven.surefire.testng.TestNGXmlTestSuite.execute(TestNGXmlTestSuite.java:71) ~[surefire-testng-3.3.0.jar:3.3.0]
	at org.apache.maven.surefire.testng.TestNGProvider.invoke(TestNGProvider.java:113) ~[surefire-testng-3.3.0.jar:3.3.0]
	at org.apache.maven.surefire.booter.ForkedBooter.runSuitesInProcess(ForkedBooter.java:385) ~[surefire-booter-3.3.0.jar:3.3.0]
	at org.apache.maven.surefire.booter.ForkedBooter.execute(ForkedBooter.java:162) ~[surefire-booter-3.3.0.jar:3.3.0]
	at org.apache.maven.surefire.booter.ForkedBooter.run(ForkedBooter.java:507) ~[surefire-booter-3.3.0.jar:3.3.0]
	at org.apache.maven.surefire.booter.ForkedBooter.main(ForkedBooter.java:495) ~[surefire-booter-3.3.0.jar:3.3.0]
17:05:52.303 [main] ERROR org.apache.poi.openxml4j.opc.PackageRelationshipCollection - Cannot convert mailto:ALPHAAAAAA@@@@@!@##$$$%12344 in a valid relationship URI-> dummy-URI used
java.net.URISyntaxException: Illegal character in fragment at index 25: mailto:ALPHAAAAAA@@@@@!@##$$$%12344
	at java.net.URI$Parser.fail(URI.java:2995) ~[?:?]
	at java.net.URI$Parser.checkChars(URI.java:3166) ~[?:?]
	at java.net.URI$Parser.parse(URI.java:3210) ~[?:?]
	at java.net.URI.<init>(URI.java:645) ~[?:?]
	at org.apache.poi.openxml4j.opc.PackagingURIHelper.toURI(PackagingURIHelper.java:723) ~[poi-ooxml-5.2.2.jar:5.2.2]
	at org.apache.poi.openxml4j.opc.PackageRelationshipCollection.parseRelationshipsPart(PackageRelationshipCollection.java:358) ~[poi-ooxml-5.2.2.jar:5.2.2]
	at org.apache.poi.openxml4j.opc.PackageRelationshipCollection.<init>(PackageRelationshipCollection.java:160) ~[poi-ooxml-5.2.2.jar:5.2.2]
	at org.apache.poi.openxml4j.opc.PackageRelationshipCollection.<init>(PackageRelationshipCollection.java:130) ~[poi-ooxml-5.2.2.jar:5.2.2]
	at org.apache.poi.openxml4j.opc.PackagePart.loadRelationships(PackagePart.java:565) ~[poi-ooxml-5.2.2.jar:5.2.2]
	at org.apache.poi.openxml4j.opc.OPCPackage.getParts(OPCPackage.java:745) ~[poi-ooxml-5.2.2.jar:5.2.2]
	at org.apache.poi.openxml4j.opc.OPCPackage.open(OPCPackage.java:315) ~[poi-ooxml-5.2.2.jar:5.2.2]
	at org.apache.poi.ooxml.util.PackageHelper.open(PackageHelper.java:59) ~[poi-ooxml-5.2.2.jar:5.2.2]
	at org.apache.poi.xssf.usermodel.XSSFWorkbook.<init>(XSSFWorkbook.java:289) ~[poi-ooxml-5.2.2.jar:5.2.2]
	at org.apache.poi.xssf.usermodel.XSSFWorkbook.<init>(XSSFWorkbook.java:285) ~[poi-ooxml-5.2.2.jar:5.2.2]
	at com.MOFutility.API_Excelutilities.readServiceIdFromExcel(API_Excelutilities.java:20) ~[test-classes/:?]
	at com.MOF.constants.API_URL.<clinit>(API_URL.java:182) ~[test-classes/:?]
	at com.MOFapi.MOFapi.Fetchvalid_SingleService_ValidServiceid(MOFapi.java:4891) ~[test-classes/:?]
	at jdk.internal.reflect.DirectMethodHandleAccessor.invoke(DirectMethodHandleAccessor.java:103) ~[?:?]
	at java.lang.reflect.Method.invoke(Method.java:580) ~[?:?]
	at org.testng.internal.MethodInvocationHelper.invokeMethod(MethodInvocationHelper.java:124) ~[testng-6.14.3.jar:?]
	at org.testng.internal.Invoker.invokeMethod(Invoker.java:583) ~[testng-6.14.3.jar:?]
	at org.testng.internal.Invoker.invokeTestMethod(Invoker.java:719) ~[testng-6.14.3.jar:?]
	at org.testng.internal.Invoker.invokeTestMethods(Invoker.java:989) ~[testng-6.14.3.jar:?]
	at org.testng.internal.TestMethodWorker.invokeTestMethods(TestMethodWorker.java:125) ~[testng-6.14.3.jar:?]
	at org.testng.internal.TestMethodWorker.run(TestMethodWorker.java:109) ~[testng-6.14.3.jar:?]
	at org.testng.TestRunner.privateRun(TestRunner.java:648) ~[testng-6.14.3.jar:?]
	at org.testng.TestRunner.run(TestRunner.java:505) ~[testng-6.14.3.jar:?]
	at org.testng.SuiteRunner.runTest(SuiteRunner.java:455) ~[testng-6.14.3.jar:?]
	at org.testng.SuiteRunner.runSequentially(SuiteRunner.java:450) ~[testng-6.14.3.jar:?]
	at org.testng.SuiteRunner.privateRun(SuiteRunner.java:415) ~[testng-6.14.3.jar:?]
	at org.testng.SuiteRunner.run(SuiteRunner.java:364) ~[testng-6.14.3.jar:?]
	at org.testng.SuiteRunnerWorker.runSuite(SuiteRunnerWorker.java:52) ~[testng-6.14.3.jar:?]
	at org.testng.SuiteRunnerWorker.run(SuiteRunnerWorker.java:84) ~[testng-6.14.3.jar:?]
	at org.testng.TestNG.runSuitesSequentially(TestNG.java:1208) ~[testng-6.14.3.jar:?]
	at org.testng.TestNG.runSuitesLocally(TestNG.java:1137) ~[testng-6.14.3.jar:?]
	at org.testng.TestNG.runSuites(TestNG.java:1049) ~[testng-6.14.3.jar:?]
	at org.testng.TestNG.run(TestNG.java:1017) ~[testng-6.14.3.jar:?]
	at org.apache.maven.surefire.testng.TestNGExecutor.run(TestNGExecutor.java:308) ~[surefire-testng-3.3.0.jar:3.3.0]
	at org.apache.maven.surefire.testng.TestNGXmlTestSuite.execute(TestNGXmlTestSuite.java:71) ~[surefire-testng-3.3.0.jar:3.3.0]
	at org.apache.maven.surefire.testng.TestNGProvider.invoke(TestNGProvider.java:113) ~[surefire-testng-3.3.0.jar:3.3.0]
	at org.apache.maven.surefire.booter.ForkedBooter.runSuitesInProcess(ForkedBooter.java:385) ~[surefire-booter-3.3.0.jar:3.3.0]
	at org.apache.maven.surefire.booter.ForkedBooter.execute(ForkedBooter.java:162) ~[surefire-booter-3.3.0.jar:3.3.0]
	at org.apache.maven.surefire.booter.ForkedBooter.run(ForkedBooter.java:507) ~[surefire-booter-3.3.0.jar:3.3.0]
	at org.apache.maven.surefire.booter.ForkedBooter.main(ForkedBooter.java:495) ~[surefire-booter-3.3.0.jar:3.3.0]
17:05:52.304 [main] ERROR org.apache.poi.openxml4j.opc.PackageRelationshipCollection - Cannot convert mailto:2343456378912@#&^*gvadhfbjnf in a valid relationship URI-> dummy-URI used
java.net.URISyntaxException: Illegal character in fragment at index 23: mailto:2343456378912@#&^*gvadhfbjnf
	at java.net.URI$Parser.fail(URI.java:2995) ~[?:?]
	at java.net.URI$Parser.checkChars(URI.java:3166) ~[?:?]
	at java.net.URI$Parser.parse(URI.java:3210) ~[?:?]
	at java.net.URI.<init>(URI.java:645) ~[?:?]
	at org.apache.poi.openxml4j.opc.PackagingURIHelper.toURI(PackagingURIHelper.java:723) ~[poi-ooxml-5.2.2.jar:5.2.2]
	at org.apache.poi.openxml4j.opc.PackageRelationshipCollection.parseRelationshipsPart(PackageRelationshipCollection.java:358) ~[poi-ooxml-5.2.2.jar:5.2.2]
	at org.apache.poi.openxml4j.opc.PackageRelationshipCollection.<init>(PackageRelationshipCollection.java:160) ~[poi-ooxml-5.2.2.jar:5.2.2]
	at org.apache.poi.openxml4j.opc.PackageRelationshipCollection.<init>(PackageRelationshipCollection.java:130) ~[poi-ooxml-5.2.2.jar:5.2.2]
	at org.apache.poi.openxml4j.opc.PackagePart.loadRelationships(PackagePart.java:565) ~[poi-ooxml-5.2.2.jar:5.2.2]
	at org.apache.poi.openxml4j.opc.OPCPackage.getParts(OPCPackage.java:745) ~[poi-ooxml-5.2.2.jar:5.2.2]
	at org.apache.poi.openxml4j.opc.OPCPackage.open(OPCPackage.java:315) ~[poi-ooxml-5.2.2.jar:5.2.2]
	at org.apache.poi.ooxml.util.PackageHelper.open(PackageHelper.java:59) ~[poi-ooxml-5.2.2.jar:5.2.2]
	at org.apache.poi.xssf.usermodel.XSSFWorkbook.<init>(XSSFWorkbook.java:289) ~[poi-ooxml-5.2.2.jar:5.2.2]
	at org.apache.poi.xssf.usermodel.XSSFWorkbook.<init>(XSSFWorkbook.java:285) ~[poi-ooxml-5.2.2.jar:5.2.2]
	at com.MOFutility.API_Excelutilities.readServiceIdFromExcel(API_Excelutilities.java:20) ~[test-classes/:?]
	at com.MOF.constants.API_URL.<clinit>(API_URL.java:182) ~[test-classes/:?]
	at com.MOFapi.MOFapi.Fetchvalid_SingleService_ValidServiceid(MOFapi.java:4891) ~[test-classes/:?]
	at jdk.internal.reflect.DirectMethodHandleAccessor.invoke(DirectMethodHandleAccessor.java:103) ~[?:?]
	at java.lang.reflect.Method.invoke(Method.java:580) ~[?:?]
	at org.testng.internal.MethodInvocationHelper.invokeMethod(MethodInvocationHelper.java:124) ~[testng-6.14.3.jar:?]
	at org.testng.internal.Invoker.invokeMethod(Invoker.java:583) ~[testng-6.14.3.jar:?]
	at org.testng.internal.Invoker.invokeTestMethod(Invoker.java:719) ~[testng-6.14.3.jar:?]
	at org.testng.internal.Invoker.invokeTestMethods(Invoker.java:989) ~[testng-6.14.3.jar:?]
	at org.testng.internal.TestMethodWorker.invokeTestMethods(TestMethodWorker.java:125) ~[testng-6.14.3.jar:?]
	at org.testng.internal.TestMethodWorker.run(TestMethodWorker.java:109) ~[testng-6.14.3.jar:?]
	at org.testng.TestRunner.privateRun(TestRunner.java:648) ~[testng-6.14.3.jar:?]
	at org.testng.TestRunner.run(TestRunner.java:505) ~[testng-6.14.3.jar:?]
	at org.testng.SuiteRunner.runTest(SuiteRunner.java:455) ~[testng-6.14.3.jar:?]
	at org.testng.SuiteRunner.runSequentially(SuiteRunner.java:450) ~[testng-6.14.3.jar:?]
	at org.testng.SuiteRunner.privateRun(SuiteRunner.java:415) ~[testng-6.14.3.jar:?]
	at org.testng.SuiteRunner.run(SuiteRunner.java:364) ~[testng-6.14.3.jar:?]
	at org.testng.SuiteRunnerWorker.runSuite(SuiteRunnerWorker.java:52) ~[testng-6.14.3.jar:?]
	at org.testng.SuiteRunnerWorker.run(SuiteRunnerWorker.java:84) ~[testng-6.14.3.jar:?]
	at org.testng.TestNG.runSuitesSequentially(TestNG.java:1208) ~[testng-6.14.3.jar:?]
	at org.testng.TestNG.runSuitesLocally(TestNG.java:1137) ~[testng-6.14.3.jar:?]
	at org.testng.TestNG.runSuites(TestNG.java:1049) ~[testng-6.14.3.jar:?]
	at org.testng.TestNG.run(TestNG.java:1017) ~[testng-6.14.3.jar:?]
	at org.apache.maven.surefire.testng.TestNGExecutor.run(TestNGExecutor.java:308) ~[surefire-testng-3.3.0.jar:3.3.0]
	at org.apache.maven.surefire.testng.TestNGXmlTestSuite.execute(TestNGXmlTestSuite.java:71) ~[surefire-testng-3.3.0.jar:3.3.0]
	at org.apache.maven.surefire.testng.TestNGProvider.invoke(TestNGProvider.java:113) ~[surefire-testng-3.3.0.jar:3.3.0]
	at org.apache.maven.surefire.booter.ForkedBooter.runSuitesInProcess(ForkedBooter.java:385) ~[surefire-booter-3.3.0.jar:3.3.0]
	at org.apache.maven.surefire.booter.ForkedBooter.execute(ForkedBooter.java:162) ~[surefire-booter-3.3.0.jar:3.3.0]
	at org.apache.maven.surefire.booter.ForkedBooter.run(ForkedBooter.java:507) ~[surefire-booter-3.3.0.jar:3.3.0]
	at org.apache.maven.surefire.booter.ForkedBooter.main(ForkedBooter.java:495) ~[surefire-booter-3.3.0.jar:3.3.0]
17:05:52.345 [main] ERROR org.apache.poi.openxml4j.opc.PackageRelationshipCollection - Cannot convert mailto:ALPA@#$%^245234534 in a valid relationship URI-> dummy-URI used
java.net.URISyntaxException: Malformed escape pair at index 14: mailto:ALPA@#$%^245234534
	at java.net.URI$Parser.fail(URI.java:2995) ~[?:?]
	at java.net.URI$Parser.scanEscape(URI.java:3123) ~[?:?]
	at java.net.URI$Parser.scan(URI.java:3146) ~[?:?]
	at java.net.URI$Parser.checkChars(URI.java:3164) ~[?:?]
	at java.net.URI$Parser.parse(URI.java:3210) ~[?:?]
	at java.net.URI.<init>(URI.java:645) ~[?:?]
	at org.apache.poi.openxml4j.opc.PackagingURIHelper.toURI(PackagingURIHelper.java:723) ~[poi-ooxml-5.2.2.jar:5.2.2]
	at org.apache.poi.openxml4j.opc.PackageRelationshipCollection.parseRelationshipsPart(PackageRelationshipCollection.java:358) ~[poi-ooxml-5.2.2.jar:5.2.2]
	at org.apache.poi.openxml4j.opc.PackageRelationshipCollection.<init>(PackageRelationshipCollection.java:160) ~[poi-ooxml-5.2.2.jar:5.2.2]
	at org.apache.poi.openxml4j.opc.PackageRelationshipCollection.<init>(PackageRelationshipCollection.java:130) ~[poi-ooxml-5.2.2.jar:5.2.2]
	at org.apache.poi.openxml4j.opc.PackagePart.loadRelationships(PackagePart.java:565) ~[poi-ooxml-5.2.2.jar:5.2.2]
	at org.apache.poi.openxml4j.opc.OPCPackage.getParts(OPCPackage.java:745) ~[poi-ooxml-5.2.2.jar:5.2.2]
	at org.apache.poi.openxml4j.opc.OPCPackage.open(OPCPackage.java:315) ~[poi-ooxml-5.2.2.jar:5.2.2]
	at org.apache.poi.ooxml.util.PackageHelper.open(PackageHelper.java:59) ~[poi-ooxml-5.2.2.jar:5.2.2]
	at org.apache.poi.xssf.usermodel.XSSFWorkbook.<init>(XSSFWorkbook.java:289) ~[poi-ooxml-5.2.2.jar:5.2.2]
	at org.apache.poi.xssf.usermodel.XSSFWorkbook.<init>(XSSFWorkbook.java:285) ~[poi-ooxml-5.2.2.jar:5.2.2]
	at com.MOFutility.API_Excelutilities.readServiceIdFromExcel(API_Excelutilities.java:20) ~[test-classes/:?]
	at com.MOF.constants.API_URL.<clinit>(API_URL.java:183) ~[test-classes/:?]
	at com.MOFapi.MOFapi.Fetchvalid_SingleService_ValidServiceid(MOFapi.java:4891) ~[test-classes/:?]
	at jdk.internal.reflect.DirectMethodHandleAccessor.invoke(DirectMethodHandleAccessor.java:103) ~[?:?]
	at java.lang.reflect.Method.invoke(Method.java:580) ~[?:?]
	at org.testng.internal.MethodInvocationHelper.invokeMethod(MethodInvocationHelper.java:124) ~[testng-6.14.3.jar:?]
	at org.testng.internal.Invoker.invokeMethod(Invoker.java:583) ~[testng-6.14.3.jar:?]
	at org.testng.internal.Invoker.invokeTestMethod(Invoker.java:719) ~[testng-6.14.3.jar:?]
	at org.testng.internal.Invoker.invokeTestMethods(Invoker.java:989) ~[testng-6.14.3.jar:?]
	at org.testng.internal.TestMethodWorker.invokeTestMethods(TestMethodWorker.java:125) ~[testng-6.14.3.jar:?]
	at org.testng.internal.TestMethodWorker.run(TestMethodWorker.java:109) ~[testng-6.14.3.jar:?]
	at org.testng.TestRunner.privateRun(TestRunner.java:648) ~[testng-6.14.3.jar:?]
	at org.testng.TestRunner.run(TestRunner.java:505) ~[testng-6.14.3.jar:?]
	at org.testng.SuiteRunner.runTest(SuiteRunner.java:455) ~[testng-6.14.3.jar:?]
	at org.testng.SuiteRunner.runSequentially(SuiteRunner.java:450) ~[testng-6.14.3.jar:?]
	at org.testng.SuiteRunner.privateRun(SuiteRunner.java:415) ~[testng-6.14.3.jar:?]
	at org.testng.SuiteRunner.run(SuiteRunner.java:364) ~[testng-6.14.3.jar:?]
	at org.testng.SuiteRunnerWorker.runSuite(SuiteRunnerWorker.java:52) ~[testng-6.14.3.jar:?]
	at org.testng.SuiteRunnerWorker.run(SuiteRunnerWorker.java:84) ~[testng-6.14.3.jar:?]
	at org.testng.TestNG.runSuitesSequentially(TestNG.java:1208) ~[testng-6.14.3.jar:?]
	at org.testng.TestNG.runSuitesLocally(TestNG.java:1137) ~[testng-6.14.3.jar:?]
	at org.testng.TestNG.runSuites(TestNG.java:1049) ~[testng-6.14.3.jar:?]
	at org.testng.TestNG.run(TestNG.java:1017) ~[testng-6.14.3.jar:?]
	at org.apache.maven.surefire.testng.TestNGExecutor.run(TestNGExecutor.java:308) ~[surefire-testng-3.3.0.jar:3.3.0]
	at org.apache.maven.surefire.testng.TestNGXmlTestSuite.execute(TestNGXmlTestSuite.java:71) ~[surefire-testng-3.3.0.jar:3.3.0]
	at org.apache.maven.surefire.testng.TestNGProvider.invoke(TestNGProvider.java:113) ~[surefire-testng-3.3.0.jar:3.3.0]
	at org.apache.maven.surefire.booter.ForkedBooter.runSuitesInProcess(ForkedBooter.java:385) ~[surefire-booter-3.3.0.jar:3.3.0]
	at org.apache.maven.surefire.booter.ForkedBooter.execute(ForkedBooter.java:162) ~[surefire-booter-3.3.0.jar:3.3.0]
	at org.apache.maven.surefire.booter.ForkedBooter.run(ForkedBooter.java:507) ~[surefire-booter-3.3.0.jar:3.3.0]
	at org.apache.maven.surefire.booter.ForkedBooter.main(ForkedBooter.java:495) ~[surefire-booter-3.3.0.jar:3.3.0]
17:05:52.346 [main] ERROR org.apache.poi.openxml4j.opc.PackageRelationshipCollection - Cannot convert mailto:ALPHAAAAAA@@@@@!@##$$$%12344 in a valid relationship URI-> dummy-URI used
java.net.URISyntaxException: Illegal character in fragment at index 25: mailto:ALPHAAAAAA@@@@@!@##$$$%12344
	at java.net.URI$Parser.fail(URI.java:2995) ~[?:?]
	at java.net.URI$Parser.checkChars(URI.java:3166) ~[?:?]
	at java.net.URI$Parser.parse(URI.java:3210) ~[?:?]
	at java.net.URI.<init>(URI.java:645) ~[?:?]
	at org.apache.poi.openxml4j.opc.PackagingURIHelper.toURI(PackagingURIHelper.java:723) ~[poi-ooxml-5.2.2.jar:5.2.2]
	at org.apache.poi.openxml4j.opc.PackageRelationshipCollection.parseRelationshipsPart(PackageRelationshipCollection.java:358) ~[poi-ooxml-5.2.2.jar:5.2.2]
	at org.apache.poi.openxml4j.opc.PackageRelationshipCollection.<init>(PackageRelationshipCollection.java:160) ~[poi-ooxml-5.2.2.jar:5.2.2]
	at org.apache.poi.openxml4j.opc.PackageRelationshipCollection.<init>(PackageRelationshipCollection.java:130) ~[poi-ooxml-5.2.2.jar:5.2.2]
	at org.apache.poi.openxml4j.opc.PackagePart.loadRelationships(PackagePart.java:565) ~[poi-ooxml-5.2.2.jar:5.2.2]
	at org.apache.poi.openxml4j.opc.OPCPackage.getParts(OPCPackage.java:745) ~[poi-ooxml-5.2.2.jar:5.2.2]
	at org.apache.poi.openxml4j.opc.OPCPackage.open(OPCPackage.java:315) ~[poi-ooxml-5.2.2.jar:5.2.2]
	at org.apache.poi.ooxml.util.PackageHelper.open(PackageHelper.java:59) ~[poi-ooxml-5.2.2.jar:5.2.2]
	at org.apache.poi.xssf.usermodel.XSSFWorkbook.<init>(XSSFWorkbook.java:289) ~[poi-ooxml-5.2.2.jar:5.2.2]
	at org.apache.poi.xssf.usermodel.XSSFWorkbook.<init>(XSSFWorkbook.java:285) ~[poi-ooxml-5.2.2.jar:5.2.2]
	at com.MOFutility.API_Excelutilities.readServiceIdFromExcel(API_Excelutilities.java:20) ~[test-classes/:?]
	at com.MOF.constants.API_URL.<clinit>(API_URL.java:183) ~[test-classes/:?]
	at com.MOFapi.MOFapi.Fetchvalid_SingleService_ValidServiceid(MOFapi.java:4891) ~[test-classes/:?]
	at jdk.internal.reflect.DirectMethodHandleAccessor.invoke(DirectMethodHandleAccessor.java:103) ~[?:?]
	at java.lang.reflect.Method.invoke(Method.java:580) ~[?:?]
	at org.testng.internal.MethodInvocationHelper.invokeMethod(MethodInvocationHelper.java:124) ~[testng-6.14.3.jar:?]
	at org.testng.internal.Invoker.invokeMethod(Invoker.java:583) ~[testng-6.14.3.jar:?]
	at org.testng.internal.Invoker.invokeTestMethod(Invoker.java:719) ~[testng-6.14.3.jar:?]
	at org.testng.internal.Invoker.invokeTestMethods(Invoker.java:989) ~[testng-6.14.3.jar:?]
	at org.testng.internal.TestMethodWorker.invokeTestMethods(TestMethodWorker.java:125) ~[testng-6.14.3.jar:?]
	at org.testng.internal.TestMethodWorker.run(TestMethodWorker.java:109) ~[testng-6.14.3.jar:?]
	at org.testng.TestRunner.privateRun(TestRunner.java:648) ~[testng-6.14.3.jar:?]
	at org.testng.TestRunner.run(TestRunner.java:505) ~[testng-6.14.3.jar:?]
	at org.testng.SuiteRunner.runTest(SuiteRunner.java:455) ~[testng-6.14.3.jar:?]
	at org.testng.SuiteRunner.runSequentially(SuiteRunner.java:450) ~[testng-6.14.3.jar:?]
	at org.testng.SuiteRunner.privateRun(SuiteRunner.java:415) ~[testng-6.14.3.jar:?]
	at org.testng.SuiteRunner.run(SuiteRunner.java:364) ~[testng-6.14.3.jar:?]
	at org.testng.SuiteRunnerWorker.runSuite(SuiteRunnerWorker.java:52) ~[testng-6.14.3.jar:?]
	at org.testng.SuiteRunnerWorker.run(SuiteRunnerWorker.java:84) ~[testng-6.14.3.jar:?]
	at org.testng.TestNG.runSuitesSequentially(TestNG.java:1208) ~[testng-6.14.3.jar:?]
	at org.testng.TestNG.runSuitesLocally(TestNG.java:1137) ~[testng-6.14.3.jar:?]
	at org.testng.TestNG.runSuites(TestNG.java:1049) ~[testng-6.14.3.jar:?]
	at org.testng.TestNG.run(TestNG.java:1017) ~[testng-6.14.3.jar:?]
	at org.apache.maven.surefire.testng.TestNGExecutor.run(TestNGExecutor.java:308) ~[surefire-testng-3.3.0.jar:3.3.0]
	at org.apache.maven.surefire.testng.TestNGXmlTestSuite.execute(TestNGXmlTestSuite.java:71) ~[surefire-testng-3.3.0.jar:3.3.0]
	at org.apache.maven.surefire.testng.TestNGProvider.invoke(TestNGProvider.java:113) ~[surefire-testng-3.3.0.jar:3.3.0]
	at org.apache.maven.surefire.booter.ForkedBooter.runSuitesInProcess(ForkedBooter.java:385) ~[surefire-booter-3.3.0.jar:3.3.0]
	at org.apache.maven.surefire.booter.ForkedBooter.execute(ForkedBooter.java:162) ~[surefire-booter-3.3.0.jar:3.3.0]
	at org.apache.maven.surefire.booter.ForkedBooter.run(ForkedBooter.java:507) ~[surefire-booter-3.3.0.jar:3.3.0]
	at org.apache.maven.surefire.booter.ForkedBooter.main(ForkedBooter.java:495) ~[surefire-booter-3.3.0.jar:3.3.0]
17:05:52.347 [main] ERROR org.apache.poi.openxml4j.opc.PackageRelationshipCollection - Cannot convert mailto:2343456378912@#&^*gvadhfbjnf in a valid relationship URI-> dummy-URI used
java.net.URISyntaxException: Illegal character in fragment at index 23: mailto:2343456378912@#&^*gvadhfbjnf
	at java.net.URI$Parser.fail(URI.java:2995) ~[?:?]
	at java.net.URI$Parser.checkChars(URI.java:3166) ~[?:?]
	at java.net.URI$Parser.parse(URI.java:3210) ~[?:?]
	at java.net.URI.<init>(URI.java:645) ~[?:?]
	at org.apache.poi.openxml4j.opc.PackagingURIHelper.toURI(PackagingURIHelper.java:723) ~[poi-ooxml-5.2.2.jar:5.2.2]
	at org.apache.poi.openxml4j.opc.PackageRelationshipCollection.parseRelationshipsPart(PackageRelationshipCollection.java:358) ~[poi-ooxml-5.2.2.jar:5.2.2]
	at org.apache.poi.openxml4j.opc.PackageRelationshipCollection.<init>(PackageRelationshipCollection.java:160) ~[poi-ooxml-5.2.2.jar:5.2.2]
	at org.apache.poi.openxml4j.opc.PackageRelationshipCollection.<init>(PackageRelationshipCollection.java:130) ~[poi-ooxml-5.2.2.jar:5.2.2]
	at org.apache.poi.openxml4j.opc.PackagePart.loadRelationships(PackagePart.java:565) ~[poi-ooxml-5.2.2.jar:5.2.2]
	at org.apache.poi.openxml4j.opc.OPCPackage.getParts(OPCPackage.java:745) ~[poi-ooxml-5.2.2.jar:5.2.2]
	at org.apache.poi.openxml4j.opc.OPCPackage.open(OPCPackage.java:315) ~[poi-ooxml-5.2.2.jar:5.2.2]
	at org.apache.poi.ooxml.util.PackageHelper.open(PackageHelper.java:59) ~[poi-ooxml-5.2.2.jar:5.2.2]
	at org.apache.poi.xssf.usermodel.XSSFWorkbook.<init>(XSSFWorkbook.java:289) ~[poi-ooxml-5.2.2.jar:5.2.2]
	at org.apache.poi.xssf.usermodel.XSSFWorkbook.<init>(XSSFWorkbook.java:285) ~[poi-ooxml-5.2.2.jar:5.2.2]
	at com.MOFutility.API_Excelutilities.readServiceIdFromExcel(API_Excelutilities.java:20) ~[test-classes/:?]
	at com.MOF.constants.API_URL.<clinit>(API_URL.java:183) ~[test-classes/:?]
	at com.MOFapi.MOFapi.Fetchvalid_SingleService_ValidServiceid(MOFapi.java:4891) ~[test-classes/:?]
	at jdk.internal.reflect.DirectMethodHandleAccessor.invoke(DirectMethodHandleAccessor.java:103) ~[?:?]
	at java.lang.reflect.Method.invoke(Method.java:580) ~[?:?]
	at org.testng.internal.MethodInvocationHelper.invokeMethod(MethodInvocationHelper.java:124) ~[testng-6.14.3.jar:?]
	at org.testng.internal.Invoker.invokeMethod(Invoker.java:583) ~[testng-6.14.3.jar:?]
	at org.testng.internal.Invoker.invokeTestMethod(Invoker.java:719) ~[testng-6.14.3.jar:?]
	at org.testng.internal.Invoker.invokeTestMethods(Invoker.java:989) ~[testng-6.14.3.jar:?]
	at org.testng.internal.TestMethodWorker.invokeTestMethods(TestMethodWorker.java:125) ~[testng-6.14.3.jar:?]
	at org.testng.internal.TestMethodWorker.run(TestMethodWorker.java:109) ~[testng-6.14.3.jar:?]
	at org.testng.TestRunner.privateRun(TestRunner.java:648) ~[testng-6.14.3.jar:?]
	at org.testng.TestRunner.run(TestRunner.java:505) ~[testng-6.14.3.jar:?]
	at org.testng.SuiteRunner.runTest(SuiteRunner.java:455) ~[testng-6.14.3.jar:?]
	at org.testng.SuiteRunner.runSequentially(SuiteRunner.java:450) ~[testng-6.14.3.jar:?]
	at org.testng.SuiteRunner.privateRun(SuiteRunner.java:415) ~[testng-6.14.3.jar:?]
	at org.testng.SuiteRunner.run(SuiteRunner.java:364) ~[testng-6.14.3.jar:?]
	at org.testng.SuiteRunnerWorker.runSuite(SuiteRunnerWorker.java:52) ~[testng-6.14.3.jar:?]
	at org.testng.SuiteRunnerWorker.run(SuiteRunnerWorker.java:84) ~[testng-6.14.3.jar:?]
	at org.testng.TestNG.runSuitesSequentially(TestNG.java:1208) ~[testng-6.14.3.jar:?]
	at org.testng.TestNG.runSuitesLocally(TestNG.java:1137) ~[testng-6.14.3.jar:?]
	at org.testng.TestNG.runSuites(TestNG.java:1049) ~[testng-6.14.3.jar:?]
	at org.testng.TestNG.run(TestNG.java:1017) ~[testng-6.14.3.jar:?]
	at org.apache.maven.surefire.testng.TestNGExecutor.run(TestNGExecutor.java:308) ~[surefire-testng-3.3.0.jar:3.3.0]
	at org.apache.maven.surefire.testng.TestNGXmlTestSuite.execute(TestNGXmlTestSuite.java:71) ~[surefire-testng-3.3.0.jar:3.3.0]
	at org.apache.maven.surefire.testng.TestNGProvider.invoke(TestNGProvider.java:113) ~[surefire-testng-3.3.0.jar:3.3.0]
	at org.apache.maven.surefire.booter.ForkedBooter.runSuitesInProcess(ForkedBooter.java:385) ~[surefire-booter-3.3.0.jar:3.3.0]
	at org.apache.maven.surefire.booter.ForkedBooter.execute(ForkedBooter.java:162) ~[surefire-booter-3.3.0.jar:3.3.0]
	at org.apache.maven.surefire.booter.ForkedBooter.run(ForkedBooter.java:507) ~[surefire-booter-3.3.0.jar:3.3.0]
	at org.apache.maven.surefire.booter.ForkedBooter.main(ForkedBooter.java:495) ~[surefire-booter-3.3.0.jar:3.3.0]
17:05:52.385 [main] ERROR org.apache.poi.openxml4j.opc.PackageRelationshipCollection - Cannot convert mailto:ALPA@#$%^245234534 in a valid relationship URI-> dummy-URI used
java.net.URISyntaxException: Malformed escape pair at index 14: mailto:ALPA@#$%^245234534
	at java.net.URI$Parser.fail(URI.java:2995) ~[?:?]
	at java.net.URI$Parser.scanEscape(URI.java:3123) ~[?:?]
	at java.net.URI$Parser.scan(URI.java:3146) ~[?:?]
	at java.net.URI$Parser.checkChars(URI.java:3164) ~[?:?]
	at java.net.URI$Parser.parse(URI.java:3210) ~[?:?]
	at java.net.URI.<init>(URI.java:645) ~[?:?]
	at org.apache.poi.openxml4j.opc.PackagingURIHelper.toURI(PackagingURIHelper.java:723) ~[poi-ooxml-5.2.2.jar:5.2.2]
	at org.apache.poi.openxml4j.opc.PackageRelationshipCollection.parseRelationshipsPart(PackageRelationshipCollection.java:358) ~[poi-ooxml-5.2.2.jar:5.2.2]
	at org.apache.poi.openxml4j.opc.PackageRelationshipCollection.<init>(PackageRelationshipCollection.java:160) ~[poi-ooxml-5.2.2.jar:5.2.2]
	at org.apache.poi.openxml4j.opc.PackageRelationshipCollection.<init>(PackageRelationshipCollection.java:130) ~[poi-ooxml-5.2.2.jar:5.2.2]
	at org.apache.poi.openxml4j.opc.PackagePart.loadRelationships(PackagePart.java:565) ~[poi-ooxml-5.2.2.jar:5.2.2]
	at org.apache.poi.openxml4j.opc.OPCPackage.getParts(OPCPackage.java:745) ~[poi-ooxml-5.2.2.jar:5.2.2]
	at org.apache.poi.openxml4j.opc.OPCPackage.open(OPCPackage.java:315) ~[poi-ooxml-5.2.2.jar:5.2.2]
	at org.apache.poi.ooxml.util.PackageHelper.open(PackageHelper.java:59) ~[poi-ooxml-5.2.2.jar:5.2.2]
	at org.apache.poi.xssf.usermodel.XSSFWorkbook.<init>(XSSFWorkbook.java:289) ~[poi-ooxml-5.2.2.jar:5.2.2]
	at org.apache.poi.xssf.usermodel.XSSFWorkbook.<init>(XSSFWorkbook.java:285) ~[poi-ooxml-5.2.2.jar:5.2.2]
	at com.MOFutility.API_Excelutilities.readServiceIdFromExcel(API_Excelutilities.java:20) ~[test-classes/:?]
	at com.MOF.constants.API_URL.<clinit>(API_URL.java:184) ~[test-classes/:?]
	at com.MOFapi.MOFapi.Fetchvalid_SingleService_ValidServiceid(MOFapi.java:4891) ~[test-classes/:?]
	at jdk.internal.reflect.DirectMethodHandleAccessor.invoke(DirectMethodHandleAccessor.java:103) ~[?:?]
	at java.lang.reflect.Method.invoke(Method.java:580) ~[?:?]
	at org.testng.internal.MethodInvocationHelper.invokeMethod(MethodInvocationHelper.java:124) ~[testng-6.14.3.jar:?]
	at org.testng.internal.Invoker.invokeMethod(Invoker.java:583) ~[testng-6.14.3.jar:?]
	at org.testng.internal.Invoker.invokeTestMethod(Invoker.java:719) ~[testng-6.14.3.jar:?]
	at org.testng.internal.Invoker.invokeTestMethods(Invoker.java:989) ~[testng-6.14.3.jar:?]
	at org.testng.internal.TestMethodWorker.invokeTestMethods(TestMethodWorker.java:125) ~[testng-6.14.3.jar:?]
	at org.testng.internal.TestMethodWorker.run(TestMethodWorker.java:109) ~[testng-6.14.3.jar:?]
	at org.testng.TestRunner.privateRun(TestRunner.java:648) ~[testng-6.14.3.jar:?]
	at org.testng.TestRunner.run(TestRunner.java:505) ~[testng-6.14.3.jar:?]
	at org.testng.SuiteRunner.runTest(SuiteRunner.java:455) ~[testng-6.14.3.jar:?]
	at org.testng.SuiteRunner.runSequentially(SuiteRunner.java:450) ~[testng-6.14.3.jar:?]
	at org.testng.SuiteRunner.privateRun(SuiteRunner.java:415) ~[testng-6.14.3.jar:?]
	at org.testng.SuiteRunner.run(SuiteRunner.java:364) ~[testng-6.14.3.jar:?]
	at org.testng.SuiteRunnerWorker.runSuite(SuiteRunnerWorker.java:52) ~[testng-6.14.3.jar:?]
	at org.testng.SuiteRunnerWorker.run(SuiteRunnerWorker.java:84) ~[testng-6.14.3.jar:?]
	at org.testng.TestNG.runSuitesSequentially(TestNG.java:1208) ~[testng-6.14.3.jar:?]
	at org.testng.TestNG.runSuitesLocally(TestNG.java:1137) ~[testng-6.14.3.jar:?]
	at org.testng.TestNG.runSuites(TestNG.java:1049) ~[testng-6.14.3.jar:?]
	at org.testng.TestNG.run(TestNG.java:1017) ~[testng-6.14.3.jar:?]
	at org.apache.maven.surefire.testng.TestNGExecutor.run(TestNGExecutor.java:308) ~[surefire-testng-3.3.0.jar:3.3.0]
	at org.apache.maven.surefire.testng.TestNGXmlTestSuite.execute(TestNGXmlTestSuite.java:71) ~[surefire-testng-3.3.0.jar:3.3.0]
	at org.apache.maven.surefire.testng.TestNGProvider.invoke(TestNGProvider.java:113) ~[surefire-testng-3.3.0.jar:3.3.0]
	at org.apache.maven.surefire.booter.ForkedBooter.runSuitesInProcess(ForkedBooter.java:385) ~[surefire-booter-3.3.0.jar:3.3.0]
	at org.apache.maven.surefire.booter.ForkedBooter.execute(ForkedBooter.java:162) ~[surefire-booter-3.3.0.jar:3.3.0]
	at org.apache.maven.surefire.booter.ForkedBooter.run(ForkedBooter.java:507) ~[surefire-booter-3.3.0.jar:3.3.0]
	at org.apache.maven.surefire.booter.ForkedBooter.main(ForkedBooter.java:495) ~[surefire-booter-3.3.0.jar:3.3.0]
17:05:52.386 [main] ERROR org.apache.poi.openxml4j.opc.PackageRelationshipCollection - Cannot convert mailto:ALPHAAAAAA@@@@@!@##$$$%12344 in a valid relationship URI-> dummy-URI used
java.net.URISyntaxException: Illegal character in fragment at index 25: mailto:ALPHAAAAAA@@@@@!@##$$$%12344
	at java.net.URI$Parser.fail(URI.java:2995) ~[?:?]
	at java.net.URI$Parser.checkChars(URI.java:3166) ~[?:?]
	at java.net.URI$Parser.parse(URI.java:3210) ~[?:?]
	at java.net.URI.<init>(URI.java:645) ~[?:?]
	at org.apache.poi.openxml4j.opc.PackagingURIHelper.toURI(PackagingURIHelper.java:723) ~[poi-ooxml-5.2.2.jar:5.2.2]
	at org.apache.poi.openxml4j.opc.PackageRelationshipCollection.parseRelationshipsPart(PackageRelationshipCollection.java:358) ~[poi-ooxml-5.2.2.jar:5.2.2]
	at org.apache.poi.openxml4j.opc.PackageRelationshipCollection.<init>(PackageRelationshipCollection.java:160) ~[poi-ooxml-5.2.2.jar:5.2.2]
	at org.apache.poi.openxml4j.opc.PackageRelationshipCollection.<init>(PackageRelationshipCollection.java:130) ~[poi-ooxml-5.2.2.jar:5.2.2]
	at org.apache.poi.openxml4j.opc.PackagePart.loadRelationships(PackagePart.java:565) ~[poi-ooxml-5.2.2.jar:5.2.2]
	at org.apache.poi.openxml4j.opc.OPCPackage.getParts(OPCPackage.java:745) ~[poi-ooxml-5.2.2.jar:5.2.2]
	at org.apache.poi.openxml4j.opc.OPCPackage.open(OPCPackage.java:315) ~[poi-ooxml-5.2.2.jar:5.2.2]
	at org.apache.poi.ooxml.util.PackageHelper.open(PackageHelper.java:59) ~[poi-ooxml-5.2.2.jar:5.2.2]
	at org.apache.poi.xssf.usermodel.XSSFWorkbook.<init>(XSSFWorkbook.java:289) ~[poi-ooxml-5.2.2.jar:5.2.2]
	at org.apache.poi.xssf.usermodel.XSSFWorkbook.<init>(XSSFWorkbook.java:285) ~[poi-ooxml-5.2.2.jar:5.2.2]
	at com.MOFutility.API_Excelutilities.readServiceIdFromExcel(API_Excelutilities.java:20) ~[test-classes/:?]
	at com.MOF.constants.API_URL.<clinit>(API_URL.java:184) ~[test-classes/:?]
	at com.MOFapi.MOFapi.Fetchvalid_SingleService_ValidServiceid(MOFapi.java:4891) ~[test-classes/:?]
	at jdk.internal.reflect.DirectMethodHandleAccessor.invoke(DirectMethodHandleAccessor.java:103) ~[?:?]
	at java.lang.reflect.Method.invoke(Method.java:580) ~[?:?]
	at org.testng.internal.MethodInvocationHelper.invokeMethod(MethodInvocationHelper.java:124) ~[testng-6.14.3.jar:?]
	at org.testng.internal.Invoker.invokeMethod(Invoker.java:583) ~[testng-6.14.3.jar:?]
	at org.testng.internal.Invoker.invokeTestMethod(Invoker.java:719) ~[testng-6.14.3.jar:?]
	at org.testng.internal.Invoker.invokeTestMethods(Invoker.java:989) ~[testng-6.14.3.jar:?]
	at org.testng.internal.TestMethodWorker.invokeTestMethods(TestMethodWorker.java:125) ~[testng-6.14.3.jar:?]
	at org.testng.internal.TestMethodWorker.run(TestMethodWorker.java:109) ~[testng-6.14.3.jar:?]
	at org.testng.TestRunner.privateRun(TestRunner.java:648) ~[testng-6.14.3.jar:?]
	at org.testng.TestRunner.run(TestRunner.java:505) ~[testng-6.14.3.jar:?]
	at org.testng.SuiteRunner.runTest(SuiteRunner.java:455) ~[testng-6.14.3.jar:?]
	at org.testng.SuiteRunner.runSequentially(SuiteRunner.java:450) ~[testng-6.14.3.jar:?]
	at org.testng.SuiteRunner.privateRun(SuiteRunner.java:415) ~[testng-6.14.3.jar:?]
	at org.testng.SuiteRunner.run(SuiteRunner.java:364) ~[testng-6.14.3.jar:?]
	at org.testng.SuiteRunnerWorker.runSuite(SuiteRunnerWorker.java:52) ~[testng-6.14.3.jar:?]
	at org.testng.SuiteRunnerWorker.run(SuiteRunnerWorker.java:84) ~[testng-6.14.3.jar:?]
	at org.testng.TestNG.runSuitesSequentially(TestNG.java:1208) ~[testng-6.14.3.jar:?]
	at org.testng.TestNG.runSuitesLocally(TestNG.java:1137) ~[testng-6.14.3.jar:?]
	at org.testng.TestNG.runSuites(TestNG.java:1049) ~[testng-6.14.3.jar:?]
	at org.testng.TestNG.run(TestNG.java:1017) ~[testng-6.14.3.jar:?]
	at org.apache.maven.surefire.testng.TestNGExecutor.run(TestNGExecutor.java:308) ~[surefire-testng-3.3.0.jar:3.3.0]
	at org.apache.maven.surefire.testng.TestNGXmlTestSuite.execute(TestNGXmlTestSuite.java:71) ~[surefire-testng-3.3.0.jar:3.3.0]
	at org.apache.maven.surefire.testng.TestNGProvider.invoke(TestNGProvider.java:113) ~[surefire-testng-3.3.0.jar:3.3.0]
	at org.apache.maven.surefire.booter.ForkedBooter.runSuitesInProcess(ForkedBooter.java:385) ~[surefire-booter-3.3.0.jar:3.3.0]
	at org.apache.maven.surefire.booter.ForkedBooter.execute(ForkedBooter.java:162) ~[surefire-booter-3.3.0.jar:3.3.0]
	at org.apache.maven.surefire.booter.ForkedBooter.run(ForkedBooter.java:507) ~[surefire-booter-3.3.0.jar:3.3.0]
	at org.apache.maven.surefire.booter.ForkedBooter.main(ForkedBooter.java:495) ~[surefire-booter-3.3.0.jar:3.3.0]
17:05:52.387 [main] ERROR org.apache.poi.openxml4j.opc.PackageRelationshipCollection - Cannot convert mailto:2343456378912@#&^*gvadhfbjnf in a valid relationship URI-> dummy-URI used
java.net.URISyntaxException: Illegal character in fragment at index 23: mailto:2343456378912@#&^*gvadhfbjnf
	at java.net.URI$Parser.fail(URI.java:2995) ~[?:?]
	at java.net.URI$Parser.checkChars(URI.java:3166) ~[?:?]
	at java.net.URI$Parser.parse(URI.java:3210) ~[?:?]
	at java.net.URI.<init>(URI.java:645) ~[?:?]
	at org.apache.poi.openxml4j.opc.PackagingURIHelper.toURI(PackagingURIHelper.java:723) ~[poi-ooxml-5.2.2.jar:5.2.2]
	at org.apache.poi.openxml4j.opc.PackageRelationshipCollection.parseRelationshipsPart(PackageRelationshipCollection.java:358) ~[poi-ooxml-5.2.2.jar:5.2.2]
	at org.apache.poi.openxml4j.opc.PackageRelationshipCollection.<init>(PackageRelationshipCollection.java:160) ~[poi-ooxml-5.2.2.jar:5.2.2]
	at org.apache.poi.openxml4j.opc.PackageRelationshipCollection.<init>(PackageRelationshipCollection.java:130) ~[poi-ooxml-5.2.2.jar:5.2.2]
	at org.apache.poi.openxml4j.opc.PackagePart.loadRelationships(PackagePart.java:565) ~[poi-ooxml-5.2.2.jar:5.2.2]
	at org.apache.poi.openxml4j.opc.OPCPackage.getParts(OPCPackage.java:745) ~[poi-ooxml-5.2.2.jar:5.2.2]
	at org.apache.poi.openxml4j.opc.OPCPackage.open(OPCPackage.java:315) ~[poi-ooxml-5.2.2.jar:5.2.2]
	at org.apache.poi.ooxml.util.PackageHelper.open(PackageHelper.java:59) ~[poi-ooxml-5.2.2.jar:5.2.2]
	at org.apache.poi.xssf.usermodel.XSSFWorkbook.<init>(XSSFWorkbook.java:289) ~[poi-ooxml-5.2.2.jar:5.2.2]
	at org.apache.poi.xssf.usermodel.XSSFWorkbook.<init>(XSSFWorkbook.java:285) ~[poi-ooxml-5.2.2.jar:5.2.2]
	at com.MOFutility.API_Excelutilities.readServiceIdFromExcel(API_Excelutilities.java:20) ~[test-classes/:?]
	at com.MOF.constants.API_URL.<clinit>(API_URL.java:184) ~[test-classes/:?]
	at com.MOFapi.MOFapi.Fetchvalid_SingleService_ValidServiceid(MOFapi.java:4891) ~[test-classes/:?]
	at jdk.internal.reflect.DirectMethodHandleAccessor.invoke(DirectMethodHandleAccessor.java:103) ~[?:?]
	at java.lang.reflect.Method.invoke(Method.java:580) ~[?:?]
	at org.testng.internal.MethodInvocationHelper.invokeMethod(MethodInvocationHelper.java:124) ~[testng-6.14.3.jar:?]
	at org.testng.internal.Invoker.invokeMethod(Invoker.java:583) ~[testng-6.14.3.jar:?]
	at org.testng.internal.Invoker.invokeTestMethod(Invoker.java:719) ~[testng-6.14.3.jar:?]
	at org.testng.internal.Invoker.invokeTestMethods(Invoker.java:989) ~[testng-6.14.3.jar:?]
	at org.testng.internal.TestMethodWorker.invokeTestMethods(TestMethodWorker.java:125) ~[testng-6.14.3.jar:?]
	at org.testng.internal.TestMethodWorker.run(TestMethodWorker.java:109) ~[testng-6.14.3.jar:?]
	at org.testng.TestRunner.privateRun(TestRunner.java:648) ~[testng-6.14.3.jar:?]
	at org.testng.TestRunner.run(TestRunner.java:505) ~[testng-6.14.3.jar:?]
	at org.testng.SuiteRunner.runTest(SuiteRunner.java:455) ~[testng-6.14.3.jar:?]
	at org.testng.SuiteRunner.runSequentially(SuiteRunner.java:450) ~[testng-6.14.3.jar:?]
	at org.testng.SuiteRunner.privateRun(SuiteRunner.java:415) ~[testng-6.14.3.jar:?]
	at org.testng.SuiteRunner.run(SuiteRunner.java:364) ~[testng-6.14.3.jar:?]
	at org.testng.SuiteRunnerWorker.runSuite(SuiteRunnerWorker.java:52) ~[testng-6.14.3.jar:?]
	at org.testng.SuiteRunnerWorker.run(SuiteRunnerWorker.java:84) ~[testng-6.14.3.jar:?]
	at org.testng.TestNG.runSuitesSequentially(TestNG.java:1208) ~[testng-6.14.3.jar:?]
	at org.testng.TestNG.runSuitesLocally(TestNG.java:1137) ~[testng-6.14.3.jar:?]
	at org.testng.TestNG.runSuites(TestNG.java:1049) ~[testng-6.14.3.jar:?]
	at org.testng.TestNG.run(TestNG.java:1017) ~[testng-6.14.3.jar:?]
	at org.apache.maven.surefire.testng.TestNGExecutor.run(TestNGExecutor.java:308) ~[surefire-testng-3.3.0.jar:3.3.0]
	at org.apache.maven.surefire.testng.TestNGXmlTestSuite.execute(TestNGXmlTestSuite.java:71) ~[surefire-testng-3.3.0.jar:3.3.0]
	at org.apache.maven.surefire.testng.TestNGProvider.invoke(TestNGProvider.java:113) ~[surefire-testng-3.3.0.jar:3.3.0]
	at org.apache.maven.surefire.booter.ForkedBooter.runSuitesInProcess(ForkedBooter.java:385) ~[surefire-booter-3.3.0.jar:3.3.0]
	at org.apache.maven.surefire.booter.ForkedBooter.execute(ForkedBooter.java:162) ~[surefire-booter-3.3.0.jar:3.3.0]
	at org.apache.maven.surefire.booter.ForkedBooter.run(ForkedBooter.java:507) ~[surefire-booter-3.3.0.jar:3.3.0]
	at org.apache.maven.surefire.booter.ForkedBooter.main(ForkedBooter.java:495) ~[surefire-booter-3.3.0.jar:3.3.0]
17:05:52.427 [main] ERROR org.apache.poi.openxml4j.opc.PackageRelationshipCollection - Cannot convert mailto:ALPA@#$%^245234534 in a valid relationship URI-> dummy-URI used
java.net.URISyntaxException: Malformed escape pair at index 14: mailto:ALPA@#$%^245234534
	at java.net.URI$Parser.fail(URI.java:2995) ~[?:?]
	at java.net.URI$Parser.scanEscape(URI.java:3123) ~[?:?]
	at java.net.URI$Parser.scan(URI.java:3146) ~[?:?]
	at java.net.URI$Parser.checkChars(URI.java:3164) ~[?:?]
	at java.net.URI$Parser.parse(URI.java:3210) ~[?:?]
	at java.net.URI.<init>(URI.java:645) ~[?:?]
	at org.apache.poi.openxml4j.opc.PackagingURIHelper.toURI(PackagingURIHelper.java:723) ~[poi-ooxml-5.2.2.jar:5.2.2]
	at org.apache.poi.openxml4j.opc.PackageRelationshipCollection.parseRelationshipsPart(PackageRelationshipCollection.java:358) ~[poi-ooxml-5.2.2.jar:5.2.2]
	at org.apache.poi.openxml4j.opc.PackageRelationshipCollection.<init>(PackageRelationshipCollection.java:160) ~[poi-ooxml-5.2.2.jar:5.2.2]
	at org.apache.poi.openxml4j.opc.PackageRelationshipCollection.<init>(PackageRelationshipCollection.java:130) ~[poi-ooxml-5.2.2.jar:5.2.2]
	at org.apache.poi.openxml4j.opc.PackagePart.loadRelationships(PackagePart.java:565) ~[poi-ooxml-5.2.2.jar:5.2.2]
	at org.apache.poi.openxml4j.opc.OPCPackage.getParts(OPCPackage.java:745) ~[poi-ooxml-5.2.2.jar:5.2.2]
	at org.apache.poi.openxml4j.opc.OPCPackage.open(OPCPackage.java:315) ~[poi-ooxml-5.2.2.jar:5.2.2]
	at org.apache.poi.ooxml.util.PackageHelper.open(PackageHelper.java:59) ~[poi-ooxml-5.2.2.jar:5.2.2]
	at org.apache.poi.xssf.usermodel.XSSFWorkbook.<init>(XSSFWorkbook.java:289) ~[poi-ooxml-5.2.2.jar:5.2.2]
	at org.apache.poi.xssf.usermodel.XSSFWorkbook.<init>(XSSFWorkbook.java:285) ~[poi-ooxml-5.2.2.jar:5.2.2]
	at com.MOFutility.API_Excelutilities.readServiceIdFromExcel(API_Excelutilities.java:20) ~[test-classes/:?]
	at com.MOF.constants.API_URL.<clinit>(API_URL.java:185) ~[test-classes/:?]
	at com.MOFapi.MOFapi.Fetchvalid_SingleService_ValidServiceid(MOFapi.java:4891) ~[test-classes/:?]
	at jdk.internal.reflect.DirectMethodHandleAccessor.invoke(DirectMethodHandleAccessor.java:103) ~[?:?]
	at java.lang.reflect.Method.invoke(Method.java:580) ~[?:?]
	at org.testng.internal.MethodInvocationHelper.invokeMethod(MethodInvocationHelper.java:124) ~[testng-6.14.3.jar:?]
	at org.testng.internal.Invoker.invokeMethod(Invoker.java:583) ~[testng-6.14.3.jar:?]
	at org.testng.internal.Invoker.invokeTestMethod(Invoker.java:719) ~[testng-6.14.3.jar:?]
	at org.testng.internal.Invoker.invokeTestMethods(Invoker.java:989) ~[testng-6.14.3.jar:?]
	at org.testng.internal.TestMethodWorker.invokeTestMethods(TestMethodWorker.java:125) ~[testng-6.14.3.jar:?]
	at org.testng.internal.TestMethodWorker.run(TestMethodWorker.java:109) ~[testng-6.14.3.jar:?]
	at org.testng.TestRunner.privateRun(TestRunner.java:648) ~[testng-6.14.3.jar:?]
	at org.testng.TestRunner.run(TestRunner.java:505) ~[testng-6.14.3.jar:?]
	at org.testng.SuiteRunner.runTest(SuiteRunner.java:455) ~[testng-6.14.3.jar:?]
	at org.testng.SuiteRunner.runSequentially(SuiteRunner.java:450) ~[testng-6.14.3.jar:?]
	at org.testng.SuiteRunner.privateRun(SuiteRunner.java:415) ~[testng-6.14.3.jar:?]
	at org.testng.SuiteRunner.run(SuiteRunner.java:364) ~[testng-6.14.3.jar:?]
	at org.testng.SuiteRunnerWorker.runSuite(SuiteRunnerWorker.java:52) ~[testng-6.14.3.jar:?]
	at org.testng.SuiteRunnerWorker.run(SuiteRunnerWorker.java:84) ~[testng-6.14.3.jar:?]
	at org.testng.TestNG.runSuitesSequentially(TestNG.java:1208) ~[testng-6.14.3.jar:?]
	at org.testng.TestNG.runSuitesLocally(TestNG.java:1137) ~[testng-6.14.3.jar:?]
	at org.testng.TestNG.runSuites(TestNG.java:1049) ~[testng-6.14.3.jar:?]
	at org.testng.TestNG.run(TestNG.java:1017) ~[testng-6.14.3.jar:?]
	at org.apache.maven.surefire.testng.TestNGExecutor.run(TestNGExecutor.java:308) ~[surefire-testng-3.3.0.jar:3.3.0]
	at org.apache.maven.surefire.testng.TestNGXmlTestSuite.execute(TestNGXmlTestSuite.java:71) ~[surefire-testng-3.3.0.jar:3.3.0]
	at org.apache.maven.surefire.testng.TestNGProvider.invoke(TestNGProvider.java:113) ~[surefire-testng-3.3.0.jar:3.3.0]
	at org.apache.maven.surefire.booter.ForkedBooter.runSuitesInProcess(ForkedBooter.java:385) ~[surefire-booter-3.3.0.jar:3.3.0]
	at org.apache.maven.surefire.booter.ForkedBooter.execute(ForkedBooter.java:162) ~[surefire-booter-3.3.0.jar:3.3.0]
	at org.apache.maven.surefire.booter.ForkedBooter.run(ForkedBooter.java:507) ~[surefire-booter-3.3.0.jar:3.3.0]
	at org.apache.maven.surefire.booter.ForkedBooter.main(ForkedBooter.java:495) ~[surefire-booter-3.3.0.jar:3.3.0]
17:05:52.435 [main] ERROR org.apache.poi.openxml4j.opc.PackageRelationshipCollection - Cannot convert mailto:ALPHAAAAAA@@@@@!@##$$$%12344 in a valid relationship URI-> dummy-URI used
java.net.URISyntaxException: Illegal character in fragment at index 25: mailto:ALPHAAAAAA@@@@@!@##$$$%12344
	at java.net.URI$Parser.fail(URI.java:2995) ~[?:?]
	at java.net.URI$Parser.checkChars(URI.java:3166) ~[?:?]
	at java.net.URI$Parser.parse(URI.java:3210) ~[?:?]
	at java.net.URI.<init>(URI.java:645) ~[?:?]
	at org.apache.poi.openxml4j.opc.PackagingURIHelper.toURI(PackagingURIHelper.java:723) ~[poi-ooxml-5.2.2.jar:5.2.2]
	at org.apache.poi.openxml4j.opc.PackageRelationshipCollection.parseRelationshipsPart(PackageRelationshipCollection.java:358) ~[poi-ooxml-5.2.2.jar:5.2.2]
	at org.apache.poi.openxml4j.opc.PackageRelationshipCollection.<init>(PackageRelationshipCollection.java:160) ~[poi-ooxml-5.2.2.jar:5.2.2]
	at org.apache.poi.openxml4j.opc.PackageRelationshipCollection.<init>(PackageRelationshipCollection.java:130) ~[poi-ooxml-5.2.2.jar:5.2.2]
	at org.apache.poi.openxml4j.opc.PackagePart.loadRelationships(PackagePart.java:565) ~[poi-ooxml-5.2.2.jar:5.2.2]
	at org.apache.poi.openxml4j.opc.OPCPackage.getParts(OPCPackage.java:745) ~[poi-ooxml-5.2.2.jar:5.2.2]
	at org.apache.poi.openxml4j.opc.OPCPackage.open(OPCPackage.java:315) ~[poi-ooxml-5.2.2.jar:5.2.2]
	at org.apache.poi.ooxml.util.PackageHelper.open(PackageHelper.java:59) ~[poi-ooxml-5.2.2.jar:5.2.2]
	at org.apache.poi.xssf.usermodel.XSSFWorkbook.<init>(XSSFWorkbook.java:289) ~[poi-ooxml-5.2.2.jar:5.2.2]
	at org.apache.poi.xssf.usermodel.XSSFWorkbook.<init>(XSSFWorkbook.java:285) ~[poi-ooxml-5.2.2.jar:5.2.2]
	at com.MOFutility.API_Excelutilities.readServiceIdFromExcel(API_Excelutilities.java:20) ~[test-classes/:?]
	at com.MOF.constants.API_URL.<clinit>(API_URL.java:185) ~[test-classes/:?]
	at com.MOFapi.MOFapi.Fetchvalid_SingleService_ValidServiceid(MOFapi.java:4891) ~[test-classes/:?]
	at jdk.internal.reflect.DirectMethodHandleAccessor.invoke(DirectMethodHandleAccessor.java:103) ~[?:?]
	at java.lang.reflect.Method.invoke(Method.java:580) ~[?:?]
	at org.testng.internal.MethodInvocationHelper.invokeMethod(MethodInvocationHelper.java:124) ~[testng-6.14.3.jar:?]
	at org.testng.internal.Invoker.invokeMethod(Invoker.java:583) ~[testng-6.14.3.jar:?]
	at org.testng.internal.Invoker.invokeTestMethod(Invoker.java:719) ~[testng-6.14.3.jar:?]
	at org.testng.internal.Invoker.invokeTestMethods(Invoker.java:989) ~[testng-6.14.3.jar:?]
	at org.testng.internal.TestMethodWorker.invokeTestMethods(TestMethodWorker.java:125) ~[testng-6.14.3.jar:?]
	at org.testng.internal.TestMethodWorker.run(TestMethodWorker.java:109) ~[testng-6.14.3.jar:?]
	at org.testng.TestRunner.privateRun(TestRunner.java:648) ~[testng-6.14.3.jar:?]
	at org.testng.TestRunner.run(TestRunner.java:505) ~[testng-6.14.3.jar:?]
	at org.testng.SuiteRunner.runTest(SuiteRunner.java:455) ~[testng-6.14.3.jar:?]
	at org.testng.SuiteRunner.runSequentially(SuiteRunner.java:450) ~[testng-6.14.3.jar:?]
	at org.testng.SuiteRunner.privateRun(SuiteRunner.java:415) ~[testng-6.14.3.jar:?]
	at org.testng.SuiteRunner.run(SuiteRunner.java:364) ~[testng-6.14.3.jar:?]
	at org.testng.SuiteRunnerWorker.runSuite(SuiteRunnerWorker.java:52) ~[testng-6.14.3.jar:?]
	at org.testng.SuiteRunnerWorker.run(SuiteRunnerWorker.java:84) ~[testng-6.14.3.jar:?]
	at org.testng.TestNG.runSuitesSequentially(TestNG.java:1208) ~[testng-6.14.3.jar:?]
	at org.testng.TestNG.runSuitesLocally(TestNG.java:1137) ~[testng-6.14.3.jar:?]
	at org.testng.TestNG.runSuites(TestNG.java:1049) ~[testng-6.14.3.jar:?]
	at org.testng.TestNG.run(TestNG.java:1017) ~[testng-6.14.3.jar:?]
	at org.apache.maven.surefire.testng.TestNGExecutor.run(TestNGExecutor.java:308) ~[surefire-testng-3.3.0.jar:3.3.0]
	at org.apache.maven.surefire.testng.TestNGXmlTestSuite.execute(TestNGXmlTestSuite.java:71) ~[surefire-testng-3.3.0.jar:3.3.0]
	at org.apache.maven.surefire.testng.TestNGProvider.invoke(TestNGProvider.java:113) ~[surefire-testng-3.3.0.jar:3.3.0]
	at org.apache.maven.surefire.booter.ForkedBooter.runSuitesInProcess(ForkedBooter.java:385) ~[surefire-booter-3.3.0.jar:3.3.0]
	at org.apache.maven.surefire.booter.ForkedBooter.execute(ForkedBooter.java:162) ~[surefire-booter-3.3.0.jar:3.3.0]
	at org.apache.maven.surefire.booter.ForkedBooter.run(ForkedBooter.java:507) ~[surefire-booter-3.3.0.jar:3.3.0]
	at org.apache.maven.surefire.booter.ForkedBooter.main(ForkedBooter.java:495) ~[surefire-booter-3.3.0.jar:3.3.0]
17:05:52.436 [main] ERROR org.apache.poi.openxml4j.opc.PackageRelationshipCollection - Cannot convert mailto:2343456378912@#&^*gvadhfbjnf in a valid relationship URI-> dummy-URI used
java.net.URISyntaxException: Illegal character in fragment at index 23: mailto:2343456378912@#&^*gvadhfbjnf
	at java.net.URI$Parser.fail(URI.java:2995) ~[?:?]
	at java.net.URI$Parser.checkChars(URI.java:3166) ~[?:?]
	at java.net.URI$Parser.parse(URI.java:3210) ~[?:?]
	at java.net.URI.<init>(URI.java:645) ~[?:?]
	at org.apache.poi.openxml4j.opc.PackagingURIHelper.toURI(PackagingURIHelper.java:723) ~[poi-ooxml-5.2.2.jar:5.2.2]
	at org.apache.poi.openxml4j.opc.PackageRelationshipCollection.parseRelationshipsPart(PackageRelationshipCollection.java:358) ~[poi-ooxml-5.2.2.jar:5.2.2]
	at org.apache.poi.openxml4j.opc.PackageRelationshipCollection.<init>(PackageRelationshipCollection.java:160) ~[poi-ooxml-5.2.2.jar:5.2.2]
	at org.apache.poi.openxml4j.opc.PackageRelationshipCollection.<init>(PackageRelationshipCollection.java:130) ~[poi-ooxml-5.2.2.jar:5.2.2]
	at org.apache.poi.openxml4j.opc.PackagePart.loadRelationships(PackagePart.java:565) ~[poi-ooxml-5.2.2.jar:5.2.2]
	at org.apache.poi.openxml4j.opc.OPCPackage.getParts(OPCPackage.java:745) ~[poi-ooxml-5.2.2.jar:5.2.2]
	at org.apache.poi.openxml4j.opc.OPCPackage.open(OPCPackage.java:315) ~[poi-ooxml-5.2.2.jar:5.2.2]
	at org.apache.poi.ooxml.util.PackageHelper.open(PackageHelper.java:59) ~[poi-ooxml-5.2.2.jar:5.2.2]
	at org.apache.poi.xssf.usermodel.XSSFWorkbook.<init>(XSSFWorkbook.java:289) ~[poi-ooxml-5.2.2.jar:5.2.2]
	at org.apache.poi.xssf.usermodel.XSSFWorkbook.<init>(XSSFWorkbook.java:285) ~[poi-ooxml-5.2.2.jar:5.2.2]
	at com.MOFutility.API_Excelutilities.readServiceIdFromExcel(API_Excelutilities.java:20) ~[test-classes/:?]
	at com.MOF.constants.API_URL.<clinit>(API_URL.java:185) ~[test-classes/:?]
	at com.MOFapi.MOFapi.Fetchvalid_SingleService_ValidServiceid(MOFapi.java:4891) ~[test-classes/:?]
	at jdk.internal.reflect.DirectMethodHandleAccessor.invoke(DirectMethodHandleAccessor.java:103) ~[?:?]
	at java.lang.reflect.Method.invoke(Method.java:580) ~[?:?]
	at org.testng.internal.MethodInvocationHelper.invokeMethod(MethodInvocationHelper.java:124) ~[testng-6.14.3.jar:?]
	at org.testng.internal.Invoker.invokeMethod(Invoker.java:583) ~[testng-6.14.3.jar:?]
	at org.testng.internal.Invoker.invokeTestMethod(Invoker.java:719) ~[testng-6.14.3.jar:?]
	at org.testng.internal.Invoker.invokeTestMethods(Invoker.java:989) ~[testng-6.14.3.jar:?]
	at org.testng.internal.TestMethodWorker.invokeTestMethods(TestMethodWorker.java:125) ~[testng-6.14.3.jar:?]
	at org.testng.internal.TestMethodWorker.run(TestMethodWorker.java:109) ~[testng-6.14.3.jar:?]
	at org.testng.TestRunner.privateRun(TestRunner.java:648) ~[testng-6.14.3.jar:?]
	at org.testng.TestRunner.run(TestRunner.java:505) ~[testng-6.14.3.jar:?]
	at org.testng.SuiteRunner.runTest(SuiteRunner.java:455) ~[testng-6.14.3.jar:?]
	at org.testng.SuiteRunner.runSequentially(SuiteRunner.java:450) ~[testng-6.14.3.jar:?]
	at org.testng.SuiteRunner.privateRun(SuiteRunner.java:415) ~[testng-6.14.3.jar:?]
	at org.testng.SuiteRunner.run(SuiteRunner.java:364) ~[testng-6.14.3.jar:?]
	at org.testng.SuiteRunnerWorker.runSuite(SuiteRunnerWorker.java:52) ~[testng-6.14.3.jar:?]
	at org.testng.SuiteRunnerWorker.run(SuiteRunnerWorker.java:84) ~[testng-6.14.3.jar:?]
	at org.testng.TestNG.runSuitesSequentially(TestNG.java:1208) ~[testng-6.14.3.jar:?]
	at org.testng.TestNG.runSuitesLocally(TestNG.java:1137) ~[testng-6.14.3.jar:?]
	at org.testng.TestNG.runSuites(TestNG.java:1049) ~[testng-6.14.3.jar:?]
	at org.testng.TestNG.run(TestNG.java:1017) ~[testng-6.14.3.jar:?]
	at org.apache.maven.surefire.testng.TestNGExecutor.run(TestNGExecutor.java:308) ~[surefire-testng-3.3.0.jar:3.3.0]
	at org.apache.maven.surefire.testng.TestNGXmlTestSuite.execute(TestNGXmlTestSuite.java:71) ~[surefire-testng-3.3.0.jar:3.3.0]
	at org.apache.maven.surefire.testng.TestNGProvider.invoke(TestNGProvider.java:113) ~[surefire-testng-3.3.0.jar:3.3.0]
	at org.apache.maven.surefire.booter.ForkedBooter.runSuitesInProcess(ForkedBooter.java:385) ~[surefire-booter-3.3.0.jar:3.3.0]
	at org.apache.maven.surefire.booter.ForkedBooter.execute(ForkedBooter.java:162) ~[surefire-booter-3.3.0.jar:3.3.0]
	at org.apache.maven.surefire.booter.ForkedBooter.run(ForkedBooter.java:507) ~[surefire-booter-3.3.0.jar:3.3.0]
	at org.apache.maven.surefire.booter.ForkedBooter.main(ForkedBooter.java:495) ~[surefire-booter-3.3.0.jar:3.3.0]
17:05:52.472 [main] ERROR org.apache.poi.openxml4j.opc.PackageRelationshipCollection - Cannot convert mailto:ALPA@#$%^245234534 in a valid relationship URI-> dummy-URI used
java.net.URISyntaxException: Malformed escape pair at index 14: mailto:ALPA@#$%^245234534
	at java.net.URI$Parser.fail(URI.java:2995) ~[?:?]
	at java.net.URI$Parser.scanEscape(URI.java:3123) ~[?:?]
	at java.net.URI$Parser.scan(URI.java:3146) ~[?:?]
	at java.net.URI$Parser.checkChars(URI.java:3164) ~[?:?]
	at java.net.URI$Parser.parse(URI.java:3210) ~[?:?]
	at java.net.URI.<init>(URI.java:645) ~[?:?]
	at org.apache.poi.openxml4j.opc.PackagingURIHelper.toURI(PackagingURIHelper.java:723) ~[poi-ooxml-5.2.2.jar:5.2.2]
	at org.apache.poi.openxml4j.opc.PackageRelationshipCollection.parseRelationshipsPart(PackageRelationshipCollection.java:358) ~[poi-ooxml-5.2.2.jar:5.2.2]
	at org.apache.poi.openxml4j.opc.PackageRelationshipCollection.<init>(PackageRelationshipCollection.java:160) ~[poi-ooxml-5.2.2.jar:5.2.2]
	at org.apache.poi.openxml4j.opc.PackageRelationshipCollection.<init>(PackageRelationshipCollection.java:130) ~[poi-ooxml-5.2.2.jar:5.2.2]
	at org.apache.poi.openxml4j.opc.PackagePart.loadRelationships(PackagePart.java:565) ~[poi-ooxml-5.2.2.jar:5.2.2]
	at org.apache.poi.openxml4j.opc.OPCPackage.getParts(OPCPackage.java:745) ~[poi-ooxml-5.2.2.jar:5.2.2]
	at org.apache.poi.openxml4j.opc.OPCPackage.open(OPCPackage.java:315) ~[poi-ooxml-5.2.2.jar:5.2.2]
	at org.apache.poi.ooxml.util.PackageHelper.open(PackageHelper.java:59) ~[poi-ooxml-5.2.2.jar:5.2.2]
	at org.apache.poi.xssf.usermodel.XSSFWorkbook.<init>(XSSFWorkbook.java:289) ~[poi-ooxml-5.2.2.jar:5.2.2]
	at org.apache.poi.xssf.usermodel.XSSFWorkbook.<init>(XSSFWorkbook.java:285) ~[poi-ooxml-5.2.2.jar:5.2.2]
	at com.MOFutility.API_Excelutilities.readServiceIdFromExcel(API_Excelutilities.java:20) ~[test-classes/:?]
	at com.MOF.constants.API_URL.<clinit>(API_URL.java:186) ~[test-classes/:?]
	at com.MOFapi.MOFapi.Fetchvalid_SingleService_ValidServiceid(MOFapi.java:4891) ~[test-classes/:?]
	at jdk.internal.reflect.DirectMethodHandleAccessor.invoke(DirectMethodHandleAccessor.java:103) ~[?:?]
	at java.lang.reflect.Method.invoke(Method.java:580) ~[?:?]
	at org.testng.internal.MethodInvocationHelper.invokeMethod(MethodInvocationHelper.java:124) ~[testng-6.14.3.jar:?]
	at org.testng.internal.Invoker.invokeMethod(Invoker.java:583) ~[testng-6.14.3.jar:?]
	at org.testng.internal.Invoker.invokeTestMethod(Invoker.java:719) ~[testng-6.14.3.jar:?]
	at org.testng.internal.Invoker.invokeTestMethods(Invoker.java:989) ~[testng-6.14.3.jar:?]
	at org.testng.internal.TestMethodWorker.invokeTestMethods(TestMethodWorker.java:125) ~[testng-6.14.3.jar:?]
	at org.testng.internal.TestMethodWorker.run(TestMethodWorker.java:109) ~[testng-6.14.3.jar:?]
	at org.testng.TestRunner.privateRun(TestRunner.java:648) ~[testng-6.14.3.jar:?]
	at org.testng.TestRunner.run(TestRunner.java:505) ~[testng-6.14.3.jar:?]
	at org.testng.SuiteRunner.runTest(SuiteRunner.java:455) ~[testng-6.14.3.jar:?]
	at org.testng.SuiteRunner.runSequentially(SuiteRunner.java:450) ~[testng-6.14.3.jar:?]
	at org.testng.SuiteRunner.privateRun(SuiteRunner.java:415) ~[testng-6.14.3.jar:?]
	at org.testng.SuiteRunner.run(SuiteRunner.java:364) ~[testng-6.14.3.jar:?]
	at org.testng.SuiteRunnerWorker.runSuite(SuiteRunnerWorker.java:52) ~[testng-6.14.3.jar:?]
	at org.testng.SuiteRunnerWorker.run(SuiteRunnerWorker.java:84) ~[testng-6.14.3.jar:?]
	at org.testng.TestNG.runSuitesSequentially(TestNG.java:1208) ~[testng-6.14.3.jar:?]
	at org.testng.TestNG.runSuitesLocally(TestNG.java:1137) ~[testng-6.14.3.jar:?]
	at org.testng.TestNG.runSuites(TestNG.java:1049) ~[testng-6.14.3.jar:?]
	at org.testng.TestNG.run(TestNG.java:1017) ~[testng-6.14.3.jar:?]
	at org.apache.maven.surefire.testng.TestNGExecutor.run(TestNGExecutor.java:308) ~[surefire-testng-3.3.0.jar:3.3.0]
	at org.apache.maven.surefire.testng.TestNGXmlTestSuite.execute(TestNGXmlTestSuite.java:71) ~[surefire-testng-3.3.0.jar:3.3.0]
	at org.apache.maven.surefire.testng.TestNGProvider.invoke(TestNGProvider.java:113) ~[surefire-testng-3.3.0.jar:3.3.0]
	at org.apache.maven.surefire.booter.ForkedBooter.runSuitesInProcess(ForkedBooter.java:385) ~[surefire-booter-3.3.0.jar:3.3.0]
	at org.apache.maven.surefire.booter.ForkedBooter.execute(ForkedBooter.java:162) ~[surefire-booter-3.3.0.jar:3.3.0]
	at org.apache.maven.surefire.booter.ForkedBooter.run(ForkedBooter.java:507) ~[surefire-booter-3.3.0.jar:3.3.0]
	at org.apache.maven.surefire.booter.ForkedBooter.main(ForkedBooter.java:495) ~[surefire-booter-3.3.0.jar:3.3.0]
17:05:52.473 [main] ERROR org.apache.poi.openxml4j.opc.PackageRelationshipCollection - Cannot convert mailto:ALPHAAAAAA@@@@@!@##$$$%12344 in a valid relationship URI-> dummy-URI used
java.net.URISyntaxException: Illegal character in fragment at index 25: mailto:ALPHAAAAAA@@@@@!@##$$$%12344
	at java.net.URI$Parser.fail(URI.java:2995) ~[?:?]
	at java.net.URI$Parser.checkChars(URI.java:3166) ~[?:?]
	at java.net.URI$Parser.parse(URI.java:3210) ~[?:?]
	at java.net.URI.<init>(URI.java:645) ~[?:?]
	at org.apache.poi.openxml4j.opc.PackagingURIHelper.toURI(PackagingURIHelper.java:723) ~[poi-ooxml-5.2.2.jar:5.2.2]
	at org.apache.poi.openxml4j.opc.PackageRelationshipCollection.parseRelationshipsPart(PackageRelationshipCollection.java:358) ~[poi-ooxml-5.2.2.jar:5.2.2]
	at org.apache.poi.openxml4j.opc.PackageRelationshipCollection.<init>(PackageRelationshipCollection.java:160) ~[poi-ooxml-5.2.2.jar:5.2.2]
	at org.apache.poi.openxml4j.opc.PackageRelationshipCollection.<init>(PackageRelationshipCollection.java:130) ~[poi-ooxml-5.2.2.jar:5.2.2]
	at org.apache.poi.openxml4j.opc.PackagePart.loadRelationships(PackagePart.java:565) ~[poi-ooxml-5.2.2.jar:5.2.2]
	at org.apache.poi.openxml4j.opc.OPCPackage.getParts(OPCPackage.java:745) ~[poi-ooxml-5.2.2.jar:5.2.2]
	at org.apache.poi.openxml4j.opc.OPCPackage.open(OPCPackage.java:315) ~[poi-ooxml-5.2.2.jar:5.2.2]
	at org.apache.poi.ooxml.util.PackageHelper.open(PackageHelper.java:59) ~[poi-ooxml-5.2.2.jar:5.2.2]
	at org.apache.poi.xssf.usermodel.XSSFWorkbook.<init>(XSSFWorkbook.java:289) ~[poi-ooxml-5.2.2.jar:5.2.2]
	at org.apache.poi.xssf.usermodel.XSSFWorkbook.<init>(XSSFWorkbook.java:285) ~[poi-ooxml-5.2.2.jar:5.2.2]
	at com.MOFutility.API_Excelutilities.readServiceIdFromExcel(API_Excelutilities.java:20) ~[test-classes/:?]
	at com.MOF.constants.API_URL.<clinit>(API_URL.java:186) ~[test-classes/:?]
	at com.MOFapi.MOFapi.Fetchvalid_SingleService_ValidServiceid(MOFapi.java:4891) ~[test-classes/:?]
	at jdk.internal.reflect.DirectMethodHandleAccessor.invoke(DirectMethodHandleAccessor.java:103) ~[?:?]
	at java.lang.reflect.Method.invoke(Method.java:580) ~[?:?]
	at org.testng.internal.MethodInvocationHelper.invokeMethod(MethodInvocationHelper.java:124) ~[testng-6.14.3.jar:?]
	at org.testng.internal.Invoker.invokeMethod(Invoker.java:583) ~[testng-6.14.3.jar:?]
	at org.testng.internal.Invoker.invokeTestMethod(Invoker.java:719) ~[testng-6.14.3.jar:?]
	at org.testng.internal.Invoker.invokeTestMethods(Invoker.java:989) ~[testng-6.14.3.jar:?]
	at org.testng.internal.TestMethodWorker.invokeTestMethods(TestMethodWorker.java:125) ~[testng-6.14.3.jar:?]
	at org.testng.internal.TestMethodWorker.run(TestMethodWorker.java:109) ~[testng-6.14.3.jar:?]
	at org.testng.TestRunner.privateRun(TestRunner.java:648) ~[testng-6.14.3.jar:?]
	at org.testng.TestRunner.run(TestRunner.java:505) ~[testng-6.14.3.jar:?]
	at org.testng.SuiteRunner.runTest(SuiteRunner.java:455) ~[testng-6.14.3.jar:?]
	at org.testng.SuiteRunner.runSequentially(SuiteRunner.java:450) ~[testng-6.14.3.jar:?]
	at org.testng.SuiteRunner.privateRun(SuiteRunner.java:415) ~[testng-6.14.3.jar:?]
	at org.testng.SuiteRunner.run(SuiteRunner.java:364) ~[testng-6.14.3.jar:?]
	at org.testng.SuiteRunnerWorker.runSuite(SuiteRunnerWorker.java:52) ~[testng-6.14.3.jar:?]
	at org.testng.SuiteRunnerWorker.run(SuiteRunnerWorker.java:84) ~[testng-6.14.3.jar:?]
	at org.testng.TestNG.runSuitesSequentially(TestNG.java:1208) ~[testng-6.14.3.jar:?]
	at org.testng.TestNG.runSuitesLocally(TestNG.java:1137) ~[testng-6.14.3.jar:?]
	at org.testng.TestNG.runSuites(TestNG.java:1049) ~[testng-6.14.3.jar:?]
	at org.testng.TestNG.run(TestNG.java:1017) ~[testng-6.14.3.jar:?]
	at org.apache.maven.surefire.testng.TestNGExecutor.run(TestNGExecutor.java:308) ~[surefire-testng-3.3.0.jar:3.3.0]
	at org.apache.maven.surefire.testng.TestNGXmlTestSuite.execute(TestNGXmlTestSuite.java:71) ~[surefire-testng-3.3.0.jar:3.3.0]
	at org.apache.maven.surefire.testng.TestNGProvider.invoke(TestNGProvider.java:113) ~[surefire-testng-3.3.0.jar:3.3.0]
	at org.apache.maven.surefire.booter.ForkedBooter.runSuitesInProcess(ForkedBooter.java:385) ~[surefire-booter-3.3.0.jar:3.3.0]
	at org.apache.maven.surefire.booter.ForkedBooter.execute(ForkedBooter.java:162) ~[surefire-booter-3.3.0.jar:3.3.0]
	at org.apache.maven.surefire.booter.ForkedBooter.run(ForkedBooter.java:507) ~[surefire-booter-3.3.0.jar:3.3.0]
	at org.apache.maven.surefire.booter.ForkedBooter.main(ForkedBooter.java:495) ~[surefire-booter-3.3.0.jar:3.3.0]
17:05:52.475 [main] ERROR org.apache.poi.openxml4j.opc.PackageRelationshipCollection - Cannot convert mailto:2343456378912@#&^*gvadhfbjnf in a valid relationship URI-> dummy-URI used
java.net.URISyntaxException: Illegal character in fragment at index 23: mailto:2343456378912@#&^*gvadhfbjnf
	at java.net.URI$Parser.fail(URI.java:2995) ~[?:?]
	at java.net.URI$Parser.checkChars(URI.java:3166) ~[?:?]
	at java.net.URI$Parser.parse(URI.java:3210) ~[?:?]
	at java.net.URI.<init>(URI.java:645) ~[?:?]
	at org.apache.poi.openxml4j.opc.PackagingURIHelper.toURI(PackagingURIHelper.java:723) ~[poi-ooxml-5.2.2.jar:5.2.2]
	at org.apache.poi.openxml4j.opc.PackageRelationshipCollection.parseRelationshipsPart(PackageRelationshipCollection.java:358) ~[poi-ooxml-5.2.2.jar:5.2.2]
	at org.apache.poi.openxml4j.opc.PackageRelationshipCollection.<init>(PackageRelationshipCollection.java:160) ~[poi-ooxml-5.2.2.jar:5.2.2]
	at org.apache.poi.openxml4j.opc.PackageRelationshipCollection.<init>(PackageRelationshipCollection.java:130) ~[poi-ooxml-5.2.2.jar:5.2.2]
	at org.apache.poi.openxml4j.opc.PackagePart.loadRelationships(PackagePart.java:565) ~[poi-ooxml-5.2.2.jar:5.2.2]
	at org.apache.poi.openxml4j.opc.OPCPackage.getParts(OPCPackage.java:745) ~[poi-ooxml-5.2.2.jar:5.2.2]
	at org.apache.poi.openxml4j.opc.OPCPackage.open(OPCPackage.java:315) ~[poi-ooxml-5.2.2.jar:5.2.2]
	at org.apache.poi.ooxml.util.PackageHelper.open(PackageHelper.java:59) ~[poi-ooxml-5.2.2.jar:5.2.2]
	at org.apache.poi.xssf.usermodel.XSSFWorkbook.<init>(XSSFWorkbook.java:289) ~[poi-ooxml-5.2.2.jar:5.2.2]
	at org.apache.poi.xssf.usermodel.XSSFWorkbook.<init>(XSSFWorkbook.java:285) ~[poi-ooxml-5.2.2.jar:5.2.2]
	at com.MOFutility.API_Excelutilities.readServiceIdFromExcel(API_Excelutilities.java:20) ~[test-classes/:?]
	at com.MOF.constants.API_URL.<clinit>(API_URL.java:186) ~[test-classes/:?]
	at com.MOFapi.MOFapi.Fetchvalid_SingleService_ValidServiceid(MOFapi.java:4891) ~[test-classes/:?]
	at jdk.internal.reflect.DirectMethodHandleAccessor.invoke(DirectMethodHandleAccessor.java:103) ~[?:?]
	at java.lang.reflect.Method.invoke(Method.java:580) ~[?:?]
	at org.testng.internal.MethodInvocationHelper.invokeMethod(MethodInvocationHelper.java:124) ~[testng-6.14.3.jar:?]
	at org.testng.internal.Invoker.invokeMethod(Invoker.java:583) ~[testng-6.14.3.jar:?]
	at org.testng.internal.Invoker.invokeTestMethod(Invoker.java:719) ~[testng-6.14.3.jar:?]
	at org.testng.internal.Invoker.invokeTestMethods(Invoker.java:989) ~[testng-6.14.3.jar:?]
	at org.testng.internal.TestMethodWorker.invokeTestMethods(TestMethodWorker.java:125) ~[testng-6.14.3.jar:?]
	at org.testng.internal.TestMethodWorker.run(TestMethodWorker.java:109) ~[testng-6.14.3.jar:?]
	at org.testng.TestRunner.privateRun(TestRunner.java:648) ~[testng-6.14.3.jar:?]
	at org.testng.TestRunner.run(TestRunner.java:505) ~[testng-6.14.3.jar:?]
	at org.testng.SuiteRunner.runTest(SuiteRunner.java:455) ~[testng-6.14.3.jar:?]
	at org.testng.SuiteRunner.runSequentially(SuiteRunner.java:450) ~[testng-6.14.3.jar:?]
	at org.testng.SuiteRunner.privateRun(SuiteRunner.java:415) ~[testng-6.14.3.jar:?]
	at org.testng.SuiteRunner.run(SuiteRunner.java:364) ~[testng-6.14.3.jar:?]
	at org.testng.SuiteRunnerWorker.runSuite(SuiteRunnerWorker.java:52) ~[testng-6.14.3.jar:?]
	at org.testng.SuiteRunnerWorker.run(SuiteRunnerWorker.java:84) ~[testng-6.14.3.jar:?]
	at org.testng.TestNG.runSuitesSequentially(TestNG.java:1208) ~[testng-6.14.3.jar:?]
	at org.testng.TestNG.runSuitesLocally(TestNG.java:1137) ~[testng-6.14.3.jar:?]
	at org.testng.TestNG.runSuites(TestNG.java:1049) ~[testng-6.14.3.jar:?]
	at org.testng.TestNG.run(TestNG.java:1017) ~[testng-6.14.3.jar:?]
	at org.apache.maven.surefire.testng.TestNGExecutor.run(TestNGExecutor.java:308) ~[surefire-testng-3.3.0.jar:3.3.0]
	at org.apache.maven.surefire.testng.TestNGXmlTestSuite.execute(TestNGXmlTestSuite.java:71) ~[surefire-testng-3.3.0.jar:3.3.0]
	at org.apache.maven.surefire.testng.TestNGProvider.invoke(TestNGProvider.java:113) ~[surefire-testng-3.3.0.jar:3.3.0]
	at org.apache.maven.surefire.booter.ForkedBooter.runSuitesInProcess(ForkedBooter.java:385) ~[surefire-booter-3.3.0.jar:3.3.0]
	at org.apache.maven.surefire.booter.ForkedBooter.execute(ForkedBooter.java:162) ~[surefire-booter-3.3.0.jar:3.3.0]
	at org.apache.maven.surefire.booter.ForkedBooter.run(ForkedBooter.java:507) ~[surefire-booter-3.3.0.jar:3.3.0]
	at org.apache.maven.surefire.booter.ForkedBooter.main(ForkedBooter.java:495) ~[surefire-booter-3.3.0.jar:3.3.0]
17:05:52.528 [main] ERROR org.apache.poi.openxml4j.opc.PackageRelationshipCollection - Cannot convert mailto:ALPA@#$%^245234534 in a valid relationship URI-> dummy-URI used
java.net.URISyntaxException: Malformed escape pair at index 14: mailto:ALPA@#$%^245234534
	at java.net.URI$Parser.fail(URI.java:2995) ~[?:?]
	at java.net.URI$Parser.scanEscape(URI.java:3123) ~[?:?]
	at java.net.URI$Parser.scan(URI.java:3146) ~[?:?]
	at java.net.URI$Parser.checkChars(URI.java:3164) ~[?:?]
	at java.net.URI$Parser.parse(URI.java:3210) ~[?:?]
	at java.net.URI.<init>(URI.java:645) ~[?:?]
	at org.apache.poi.openxml4j.opc.PackagingURIHelper.toURI(PackagingURIHelper.java:723) ~[poi-ooxml-5.2.2.jar:5.2.2]
	at org.apache.poi.openxml4j.opc.PackageRelationshipCollection.parseRelationshipsPart(PackageRelationshipCollection.java:358) ~[poi-ooxml-5.2.2.jar:5.2.2]
	at org.apache.poi.openxml4j.opc.PackageRelationshipCollection.<init>(PackageRelationshipCollection.java:160) ~[poi-ooxml-5.2.2.jar:5.2.2]
	at org.apache.poi.openxml4j.opc.PackageRelationshipCollection.<init>(PackageRelationshipCollection.java:130) ~[poi-ooxml-5.2.2.jar:5.2.2]
	at org.apache.poi.openxml4j.opc.PackagePart.loadRelationships(PackagePart.java:565) ~[poi-ooxml-5.2.2.jar:5.2.2]
	at org.apache.poi.openxml4j.opc.OPCPackage.getParts(OPCPackage.java:745) ~[poi-ooxml-5.2.2.jar:5.2.2]
	at org.apache.poi.openxml4j.opc.OPCPackage.open(OPCPackage.java:315) ~[poi-ooxml-5.2.2.jar:5.2.2]
	at org.apache.poi.ooxml.util.PackageHelper.open(PackageHelper.java:59) ~[poi-ooxml-5.2.2.jar:5.2.2]
	at org.apache.poi.xssf.usermodel.XSSFWorkbook.<init>(XSSFWorkbook.java:289) ~[poi-ooxml-5.2.2.jar:5.2.2]
	at org.apache.poi.xssf.usermodel.XSSFWorkbook.<init>(XSSFWorkbook.java:285) ~[poi-ooxml-5.2.2.jar:5.2.2]
	at com.MOFutility.API_Excelutilities.readServiceIdFromExcel(API_Excelutilities.java:20) ~[test-classes/:?]
	at com.MOF.constants.API_URL.<clinit>(API_URL.java:187) ~[test-classes/:?]
	at com.MOFapi.MOFapi.Fetchvalid_SingleService_ValidServiceid(MOFapi.java:4891) ~[test-classes/:?]
	at jdk.internal.reflect.DirectMethodHandleAccessor.invoke(DirectMethodHandleAccessor.java:103) ~[?:?]
	at java.lang.reflect.Method.invoke(Method.java:580) ~[?:?]
	at org.testng.internal.MethodInvocationHelper.invokeMethod(MethodInvocationHelper.java:124) ~[testng-6.14.3.jar:?]
	at org.testng.internal.Invoker.invokeMethod(Invoker.java:583) ~[testng-6.14.3.jar:?]
	at org.testng.internal.Invoker.invokeTestMethod(Invoker.java:719) ~[testng-6.14.3.jar:?]
	at org.testng.internal.Invoker.invokeTestMethods(Invoker.java:989) ~[testng-6.14.3.jar:?]
	at org.testng.internal.TestMethodWorker.invokeTestMethods(TestMethodWorker.java:125) ~[testng-6.14.3.jar:?]
	at org.testng.internal.TestMethodWorker.run(TestMethodWorker.java:109) ~[testng-6.14.3.jar:?]
	at org.testng.TestRunner.privateRun(TestRunner.java:648) ~[testng-6.14.3.jar:?]
	at org.testng.TestRunner.run(TestRunner.java:505) ~[testng-6.14.3.jar:?]
	at org.testng.SuiteRunner.runTest(SuiteRunner.java:455) ~[testng-6.14.3.jar:?]
	at org.testng.SuiteRunner.runSequentially(SuiteRunner.java:450) ~[testng-6.14.3.jar:?]
	at org.testng.SuiteRunner.privateRun(SuiteRunner.java:415) ~[testng-6.14.3.jar:?]
	at org.testng.SuiteRunner.run(SuiteRunner.java:364) ~[testng-6.14.3.jar:?]
	at org.testng.SuiteRunnerWorker.runSuite(SuiteRunnerWorker.java:52) ~[testng-6.14.3.jar:?]
	at org.testng.SuiteRunnerWorker.run(SuiteRunnerWorker.java:84) ~[testng-6.14.3.jar:?]
	at org.testng.TestNG.runSuitesSequentially(TestNG.java:1208) ~[testng-6.14.3.jar:?]
	at org.testng.TestNG.runSuitesLocally(TestNG.java:1137) ~[testng-6.14.3.jar:?]
	at org.testng.TestNG.runSuites(TestNG.java:1049) ~[testng-6.14.3.jar:?]
	at org.testng.TestNG.run(TestNG.java:1017) ~[testng-6.14.3.jar:?]
	at org.apache.maven.surefire.testng.TestNGExecutor.run(TestNGExecutor.java:308) ~[surefire-testng-3.3.0.jar:3.3.0]
	at org.apache.maven.surefire.testng.TestNGXmlTestSuite.execute(TestNGXmlTestSuite.java:71) ~[surefire-testng-3.3.0.jar:3.3.0]
	at org.apache.maven.surefire.testng.TestNGProvider.invoke(TestNGProvider.java:113) ~[surefire-testng-3.3.0.jar:3.3.0]
	at org.apache.maven.surefire.booter.ForkedBooter.runSuitesInProcess(ForkedBooter.java:385) ~[surefire-booter-3.3.0.jar:3.3.0]
	at org.apache.maven.surefire.booter.ForkedBooter.execute(ForkedBooter.java:162) ~[surefire-booter-3.3.0.jar:3.3.0]
	at org.apache.maven.surefire.booter.ForkedBooter.run(ForkedBooter.java:507) ~[surefire-booter-3.3.0.jar:3.3.0]
	at org.apache.maven.surefire.booter.ForkedBooter.main(ForkedBooter.java:495) ~[surefire-booter-3.3.0.jar:3.3.0]
17:05:52.536 [main] ERROR org.apache.poi.openxml4j.opc.PackageRelationshipCollection - Cannot convert mailto:ALPHAAAAAA@@@@@!@##$$$%12344 in a valid relationship URI-> dummy-URI used
java.net.URISyntaxException: Illegal character in fragment at index 25: mailto:ALPHAAAAAA@@@@@!@##$$$%12344
	at java.net.URI$Parser.fail(URI.java:2995) ~[?:?]
	at java.net.URI$Parser.checkChars(URI.java:3166) ~[?:?]
	at java.net.URI$Parser.parse(URI.java:3210) ~[?:?]
	at java.net.URI.<init>(URI.java:645) ~[?:?]
	at org.apache.poi.openxml4j.opc.PackagingURIHelper.toURI(PackagingURIHelper.java:723) ~[poi-ooxml-5.2.2.jar:5.2.2]
	at org.apache.poi.openxml4j.opc.PackageRelationshipCollection.parseRelationshipsPart(PackageRelationshipCollection.java:358) ~[poi-ooxml-5.2.2.jar:5.2.2]
	at org.apache.poi.openxml4j.opc.PackageRelationshipCollection.<init>(PackageRelationshipCollection.java:160) ~[poi-ooxml-5.2.2.jar:5.2.2]
	at org.apache.poi.openxml4j.opc.PackageRelationshipCollection.<init>(PackageRelationshipCollection.java:130) ~[poi-ooxml-5.2.2.jar:5.2.2]
	at org.apache.poi.openxml4j.opc.PackagePart.loadRelationships(PackagePart.java:565) ~[poi-ooxml-5.2.2.jar:5.2.2]
	at org.apache.poi.openxml4j.opc.OPCPackage.getParts(OPCPackage.java:745) ~[poi-ooxml-5.2.2.jar:5.2.2]
	at org.apache.poi.openxml4j.opc.OPCPackage.open(OPCPackage.java:315) ~[poi-ooxml-5.2.2.jar:5.2.2]
	at org.apache.poi.ooxml.util.PackageHelper.open(PackageHelper.java:59) ~[poi-ooxml-5.2.2.jar:5.2.2]
	at org.apache.poi.xssf.usermodel.XSSFWorkbook.<init>(XSSFWorkbook.java:289) ~[poi-ooxml-5.2.2.jar:5.2.2]
	at org.apache.poi.xssf.usermodel.XSSFWorkbook.<init>(XSSFWorkbook.java:285) ~[poi-ooxml-5.2.2.jar:5.2.2]
	at com.MOFutility.API_Excelutilities.readServiceIdFromExcel(API_Excelutilities.java:20) ~[test-classes/:?]
	at com.MOF.constants.API_URL.<clinit>(API_URL.java:187) ~[test-classes/:?]
	at com.MOFapi.MOFapi.Fetchvalid_SingleService_ValidServiceid(MOFapi.java:4891) ~[test-classes/:?]
	at jdk.internal.reflect.DirectMethodHandleAccessor.invoke(DirectMethodHandleAccessor.java:103) ~[?:?]
	at java.lang.reflect.Method.invoke(Method.java:580) ~[?:?]
	at org.testng.internal.MethodInvocationHelper.invokeMethod(MethodInvocationHelper.java:124) ~[testng-6.14.3.jar:?]
	at org.testng.internal.Invoker.invokeMethod(Invoker.java:583) ~[testng-6.14.3.jar:?]
	at org.testng.internal.Invoker.invokeTestMethod(Invoker.java:719) ~[testng-6.14.3.jar:?]
	at org.testng.internal.Invoker.invokeTestMethods(Invoker.java:989) ~[testng-6.14.3.jar:?]
	at org.testng.internal.TestMethodWorker.invokeTestMethods(TestMethodWorker.java:125) ~[testng-6.14.3.jar:?]
	at org.testng.internal.TestMethodWorker.run(TestMethodWorker.java:109) ~[testng-6.14.3.jar:?]
	at org.testng.TestRunner.privateRun(TestRunner.java:648) ~[testng-6.14.3.jar:?]
	at org.testng.TestRunner.run(TestRunner.java:505) ~[testng-6.14.3.jar:?]
	at org.testng.SuiteRunner.runTest(SuiteRunner.java:455) ~[testng-6.14.3.jar:?]
	at org.testng.SuiteRunner.runSequentially(SuiteRunner.java:450) ~[testng-6.14.3.jar:?]
	at org.testng.SuiteRunner.privateRun(SuiteRunner.java:415) ~[testng-6.14.3.jar:?]
	at org.testng.SuiteRunner.run(SuiteRunner.java:364) ~[testng-6.14.3.jar:?]
	at org.testng.SuiteRunnerWorker.runSuite(SuiteRunnerWorker.java:52) ~[testng-6.14.3.jar:?]
	at org.testng.SuiteRunnerWorker.run(SuiteRunnerWorker.java:84) ~[testng-6.14.3.jar:?]
	at org.testng.TestNG.runSuitesSequentially(TestNG.java:1208) ~[testng-6.14.3.jar:?]
	at org.testng.TestNG.runSuitesLocally(TestNG.java:1137) ~[testng-6.14.3.jar:?]
	at org.testng.TestNG.runSuites(TestNG.java:1049) ~[testng-6.14.3.jar:?]
	at org.testng.TestNG.run(TestNG.java:1017) ~[testng-6.14.3.jar:?]
	at org.apache.maven.surefire.testng.TestNGExecutor.run(TestNGExecutor.java:308) ~[surefire-testng-3.3.0.jar:3.3.0]
	at org.apache.maven.surefire.testng.TestNGXmlTestSuite.execute(TestNGXmlTestSuite.java:71) ~[surefire-testng-3.3.0.jar:3.3.0]
	at org.apache.maven.surefire.testng.TestNGProvider.invoke(TestNGProvider.java:113) ~[surefire-testng-3.3.0.jar:3.3.0]
	at org.apache.maven.surefire.booter.ForkedBooter.runSuitesInProcess(ForkedBooter.java:385) ~[surefire-booter-3.3.0.jar:3.3.0]
	at org.apache.maven.surefire.booter.ForkedBooter.execute(ForkedBooter.java:162) ~[surefire-booter-3.3.0.jar:3.3.0]
	at org.apache.maven.surefire.booter.ForkedBooter.run(ForkedBooter.java:507) ~[surefire-booter-3.3.0.jar:3.3.0]
	at org.apache.maven.surefire.booter.ForkedBooter.main(ForkedBooter.java:495) ~[surefire-booter-3.3.0.jar:3.3.0]
17:05:52.552 [main] ERROR org.apache.poi.openxml4j.opc.PackageRelationshipCollection - Cannot convert mailto:2343456378912@#&^*gvadhfbjnf in a valid relationship URI-> dummy-URI used
java.net.URISyntaxException: Illegal character in fragment at index 23: mailto:2343456378912@#&^*gvadhfbjnf
	at java.net.URI$Parser.fail(URI.java:2995) ~[?:?]
	at java.net.URI$Parser.checkChars(URI.java:3166) ~[?:?]
	at java.net.URI$Parser.parse(URI.java:3210) ~[?:?]
	at java.net.URI.<init>(URI.java:645) ~[?:?]
	at org.apache.poi.openxml4j.opc.PackagingURIHelper.toURI(PackagingURIHelper.java:723) ~[poi-ooxml-5.2.2.jar:5.2.2]
	at org.apache.poi.openxml4j.opc.PackageRelationshipCollection.parseRelationshipsPart(PackageRelationshipCollection.java:358) ~[poi-ooxml-5.2.2.jar:5.2.2]
	at org.apache.poi.openxml4j.opc.PackageRelationshipCollection.<init>(PackageRelationshipCollection.java:160) ~[poi-ooxml-5.2.2.jar:5.2.2]
	at org.apache.poi.openxml4j.opc.PackageRelationshipCollection.<init>(PackageRelationshipCollection.java:130) ~[poi-ooxml-5.2.2.jar:5.2.2]
	at org.apache.poi.openxml4j.opc.PackagePart.loadRelationships(PackagePart.java:565) ~[poi-ooxml-5.2.2.jar:5.2.2]
	at org.apache.poi.openxml4j.opc.OPCPackage.getParts(OPCPackage.java:745) ~[poi-ooxml-5.2.2.jar:5.2.2]
	at org.apache.poi.openxml4j.opc.OPCPackage.open(OPCPackage.java:315) ~[poi-ooxml-5.2.2.jar:5.2.2]
	at org.apache.poi.ooxml.util.PackageHelper.open(PackageHelper.java:59) ~[poi-ooxml-5.2.2.jar:5.2.2]
	at org.apache.poi.xssf.usermodel.XSSFWorkbook.<init>(XSSFWorkbook.java:289) ~[poi-ooxml-5.2.2.jar:5.2.2]
	at org.apache.poi.xssf.usermodel.XSSFWorkbook.<init>(XSSFWorkbook.java:285) ~[poi-ooxml-5.2.2.jar:5.2.2]
	at com.MOFutility.API_Excelutilities.readServiceIdFromExcel(API_Excelutilities.java:20) ~[test-classes/:?]
	at com.MOF.constants.API_URL.<clinit>(API_URL.java:187) ~[test-classes/:?]
	at com.MOFapi.MOFapi.Fetchvalid_SingleService_ValidServiceid(MOFapi.java:4891) ~[test-classes/:?]
	at jdk.internal.reflect.DirectMethodHandleAccessor.invoke(DirectMethodHandleAccessor.java:103) ~[?:?]
	at java.lang.reflect.Method.invoke(Method.java:580) ~[?:?]
	at org.testng.internal.MethodInvocationHelper.invokeMethod(MethodInvocationHelper.java:124) ~[testng-6.14.3.jar:?]
	at org.testng.internal.Invoker.invokeMethod(Invoker.java:583) ~[testng-6.14.3.jar:?]
	at org.testng.internal.Invoker.invokeTestMethod(Invoker.java:719) ~[testng-6.14.3.jar:?]
	at org.testng.internal.Invoker.invokeTestMethods(Invoker.java:989) ~[testng-6.14.3.jar:?]
	at org.testng.internal.TestMethodWorker.invokeTestMethods(TestMethodWorker.java:125) ~[testng-6.14.3.jar:?]
	at org.testng.internal.TestMethodWorker.run(TestMethodWorker.java:109) ~[testng-6.14.3.jar:?]
	at org.testng.TestRunner.privateRun(TestRunner.java:648) ~[testng-6.14.3.jar:?]
	at org.testng.TestRunner.run(TestRunner.java:505) ~[testng-6.14.3.jar:?]
	at org.testng.SuiteRunner.runTest(SuiteRunner.java:455) ~[testng-6.14.3.jar:?]
	at org.testng.SuiteRunner.runSequentially(SuiteRunner.java:450) ~[testng-6.14.3.jar:?]
	at org.testng.SuiteRunner.privateRun(SuiteRunner.java:415) ~[testng-6.14.3.jar:?]
	at org.testng.SuiteRunner.run(SuiteRunner.java:364) ~[testng-6.14.3.jar:?]
	at org.testng.SuiteRunnerWorker.runSuite(SuiteRunnerWorker.java:52) ~[testng-6.14.3.jar:?]
	at org.testng.SuiteRunnerWorker.run(SuiteRunnerWorker.java:84) ~[testng-6.14.3.jar:?]
	at org.testng.TestNG.runSuitesSequentially(TestNG.java:1208) ~[testng-6.14.3.jar:?]
	at org.testng.TestNG.runSuitesLocally(TestNG.java:1137) ~[testng-6.14.3.jar:?]
	at org.testng.TestNG.runSuites(TestNG.java:1049) ~[testng-6.14.3.jar:?]
	at org.testng.TestNG.run(TestNG.java:1017) ~[testng-6.14.3.jar:?]
	at org.apache.maven.surefire.testng.TestNGExecutor.run(TestNGExecutor.java:308) ~[surefire-testng-3.3.0.jar:3.3.0]
	at org.apache.maven.surefire.testng.TestNGXmlTestSuite.execute(TestNGXmlTestSuite.java:71) ~[surefire-testng-3.3.0.jar:3.3.0]
	at org.apache.maven.surefire.testng.TestNGProvider.invoke(TestNGProvider.java:113) ~[surefire-testng-3.3.0.jar:3.3.0]
	at org.apache.maven.surefire.booter.ForkedBooter.runSuitesInProcess(ForkedBooter.java:385) ~[surefire-booter-3.3.0.jar:3.3.0]
	at org.apache.maven.surefire.booter.ForkedBooter.execute(ForkedBooter.java:162) ~[surefire-booter-3.3.0.jar:3.3.0]
	at org.apache.maven.surefire.booter.ForkedBooter.run(ForkedBooter.java:507) ~[surefire-booter-3.3.0.jar:3.3.0]
	at org.apache.maven.surefire.booter.ForkedBooter.main(ForkedBooter.java:495) ~[surefire-booter-3.3.0.jar:3.3.0]
17:05:52.626 [main] ERROR org.apache.poi.openxml4j.opc.PackageRelationshipCollection - Cannot convert mailto:ALPA@#$%^245234534 in a valid relationship URI-> dummy-URI used
java.net.URISyntaxException: Malformed escape pair at index 14: mailto:ALPA@#$%^245234534
	at java.net.URI$Parser.fail(URI.java:2995) ~[?:?]
	at java.net.URI$Parser.scanEscape(URI.java:3123) ~[?:?]
	at java.net.URI$Parser.scan(URI.java:3146) ~[?:?]
	at java.net.URI$Parser.checkChars(URI.java:3164) ~[?:?]
	at java.net.URI$Parser.parse(URI.java:3210) ~[?:?]
	at java.net.URI.<init>(URI.java:645) ~[?:?]
	at org.apache.poi.openxml4j.opc.PackagingURIHelper.toURI(PackagingURIHelper.java:723) ~[poi-ooxml-5.2.2.jar:5.2.2]
	at org.apache.poi.openxml4j.opc.PackageRelationshipCollection.parseRelationshipsPart(PackageRelationshipCollection.java:358) ~[poi-ooxml-5.2.2.jar:5.2.2]
	at org.apache.poi.openxml4j.opc.PackageRelationshipCollection.<init>(PackageRelationshipCollection.java:160) ~[poi-ooxml-5.2.2.jar:5.2.2]
	at org.apache.poi.openxml4j.opc.PackageRelationshipCollection.<init>(PackageRelationshipCollection.java:130) ~[poi-ooxml-5.2.2.jar:5.2.2]
	at org.apache.poi.openxml4j.opc.PackagePart.loadRelationships(PackagePart.java:565) ~[poi-ooxml-5.2.2.jar:5.2.2]
	at org.apache.poi.openxml4j.opc.OPCPackage.getParts(OPCPackage.java:745) ~[poi-ooxml-5.2.2.jar:5.2.2]
	at org.apache.poi.openxml4j.opc.OPCPackage.open(OPCPackage.java:315) ~[poi-ooxml-5.2.2.jar:5.2.2]
	at org.apache.poi.ooxml.util.PackageHelper.open(PackageHelper.java:59) ~[poi-ooxml-5.2.2.jar:5.2.2]
	at org.apache.poi.xssf.usermodel.XSSFWorkbook.<init>(XSSFWorkbook.java:289) ~[poi-ooxml-5.2.2.jar:5.2.2]
	at org.apache.poi.xssf.usermodel.XSSFWorkbook.<init>(XSSFWorkbook.java:285) ~[poi-ooxml-5.2.2.jar:5.2.2]
	at com.MOFutility.API_Excelutilities.readServiceIdFromExcel(API_Excelutilities.java:20) ~[test-classes/:?]
	at com.MOF.constants.API_URL.<clinit>(API_URL.java:188) ~[test-classes/:?]
	at com.MOFapi.MOFapi.Fetchvalid_SingleService_ValidServiceid(MOFapi.java:4891) ~[test-classes/:?]
	at jdk.internal.reflect.DirectMethodHandleAccessor.invoke(DirectMethodHandleAccessor.java:103) ~[?:?]
	at java.lang.reflect.Method.invoke(Method.java:580) ~[?:?]
	at org.testng.internal.MethodInvocationHelper.invokeMethod(MethodInvocationHelper.java:124) ~[testng-6.14.3.jar:?]
	at org.testng.internal.Invoker.invokeMethod(Invoker.java:583) ~[testng-6.14.3.jar:?]
	at org.testng.internal.Invoker.invokeTestMethod(Invoker.java:719) ~[testng-6.14.3.jar:?]
	at org.testng.internal.Invoker.invokeTestMethods(Invoker.java:989) ~[testng-6.14.3.jar:?]
	at org.testng.internal.TestMethodWorker.invokeTestMethods(TestMethodWorker.java:125) ~[testng-6.14.3.jar:?]
	at org.testng.internal.TestMethodWorker.run(TestMethodWorker.java:109) ~[testng-6.14.3.jar:?]
	at org.testng.TestRunner.privateRun(TestRunner.java:648) ~[testng-6.14.3.jar:?]
	at org.testng.TestRunner.run(TestRunner.java:505) ~[testng-6.14.3.jar:?]
	at org.testng.SuiteRunner.runTest(SuiteRunner.java:455) ~[testng-6.14.3.jar:?]
	at org.testng.SuiteRunner.runSequentially(SuiteRunner.java:450) ~[testng-6.14.3.jar:?]
	at org.testng.SuiteRunner.privateRun(SuiteRunner.java:415) ~[testng-6.14.3.jar:?]
	at org.testng.SuiteRunner.run(SuiteRunner.java:364) ~[testng-6.14.3.jar:?]
	at org.testng.SuiteRunnerWorker.runSuite(SuiteRunnerWorker.java:52) ~[testng-6.14.3.jar:?]
	at org.testng.SuiteRunnerWorker.run(SuiteRunnerWorker.java:84) ~[testng-6.14.3.jar:?]
	at org.testng.TestNG.runSuitesSequentially(TestNG.java:1208) ~[testng-6.14.3.jar:?]
	at org.testng.TestNG.runSuitesLocally(TestNG.java:1137) ~[testng-6.14.3.jar:?]
	at org.testng.TestNG.runSuites(TestNG.java:1049) ~[testng-6.14.3.jar:?]
	at org.testng.TestNG.run(TestNG.java:1017) ~[testng-6.14.3.jar:?]
	at org.apache.maven.surefire.testng.TestNGExecutor.run(TestNGExecutor.java:308) ~[surefire-testng-3.3.0.jar:3.3.0]
	at org.apache.maven.surefire.testng.TestNGXmlTestSuite.execute(TestNGXmlTestSuite.java:71) ~[surefire-testng-3.3.0.jar:3.3.0]
	at org.apache.maven.surefire.testng.TestNGProvider.invoke(TestNGProvider.java:113) ~[surefire-testng-3.3.0.jar:3.3.0]
	at org.apache.maven.surefire.booter.ForkedBooter.runSuitesInProcess(ForkedBooter.java:385) ~[surefire-booter-3.3.0.jar:3.3.0]
	at org.apache.maven.surefire.booter.ForkedBooter.execute(ForkedBooter.java:162) ~[surefire-booter-3.3.0.jar:3.3.0]
	at org.apache.maven.surefire.booter.ForkedBooter.run(ForkedBooter.java:507) ~[surefire-booter-3.3.0.jar:3.3.0]
	at org.apache.maven.surefire.booter.ForkedBooter.main(ForkedBooter.java:495) ~[surefire-booter-3.3.0.jar:3.3.0]
17:05:52.627 [main] ERROR org.apache.poi.openxml4j.opc.PackageRelationshipCollection - Cannot convert mailto:ALPHAAAAAA@@@@@!@##$$$%12344 in a valid relationship URI-> dummy-URI used
java.net.URISyntaxException: Illegal character in fragment at index 25: mailto:ALPHAAAAAA@@@@@!@##$$$%12344
	at java.net.URI$Parser.fail(URI.java:2995) ~[?:?]
	at java.net.URI$Parser.checkChars(URI.java:3166) ~[?:?]
	at java.net.URI$Parser.parse(URI.java:3210) ~[?:?]
	at java.net.URI.<init>(URI.java:645) ~[?:?]
	at org.apache.poi.openxml4j.opc.PackagingURIHelper.toURI(PackagingURIHelper.java:723) ~[poi-ooxml-5.2.2.jar:5.2.2]
	at org.apache.poi.openxml4j.opc.PackageRelationshipCollection.parseRelationshipsPart(PackageRelationshipCollection.java:358) ~[poi-ooxml-5.2.2.jar:5.2.2]
	at org.apache.poi.openxml4j.opc.PackageRelationshipCollection.<init>(PackageRelationshipCollection.java:160) ~[poi-ooxml-5.2.2.jar:5.2.2]
	at org.apache.poi.openxml4j.opc.PackageRelationshipCollection.<init>(PackageRelationshipCollection.java:130) ~[poi-ooxml-5.2.2.jar:5.2.2]
	at org.apache.poi.openxml4j.opc.PackagePart.loadRelationships(PackagePart.java:565) ~[poi-ooxml-5.2.2.jar:5.2.2]
	at org.apache.poi.openxml4j.opc.OPCPackage.getParts(OPCPackage.java:745) ~[poi-ooxml-5.2.2.jar:5.2.2]
	at org.apache.poi.openxml4j.opc.OPCPackage.open(OPCPackage.java:315) ~[poi-ooxml-5.2.2.jar:5.2.2]
	at org.apache.poi.ooxml.util.PackageHelper.open(PackageHelper.java:59) ~[poi-ooxml-5.2.2.jar:5.2.2]
	at org.apache.poi.xssf.usermodel.XSSFWorkbook.<init>(XSSFWorkbook.java:289) ~[poi-ooxml-5.2.2.jar:5.2.2]
	at org.apache.poi.xssf.usermodel.XSSFWorkbook.<init>(XSSFWorkbook.java:285) ~[poi-ooxml-5.2.2.jar:5.2.2]
	at com.MOFutility.API_Excelutilities.readServiceIdFromExcel(API_Excelutilities.java:20) ~[test-classes/:?]
	at com.MOF.constants.API_URL.<clinit>(API_URL.java:188) ~[test-classes/:?]
	at com.MOFapi.MOFapi.Fetchvalid_SingleService_ValidServiceid(MOFapi.java:4891) ~[test-classes/:?]
	at jdk.internal.reflect.DirectMethodHandleAccessor.invoke(DirectMethodHandleAccessor.java:103) ~[?:?]
	at java.lang.reflect.Method.invoke(Method.java:580) ~[?:?]
	at org.testng.internal.MethodInvocationHelper.invokeMethod(MethodInvocationHelper.java:124) ~[testng-6.14.3.jar:?]
	at org.testng.internal.Invoker.invokeMethod(Invoker.java:583) ~[testng-6.14.3.jar:?]
	at org.testng.internal.Invoker.invokeTestMethod(Invoker.java:719) ~[testng-6.14.3.jar:?]
	at org.testng.internal.Invoker.invokeTestMethods(Invoker.java:989) ~[testng-6.14.3.jar:?]
	at org.testng.internal.TestMethodWorker.invokeTestMethods(TestMethodWorker.java:125) ~[testng-6.14.3.jar:?]
	at org.testng.internal.TestMethodWorker.run(TestMethodWorker.java:109) ~[testng-6.14.3.jar:?]
	at org.testng.TestRunner.privateRun(TestRunner.java:648) ~[testng-6.14.3.jar:?]
	at org.testng.TestRunner.run(TestRunner.java:505) ~[testng-6.14.3.jar:?]
	at org.testng.SuiteRunner.runTest(SuiteRunner.java:455) ~[testng-6.14.3.jar:?]
	at org.testng.SuiteRunner.runSequentially(SuiteRunner.java:450) ~[testng-6.14.3.jar:?]
	at org.testng.SuiteRunner.privateRun(SuiteRunner.java:415) ~[testng-6.14.3.jar:?]
	at org.testng.SuiteRunner.run(SuiteRunner.java:364) ~[testng-6.14.3.jar:?]
	at org.testng.SuiteRunnerWorker.runSuite(SuiteRunnerWorker.java:52) ~[testng-6.14.3.jar:?]
	at org.testng.SuiteRunnerWorker.run(SuiteRunnerWorker.java:84) ~[testng-6.14.3.jar:?]
	at org.testng.TestNG.runSuitesSequentially(TestNG.java:1208) ~[testng-6.14.3.jar:?]
	at org.testng.TestNG.runSuitesLocally(TestNG.java:1137) ~[testng-6.14.3.jar:?]
	at org.testng.TestNG.runSuites(TestNG.java:1049) ~[testng-6.14.3.jar:?]
	at org.testng.TestNG.run(TestNG.java:1017) ~[testng-6.14.3.jar:?]
	at org.apache.maven.surefire.testng.TestNGExecutor.run(TestNGExecutor.java:308) ~[surefire-testng-3.3.0.jar:3.3.0]
	at org.apache.maven.surefire.testng.TestNGXmlTestSuite.execute(TestNGXmlTestSuite.java:71) ~[surefire-testng-3.3.0.jar:3.3.0]
	at org.apache.maven.surefire.testng.TestNGProvider.invoke(TestNGProvider.java:113) ~[surefire-testng-3.3.0.jar:3.3.0]
	at org.apache.maven.surefire.booter.ForkedBooter.runSuitesInProcess(ForkedBooter.java:385) ~[surefire-booter-3.3.0.jar:3.3.0]
	at org.apache.maven.surefire.booter.ForkedBooter.execute(ForkedBooter.java:162) ~[surefire-booter-3.3.0.jar:3.3.0]
	at org.apache.maven.surefire.booter.ForkedBooter.run(ForkedBooter.java:507) ~[surefire-booter-3.3.0.jar:3.3.0]
	at org.apache.maven.surefire.booter.ForkedBooter.main(ForkedBooter.java:495) ~[surefire-booter-3.3.0.jar:3.3.0]
17:05:52.629 [main] ERROR org.apache.poi.openxml4j.opc.PackageRelationshipCollection - Cannot convert mailto:2343456378912@#&^*gvadhfbjnf in a valid relationship URI-> dummy-URI used
java.net.URISyntaxException: Illegal character in fragment at index 23: mailto:2343456378912@#&^*gvadhfbjnf
	at java.net.URI$Parser.fail(URI.java:2995) ~[?:?]
	at java.net.URI$Parser.checkChars(URI.java:3166) ~[?:?]
	at java.net.URI$Parser.parse(URI.java:3210) ~[?:?]
	at java.net.URI.<init>(URI.java:645) ~[?:?]
	at org.apache.poi.openxml4j.opc.PackagingURIHelper.toURI(PackagingURIHelper.java:723) ~[poi-ooxml-5.2.2.jar:5.2.2]
	at org.apache.poi.openxml4j.opc.PackageRelationshipCollection.parseRelationshipsPart(PackageRelationshipCollection.java:358) ~[poi-ooxml-5.2.2.jar:5.2.2]
	at org.apache.poi.openxml4j.opc.PackageRelationshipCollection.<init>(PackageRelationshipCollection.java:160) ~[poi-ooxml-5.2.2.jar:5.2.2]
	at org.apache.poi.openxml4j.opc.PackageRelationshipCollection.<init>(PackageRelationshipCollection.java:130) ~[poi-ooxml-5.2.2.jar:5.2.2]
	at org.apache.poi.openxml4j.opc.PackagePart.loadRelationships(PackagePart.java:565) ~[poi-ooxml-5.2.2.jar:5.2.2]
	at org.apache.poi.openxml4j.opc.OPCPackage.getParts(OPCPackage.java:745) ~[poi-ooxml-5.2.2.jar:5.2.2]
	at org.apache.poi.openxml4j.opc.OPCPackage.open(OPCPackage.java:315) ~[poi-ooxml-5.2.2.jar:5.2.2]
	at org.apache.poi.ooxml.util.PackageHelper.open(PackageHelper.java:59) ~[poi-ooxml-5.2.2.jar:5.2.2]
	at org.apache.poi.xssf.usermodel.XSSFWorkbook.<init>(XSSFWorkbook.java:289) ~[poi-ooxml-5.2.2.jar:5.2.2]
	at org.apache.poi.xssf.usermodel.XSSFWorkbook.<init>(XSSFWorkbook.java:285) ~[poi-ooxml-5.2.2.jar:5.2.2]
	at com.MOFutility.API_Excelutilities.readServiceIdFromExcel(API_Excelutilities.java:20) ~[test-classes/:?]
	at com.MOF.constants.API_URL.<clinit>(API_URL.java:188) ~[test-classes/:?]
	at com.MOFapi.MOFapi.Fetchvalid_SingleService_ValidServiceid(MOFapi.java:4891) ~[test-classes/:?]
	at jdk.internal.reflect.DirectMethodHandleAccessor.invoke(DirectMethodHandleAccessor.java:103) ~[?:?]
	at java.lang.reflect.Method.invoke(Method.java:580) ~[?:?]
	at org.testng.internal.MethodInvocationHelper.invokeMethod(MethodInvocationHelper.java:124) ~[testng-6.14.3.jar:?]
	at org.testng.internal.Invoker.invokeMethod(Invoker.java:583) ~[testng-6.14.3.jar:?]
	at org.testng.internal.Invoker.invokeTestMethod(Invoker.java:719) ~[testng-6.14.3.jar:?]
	at org.testng.internal.Invoker.invokeTestMethods(Invoker.java:989) ~[testng-6.14.3.jar:?]
	at org.testng.internal.TestMethodWorker.invokeTestMethods(TestMethodWorker.java:125) ~[testng-6.14.3.jar:?]
	at org.testng.internal.TestMethodWorker.run(TestMethodWorker.java:109) ~[testng-6.14.3.jar:?]
	at org.testng.TestRunner.privateRun(TestRunner.java:648) ~[testng-6.14.3.jar:?]
	at org.testng.TestRunner.run(TestRunner.java:505) ~[testng-6.14.3.jar:?]
	at org.testng.SuiteRunner.runTest(SuiteRunner.java:455) ~[testng-6.14.3.jar:?]
	at org.testng.SuiteRunner.runSequentially(SuiteRunner.java:450) ~[testng-6.14.3.jar:?]
	at org.testng.SuiteRunner.privateRun(SuiteRunner.java:415) ~[testng-6.14.3.jar:?]
	at org.testng.SuiteRunner.run(SuiteRunner.java:364) ~[testng-6.14.3.jar:?]
	at org.testng.SuiteRunnerWorker.runSuite(SuiteRunnerWorker.java:52) ~[testng-6.14.3.jar:?]
	at org.testng.SuiteRunnerWorker.run(SuiteRunnerWorker.java:84) ~[testng-6.14.3.jar:?]
	at org.testng.TestNG.runSuitesSequentially(TestNG.java:1208) ~[testng-6.14.3.jar:?]
	at org.testng.TestNG.runSuitesLocally(TestNG.java:1137) ~[testng-6.14.3.jar:?]
	at org.testng.TestNG.runSuites(TestNG.java:1049) ~[testng-6.14.3.jar:?]
	at org.testng.TestNG.run(TestNG.java:1017) ~[testng-6.14.3.jar:?]
	at org.apache.maven.surefire.testng.TestNGExecutor.run(TestNGExecutor.java:308) ~[surefire-testng-3.3.0.jar:3.3.0]
	at org.apache.maven.surefire.testng.TestNGXmlTestSuite.execute(TestNGXmlTestSuite.java:71) ~[surefire-testng-3.3.0.jar:3.3.0]
	at org.apache.maven.surefire.testng.TestNGProvider.invoke(TestNGProvider.java:113) ~[surefire-testng-3.3.0.jar:3.3.0]
	at org.apache.maven.surefire.booter.ForkedBooter.runSuitesInProcess(ForkedBooter.java:385) ~[surefire-booter-3.3.0.jar:3.3.0]
	at org.apache.maven.surefire.booter.ForkedBooter.execute(ForkedBooter.java:162) ~[surefire-booter-3.3.0.jar:3.3.0]
	at org.apache.maven.surefire.booter.ForkedBooter.run(ForkedBooter.java:507) ~[surefire-booter-3.3.0.jar:3.3.0]
	at org.apache.maven.surefire.booter.ForkedBooter.main(ForkedBooter.java:495) ~[surefire-booter-3.3.0.jar:3.3.0]
17:05:52.678 [main] ERROR org.apache.poi.openxml4j.opc.PackageRelationshipCollection - Cannot convert mailto:ALPA@#$%^245234534 in a valid relationship URI-> dummy-URI used
java.net.URISyntaxException: Malformed escape pair at index 14: mailto:ALPA@#$%^245234534
	at java.net.URI$Parser.fail(URI.java:2995) ~[?:?]
	at java.net.URI$Parser.scanEscape(URI.java:3123) ~[?:?]
	at java.net.URI$Parser.scan(URI.java:3146) ~[?:?]
	at java.net.URI$Parser.checkChars(URI.java:3164) ~[?:?]
	at java.net.URI$Parser.parse(URI.java:3210) ~[?:?]
	at java.net.URI.<init>(URI.java:645) ~[?:?]
	at org.apache.poi.openxml4j.opc.PackagingURIHelper.toURI(PackagingURIHelper.java:723) ~[poi-ooxml-5.2.2.jar:5.2.2]
	at org.apache.poi.openxml4j.opc.PackageRelationshipCollection.parseRelationshipsPart(PackageRelationshipCollection.java:358) ~[poi-ooxml-5.2.2.jar:5.2.2]
	at org.apache.poi.openxml4j.opc.PackageRelationshipCollection.<init>(PackageRelationshipCollection.java:160) ~[poi-ooxml-5.2.2.jar:5.2.2]
	at org.apache.poi.openxml4j.opc.PackageRelationshipCollection.<init>(PackageRelationshipCollection.java:130) ~[poi-ooxml-5.2.2.jar:5.2.2]
	at org.apache.poi.openxml4j.opc.PackagePart.loadRelationships(PackagePart.java:565) ~[poi-ooxml-5.2.2.jar:5.2.2]
	at org.apache.poi.openxml4j.opc.OPCPackage.getParts(OPCPackage.java:745) ~[poi-ooxml-5.2.2.jar:5.2.2]
	at org.apache.poi.openxml4j.opc.OPCPackage.open(OPCPackage.java:315) ~[poi-ooxml-5.2.2.jar:5.2.2]
	at org.apache.poi.ooxml.util.PackageHelper.open(PackageHelper.java:59) ~[poi-ooxml-5.2.2.jar:5.2.2]
	at org.apache.poi.xssf.usermodel.XSSFWorkbook.<init>(XSSFWorkbook.java:289) ~[poi-ooxml-5.2.2.jar:5.2.2]
	at org.apache.poi.xssf.usermodel.XSSFWorkbook.<init>(XSSFWorkbook.java:285) ~[poi-ooxml-5.2.2.jar:5.2.2]
	at com.MOFutility.API_Excelutilities.readServiceIdFromExcel(API_Excelutilities.java:20) ~[test-classes/:?]
	at com.MOF.constants.API_URL.<clinit>(API_URL.java:189) ~[test-classes/:?]
	at com.MOFapi.MOFapi.Fetchvalid_SingleService_ValidServiceid(MOFapi.java:4891) ~[test-classes/:?]
	at jdk.internal.reflect.DirectMethodHandleAccessor.invoke(DirectMethodHandleAccessor.java:103) ~[?:?]
	at java.lang.reflect.Method.invoke(Method.java:580) ~[?:?]
	at org.testng.internal.MethodInvocationHelper.invokeMethod(MethodInvocationHelper.java:124) ~[testng-6.14.3.jar:?]
	at org.testng.internal.Invoker.invokeMethod(Invoker.java:583) ~[testng-6.14.3.jar:?]
	at org.testng.internal.Invoker.invokeTestMethod(Invoker.java:719) ~[testng-6.14.3.jar:?]
	at org.testng.internal.Invoker.invokeTestMethods(Invoker.java:989) ~[testng-6.14.3.jar:?]
	at org.testng.internal.TestMethodWorker.invokeTestMethods(TestMethodWorker.java:125) ~[testng-6.14.3.jar:?]
	at org.testng.internal.TestMethodWorker.run(TestMethodWorker.java:109) ~[testng-6.14.3.jar:?]
	at org.testng.TestRunner.privateRun(TestRunner.java:648) ~[testng-6.14.3.jar:?]
	at org.testng.TestRunner.run(TestRunner.java:505) ~[testng-6.14.3.jar:?]
	at org.testng.SuiteRunner.runTest(SuiteRunner.java:455) ~[testng-6.14.3.jar:?]
	at org.testng.SuiteRunner.runSequentially(SuiteRunner.java:450) ~[testng-6.14.3.jar:?]
	at org.testng.SuiteRunner.privateRun(SuiteRunner.java:415) ~[testng-6.14.3.jar:?]
	at org.testng.SuiteRunner.run(SuiteRunner.java:364) ~[testng-6.14.3.jar:?]
	at org.testng.SuiteRunnerWorker.runSuite(SuiteRunnerWorker.java:52) ~[testng-6.14.3.jar:?]
	at org.testng.SuiteRunnerWorker.run(SuiteRunnerWorker.java:84) ~[testng-6.14.3.jar:?]
	at org.testng.TestNG.runSuitesSequentially(TestNG.java:1208) ~[testng-6.14.3.jar:?]
	at org.testng.TestNG.runSuitesLocally(TestNG.java:1137) ~[testng-6.14.3.jar:?]
	at org.testng.TestNG.runSuites(TestNG.java:1049) ~[testng-6.14.3.jar:?]
	at org.testng.TestNG.run(TestNG.java:1017) ~[testng-6.14.3.jar:?]
	at org.apache.maven.surefire.testng.TestNGExecutor.run(TestNGExecutor.java:308) ~[surefire-testng-3.3.0.jar:3.3.0]
	at org.apache.maven.surefire.testng.TestNGXmlTestSuite.execute(TestNGXmlTestSuite.java:71) ~[surefire-testng-3.3.0.jar:3.3.0]
	at org.apache.maven.surefire.testng.TestNGProvider.invoke(TestNGProvider.java:113) ~[surefire-testng-3.3.0.jar:3.3.0]
	at org.apache.maven.surefire.booter.ForkedBooter.runSuitesInProcess(ForkedBooter.java:385) ~[surefire-booter-3.3.0.jar:3.3.0]
	at org.apache.maven.surefire.booter.ForkedBooter.execute(ForkedBooter.java:162) ~[surefire-booter-3.3.0.jar:3.3.0]
	at org.apache.maven.surefire.booter.ForkedBooter.run(ForkedBooter.java:507) ~[surefire-booter-3.3.0.jar:3.3.0]
	at org.apache.maven.surefire.booter.ForkedBooter.main(ForkedBooter.java:495) ~[surefire-booter-3.3.0.jar:3.3.0]
17:05:52.679 [main] ERROR org.apache.poi.openxml4j.opc.PackageRelationshipCollection - Cannot convert mailto:ALPHAAAAAA@@@@@!@##$$$%12344 in a valid relationship URI-> dummy-URI used
java.net.URISyntaxException: Illegal character in fragment at index 25: mailto:ALPHAAAAAA@@@@@!@##$$$%12344
	at java.net.URI$Parser.fail(URI.java:2995) ~[?:?]
	at java.net.URI$Parser.checkChars(URI.java:3166) ~[?:?]
	at java.net.URI$Parser.parse(URI.java:3210) ~[?:?]
	at java.net.URI.<init>(URI.java:645) ~[?:?]
	at org.apache.poi.openxml4j.opc.PackagingURIHelper.toURI(PackagingURIHelper.java:723) ~[poi-ooxml-5.2.2.jar:5.2.2]
	at org.apache.poi.openxml4j.opc.PackageRelationshipCollection.parseRelationshipsPart(PackageRelationshipCollection.java:358) ~[poi-ooxml-5.2.2.jar:5.2.2]
	at org.apache.poi.openxml4j.opc.PackageRelationshipCollection.<init>(PackageRelationshipCollection.java:160) ~[poi-ooxml-5.2.2.jar:5.2.2]
	at org.apache.poi.openxml4j.opc.PackageRelationshipCollection.<init>(PackageRelationshipCollection.java:130) ~[poi-ooxml-5.2.2.jar:5.2.2]
	at org.apache.poi.openxml4j.opc.PackagePart.loadRelationships(PackagePart.java:565) ~[poi-ooxml-5.2.2.jar:5.2.2]
	at org.apache.poi.openxml4j.opc.OPCPackage.getParts(OPCPackage.java:745) ~[poi-ooxml-5.2.2.jar:5.2.2]
	at org.apache.poi.openxml4j.opc.OPCPackage.open(OPCPackage.java:315) ~[poi-ooxml-5.2.2.jar:5.2.2]
	at org.apache.poi.ooxml.util.PackageHelper.open(PackageHelper.java:59) ~[poi-ooxml-5.2.2.jar:5.2.2]
	at org.apache.poi.xssf.usermodel.XSSFWorkbook.<init>(XSSFWorkbook.java:289) ~[poi-ooxml-5.2.2.jar:5.2.2]
	at org.apache.poi.xssf.usermodel.XSSFWorkbook.<init>(XSSFWorkbook.java:285) ~[poi-ooxml-5.2.2.jar:5.2.2]
	at com.MOFutility.API_Excelutilities.readServiceIdFromExcel(API_Excelutilities.java:20) ~[test-classes/:?]
	at com.MOF.constants.API_URL.<clinit>(API_URL.java:189) ~[test-classes/:?]
	at com.MOFapi.MOFapi.Fetchvalid_SingleService_ValidServiceid(MOFapi.java:4891) ~[test-classes/:?]
	at jdk.internal.reflect.DirectMethodHandleAccessor.invoke(DirectMethodHandleAccessor.java:103) ~[?:?]
	at java.lang.reflect.Method.invoke(Method.java:580) ~[?:?]
	at org.testng.internal.MethodInvocationHelper.invokeMethod(MethodInvocationHelper.java:124) ~[testng-6.14.3.jar:?]
	at org.testng.internal.Invoker.invokeMethod(Invoker.java:583) ~[testng-6.14.3.jar:?]
	at org.testng.internal.Invoker.invokeTestMethod(Invoker.java:719) ~[testng-6.14.3.jar:?]
	at org.testng.internal.Invoker.invokeTestMethods(Invoker.java:989) ~[testng-6.14.3.jar:?]
	at org.testng.internal.TestMethodWorker.invokeTestMethods(TestMethodWorker.java:125) ~[testng-6.14.3.jar:?]
	at org.testng.internal.TestMethodWorker.run(TestMethodWorker.java:109) ~[testng-6.14.3.jar:?]
	at org.testng.TestRunner.privateRun(TestRunner.java:648) ~[testng-6.14.3.jar:?]
	at org.testng.TestRunner.run(TestRunner.java:505) ~[testng-6.14.3.jar:?]
	at org.testng.SuiteRunner.runTest(SuiteRunner.java:455) ~[testng-6.14.3.jar:?]
	at org.testng.SuiteRunner.runSequentially(SuiteRunner.java:450) ~[testng-6.14.3.jar:?]
	at org.testng.SuiteRunner.privateRun(SuiteRunner.java:415) ~[testng-6.14.3.jar:?]
	at org.testng.SuiteRunner.run(SuiteRunner.java:364) ~[testng-6.14.3.jar:?]
	at org.testng.SuiteRunnerWorker.runSuite(SuiteRunnerWorker.java:52) ~[testng-6.14.3.jar:?]
	at org.testng.SuiteRunnerWorker.run(SuiteRunnerWorker.java:84) ~[testng-6.14.3.jar:?]
	at org.testng.TestNG.runSuitesSequentially(TestNG.java:1208) ~[testng-6.14.3.jar:?]
	at org.testng.TestNG.runSuitesLocally(TestNG.java:1137) ~[testng-6.14.3.jar:?]
	at org.testng.TestNG.runSuites(TestNG.java:1049) ~[testng-6.14.3.jar:?]
	at org.testng.TestNG.run(TestNG.java:1017) ~[testng-6.14.3.jar:?]
	at org.apache.maven.surefire.testng.TestNGExecutor.run(TestNGExecutor.java:308) ~[surefire-testng-3.3.0.jar:3.3.0]
	at org.apache.maven.surefire.testng.TestNGXmlTestSuite.execute(TestNGXmlTestSuite.java:71) ~[surefire-testng-3.3.0.jar:3.3.0]
	at org.apache.maven.surefire.testng.TestNGProvider.invoke(TestNGProvider.java:113) ~[surefire-testng-3.3.0.jar:3.3.0]
	at org.apache.maven.surefire.booter.ForkedBooter.runSuitesInProcess(ForkedBooter.java:385) ~[surefire-booter-3.3.0.jar:3.3.0]
	at org.apache.maven.surefire.booter.ForkedBooter.execute(ForkedBooter.java:162) ~[surefire-booter-3.3.0.jar:3.3.0]
	at org.apache.maven.surefire.booter.ForkedBooter.run(ForkedBooter.java:507) ~[surefire-booter-3.3.0.jar:3.3.0]
	at org.apache.maven.surefire.booter.ForkedBooter.main(ForkedBooter.java:495) ~[surefire-booter-3.3.0.jar:3.3.0]
17:05:52.681 [main] ERROR org.apache.poi.openxml4j.opc.PackageRelationshipCollection - Cannot convert mailto:2343456378912@#&^*gvadhfbjnf in a valid relationship URI-> dummy-URI used
java.net.URISyntaxException: Illegal character in fragment at index 23: mailto:2343456378912@#&^*gvadhfbjnf
	at java.net.URI$Parser.fail(URI.java:2995) ~[?:?]
	at java.net.URI$Parser.checkChars(URI.java:3166) ~[?:?]
	at java.net.URI$Parser.parse(URI.java:3210) ~[?:?]
	at java.net.URI.<init>(URI.java:645) ~[?:?]
	at org.apache.poi.openxml4j.opc.PackagingURIHelper.toURI(PackagingURIHelper.java:723) ~[poi-ooxml-5.2.2.jar:5.2.2]
	at org.apache.poi.openxml4j.opc.PackageRelationshipCollection.parseRelationshipsPart(PackageRelationshipCollection.java:358) ~[poi-ooxml-5.2.2.jar:5.2.2]
	at org.apache.poi.openxml4j.opc.PackageRelationshipCollection.<init>(PackageRelationshipCollection.java:160) ~[poi-ooxml-5.2.2.jar:5.2.2]
	at org.apache.poi.openxml4j.opc.PackageRelationshipCollection.<init>(PackageRelationshipCollection.java:130) ~[poi-ooxml-5.2.2.jar:5.2.2]
	at org.apache.poi.openxml4j.opc.PackagePart.loadRelationships(PackagePart.java:565) ~[poi-ooxml-5.2.2.jar:5.2.2]
	at org.apache.poi.openxml4j.opc.OPCPackage.getParts(OPCPackage.java:745) ~[poi-ooxml-5.2.2.jar:5.2.2]
	at org.apache.poi.openxml4j.opc.OPCPackage.open(OPCPackage.java:315) ~[poi-ooxml-5.2.2.jar:5.2.2]
	at org.apache.poi.ooxml.util.PackageHelper.open(PackageHelper.java:59) ~[poi-ooxml-5.2.2.jar:5.2.2]
	at org.apache.poi.xssf.usermodel.XSSFWorkbook.<init>(XSSFWorkbook.java:289) ~[poi-ooxml-5.2.2.jar:5.2.2]
	at org.apache.poi.xssf.usermodel.XSSFWorkbook.<init>(XSSFWorkbook.java:285) ~[poi-ooxml-5.2.2.jar:5.2.2]
	at com.MOFutility.API_Excelutilities.readServiceIdFromExcel(API_Excelutilities.java:20) ~[test-classes/:?]
	at com.MOF.constants.API_URL.<clinit>(API_URL.java:189) ~[test-classes/:?]
	at com.MOFapi.MOFapi.Fetchvalid_SingleService_ValidServiceid(MOFapi.java:4891) ~[test-classes/:?]
	at jdk.internal.reflect.DirectMethodHandleAccessor.invoke(DirectMethodHandleAccessor.java:103) ~[?:?]
	at java.lang.reflect.Method.invoke(Method.java:580) ~[?:?]
	at org.testng.internal.MethodInvocationHelper.invokeMethod(MethodInvocationHelper.java:124) ~[testng-6.14.3.jar:?]
	at org.testng.internal.Invoker.invokeMethod(Invoker.java:583) ~[testng-6.14.3.jar:?]
	at org.testng.internal.Invoker.invokeTestMethod(Invoker.java:719) ~[testng-6.14.3.jar:?]
	at org.testng.internal.Invoker.invokeTestMethods(Invoker.java:989) ~[testng-6.14.3.jar:?]
	at org.testng.internal.TestMethodWorker.invokeTestMethods(TestMethodWorker.java:125) ~[testng-6.14.3.jar:?]
	at org.testng.internal.TestMethodWorker.run(TestMethodWorker.java:109) ~[testng-6.14.3.jar:?]
	at org.testng.TestRunner.privateRun(TestRunner.java:648) ~[testng-6.14.3.jar:?]
	at org.testng.TestRunner.run(TestRunner.java:505) ~[testng-6.14.3.jar:?]
	at org.testng.SuiteRunner.runTest(SuiteRunner.java:455) ~[testng-6.14.3.jar:?]
	at org.testng.SuiteRunner.runSequentially(SuiteRunner.java:450) ~[testng-6.14.3.jar:?]
	at org.testng.SuiteRunner.privateRun(SuiteRunner.java:415) ~[testng-6.14.3.jar:?]
	at org.testng.SuiteRunner.run(SuiteRunner.java:364) ~[testng-6.14.3.jar:?]
	at org.testng.SuiteRunnerWorker.runSuite(SuiteRunnerWorker.java:52) ~[testng-6.14.3.jar:?]
	at org.testng.SuiteRunnerWorker.run(SuiteRunnerWorker.java:84) ~[testng-6.14.3.jar:?]
	at org.testng.TestNG.runSuitesSequentially(TestNG.java:1208) ~[testng-6.14.3.jar:?]
	at org.testng.TestNG.runSuitesLocally(TestNG.java:1137) ~[testng-6.14.3.jar:?]
	at org.testng.TestNG.runSuites(TestNG.java:1049) ~[testng-6.14.3.jar:?]
	at org.testng.TestNG.run(TestNG.java:1017) ~[testng-6.14.3.jar:?]
	at org.apache.maven.surefire.testng.TestNGExecutor.run(TestNGExecutor.java:308) ~[surefire-testng-3.3.0.jar:3.3.0]
	at org.apache.maven.surefire.testng.TestNGXmlTestSuite.execute(TestNGXmlTestSuite.java:71) ~[surefire-testng-3.3.0.jar:3.3.0]
	at org.apache.maven.surefire.testng.TestNGProvider.invoke(TestNGProvider.java:113) ~[surefire-testng-3.3.0.jar:3.3.0]
	at org.apache.maven.surefire.booter.ForkedBooter.runSuitesInProcess(ForkedBooter.java:385) ~[surefire-booter-3.3.0.jar:3.3.0]
	at org.apache.maven.surefire.booter.ForkedBooter.execute(ForkedBooter.java:162) ~[surefire-booter-3.3.0.jar:3.3.0]
	at org.apache.maven.surefire.booter.ForkedBooter.run(ForkedBooter.java:507) ~[surefire-booter-3.3.0.jar:3.3.0]
	at org.apache.maven.surefire.booter.ForkedBooter.main(ForkedBooter.java:495) ~[surefire-booter-3.3.0.jar:3.3.0]
17:05:52.726 [main] ERROR org.apache.poi.openxml4j.opc.PackageRelationshipCollection - Cannot convert mailto:ALPA@#$%^245234534 in a valid relationship URI-> dummy-URI used
java.net.URISyntaxException: Malformed escape pair at index 14: mailto:ALPA@#$%^245234534
	at java.net.URI$Parser.fail(URI.java:2995) ~[?:?]
	at java.net.URI$Parser.scanEscape(URI.java:3123) ~[?:?]
	at java.net.URI$Parser.scan(URI.java:3146) ~[?:?]
	at java.net.URI$Parser.checkChars(URI.java:3164) ~[?:?]
	at java.net.URI$Parser.parse(URI.java:3210) ~[?:?]
	at java.net.URI.<init>(URI.java:645) ~[?:?]
	at org.apache.poi.openxml4j.opc.PackagingURIHelper.toURI(PackagingURIHelper.java:723) ~[poi-ooxml-5.2.2.jar:5.2.2]
	at org.apache.poi.openxml4j.opc.PackageRelationshipCollection.parseRelationshipsPart(PackageRelationshipCollection.java:358) ~[poi-ooxml-5.2.2.jar:5.2.2]
	at org.apache.poi.openxml4j.opc.PackageRelationshipCollection.<init>(PackageRelationshipCollection.java:160) ~[poi-ooxml-5.2.2.jar:5.2.2]
	at org.apache.poi.openxml4j.opc.PackageRelationshipCollection.<init>(PackageRelationshipCollection.java:130) ~[poi-ooxml-5.2.2.jar:5.2.2]
	at org.apache.poi.openxml4j.opc.PackagePart.loadRelationships(PackagePart.java:565) ~[poi-ooxml-5.2.2.jar:5.2.2]
	at org.apache.poi.openxml4j.opc.OPCPackage.getParts(OPCPackage.java:745) ~[poi-ooxml-5.2.2.jar:5.2.2]
	at org.apache.poi.openxml4j.opc.OPCPackage.open(OPCPackage.java:315) ~[poi-ooxml-5.2.2.jar:5.2.2]
	at org.apache.poi.ooxml.util.PackageHelper.open(PackageHelper.java:59) ~[poi-ooxml-5.2.2.jar:5.2.2]
	at org.apache.poi.xssf.usermodel.XSSFWorkbook.<init>(XSSFWorkbook.java:289) ~[poi-ooxml-5.2.2.jar:5.2.2]
	at org.apache.poi.xssf.usermodel.XSSFWorkbook.<init>(XSSFWorkbook.java:285) ~[poi-ooxml-5.2.2.jar:5.2.2]
	at com.MOFutility.API_Excelutilities.readServiceIdFromExcel(API_Excelutilities.java:20) ~[test-classes/:?]
	at com.MOF.constants.API_URL.<clinit>(API_URL.java:191) ~[test-classes/:?]
	at com.MOFapi.MOFapi.Fetchvalid_SingleService_ValidServiceid(MOFapi.java:4891) ~[test-classes/:?]
	at jdk.internal.reflect.DirectMethodHandleAccessor.invoke(DirectMethodHandleAccessor.java:103) ~[?:?]
	at java.lang.reflect.Method.invoke(Method.java:580) ~[?:?]
	at org.testng.internal.MethodInvocationHelper.invokeMethod(MethodInvocationHelper.java:124) ~[testng-6.14.3.jar:?]
	at org.testng.internal.Invoker.invokeMethod(Invoker.java:583) ~[testng-6.14.3.jar:?]
	at org.testng.internal.Invoker.invokeTestMethod(Invoker.java:719) ~[testng-6.14.3.jar:?]
	at org.testng.internal.Invoker.invokeTestMethods(Invoker.java:989) ~[testng-6.14.3.jar:?]
	at org.testng.internal.TestMethodWorker.invokeTestMethods(TestMethodWorker.java:125) ~[testng-6.14.3.jar:?]
	at org.testng.internal.TestMethodWorker.run(TestMethodWorker.java:109) ~[testng-6.14.3.jar:?]
	at org.testng.TestRunner.privateRun(TestRunner.java:648) ~[testng-6.14.3.jar:?]
	at org.testng.TestRunner.run(TestRunner.java:505) ~[testng-6.14.3.jar:?]
	at org.testng.SuiteRunner.runTest(SuiteRunner.java:455) ~[testng-6.14.3.jar:?]
	at org.testng.SuiteRunner.runSequentially(SuiteRunner.java:450) ~[testng-6.14.3.jar:?]
	at org.testng.SuiteRunner.privateRun(SuiteRunner.java:415) ~[testng-6.14.3.jar:?]
	at org.testng.SuiteRunner.run(SuiteRunner.java:364) ~[testng-6.14.3.jar:?]
	at org.testng.SuiteRunnerWorker.runSuite(SuiteRunnerWorker.java:52) ~[testng-6.14.3.jar:?]
	at org.testng.SuiteRunnerWorker.run(SuiteRunnerWorker.java:84) ~[testng-6.14.3.jar:?]
	at org.testng.TestNG.runSuitesSequentially(TestNG.java:1208) ~[testng-6.14.3.jar:?]
	at org.testng.TestNG.runSuitesLocally(TestNG.java:1137) ~[testng-6.14.3.jar:?]
	at org.testng.TestNG.runSuites(TestNG.java:1049) ~[testng-6.14.3.jar:?]
	at org.testng.TestNG.run(TestNG.java:1017) ~[testng-6.14.3.jar:?]
	at org.apache.maven.surefire.testng.TestNGExecutor.run(TestNGExecutor.java:308) ~[surefire-testng-3.3.0.jar:3.3.0]
	at org.apache.maven.surefire.testng.TestNGXmlTestSuite.execute(TestNGXmlTestSuite.java:71) ~[surefire-testng-3.3.0.jar:3.3.0]
	at org.apache.maven.surefire.testng.TestNGProvider.invoke(TestNGProvider.java:113) ~[surefire-testng-3.3.0.jar:3.3.0]
	at org.apache.maven.surefire.booter.ForkedBooter.runSuitesInProcess(ForkedBooter.java:385) ~[surefire-booter-3.3.0.jar:3.3.0]
	at org.apache.maven.surefire.booter.ForkedBooter.execute(ForkedBooter.java:162) ~[surefire-booter-3.3.0.jar:3.3.0]
	at org.apache.maven.surefire.booter.ForkedBooter.run(ForkedBooter.java:507) ~[surefire-booter-3.3.0.jar:3.3.0]
	at org.apache.maven.surefire.booter.ForkedBooter.main(ForkedBooter.java:495) ~[surefire-booter-3.3.0.jar:3.3.0]
17:05:52.727 [main] ERROR org.apache.poi.openxml4j.opc.PackageRelationshipCollection - Cannot convert mailto:ALPHAAAAAA@@@@@!@##$$$%12344 in a valid relationship URI-> dummy-URI used
java.net.URISyntaxException: Illegal character in fragment at index 25: mailto:ALPHAAAAAA@@@@@!@##$$$%12344
	at java.net.URI$Parser.fail(URI.java:2995) ~[?:?]
	at java.net.URI$Parser.checkChars(URI.java:3166) ~[?:?]
	at java.net.URI$Parser.parse(URI.java:3210) ~[?:?]
	at java.net.URI.<init>(URI.java:645) ~[?:?]
	at org.apache.poi.openxml4j.opc.PackagingURIHelper.toURI(PackagingURIHelper.java:723) ~[poi-ooxml-5.2.2.jar:5.2.2]
	at org.apache.poi.openxml4j.opc.PackageRelationshipCollection.parseRelationshipsPart(PackageRelationshipCollection.java:358) ~[poi-ooxml-5.2.2.jar:5.2.2]
	at org.apache.poi.openxml4j.opc.PackageRelationshipCollection.<init>(PackageRelationshipCollection.java:160) ~[poi-ooxml-5.2.2.jar:5.2.2]
	at org.apache.poi.openxml4j.opc.PackageRelationshipCollection.<init>(PackageRelationshipCollection.java:130) ~[poi-ooxml-5.2.2.jar:5.2.2]
	at org.apache.poi.openxml4j.opc.PackagePart.loadRelationships(PackagePart.java:565) ~[poi-ooxml-5.2.2.jar:5.2.2]
	at org.apache.poi.openxml4j.opc.OPCPackage.getParts(OPCPackage.java:745) ~[poi-ooxml-5.2.2.jar:5.2.2]
	at org.apache.poi.openxml4j.opc.OPCPackage.open(OPCPackage.java:315) ~[poi-ooxml-5.2.2.jar:5.2.2]
	at org.apache.poi.ooxml.util.PackageHelper.open(PackageHelper.java:59) ~[poi-ooxml-5.2.2.jar:5.2.2]
	at org.apache.poi.xssf.usermodel.XSSFWorkbook.<init>(XSSFWorkbook.java:289) ~[poi-ooxml-5.2.2.jar:5.2.2]
	at org.apache.poi.xssf.usermodel.XSSFWorkbook.<init>(XSSFWorkbook.java:285) ~[poi-ooxml-5.2.2.jar:5.2.2]
	at com.MOFutility.API_Excelutilities.readServiceIdFromExcel(API_Excelutilities.java:20) ~[test-classes/:?]
	at com.MOF.constants.API_URL.<clinit>(API_URL.java:191) ~[test-classes/:?]
	at com.MOFapi.MOFapi.Fetchvalid_SingleService_ValidServiceid(MOFapi.java:4891) ~[test-classes/:?]
	at jdk.internal.reflect.DirectMethodHandleAccessor.invoke(DirectMethodHandleAccessor.java:103) ~[?:?]
	at java.lang.reflect.Method.invoke(Method.java:580) ~[?:?]
	at org.testng.internal.MethodInvocationHelper.invokeMethod(MethodInvocationHelper.java:124) ~[testng-6.14.3.jar:?]
	at org.testng.internal.Invoker.invokeMethod(Invoker.java:583) ~[testng-6.14.3.jar:?]
	at org.testng.internal.Invoker.invokeTestMethod(Invoker.java:719) ~[testng-6.14.3.jar:?]
	at org.testng.internal.Invoker.invokeTestMethods(Invoker.java:989) ~[testng-6.14.3.jar:?]
	at org.testng.internal.TestMethodWorker.invokeTestMethods(TestMethodWorker.java:125) ~[testng-6.14.3.jar:?]
	at org.testng.internal.TestMethodWorker.run(TestMethodWorker.java:109) ~[testng-6.14.3.jar:?]
	at org.testng.TestRunner.privateRun(TestRunner.java:648) ~[testng-6.14.3.jar:?]
	at org.testng.TestRunner.run(TestRunner.java:505) ~[testng-6.14.3.jar:?]
	at org.testng.SuiteRunner.runTest(SuiteRunner.java:455) ~[testng-6.14.3.jar:?]
	at org.testng.SuiteRunner.runSequentially(SuiteRunner.java:450) ~[testng-6.14.3.jar:?]
	at org.testng.SuiteRunner.privateRun(SuiteRunner.java:415) ~[testng-6.14.3.jar:?]
	at org.testng.SuiteRunner.run(SuiteRunner.java:364) ~[testng-6.14.3.jar:?]
	at org.testng.SuiteRunnerWorker.runSuite(SuiteRunnerWorker.java:52) ~[testng-6.14.3.jar:?]
	at org.testng.SuiteRunnerWorker.run(SuiteRunnerWorker.java:84) ~[testng-6.14.3.jar:?]
	at org.testng.TestNG.runSuitesSequentially(TestNG.java:1208) ~[testng-6.14.3.jar:?]
	at org.testng.TestNG.runSuitesLocally(TestNG.java:1137) ~[testng-6.14.3.jar:?]
	at org.testng.TestNG.runSuites(TestNG.java:1049) ~[testng-6.14.3.jar:?]
	at org.testng.TestNG.run(TestNG.java:1017) ~[testng-6.14.3.jar:?]
	at org.apache.maven.surefire.testng.TestNGExecutor.run(TestNGExecutor.java:308) ~[surefire-testng-3.3.0.jar:3.3.0]
	at org.apache.maven.surefire.testng.TestNGXmlTestSuite.execute(TestNGXmlTestSuite.java:71) ~[surefire-testng-3.3.0.jar:3.3.0]
	at org.apache.maven.surefire.testng.TestNGProvider.invoke(TestNGProvider.java:113) ~[surefire-testng-3.3.0.jar:3.3.0]
	at org.apache.maven.surefire.booter.ForkedBooter.runSuitesInProcess(ForkedBooter.java:385) ~[surefire-booter-3.3.0.jar:3.3.0]
	at org.apache.maven.surefire.booter.ForkedBooter.execute(ForkedBooter.java:162) ~[surefire-booter-3.3.0.jar:3.3.0]
	at org.apache.maven.surefire.booter.ForkedBooter.run(ForkedBooter.java:507) ~[surefire-booter-3.3.0.jar:3.3.0]
	at org.apache.maven.surefire.booter.ForkedBooter.main(ForkedBooter.java:495) ~[surefire-booter-3.3.0.jar:3.3.0]
17:05:52.729 [main] ERROR org.apache.poi.openxml4j.opc.PackageRelationshipCollection - Cannot convert mailto:2343456378912@#&^*gvadhfbjnf in a valid relationship URI-> dummy-URI used
java.net.URISyntaxException: Illegal character in fragment at index 23: mailto:2343456378912@#&^*gvadhfbjnf
	at java.net.URI$Parser.fail(URI.java:2995) ~[?:?]
	at java.net.URI$Parser.checkChars(URI.java:3166) ~[?:?]
	at java.net.URI$Parser.parse(URI.java:3210) ~[?:?]
	at java.net.URI.<init>(URI.java:645) ~[?:?]
	at org.apache.poi.openxml4j.opc.PackagingURIHelper.toURI(PackagingURIHelper.java:723) ~[poi-ooxml-5.2.2.jar:5.2.2]
	at org.apache.poi.openxml4j.opc.PackageRelationshipCollection.parseRelationshipsPart(PackageRelationshipCollection.java:358) ~[poi-ooxml-5.2.2.jar:5.2.2]
	at org.apache.poi.openxml4j.opc.PackageRelationshipCollection.<init>(PackageRelationshipCollection.java:160) ~[poi-ooxml-5.2.2.jar:5.2.2]
	at org.apache.poi.openxml4j.opc.PackageRelationshipCollection.<init>(PackageRelationshipCollection.java:130) ~[poi-ooxml-5.2.2.jar:5.2.2]
	at org.apache.poi.openxml4j.opc.PackagePart.loadRelationships(PackagePart.java:565) ~[poi-ooxml-5.2.2.jar:5.2.2]
	at org.apache.poi.openxml4j.opc.OPCPackage.getParts(OPCPackage.java:745) ~[poi-ooxml-5.2.2.jar:5.2.2]
	at org.apache.poi.openxml4j.opc.OPCPackage.open(OPCPackage.java:315) ~[poi-ooxml-5.2.2.jar:5.2.2]
	at org.apache.poi.ooxml.util.PackageHelper.open(PackageHelper.java:59) ~[poi-ooxml-5.2.2.jar:5.2.2]
	at org.apache.poi.xssf.usermodel.XSSFWorkbook.<init>(XSSFWorkbook.java:289) ~[poi-ooxml-5.2.2.jar:5.2.2]
	at org.apache.poi.xssf.usermodel.XSSFWorkbook.<init>(XSSFWorkbook.java:285) ~[poi-ooxml-5.2.2.jar:5.2.2]
	at com.MOFutility.API_Excelutilities.readServiceIdFromExcel(API_Excelutilities.java:20) ~[test-classes/:?]
	at com.MOF.constants.API_URL.<clinit>(API_URL.java:191) ~[test-classes/:?]
	at com.MOFapi.MOFapi.Fetchvalid_SingleService_ValidServiceid(MOFapi.java:4891) ~[test-classes/:?]
	at jdk.internal.reflect.DirectMethodHandleAccessor.invoke(DirectMethodHandleAccessor.java:103) ~[?:?]
	at java.lang.reflect.Method.invoke(Method.java:580) ~[?:?]
	at org.testng.internal.MethodInvocationHelper.invokeMethod(MethodInvocationHelper.java:124) ~[testng-6.14.3.jar:?]
	at org.testng.internal.Invoker.invokeMethod(Invoker.java:583) ~[testng-6.14.3.jar:?]
	at org.testng.internal.Invoker.invokeTestMethod(Invoker.java:719) ~[testng-6.14.3.jar:?]
	at org.testng.internal.Invoker.invokeTestMethods(Invoker.java:989) ~[testng-6.14.3.jar:?]
	at org.testng.internal.TestMethodWorker.invokeTestMethods(TestMethodWorker.java:125) ~[testng-6.14.3.jar:?]
	at org.testng.internal.TestMethodWorker.run(TestMethodWorker.java:109) ~[testng-6.14.3.jar:?]
	at org.testng.TestRunner.privateRun(TestRunner.java:648) ~[testng-6.14.3.jar:?]
	at org.testng.TestRunner.run(TestRunner.java:505) ~[testng-6.14.3.jar:?]
	at org.testng.SuiteRunner.runTest(SuiteRunner.java:455) ~[testng-6.14.3.jar:?]
	at org.testng.SuiteRunner.runSequentially(SuiteRunner.java:450) ~[testng-6.14.3.jar:?]
	at org.testng.SuiteRunner.privateRun(SuiteRunner.java:415) ~[testng-6.14.3.jar:?]
	at org.testng.SuiteRunner.run(SuiteRunner.java:364) ~[testng-6.14.3.jar:?]
	at org.testng.SuiteRunnerWorker.runSuite(SuiteRunnerWorker.java:52) ~[testng-6.14.3.jar:?]
	at org.testng.SuiteRunnerWorker.run(SuiteRunnerWorker.java:84) ~[testng-6.14.3.jar:?]
	at org.testng.TestNG.runSuitesSequentially(TestNG.java:1208) ~[testng-6.14.3.jar:?]
	at org.testng.TestNG.runSuitesLocally(TestNG.java:1137) ~[testng-6.14.3.jar:?]
	at org.testng.TestNG.runSuites(TestNG.java:1049) ~[testng-6.14.3.jar:?]
	at org.testng.TestNG.run(TestNG.java:1017) ~[testng-6.14.3.jar:?]
	at org.apache.maven.surefire.testng.TestNGExecutor.run(TestNGExecutor.java:308) ~[surefire-testng-3.3.0.jar:3.3.0]
	at org.apache.maven.surefire.testng.TestNGXmlTestSuite.execute(TestNGXmlTestSuite.java:71) ~[surefire-testng-3.3.0.jar:3.3.0]
	at org.apache.maven.surefire.testng.TestNGProvider.invoke(TestNGProvider.java:113) ~[surefire-testng-3.3.0.jar:3.3.0]
	at org.apache.maven.surefire.booter.ForkedBooter.runSuitesInProcess(ForkedBooter.java:385) ~[surefire-booter-3.3.0.jar:3.3.0]
	at org.apache.maven.surefire.booter.ForkedBooter.execute(ForkedBooter.java:162) ~[surefire-booter-3.3.0.jar:3.3.0]
	at org.apache.maven.surefire.booter.ForkedBooter.run(ForkedBooter.java:507) ~[surefire-booter-3.3.0.jar:3.3.0]
	at org.apache.maven.surefire.booter.ForkedBooter.main(ForkedBooter.java:495) ~[surefire-booter-3.3.0.jar:3.3.0]
17:05:52.768 [main] ERROR org.apache.poi.openxml4j.opc.PackageRelationshipCollection - Cannot convert mailto:ALPA@#$%^245234534 in a valid relationship URI-> dummy-URI used
java.net.URISyntaxException: Malformed escape pair at index 14: mailto:ALPA@#$%^245234534
	at java.net.URI$Parser.fail(URI.java:2995) ~[?:?]
	at java.net.URI$Parser.scanEscape(URI.java:3123) ~[?:?]
	at java.net.URI$Parser.scan(URI.java:3146) ~[?:?]
	at java.net.URI$Parser.checkChars(URI.java:3164) ~[?:?]
	at java.net.URI$Parser.parse(URI.java:3210) ~[?:?]
	at java.net.URI.<init>(URI.java:645) ~[?:?]
	at org.apache.poi.openxml4j.opc.PackagingURIHelper.toURI(PackagingURIHelper.java:723) ~[poi-ooxml-5.2.2.jar:5.2.2]
	at org.apache.poi.openxml4j.opc.PackageRelationshipCollection.parseRelationshipsPart(PackageRelationshipCollection.java:358) ~[poi-ooxml-5.2.2.jar:5.2.2]
	at org.apache.poi.openxml4j.opc.PackageRelationshipCollection.<init>(PackageRelationshipCollection.java:160) ~[poi-ooxml-5.2.2.jar:5.2.2]
	at org.apache.poi.openxml4j.opc.PackageRelationshipCollection.<init>(PackageRelationshipCollection.java:130) ~[poi-ooxml-5.2.2.jar:5.2.2]
	at org.apache.poi.openxml4j.opc.PackagePart.loadRelationships(PackagePart.java:565) ~[poi-ooxml-5.2.2.jar:5.2.2]
	at org.apache.poi.openxml4j.opc.OPCPackage.getParts(OPCPackage.java:745) ~[poi-ooxml-5.2.2.jar:5.2.2]
	at org.apache.poi.openxml4j.opc.OPCPackage.open(OPCPackage.java:315) ~[poi-ooxml-5.2.2.jar:5.2.2]
	at org.apache.poi.ooxml.util.PackageHelper.open(PackageHelper.java:59) ~[poi-ooxml-5.2.2.jar:5.2.2]
	at org.apache.poi.xssf.usermodel.XSSFWorkbook.<init>(XSSFWorkbook.java:289) ~[poi-ooxml-5.2.2.jar:5.2.2]
	at org.apache.poi.xssf.usermodel.XSSFWorkbook.<init>(XSSFWorkbook.java:285) ~[poi-ooxml-5.2.2.jar:5.2.2]
	at com.MOFutility.API_Excelutilities.readServiceIdFromExcel(API_Excelutilities.java:20) ~[test-classes/:?]
	at com.MOF.constants.API_URL.<clinit>(API_URL.java:193) ~[test-classes/:?]
	at com.MOFapi.MOFapi.Fetchvalid_SingleService_ValidServiceid(MOFapi.java:4891) ~[test-classes/:?]
	at jdk.internal.reflect.DirectMethodHandleAccessor.invoke(DirectMethodHandleAccessor.java:103) ~[?:?]
	at java.lang.reflect.Method.invoke(Method.java:580) ~[?:?]
	at org.testng.internal.MethodInvocationHelper.invokeMethod(MethodInvocationHelper.java:124) ~[testng-6.14.3.jar:?]
	at org.testng.internal.Invoker.invokeMethod(Invoker.java:583) ~[testng-6.14.3.jar:?]
	at org.testng.internal.Invoker.invokeTestMethod(Invoker.java:719) ~[testng-6.14.3.jar:?]
	at org.testng.internal.Invoker.invokeTestMethods(Invoker.java:989) ~[testng-6.14.3.jar:?]
	at org.testng.internal.TestMethodWorker.invokeTestMethods(TestMethodWorker.java:125) ~[testng-6.14.3.jar:?]
	at org.testng.internal.TestMethodWorker.run(TestMethodWorker.java:109) ~[testng-6.14.3.jar:?]
	at org.testng.TestRunner.privateRun(TestRunner.java:648) ~[testng-6.14.3.jar:?]
	at org.testng.TestRunner.run(TestRunner.java:505) ~[testng-6.14.3.jar:?]
	at org.testng.SuiteRunner.runTest(SuiteRunner.java:455) ~[testng-6.14.3.jar:?]
	at org.testng.SuiteRunner.runSequentially(SuiteRunner.java:450) ~[testng-6.14.3.jar:?]
	at org.testng.SuiteRunner.privateRun(SuiteRunner.java:415) ~[testng-6.14.3.jar:?]
	at org.testng.SuiteRunner.run(SuiteRunner.java:364) ~[testng-6.14.3.jar:?]
	at org.testng.SuiteRunnerWorker.runSuite(SuiteRunnerWorker.java:52) ~[testng-6.14.3.jar:?]
	at org.testng.SuiteRunnerWorker.run(SuiteRunnerWorker.java:84) ~[testng-6.14.3.jar:?]
	at org.testng.TestNG.runSuitesSequentially(TestNG.java:1208) ~[testng-6.14.3.jar:?]
	at org.testng.TestNG.runSuitesLocally(TestNG.java:1137) ~[testng-6.14.3.jar:?]
	at org.testng.TestNG.runSuites(TestNG.java:1049) ~[testng-6.14.3.jar:?]
	at org.testng.TestNG.run(TestNG.java:1017) ~[testng-6.14.3.jar:?]
	at org.apache.maven.surefire.testng.TestNGExecutor.run(TestNGExecutor.java:308) ~[surefire-testng-3.3.0.jar:3.3.0]
	at org.apache.maven.surefire.testng.TestNGXmlTestSuite.execute(TestNGXmlTestSuite.java:71) ~[surefire-testng-3.3.0.jar:3.3.0]
	at org.apache.maven.surefire.testng.TestNGProvider.invoke(TestNGProvider.java:113) ~[surefire-testng-3.3.0.jar:3.3.0]
	at org.apache.maven.surefire.booter.ForkedBooter.runSuitesInProcess(ForkedBooter.java:385) ~[surefire-booter-3.3.0.jar:3.3.0]
	at org.apache.maven.surefire.booter.ForkedBooter.execute(ForkedBooter.java:162) ~[surefire-booter-3.3.0.jar:3.3.0]
	at org.apache.maven.surefire.booter.ForkedBooter.run(ForkedBooter.java:507) ~[surefire-booter-3.3.0.jar:3.3.0]
	at org.apache.maven.surefire.booter.ForkedBooter.main(ForkedBooter.java:495) ~[surefire-booter-3.3.0.jar:3.3.0]
17:05:52.770 [main] ERROR org.apache.poi.openxml4j.opc.PackageRelationshipCollection - Cannot convert mailto:ALPHAAAAAA@@@@@!@##$$$%12344 in a valid relationship URI-> dummy-URI used
java.net.URISyntaxException: Illegal character in fragment at index 25: mailto:ALPHAAAAAA@@@@@!@##$$$%12344
	at java.net.URI$Parser.fail(URI.java:2995) ~[?:?]
	at java.net.URI$Parser.checkChars(URI.java:3166) ~[?:?]
	at java.net.URI$Parser.parse(URI.java:3210) ~[?:?]
	at java.net.URI.<init>(URI.java:645) ~[?:?]
	at org.apache.poi.openxml4j.opc.PackagingURIHelper.toURI(PackagingURIHelper.java:723) ~[poi-ooxml-5.2.2.jar:5.2.2]
	at org.apache.poi.openxml4j.opc.PackageRelationshipCollection.parseRelationshipsPart(PackageRelationshipCollection.java:358) ~[poi-ooxml-5.2.2.jar:5.2.2]
	at org.apache.poi.openxml4j.opc.PackageRelationshipCollection.<init>(PackageRelationshipCollection.java:160) ~[poi-ooxml-5.2.2.jar:5.2.2]
	at org.apache.poi.openxml4j.opc.PackageRelationshipCollection.<init>(PackageRelationshipCollection.java:130) ~[poi-ooxml-5.2.2.jar:5.2.2]
	at org.apache.poi.openxml4j.opc.PackagePart.loadRelationships(PackagePart.java:565) ~[poi-ooxml-5.2.2.jar:5.2.2]
	at org.apache.poi.openxml4j.opc.OPCPackage.getParts(OPCPackage.java:745) ~[poi-ooxml-5.2.2.jar:5.2.2]
	at org.apache.poi.openxml4j.opc.OPCPackage.open(OPCPackage.java:315) ~[poi-ooxml-5.2.2.jar:5.2.2]
	at org.apache.poi.ooxml.util.PackageHelper.open(PackageHelper.java:59) ~[poi-ooxml-5.2.2.jar:5.2.2]
	at org.apache.poi.xssf.usermodel.XSSFWorkbook.<init>(XSSFWorkbook.java:289) ~[poi-ooxml-5.2.2.jar:5.2.2]
	at org.apache.poi.xssf.usermodel.XSSFWorkbook.<init>(XSSFWorkbook.java:285) ~[poi-ooxml-5.2.2.jar:5.2.2]
	at com.MOFutility.API_Excelutilities.readServiceIdFromExcel(API_Excelutilities.java:20) ~[test-classes/:?]
	at com.MOF.constants.API_URL.<clinit>(API_URL.java:193) ~[test-classes/:?]
	at com.MOFapi.MOFapi.Fetchvalid_SingleService_ValidServiceid(MOFapi.java:4891) ~[test-classes/:?]
	at jdk.internal.reflect.DirectMethodHandleAccessor.invoke(DirectMethodHandleAccessor.java:103) ~[?:?]
	at java.lang.reflect.Method.invoke(Method.java:580) ~[?:?]
	at org.testng.internal.MethodInvocationHelper.invokeMethod(MethodInvocationHelper.java:124) ~[testng-6.14.3.jar:?]
	at org.testng.internal.Invoker.invokeMethod(Invoker.java:583) ~[testng-6.14.3.jar:?]
	at org.testng.internal.Invoker.invokeTestMethod(Invoker.java:719) ~[testng-6.14.3.jar:?]
	at org.testng.internal.Invoker.invokeTestMethods(Invoker.java:989) ~[testng-6.14.3.jar:?]
	at org.testng.internal.TestMethodWorker.invokeTestMethods(TestMethodWorker.java:125) ~[testng-6.14.3.jar:?]
	at org.testng.internal.TestMethodWorker.run(TestMethodWorker.java:109) ~[testng-6.14.3.jar:?]
	at org.testng.TestRunner.privateRun(TestRunner.java:648) ~[testng-6.14.3.jar:?]
	at org.testng.TestRunner.run(TestRunner.java:505) ~[testng-6.14.3.jar:?]
	at org.testng.SuiteRunner.runTest(SuiteRunner.java:455) ~[testng-6.14.3.jar:?]
	at org.testng.SuiteRunner.runSequentially(SuiteRunner.java:450) ~[testng-6.14.3.jar:?]
	at org.testng.SuiteRunner.privateRun(SuiteRunner.java:415) ~[testng-6.14.3.jar:?]
	at org.testng.SuiteRunner.run(SuiteRunner.java:364) ~[testng-6.14.3.jar:?]
	at org.testng.SuiteRunnerWorker.runSuite(SuiteRunnerWorker.java:52) ~[testng-6.14.3.jar:?]
	at org.testng.SuiteRunnerWorker.run(SuiteRunnerWorker.java:84) ~[testng-6.14.3.jar:?]
	at org.testng.TestNG.runSuitesSequentially(TestNG.java:1208) ~[testng-6.14.3.jar:?]
	at org.testng.TestNG.runSuitesLocally(TestNG.java:1137) ~[testng-6.14.3.jar:?]
	at org.testng.TestNG.runSuites(TestNG.java:1049) ~[testng-6.14.3.jar:?]
	at org.testng.TestNG.run(TestNG.java:1017) ~[testng-6.14.3.jar:?]
	at org.apache.maven.surefire.testng.TestNGExecutor.run(TestNGExecutor.java:308) ~[surefire-testng-3.3.0.jar:3.3.0]
	at org.apache.maven.surefire.testng.TestNGXmlTestSuite.execute(TestNGXmlTestSuite.java:71) ~[surefire-testng-3.3.0.jar:3.3.0]
	at org.apache.maven.surefire.testng.TestNGProvider.invoke(TestNGProvider.java:113) ~[surefire-testng-3.3.0.jar:3.3.0]
	at org.apache.maven.surefire.booter.ForkedBooter.runSuitesInProcess(ForkedBooter.java:385) ~[surefire-booter-3.3.0.jar:3.3.0]
	at org.apache.maven.surefire.booter.ForkedBooter.execute(ForkedBooter.java:162) ~[surefire-booter-3.3.0.jar:3.3.0]
	at org.apache.maven.surefire.booter.ForkedBooter.run(ForkedBooter.java:507) ~[surefire-booter-3.3.0.jar:3.3.0]
	at org.apache.maven.surefire.booter.ForkedBooter.main(ForkedBooter.java:495) ~[surefire-booter-3.3.0.jar:3.3.0]
17:05:52.771 [main] ERROR org.apache.poi.openxml4j.opc.PackageRelationshipCollection - Cannot convert mailto:2343456378912@#&^*gvadhfbjnf in a valid relationship URI-> dummy-URI used
java.net.URISyntaxException: Illegal character in fragment at index 23: mailto:2343456378912@#&^*gvadhfbjnf
	at java.net.URI$Parser.fail(URI.java:2995) ~[?:?]
	at java.net.URI$Parser.checkChars(URI.java:3166) ~[?:?]
	at java.net.URI$Parser.parse(URI.java:3210) ~[?:?]
	at java.net.URI.<init>(URI.java:645) ~[?:?]
	at org.apache.poi.openxml4j.opc.PackagingURIHelper.toURI(PackagingURIHelper.java:723) ~[poi-ooxml-5.2.2.jar:5.2.2]
	at org.apache.poi.openxml4j.opc.PackageRelationshipCollection.parseRelationshipsPart(PackageRelationshipCollection.java:358) ~[poi-ooxml-5.2.2.jar:5.2.2]
	at org.apache.poi.openxml4j.opc.PackageRelationshipCollection.<init>(PackageRelationshipCollection.java:160) ~[poi-ooxml-5.2.2.jar:5.2.2]
	at org.apache.poi.openxml4j.opc.PackageRelationshipCollection.<init>(PackageRelationshipCollection.java:130) ~[poi-ooxml-5.2.2.jar:5.2.2]
	at org.apache.poi.openxml4j.opc.PackagePart.loadRelationships(PackagePart.java:565) ~[poi-ooxml-5.2.2.jar:5.2.2]
	at org.apache.poi.openxml4j.opc.OPCPackage.getParts(OPCPackage.java:745) ~[poi-ooxml-5.2.2.jar:5.2.2]
	at org.apache.poi.openxml4j.opc.OPCPackage.open(OPCPackage.java:315) ~[poi-ooxml-5.2.2.jar:5.2.2]
	at org.apache.poi.ooxml.util.PackageHelper.open(PackageHelper.java:59) ~[poi-ooxml-5.2.2.jar:5.2.2]
	at org.apache.poi.xssf.usermodel.XSSFWorkbook.<init>(XSSFWorkbook.java:289) ~[poi-ooxml-5.2.2.jar:5.2.2]
	at org.apache.poi.xssf.usermodel.XSSFWorkbook.<init>(XSSFWorkbook.java:285) ~[poi-ooxml-5.2.2.jar:5.2.2]
	at com.MOFutility.API_Excelutilities.readServiceIdFromExcel(API_Excelutilities.java:20) ~[test-classes/:?]
	at com.MOF.constants.API_URL.<clinit>(API_URL.java:193) ~[test-classes/:?]
	at com.MOFapi.MOFapi.Fetchvalid_SingleService_ValidServiceid(MOFapi.java:4891) ~[test-classes/:?]
	at jdk.internal.reflect.DirectMethodHandleAccessor.invoke(DirectMethodHandleAccessor.java:103) ~[?:?]
	at java.lang.reflect.Method.invoke(Method.java:580) ~[?:?]
	at org.testng.internal.MethodInvocationHelper.invokeMethod(MethodInvocationHelper.java:124) ~[testng-6.14.3.jar:?]
	at org.testng.internal.Invoker.invokeMethod(Invoker.java:583) ~[testng-6.14.3.jar:?]
	at org.testng.internal.Invoker.invokeTestMethod(Invoker.java:719) ~[testng-6.14.3.jar:?]
	at org.testng.internal.Invoker.invokeTestMethods(Invoker.java:989) ~[testng-6.14.3.jar:?]
	at org.testng.internal.TestMethodWorker.invokeTestMethods(TestMethodWorker.java:125) ~[testng-6.14.3.jar:?]
	at org.testng.internal.TestMethodWorker.run(TestMethodWorker.java:109) ~[testng-6.14.3.jar:?]
	at org.testng.TestRunner.privateRun(TestRunner.java:648) ~[testng-6.14.3.jar:?]
	at org.testng.TestRunner.run(TestRunner.java:505) ~[testng-6.14.3.jar:?]
	at org.testng.SuiteRunner.runTest(SuiteRunner.java:455) ~[testng-6.14.3.jar:?]
	at org.testng.SuiteRunner.runSequentially(SuiteRunner.java:450) ~[testng-6.14.3.jar:?]
	at org.testng.SuiteRunner.privateRun(SuiteRunner.java:415) ~[testng-6.14.3.jar:?]
	at org.testng.SuiteRunner.run(SuiteRunner.java:364) ~[testng-6.14.3.jar:?]
	at org.testng.SuiteRunnerWorker.runSuite(SuiteRunnerWorker.java:52) ~[testng-6.14.3.jar:?]
	at org.testng.SuiteRunnerWorker.run(SuiteRunnerWorker.java:84) ~[testng-6.14.3.jar:?]
	at org.testng.TestNG.runSuitesSequentially(TestNG.java:1208) ~[testng-6.14.3.jar:?]
	at org.testng.TestNG.runSuitesLocally(TestNG.java:1137) ~[testng-6.14.3.jar:?]
	at org.testng.TestNG.runSuites(TestNG.java:1049) ~[testng-6.14.3.jar:?]
	at org.testng.TestNG.run(TestNG.java:1017) ~[testng-6.14.3.jar:?]
	at org.apache.maven.surefire.testng.TestNGExecutor.run(TestNGExecutor.java:308) ~[surefire-testng-3.3.0.jar:3.3.0]
	at org.apache.maven.surefire.testng.TestNGXmlTestSuite.execute(TestNGXmlTestSuite.java:71) ~[surefire-testng-3.3.0.jar:3.3.0]
	at org.apache.maven.surefire.testng.TestNGProvider.invoke(TestNGProvider.java:113) ~[surefire-testng-3.3.0.jar:3.3.0]
	at org.apache.maven.surefire.booter.ForkedBooter.runSuitesInProcess(ForkedBooter.java:385) ~[surefire-booter-3.3.0.jar:3.3.0]
	at org.apache.maven.surefire.booter.ForkedBooter.execute(ForkedBooter.java:162) ~[surefire-booter-3.3.0.jar:3.3.0]
	at org.apache.maven.surefire.booter.ForkedBooter.run(ForkedBooter.java:507) ~[surefire-booter-3.3.0.jar:3.3.0]
	at org.apache.maven.surefire.booter.ForkedBooter.main(ForkedBooter.java:495) ~[surefire-booter-3.3.0.jar:3.3.0]
17:05:52.809 [main] ERROR org.apache.poi.openxml4j.opc.PackageRelationshipCollection - Cannot convert mailto:ALPA@#$%^245234534 in a valid relationship URI-> dummy-URI used
java.net.URISyntaxException: Malformed escape pair at index 14: mailto:ALPA@#$%^245234534
	at java.net.URI$Parser.fail(URI.java:2995) ~[?:?]
	at java.net.URI$Parser.scanEscape(URI.java:3123) ~[?:?]
	at java.net.URI$Parser.scan(URI.java:3146) ~[?:?]
	at java.net.URI$Parser.checkChars(URI.java:3164) ~[?:?]
	at java.net.URI$Parser.parse(URI.java:3210) ~[?:?]
	at java.net.URI.<init>(URI.java:645) ~[?:?]
	at org.apache.poi.openxml4j.opc.PackagingURIHelper.toURI(PackagingURIHelper.java:723) ~[poi-ooxml-5.2.2.jar:5.2.2]
	at org.apache.poi.openxml4j.opc.PackageRelationshipCollection.parseRelationshipsPart(PackageRelationshipCollection.java:358) ~[poi-ooxml-5.2.2.jar:5.2.2]
	at org.apache.poi.openxml4j.opc.PackageRelationshipCollection.<init>(PackageRelationshipCollection.java:160) ~[poi-ooxml-5.2.2.jar:5.2.2]
	at org.apache.poi.openxml4j.opc.PackageRelationshipCollection.<init>(PackageRelationshipCollection.java:130) ~[poi-ooxml-5.2.2.jar:5.2.2]
	at org.apache.poi.openxml4j.opc.PackagePart.loadRelationships(PackagePart.java:565) ~[poi-ooxml-5.2.2.jar:5.2.2]
	at org.apache.poi.openxml4j.opc.OPCPackage.getParts(OPCPackage.java:745) ~[poi-ooxml-5.2.2.jar:5.2.2]
	at org.apache.poi.openxml4j.opc.OPCPackage.open(OPCPackage.java:315) ~[poi-ooxml-5.2.2.jar:5.2.2]
	at org.apache.poi.ooxml.util.PackageHelper.open(PackageHelper.java:59) ~[poi-ooxml-5.2.2.jar:5.2.2]
	at org.apache.poi.xssf.usermodel.XSSFWorkbook.<init>(XSSFWorkbook.java:289) ~[poi-ooxml-5.2.2.jar:5.2.2]
	at org.apache.poi.xssf.usermodel.XSSFWorkbook.<init>(XSSFWorkbook.java:285) ~[poi-ooxml-5.2.2.jar:5.2.2]
	at com.MOFutility.API_Excelutilities.readServiceIdFromExcel(API_Excelutilities.java:20) ~[test-classes/:?]
	at com.MOF.constants.API_URL.<clinit>(API_URL.java:194) ~[test-classes/:?]
	at com.MOFapi.MOFapi.Fetchvalid_SingleService_ValidServiceid(MOFapi.java:4891) ~[test-classes/:?]
	at jdk.internal.reflect.DirectMethodHandleAccessor.invoke(DirectMethodHandleAccessor.java:103) ~[?:?]
	at java.lang.reflect.Method.invoke(Method.java:580) ~[?:?]
	at org.testng.internal.MethodInvocationHelper.invokeMethod(MethodInvocationHelper.java:124) ~[testng-6.14.3.jar:?]
	at org.testng.internal.Invoker.invokeMethod(Invoker.java:583) ~[testng-6.14.3.jar:?]
	at org.testng.internal.Invoker.invokeTestMethod(Invoker.java:719) ~[testng-6.14.3.jar:?]
	at org.testng.internal.Invoker.invokeTestMethods(Invoker.java:989) ~[testng-6.14.3.jar:?]
	at org.testng.internal.TestMethodWorker.invokeTestMethods(TestMethodWorker.java:125) ~[testng-6.14.3.jar:?]
	at org.testng.internal.TestMethodWorker.run(TestMethodWorker.java:109) ~[testng-6.14.3.jar:?]
	at org.testng.TestRunner.privateRun(TestRunner.java:648) ~[testng-6.14.3.jar:?]
	at org.testng.TestRunner.run(TestRunner.java:505) ~[testng-6.14.3.jar:?]
	at org.testng.SuiteRunner.runTest(SuiteRunner.java:455) ~[testng-6.14.3.jar:?]
	at org.testng.SuiteRunner.runSequentially(SuiteRunner.java:450) ~[testng-6.14.3.jar:?]
	at org.testng.SuiteRunner.privateRun(SuiteRunner.java:415) ~[testng-6.14.3.jar:?]
	at org.testng.SuiteRunner.run(SuiteRunner.java:364) ~[testng-6.14.3.jar:?]
	at org.testng.SuiteRunnerWorker.runSuite(SuiteRunnerWorker.java:52) ~[testng-6.14.3.jar:?]
	at org.testng.SuiteRunnerWorker.run(SuiteRunnerWorker.java:84) ~[testng-6.14.3.jar:?]
	at org.testng.TestNG.runSuitesSequentially(TestNG.java:1208) ~[testng-6.14.3.jar:?]
	at org.testng.TestNG.runSuitesLocally(TestNG.java:1137) ~[testng-6.14.3.jar:?]
	at org.testng.TestNG.runSuites(TestNG.java:1049) ~[testng-6.14.3.jar:?]
	at org.testng.TestNG.run(TestNG.java:1017) ~[testng-6.14.3.jar:?]
	at org.apache.maven.surefire.testng.TestNGExecutor.run(TestNGExecutor.java:308) ~[surefire-testng-3.3.0.jar:3.3.0]
	at org.apache.maven.surefire.testng.TestNGXmlTestSuite.execute(TestNGXmlTestSuite.java:71) ~[surefire-testng-3.3.0.jar:3.3.0]
	at org.apache.maven.surefire.testng.TestNGProvider.invoke(TestNGProvider.java:113) ~[surefire-testng-3.3.0.jar:3.3.0]
	at org.apache.maven.surefire.booter.ForkedBooter.runSuitesInProcess(ForkedBooter.java:385) ~[surefire-booter-3.3.0.jar:3.3.0]
	at org.apache.maven.surefire.booter.ForkedBooter.execute(ForkedBooter.java:162) ~[surefire-booter-3.3.0.jar:3.3.0]
	at org.apache.maven.surefire.booter.ForkedBooter.run(ForkedBooter.java:507) ~[surefire-booter-3.3.0.jar:3.3.0]
	at org.apache.maven.surefire.booter.ForkedBooter.main(ForkedBooter.java:495) ~[surefire-booter-3.3.0.jar:3.3.0]
17:05:52.810 [main] ERROR org.apache.poi.openxml4j.opc.PackageRelationshipCollection - Cannot convert mailto:ALPHAAAAAA@@@@@!@##$$$%12344 in a valid relationship URI-> dummy-URI used
java.net.URISyntaxException: Illegal character in fragment at index 25: mailto:ALPHAAAAAA@@@@@!@##$$$%12344
	at java.net.URI$Parser.fail(URI.java:2995) ~[?:?]
	at java.net.URI$Parser.checkChars(URI.java:3166) ~[?:?]
	at java.net.URI$Parser.parse(URI.java:3210) ~[?:?]
	at java.net.URI.<init>(URI.java:645) ~[?:?]
	at org.apache.poi.openxml4j.opc.PackagingURIHelper.toURI(PackagingURIHelper.java:723) ~[poi-ooxml-5.2.2.jar:5.2.2]
	at org.apache.poi.openxml4j.opc.PackageRelationshipCollection.parseRelationshipsPart(PackageRelationshipCollection.java:358) ~[poi-ooxml-5.2.2.jar:5.2.2]
	at org.apache.poi.openxml4j.opc.PackageRelationshipCollection.<init>(PackageRelationshipCollection.java:160) ~[poi-ooxml-5.2.2.jar:5.2.2]
	at org.apache.poi.openxml4j.opc.PackageRelationshipCollection.<init>(PackageRelationshipCollection.java:130) ~[poi-ooxml-5.2.2.jar:5.2.2]
	at org.apache.poi.openxml4j.opc.PackagePart.loadRelationships(PackagePart.java:565) ~[poi-ooxml-5.2.2.jar:5.2.2]
	at org.apache.poi.openxml4j.opc.OPCPackage.getParts(OPCPackage.java:745) ~[poi-ooxml-5.2.2.jar:5.2.2]
	at org.apache.poi.openxml4j.opc.OPCPackage.open(OPCPackage.java:315) ~[poi-ooxml-5.2.2.jar:5.2.2]
	at org.apache.poi.ooxml.util.PackageHelper.open(PackageHelper.java:59) ~[poi-ooxml-5.2.2.jar:5.2.2]
	at org.apache.poi.xssf.usermodel.XSSFWorkbook.<init>(XSSFWorkbook.java:289) ~[poi-ooxml-5.2.2.jar:5.2.2]
	at org.apache.poi.xssf.usermodel.XSSFWorkbook.<init>(XSSFWorkbook.java:285) ~[poi-ooxml-5.2.2.jar:5.2.2]
	at com.MOFutility.API_Excelutilities.readServiceIdFromExcel(API_Excelutilities.java:20) ~[test-classes/:?]
	at com.MOF.constants.API_URL.<clinit>(API_URL.java:194) ~[test-classes/:?]
	at com.MOFapi.MOFapi.Fetchvalid_SingleService_ValidServiceid(MOFapi.java:4891) ~[test-classes/:?]
	at jdk.internal.reflect.DirectMethodHandleAccessor.invoke(DirectMethodHandleAccessor.java:103) ~[?:?]
	at java.lang.reflect.Method.invoke(Method.java:580) ~[?:?]
	at org.testng.internal.MethodInvocationHelper.invokeMethod(MethodInvocationHelper.java:124) ~[testng-6.14.3.jar:?]
	at org.testng.internal.Invoker.invokeMethod(Invoker.java:583) ~[testng-6.14.3.jar:?]
	at org.testng.internal.Invoker.invokeTestMethod(Invoker.java:719) ~[testng-6.14.3.jar:?]
	at org.testng.internal.Invoker.invokeTestMethods(Invoker.java:989) ~[testng-6.14.3.jar:?]
	at org.testng.internal.TestMethodWorker.invokeTestMethods(TestMethodWorker.java:125) ~[testng-6.14.3.jar:?]
	at org.testng.internal.TestMethodWorker.run(TestMethodWorker.java:109) ~[testng-6.14.3.jar:?]
	at org.testng.TestRunner.privateRun(TestRunner.java:648) ~[testng-6.14.3.jar:?]
	at org.testng.TestRunner.run(TestRunner.java:505) ~[testng-6.14.3.jar:?]
	at org.testng.SuiteRunner.runTest(SuiteRunner.java:455) ~[testng-6.14.3.jar:?]
	at org.testng.SuiteRunner.runSequentially(SuiteRunner.java:450) ~[testng-6.14.3.jar:?]
	at org.testng.SuiteRunner.privateRun(SuiteRunner.java:415) ~[testng-6.14.3.jar:?]
	at org.testng.SuiteRunner.run(SuiteRunner.java:364) ~[testng-6.14.3.jar:?]
	at org.testng.SuiteRunnerWorker.runSuite(SuiteRunnerWorker.java:52) ~[testng-6.14.3.jar:?]
	at org.testng.SuiteRunnerWorker.run(SuiteRunnerWorker.java:84) ~[testng-6.14.3.jar:?]
	at org.testng.TestNG.runSuitesSequentially(TestNG.java:1208) ~[testng-6.14.3.jar:?]
	at org.testng.TestNG.runSuitesLocally(TestNG.java:1137) ~[testng-6.14.3.jar:?]
	at org.testng.TestNG.runSuites(TestNG.java:1049) ~[testng-6.14.3.jar:?]
	at org.testng.TestNG.run(TestNG.java:1017) ~[testng-6.14.3.jar:?]
	at org.apache.maven.surefire.testng.TestNGExecutor.run(TestNGExecutor.java:308) ~[surefire-testng-3.3.0.jar:3.3.0]
	at org.apache.maven.surefire.testng.TestNGXmlTestSuite.execute(TestNGXmlTestSuite.java:71) ~[surefire-testng-3.3.0.jar:3.3.0]
	at org.apache.maven.surefire.testng.TestNGProvider.invoke(TestNGProvider.java:113) ~[surefire-testng-3.3.0.jar:3.3.0]
	at org.apache.maven.surefire.booter.ForkedBooter.runSuitesInProcess(ForkedBooter.java:385) ~[surefire-booter-3.3.0.jar:3.3.0]
	at org.apache.maven.surefire.booter.ForkedBooter.execute(ForkedBooter.java:162) ~[surefire-booter-3.3.0.jar:3.3.0]
	at org.apache.maven.surefire.booter.ForkedBooter.run(ForkedBooter.java:507) ~[surefire-booter-3.3.0.jar:3.3.0]
	at org.apache.maven.surefire.booter.ForkedBooter.main(ForkedBooter.java:495) ~[surefire-booter-3.3.0.jar:3.3.0]
17:05:52.812 [main] ERROR org.apache.poi.openxml4j.opc.PackageRelationshipCollection - Cannot convert mailto:2343456378912@#&^*gvadhfbjnf in a valid relationship URI-> dummy-URI used
java.net.URISyntaxException: Illegal character in fragment at index 23: mailto:2343456378912@#&^*gvadhfbjnf
	at java.net.URI$Parser.fail(URI.java:2995) ~[?:?]
	at java.net.URI$Parser.checkChars(URI.java:3166) ~[?:?]
	at java.net.URI$Parser.parse(URI.java:3210) ~[?:?]
	at java.net.URI.<init>(URI.java:645) ~[?:?]
	at org.apache.poi.openxml4j.opc.PackagingURIHelper.toURI(PackagingURIHelper.java:723) ~[poi-ooxml-5.2.2.jar:5.2.2]
	at org.apache.poi.openxml4j.opc.PackageRelationshipCollection.parseRelationshipsPart(PackageRelationshipCollection.java:358) ~[poi-ooxml-5.2.2.jar:5.2.2]
	at org.apache.poi.openxml4j.opc.PackageRelationshipCollection.<init>(PackageRelationshipCollection.java:160) ~[poi-ooxml-5.2.2.jar:5.2.2]
	at org.apache.poi.openxml4j.opc.PackageRelationshipCollection.<init>(PackageRelationshipCollection.java:130) ~[poi-ooxml-5.2.2.jar:5.2.2]
	at org.apache.poi.openxml4j.opc.PackagePart.loadRelationships(PackagePart.java:565) ~[poi-ooxml-5.2.2.jar:5.2.2]
	at org.apache.poi.openxml4j.opc.OPCPackage.getParts(OPCPackage.java:745) ~[poi-ooxml-5.2.2.jar:5.2.2]
	at org.apache.poi.openxml4j.opc.OPCPackage.open(OPCPackage.java:315) ~[poi-ooxml-5.2.2.jar:5.2.2]
	at org.apache.poi.ooxml.util.PackageHelper.open(PackageHelper.java:59) ~[poi-ooxml-5.2.2.jar:5.2.2]
	at org.apache.poi.xssf.usermodel.XSSFWorkbook.<init>(XSSFWorkbook.java:289) ~[poi-ooxml-5.2.2.jar:5.2.2]
	at org.apache.poi.xssf.usermodel.XSSFWorkbook.<init>(XSSFWorkbook.java:285) ~[poi-ooxml-5.2.2.jar:5.2.2]
	at com.MOFutility.API_Excelutilities.readServiceIdFromExcel(API_Excelutilities.java:20) ~[test-classes/:?]
	at com.MOF.constants.API_URL.<clinit>(API_URL.java:194) ~[test-classes/:?]
	at com.MOFapi.MOFapi.Fetchvalid_SingleService_ValidServiceid(MOFapi.java:4891) ~[test-classes/:?]
	at jdk.internal.reflect.DirectMethodHandleAccessor.invoke(DirectMethodHandleAccessor.java:103) ~[?:?]
	at java.lang.reflect.Method.invoke(Method.java:580) ~[?:?]
	at org.testng.internal.MethodInvocationHelper.invokeMethod(MethodInvocationHelper.java:124) ~[testng-6.14.3.jar:?]
	at org.testng.internal.Invoker.invokeMethod(Invoker.java:583) ~[testng-6.14.3.jar:?]
	at org.testng.internal.Invoker.invokeTestMethod(Invoker.java:719) ~[testng-6.14.3.jar:?]
	at org.testng.internal.Invoker.invokeTestMethods(Invoker.java:989) ~[testng-6.14.3.jar:?]
	at org.testng.internal.TestMethodWorker.invokeTestMethods(TestMethodWorker.java:125) ~[testng-6.14.3.jar:?]
	at org.testng.internal.TestMethodWorker.run(TestMethodWorker.java:109) ~[testng-6.14.3.jar:?]
	at org.testng.TestRunner.privateRun(TestRunner.java:648) ~[testng-6.14.3.jar:?]
	at org.testng.TestRunner.run(TestRunner.java:505) ~[testng-6.14.3.jar:?]
	at org.testng.SuiteRunner.runTest(SuiteRunner.java:455) ~[testng-6.14.3.jar:?]
	at org.testng.SuiteRunner.runSequentially(SuiteRunner.java:450) ~[testng-6.14.3.jar:?]
	at org.testng.SuiteRunner.privateRun(SuiteRunner.java:415) ~[testng-6.14.3.jar:?]
	at org.testng.SuiteRunner.run(SuiteRunner.java:364) ~[testng-6.14.3.jar:?]
	at org.testng.SuiteRunnerWorker.runSuite(SuiteRunnerWorker.java:52) ~[testng-6.14.3.jar:?]
	at org.testng.SuiteRunnerWorker.run(SuiteRunnerWorker.java:84) ~[testng-6.14.3.jar:?]
	at org.testng.TestNG.runSuitesSequentially(TestNG.java:1208) ~[testng-6.14.3.jar:?]
	at org.testng.TestNG.runSuitesLocally(TestNG.java:1137) ~[testng-6.14.3.jar:?]
	at org.testng.TestNG.runSuites(TestNG.java:1049) ~[testng-6.14.3.jar:?]
	at org.testng.TestNG.run(TestNG.java:1017) ~[testng-6.14.3.jar:?]
	at org.apache.maven.surefire.testng.TestNGExecutor.run(TestNGExecutor.java:308) ~[surefire-testng-3.3.0.jar:3.3.0]
	at org.apache.maven.surefire.testng.TestNGXmlTestSuite.execute(TestNGXmlTestSuite.java:71) ~[surefire-testng-3.3.0.jar:3.3.0]
	at org.apache.maven.surefire.testng.TestNGProvider.invoke(TestNGProvider.java:113) ~[surefire-testng-3.3.0.jar:3.3.0]
	at org.apache.maven.surefire.booter.ForkedBooter.runSuitesInProcess(ForkedBooter.java:385) ~[surefire-booter-3.3.0.jar:3.3.0]
	at org.apache.maven.surefire.booter.ForkedBooter.execute(ForkedBooter.java:162) ~[surefire-booter-3.3.0.jar:3.3.0]
	at org.apache.maven.surefire.booter.ForkedBooter.run(ForkedBooter.java:507) ~[surefire-booter-3.3.0.jar:3.3.0]
	at org.apache.maven.surefire.booter.ForkedBooter.main(ForkedBooter.java:495) ~[surefire-booter-3.3.0.jar:3.3.0]
Reading from row 42, column 1: 91417a6a-b808-43db-abe9-188fcecf3954
17:05:52.847 [main] ERROR org.apache.poi.openxml4j.opc.PackageRelationshipCollection - Cannot convert mailto:ALPA@#$%^245234534 in a valid relationship URI-> dummy-URI used
java.net.URISyntaxException: Malformed escape pair at index 14: mailto:ALPA@#$%^245234534
	at java.net.URI$Parser.fail(URI.java:2995) ~[?:?]
	at java.net.URI$Parser.scanEscape(URI.java:3123) ~[?:?]
	at java.net.URI$Parser.scan(URI.java:3146) ~[?:?]
	at java.net.URI$Parser.checkChars(URI.java:3164) ~[?:?]
	at java.net.URI$Parser.parse(URI.java:3210) ~[?:?]
	at java.net.URI.<init>(URI.java:645) ~[?:?]
	at org.apache.poi.openxml4j.opc.PackagingURIHelper.toURI(PackagingURIHelper.java:723) ~[poi-ooxml-5.2.2.jar:5.2.2]
	at org.apache.poi.openxml4j.opc.PackageRelationshipCollection.parseRelationshipsPart(PackageRelationshipCollection.java:358) ~[poi-ooxml-5.2.2.jar:5.2.2]
	at org.apache.poi.openxml4j.opc.PackageRelationshipCollection.<init>(PackageRelationshipCollection.java:160) ~[poi-ooxml-5.2.2.jar:5.2.2]
	at org.apache.poi.openxml4j.opc.PackageRelationshipCollection.<init>(PackageRelationshipCollection.java:130) ~[poi-ooxml-5.2.2.jar:5.2.2]
	at org.apache.poi.openxml4j.opc.PackagePart.loadRelationships(PackagePart.java:565) ~[poi-ooxml-5.2.2.jar:5.2.2]
	at org.apache.poi.openxml4j.opc.OPCPackage.getParts(OPCPackage.java:745) ~[poi-ooxml-5.2.2.jar:5.2.2]
	at org.apache.poi.openxml4j.opc.OPCPackage.open(OPCPackage.java:315) ~[poi-ooxml-5.2.2.jar:5.2.2]
	at org.apache.poi.ooxml.util.PackageHelper.open(PackageHelper.java:59) ~[poi-ooxml-5.2.2.jar:5.2.2]
	at org.apache.poi.xssf.usermodel.XSSFWorkbook.<init>(XSSFWorkbook.java:289) ~[poi-ooxml-5.2.2.jar:5.2.2]
	at org.apache.poi.xssf.usermodel.XSSFWorkbook.<init>(XSSFWorkbook.java:285) ~[poi-ooxml-5.2.2.jar:5.2.2]
	at com.MOFutility.API_Excelutilities.readServiceIdFromExcel(API_Excelutilities.java:20) ~[test-classes/:?]
	at com.MOF.constants.API_URL.<clinit>(API_URL.java:196) ~[test-classes/:?]
	at com.MOFapi.MOFapi.Fetchvalid_SingleService_ValidServiceid(MOFapi.java:4891) ~[test-classes/:?]
	at jdk.internal.reflect.DirectMethodHandleAccessor.invoke(DirectMethodHandleAccessor.java:103) ~[?:?]
	at java.lang.reflect.Method.invoke(Method.java:580) ~[?:?]
	at org.testng.internal.MethodInvocationHelper.invokeMethod(MethodInvocationHelper.java:124) ~[testng-6.14.3.jar:?]
	at org.testng.internal.Invoker.invokeMethod(Invoker.java:583) ~[testng-6.14.3.jar:?]
	at org.testng.internal.Invoker.invokeTestMethod(Invoker.java:719) ~[testng-6.14.3.jar:?]
	at org.testng.internal.Invoker.invokeTestMethods(Invoker.java:989) ~[testng-6.14.3.jar:?]
	at org.testng.internal.TestMethodWorker.invokeTestMethods(TestMethodWorker.java:125) ~[testng-6.14.3.jar:?]
	at org.testng.internal.TestMethodWorker.run(TestMethodWorker.java:109) ~[testng-6.14.3.jar:?]
	at org.testng.TestRunner.privateRun(TestRunner.java:648) ~[testng-6.14.3.jar:?]
	at org.testng.TestRunner.run(TestRunner.java:505) ~[testng-6.14.3.jar:?]
	at org.testng.SuiteRunner.runTest(SuiteRunner.java:455) ~[testng-6.14.3.jar:?]
	at org.testng.SuiteRunner.runSequentially(SuiteRunner.java:450) ~[testng-6.14.3.jar:?]
	at org.testng.SuiteRunner.privateRun(SuiteRunner.java:415) ~[testng-6.14.3.jar:?]
	at org.testng.SuiteRunner.run(SuiteRunner.java:364) ~[testng-6.14.3.jar:?]
	at org.testng.SuiteRunnerWorker.runSuite(SuiteRunnerWorker.java:52) ~[testng-6.14.3.jar:?]
	at org.testng.SuiteRunnerWorker.run(SuiteRunnerWorker.java:84) ~[testng-6.14.3.jar:?]
	at org.testng.TestNG.runSuitesSequentially(TestNG.java:1208) ~[testng-6.14.3.jar:?]
	at org.testng.TestNG.runSuitesLocally(TestNG.java:1137) ~[testng-6.14.3.jar:?]
	at org.testng.TestNG.runSuites(TestNG.java:1049) ~[testng-6.14.3.jar:?]
	at org.testng.TestNG.run(TestNG.java:1017) ~[testng-6.14.3.jar:?]
	at org.apache.maven.surefire.testng.TestNGExecutor.run(TestNGExecutor.java:308) ~[surefire-testng-3.3.0.jar:3.3.0]
	at org.apache.maven.surefire.testng.TestNGXmlTestSuite.execute(TestNGXmlTestSuite.java:71) ~[surefire-testng-3.3.0.jar:3.3.0]
	at org.apache.maven.surefire.testng.TestNGProvider.invoke(TestNGProvider.java:113) ~[surefire-testng-3.3.0.jar:3.3.0]
	at org.apache.maven.surefire.booter.ForkedBooter.runSuitesInProcess(ForkedBooter.java:385) ~[surefire-booter-3.3.0.jar:3.3.0]
	at org.apache.maven.surefire.booter.ForkedBooter.execute(ForkedBooter.java:162) ~[surefire-booter-3.3.0.jar:3.3.0]
	at org.apache.maven.surefire.booter.ForkedBooter.run(ForkedBooter.java:507) ~[surefire-booter-3.3.0.jar:3.3.0]
	at org.apache.maven.surefire.booter.ForkedBooter.main(ForkedBooter.java:495) ~[surefire-booter-3.3.0.jar:3.3.0]
17:05:52.848 [main] ERROR org.apache.poi.openxml4j.opc.PackageRelationshipCollection - Cannot convert mailto:ALPHAAAAAA@@@@@!@##$$$%12344 in a valid relationship URI-> dummy-URI used
java.net.URISyntaxException: Illegal character in fragment at index 25: mailto:ALPHAAAAAA@@@@@!@##$$$%12344
	at java.net.URI$Parser.fail(URI.java:2995) ~[?:?]
	at java.net.URI$Parser.checkChars(URI.java:3166) ~[?:?]
	at java.net.URI$Parser.parse(URI.java:3210) ~[?:?]
	at java.net.URI.<init>(URI.java:645) ~[?:?]
	at org.apache.poi.openxml4j.opc.PackagingURIHelper.toURI(PackagingURIHelper.java:723) ~[poi-ooxml-5.2.2.jar:5.2.2]
	at org.apache.poi.openxml4j.opc.PackageRelationshipCollection.parseRelationshipsPart(PackageRelationshipCollection.java:358) ~[poi-ooxml-5.2.2.jar:5.2.2]
	at org.apache.poi.openxml4j.opc.PackageRelationshipCollection.<init>(PackageRelationshipCollection.java:160) ~[poi-ooxml-5.2.2.jar:5.2.2]
	at org.apache.poi.openxml4j.opc.PackageRelationshipCollection.<init>(PackageRelationshipCollection.java:130) ~[poi-ooxml-5.2.2.jar:5.2.2]
	at org.apache.poi.openxml4j.opc.PackagePart.loadRelationships(PackagePart.java:565) ~[poi-ooxml-5.2.2.jar:5.2.2]
	at org.apache.poi.openxml4j.opc.OPCPackage.getParts(OPCPackage.java:745) ~[poi-ooxml-5.2.2.jar:5.2.2]
	at org.apache.poi.openxml4j.opc.OPCPackage.open(OPCPackage.java:315) ~[poi-ooxml-5.2.2.jar:5.2.2]
	at org.apache.poi.ooxml.util.PackageHelper.open(PackageHelper.java:59) ~[poi-ooxml-5.2.2.jar:5.2.2]
	at org.apache.poi.xssf.usermodel.XSSFWorkbook.<init>(XSSFWorkbook.java:289) ~[poi-ooxml-5.2.2.jar:5.2.2]
	at org.apache.poi.xssf.usermodel.XSSFWorkbook.<init>(XSSFWorkbook.java:285) ~[poi-ooxml-5.2.2.jar:5.2.2]
	at com.MOFutility.API_Excelutilities.readServiceIdFromExcel(API_Excelutilities.java:20) ~[test-classes/:?]
	at com.MOF.constants.API_URL.<clinit>(API_URL.java:196) ~[test-classes/:?]
	at com.MOFapi.MOFapi.Fetchvalid_SingleService_ValidServiceid(MOFapi.java:4891) ~[test-classes/:?]
	at jdk.internal.reflect.DirectMethodHandleAccessor.invoke(DirectMethodHandleAccessor.java:103) ~[?:?]
	at java.lang.reflect.Method.invoke(Method.java:580) ~[?:?]
	at org.testng.internal.MethodInvocationHelper.invokeMethod(MethodInvocationHelper.java:124) ~[testng-6.14.3.jar:?]
	at org.testng.internal.Invoker.invokeMethod(Invoker.java:583) ~[testng-6.14.3.jar:?]
	at org.testng.internal.Invoker.invokeTestMethod(Invoker.java:719) ~[testng-6.14.3.jar:?]
	at org.testng.internal.Invoker.invokeTestMethods(Invoker.java:989) ~[testng-6.14.3.jar:?]
	at org.testng.internal.TestMethodWorker.invokeTestMethods(TestMethodWorker.java:125) ~[testng-6.14.3.jar:?]
	at org.testng.internal.TestMethodWorker.run(TestMethodWorker.java:109) ~[testng-6.14.3.jar:?]
	at org.testng.TestRunner.privateRun(TestRunner.java:648) ~[testng-6.14.3.jar:?]
	at org.testng.TestRunner.run(TestRunner.java:505) ~[testng-6.14.3.jar:?]
	at org.testng.SuiteRunner.runTest(SuiteRunner.java:455) ~[testng-6.14.3.jar:?]
	at org.testng.SuiteRunner.runSequentially(SuiteRunner.java:450) ~[testng-6.14.3.jar:?]
	at org.testng.SuiteRunner.privateRun(SuiteRunner.java:415) ~[testng-6.14.3.jar:?]
	at org.testng.SuiteRunner.run(SuiteRunner.java:364) ~[testng-6.14.3.jar:?]
	at org.testng.SuiteRunnerWorker.runSuite(SuiteRunnerWorker.java:52) ~[testng-6.14.3.jar:?]
	at org.testng.SuiteRunnerWorker.run(SuiteRunnerWorker.java:84) ~[testng-6.14.3.jar:?]
	at org.testng.TestNG.runSuitesSequentially(TestNG.java:1208) ~[testng-6.14.3.jar:?]
	at org.testng.TestNG.runSuitesLocally(TestNG.java:1137) ~[testng-6.14.3.jar:?]
	at org.testng.TestNG.runSuites(TestNG.java:1049) ~[testng-6.14.3.jar:?]
	at org.testng.TestNG.run(TestNG.java:1017) ~[testng-6.14.3.jar:?]
	at org.apache.maven.surefire.testng.TestNGExecutor.run(TestNGExecutor.java:308) ~[surefire-testng-3.3.0.jar:3.3.0]
	at org.apache.maven.surefire.testng.TestNGXmlTestSuite.execute(TestNGXmlTestSuite.java:71) ~[surefire-testng-3.3.0.jar:3.3.0]
	at org.apache.maven.surefire.testng.TestNGProvider.invoke(TestNGProvider.java:113) ~[surefire-testng-3.3.0.jar:3.3.0]
	at org.apache.maven.surefire.booter.ForkedBooter.runSuitesInProcess(ForkedBooter.java:385) ~[surefire-booter-3.3.0.jar:3.3.0]
	at org.apache.maven.surefire.booter.ForkedBooter.execute(ForkedBooter.java:162) ~[surefire-booter-3.3.0.jar:3.3.0]
	at org.apache.maven.surefire.booter.ForkedBooter.run(ForkedBooter.java:507) ~[surefire-booter-3.3.0.jar:3.3.0]
	at org.apache.maven.surefire.booter.ForkedBooter.main(ForkedBooter.java:495) ~[surefire-booter-3.3.0.jar:3.3.0]
17:05:52.850 [main] ERROR org.apache.poi.openxml4j.opc.PackageRelationshipCollection - Cannot convert mailto:2343456378912@#&^*gvadhfbjnf in a valid relationship URI-> dummy-URI used
java.net.URISyntaxException: Illegal character in fragment at index 23: mailto:2343456378912@#&^*gvadhfbjnf
	at java.net.URI$Parser.fail(URI.java:2995) ~[?:?]
	at java.net.URI$Parser.checkChars(URI.java:3166) ~[?:?]
	at java.net.URI$Parser.parse(URI.java:3210) ~[?:?]
	at java.net.URI.<init>(URI.java:645) ~[?:?]
	at org.apache.poi.openxml4j.opc.PackagingURIHelper.toURI(PackagingURIHelper.java:723) ~[poi-ooxml-5.2.2.jar:5.2.2]
	at org.apache.poi.openxml4j.opc.PackageRelationshipCollection.parseRelationshipsPart(PackageRelationshipCollection.java:358) ~[poi-ooxml-5.2.2.jar:5.2.2]
	at org.apache.poi.openxml4j.opc.PackageRelationshipCollection.<init>(PackageRelationshipCollection.java:160) ~[poi-ooxml-5.2.2.jar:5.2.2]
	at org.apache.poi.openxml4j.opc.PackageRelationshipCollection.<init>(PackageRelationshipCollection.java:130) ~[poi-ooxml-5.2.2.jar:5.2.2]
	at org.apache.poi.openxml4j.opc.PackagePart.loadRelationships(PackagePart.java:565) ~[poi-ooxml-5.2.2.jar:5.2.2]
	at org.apache.poi.openxml4j.opc.OPCPackage.getParts(OPCPackage.java:745) ~[poi-ooxml-5.2.2.jar:5.2.2]
	at org.apache.poi.openxml4j.opc.OPCPackage.open(OPCPackage.java:315) ~[poi-ooxml-5.2.2.jar:5.2.2]
	at org.apache.poi.ooxml.util.PackageHelper.open(PackageHelper.java:59) ~[poi-ooxml-5.2.2.jar:5.2.2]
	at org.apache.poi.xssf.usermodel.XSSFWorkbook.<init>(XSSFWorkbook.java:289) ~[poi-ooxml-5.2.2.jar:5.2.2]
	at org.apache.poi.xssf.usermodel.XSSFWorkbook.<init>(XSSFWorkbook.java:285) ~[poi-ooxml-5.2.2.jar:5.2.2]
	at com.MOFutility.API_Excelutilities.readServiceIdFromExcel(API_Excelutilities.java:20) ~[test-classes/:?]
	at com.MOF.constants.API_URL.<clinit>(API_URL.java:196) ~[test-classes/:?]
	at com.MOFapi.MOFapi.Fetchvalid_SingleService_ValidServiceid(MOFapi.java:4891) ~[test-classes/:?]
	at jdk.internal.reflect.DirectMethodHandleAccessor.invoke(DirectMethodHandleAccessor.java:103) ~[?:?]
	at java.lang.reflect.Method.invoke(Method.java:580) ~[?:?]
	at org.testng.internal.MethodInvocationHelper.invokeMethod(MethodInvocationHelper.java:124) ~[testng-6.14.3.jar:?]
	at org.testng.internal.Invoker.invokeMethod(Invoker.java:583) ~[testng-6.14.3.jar:?]
	at org.testng.internal.Invoker.invokeTestMethod(Invoker.java:719) ~[testng-6.14.3.jar:?]
	at org.testng.internal.Invoker.invokeTestMethods(Invoker.java:989) ~[testng-6.14.3.jar:?]
	at org.testng.internal.TestMethodWorker.invokeTestMethods(TestMethodWorker.java:125) ~[testng-6.14.3.jar:?]
	at org.testng.internal.TestMethodWorker.run(TestMethodWorker.java:109) ~[testng-6.14.3.jar:?]
	at org.testng.TestRunner.privateRun(TestRunner.java:648) ~[testng-6.14.3.jar:?]
	at org.testng.TestRunner.run(TestRunner.java:505) ~[testng-6.14.3.jar:?]
	at org.testng.SuiteRunner.runTest(SuiteRunner.java:455) ~[testng-6.14.3.jar:?]
	at org.testng.SuiteRunner.runSequentially(SuiteRunner.java:450) ~[testng-6.14.3.jar:?]
	at org.testng.SuiteRunner.privateRun(SuiteRunner.java:415) ~[testng-6.14.3.jar:?]
	at org.testng.SuiteRunner.run(SuiteRunner.java:364) ~[testng-6.14.3.jar:?]
	at org.testng.SuiteRunnerWorker.runSuite(SuiteRunnerWorker.java:52) ~[testng-6.14.3.jar:?]
	at org.testng.SuiteRunnerWorker.run(SuiteRunnerWorker.java:84) ~[testng-6.14.3.jar:?]
	at org.testng.TestNG.runSuitesSequentially(TestNG.java:1208) ~[testng-6.14.3.jar:?]
	at org.testng.TestNG.runSuitesLocally(TestNG.java:1137) ~[testng-6.14.3.jar:?]
	at org.testng.TestNG.runSuites(TestNG.java:1049) ~[testng-6.14.3.jar:?]
	at org.testng.TestNG.run(TestNG.java:1017) ~[testng-6.14.3.jar:?]
	at org.apache.maven.surefire.testng.TestNGExecutor.run(TestNGExecutor.java:308) ~[surefire-testng-3.3.0.jar:3.3.0]
	at org.apache.maven.surefire.testng.TestNGXmlTestSuite.execute(TestNGXmlTestSuite.java:71) ~[surefire-testng-3.3.0.jar:3.3.0]
	at org.apache.maven.surefire.testng.TestNGProvider.invoke(TestNGProvider.java:113) ~[surefire-testng-3.3.0.jar:3.3.0]
	at org.apache.maven.surefire.booter.ForkedBooter.runSuitesInProcess(ForkedBooter.java:385) ~[surefire-booter-3.3.0.jar:3.3.0]
	at org.apache.maven.surefire.booter.ForkedBooter.execute(ForkedBooter.java:162) ~[surefire-booter-3.3.0.jar:3.3.0]
	at org.apache.maven.surefire.booter.ForkedBooter.run(ForkedBooter.java:507) ~[surefire-booter-3.3.0.jar:3.3.0]
	at org.apache.maven.surefire.booter.ForkedBooter.main(ForkedBooter.java:495) ~[surefire-booter-3.3.0.jar:3.3.0]
17:05:52.879 [main] ERROR org.apache.poi.openxml4j.opc.PackageRelationshipCollection - Cannot convert mailto:ALPA@#$%^245234534 in a valid relationship URI-> dummy-URI used
java.net.URISyntaxException: Malformed escape pair at index 14: mailto:ALPA@#$%^245234534
	at java.net.URI$Parser.fail(URI.java:2995) ~[?:?]
	at java.net.URI$Parser.scanEscape(URI.java:3123) ~[?:?]
	at java.net.URI$Parser.scan(URI.java:3146) ~[?:?]
	at java.net.URI$Parser.checkChars(URI.java:3164) ~[?:?]
	at java.net.URI$Parser.parse(URI.java:3210) ~[?:?]
	at java.net.URI.<init>(URI.java:645) ~[?:?]
	at org.apache.poi.openxml4j.opc.PackagingURIHelper.toURI(PackagingURIHelper.java:723) ~[poi-ooxml-5.2.2.jar:5.2.2]
	at org.apache.poi.openxml4j.opc.PackageRelationshipCollection.parseRelationshipsPart(PackageRelationshipCollection.java:358) ~[poi-ooxml-5.2.2.jar:5.2.2]
	at org.apache.poi.openxml4j.opc.PackageRelationshipCollection.<init>(PackageRelationshipCollection.java:160) ~[poi-ooxml-5.2.2.jar:5.2.2]
	at org.apache.poi.openxml4j.opc.PackageRelationshipCollection.<init>(PackageRelationshipCollection.java:130) ~[poi-ooxml-5.2.2.jar:5.2.2]
	at org.apache.poi.openxml4j.opc.PackagePart.loadRelationships(PackagePart.java:565) ~[poi-ooxml-5.2.2.jar:5.2.2]
	at org.apache.poi.openxml4j.opc.OPCPackage.getParts(OPCPackage.java:745) ~[poi-ooxml-5.2.2.jar:5.2.2]
	at org.apache.poi.openxml4j.opc.OPCPackage.open(OPCPackage.java:315) ~[poi-ooxml-5.2.2.jar:5.2.2]
	at org.apache.poi.ooxml.util.PackageHelper.open(PackageHelper.java:59) ~[poi-ooxml-5.2.2.jar:5.2.2]
	at org.apache.poi.xssf.usermodel.XSSFWorkbook.<init>(XSSFWorkbook.java:289) ~[poi-ooxml-5.2.2.jar:5.2.2]
	at org.apache.poi.xssf.usermodel.XSSFWorkbook.<init>(XSSFWorkbook.java:285) ~[poi-ooxml-5.2.2.jar:5.2.2]
	at com.MOFutility.API_Excelutilities.readServiceIdFromExcel(API_Excelutilities.java:20) ~[test-classes/:?]
	at com.MOF.constants.API_URL.<clinit>(API_URL.java:197) ~[test-classes/:?]
	at com.MOFapi.MOFapi.Fetchvalid_SingleService_ValidServiceid(MOFapi.java:4891) ~[test-classes/:?]
	at jdk.internal.reflect.DirectMethodHandleAccessor.invoke(DirectMethodHandleAccessor.java:103) ~[?:?]
	at java.lang.reflect.Method.invoke(Method.java:580) ~[?:?]
	at org.testng.internal.MethodInvocationHelper.invokeMethod(MethodInvocationHelper.java:124) ~[testng-6.14.3.jar:?]
	at org.testng.internal.Invoker.invokeMethod(Invoker.java:583) ~[testng-6.14.3.jar:?]
	at org.testng.internal.Invoker.invokeTestMethod(Invoker.java:719) ~[testng-6.14.3.jar:?]
	at org.testng.internal.Invoker.invokeTestMethods(Invoker.java:989) ~[testng-6.14.3.jar:?]
	at org.testng.internal.TestMethodWorker.invokeTestMethods(TestMethodWorker.java:125) ~[testng-6.14.3.jar:?]
	at org.testng.internal.TestMethodWorker.run(TestMethodWorker.java:109) ~[testng-6.14.3.jar:?]
	at org.testng.TestRunner.privateRun(TestRunner.java:648) ~[testng-6.14.3.jar:?]
	at org.testng.TestRunner.run(TestRunner.java:505) ~[testng-6.14.3.jar:?]
	at org.testng.SuiteRunner.runTest(SuiteRunner.java:455) ~[testng-6.14.3.jar:?]
	at org.testng.SuiteRunner.runSequentially(SuiteRunner.java:450) ~[testng-6.14.3.jar:?]
	at org.testng.SuiteRunner.privateRun(SuiteRunner.java:415) ~[testng-6.14.3.jar:?]
	at org.testng.SuiteRunner.run(SuiteRunner.java:364) ~[testng-6.14.3.jar:?]
	at org.testng.SuiteRunnerWorker.runSuite(SuiteRunnerWorker.java:52) ~[testng-6.14.3.jar:?]
	at org.testng.SuiteRunnerWorker.run(SuiteRunnerWorker.java:84) ~[testng-6.14.3.jar:?]
	at org.testng.TestNG.runSuitesSequentially(TestNG.java:1208) ~[testng-6.14.3.jar:?]
	at org.testng.TestNG.runSuitesLocally(TestNG.java:1137) ~[testng-6.14.3.jar:?]
	at org.testng.TestNG.runSuites(TestNG.java:1049) ~[testng-6.14.3.jar:?]
	at org.testng.TestNG.run(TestNG.java:1017) ~[testng-6.14.3.jar:?]
	at org.apache.maven.surefire.testng.TestNGExecutor.run(TestNGExecutor.java:308) ~[surefire-testng-3.3.0.jar:3.3.0]
	at org.apache.maven.surefire.testng.TestNGXmlTestSuite.execute(TestNGXmlTestSuite.java:71) ~[surefire-testng-3.3.0.jar:3.3.0]
	at org.apache.maven.surefire.testng.TestNGProvider.invoke(TestNGProvider.java:113) ~[surefire-testng-3.3.0.jar:3.3.0]
	at org.apache.maven.surefire.booter.ForkedBooter.runSuitesInProcess(ForkedBooter.java:385) ~[surefire-booter-3.3.0.jar:3.3.0]
	at org.apache.maven.surefire.booter.ForkedBooter.execute(ForkedBooter.java:162) ~[surefire-booter-3.3.0.jar:3.3.0]
	at org.apache.maven.surefire.booter.ForkedBooter.run(ForkedBooter.java:507) ~[surefire-booter-3.3.0.jar:3.3.0]
	at org.apache.maven.surefire.booter.ForkedBooter.main(ForkedBooter.java:495) ~[surefire-booter-3.3.0.jar:3.3.0]
17:05:52.880 [main] ERROR org.apache.poi.openxml4j.opc.PackageRelationshipCollection - Cannot convert mailto:ALPHAAAAAA@@@@@!@##$$$%12344 in a valid relationship URI-> dummy-URI used
java.net.URISyntaxException: Illegal character in fragment at index 25: mailto:ALPHAAAAAA@@@@@!@##$$$%12344
	at java.net.URI$Parser.fail(URI.java:2995) ~[?:?]
	at java.net.URI$Parser.checkChars(URI.java:3166) ~[?:?]
	at java.net.URI$Parser.parse(URI.java:3210) ~[?:?]
	at java.net.URI.<init>(URI.java:645) ~[?:?]
	at org.apache.poi.openxml4j.opc.PackagingURIHelper.toURI(PackagingURIHelper.java:723) ~[poi-ooxml-5.2.2.jar:5.2.2]
	at org.apache.poi.openxml4j.opc.PackageRelationshipCollection.parseRelationshipsPart(PackageRelationshipCollection.java:358) ~[poi-ooxml-5.2.2.jar:5.2.2]
	at org.apache.poi.openxml4j.opc.PackageRelationshipCollection.<init>(PackageRelationshipCollection.java:160) ~[poi-ooxml-5.2.2.jar:5.2.2]
	at org.apache.poi.openxml4j.opc.PackageRelationshipCollection.<init>(PackageRelationshipCollection.java:130) ~[poi-ooxml-5.2.2.jar:5.2.2]
	at org.apache.poi.openxml4j.opc.PackagePart.loadRelationships(PackagePart.java:565) ~[poi-ooxml-5.2.2.jar:5.2.2]
	at org.apache.poi.openxml4j.opc.OPCPackage.getParts(OPCPackage.java:745) ~[poi-ooxml-5.2.2.jar:5.2.2]
	at org.apache.poi.openxml4j.opc.OPCPackage.open(OPCPackage.java:315) ~[poi-ooxml-5.2.2.jar:5.2.2]
	at org.apache.poi.ooxml.util.PackageHelper.open(PackageHelper.java:59) ~[poi-ooxml-5.2.2.jar:5.2.2]
	at org.apache.poi.xssf.usermodel.XSSFWorkbook.<init>(XSSFWorkbook.java:289) ~[poi-ooxml-5.2.2.jar:5.2.2]
	at org.apache.poi.xssf.usermodel.XSSFWorkbook.<init>(XSSFWorkbook.java:285) ~[poi-ooxml-5.2.2.jar:5.2.2]
	at com.MOFutility.API_Excelutilities.readServiceIdFromExcel(API_Excelutilities.java:20) ~[test-classes/:?]
	at com.MOF.constants.API_URL.<clinit>(API_URL.java:197) ~[test-classes/:?]
	at com.MOFapi.MOFapi.Fetchvalid_SingleService_ValidServiceid(MOFapi.java:4891) ~[test-classes/:?]
	at jdk.internal.reflect.DirectMethodHandleAccessor.invoke(DirectMethodHandleAccessor.java:103) ~[?:?]
	at java.lang.reflect.Method.invoke(Method.java:580) ~[?:?]
	at org.testng.internal.MethodInvocationHelper.invokeMethod(MethodInvocationHelper.java:124) ~[testng-6.14.3.jar:?]
	at org.testng.internal.Invoker.invokeMethod(Invoker.java:583) ~[testng-6.14.3.jar:?]
	at org.testng.internal.Invoker.invokeTestMethod(Invoker.java:719) ~[testng-6.14.3.jar:?]
	at org.testng.internal.Invoker.invokeTestMethods(Invoker.java:989) ~[testng-6.14.3.jar:?]
	at org.testng.internal.TestMethodWorker.invokeTestMethods(TestMethodWorker.java:125) ~[testng-6.14.3.jar:?]
	at org.testng.internal.TestMethodWorker.run(TestMethodWorker.java:109) ~[testng-6.14.3.jar:?]
	at org.testng.TestRunner.privateRun(TestRunner.java:648) ~[testng-6.14.3.jar:?]
	at org.testng.TestRunner.run(TestRunner.java:505) ~[testng-6.14.3.jar:?]
	at org.testng.SuiteRunner.runTest(SuiteRunner.java:455) ~[testng-6.14.3.jar:?]
	at org.testng.SuiteRunner.runSequentially(SuiteRunner.java:450) ~[testng-6.14.3.jar:?]
	at org.testng.SuiteRunner.privateRun(SuiteRunner.java:415) ~[testng-6.14.3.jar:?]
	at org.testng.SuiteRunner.run(SuiteRunner.java:364) ~[testng-6.14.3.jar:?]
	at org.testng.SuiteRunnerWorker.runSuite(SuiteRunnerWorker.java:52) ~[testng-6.14.3.jar:?]
	at org.testng.SuiteRunnerWorker.run(SuiteRunnerWorker.java:84) ~[testng-6.14.3.jar:?]
	at org.testng.TestNG.runSuitesSequentially(TestNG.java:1208) ~[testng-6.14.3.jar:?]
	at org.testng.TestNG.runSuitesLocally(TestNG.java:1137) ~[testng-6.14.3.jar:?]
	at org.testng.TestNG.runSuites(TestNG.java:1049) ~[testng-6.14.3.jar:?]
	at org.testng.TestNG.run(TestNG.java:1017) ~[testng-6.14.3.jar:?]
	at org.apache.maven.surefire.testng.TestNGExecutor.run(TestNGExecutor.java:308) ~[surefire-testng-3.3.0.jar:3.3.0]
	at org.apache.maven.surefire.testng.TestNGXmlTestSuite.execute(TestNGXmlTestSuite.java:71) ~[surefire-testng-3.3.0.jar:3.3.0]
	at org.apache.maven.surefire.testng.TestNGProvider.invoke(TestNGProvider.java:113) ~[surefire-testng-3.3.0.jar:3.3.0]
	at org.apache.maven.surefire.booter.ForkedBooter.runSuitesInProcess(ForkedBooter.java:385) ~[surefire-booter-3.3.0.jar:3.3.0]
	at org.apache.maven.surefire.booter.ForkedBooter.execute(ForkedBooter.java:162) ~[surefire-booter-3.3.0.jar:3.3.0]
	at org.apache.maven.surefire.booter.ForkedBooter.run(ForkedBooter.java:507) ~[surefire-booter-3.3.0.jar:3.3.0]
	at org.apache.maven.surefire.booter.ForkedBooter.main(ForkedBooter.java:495) ~[surefire-booter-3.3.0.jar:3.3.0]
17:05:52.881 [main] ERROR org.apache.poi.openxml4j.opc.PackageRelationshipCollection - Cannot convert mailto:2343456378912@#&^*gvadhfbjnf in a valid relationship URI-> dummy-URI used
java.net.URISyntaxException: Illegal character in fragment at index 23: mailto:2343456378912@#&^*gvadhfbjnf
	at java.net.URI$Parser.fail(URI.java:2995) ~[?:?]
	at java.net.URI$Parser.checkChars(URI.java:3166) ~[?:?]
	at java.net.URI$Parser.parse(URI.java:3210) ~[?:?]
	at java.net.URI.<init>(URI.java:645) ~[?:?]
	at org.apache.poi.openxml4j.opc.PackagingURIHelper.toURI(PackagingURIHelper.java:723) ~[poi-ooxml-5.2.2.jar:5.2.2]
	at org.apache.poi.openxml4j.opc.PackageRelationshipCollection.parseRelationshipsPart(PackageRelationshipCollection.java:358) ~[poi-ooxml-5.2.2.jar:5.2.2]
	at org.apache.poi.openxml4j.opc.PackageRelationshipCollection.<init>(PackageRelationshipCollection.java:160) ~[poi-ooxml-5.2.2.jar:5.2.2]
	at org.apache.poi.openxml4j.opc.PackageRelationshipCollection.<init>(PackageRelationshipCollection.java:130) ~[poi-ooxml-5.2.2.jar:5.2.2]
	at org.apache.poi.openxml4j.opc.PackagePart.loadRelationships(PackagePart.java:565) ~[poi-ooxml-5.2.2.jar:5.2.2]
	at org.apache.poi.openxml4j.opc.OPCPackage.getParts(OPCPackage.java:745) ~[poi-ooxml-5.2.2.jar:5.2.2]
	at org.apache.poi.openxml4j.opc.OPCPackage.open(OPCPackage.java:315) ~[poi-ooxml-5.2.2.jar:5.2.2]
	at org.apache.poi.ooxml.util.PackageHelper.open(PackageHelper.java:59) ~[poi-ooxml-5.2.2.jar:5.2.2]
	at org.apache.poi.xssf.usermodel.XSSFWorkbook.<init>(XSSFWorkbook.java:289) ~[poi-ooxml-5.2.2.jar:5.2.2]
	at org.apache.poi.xssf.usermodel.XSSFWorkbook.<init>(XSSFWorkbook.java:285) ~[poi-ooxml-5.2.2.jar:5.2.2]
	at com.MOFutility.API_Excelutilities.readServiceIdFromExcel(API_Excelutilities.java:20) ~[test-classes/:?]
	at com.MOF.constants.API_URL.<clinit>(API_URL.java:197) ~[test-classes/:?]
	at com.MOFapi.MOFapi.Fetchvalid_SingleService_ValidServiceid(MOFapi.java:4891) ~[test-classes/:?]
	at jdk.internal.reflect.DirectMethodHandleAccessor.invoke(DirectMethodHandleAccessor.java:103) ~[?:?]
	at java.lang.reflect.Method.invoke(Method.java:580) ~[?:?]
	at org.testng.internal.MethodInvocationHelper.invokeMethod(MethodInvocationHelper.java:124) ~[testng-6.14.3.jar:?]
	at org.testng.internal.Invoker.invokeMethod(Invoker.java:583) ~[testng-6.14.3.jar:?]
	at org.testng.internal.Invoker.invokeTestMethod(Invoker.java:719) ~[testng-6.14.3.jar:?]
	at org.testng.internal.Invoker.invokeTestMethods(Invoker.java:989) ~[testng-6.14.3.jar:?]
	at org.testng.internal.TestMethodWorker.invokeTestMethods(TestMethodWorker.java:125) ~[testng-6.14.3.jar:?]
	at org.testng.internal.TestMethodWorker.run(TestMethodWorker.java:109) ~[testng-6.14.3.jar:?]
	at org.testng.TestRunner.privateRun(TestRunner.java:648) ~[testng-6.14.3.jar:?]
	at org.testng.TestRunner.run(TestRunner.java:505) ~[testng-6.14.3.jar:?]
	at org.testng.SuiteRunner.runTest(SuiteRunner.java:455) ~[testng-6.14.3.jar:?]
	at org.testng.SuiteRunner.runSequentially(SuiteRunner.java:450) ~[testng-6.14.3.jar:?]
	at org.testng.SuiteRunner.privateRun(SuiteRunner.java:415) ~[testng-6.14.3.jar:?]
	at org.testng.SuiteRunner.run(SuiteRunner.java:364) ~[testng-6.14.3.jar:?]
	at org.testng.SuiteRunnerWorker.runSuite(SuiteRunnerWorker.java:52) ~[testng-6.14.3.jar:?]
	at org.testng.SuiteRunnerWorker.run(SuiteRunnerWorker.java:84) ~[testng-6.14.3.jar:?]
	at org.testng.TestNG.runSuitesSequentially(TestNG.java:1208) ~[testng-6.14.3.jar:?]
	at org.testng.TestNG.runSuitesLocally(TestNG.java:1137) ~[testng-6.14.3.jar:?]
	at org.testng.TestNG.runSuites(TestNG.java:1049) ~[testng-6.14.3.jar:?]
	at org.testng.TestNG.run(TestNG.java:1017) ~[testng-6.14.3.jar:?]
	at org.apache.maven.surefire.testng.TestNGExecutor.run(TestNGExecutor.java:308) ~[surefire-testng-3.3.0.jar:3.3.0]
	at org.apache.maven.surefire.testng.TestNGXmlTestSuite.execute(TestNGXmlTestSuite.java:71) ~[surefire-testng-3.3.0.jar:3.3.0]
	at org.apache.maven.surefire.testng.TestNGProvider.invoke(TestNGProvider.java:113) ~[surefire-testng-3.3.0.jar:3.3.0]
	at org.apache.maven.surefire.booter.ForkedBooter.runSuitesInProcess(ForkedBooter.java:385) ~[surefire-booter-3.3.0.jar:3.3.0]
	at org.apache.maven.surefire.booter.ForkedBooter.execute(ForkedBooter.java:162) ~[surefire-booter-3.3.0.jar:3.3.0]
	at org.apache.maven.surefire.booter.ForkedBooter.run(ForkedBooter.java:507) ~[surefire-booter-3.3.0.jar:3.3.0]
	at org.apache.maven.surefire.booter.ForkedBooter.main(ForkedBooter.java:495) ~[surefire-booter-3.3.0.jar:3.3.0]
17:05:52.921 [main] ERROR org.apache.poi.openxml4j.opc.PackageRelationshipCollection - Cannot convert mailto:ALPA@#$%^245234534 in a valid relationship URI-> dummy-URI used
java.net.URISyntaxException: Malformed escape pair at index 14: mailto:ALPA@#$%^245234534
	at java.net.URI$Parser.fail(URI.java:2995) ~[?:?]
	at java.net.URI$Parser.scanEscape(URI.java:3123) ~[?:?]
	at java.net.URI$Parser.scan(URI.java:3146) ~[?:?]
	at java.net.URI$Parser.checkChars(URI.java:3164) ~[?:?]
	at java.net.URI$Parser.parse(URI.java:3210) ~[?:?]
	at java.net.URI.<init>(URI.java:645) ~[?:?]
	at org.apache.poi.openxml4j.opc.PackagingURIHelper.toURI(PackagingURIHelper.java:723) ~[poi-ooxml-5.2.2.jar:5.2.2]
	at org.apache.poi.openxml4j.opc.PackageRelationshipCollection.parseRelationshipsPart(PackageRelationshipCollection.java:358) ~[poi-ooxml-5.2.2.jar:5.2.2]
	at org.apache.poi.openxml4j.opc.PackageRelationshipCollection.<init>(PackageRelationshipCollection.java:160) ~[poi-ooxml-5.2.2.jar:5.2.2]
	at org.apache.poi.openxml4j.opc.PackageRelationshipCollection.<init>(PackageRelationshipCollection.java:130) ~[poi-ooxml-5.2.2.jar:5.2.2]
	at org.apache.poi.openxml4j.opc.PackagePart.loadRelationships(PackagePart.java:565) ~[poi-ooxml-5.2.2.jar:5.2.2]
	at org.apache.poi.openxml4j.opc.OPCPackage.getParts(OPCPackage.java:745) ~[poi-ooxml-5.2.2.jar:5.2.2]
	at org.apache.poi.openxml4j.opc.OPCPackage.open(OPCPackage.java:315) ~[poi-ooxml-5.2.2.jar:5.2.2]
	at org.apache.poi.ooxml.util.PackageHelper.open(PackageHelper.java:59) ~[poi-ooxml-5.2.2.jar:5.2.2]
	at org.apache.poi.xssf.usermodel.XSSFWorkbook.<init>(XSSFWorkbook.java:289) ~[poi-ooxml-5.2.2.jar:5.2.2]
	at org.apache.poi.xssf.usermodel.XSSFWorkbook.<init>(XSSFWorkbook.java:285) ~[poi-ooxml-5.2.2.jar:5.2.2]
	at com.MOFutility.API_Excelutilities.readServiceIdFromExcel(API_Excelutilities.java:20) ~[test-classes/:?]
	at com.MOF.constants.API_URL.<clinit>(API_URL.java:198) ~[test-classes/:?]
	at com.MOFapi.MOFapi.Fetchvalid_SingleService_ValidServiceid(MOFapi.java:4891) ~[test-classes/:?]
	at jdk.internal.reflect.DirectMethodHandleAccessor.invoke(DirectMethodHandleAccessor.java:103) ~[?:?]
	at java.lang.reflect.Method.invoke(Method.java:580) ~[?:?]
	at org.testng.internal.MethodInvocationHelper.invokeMethod(MethodInvocationHelper.java:124) ~[testng-6.14.3.jar:?]
	at org.testng.internal.Invoker.invokeMethod(Invoker.java:583) ~[testng-6.14.3.jar:?]
	at org.testng.internal.Invoker.invokeTestMethod(Invoker.java:719) ~[testng-6.14.3.jar:?]
	at org.testng.internal.Invoker.invokeTestMethods(Invoker.java:989) ~[testng-6.14.3.jar:?]
	at org.testng.internal.TestMethodWorker.invokeTestMethods(TestMethodWorker.java:125) ~[testng-6.14.3.jar:?]
	at org.testng.internal.TestMethodWorker.run(TestMethodWorker.java:109) ~[testng-6.14.3.jar:?]
	at org.testng.TestRunner.privateRun(TestRunner.java:648) ~[testng-6.14.3.jar:?]
	at org.testng.TestRunner.run(TestRunner.java:505) ~[testng-6.14.3.jar:?]
	at org.testng.SuiteRunner.runTest(SuiteRunner.java:455) ~[testng-6.14.3.jar:?]
	at org.testng.SuiteRunner.runSequentially(SuiteRunner.java:450) ~[testng-6.14.3.jar:?]
	at org.testng.SuiteRunner.privateRun(SuiteRunner.java:415) ~[testng-6.14.3.jar:?]
	at org.testng.SuiteRunner.run(SuiteRunner.java:364) ~[testng-6.14.3.jar:?]
	at org.testng.SuiteRunnerWorker.runSuite(SuiteRunnerWorker.java:52) ~[testng-6.14.3.jar:?]
	at org.testng.SuiteRunnerWorker.run(SuiteRunnerWorker.java:84) ~[testng-6.14.3.jar:?]
	at org.testng.TestNG.runSuitesSequentially(TestNG.java:1208) ~[testng-6.14.3.jar:?]
	at org.testng.TestNG.runSuitesLocally(TestNG.java:1137) ~[testng-6.14.3.jar:?]
	at org.testng.TestNG.runSuites(TestNG.java:1049) ~[testng-6.14.3.jar:?]
	at org.testng.TestNG.run(TestNG.java:1017) ~[testng-6.14.3.jar:?]
	at org.apache.maven.surefire.testng.TestNGExecutor.run(TestNGExecutor.java:308) ~[surefire-testng-3.3.0.jar:3.3.0]
	at org.apache.maven.surefire.testng.TestNGXmlTestSuite.execute(TestNGXmlTestSuite.java:71) ~[surefire-testng-3.3.0.jar:3.3.0]
	at org.apache.maven.surefire.testng.TestNGProvider.invoke(TestNGProvider.java:113) ~[surefire-testng-3.3.0.jar:3.3.0]
	at org.apache.maven.surefire.booter.ForkedBooter.runSuitesInProcess(ForkedBooter.java:385) ~[surefire-booter-3.3.0.jar:3.3.0]
	at org.apache.maven.surefire.booter.ForkedBooter.execute(ForkedBooter.java:162) ~[surefire-booter-3.3.0.jar:3.3.0]
	at org.apache.maven.surefire.booter.ForkedBooter.run(ForkedBooter.java:507) ~[surefire-booter-3.3.0.jar:3.3.0]
	at org.apache.maven.surefire.booter.ForkedBooter.main(ForkedBooter.java:495) ~[surefire-booter-3.3.0.jar:3.3.0]
17:05:52.922 [main] ERROR org.apache.poi.openxml4j.opc.PackageRelationshipCollection - Cannot convert mailto:ALPHAAAAAA@@@@@!@##$$$%12344 in a valid relationship URI-> dummy-URI used
java.net.URISyntaxException: Illegal character in fragment at index 25: mailto:ALPHAAAAAA@@@@@!@##$$$%12344
	at java.net.URI$Parser.fail(URI.java:2995) ~[?:?]
	at java.net.URI$Parser.checkChars(URI.java:3166) ~[?:?]
	at java.net.URI$Parser.parse(URI.java:3210) ~[?:?]
	at java.net.URI.<init>(URI.java:645) ~[?:?]
	at org.apache.poi.openxml4j.opc.PackagingURIHelper.toURI(PackagingURIHelper.java:723) ~[poi-ooxml-5.2.2.jar:5.2.2]
	at org.apache.poi.openxml4j.opc.PackageRelationshipCollection.parseRelationshipsPart(PackageRelationshipCollection.java:358) ~[poi-ooxml-5.2.2.jar:5.2.2]
	at org.apache.poi.openxml4j.opc.PackageRelationshipCollection.<init>(PackageRelationshipCollection.java:160) ~[poi-ooxml-5.2.2.jar:5.2.2]
	at org.apache.poi.openxml4j.opc.PackageRelationshipCollection.<init>(PackageRelationshipCollection.java:130) ~[poi-ooxml-5.2.2.jar:5.2.2]
	at org.apache.poi.openxml4j.opc.PackagePart.loadRelationships(PackagePart.java:565) ~[poi-ooxml-5.2.2.jar:5.2.2]
	at org.apache.poi.openxml4j.opc.OPCPackage.getParts(OPCPackage.java:745) ~[poi-ooxml-5.2.2.jar:5.2.2]
	at org.apache.poi.openxml4j.opc.OPCPackage.open(OPCPackage.java:315) ~[poi-ooxml-5.2.2.jar:5.2.2]
	at org.apache.poi.ooxml.util.PackageHelper.open(PackageHelper.java:59) ~[poi-ooxml-5.2.2.jar:5.2.2]
	at org.apache.poi.xssf.usermodel.XSSFWorkbook.<init>(XSSFWorkbook.java:289) ~[poi-ooxml-5.2.2.jar:5.2.2]
	at org.apache.poi.xssf.usermodel.XSSFWorkbook.<init>(XSSFWorkbook.java:285) ~[poi-ooxml-5.2.2.jar:5.2.2]
	at com.MOFutility.API_Excelutilities.readServiceIdFromExcel(API_Excelutilities.java:20) ~[test-classes/:?]
	at com.MOF.constants.API_URL.<clinit>(API_URL.java:198) ~[test-classes/:?]
	at com.MOFapi.MOFapi.Fetchvalid_SingleService_ValidServiceid(MOFapi.java:4891) ~[test-classes/:?]
	at jdk.internal.reflect.DirectMethodHandleAccessor.invoke(DirectMethodHandleAccessor.java:103) ~[?:?]
	at java.lang.reflect.Method.invoke(Method.java:580) ~[?:?]
	at org.testng.internal.MethodInvocationHelper.invokeMethod(MethodInvocationHelper.java:124) ~[testng-6.14.3.jar:?]
	at org.testng.internal.Invoker.invokeMethod(Invoker.java:583) ~[testng-6.14.3.jar:?]
	at org.testng.internal.Invoker.invokeTestMethod(Invoker.java:719) ~[testng-6.14.3.jar:?]
	at org.testng.internal.Invoker.invokeTestMethods(Invoker.java:989) ~[testng-6.14.3.jar:?]
	at org.testng.internal.TestMethodWorker.invokeTestMethods(TestMethodWorker.java:125) ~[testng-6.14.3.jar:?]
	at org.testng.internal.TestMethodWorker.run(TestMethodWorker.java:109) ~[testng-6.14.3.jar:?]
	at org.testng.TestRunner.privateRun(TestRunner.java:648) ~[testng-6.14.3.jar:?]
	at org.testng.TestRunner.run(TestRunner.java:505) ~[testng-6.14.3.jar:?]
	at org.testng.SuiteRunner.runTest(SuiteRunner.java:455) ~[testng-6.14.3.jar:?]
	at org.testng.SuiteRunner.runSequentially(SuiteRunner.java:450) ~[testng-6.14.3.jar:?]
	at org.testng.SuiteRunner.privateRun(SuiteRunner.java:415) ~[testng-6.14.3.jar:?]
	at org.testng.SuiteRunner.run(SuiteRunner.java:364) ~[testng-6.14.3.jar:?]
	at org.testng.SuiteRunnerWorker.runSuite(SuiteRunnerWorker.java:52) ~[testng-6.14.3.jar:?]
	at org.testng.SuiteRunnerWorker.run(SuiteRunnerWorker.java:84) ~[testng-6.14.3.jar:?]
	at org.testng.TestNG.runSuitesSequentially(TestNG.java:1208) ~[testng-6.14.3.jar:?]
	at org.testng.TestNG.runSuitesLocally(TestNG.java:1137) ~[testng-6.14.3.jar:?]
	at org.testng.TestNG.runSuites(TestNG.java:1049) ~[testng-6.14.3.jar:?]
	at org.testng.TestNG.run(TestNG.java:1017) ~[testng-6.14.3.jar:?]
	at org.apache.maven.surefire.testng.TestNGExecutor.run(TestNGExecutor.java:308) ~[surefire-testng-3.3.0.jar:3.3.0]
	at org.apache.maven.surefire.testng.TestNGXmlTestSuite.execute(TestNGXmlTestSuite.java:71) ~[surefire-testng-3.3.0.jar:3.3.0]
	at org.apache.maven.surefire.testng.TestNGProvider.invoke(TestNGProvider.java:113) ~[surefire-testng-3.3.0.jar:3.3.0]
	at org.apache.maven.surefire.booter.ForkedBooter.runSuitesInProcess(ForkedBooter.java:385) ~[surefire-booter-3.3.0.jar:3.3.0]
	at org.apache.maven.surefire.booter.ForkedBooter.execute(ForkedBooter.java:162) ~[surefire-booter-3.3.0.jar:3.3.0]
	at org.apache.maven.surefire.booter.ForkedBooter.run(ForkedBooter.java:507) ~[surefire-booter-3.3.0.jar:3.3.0]
	at org.apache.maven.surefire.booter.ForkedBooter.main(ForkedBooter.java:495) ~[surefire-booter-3.3.0.jar:3.3.0]
17:05:52.923 [main] ERROR org.apache.poi.openxml4j.opc.PackageRelationshipCollection - Cannot convert mailto:2343456378912@#&^*gvadhfbjnf in a valid relationship URI-> dummy-URI used
java.net.URISyntaxException: Illegal character in fragment at index 23: mailto:2343456378912@#&^*gvadhfbjnf
	at java.net.URI$Parser.fail(URI.java:2995) ~[?:?]
	at java.net.URI$Parser.checkChars(URI.java:3166) ~[?:?]
	at java.net.URI$Parser.parse(URI.java:3210) ~[?:?]
	at java.net.URI.<init>(URI.java:645) ~[?:?]
	at org.apache.poi.openxml4j.opc.PackagingURIHelper.toURI(PackagingURIHelper.java:723) ~[poi-ooxml-5.2.2.jar:5.2.2]
	at org.apache.poi.openxml4j.opc.PackageRelationshipCollection.parseRelationshipsPart(PackageRelationshipCollection.java:358) ~[poi-ooxml-5.2.2.jar:5.2.2]
	at org.apache.poi.openxml4j.opc.PackageRelationshipCollection.<init>(PackageRelationshipCollection.java:160) ~[poi-ooxml-5.2.2.jar:5.2.2]
	at org.apache.poi.openxml4j.opc.PackageRelationshipCollection.<init>(PackageRelationshipCollection.java:130) ~[poi-ooxml-5.2.2.jar:5.2.2]
	at org.apache.poi.openxml4j.opc.PackagePart.loadRelationships(PackagePart.java:565) ~[poi-ooxml-5.2.2.jar:5.2.2]
	at org.apache.poi.openxml4j.opc.OPCPackage.getParts(OPCPackage.java:745) ~[poi-ooxml-5.2.2.jar:5.2.2]
	at org.apache.poi.openxml4j.opc.OPCPackage.open(OPCPackage.java:315) ~[poi-ooxml-5.2.2.jar:5.2.2]
	at org.apache.poi.ooxml.util.PackageHelper.open(PackageHelper.java:59) ~[poi-ooxml-5.2.2.jar:5.2.2]
	at org.apache.poi.xssf.usermodel.XSSFWorkbook.<init>(XSSFWorkbook.java:289) ~[poi-ooxml-5.2.2.jar:5.2.2]
	at org.apache.poi.xssf.usermodel.XSSFWorkbook.<init>(XSSFWorkbook.java:285) ~[poi-ooxml-5.2.2.jar:5.2.2]
	at com.MOFutility.API_Excelutilities.readServiceIdFromExcel(API_Excelutilities.java:20) ~[test-classes/:?]
	at com.MOF.constants.API_URL.<clinit>(API_URL.java:198) ~[test-classes/:?]
	at com.MOFapi.MOFapi.Fetchvalid_SingleService_ValidServiceid(MOFapi.java:4891) ~[test-classes/:?]
	at jdk.internal.reflect.DirectMethodHandleAccessor.invoke(DirectMethodHandleAccessor.java:103) ~[?:?]
	at java.lang.reflect.Method.invoke(Method.java:580) ~[?:?]
	at org.testng.internal.MethodInvocationHelper.invokeMethod(MethodInvocationHelper.java:124) ~[testng-6.14.3.jar:?]
	at org.testng.internal.Invoker.invokeMethod(Invoker.java:583) ~[testng-6.14.3.jar:?]
	at org.testng.internal.Invoker.invokeTestMethod(Invoker.java:719) ~[testng-6.14.3.jar:?]
	at org.testng.internal.Invoker.invokeTestMethods(Invoker.java:989) ~[testng-6.14.3.jar:?]
	at org.testng.internal.TestMethodWorker.invokeTestMethods(TestMethodWorker.java:125) ~[testng-6.14.3.jar:?]
	at org.testng.internal.TestMethodWorker.run(TestMethodWorker.java:109) ~[testng-6.14.3.jar:?]
	at org.testng.TestRunner.privateRun(TestRunner.java:648) ~[testng-6.14.3.jar:?]
	at org.testng.TestRunner.run(TestRunner.java:505) ~[testng-6.14.3.jar:?]
	at org.testng.SuiteRunner.runTest(SuiteRunner.java:455) ~[testng-6.14.3.jar:?]
	at org.testng.SuiteRunner.runSequentially(SuiteRunner.java:450) ~[testng-6.14.3.jar:?]
	at org.testng.SuiteRunner.privateRun(SuiteRunner.java:415) ~[testng-6.14.3.jar:?]
	at org.testng.SuiteRunner.run(SuiteRunner.java:364) ~[testng-6.14.3.jar:?]
	at org.testng.SuiteRunnerWorker.runSuite(SuiteRunnerWorker.java:52) ~[testng-6.14.3.jar:?]
	at org.testng.SuiteRunnerWorker.run(SuiteRunnerWorker.java:84) ~[testng-6.14.3.jar:?]
	at org.testng.TestNG.runSuitesSequentially(TestNG.java:1208) ~[testng-6.14.3.jar:?]
	at org.testng.TestNG.runSuitesLocally(TestNG.java:1137) ~[testng-6.14.3.jar:?]
	at org.testng.TestNG.runSuites(TestNG.java:1049) ~[testng-6.14.3.jar:?]
	at org.testng.TestNG.run(TestNG.java:1017) ~[testng-6.14.3.jar:?]
	at org.apache.maven.surefire.testng.TestNGExecutor.run(TestNGExecutor.java:308) ~[surefire-testng-3.3.0.jar:3.3.0]
	at org.apache.maven.surefire.testng.TestNGXmlTestSuite.execute(TestNGXmlTestSuite.java:71) ~[surefire-testng-3.3.0.jar:3.3.0]
	at org.apache.maven.surefire.testng.TestNGProvider.invoke(TestNGProvider.java:113) ~[surefire-testng-3.3.0.jar:3.3.0]
	at org.apache.maven.surefire.booter.ForkedBooter.runSuitesInProcess(ForkedBooter.java:385) ~[surefire-booter-3.3.0.jar:3.3.0]
	at org.apache.maven.surefire.booter.ForkedBooter.execute(ForkedBooter.java:162) ~[surefire-booter-3.3.0.jar:3.3.0]
	at org.apache.maven.surefire.booter.ForkedBooter.run(ForkedBooter.java:507) ~[surefire-booter-3.3.0.jar:3.3.0]
	at org.apache.maven.surefire.booter.ForkedBooter.main(ForkedBooter.java:495) ~[surefire-booter-3.3.0.jar:3.3.0]
17:05:52.957 [main] ERROR org.apache.poi.openxml4j.opc.PackageRelationshipCollection - Cannot convert mailto:ALPA@#$%^245234534 in a valid relationship URI-> dummy-URI used
java.net.URISyntaxException: Malformed escape pair at index 14: mailto:ALPA@#$%^245234534
	at java.net.URI$Parser.fail(URI.java:2995) ~[?:?]
	at java.net.URI$Parser.scanEscape(URI.java:3123) ~[?:?]
	at java.net.URI$Parser.scan(URI.java:3146) ~[?:?]
	at java.net.URI$Parser.checkChars(URI.java:3164) ~[?:?]
	at java.net.URI$Parser.parse(URI.java:3210) ~[?:?]
	at java.net.URI.<init>(URI.java:645) ~[?:?]
	at org.apache.poi.openxml4j.opc.PackagingURIHelper.toURI(PackagingURIHelper.java:723) ~[poi-ooxml-5.2.2.jar:5.2.2]
	at org.apache.poi.openxml4j.opc.PackageRelationshipCollection.parseRelationshipsPart(PackageRelationshipCollection.java:358) ~[poi-ooxml-5.2.2.jar:5.2.2]
	at org.apache.poi.openxml4j.opc.PackageRelationshipCollection.<init>(PackageRelationshipCollection.java:160) ~[poi-ooxml-5.2.2.jar:5.2.2]
	at org.apache.poi.openxml4j.opc.PackageRelationshipCollection.<init>(PackageRelationshipCollection.java:130) ~[poi-ooxml-5.2.2.jar:5.2.2]
	at org.apache.poi.openxml4j.opc.PackagePart.loadRelationships(PackagePart.java:565) ~[poi-ooxml-5.2.2.jar:5.2.2]
	at org.apache.poi.openxml4j.opc.OPCPackage.getParts(OPCPackage.java:745) ~[poi-ooxml-5.2.2.jar:5.2.2]
	at org.apache.poi.openxml4j.opc.OPCPackage.open(OPCPackage.java:315) ~[poi-ooxml-5.2.2.jar:5.2.2]
	at org.apache.poi.ooxml.util.PackageHelper.open(PackageHelper.java:59) ~[poi-ooxml-5.2.2.jar:5.2.2]
	at org.apache.poi.xssf.usermodel.XSSFWorkbook.<init>(XSSFWorkbook.java:289) ~[poi-ooxml-5.2.2.jar:5.2.2]
	at org.apache.poi.xssf.usermodel.XSSFWorkbook.<init>(XSSFWorkbook.java:285) ~[poi-ooxml-5.2.2.jar:5.2.2]
	at com.MOFutility.API_Excelutilities.readServiceIdFromExcel(API_Excelutilities.java:20) ~[test-classes/:?]
	at com.MOF.constants.API_URL.<clinit>(API_URL.java:199) ~[test-classes/:?]
	at com.MOFapi.MOFapi.Fetchvalid_SingleService_ValidServiceid(MOFapi.java:4891) ~[test-classes/:?]
	at jdk.internal.reflect.DirectMethodHandleAccessor.invoke(DirectMethodHandleAccessor.java:103) ~[?:?]
	at java.lang.reflect.Method.invoke(Method.java:580) ~[?:?]
	at org.testng.internal.MethodInvocationHelper.invokeMethod(MethodInvocationHelper.java:124) ~[testng-6.14.3.jar:?]
	at org.testng.internal.Invoker.invokeMethod(Invoker.java:583) ~[testng-6.14.3.jar:?]
	at org.testng.internal.Invoker.invokeTestMethod(Invoker.java:719) ~[testng-6.14.3.jar:?]
	at org.testng.internal.Invoker.invokeTestMethods(Invoker.java:989) ~[testng-6.14.3.jar:?]
	at org.testng.internal.TestMethodWorker.invokeTestMethods(TestMethodWorker.java:125) ~[testng-6.14.3.jar:?]
	at org.testng.internal.TestMethodWorker.run(TestMethodWorker.java:109) ~[testng-6.14.3.jar:?]
	at org.testng.TestRunner.privateRun(TestRunner.java:648) ~[testng-6.14.3.jar:?]
	at org.testng.TestRunner.run(TestRunner.java:505) ~[testng-6.14.3.jar:?]
	at org.testng.SuiteRunner.runTest(SuiteRunner.java:455) ~[testng-6.14.3.jar:?]
	at org.testng.SuiteRunner.runSequentially(SuiteRunner.java:450) ~[testng-6.14.3.jar:?]
	at org.testng.SuiteRunner.privateRun(SuiteRunner.java:415) ~[testng-6.14.3.jar:?]
	at org.testng.SuiteRunner.run(SuiteRunner.java:364) ~[testng-6.14.3.jar:?]
	at org.testng.SuiteRunnerWorker.runSuite(SuiteRunnerWorker.java:52) ~[testng-6.14.3.jar:?]
	at org.testng.SuiteRunnerWorker.run(SuiteRunnerWorker.java:84) ~[testng-6.14.3.jar:?]
	at org.testng.TestNG.runSuitesSequentially(TestNG.java:1208) ~[testng-6.14.3.jar:?]
	at org.testng.TestNG.runSuitesLocally(TestNG.java:1137) ~[testng-6.14.3.jar:?]
	at org.testng.TestNG.runSuites(TestNG.java:1049) ~[testng-6.14.3.jar:?]
	at org.testng.TestNG.run(TestNG.java:1017) ~[testng-6.14.3.jar:?]
	at org.apache.maven.surefire.testng.TestNGExecutor.run(TestNGExecutor.java:308) ~[surefire-testng-3.3.0.jar:3.3.0]
	at org.apache.maven.surefire.testng.TestNGXmlTestSuite.execute(TestNGXmlTestSuite.java:71) ~[surefire-testng-3.3.0.jar:3.3.0]
	at org.apache.maven.surefire.testng.TestNGProvider.invoke(TestNGProvider.java:113) ~[surefire-testng-3.3.0.jar:3.3.0]
	at org.apache.maven.surefire.booter.ForkedBooter.runSuitesInProcess(ForkedBooter.java:385) ~[surefire-booter-3.3.0.jar:3.3.0]
	at org.apache.maven.surefire.booter.ForkedBooter.execute(ForkedBooter.java:162) ~[surefire-booter-3.3.0.jar:3.3.0]
	at org.apache.maven.surefire.booter.ForkedBooter.run(ForkedBooter.java:507) ~[surefire-booter-3.3.0.jar:3.3.0]
	at org.apache.maven.surefire.booter.ForkedBooter.main(ForkedBooter.java:495) ~[surefire-booter-3.3.0.jar:3.3.0]
17:05:52.957 [main] ERROR org.apache.poi.openxml4j.opc.PackageRelationshipCollection - Cannot convert mailto:ALPHAAAAAA@@@@@!@##$$$%12344 in a valid relationship URI-> dummy-URI used
java.net.URISyntaxException: Illegal character in fragment at index 25: mailto:ALPHAAAAAA@@@@@!@##$$$%12344
	at java.net.URI$Parser.fail(URI.java:2995) ~[?:?]
	at java.net.URI$Parser.checkChars(URI.java:3166) ~[?:?]
	at java.net.URI$Parser.parse(URI.java:3210) ~[?:?]
	at java.net.URI.<init>(URI.java:645) ~[?:?]
	at org.apache.poi.openxml4j.opc.PackagingURIHelper.toURI(PackagingURIHelper.java:723) ~[poi-ooxml-5.2.2.jar:5.2.2]
	at org.apache.poi.openxml4j.opc.PackageRelationshipCollection.parseRelationshipsPart(PackageRelationshipCollection.java:358) ~[poi-ooxml-5.2.2.jar:5.2.2]
	at org.apache.poi.openxml4j.opc.PackageRelationshipCollection.<init>(PackageRelationshipCollection.java:160) ~[poi-ooxml-5.2.2.jar:5.2.2]
	at org.apache.poi.openxml4j.opc.PackageRelationshipCollection.<init>(PackageRelationshipCollection.java:130) ~[poi-ooxml-5.2.2.jar:5.2.2]
	at org.apache.poi.openxml4j.opc.PackagePart.loadRelationships(PackagePart.java:565) ~[poi-ooxml-5.2.2.jar:5.2.2]
	at org.apache.poi.openxml4j.opc.OPCPackage.getParts(OPCPackage.java:745) ~[poi-ooxml-5.2.2.jar:5.2.2]
	at org.apache.poi.openxml4j.opc.OPCPackage.open(OPCPackage.java:315) ~[poi-ooxml-5.2.2.jar:5.2.2]
	at org.apache.poi.ooxml.util.PackageHelper.open(PackageHelper.java:59) ~[poi-ooxml-5.2.2.jar:5.2.2]
	at org.apache.poi.xssf.usermodel.XSSFWorkbook.<init>(XSSFWorkbook.java:289) ~[poi-ooxml-5.2.2.jar:5.2.2]
	at org.apache.poi.xssf.usermodel.XSSFWorkbook.<init>(XSSFWorkbook.java:285) ~[poi-ooxml-5.2.2.jar:5.2.2]
	at com.MOFutility.API_Excelutilities.readServiceIdFromExcel(API_Excelutilities.java:20) ~[test-classes/:?]
	at com.MOF.constants.API_URL.<clinit>(API_URL.java:199) ~[test-classes/:?]
	at com.MOFapi.MOFapi.Fetchvalid_SingleService_ValidServiceid(MOFapi.java:4891) ~[test-classes/:?]
	at jdk.internal.reflect.DirectMethodHandleAccessor.invoke(DirectMethodHandleAccessor.java:103) ~[?:?]
	at java.lang.reflect.Method.invoke(Method.java:580) ~[?:?]
	at org.testng.internal.MethodInvocationHelper.invokeMethod(MethodInvocationHelper.java:124) ~[testng-6.14.3.jar:?]
	at org.testng.internal.Invoker.invokeMethod(Invoker.java:583) ~[testng-6.14.3.jar:?]
	at org.testng.internal.Invoker.invokeTestMethod(Invoker.java:719) ~[testng-6.14.3.jar:?]
	at org.testng.internal.Invoker.invokeTestMethods(Invoker.java:989) ~[testng-6.14.3.jar:?]
	at org.testng.internal.TestMethodWorker.invokeTestMethods(TestMethodWorker.java:125) ~[testng-6.14.3.jar:?]
	at org.testng.internal.TestMethodWorker.run(TestMethodWorker.java:109) ~[testng-6.14.3.jar:?]
	at org.testng.TestRunner.privateRun(TestRunner.java:648) ~[testng-6.14.3.jar:?]
	at org.testng.TestRunner.run(TestRunner.java:505) ~[testng-6.14.3.jar:?]
	at org.testng.SuiteRunner.runTest(SuiteRunner.java:455) ~[testng-6.14.3.jar:?]
	at org.testng.SuiteRunner.runSequentially(SuiteRunner.java:450) ~[testng-6.14.3.jar:?]
	at org.testng.SuiteRunner.privateRun(SuiteRunner.java:415) ~[testng-6.14.3.jar:?]
	at org.testng.SuiteRunner.run(SuiteRunner.java:364) ~[testng-6.14.3.jar:?]
	at org.testng.SuiteRunnerWorker.runSuite(SuiteRunnerWorker.java:52) ~[testng-6.14.3.jar:?]
	at org.testng.SuiteRunnerWorker.run(SuiteRunnerWorker.java:84) ~[testng-6.14.3.jar:?]
	at org.testng.TestNG.runSuitesSequentially(TestNG.java:1208) ~[testng-6.14.3.jar:?]
	at org.testng.TestNG.runSuitesLocally(TestNG.java:1137) ~[testng-6.14.3.jar:?]
	at org.testng.TestNG.runSuites(TestNG.java:1049) ~[testng-6.14.3.jar:?]
	at org.testng.TestNG.run(TestNG.java:1017) ~[testng-6.14.3.jar:?]
	at org.apache.maven.surefire.testng.TestNGExecutor.run(TestNGExecutor.java:308) ~[surefire-testng-3.3.0.jar:3.3.0]
	at org.apache.maven.surefire.testng.TestNGXmlTestSuite.execute(TestNGXmlTestSuite.java:71) ~[surefire-testng-3.3.0.jar:3.3.0]
	at org.apache.maven.surefire.testng.TestNGProvider.invoke(TestNGProvider.java:113) ~[surefire-testng-3.3.0.jar:3.3.0]
	at org.apache.maven.surefire.booter.ForkedBooter.runSuitesInProcess(ForkedBooter.java:385) ~[surefire-booter-3.3.0.jar:3.3.0]
	at org.apache.maven.surefire.booter.ForkedBooter.execute(ForkedBooter.java:162) ~[surefire-booter-3.3.0.jar:3.3.0]
	at org.apache.maven.surefire.booter.ForkedBooter.run(ForkedBooter.java:507) ~[surefire-booter-3.3.0.jar:3.3.0]
	at org.apache.maven.surefire.booter.ForkedBooter.main(ForkedBooter.java:495) ~[surefire-booter-3.3.0.jar:3.3.0]
17:05:52.959 [main] ERROR org.apache.poi.openxml4j.opc.PackageRelationshipCollection - Cannot convert mailto:2343456378912@#&^*gvadhfbjnf in a valid relationship URI-> dummy-URI used
java.net.URISyntaxException: Illegal character in fragment at index 23: mailto:2343456378912@#&^*gvadhfbjnf
	at java.net.URI$Parser.fail(URI.java:2995) ~[?:?]
	at java.net.URI$Parser.checkChars(URI.java:3166) ~[?:?]
	at java.net.URI$Parser.parse(URI.java:3210) ~[?:?]
	at java.net.URI.<init>(URI.java:645) ~[?:?]
	at org.apache.poi.openxml4j.opc.PackagingURIHelper.toURI(PackagingURIHelper.java:723) ~[poi-ooxml-5.2.2.jar:5.2.2]
	at org.apache.poi.openxml4j.opc.PackageRelationshipCollection.parseRelationshipsPart(PackageRelationshipCollection.java:358) ~[poi-ooxml-5.2.2.jar:5.2.2]
	at org.apache.poi.openxml4j.opc.PackageRelationshipCollection.<init>(PackageRelationshipCollection.java:160) ~[poi-ooxml-5.2.2.jar:5.2.2]
	at org.apache.poi.openxml4j.opc.PackageRelationshipCollection.<init>(PackageRelationshipCollection.java:130) ~[poi-ooxml-5.2.2.jar:5.2.2]
	at org.apache.poi.openxml4j.opc.PackagePart.loadRelationships(PackagePart.java:565) ~[poi-ooxml-5.2.2.jar:5.2.2]
	at org.apache.poi.openxml4j.opc.OPCPackage.getParts(OPCPackage.java:745) ~[poi-ooxml-5.2.2.jar:5.2.2]
	at org.apache.poi.openxml4j.opc.OPCPackage.open(OPCPackage.java:315) ~[poi-ooxml-5.2.2.jar:5.2.2]
	at org.apache.poi.ooxml.util.PackageHelper.open(PackageHelper.java:59) ~[poi-ooxml-5.2.2.jar:5.2.2]
	at org.apache.poi.xssf.usermodel.XSSFWorkbook.<init>(XSSFWorkbook.java:289) ~[poi-ooxml-5.2.2.jar:5.2.2]
	at org.apache.poi.xssf.usermodel.XSSFWorkbook.<init>(XSSFWorkbook.java:285) ~[poi-ooxml-5.2.2.jar:5.2.2]
	at com.MOFutility.API_Excelutilities.readServiceIdFromExcel(API_Excelutilities.java:20) ~[test-classes/:?]
	at com.MOF.constants.API_URL.<clinit>(API_URL.java:199) ~[test-classes/:?]
	at com.MOFapi.MOFapi.Fetchvalid_SingleService_ValidServiceid(MOFapi.java:4891) ~[test-classes/:?]
	at jdk.internal.reflect.DirectMethodHandleAccessor.invoke(DirectMethodHandleAccessor.java:103) ~[?:?]
	at java.lang.reflect.Method.invoke(Method.java:580) ~[?:?]
	at org.testng.internal.MethodInvocationHelper.invokeMethod(MethodInvocationHelper.java:124) ~[testng-6.14.3.jar:?]
	at org.testng.internal.Invoker.invokeMethod(Invoker.java:583) ~[testng-6.14.3.jar:?]
	at org.testng.internal.Invoker.invokeTestMethod(Invoker.java:719) ~[testng-6.14.3.jar:?]
	at org.testng.internal.Invoker.invokeTestMethods(Invoker.java:989) ~[testng-6.14.3.jar:?]
	at org.testng.internal.TestMethodWorker.invokeTestMethods(TestMethodWorker.java:125) ~[testng-6.14.3.jar:?]
	at org.testng.internal.TestMethodWorker.run(TestMethodWorker.java:109) ~[testng-6.14.3.jar:?]
	at org.testng.TestRunner.privateRun(TestRunner.java:648) ~[testng-6.14.3.jar:?]
	at org.testng.TestRunner.run(TestRunner.java:505) ~[testng-6.14.3.jar:?]
	at org.testng.SuiteRunner.runTest(SuiteRunner.java:455) ~[testng-6.14.3.jar:?]
	at org.testng.SuiteRunner.runSequentially(SuiteRunner.java:450) ~[testng-6.14.3.jar:?]
	at org.testng.SuiteRunner.privateRun(SuiteRunner.java:415) ~[testng-6.14.3.jar:?]
	at org.testng.SuiteRunner.run(SuiteRunner.java:364) ~[testng-6.14.3.jar:?]
	at org.testng.SuiteRunnerWorker.runSuite(SuiteRunnerWorker.java:52) ~[testng-6.14.3.jar:?]
	at org.testng.SuiteRunnerWorker.run(SuiteRunnerWorker.java:84) ~[testng-6.14.3.jar:?]
	at org.testng.TestNG.runSuitesSequentially(TestNG.java:1208) ~[testng-6.14.3.jar:?]
	at org.testng.TestNG.runSuitesLocally(TestNG.java:1137) ~[testng-6.14.3.jar:?]
	at org.testng.TestNG.runSuites(TestNG.java:1049) ~[testng-6.14.3.jar:?]
	at org.testng.TestNG.run(TestNG.java:1017) ~[testng-6.14.3.jar:?]
	at org.apache.maven.surefire.testng.TestNGExecutor.run(TestNGExecutor.java:308) ~[surefire-testng-3.3.0.jar:3.3.0]
	at org.apache.maven.surefire.testng.TestNGXmlTestSuite.execute(TestNGXmlTestSuite.java:71) ~[surefire-testng-3.3.0.jar:3.3.0]
	at org.apache.maven.surefire.testng.TestNGProvider.invoke(TestNGProvider.java:113) ~[surefire-testng-3.3.0.jar:3.3.0]
	at org.apache.maven.surefire.booter.ForkedBooter.runSuitesInProcess(ForkedBooter.java:385) ~[surefire-booter-3.3.0.jar:3.3.0]
	at org.apache.maven.surefire.booter.ForkedBooter.execute(ForkedBooter.java:162) ~[surefire-booter-3.3.0.jar:3.3.0]
	at org.apache.maven.surefire.booter.ForkedBooter.run(ForkedBooter.java:507) ~[surefire-booter-3.3.0.jar:3.3.0]
	at org.apache.maven.surefire.booter.ForkedBooter.main(ForkedBooter.java:495) ~[surefire-booter-3.3.0.jar:3.3.0]
17:05:53.004 [main] ERROR org.apache.poi.openxml4j.opc.PackageRelationshipCollection - Cannot convert mailto:ALPA@#$%^245234534 in a valid relationship URI-> dummy-URI used
java.net.URISyntaxException: Malformed escape pair at index 14: mailto:ALPA@#$%^245234534
	at java.net.URI$Parser.fail(URI.java:2995) ~[?:?]
	at java.net.URI$Parser.scanEscape(URI.java:3123) ~[?:?]
	at java.net.URI$Parser.scan(URI.java:3146) ~[?:?]
	at java.net.URI$Parser.checkChars(URI.java:3164) ~[?:?]
	at java.net.URI$Parser.parse(URI.java:3210) ~[?:?]
	at java.net.URI.<init>(URI.java:645) ~[?:?]
	at org.apache.poi.openxml4j.opc.PackagingURIHelper.toURI(PackagingURIHelper.java:723) ~[poi-ooxml-5.2.2.jar:5.2.2]
	at org.apache.poi.openxml4j.opc.PackageRelationshipCollection.parseRelationshipsPart(PackageRelationshipCollection.java:358) ~[poi-ooxml-5.2.2.jar:5.2.2]
	at org.apache.poi.openxml4j.opc.PackageRelationshipCollection.<init>(PackageRelationshipCollection.java:160) ~[poi-ooxml-5.2.2.jar:5.2.2]
	at org.apache.poi.openxml4j.opc.PackageRelationshipCollection.<init>(PackageRelationshipCollection.java:130) ~[poi-ooxml-5.2.2.jar:5.2.2]
	at org.apache.poi.openxml4j.opc.PackagePart.loadRelationships(PackagePart.java:565) ~[poi-ooxml-5.2.2.jar:5.2.2]
	at org.apache.poi.openxml4j.opc.OPCPackage.getParts(OPCPackage.java:745) ~[poi-ooxml-5.2.2.jar:5.2.2]
	at org.apache.poi.openxml4j.opc.OPCPackage.open(OPCPackage.java:315) ~[poi-ooxml-5.2.2.jar:5.2.2]
	at org.apache.poi.ooxml.util.PackageHelper.open(PackageHelper.java:59) ~[poi-ooxml-5.2.2.jar:5.2.2]
	at org.apache.poi.xssf.usermodel.XSSFWorkbook.<init>(XSSFWorkbook.java:289) ~[poi-ooxml-5.2.2.jar:5.2.2]
	at org.apache.poi.xssf.usermodel.XSSFWorkbook.<init>(XSSFWorkbook.java:285) ~[poi-ooxml-5.2.2.jar:5.2.2]
	at com.MOFutility.API_Excelutilities.readServiceIdFromExcel(API_Excelutilities.java:20) ~[test-classes/:?]
	at com.MOF.constants.API_URL.<clinit>(API_URL.java:200) ~[test-classes/:?]
	at com.MOFapi.MOFapi.Fetchvalid_SingleService_ValidServiceid(MOFapi.java:4891) ~[test-classes/:?]
	at jdk.internal.reflect.DirectMethodHandleAccessor.invoke(DirectMethodHandleAccessor.java:103) ~[?:?]
	at java.lang.reflect.Method.invoke(Method.java:580) ~[?:?]
	at org.testng.internal.MethodInvocationHelper.invokeMethod(MethodInvocationHelper.java:124) ~[testng-6.14.3.jar:?]
	at org.testng.internal.Invoker.invokeMethod(Invoker.java:583) ~[testng-6.14.3.jar:?]
	at org.testng.internal.Invoker.invokeTestMethod(Invoker.java:719) ~[testng-6.14.3.jar:?]
	at org.testng.internal.Invoker.invokeTestMethods(Invoker.java:989) ~[testng-6.14.3.jar:?]
	at org.testng.internal.TestMethodWorker.invokeTestMethods(TestMethodWorker.java:125) ~[testng-6.14.3.jar:?]
	at org.testng.internal.TestMethodWorker.run(TestMethodWorker.java:109) ~[testng-6.14.3.jar:?]
	at org.testng.TestRunner.privateRun(TestRunner.java:648) ~[testng-6.14.3.jar:?]
	at org.testng.TestRunner.run(TestRunner.java:505) ~[testng-6.14.3.jar:?]
	at org.testng.SuiteRunner.runTest(SuiteRunner.java:455) ~[testng-6.14.3.jar:?]
	at org.testng.SuiteRunner.runSequentially(SuiteRunner.java:450) ~[testng-6.14.3.jar:?]
	at org.testng.SuiteRunner.privateRun(SuiteRunner.java:415) ~[testng-6.14.3.jar:?]
	at org.testng.SuiteRunner.run(SuiteRunner.java:364) ~[testng-6.14.3.jar:?]
	at org.testng.SuiteRunnerWorker.runSuite(SuiteRunnerWorker.java:52) ~[testng-6.14.3.jar:?]
	at org.testng.SuiteRunnerWorker.run(SuiteRunnerWorker.java:84) ~[testng-6.14.3.jar:?]
	at org.testng.TestNG.runSuitesSequentially(TestNG.java:1208) ~[testng-6.14.3.jar:?]
	at org.testng.TestNG.runSuitesLocally(TestNG.java:1137) ~[testng-6.14.3.jar:?]
	at org.testng.TestNG.runSuites(TestNG.java:1049) ~[testng-6.14.3.jar:?]
	at org.testng.TestNG.run(TestNG.java:1017) ~[testng-6.14.3.jar:?]
	at org.apache.maven.surefire.testng.TestNGExecutor.run(TestNGExecutor.java:308) ~[surefire-testng-3.3.0.jar:3.3.0]
	at org.apache.maven.surefire.testng.TestNGXmlTestSuite.execute(TestNGXmlTestSuite.java:71) ~[surefire-testng-3.3.0.jar:3.3.0]
	at org.apache.maven.surefire.testng.TestNGProvider.invoke(TestNGProvider.java:113) ~[surefire-testng-3.3.0.jar:3.3.0]
	at org.apache.maven.surefire.booter.ForkedBooter.runSuitesInProcess(ForkedBooter.java:385) ~[surefire-booter-3.3.0.jar:3.3.0]
	at org.apache.maven.surefire.booter.ForkedBooter.execute(ForkedBooter.java:162) ~[surefire-booter-3.3.0.jar:3.3.0]
	at org.apache.maven.surefire.booter.ForkedBooter.run(ForkedBooter.java:507) ~[surefire-booter-3.3.0.jar:3.3.0]
	at org.apache.maven.surefire.booter.ForkedBooter.main(ForkedBooter.java:495) ~[surefire-booter-3.3.0.jar:3.3.0]
17:05:53.005 [main] ERROR org.apache.poi.openxml4j.opc.PackageRelationshipCollection - Cannot convert mailto:ALPHAAAAAA@@@@@!@##$$$%12344 in a valid relationship URI-> dummy-URI used
java.net.URISyntaxException: Illegal character in fragment at index 25: mailto:ALPHAAAAAA@@@@@!@##$$$%12344
	at java.net.URI$Parser.fail(URI.java:2995) ~[?:?]
	at java.net.URI$Parser.checkChars(URI.java:3166) ~[?:?]
	at java.net.URI$Parser.parse(URI.java:3210) ~[?:?]
	at java.net.URI.<init>(URI.java:645) ~[?:?]
	at org.apache.poi.openxml4j.opc.PackagingURIHelper.toURI(PackagingURIHelper.java:723) ~[poi-ooxml-5.2.2.jar:5.2.2]
	at org.apache.poi.openxml4j.opc.PackageRelationshipCollection.parseRelationshipsPart(PackageRelationshipCollection.java:358) ~[poi-ooxml-5.2.2.jar:5.2.2]
	at org.apache.poi.openxml4j.opc.PackageRelationshipCollection.<init>(PackageRelationshipCollection.java:160) ~[poi-ooxml-5.2.2.jar:5.2.2]
	at org.apache.poi.openxml4j.opc.PackageRelationshipCollection.<init>(PackageRelationshipCollection.java:130) ~[poi-ooxml-5.2.2.jar:5.2.2]
	at org.apache.poi.openxml4j.opc.PackagePart.loadRelationships(PackagePart.java:565) ~[poi-ooxml-5.2.2.jar:5.2.2]
	at org.apache.poi.openxml4j.opc.OPCPackage.getParts(OPCPackage.java:745) ~[poi-ooxml-5.2.2.jar:5.2.2]
	at org.apache.poi.openxml4j.opc.OPCPackage.open(OPCPackage.java:315) ~[poi-ooxml-5.2.2.jar:5.2.2]
	at org.apache.poi.ooxml.util.PackageHelper.open(PackageHelper.java:59) ~[poi-ooxml-5.2.2.jar:5.2.2]
	at org.apache.poi.xssf.usermodel.XSSFWorkbook.<init>(XSSFWorkbook.java:289) ~[poi-ooxml-5.2.2.jar:5.2.2]
	at org.apache.poi.xssf.usermodel.XSSFWorkbook.<init>(XSSFWorkbook.java:285) ~[poi-ooxml-5.2.2.jar:5.2.2]
	at com.MOFutility.API_Excelutilities.readServiceIdFromExcel(API_Excelutilities.java:20) ~[test-classes/:?]
	at com.MOF.constants.API_URL.<clinit>(API_URL.java:200) ~[test-classes/:?]
	at com.MOFapi.MOFapi.Fetchvalid_SingleService_ValidServiceid(MOFapi.java:4891) ~[test-classes/:?]
	at jdk.internal.reflect.DirectMethodHandleAccessor.invoke(DirectMethodHandleAccessor.java:103) ~[?:?]
	at java.lang.reflect.Method.invoke(Method.java:580) ~[?:?]
	at org.testng.internal.MethodInvocationHelper.invokeMethod(MethodInvocationHelper.java:124) ~[testng-6.14.3.jar:?]
	at org.testng.internal.Invoker.invokeMethod(Invoker.java:583) ~[testng-6.14.3.jar:?]
	at org.testng.internal.Invoker.invokeTestMethod(Invoker.java:719) ~[testng-6.14.3.jar:?]
	at org.testng.internal.Invoker.invokeTestMethods(Invoker.java:989) ~[testng-6.14.3.jar:?]
	at org.testng.internal.TestMethodWorker.invokeTestMethods(TestMethodWorker.java:125) ~[testng-6.14.3.jar:?]
	at org.testng.internal.TestMethodWorker.run(TestMethodWorker.java:109) ~[testng-6.14.3.jar:?]
	at org.testng.TestRunner.privateRun(TestRunner.java:648) ~[testng-6.14.3.jar:?]
	at org.testng.TestRunner.run(TestRunner.java:505) ~[testng-6.14.3.jar:?]
	at org.testng.SuiteRunner.runTest(SuiteRunner.java:455) ~[testng-6.14.3.jar:?]
	at org.testng.SuiteRunner.runSequentially(SuiteRunner.java:450) ~[testng-6.14.3.jar:?]
	at org.testng.SuiteRunner.privateRun(SuiteRunner.java:415) ~[testng-6.14.3.jar:?]
	at org.testng.SuiteRunner.run(SuiteRunner.java:364) ~[testng-6.14.3.jar:?]
	at org.testng.SuiteRunnerWorker.runSuite(SuiteRunnerWorker.java:52) ~[testng-6.14.3.jar:?]
	at org.testng.SuiteRunnerWorker.run(SuiteRunnerWorker.java:84) ~[testng-6.14.3.jar:?]
	at org.testng.TestNG.runSuitesSequentially(TestNG.java:1208) ~[testng-6.14.3.jar:?]
	at org.testng.TestNG.runSuitesLocally(TestNG.java:1137) ~[testng-6.14.3.jar:?]
	at org.testng.TestNG.runSuites(TestNG.java:1049) ~[testng-6.14.3.jar:?]
	at org.testng.TestNG.run(TestNG.java:1017) ~[testng-6.14.3.jar:?]
	at org.apache.maven.surefire.testng.TestNGExecutor.run(TestNGExecutor.java:308) ~[surefire-testng-3.3.0.jar:3.3.0]
	at org.apache.maven.surefire.testng.TestNGXmlTestSuite.execute(TestNGXmlTestSuite.java:71) ~[surefire-testng-3.3.0.jar:3.3.0]
	at org.apache.maven.surefire.testng.TestNGProvider.invoke(TestNGProvider.java:113) ~[surefire-testng-3.3.0.jar:3.3.0]
	at org.apache.maven.surefire.booter.ForkedBooter.runSuitesInProcess(ForkedBooter.java:385) ~[surefire-booter-3.3.0.jar:3.3.0]
	at org.apache.maven.surefire.booter.ForkedBooter.execute(ForkedBooter.java:162) ~[surefire-booter-3.3.0.jar:3.3.0]
	at org.apache.maven.surefire.booter.ForkedBooter.run(ForkedBooter.java:507) ~[surefire-booter-3.3.0.jar:3.3.0]
	at org.apache.maven.surefire.booter.ForkedBooter.main(ForkedBooter.java:495) ~[surefire-booter-3.3.0.jar:3.3.0]
17:05:53.006 [main] ERROR org.apache.poi.openxml4j.opc.PackageRelationshipCollection - Cannot convert mailto:2343456378912@#&^*gvadhfbjnf in a valid relationship URI-> dummy-URI used
java.net.URISyntaxException: Illegal character in fragment at index 23: mailto:2343456378912@#&^*gvadhfbjnf
	at java.net.URI$Parser.fail(URI.java:2995) ~[?:?]
	at java.net.URI$Parser.checkChars(URI.java:3166) ~[?:?]
	at java.net.URI$Parser.parse(URI.java:3210) ~[?:?]
	at java.net.URI.<init>(URI.java:645) ~[?:?]
	at org.apache.poi.openxml4j.opc.PackagingURIHelper.toURI(PackagingURIHelper.java:723) ~[poi-ooxml-5.2.2.jar:5.2.2]
	at org.apache.poi.openxml4j.opc.PackageRelationshipCollection.parseRelationshipsPart(PackageRelationshipCollection.java:358) ~[poi-ooxml-5.2.2.jar:5.2.2]
	at org.apache.poi.openxml4j.opc.PackageRelationshipCollection.<init>(PackageRelationshipCollection.java:160) ~[poi-ooxml-5.2.2.jar:5.2.2]
	at org.apache.poi.openxml4j.opc.PackageRelationshipCollection.<init>(PackageRelationshipCollection.java:130) ~[poi-ooxml-5.2.2.jar:5.2.2]
	at org.apache.poi.openxml4j.opc.PackagePart.loadRelationships(PackagePart.java:565) ~[poi-ooxml-5.2.2.jar:5.2.2]
	at org.apache.poi.openxml4j.opc.OPCPackage.getParts(OPCPackage.java:745) ~[poi-ooxml-5.2.2.jar:5.2.2]
	at org.apache.poi.openxml4j.opc.OPCPackage.open(OPCPackage.java:315) ~[poi-ooxml-5.2.2.jar:5.2.2]
	at org.apache.poi.ooxml.util.PackageHelper.open(PackageHelper.java:59) ~[poi-ooxml-5.2.2.jar:5.2.2]
	at org.apache.poi.xssf.usermodel.XSSFWorkbook.<init>(XSSFWorkbook.java:289) ~[poi-ooxml-5.2.2.jar:5.2.2]
	at org.apache.poi.xssf.usermodel.XSSFWorkbook.<init>(XSSFWorkbook.java:285) ~[poi-ooxml-5.2.2.jar:5.2.2]
	at com.MOFutility.API_Excelutilities.readServiceIdFromExcel(API_Excelutilities.java:20) ~[test-classes/:?]
	at com.MOF.constants.API_URL.<clinit>(API_URL.java:200) ~[test-classes/:?]
	at com.MOFapi.MOFapi.Fetchvalid_SingleService_ValidServiceid(MOFapi.java:4891) ~[test-classes/:?]
	at jdk.internal.reflect.DirectMethodHandleAccessor.invoke(DirectMethodHandleAccessor.java:103) ~[?:?]
	at java.lang.reflect.Method.invoke(Method.java:580) ~[?:?]
	at org.testng.internal.MethodInvocationHelper.invokeMethod(MethodInvocationHelper.java:124) ~[testng-6.14.3.jar:?]
	at org.testng.internal.Invoker.invokeMethod(Invoker.java:583) ~[testng-6.14.3.jar:?]
	at org.testng.internal.Invoker.invokeTestMethod(Invoker.java:719) ~[testng-6.14.3.jar:?]
	at org.testng.internal.Invoker.invokeTestMethods(Invoker.java:989) ~[testng-6.14.3.jar:?]
	at org.testng.internal.TestMethodWorker.invokeTestMethods(TestMethodWorker.java:125) ~[testng-6.14.3.jar:?]
	at org.testng.internal.TestMethodWorker.run(TestMethodWorker.java:109) ~[testng-6.14.3.jar:?]
	at org.testng.TestRunner.privateRun(TestRunner.java:648) ~[testng-6.14.3.jar:?]
	at org.testng.TestRunner.run(TestRunner.java:505) ~[testng-6.14.3.jar:?]
	at org.testng.SuiteRunner.runTest(SuiteRunner.java:455) ~[testng-6.14.3.jar:?]
	at org.testng.SuiteRunner.runSequentially(SuiteRunner.java:450) ~[testng-6.14.3.jar:?]
	at org.testng.SuiteRunner.privateRun(SuiteRunner.java:415) ~[testng-6.14.3.jar:?]
	at org.testng.SuiteRunner.run(SuiteRunner.java:364) ~[testng-6.14.3.jar:?]
	at org.testng.SuiteRunnerWorker.runSuite(SuiteRunnerWorker.java:52) ~[testng-6.14.3.jar:?]
	at org.testng.SuiteRunnerWorker.run(SuiteRunnerWorker.java:84) ~[testng-6.14.3.jar:?]
	at org.testng.TestNG.runSuitesSequentially(TestNG.java:1208) ~[testng-6.14.3.jar:?]
	at org.testng.TestNG.runSuitesLocally(TestNG.java:1137) ~[testng-6.14.3.jar:?]
	at org.testng.TestNG.runSuites(TestNG.java:1049) ~[testng-6.14.3.jar:?]
	at org.testng.TestNG.run(TestNG.java:1017) ~[testng-6.14.3.jar:?]
	at org.apache.maven.surefire.testng.TestNGExecutor.run(TestNGExecutor.java:308) ~[surefire-testng-3.3.0.jar:3.3.0]
	at org.apache.maven.surefire.testng.TestNGXmlTestSuite.execute(TestNGXmlTestSuite.java:71) ~[surefire-testng-3.3.0.jar:3.3.0]
	at org.apache.maven.surefire.testng.TestNGProvider.invoke(TestNGProvider.java:113) ~[surefire-testng-3.3.0.jar:3.3.0]
	at org.apache.maven.surefire.booter.ForkedBooter.runSuitesInProcess(ForkedBooter.java:385) ~[surefire-booter-3.3.0.jar:3.3.0]
	at org.apache.maven.surefire.booter.ForkedBooter.execute(ForkedBooter.java:162) ~[surefire-booter-3.3.0.jar:3.3.0]
	at org.apache.maven.surefire.booter.ForkedBooter.run(ForkedBooter.java:507) ~[surefire-booter-3.3.0.jar:3.3.0]
	at org.apache.maven.surefire.booter.ForkedBooter.main(ForkedBooter.java:495) ~[surefire-booter-3.3.0.jar:3.3.0]
17:05:53.037 [main] ERROR org.apache.poi.openxml4j.opc.PackageRelationshipCollection - Cannot convert mailto:ALPA@#$%^245234534 in a valid relationship URI-> dummy-URI used
java.net.URISyntaxException: Malformed escape pair at index 14: mailto:ALPA@#$%^245234534
	at java.net.URI$Parser.fail(URI.java:2995) ~[?:?]
	at java.net.URI$Parser.scanEscape(URI.java:3123) ~[?:?]
	at java.net.URI$Parser.scan(URI.java:3146) ~[?:?]
	at java.net.URI$Parser.checkChars(URI.java:3164) ~[?:?]
	at java.net.URI$Parser.parse(URI.java:3210) ~[?:?]
	at java.net.URI.<init>(URI.java:645) ~[?:?]
	at org.apache.poi.openxml4j.opc.PackagingURIHelper.toURI(PackagingURIHelper.java:723) ~[poi-ooxml-5.2.2.jar:5.2.2]
	at org.apache.poi.openxml4j.opc.PackageRelationshipCollection.parseRelationshipsPart(PackageRelationshipCollection.java:358) ~[poi-ooxml-5.2.2.jar:5.2.2]
	at org.apache.poi.openxml4j.opc.PackageRelationshipCollection.<init>(PackageRelationshipCollection.java:160) ~[poi-ooxml-5.2.2.jar:5.2.2]
	at org.apache.poi.openxml4j.opc.PackageRelationshipCollection.<init>(PackageRelationshipCollection.java:130) ~[poi-ooxml-5.2.2.jar:5.2.2]
	at org.apache.poi.openxml4j.opc.PackagePart.loadRelationships(PackagePart.java:565) ~[poi-ooxml-5.2.2.jar:5.2.2]
	at org.apache.poi.openxml4j.opc.OPCPackage.getParts(OPCPackage.java:745) ~[poi-ooxml-5.2.2.jar:5.2.2]
	at org.apache.poi.openxml4j.opc.OPCPackage.open(OPCPackage.java:315) ~[poi-ooxml-5.2.2.jar:5.2.2]
	at org.apache.poi.ooxml.util.PackageHelper.open(PackageHelper.java:59) ~[poi-ooxml-5.2.2.jar:5.2.2]
	at org.apache.poi.xssf.usermodel.XSSFWorkbook.<init>(XSSFWorkbook.java:289) ~[poi-ooxml-5.2.2.jar:5.2.2]
	at org.apache.poi.xssf.usermodel.XSSFWorkbook.<init>(XSSFWorkbook.java:285) ~[poi-ooxml-5.2.2.jar:5.2.2]
	at com.MOFutility.API_Excelutilities.readServiceIdFromExcel(API_Excelutilities.java:20) ~[test-classes/:?]
	at com.MOF.constants.API_URL.<clinit>(API_URL.java:201) ~[test-classes/:?]
	at com.MOFapi.MOFapi.Fetchvalid_SingleService_ValidServiceid(MOFapi.java:4891) ~[test-classes/:?]
	at jdk.internal.reflect.DirectMethodHandleAccessor.invoke(DirectMethodHandleAccessor.java:103) ~[?:?]
	at java.lang.reflect.Method.invoke(Method.java:580) ~[?:?]
	at org.testng.internal.MethodInvocationHelper.invokeMethod(MethodInvocationHelper.java:124) ~[testng-6.14.3.jar:?]
	at org.testng.internal.Invoker.invokeMethod(Invoker.java:583) ~[testng-6.14.3.jar:?]
	at org.testng.internal.Invoker.invokeTestMethod(Invoker.java:719) ~[testng-6.14.3.jar:?]
	at org.testng.internal.Invoker.invokeTestMethods(Invoker.java:989) ~[testng-6.14.3.jar:?]
	at org.testng.internal.TestMethodWorker.invokeTestMethods(TestMethodWorker.java:125) ~[testng-6.14.3.jar:?]
	at org.testng.internal.TestMethodWorker.run(TestMethodWorker.java:109) ~[testng-6.14.3.jar:?]
	at org.testng.TestRunner.privateRun(TestRunner.java:648) ~[testng-6.14.3.jar:?]
	at org.testng.TestRunner.run(TestRunner.java:505) ~[testng-6.14.3.jar:?]
	at org.testng.SuiteRunner.runTest(SuiteRunner.java:455) ~[testng-6.14.3.jar:?]
	at org.testng.SuiteRunner.runSequentially(SuiteRunner.java:450) ~[testng-6.14.3.jar:?]
	at org.testng.SuiteRunner.privateRun(SuiteRunner.java:415) ~[testng-6.14.3.jar:?]
	at org.testng.SuiteRunner.run(SuiteRunner.java:364) ~[testng-6.14.3.jar:?]
	at org.testng.SuiteRunnerWorker.runSuite(SuiteRunnerWorker.java:52) ~[testng-6.14.3.jar:?]
	at org.testng.SuiteRunnerWorker.run(SuiteRunnerWorker.java:84) ~[testng-6.14.3.jar:?]
	at org.testng.TestNG.runSuitesSequentially(TestNG.java:1208) ~[testng-6.14.3.jar:?]
	at org.testng.TestNG.runSuitesLocally(TestNG.java:1137) ~[testng-6.14.3.jar:?]
	at org.testng.TestNG.runSuites(TestNG.java:1049) ~[testng-6.14.3.jar:?]
	at org.testng.TestNG.run(TestNG.java:1017) ~[testng-6.14.3.jar:?]
	at org.apache.maven.surefire.testng.TestNGExecutor.run(TestNGExecutor.java:308) ~[surefire-testng-3.3.0.jar:3.3.0]
	at org.apache.maven.surefire.testng.TestNGXmlTestSuite.execute(TestNGXmlTestSuite.java:71) ~[surefire-testng-3.3.0.jar:3.3.0]
	at org.apache.maven.surefire.testng.TestNGProvider.invoke(TestNGProvider.java:113) ~[surefire-testng-3.3.0.jar:3.3.0]
	at org.apache.maven.surefire.booter.ForkedBooter.runSuitesInProcess(ForkedBooter.java:385) ~[surefire-booter-3.3.0.jar:3.3.0]
	at org.apache.maven.surefire.booter.ForkedBooter.execute(ForkedBooter.java:162) ~[surefire-booter-3.3.0.jar:3.3.0]
	at org.apache.maven.surefire.booter.ForkedBooter.run(ForkedBooter.java:507) ~[surefire-booter-3.3.0.jar:3.3.0]
	at org.apache.maven.surefire.booter.ForkedBooter.main(ForkedBooter.java:495) ~[surefire-booter-3.3.0.jar:3.3.0]
17:05:53.038 [main] ERROR org.apache.poi.openxml4j.opc.PackageRelationshipCollection - Cannot convert mailto:ALPHAAAAAA@@@@@!@##$$$%12344 in a valid relationship URI-> dummy-URI used
java.net.URISyntaxException: Illegal character in fragment at index 25: mailto:ALPHAAAAAA@@@@@!@##$$$%12344
	at java.net.URI$Parser.fail(URI.java:2995) ~[?:?]
	at java.net.URI$Parser.checkChars(URI.java:3166) ~[?:?]
	at java.net.URI$Parser.parse(URI.java:3210) ~[?:?]
	at java.net.URI.<init>(URI.java:645) ~[?:?]
	at org.apache.poi.openxml4j.opc.PackagingURIHelper.toURI(PackagingURIHelper.java:723) ~[poi-ooxml-5.2.2.jar:5.2.2]
	at org.apache.poi.openxml4j.opc.PackageRelationshipCollection.parseRelationshipsPart(PackageRelationshipCollection.java:358) ~[poi-ooxml-5.2.2.jar:5.2.2]
	at org.apache.poi.openxml4j.opc.PackageRelationshipCollection.<init>(PackageRelationshipCollection.java:160) ~[poi-ooxml-5.2.2.jar:5.2.2]
	at org.apache.poi.openxml4j.opc.PackageRelationshipCollection.<init>(PackageRelationshipCollection.java:130) ~[poi-ooxml-5.2.2.jar:5.2.2]
	at org.apache.poi.openxml4j.opc.PackagePart.loadRelationships(PackagePart.java:565) ~[poi-ooxml-5.2.2.jar:5.2.2]
	at org.apache.poi.openxml4j.opc.OPCPackage.getParts(OPCPackage.java:745) ~[poi-ooxml-5.2.2.jar:5.2.2]
	at org.apache.poi.openxml4j.opc.OPCPackage.open(OPCPackage.java:315) ~[poi-ooxml-5.2.2.jar:5.2.2]
	at org.apache.poi.ooxml.util.PackageHelper.open(PackageHelper.java:59) ~[poi-ooxml-5.2.2.jar:5.2.2]
	at org.apache.poi.xssf.usermodel.XSSFWorkbook.<init>(XSSFWorkbook.java:289) ~[poi-ooxml-5.2.2.jar:5.2.2]
	at org.apache.poi.xssf.usermodel.XSSFWorkbook.<init>(XSSFWorkbook.java:285) ~[poi-ooxml-5.2.2.jar:5.2.2]
	at com.MOFutility.API_Excelutilities.readServiceIdFromExcel(API_Excelutilities.java:20) ~[test-classes/:?]
	at com.MOF.constants.API_URL.<clinit>(API_URL.java:201) ~[test-classes/:?]
	at com.MOFapi.MOFapi.Fetchvalid_SingleService_ValidServiceid(MOFapi.java:4891) ~[test-classes/:?]
	at jdk.internal.reflect.DirectMethodHandleAccessor.invoke(DirectMethodHandleAccessor.java:103) ~[?:?]
	at java.lang.reflect.Method.invoke(Method.java:580) ~[?:?]
	at org.testng.internal.MethodInvocationHelper.invokeMethod(MethodInvocationHelper.java:124) ~[testng-6.14.3.jar:?]
	at org.testng.internal.Invoker.invokeMethod(Invoker.java:583) ~[testng-6.14.3.jar:?]
	at org.testng.internal.Invoker.invokeTestMethod(Invoker.java:719) ~[testng-6.14.3.jar:?]
	at org.testng.internal.Invoker.invokeTestMethods(Invoker.java:989) ~[testng-6.14.3.jar:?]
	at org.testng.internal.TestMethodWorker.invokeTestMethods(TestMethodWorker.java:125) ~[testng-6.14.3.jar:?]
	at org.testng.internal.TestMethodWorker.run(TestMethodWorker.java:109) ~[testng-6.14.3.jar:?]
	at org.testng.TestRunner.privateRun(TestRunner.java:648) ~[testng-6.14.3.jar:?]
	at org.testng.TestRunner.run(TestRunner.java:505) ~[testng-6.14.3.jar:?]
	at org.testng.SuiteRunner.runTest(SuiteRunner.java:455) ~[testng-6.14.3.jar:?]
	at org.testng.SuiteRunner.runSequentially(SuiteRunner.java:450) ~[testng-6.14.3.jar:?]
	at org.testng.SuiteRunner.privateRun(SuiteRunner.java:415) ~[testng-6.14.3.jar:?]
	at org.testng.SuiteRunner.run(SuiteRunner.java:364) ~[testng-6.14.3.jar:?]
	at org.testng.SuiteRunnerWorker.runSuite(SuiteRunnerWorker.java:52) ~[testng-6.14.3.jar:?]
	at org.testng.SuiteRunnerWorker.run(SuiteRunnerWorker.java:84) ~[testng-6.14.3.jar:?]
	at org.testng.TestNG.runSuitesSequentially(TestNG.java:1208) ~[testng-6.14.3.jar:?]
	at org.testng.TestNG.runSuitesLocally(TestNG.java:1137) ~[testng-6.14.3.jar:?]
	at org.testng.TestNG.runSuites(TestNG.java:1049) ~[testng-6.14.3.jar:?]
	at org.testng.TestNG.run(TestNG.java:1017) ~[testng-6.14.3.jar:?]
	at org.apache.maven.surefire.testng.TestNGExecutor.run(TestNGExecutor.java:308) ~[surefire-testng-3.3.0.jar:3.3.0]
	at org.apache.maven.surefire.testng.TestNGXmlTestSuite.execute(TestNGXmlTestSuite.java:71) ~[surefire-testng-3.3.0.jar:3.3.0]
	at org.apache.maven.surefire.testng.TestNGProvider.invoke(TestNGProvider.java:113) ~[surefire-testng-3.3.0.jar:3.3.0]
	at org.apache.maven.surefire.booter.ForkedBooter.runSuitesInProcess(ForkedBooter.java:385) ~[surefire-booter-3.3.0.jar:3.3.0]
	at org.apache.maven.surefire.booter.ForkedBooter.execute(ForkedBooter.java:162) ~[surefire-booter-3.3.0.jar:3.3.0]
	at org.apache.maven.surefire.booter.ForkedBooter.run(ForkedBooter.java:507) ~[surefire-booter-3.3.0.jar:3.3.0]
	at org.apache.maven.surefire.booter.ForkedBooter.main(ForkedBooter.java:495) ~[surefire-booter-3.3.0.jar:3.3.0]
17:05:53.039 [main] ERROR org.apache.poi.openxml4j.opc.PackageRelationshipCollection - Cannot convert mailto:2343456378912@#&^*gvadhfbjnf in a valid relationship URI-> dummy-URI used
java.net.URISyntaxException: Illegal character in fragment at index 23: mailto:2343456378912@#&^*gvadhfbjnf
	at java.net.URI$Parser.fail(URI.java:2995) ~[?:?]
	at java.net.URI$Parser.checkChars(URI.java:3166) ~[?:?]
	at java.net.URI$Parser.parse(URI.java:3210) ~[?:?]
	at java.net.URI.<init>(URI.java:645) ~[?:?]
	at org.apache.poi.openxml4j.opc.PackagingURIHelper.toURI(PackagingURIHelper.java:723) ~[poi-ooxml-5.2.2.jar:5.2.2]
	at org.apache.poi.openxml4j.opc.PackageRelationshipCollection.parseRelationshipsPart(PackageRelationshipCollection.java:358) ~[poi-ooxml-5.2.2.jar:5.2.2]
	at org.apache.poi.openxml4j.opc.PackageRelationshipCollection.<init>(PackageRelationshipCollection.java:160) ~[poi-ooxml-5.2.2.jar:5.2.2]
	at org.apache.poi.openxml4j.opc.PackageRelationshipCollection.<init>(PackageRelationshipCollection.java:130) ~[poi-ooxml-5.2.2.jar:5.2.2]
	at org.apache.poi.openxml4j.opc.PackagePart.loadRelationships(PackagePart.java:565) ~[poi-ooxml-5.2.2.jar:5.2.2]
	at org.apache.poi.openxml4j.opc.OPCPackage.getParts(OPCPackage.java:745) ~[poi-ooxml-5.2.2.jar:5.2.2]
	at org.apache.poi.openxml4j.opc.OPCPackage.open(OPCPackage.java:315) ~[poi-ooxml-5.2.2.jar:5.2.2]
	at org.apache.poi.ooxml.util.PackageHelper.open(PackageHelper.java:59) ~[poi-ooxml-5.2.2.jar:5.2.2]
	at org.apache.poi.xssf.usermodel.XSSFWorkbook.<init>(XSSFWorkbook.java:289) ~[poi-ooxml-5.2.2.jar:5.2.2]
	at org.apache.poi.xssf.usermodel.XSSFWorkbook.<init>(XSSFWorkbook.java:285) ~[poi-ooxml-5.2.2.jar:5.2.2]
	at com.MOFutility.API_Excelutilities.readServiceIdFromExcel(API_Excelutilities.java:20) ~[test-classes/:?]
	at com.MOF.constants.API_URL.<clinit>(API_URL.java:201) ~[test-classes/:?]
	at com.MOFapi.MOFapi.Fetchvalid_SingleService_ValidServiceid(MOFapi.java:4891) ~[test-classes/:?]
	at jdk.internal.reflect.DirectMethodHandleAccessor.invoke(DirectMethodHandleAccessor.java:103) ~[?:?]
	at java.lang.reflect.Method.invoke(Method.java:580) ~[?:?]
	at org.testng.internal.MethodInvocationHelper.invokeMethod(MethodInvocationHelper.java:124) ~[testng-6.14.3.jar:?]
	at org.testng.internal.Invoker.invokeMethod(Invoker.java:583) ~[testng-6.14.3.jar:?]
	at org.testng.internal.Invoker.invokeTestMethod(Invoker.java:719) ~[testng-6.14.3.jar:?]
	at org.testng.internal.Invoker.invokeTestMethods(Invoker.java:989) ~[testng-6.14.3.jar:?]
	at org.testng.internal.TestMethodWorker.invokeTestMethods(TestMethodWorker.java:125) ~[testng-6.14.3.jar:?]
	at org.testng.internal.TestMethodWorker.run(TestMethodWorker.java:109) ~[testng-6.14.3.jar:?]
	at org.testng.TestRunner.privateRun(TestRunner.java:648) ~[testng-6.14.3.jar:?]
	at org.testng.TestRunner.run(TestRunner.java:505) ~[testng-6.14.3.jar:?]
	at org.testng.SuiteRunner.runTest(SuiteRunner.java:455) ~[testng-6.14.3.jar:?]
	at org.testng.SuiteRunner.runSequentially(SuiteRunner.java:450) ~[testng-6.14.3.jar:?]
	at org.testng.SuiteRunner.privateRun(SuiteRunner.java:415) ~[testng-6.14.3.jar:?]
	at org.testng.SuiteRunner.run(SuiteRunner.java:364) ~[testng-6.14.3.jar:?]
	at org.testng.SuiteRunnerWorker.runSuite(SuiteRunnerWorker.java:52) ~[testng-6.14.3.jar:?]
	at org.testng.SuiteRunnerWorker.run(SuiteRunnerWorker.java:84) ~[testng-6.14.3.jar:?]
	at org.testng.TestNG.runSuitesSequentially(TestNG.java:1208) ~[testng-6.14.3.jar:?]
	at org.testng.TestNG.runSuitesLocally(TestNG.java:1137) ~[testng-6.14.3.jar:?]
	at org.testng.TestNG.runSuites(TestNG.java:1049) ~[testng-6.14.3.jar:?]
	at org.testng.TestNG.run(TestNG.java:1017) ~[testng-6.14.3.jar:?]
	at org.apache.maven.surefire.testng.TestNGExecutor.run(TestNGExecutor.java:308) ~[surefire-testng-3.3.0.jar:3.3.0]
	at org.apache.maven.surefire.testng.TestNGXmlTestSuite.execute(TestNGXmlTestSuite.java:71) ~[surefire-testng-3.3.0.jar:3.3.0]
	at org.apache.maven.surefire.testng.TestNGProvider.invoke(TestNGProvider.java:113) ~[surefire-testng-3.3.0.jar:3.3.0]
	at org.apache.maven.surefire.booter.ForkedBooter.runSuitesInProcess(ForkedBooter.java:385) ~[surefire-booter-3.3.0.jar:3.3.0]
	at org.apache.maven.surefire.booter.ForkedBooter.execute(ForkedBooter.java:162) ~[surefire-booter-3.3.0.jar:3.3.0]
	at org.apache.maven.surefire.booter.ForkedBooter.run(ForkedBooter.java:507) ~[surefire-booter-3.3.0.jar:3.3.0]
	at org.apache.maven.surefire.booter.ForkedBooter.main(ForkedBooter.java:495) ~[surefire-booter-3.3.0.jar:3.3.0]
17:05:53.074 [main] ERROR org.apache.poi.openxml4j.opc.PackageRelationshipCollection - Cannot convert mailto:ALPA@#$%^245234534 in a valid relationship URI-> dummy-URI used
java.net.URISyntaxException: Malformed escape pair at index 14: mailto:ALPA@#$%^245234534
	at java.net.URI$Parser.fail(URI.java:2995) ~[?:?]
	at java.net.URI$Parser.scanEscape(URI.java:3123) ~[?:?]
	at java.net.URI$Parser.scan(URI.java:3146) ~[?:?]
	at java.net.URI$Parser.checkChars(URI.java:3164) ~[?:?]
	at java.net.URI$Parser.parse(URI.java:3210) ~[?:?]
	at java.net.URI.<init>(URI.java:645) ~[?:?]
	at org.apache.poi.openxml4j.opc.PackagingURIHelper.toURI(PackagingURIHelper.java:723) ~[poi-ooxml-5.2.2.jar:5.2.2]
	at org.apache.poi.openxml4j.opc.PackageRelationshipCollection.parseRelationshipsPart(PackageRelationshipCollection.java:358) ~[poi-ooxml-5.2.2.jar:5.2.2]
	at org.apache.poi.openxml4j.opc.PackageRelationshipCollection.<init>(PackageRelationshipCollection.java:160) ~[poi-ooxml-5.2.2.jar:5.2.2]
	at org.apache.poi.openxml4j.opc.PackageRelationshipCollection.<init>(PackageRelationshipCollection.java:130) ~[poi-ooxml-5.2.2.jar:5.2.2]
	at org.apache.poi.openxml4j.opc.PackagePart.loadRelationships(PackagePart.java:565) ~[poi-ooxml-5.2.2.jar:5.2.2]
	at org.apache.poi.openxml4j.opc.OPCPackage.getParts(OPCPackage.java:745) ~[poi-ooxml-5.2.2.jar:5.2.2]
	at org.apache.poi.openxml4j.opc.OPCPackage.open(OPCPackage.java:315) ~[poi-ooxml-5.2.2.jar:5.2.2]
	at org.apache.poi.ooxml.util.PackageHelper.open(PackageHelper.java:59) ~[poi-ooxml-5.2.2.jar:5.2.2]
	at org.apache.poi.xssf.usermodel.XSSFWorkbook.<init>(XSSFWorkbook.java:289) ~[poi-ooxml-5.2.2.jar:5.2.2]
	at org.apache.poi.xssf.usermodel.XSSFWorkbook.<init>(XSSFWorkbook.java:285) ~[poi-ooxml-5.2.2.jar:5.2.2]
	at com.MOFutility.API_Excelutilities.readServiceIdFromExcel(API_Excelutilities.java:20) ~[test-classes/:?]
	at com.MOF.constants.API_URL.<clinit>(API_URL.java:202) ~[test-classes/:?]
	at com.MOFapi.MOFapi.Fetchvalid_SingleService_ValidServiceid(MOFapi.java:4891) ~[test-classes/:?]
	at jdk.internal.reflect.DirectMethodHandleAccessor.invoke(DirectMethodHandleAccessor.java:103) ~[?:?]
	at java.lang.reflect.Method.invoke(Method.java:580) ~[?:?]
	at org.testng.internal.MethodInvocationHelper.invokeMethod(MethodInvocationHelper.java:124) ~[testng-6.14.3.jar:?]
	at org.testng.internal.Invoker.invokeMethod(Invoker.java:583) ~[testng-6.14.3.jar:?]
	at org.testng.internal.Invoker.invokeTestMethod(Invoker.java:719) ~[testng-6.14.3.jar:?]
	at org.testng.internal.Invoker.invokeTestMethods(Invoker.java:989) ~[testng-6.14.3.jar:?]
	at org.testng.internal.TestMethodWorker.invokeTestMethods(TestMethodWorker.java:125) ~[testng-6.14.3.jar:?]
	at org.testng.internal.TestMethodWorker.run(TestMethodWorker.java:109) ~[testng-6.14.3.jar:?]
	at org.testng.TestRunner.privateRun(TestRunner.java:648) ~[testng-6.14.3.jar:?]
	at org.testng.TestRunner.run(TestRunner.java:505) ~[testng-6.14.3.jar:?]
	at org.testng.SuiteRunner.runTest(SuiteRunner.java:455) ~[testng-6.14.3.jar:?]
	at org.testng.SuiteRunner.runSequentially(SuiteRunner.java:450) ~[testng-6.14.3.jar:?]
	at org.testng.SuiteRunner.privateRun(SuiteRunner.java:415) ~[testng-6.14.3.jar:?]
	at org.testng.SuiteRunner.run(SuiteRunner.java:364) ~[testng-6.14.3.jar:?]
	at org.testng.SuiteRunnerWorker.runSuite(SuiteRunnerWorker.java:52) ~[testng-6.14.3.jar:?]
	at org.testng.SuiteRunnerWorker.run(SuiteRunnerWorker.java:84) ~[testng-6.14.3.jar:?]
	at org.testng.TestNG.runSuitesSequentially(TestNG.java:1208) ~[testng-6.14.3.jar:?]
	at org.testng.TestNG.runSuitesLocally(TestNG.java:1137) ~[testng-6.14.3.jar:?]
	at org.testng.TestNG.runSuites(TestNG.java:1049) ~[testng-6.14.3.jar:?]
	at org.testng.TestNG.run(TestNG.java:1017) ~[testng-6.14.3.jar:?]
	at org.apache.maven.surefire.testng.TestNGExecutor.run(TestNGExecutor.java:308) ~[surefire-testng-3.3.0.jar:3.3.0]
	at org.apache.maven.surefire.testng.TestNGXmlTestSuite.execute(TestNGXmlTestSuite.java:71) ~[surefire-testng-3.3.0.jar:3.3.0]
	at org.apache.maven.surefire.testng.TestNGProvider.invoke(TestNGProvider.java:113) ~[surefire-testng-3.3.0.jar:3.3.0]
	at org.apache.maven.surefire.booter.ForkedBooter.runSuitesInProcess(ForkedBooter.java:385) ~[surefire-booter-3.3.0.jar:3.3.0]
	at org.apache.maven.surefire.booter.ForkedBooter.execute(ForkedBooter.java:162) ~[surefire-booter-3.3.0.jar:3.3.0]
	at org.apache.maven.surefire.booter.ForkedBooter.run(ForkedBooter.java:507) ~[surefire-booter-3.3.0.jar:3.3.0]
	at org.apache.maven.surefire.booter.ForkedBooter.main(ForkedBooter.java:495) ~[surefire-booter-3.3.0.jar:3.3.0]
17:05:53.075 [main] ERROR org.apache.poi.openxml4j.opc.PackageRelationshipCollection - Cannot convert mailto:ALPHAAAAAA@@@@@!@##$$$%12344 in a valid relationship URI-> dummy-URI used
java.net.URISyntaxException: Illegal character in fragment at index 25: mailto:ALPHAAAAAA@@@@@!@##$$$%12344
	at java.net.URI$Parser.fail(URI.java:2995) ~[?:?]
	at java.net.URI$Parser.checkChars(URI.java:3166) ~[?:?]
	at java.net.URI$Parser.parse(URI.java:3210) ~[?:?]
	at java.net.URI.<init>(URI.java:645) ~[?:?]
	at org.apache.poi.openxml4j.opc.PackagingURIHelper.toURI(PackagingURIHelper.java:723) ~[poi-ooxml-5.2.2.jar:5.2.2]
	at org.apache.poi.openxml4j.opc.PackageRelationshipCollection.parseRelationshipsPart(PackageRelationshipCollection.java:358) ~[poi-ooxml-5.2.2.jar:5.2.2]
	at org.apache.poi.openxml4j.opc.PackageRelationshipCollection.<init>(PackageRelationshipCollection.java:160) ~[poi-ooxml-5.2.2.jar:5.2.2]
	at org.apache.poi.openxml4j.opc.PackageRelationshipCollection.<init>(PackageRelationshipCollection.java:130) ~[poi-ooxml-5.2.2.jar:5.2.2]
	at org.apache.poi.openxml4j.opc.PackagePart.loadRelationships(PackagePart.java:565) ~[poi-ooxml-5.2.2.jar:5.2.2]
	at org.apache.poi.openxml4j.opc.OPCPackage.getParts(OPCPackage.java:745) ~[poi-ooxml-5.2.2.jar:5.2.2]
	at org.apache.poi.openxml4j.opc.OPCPackage.open(OPCPackage.java:315) ~[poi-ooxml-5.2.2.jar:5.2.2]
	at org.apache.poi.ooxml.util.PackageHelper.open(PackageHelper.java:59) ~[poi-ooxml-5.2.2.jar:5.2.2]
	at org.apache.poi.xssf.usermodel.XSSFWorkbook.<init>(XSSFWorkbook.java:289) ~[poi-ooxml-5.2.2.jar:5.2.2]
	at org.apache.poi.xssf.usermodel.XSSFWorkbook.<init>(XSSFWorkbook.java:285) ~[poi-ooxml-5.2.2.jar:5.2.2]
	at com.MOFutility.API_Excelutilities.readServiceIdFromExcel(API_Excelutilities.java:20) ~[test-classes/:?]
	at com.MOF.constants.API_URL.<clinit>(API_URL.java:202) ~[test-classes/:?]
	at com.MOFapi.MOFapi.Fetchvalid_SingleService_ValidServiceid(MOFapi.java:4891) ~[test-classes/:?]
	at jdk.internal.reflect.DirectMethodHandleAccessor.invoke(DirectMethodHandleAccessor.java:103) ~[?:?]
	at java.lang.reflect.Method.invoke(Method.java:580) ~[?:?]
	at org.testng.internal.MethodInvocationHelper.invokeMethod(MethodInvocationHelper.java:124) ~[testng-6.14.3.jar:?]
	at org.testng.internal.Invoker.invokeMethod(Invoker.java:583) ~[testng-6.14.3.jar:?]
	at org.testng.internal.Invoker.invokeTestMethod(Invoker.java:719) ~[testng-6.14.3.jar:?]
	at org.testng.internal.Invoker.invokeTestMethods(Invoker.java:989) ~[testng-6.14.3.jar:?]
	at org.testng.internal.TestMethodWorker.invokeTestMethods(TestMethodWorker.java:125) ~[testng-6.14.3.jar:?]
	at org.testng.internal.TestMethodWorker.run(TestMethodWorker.java:109) ~[testng-6.14.3.jar:?]
	at org.testng.TestRunner.privateRun(TestRunner.java:648) ~[testng-6.14.3.jar:?]
	at org.testng.TestRunner.run(TestRunner.java:505) ~[testng-6.14.3.jar:?]
	at org.testng.SuiteRunner.runTest(SuiteRunner.java:455) ~[testng-6.14.3.jar:?]
	at org.testng.SuiteRunner.runSequentially(SuiteRunner.java:450) ~[testng-6.14.3.jar:?]
	at org.testng.SuiteRunner.privateRun(SuiteRunner.java:415) ~[testng-6.14.3.jar:?]
	at org.testng.SuiteRunner.run(SuiteRunner.java:364) ~[testng-6.14.3.jar:?]
	at org.testng.SuiteRunnerWorker.runSuite(SuiteRunnerWorker.java:52) ~[testng-6.14.3.jar:?]
	at org.testng.SuiteRunnerWorker.run(SuiteRunnerWorker.java:84) ~[testng-6.14.3.jar:?]
	at org.testng.TestNG.runSuitesSequentially(TestNG.java:1208) ~[testng-6.14.3.jar:?]
	at org.testng.TestNG.runSuitesLocally(TestNG.java:1137) ~[testng-6.14.3.jar:?]
	at org.testng.TestNG.runSuites(TestNG.java:1049) ~[testng-6.14.3.jar:?]
	at org.testng.TestNG.run(TestNG.java:1017) ~[testng-6.14.3.jar:?]
	at org.apache.maven.surefire.testng.TestNGExecutor.run(TestNGExecutor.java:308) ~[surefire-testng-3.3.0.jar:3.3.0]
	at org.apache.maven.surefire.testng.TestNGXmlTestSuite.execute(TestNGXmlTestSuite.java:71) ~[surefire-testng-3.3.0.jar:3.3.0]
	at org.apache.maven.surefire.testng.TestNGProvider.invoke(TestNGProvider.java:113) ~[surefire-testng-3.3.0.jar:3.3.0]
	at org.apache.maven.surefire.booter.ForkedBooter.runSuitesInProcess(ForkedBooter.java:385) ~[surefire-booter-3.3.0.jar:3.3.0]
	at org.apache.maven.surefire.booter.ForkedBooter.execute(ForkedBooter.java:162) ~[surefire-booter-3.3.0.jar:3.3.0]
	at org.apache.maven.surefire.booter.ForkedBooter.run(ForkedBooter.java:507) ~[surefire-booter-3.3.0.jar:3.3.0]
	at org.apache.maven.surefire.booter.ForkedBooter.main(ForkedBooter.java:495) ~[surefire-booter-3.3.0.jar:3.3.0]
17:05:53.077 [main] ERROR org.apache.poi.openxml4j.opc.PackageRelationshipCollection - Cannot convert mailto:2343456378912@#&^*gvadhfbjnf in a valid relationship URI-> dummy-URI used
java.net.URISyntaxException: Illegal character in fragment at index 23: mailto:2343456378912@#&^*gvadhfbjnf
	at java.net.URI$Parser.fail(URI.java:2995) ~[?:?]
	at java.net.URI$Parser.checkChars(URI.java:3166) ~[?:?]
	at java.net.URI$Parser.parse(URI.java:3210) ~[?:?]
	at java.net.URI.<init>(URI.java:645) ~[?:?]
	at org.apache.poi.openxml4j.opc.PackagingURIHelper.toURI(PackagingURIHelper.java:723) ~[poi-ooxml-5.2.2.jar:5.2.2]
	at org.apache.poi.openxml4j.opc.PackageRelationshipCollection.parseRelationshipsPart(PackageRelationshipCollection.java:358) ~[poi-ooxml-5.2.2.jar:5.2.2]
	at org.apache.poi.openxml4j.opc.PackageRelationshipCollection.<init>(PackageRelationshipCollection.java:160) ~[poi-ooxml-5.2.2.jar:5.2.2]
	at org.apache.poi.openxml4j.opc.PackageRelationshipCollection.<init>(PackageRelationshipCollection.java:130) ~[poi-ooxml-5.2.2.jar:5.2.2]
	at org.apache.poi.openxml4j.opc.PackagePart.loadRelationships(PackagePart.java:565) ~[poi-ooxml-5.2.2.jar:5.2.2]
	at org.apache.poi.openxml4j.opc.OPCPackage.getParts(OPCPackage.java:745) ~[poi-ooxml-5.2.2.jar:5.2.2]
	at org.apache.poi.openxml4j.opc.OPCPackage.open(OPCPackage.java:315) ~[poi-ooxml-5.2.2.jar:5.2.2]
	at org.apache.poi.ooxml.util.PackageHelper.open(PackageHelper.java:59) ~[poi-ooxml-5.2.2.jar:5.2.2]
	at org.apache.poi.xssf.usermodel.XSSFWorkbook.<init>(XSSFWorkbook.java:289) ~[poi-ooxml-5.2.2.jar:5.2.2]
	at org.apache.poi.xssf.usermodel.XSSFWorkbook.<init>(XSSFWorkbook.java:285) ~[poi-ooxml-5.2.2.jar:5.2.2]
	at com.MOFutility.API_Excelutilities.readServiceIdFromExcel(API_Excelutilities.java:20) ~[test-classes/:?]
	at com.MOF.constants.API_URL.<clinit>(API_URL.java:202) ~[test-classes/:?]
	at com.MOFapi.MOFapi.Fetchvalid_SingleService_ValidServiceid(MOFapi.java:4891) ~[test-classes/:?]
	at jdk.internal.reflect.DirectMethodHandleAccessor.invoke(DirectMethodHandleAccessor.java:103) ~[?:?]
	at java.lang.reflect.Method.invoke(Method.java:580) ~[?:?]
	at org.testng.internal.MethodInvocationHelper.invokeMethod(MethodInvocationHelper.java:124) ~[testng-6.14.3.jar:?]
	at org.testng.internal.Invoker.invokeMethod(Invoker.java:583) ~[testng-6.14.3.jar:?]
	at org.testng.internal.Invoker.invokeTestMethod(Invoker.java:719) ~[testng-6.14.3.jar:?]
	at org.testng.internal.Invoker.invokeTestMethods(Invoker.java:989) ~[testng-6.14.3.jar:?]
	at org.testng.internal.TestMethodWorker.invokeTestMethods(TestMethodWorker.java:125) ~[testng-6.14.3.jar:?]
	at org.testng.internal.TestMethodWorker.run(TestMethodWorker.java:109) ~[testng-6.14.3.jar:?]
	at org.testng.TestRunner.privateRun(TestRunner.java:648) ~[testng-6.14.3.jar:?]
	at org.testng.TestRunner.run(TestRunner.java:505) ~[testng-6.14.3.jar:?]
	at org.testng.SuiteRunner.runTest(SuiteRunner.java:455) ~[testng-6.14.3.jar:?]
	at org.testng.SuiteRunner.runSequentially(SuiteRunner.java:450) ~[testng-6.14.3.jar:?]
	at org.testng.SuiteRunner.privateRun(SuiteRunner.java:415) ~[testng-6.14.3.jar:?]
	at org.testng.SuiteRunner.run(SuiteRunner.java:364) ~[testng-6.14.3.jar:?]
	at org.testng.SuiteRunnerWorker.runSuite(SuiteRunnerWorker.java:52) ~[testng-6.14.3.jar:?]
	at org.testng.SuiteRunnerWorker.run(SuiteRunnerWorker.java:84) ~[testng-6.14.3.jar:?]
	at org.testng.TestNG.runSuitesSequentially(TestNG.java:1208) ~[testng-6.14.3.jar:?]
	at org.testng.TestNG.runSuitesLocally(TestNG.java:1137) ~[testng-6.14.3.jar:?]
	at org.testng.TestNG.runSuites(TestNG.java:1049) ~[testng-6.14.3.jar:?]
	at org.testng.TestNG.run(TestNG.java:1017) ~[testng-6.14.3.jar:?]
	at org.apache.maven.surefire.testng.TestNGExecutor.run(TestNGExecutor.java:308) ~[surefire-testng-3.3.0.jar:3.3.0]
	at org.apache.maven.surefire.testng.TestNGXmlTestSuite.execute(TestNGXmlTestSuite.java:71) ~[surefire-testng-3.3.0.jar:3.3.0]
	at org.apache.maven.surefire.testng.TestNGProvider.invoke(TestNGProvider.java:113) ~[surefire-testng-3.3.0.jar:3.3.0]
	at org.apache.maven.surefire.booter.ForkedBooter.runSuitesInProcess(ForkedBooter.java:385) ~[surefire-booter-3.3.0.jar:3.3.0]
	at org.apache.maven.surefire.booter.ForkedBooter.execute(ForkedBooter.java:162) ~[surefire-booter-3.3.0.jar:3.3.0]
	at org.apache.maven.surefire.booter.ForkedBooter.run(ForkedBooter.java:507) ~[surefire-booter-3.3.0.jar:3.3.0]
	at org.apache.maven.surefire.booter.ForkedBooter.main(ForkedBooter.java:495) ~[surefire-booter-3.3.0.jar:3.3.0]
17:05:53.118 [main] ERROR org.apache.poi.openxml4j.opc.PackageRelationshipCollection - Cannot convert mailto:ALPA@#$%^245234534 in a valid relationship URI-> dummy-URI used
java.net.URISyntaxException: Malformed escape pair at index 14: mailto:ALPA@#$%^245234534
	at java.net.URI$Parser.fail(URI.java:2995) ~[?:?]
	at java.net.URI$Parser.scanEscape(URI.java:3123) ~[?:?]
	at java.net.URI$Parser.scan(URI.java:3146) ~[?:?]
	at java.net.URI$Parser.checkChars(URI.java:3164) ~[?:?]
	at java.net.URI$Parser.parse(URI.java:3210) ~[?:?]
	at java.net.URI.<init>(URI.java:645) ~[?:?]
	at org.apache.poi.openxml4j.opc.PackagingURIHelper.toURI(PackagingURIHelper.java:723) ~[poi-ooxml-5.2.2.jar:5.2.2]
	at org.apache.poi.openxml4j.opc.PackageRelationshipCollection.parseRelationshipsPart(PackageRelationshipCollection.java:358) ~[poi-ooxml-5.2.2.jar:5.2.2]
	at org.apache.poi.openxml4j.opc.PackageRelationshipCollection.<init>(PackageRelationshipCollection.java:160) ~[poi-ooxml-5.2.2.jar:5.2.2]
	at org.apache.poi.openxml4j.opc.PackageRelationshipCollection.<init>(PackageRelationshipCollection.java:130) ~[poi-ooxml-5.2.2.jar:5.2.2]
	at org.apache.poi.openxml4j.opc.PackagePart.loadRelationships(PackagePart.java:565) ~[poi-ooxml-5.2.2.jar:5.2.2]
	at org.apache.poi.openxml4j.opc.OPCPackage.getParts(OPCPackage.java:745) ~[poi-ooxml-5.2.2.jar:5.2.2]
	at org.apache.poi.openxml4j.opc.OPCPackage.open(OPCPackage.java:315) ~[poi-ooxml-5.2.2.jar:5.2.2]
	at org.apache.poi.ooxml.util.PackageHelper.open(PackageHelper.java:59) ~[poi-ooxml-5.2.2.jar:5.2.2]
	at org.apache.poi.xssf.usermodel.XSSFWorkbook.<init>(XSSFWorkbook.java:289) ~[poi-ooxml-5.2.2.jar:5.2.2]
	at org.apache.poi.xssf.usermodel.XSSFWorkbook.<init>(XSSFWorkbook.java:285) ~[poi-ooxml-5.2.2.jar:5.2.2]
	at com.MOFutility.API_Excelutilities.readServiceIdFromExcel(API_Excelutilities.java:20) ~[test-classes/:?]
	at com.MOF.constants.API_URL.<clinit>(API_URL.java:204) ~[test-classes/:?]
	at com.MOFapi.MOFapi.Fetchvalid_SingleService_ValidServiceid(MOFapi.java:4891) ~[test-classes/:?]
	at jdk.internal.reflect.DirectMethodHandleAccessor.invoke(DirectMethodHandleAccessor.java:103) ~[?:?]
	at java.lang.reflect.Method.invoke(Method.java:580) ~[?:?]
	at org.testng.internal.MethodInvocationHelper.invokeMethod(MethodInvocationHelper.java:124) ~[testng-6.14.3.jar:?]
	at org.testng.internal.Invoker.invokeMethod(Invoker.java:583) ~[testng-6.14.3.jar:?]
	at org.testng.internal.Invoker.invokeTestMethod(Invoker.java:719) ~[testng-6.14.3.jar:?]
	at org.testng.internal.Invoker.invokeTestMethods(Invoker.java:989) ~[testng-6.14.3.jar:?]
	at org.testng.internal.TestMethodWorker.invokeTestMethods(TestMethodWorker.java:125) ~[testng-6.14.3.jar:?]
	at org.testng.internal.TestMethodWorker.run(TestMethodWorker.java:109) ~[testng-6.14.3.jar:?]
	at org.testng.TestRunner.privateRun(TestRunner.java:648) ~[testng-6.14.3.jar:?]
	at org.testng.TestRunner.run(TestRunner.java:505) ~[testng-6.14.3.jar:?]
	at org.testng.SuiteRunner.runTest(SuiteRunner.java:455) ~[testng-6.14.3.jar:?]
	at org.testng.SuiteRunner.runSequentially(SuiteRunner.java:450) ~[testng-6.14.3.jar:?]
	at org.testng.SuiteRunner.privateRun(SuiteRunner.java:415) ~[testng-6.14.3.jar:?]
	at org.testng.SuiteRunner.run(SuiteRunner.java:364) ~[testng-6.14.3.jar:?]
	at org.testng.SuiteRunnerWorker.runSuite(SuiteRunnerWorker.java:52) ~[testng-6.14.3.jar:?]
	at org.testng.SuiteRunnerWorker.run(SuiteRunnerWorker.java:84) ~[testng-6.14.3.jar:?]
	at org.testng.TestNG.runSuitesSequentially(TestNG.java:1208) ~[testng-6.14.3.jar:?]
	at org.testng.TestNG.runSuitesLocally(TestNG.java:1137) ~[testng-6.14.3.jar:?]
	at org.testng.TestNG.runSuites(TestNG.java:1049) ~[testng-6.14.3.jar:?]
	at org.testng.TestNG.run(TestNG.java:1017) ~[testng-6.14.3.jar:?]
	at org.apache.maven.surefire.testng.TestNGExecutor.run(TestNGExecutor.java:308) ~[surefire-testng-3.3.0.jar:3.3.0]
	at org.apache.maven.surefire.testng.TestNGXmlTestSuite.execute(TestNGXmlTestSuite.java:71) ~[surefire-testng-3.3.0.jar:3.3.0]
	at org.apache.maven.surefire.testng.TestNGProvider.invoke(TestNGProvider.java:113) ~[surefire-testng-3.3.0.jar:3.3.0]
	at org.apache.maven.surefire.booter.ForkedBooter.runSuitesInProcess(ForkedBooter.java:385) ~[surefire-booter-3.3.0.jar:3.3.0]
	at org.apache.maven.surefire.booter.ForkedBooter.execute(ForkedBooter.java:162) ~[surefire-booter-3.3.0.jar:3.3.0]
	at org.apache.maven.surefire.booter.ForkedBooter.run(ForkedBooter.java:507) ~[surefire-booter-3.3.0.jar:3.3.0]
	at org.apache.maven.surefire.booter.ForkedBooter.main(ForkedBooter.java:495) ~[surefire-booter-3.3.0.jar:3.3.0]
17:05:53.121 [main] ERROR org.apache.poi.openxml4j.opc.PackageRelationshipCollection - Cannot convert mailto:ALPHAAAAAA@@@@@!@##$$$%12344 in a valid relationship URI-> dummy-URI used
java.net.URISyntaxException: Illegal character in fragment at index 25: mailto:ALPHAAAAAA@@@@@!@##$$$%12344
	at java.net.URI$Parser.fail(URI.java:2995) ~[?:?]
	at java.net.URI$Parser.checkChars(URI.java:3166) ~[?:?]
	at java.net.URI$Parser.parse(URI.java:3210) ~[?:?]
	at java.net.URI.<init>(URI.java:645) ~[?:?]
	at org.apache.poi.openxml4j.opc.PackagingURIHelper.toURI(PackagingURIHelper.java:723) ~[poi-ooxml-5.2.2.jar:5.2.2]
	at org.apache.poi.openxml4j.opc.PackageRelationshipCollection.parseRelationshipsPart(PackageRelationshipCollection.java:358) ~[poi-ooxml-5.2.2.jar:5.2.2]
	at org.apache.poi.openxml4j.opc.PackageRelationshipCollection.<init>(PackageRelationshipCollection.java:160) ~[poi-ooxml-5.2.2.jar:5.2.2]
	at org.apache.poi.openxml4j.opc.PackageRelationshipCollection.<init>(PackageRelationshipCollection.java:130) ~[poi-ooxml-5.2.2.jar:5.2.2]
	at org.apache.poi.openxml4j.opc.PackagePart.loadRelationships(PackagePart.java:565) ~[poi-ooxml-5.2.2.jar:5.2.2]
	at org.apache.poi.openxml4j.opc.OPCPackage.getParts(OPCPackage.java:745) ~[poi-ooxml-5.2.2.jar:5.2.2]
	at org.apache.poi.openxml4j.opc.OPCPackage.open(OPCPackage.java:315) ~[poi-ooxml-5.2.2.jar:5.2.2]
	at org.apache.poi.ooxml.util.PackageHelper.open(PackageHelper.java:59) ~[poi-ooxml-5.2.2.jar:5.2.2]
	at org.apache.poi.xssf.usermodel.XSSFWorkbook.<init>(XSSFWorkbook.java:289) ~[poi-ooxml-5.2.2.jar:5.2.2]
	at org.apache.poi.xssf.usermodel.XSSFWorkbook.<init>(XSSFWorkbook.java:285) ~[poi-ooxml-5.2.2.jar:5.2.2]
	at com.MOFutility.API_Excelutilities.readServiceIdFromExcel(API_Excelutilities.java:20) ~[test-classes/:?]
	at com.MOF.constants.API_URL.<clinit>(API_URL.java:204) ~[test-classes/:?]
	at com.MOFapi.MOFapi.Fetchvalid_SingleService_ValidServiceid(MOFapi.java:4891) ~[test-classes/:?]
	at jdk.internal.reflect.DirectMethodHandleAccessor.invoke(DirectMethodHandleAccessor.java:103) ~[?:?]
	at java.lang.reflect.Method.invoke(Method.java:580) ~[?:?]
	at org.testng.internal.MethodInvocationHelper.invokeMethod(MethodInvocationHelper.java:124) ~[testng-6.14.3.jar:?]
	at org.testng.internal.Invoker.invokeMethod(Invoker.java:583) ~[testng-6.14.3.jar:?]
	at org.testng.internal.Invoker.invokeTestMethod(Invoker.java:719) ~[testng-6.14.3.jar:?]
	at org.testng.internal.Invoker.invokeTestMethods(Invoker.java:989) ~[testng-6.14.3.jar:?]
	at org.testng.internal.TestMethodWorker.invokeTestMethods(TestMethodWorker.java:125) ~[testng-6.14.3.jar:?]
	at org.testng.internal.TestMethodWorker.run(TestMethodWorker.java:109) ~[testng-6.14.3.jar:?]
	at org.testng.TestRunner.privateRun(TestRunner.java:648) ~[testng-6.14.3.jar:?]
	at org.testng.TestRunner.run(TestRunner.java:505) ~[testng-6.14.3.jar:?]
	at org.testng.SuiteRunner.runTest(SuiteRunner.java:455) ~[testng-6.14.3.jar:?]
	at org.testng.SuiteRunner.runSequentially(SuiteRunner.java:450) ~[testng-6.14.3.jar:?]
	at org.testng.SuiteRunner.privateRun(SuiteRunner.java:415) ~[testng-6.14.3.jar:?]
	at org.testng.SuiteRunner.run(SuiteRunner.java:364) ~[testng-6.14.3.jar:?]
	at org.testng.SuiteRunnerWorker.runSuite(SuiteRunnerWorker.java:52) ~[testng-6.14.3.jar:?]
	at org.testng.SuiteRunnerWorker.run(SuiteRunnerWorker.java:84) ~[testng-6.14.3.jar:?]
	at org.testng.TestNG.runSuitesSequentially(TestNG.java:1208) ~[testng-6.14.3.jar:?]
	at org.testng.TestNG.runSuitesLocally(TestNG.java:1137) ~[testng-6.14.3.jar:?]
	at org.testng.TestNG.runSuites(TestNG.java:1049) ~[testng-6.14.3.jar:?]
	at org.testng.TestNG.run(TestNG.java:1017) ~[testng-6.14.3.jar:?]
	at org.apache.maven.surefire.testng.TestNGExecutor.run(TestNGExecutor.java:308) ~[surefire-testng-3.3.0.jar:3.3.0]
	at org.apache.maven.surefire.testng.TestNGXmlTestSuite.execute(TestNGXmlTestSuite.java:71) ~[surefire-testng-3.3.0.jar:3.3.0]
	at org.apache.maven.surefire.testng.TestNGProvider.invoke(TestNGProvider.java:113) ~[surefire-testng-3.3.0.jar:3.3.0]
	at org.apache.maven.surefire.booter.ForkedBooter.runSuitesInProcess(ForkedBooter.java:385) ~[surefire-booter-3.3.0.jar:3.3.0]
	at org.apache.maven.surefire.booter.ForkedBooter.execute(ForkedBooter.java:162) ~[surefire-booter-3.3.0.jar:3.3.0]
	at org.apache.maven.surefire.booter.ForkedBooter.run(ForkedBooter.java:507) ~[surefire-booter-3.3.0.jar:3.3.0]
	at org.apache.maven.surefire.booter.ForkedBooter.main(ForkedBooter.java:495) ~[surefire-booter-3.3.0.jar:3.3.0]
17:05:53.122 [main] ERROR org.apache.poi.openxml4j.opc.PackageRelationshipCollection - Cannot convert mailto:2343456378912@#&^*gvadhfbjnf in a valid relationship URI-> dummy-URI used
java.net.URISyntaxException: Illegal character in fragment at index 23: mailto:2343456378912@#&^*gvadhfbjnf
	at java.net.URI$Parser.fail(URI.java:2995) ~[?:?]
	at java.net.URI$Parser.checkChars(URI.java:3166) ~[?:?]
	at java.net.URI$Parser.parse(URI.java:3210) ~[?:?]
	at java.net.URI.<init>(URI.java:645) ~[?:?]
	at org.apache.poi.openxml4j.opc.PackagingURIHelper.toURI(PackagingURIHelper.java:723) ~[poi-ooxml-5.2.2.jar:5.2.2]
	at org.apache.poi.openxml4j.opc.PackageRelationshipCollection.parseRelationshipsPart(PackageRelationshipCollection.java:358) ~[poi-ooxml-5.2.2.jar:5.2.2]
	at org.apache.poi.openxml4j.opc.PackageRelationshipCollection.<init>(PackageRelationshipCollection.java:160) ~[poi-ooxml-5.2.2.jar:5.2.2]
	at org.apache.poi.openxml4j.opc.PackageRelationshipCollection.<init>(PackageRelationshipCollection.java:130) ~[poi-ooxml-5.2.2.jar:5.2.2]
	at org.apache.poi.openxml4j.opc.PackagePart.loadRelationships(PackagePart.java:565) ~[poi-ooxml-5.2.2.jar:5.2.2]
	at org.apache.poi.openxml4j.opc.OPCPackage.getParts(OPCPackage.java:745) ~[poi-ooxml-5.2.2.jar:5.2.2]
	at org.apache.poi.openxml4j.opc.OPCPackage.open(OPCPackage.java:315) ~[poi-ooxml-5.2.2.jar:5.2.2]
	at org.apache.poi.ooxml.util.PackageHelper.open(PackageHelper.java:59) ~[poi-ooxml-5.2.2.jar:5.2.2]
	at org.apache.poi.xssf.usermodel.XSSFWorkbook.<init>(XSSFWorkbook.java:289) ~[poi-ooxml-5.2.2.jar:5.2.2]
	at org.apache.poi.xssf.usermodel.XSSFWorkbook.<init>(XSSFWorkbook.java:285) ~[poi-ooxml-5.2.2.jar:5.2.2]
	at com.MOFutility.API_Excelutilities.readServiceIdFromExcel(API_Excelutilities.java:20) ~[test-classes/:?]
	at com.MOF.constants.API_URL.<clinit>(API_URL.java:204) ~[test-classes/:?]
	at com.MOFapi.MOFapi.Fetchvalid_SingleService_ValidServiceid(MOFapi.java:4891) ~[test-classes/:?]
	at jdk.internal.reflect.DirectMethodHandleAccessor.invoke(DirectMethodHandleAccessor.java:103) ~[?:?]
	at java.lang.reflect.Method.invoke(Method.java:580) ~[?:?]
	at org.testng.internal.MethodInvocationHelper.invokeMethod(MethodInvocationHelper.java:124) ~[testng-6.14.3.jar:?]
	at org.testng.internal.Invoker.invokeMethod(Invoker.java:583) ~[testng-6.14.3.jar:?]
	at org.testng.internal.Invoker.invokeTestMethod(Invoker.java:719) ~[testng-6.14.3.jar:?]
	at org.testng.internal.Invoker.invokeTestMethods(Invoker.java:989) ~[testng-6.14.3.jar:?]
	at org.testng.internal.TestMethodWorker.invokeTestMethods(TestMethodWorker.java:125) ~[testng-6.14.3.jar:?]
	at org.testng.internal.TestMethodWorker.run(TestMethodWorker.java:109) ~[testng-6.14.3.jar:?]
	at org.testng.TestRunner.privateRun(TestRunner.java:648) ~[testng-6.14.3.jar:?]
	at org.testng.TestRunner.run(TestRunner.java:505) ~[testng-6.14.3.jar:?]
	at org.testng.SuiteRunner.runTest(SuiteRunner.java:455) ~[testng-6.14.3.jar:?]
	at org.testng.SuiteRunner.runSequentially(SuiteRunner.java:450) ~[testng-6.14.3.jar:?]
	at org.testng.SuiteRunner.privateRun(SuiteRunner.java:415) ~[testng-6.14.3.jar:?]
	at org.testng.SuiteRunner.run(SuiteRunner.java:364) ~[testng-6.14.3.jar:?]
	at org.testng.SuiteRunnerWorker.runSuite(SuiteRunnerWorker.java:52) ~[testng-6.14.3.jar:?]
	at org.testng.SuiteRunnerWorker.run(SuiteRunnerWorker.java:84) ~[testng-6.14.3.jar:?]
	at org.testng.TestNG.runSuitesSequentially(TestNG.java:1208) ~[testng-6.14.3.jar:?]
	at org.testng.TestNG.runSuitesLocally(TestNG.java:1137) ~[testng-6.14.3.jar:?]
	at org.testng.TestNG.runSuites(TestNG.java:1049) ~[testng-6.14.3.jar:?]
	at org.testng.TestNG.run(TestNG.java:1017) ~[testng-6.14.3.jar:?]
	at org.apache.maven.surefire.testng.TestNGExecutor.run(TestNGExecutor.java:308) ~[surefire-testng-3.3.0.jar:3.3.0]
	at org.apache.maven.surefire.testng.TestNGXmlTestSuite.execute(TestNGXmlTestSuite.java:71) ~[surefire-testng-3.3.0.jar:3.3.0]
	at org.apache.maven.surefire.testng.TestNGProvider.invoke(TestNGProvider.java:113) ~[surefire-testng-3.3.0.jar:3.3.0]
	at org.apache.maven.surefire.booter.ForkedBooter.runSuitesInProcess(ForkedBooter.java:385) ~[surefire-booter-3.3.0.jar:3.3.0]
	at org.apache.maven.surefire.booter.ForkedBooter.execute(ForkedBooter.java:162) ~[surefire-booter-3.3.0.jar:3.3.0]
	at org.apache.maven.surefire.booter.ForkedBooter.run(ForkedBooter.java:507) ~[surefire-booter-3.3.0.jar:3.3.0]
	at org.apache.maven.surefire.booter.ForkedBooter.main(ForkedBooter.java:495) ~[surefire-booter-3.3.0.jar:3.3.0]
17:05:53.160 [main] ERROR org.apache.poi.openxml4j.opc.PackageRelationshipCollection - Cannot convert mailto:ALPA@#$%^245234534 in a valid relationship URI-> dummy-URI used
java.net.URISyntaxException: Malformed escape pair at index 14: mailto:ALPA@#$%^245234534
	at java.net.URI$Parser.fail(URI.java:2995) ~[?:?]
	at java.net.URI$Parser.scanEscape(URI.java:3123) ~[?:?]
	at java.net.URI$Parser.scan(URI.java:3146) ~[?:?]
	at java.net.URI$Parser.checkChars(URI.java:3164) ~[?:?]
	at java.net.URI$Parser.parse(URI.java:3210) ~[?:?]
	at java.net.URI.<init>(URI.java:645) ~[?:?]
	at org.apache.poi.openxml4j.opc.PackagingURIHelper.toURI(PackagingURIHelper.java:723) ~[poi-ooxml-5.2.2.jar:5.2.2]
	at org.apache.poi.openxml4j.opc.PackageRelationshipCollection.parseRelationshipsPart(PackageRelationshipCollection.java:358) ~[poi-ooxml-5.2.2.jar:5.2.2]
	at org.apache.poi.openxml4j.opc.PackageRelationshipCollection.<init>(PackageRelationshipCollection.java:160) ~[poi-ooxml-5.2.2.jar:5.2.2]
	at org.apache.poi.openxml4j.opc.PackageRelationshipCollection.<init>(PackageRelationshipCollection.java:130) ~[poi-ooxml-5.2.2.jar:5.2.2]
	at org.apache.poi.openxml4j.opc.PackagePart.loadRelationships(PackagePart.java:565) ~[poi-ooxml-5.2.2.jar:5.2.2]
	at org.apache.poi.openxml4j.opc.OPCPackage.getParts(OPCPackage.java:745) ~[poi-ooxml-5.2.2.jar:5.2.2]
	at org.apache.poi.openxml4j.opc.OPCPackage.open(OPCPackage.java:315) ~[poi-ooxml-5.2.2.jar:5.2.2]
	at org.apache.poi.ooxml.util.PackageHelper.open(PackageHelper.java:59) ~[poi-ooxml-5.2.2.jar:5.2.2]
	at org.apache.poi.xssf.usermodel.XSSFWorkbook.<init>(XSSFWorkbook.java:289) ~[poi-ooxml-5.2.2.jar:5.2.2]
	at org.apache.poi.xssf.usermodel.XSSFWorkbook.<init>(XSSFWorkbook.java:285) ~[poi-ooxml-5.2.2.jar:5.2.2]
	at com.MOFutility.API_Excelutilities.readServiceIdFromExcel(API_Excelutilities.java:20) ~[test-classes/:?]
	at com.MOF.constants.API_URL.<clinit>(API_URL.java:205) ~[test-classes/:?]
	at com.MOFapi.MOFapi.Fetchvalid_SingleService_ValidServiceid(MOFapi.java:4891) ~[test-classes/:?]
	at jdk.internal.reflect.DirectMethodHandleAccessor.invoke(DirectMethodHandleAccessor.java:103) ~[?:?]
	at java.lang.reflect.Method.invoke(Method.java:580) ~[?:?]
	at org.testng.internal.MethodInvocationHelper.invokeMethod(MethodInvocationHelper.java:124) ~[testng-6.14.3.jar:?]
	at org.testng.internal.Invoker.invokeMethod(Invoker.java:583) ~[testng-6.14.3.jar:?]
	at org.testng.internal.Invoker.invokeTestMethod(Invoker.java:719) ~[testng-6.14.3.jar:?]
	at org.testng.internal.Invoker.invokeTestMethods(Invoker.java:989) ~[testng-6.14.3.jar:?]
	at org.testng.internal.TestMethodWorker.invokeTestMethods(TestMethodWorker.java:125) ~[testng-6.14.3.jar:?]
	at org.testng.internal.TestMethodWorker.run(TestMethodWorker.java:109) ~[testng-6.14.3.jar:?]
	at org.testng.TestRunner.privateRun(TestRunner.java:648) ~[testng-6.14.3.jar:?]
	at org.testng.TestRunner.run(TestRunner.java:505) ~[testng-6.14.3.jar:?]
	at org.testng.SuiteRunner.runTest(SuiteRunner.java:455) ~[testng-6.14.3.jar:?]
	at org.testng.SuiteRunner.runSequentially(SuiteRunner.java:450) ~[testng-6.14.3.jar:?]
	at org.testng.SuiteRunner.privateRun(SuiteRunner.java:415) ~[testng-6.14.3.jar:?]
	at org.testng.SuiteRunner.run(SuiteRunner.java:364) ~[testng-6.14.3.jar:?]
	at org.testng.SuiteRunnerWorker.runSuite(SuiteRunnerWorker.java:52) ~[testng-6.14.3.jar:?]
	at org.testng.SuiteRunnerWorker.run(SuiteRunnerWorker.java:84) ~[testng-6.14.3.jar:?]
	at org.testng.TestNG.runSuitesSequentially(TestNG.java:1208) ~[testng-6.14.3.jar:?]
	at org.testng.TestNG.runSuitesLocally(TestNG.java:1137) ~[testng-6.14.3.jar:?]
	at org.testng.TestNG.runSuites(TestNG.java:1049) ~[testng-6.14.3.jar:?]
	at org.testng.TestNG.run(TestNG.java:1017) ~[testng-6.14.3.jar:?]
	at org.apache.maven.surefire.testng.TestNGExecutor.run(TestNGExecutor.java:308) ~[surefire-testng-3.3.0.jar:3.3.0]
	at org.apache.maven.surefire.testng.TestNGXmlTestSuite.execute(TestNGXmlTestSuite.java:71) ~[surefire-testng-3.3.0.jar:3.3.0]
	at org.apache.maven.surefire.testng.TestNGProvider.invoke(TestNGProvider.java:113) ~[surefire-testng-3.3.0.jar:3.3.0]
	at org.apache.maven.surefire.booter.ForkedBooter.runSuitesInProcess(ForkedBooter.java:385) ~[surefire-booter-3.3.0.jar:3.3.0]
	at org.apache.maven.surefire.booter.ForkedBooter.execute(ForkedBooter.java:162) ~[surefire-booter-3.3.0.jar:3.3.0]
	at org.apache.maven.surefire.booter.ForkedBooter.run(ForkedBooter.java:507) ~[surefire-booter-3.3.0.jar:3.3.0]
	at org.apache.maven.surefire.booter.ForkedBooter.main(ForkedBooter.java:495) ~[surefire-booter-3.3.0.jar:3.3.0]
17:05:53.161 [main] ERROR org.apache.poi.openxml4j.opc.PackageRelationshipCollection - Cannot convert mailto:ALPHAAAAAA@@@@@!@##$$$%12344 in a valid relationship URI-> dummy-URI used
java.net.URISyntaxException: Illegal character in fragment at index 25: mailto:ALPHAAAAAA@@@@@!@##$$$%12344
	at java.net.URI$Parser.fail(URI.java:2995) ~[?:?]
	at java.net.URI$Parser.checkChars(URI.java:3166) ~[?:?]
	at java.net.URI$Parser.parse(URI.java:3210) ~[?:?]
	at java.net.URI.<init>(URI.java:645) ~[?:?]
	at org.apache.poi.openxml4j.opc.PackagingURIHelper.toURI(PackagingURIHelper.java:723) ~[poi-ooxml-5.2.2.jar:5.2.2]
	at org.apache.poi.openxml4j.opc.PackageRelationshipCollection.parseRelationshipsPart(PackageRelationshipCollection.java:358) ~[poi-ooxml-5.2.2.jar:5.2.2]
	at org.apache.poi.openxml4j.opc.PackageRelationshipCollection.<init>(PackageRelationshipCollection.java:160) ~[poi-ooxml-5.2.2.jar:5.2.2]
	at org.apache.poi.openxml4j.opc.PackageRelationshipCollection.<init>(PackageRelationshipCollection.java:130) ~[poi-ooxml-5.2.2.jar:5.2.2]
	at org.apache.poi.openxml4j.opc.PackagePart.loadRelationships(PackagePart.java:565) ~[poi-ooxml-5.2.2.jar:5.2.2]
	at org.apache.poi.openxml4j.opc.OPCPackage.getParts(OPCPackage.java:745) ~[poi-ooxml-5.2.2.jar:5.2.2]
	at org.apache.poi.openxml4j.opc.OPCPackage.open(OPCPackage.java:315) ~[poi-ooxml-5.2.2.jar:5.2.2]
	at org.apache.poi.ooxml.util.PackageHelper.open(PackageHelper.java:59) ~[poi-ooxml-5.2.2.jar:5.2.2]
	at org.apache.poi.xssf.usermodel.XSSFWorkbook.<init>(XSSFWorkbook.java:289) ~[poi-ooxml-5.2.2.jar:5.2.2]
	at org.apache.poi.xssf.usermodel.XSSFWorkbook.<init>(XSSFWorkbook.java:285) ~[poi-ooxml-5.2.2.jar:5.2.2]
	at com.MOFutility.API_Excelutilities.readServiceIdFromExcel(API_Excelutilities.java:20) ~[test-classes/:?]
	at com.MOF.constants.API_URL.<clinit>(API_URL.java:205) ~[test-classes/:?]
	at com.MOFapi.MOFapi.Fetchvalid_SingleService_ValidServiceid(MOFapi.java:4891) ~[test-classes/:?]
	at jdk.internal.reflect.DirectMethodHandleAccessor.invoke(DirectMethodHandleAccessor.java:103) ~[?:?]
	at java.lang.reflect.Method.invoke(Method.java:580) ~[?:?]
	at org.testng.internal.MethodInvocationHelper.invokeMethod(MethodInvocationHelper.java:124) ~[testng-6.14.3.jar:?]
	at org.testng.internal.Invoker.invokeMethod(Invoker.java:583) ~[testng-6.14.3.jar:?]
	at org.testng.internal.Invoker.invokeTestMethod(Invoker.java:719) ~[testng-6.14.3.jar:?]
	at org.testng.internal.Invoker.invokeTestMethods(Invoker.java:989) ~[testng-6.14.3.jar:?]
	at org.testng.internal.TestMethodWorker.invokeTestMethods(TestMethodWorker.java:125) ~[testng-6.14.3.jar:?]
	at org.testng.internal.TestMethodWorker.run(TestMethodWorker.java:109) ~[testng-6.14.3.jar:?]
	at org.testng.TestRunner.privateRun(TestRunner.java:648) ~[testng-6.14.3.jar:?]
	at org.testng.TestRunner.run(TestRunner.java:505) ~[testng-6.14.3.jar:?]
	at org.testng.SuiteRunner.runTest(SuiteRunner.java:455) ~[testng-6.14.3.jar:?]
	at org.testng.SuiteRunner.runSequentially(SuiteRunner.java:450) ~[testng-6.14.3.jar:?]
	at org.testng.SuiteRunner.privateRun(SuiteRunner.java:415) ~[testng-6.14.3.jar:?]
	at org.testng.SuiteRunner.run(SuiteRunner.java:364) ~[testng-6.14.3.jar:?]
	at org.testng.SuiteRunnerWorker.runSuite(SuiteRunnerWorker.java:52) ~[testng-6.14.3.jar:?]
	at org.testng.SuiteRunnerWorker.run(SuiteRunnerWorker.java:84) ~[testng-6.14.3.jar:?]
	at org.testng.TestNG.runSuitesSequentially(TestNG.java:1208) ~[testng-6.14.3.jar:?]
	at org.testng.TestNG.runSuitesLocally(TestNG.java:1137) ~[testng-6.14.3.jar:?]
	at org.testng.TestNG.runSuites(TestNG.java:1049) ~[testng-6.14.3.jar:?]
	at org.testng.TestNG.run(TestNG.java:1017) ~[testng-6.14.3.jar:?]
	at org.apache.maven.surefire.testng.TestNGExecutor.run(TestNGExecutor.java:308) ~[surefire-testng-3.3.0.jar:3.3.0]
	at org.apache.maven.surefire.testng.TestNGXmlTestSuite.execute(TestNGXmlTestSuite.java:71) ~[surefire-testng-3.3.0.jar:3.3.0]
	at org.apache.maven.surefire.testng.TestNGProvider.invoke(TestNGProvider.java:113) ~[surefire-testng-3.3.0.jar:3.3.0]
	at org.apache.maven.surefire.booter.ForkedBooter.runSuitesInProcess(ForkedBooter.java:385) ~[surefire-booter-3.3.0.jar:3.3.0]
	at org.apache.maven.surefire.booter.ForkedBooter.execute(ForkedBooter.java:162) ~[surefire-booter-3.3.0.jar:3.3.0]
	at org.apache.maven.surefire.booter.ForkedBooter.run(ForkedBooter.java:507) ~[surefire-booter-3.3.0.jar:3.3.0]
	at org.apache.maven.surefire.booter.ForkedBooter.main(ForkedBooter.java:495) ~[surefire-booter-3.3.0.jar:3.3.0]
17:05:53.162 [main] ERROR org.apache.poi.openxml4j.opc.PackageRelationshipCollection - Cannot convert mailto:2343456378912@#&^*gvadhfbjnf in a valid relationship URI-> dummy-URI used
java.net.URISyntaxException: Illegal character in fragment at index 23: mailto:2343456378912@#&^*gvadhfbjnf
	at java.net.URI$Parser.fail(URI.java:2995) ~[?:?]
	at java.net.URI$Parser.checkChars(URI.java:3166) ~[?:?]
	at java.net.URI$Parser.parse(URI.java:3210) ~[?:?]
	at java.net.URI.<init>(URI.java:645) ~[?:?]
	at org.apache.poi.openxml4j.opc.PackagingURIHelper.toURI(PackagingURIHelper.java:723) ~[poi-ooxml-5.2.2.jar:5.2.2]
	at org.apache.poi.openxml4j.opc.PackageRelationshipCollection.parseRelationshipsPart(PackageRelationshipCollection.java:358) ~[poi-ooxml-5.2.2.jar:5.2.2]
	at org.apache.poi.openxml4j.opc.PackageRelationshipCollection.<init>(PackageRelationshipCollection.java:160) ~[poi-ooxml-5.2.2.jar:5.2.2]
	at org.apache.poi.openxml4j.opc.PackageRelationshipCollection.<init>(PackageRelationshipCollection.java:130) ~[poi-ooxml-5.2.2.jar:5.2.2]
	at org.apache.poi.openxml4j.opc.PackagePart.loadRelationships(PackagePart.java:565) ~[poi-ooxml-5.2.2.jar:5.2.2]
	at org.apache.poi.openxml4j.opc.OPCPackage.getParts(OPCPackage.java:745) ~[poi-ooxml-5.2.2.jar:5.2.2]
	at org.apache.poi.openxml4j.opc.OPCPackage.open(OPCPackage.java:315) ~[poi-ooxml-5.2.2.jar:5.2.2]
	at org.apache.poi.ooxml.util.PackageHelper.open(PackageHelper.java:59) ~[poi-ooxml-5.2.2.jar:5.2.2]
	at org.apache.poi.xssf.usermodel.XSSFWorkbook.<init>(XSSFWorkbook.java:289) ~[poi-ooxml-5.2.2.jar:5.2.2]
	at org.apache.poi.xssf.usermodel.XSSFWorkbook.<init>(XSSFWorkbook.java:285) ~[poi-ooxml-5.2.2.jar:5.2.2]
	at com.MOFutility.API_Excelutilities.readServiceIdFromExcel(API_Excelutilities.java:20) ~[test-classes/:?]
	at com.MOF.constants.API_URL.<clinit>(API_URL.java:205) ~[test-classes/:?]
	at com.MOFapi.MOFapi.Fetchvalid_SingleService_ValidServiceid(MOFapi.java:4891) ~[test-classes/:?]
	at jdk.internal.reflect.DirectMethodHandleAccessor.invoke(DirectMethodHandleAccessor.java:103) ~[?:?]
	at java.lang.reflect.Method.invoke(Method.java:580) ~[?:?]
	at org.testng.internal.MethodInvocationHelper.invokeMethod(MethodInvocationHelper.java:124) ~[testng-6.14.3.jar:?]
	at org.testng.internal.Invoker.invokeMethod(Invoker.java:583) ~[testng-6.14.3.jar:?]
	at org.testng.internal.Invoker.invokeTestMethod(Invoker.java:719) ~[testng-6.14.3.jar:?]
	at org.testng.internal.Invoker.invokeTestMethods(Invoker.java:989) ~[testng-6.14.3.jar:?]
	at org.testng.internal.TestMethodWorker.invokeTestMethods(TestMethodWorker.java:125) ~[testng-6.14.3.jar:?]
	at org.testng.internal.TestMethodWorker.run(TestMethodWorker.java:109) ~[testng-6.14.3.jar:?]
	at org.testng.TestRunner.privateRun(TestRunner.java:648) ~[testng-6.14.3.jar:?]
	at org.testng.TestRunner.run(TestRunner.java:505) ~[testng-6.14.3.jar:?]
	at org.testng.SuiteRunner.runTest(SuiteRunner.java:455) ~[testng-6.14.3.jar:?]
	at org.testng.SuiteRunner.runSequentially(SuiteRunner.java:450) ~[testng-6.14.3.jar:?]
	at org.testng.SuiteRunner.privateRun(SuiteRunner.java:415) ~[testng-6.14.3.jar:?]
	at org.testng.SuiteRunner.run(SuiteRunner.java:364) ~[testng-6.14.3.jar:?]
	at org.testng.SuiteRunnerWorker.runSuite(SuiteRunnerWorker.java:52) ~[testng-6.14.3.jar:?]
	at org.testng.SuiteRunnerWorker.run(SuiteRunnerWorker.java:84) ~[testng-6.14.3.jar:?]
	at org.testng.TestNG.runSuitesSequentially(TestNG.java:1208) ~[testng-6.14.3.jar:?]
	at org.testng.TestNG.runSuitesLocally(TestNG.java:1137) ~[testng-6.14.3.jar:?]
	at org.testng.TestNG.runSuites(TestNG.java:1049) ~[testng-6.14.3.jar:?]
	at org.testng.TestNG.run(TestNG.java:1017) ~[testng-6.14.3.jar:?]
	at org.apache.maven.surefire.testng.TestNGExecutor.run(TestNGExecutor.java:308) ~[surefire-testng-3.3.0.jar:3.3.0]
	at org.apache.maven.surefire.testng.TestNGXmlTestSuite.execute(TestNGXmlTestSuite.java:71) ~[surefire-testng-3.3.0.jar:3.3.0]
	at org.apache.maven.surefire.testng.TestNGProvider.invoke(TestNGProvider.java:113) ~[surefire-testng-3.3.0.jar:3.3.0]
	at org.apache.maven.surefire.booter.ForkedBooter.runSuitesInProcess(ForkedBooter.java:385) ~[surefire-booter-3.3.0.jar:3.3.0]
	at org.apache.maven.surefire.booter.ForkedBooter.execute(ForkedBooter.java:162) ~[surefire-booter-3.3.0.jar:3.3.0]
	at org.apache.maven.surefire.booter.ForkedBooter.run(ForkedBooter.java:507) ~[surefire-booter-3.3.0.jar:3.3.0]
	at org.apache.maven.surefire.booter.ForkedBooter.main(ForkedBooter.java:495) ~[surefire-booter-3.3.0.jar:3.3.0]
17:05:53.197 [main] ERROR org.apache.poi.openxml4j.opc.PackageRelationshipCollection - Cannot convert mailto:ALPA@#$%^245234534 in a valid relationship URI-> dummy-URI used
java.net.URISyntaxException: Malformed escape pair at index 14: mailto:ALPA@#$%^245234534
	at java.net.URI$Parser.fail(URI.java:2995) ~[?:?]
	at java.net.URI$Parser.scanEscape(URI.java:3123) ~[?:?]
	at java.net.URI$Parser.scan(URI.java:3146) ~[?:?]
	at java.net.URI$Parser.checkChars(URI.java:3164) ~[?:?]
	at java.net.URI$Parser.parse(URI.java:3210) ~[?:?]
	at java.net.URI.<init>(URI.java:645) ~[?:?]
	at org.apache.poi.openxml4j.opc.PackagingURIHelper.toURI(PackagingURIHelper.java:723) ~[poi-ooxml-5.2.2.jar:5.2.2]
	at org.apache.poi.openxml4j.opc.PackageRelationshipCollection.parseRelationshipsPart(PackageRelationshipCollection.java:358) ~[poi-ooxml-5.2.2.jar:5.2.2]
	at org.apache.poi.openxml4j.opc.PackageRelationshipCollection.<init>(PackageRelationshipCollection.java:160) ~[poi-ooxml-5.2.2.jar:5.2.2]
	at org.apache.poi.openxml4j.opc.PackageRelationshipCollection.<init>(PackageRelationshipCollection.java:130) ~[poi-ooxml-5.2.2.jar:5.2.2]
	at org.apache.poi.openxml4j.opc.PackagePart.loadRelationships(PackagePart.java:565) ~[poi-ooxml-5.2.2.jar:5.2.2]
	at org.apache.poi.openxml4j.opc.OPCPackage.getParts(OPCPackage.java:745) ~[poi-ooxml-5.2.2.jar:5.2.2]
	at org.apache.poi.openxml4j.opc.OPCPackage.open(OPCPackage.java:315) ~[poi-ooxml-5.2.2.jar:5.2.2]
	at org.apache.poi.ooxml.util.PackageHelper.open(PackageHelper.java:59) ~[poi-ooxml-5.2.2.jar:5.2.2]
	at org.apache.poi.xssf.usermodel.XSSFWorkbook.<init>(XSSFWorkbook.java:289) ~[poi-ooxml-5.2.2.jar:5.2.2]
	at org.apache.poi.xssf.usermodel.XSSFWorkbook.<init>(XSSFWorkbook.java:285) ~[poi-ooxml-5.2.2.jar:5.2.2]
	at com.MOFutility.API_Excelutilities.readServiceIdFromExcel(API_Excelutilities.java:20) ~[test-classes/:?]
	at com.MOF.constants.API_URL.<clinit>(API_URL.java:206) ~[test-classes/:?]
	at com.MOFapi.MOFapi.Fetchvalid_SingleService_ValidServiceid(MOFapi.java:4891) ~[test-classes/:?]
	at jdk.internal.reflect.DirectMethodHandleAccessor.invoke(DirectMethodHandleAccessor.java:103) ~[?:?]
	at java.lang.reflect.Method.invoke(Method.java:580) ~[?:?]
	at org.testng.internal.MethodInvocationHelper.invokeMethod(MethodInvocationHelper.java:124) ~[testng-6.14.3.jar:?]
	at org.testng.internal.Invoker.invokeMethod(Invoker.java:583) ~[testng-6.14.3.jar:?]
	at org.testng.internal.Invoker.invokeTestMethod(Invoker.java:719) ~[testng-6.14.3.jar:?]
	at org.testng.internal.Invoker.invokeTestMethods(Invoker.java:989) ~[testng-6.14.3.jar:?]
	at org.testng.internal.TestMethodWorker.invokeTestMethods(TestMethodWorker.java:125) ~[testng-6.14.3.jar:?]
	at org.testng.internal.TestMethodWorker.run(TestMethodWorker.java:109) ~[testng-6.14.3.jar:?]
	at org.testng.TestRunner.privateRun(TestRunner.java:648) ~[testng-6.14.3.jar:?]
	at org.testng.TestRunner.run(TestRunner.java:505) ~[testng-6.14.3.jar:?]
	at org.testng.SuiteRunner.runTest(SuiteRunner.java:455) ~[testng-6.14.3.jar:?]
	at org.testng.SuiteRunner.runSequentially(SuiteRunner.java:450) ~[testng-6.14.3.jar:?]
	at org.testng.SuiteRunner.privateRun(SuiteRunner.java:415) ~[testng-6.14.3.jar:?]
	at org.testng.SuiteRunner.run(SuiteRunner.java:364) ~[testng-6.14.3.jar:?]
	at org.testng.SuiteRunnerWorker.runSuite(SuiteRunnerWorker.java:52) ~[testng-6.14.3.jar:?]
	at org.testng.SuiteRunnerWorker.run(SuiteRunnerWorker.java:84) ~[testng-6.14.3.jar:?]
	at org.testng.TestNG.runSuitesSequentially(TestNG.java:1208) ~[testng-6.14.3.jar:?]
	at org.testng.TestNG.runSuitesLocally(TestNG.java:1137) ~[testng-6.14.3.jar:?]
	at org.testng.TestNG.runSuites(TestNG.java:1049) ~[testng-6.14.3.jar:?]
	at org.testng.TestNG.run(TestNG.java:1017) ~[testng-6.14.3.jar:?]
	at org.apache.maven.surefire.testng.TestNGExecutor.run(TestNGExecutor.java:308) ~[surefire-testng-3.3.0.jar:3.3.0]
	at org.apache.maven.surefire.testng.TestNGXmlTestSuite.execute(TestNGXmlTestSuite.java:71) ~[surefire-testng-3.3.0.jar:3.3.0]
	at org.apache.maven.surefire.testng.TestNGProvider.invoke(TestNGProvider.java:113) ~[surefire-testng-3.3.0.jar:3.3.0]
	at org.apache.maven.surefire.booter.ForkedBooter.runSuitesInProcess(ForkedBooter.java:385) ~[surefire-booter-3.3.0.jar:3.3.0]
	at org.apache.maven.surefire.booter.ForkedBooter.execute(ForkedBooter.java:162) ~[surefire-booter-3.3.0.jar:3.3.0]
	at org.apache.maven.surefire.booter.ForkedBooter.run(ForkedBooter.java:507) ~[surefire-booter-3.3.0.jar:3.3.0]
	at org.apache.maven.surefire.booter.ForkedBooter.main(ForkedBooter.java:495) ~[surefire-booter-3.3.0.jar:3.3.0]
17:05:53.199 [main] ERROR org.apache.poi.openxml4j.opc.PackageRelationshipCollection - Cannot convert mailto:ALPHAAAAAA@@@@@!@##$$$%12344 in a valid relationship URI-> dummy-URI used
java.net.URISyntaxException: Illegal character in fragment at index 25: mailto:ALPHAAAAAA@@@@@!@##$$$%12344
	at java.net.URI$Parser.fail(URI.java:2995) ~[?:?]
	at java.net.URI$Parser.checkChars(URI.java:3166) ~[?:?]
	at java.net.URI$Parser.parse(URI.java:3210) ~[?:?]
	at java.net.URI.<init>(URI.java:645) ~[?:?]
	at org.apache.poi.openxml4j.opc.PackagingURIHelper.toURI(PackagingURIHelper.java:723) ~[poi-ooxml-5.2.2.jar:5.2.2]
	at org.apache.poi.openxml4j.opc.PackageRelationshipCollection.parseRelationshipsPart(PackageRelationshipCollection.java:358) ~[poi-ooxml-5.2.2.jar:5.2.2]
	at org.apache.poi.openxml4j.opc.PackageRelationshipCollection.<init>(PackageRelationshipCollection.java:160) ~[poi-ooxml-5.2.2.jar:5.2.2]
	at org.apache.poi.openxml4j.opc.PackageRelationshipCollection.<init>(PackageRelationshipCollection.java:130) ~[poi-ooxml-5.2.2.jar:5.2.2]
	at org.apache.poi.openxml4j.opc.PackagePart.loadRelationships(PackagePart.java:565) ~[poi-ooxml-5.2.2.jar:5.2.2]
	at org.apache.poi.openxml4j.opc.OPCPackage.getParts(OPCPackage.java:745) ~[poi-ooxml-5.2.2.jar:5.2.2]
	at org.apache.poi.openxml4j.opc.OPCPackage.open(OPCPackage.java:315) ~[poi-ooxml-5.2.2.jar:5.2.2]
	at org.apache.poi.ooxml.util.PackageHelper.open(PackageHelper.java:59) ~[poi-ooxml-5.2.2.jar:5.2.2]
	at org.apache.poi.xssf.usermodel.XSSFWorkbook.<init>(XSSFWorkbook.java:289) ~[poi-ooxml-5.2.2.jar:5.2.2]
	at org.apache.poi.xssf.usermodel.XSSFWorkbook.<init>(XSSFWorkbook.java:285) ~[poi-ooxml-5.2.2.jar:5.2.2]
	at com.MOFutility.API_Excelutilities.readServiceIdFromExcel(API_Excelutilities.java:20) ~[test-classes/:?]
	at com.MOF.constants.API_URL.<clinit>(API_URL.java:206) ~[test-classes/:?]
	at com.MOFapi.MOFapi.Fetchvalid_SingleService_ValidServiceid(MOFapi.java:4891) ~[test-classes/:?]
	at jdk.internal.reflect.DirectMethodHandleAccessor.invoke(DirectMethodHandleAccessor.java:103) ~[?:?]
	at java.lang.reflect.Method.invoke(Method.java:580) ~[?:?]
	at org.testng.internal.MethodInvocationHelper.invokeMethod(MethodInvocationHelper.java:124) ~[testng-6.14.3.jar:?]
	at org.testng.internal.Invoker.invokeMethod(Invoker.java:583) ~[testng-6.14.3.jar:?]
	at org.testng.internal.Invoker.invokeTestMethod(Invoker.java:719) ~[testng-6.14.3.jar:?]
	at org.testng.internal.Invoker.invokeTestMethods(Invoker.java:989) ~[testng-6.14.3.jar:?]
	at org.testng.internal.TestMethodWorker.invokeTestMethods(TestMethodWorker.java:125) ~[testng-6.14.3.jar:?]
	at org.testng.internal.TestMethodWorker.run(TestMethodWorker.java:109) ~[testng-6.14.3.jar:?]
	at org.testng.TestRunner.privateRun(TestRunner.java:648) ~[testng-6.14.3.jar:?]
	at org.testng.TestRunner.run(TestRunner.java:505) ~[testng-6.14.3.jar:?]
	at org.testng.SuiteRunner.runTest(SuiteRunner.java:455) ~[testng-6.14.3.jar:?]
	at org.testng.SuiteRunner.runSequentially(SuiteRunner.java:450) ~[testng-6.14.3.jar:?]
	at org.testng.SuiteRunner.privateRun(SuiteRunner.java:415) ~[testng-6.14.3.jar:?]
	at org.testng.SuiteRunner.run(SuiteRunner.java:364) ~[testng-6.14.3.jar:?]
	at org.testng.SuiteRunnerWorker.runSuite(SuiteRunnerWorker.java:52) ~[testng-6.14.3.jar:?]
	at org.testng.SuiteRunnerWorker.run(SuiteRunnerWorker.java:84) ~[testng-6.14.3.jar:?]
	at org.testng.TestNG.runSuitesSequentially(TestNG.java:1208) ~[testng-6.14.3.jar:?]
	at org.testng.TestNG.runSuitesLocally(TestNG.java:1137) ~[testng-6.14.3.jar:?]
	at org.testng.TestNG.runSuites(TestNG.java:1049) ~[testng-6.14.3.jar:?]
	at org.testng.TestNG.run(TestNG.java:1017) ~[testng-6.14.3.jar:?]
	at org.apache.maven.surefire.testng.TestNGExecutor.run(TestNGExecutor.java:308) ~[surefire-testng-3.3.0.jar:3.3.0]
	at org.apache.maven.surefire.testng.TestNGXmlTestSuite.execute(TestNGXmlTestSuite.java:71) ~[surefire-testng-3.3.0.jar:3.3.0]
	at org.apache.maven.surefire.testng.TestNGProvider.invoke(TestNGProvider.java:113) ~[surefire-testng-3.3.0.jar:3.3.0]
	at org.apache.maven.surefire.booter.ForkedBooter.runSuitesInProcess(ForkedBooter.java:385) ~[surefire-booter-3.3.0.jar:3.3.0]
	at org.apache.maven.surefire.booter.ForkedBooter.execute(ForkedBooter.java:162) ~[surefire-booter-3.3.0.jar:3.3.0]
	at org.apache.maven.surefire.booter.ForkedBooter.run(ForkedBooter.java:507) ~[surefire-booter-3.3.0.jar:3.3.0]
	at org.apache.maven.surefire.booter.ForkedBooter.main(ForkedBooter.java:495) ~[surefire-booter-3.3.0.jar:3.3.0]
17:05:53.203 [main] ERROR org.apache.poi.openxml4j.opc.PackageRelationshipCollection - Cannot convert mailto:2343456378912@#&^*gvadhfbjnf in a valid relationship URI-> dummy-URI used
java.net.URISyntaxException: Illegal character in fragment at index 23: mailto:2343456378912@#&^*gvadhfbjnf
	at java.net.URI$Parser.fail(URI.java:2995) ~[?:?]
	at java.net.URI$Parser.checkChars(URI.java:3166) ~[?:?]
	at java.net.URI$Parser.parse(URI.java:3210) ~[?:?]
	at java.net.URI.<init>(URI.java:645) ~[?:?]
	at org.apache.poi.openxml4j.opc.PackagingURIHelper.toURI(PackagingURIHelper.java:723) ~[poi-ooxml-5.2.2.jar:5.2.2]
	at org.apache.poi.openxml4j.opc.PackageRelationshipCollection.parseRelationshipsPart(PackageRelationshipCollection.java:358) ~[poi-ooxml-5.2.2.jar:5.2.2]
	at org.apache.poi.openxml4j.opc.PackageRelationshipCollection.<init>(PackageRelationshipCollection.java:160) ~[poi-ooxml-5.2.2.jar:5.2.2]
	at org.apache.poi.openxml4j.opc.PackageRelationshipCollection.<init>(PackageRelationshipCollection.java:130) ~[poi-ooxml-5.2.2.jar:5.2.2]
	at org.apache.poi.openxml4j.opc.PackagePart.loadRelationships(PackagePart.java:565) ~[poi-ooxml-5.2.2.jar:5.2.2]
	at org.apache.poi.openxml4j.opc.OPCPackage.getParts(OPCPackage.java:745) ~[poi-ooxml-5.2.2.jar:5.2.2]
	at org.apache.poi.openxml4j.opc.OPCPackage.open(OPCPackage.java:315) ~[poi-ooxml-5.2.2.jar:5.2.2]
	at org.apache.poi.ooxml.util.PackageHelper.open(PackageHelper.java:59) ~[poi-ooxml-5.2.2.jar:5.2.2]
	at org.apache.poi.xssf.usermodel.XSSFWorkbook.<init>(XSSFWorkbook.java:289) ~[poi-ooxml-5.2.2.jar:5.2.2]
	at org.apache.poi.xssf.usermodel.XSSFWorkbook.<init>(XSSFWorkbook.java:285) ~[poi-ooxml-5.2.2.jar:5.2.2]
	at com.MOFutility.API_Excelutilities.readServiceIdFromExcel(API_Excelutilities.java:20) ~[test-classes/:?]
	at com.MOF.constants.API_URL.<clinit>(API_URL.java:206) ~[test-classes/:?]
	at com.MOFapi.MOFapi.Fetchvalid_SingleService_ValidServiceid(MOFapi.java:4891) ~[test-classes/:?]
	at jdk.internal.reflect.DirectMethodHandleAccessor.invoke(DirectMethodHandleAccessor.java:103) ~[?:?]
	at java.lang.reflect.Method.invoke(Method.java:580) ~[?:?]
	at org.testng.internal.MethodInvocationHelper.invokeMethod(MethodInvocationHelper.java:124) ~[testng-6.14.3.jar:?]
	at org.testng.internal.Invoker.invokeMethod(Invoker.java:583) ~[testng-6.14.3.jar:?]
	at org.testng.internal.Invoker.invokeTestMethod(Invoker.java:719) ~[testng-6.14.3.jar:?]
	at org.testng.internal.Invoker.invokeTestMethods(Invoker.java:989) ~[testng-6.14.3.jar:?]
	at org.testng.internal.TestMethodWorker.invokeTestMethods(TestMethodWorker.java:125) ~[testng-6.14.3.jar:?]
	at org.testng.internal.TestMethodWorker.run(TestMethodWorker.java:109) ~[testng-6.14.3.jar:?]
	at org.testng.TestRunner.privateRun(TestRunner.java:648) ~[testng-6.14.3.jar:?]
	at org.testng.TestRunner.run(TestRunner.java:505) ~[testng-6.14.3.jar:?]
	at org.testng.SuiteRunner.runTest(SuiteRunner.java:455) ~[testng-6.14.3.jar:?]
	at org.testng.SuiteRunner.runSequentially(SuiteRunner.java:450) ~[testng-6.14.3.jar:?]
	at org.testng.SuiteRunner.privateRun(SuiteRunner.java:415) ~[testng-6.14.3.jar:?]
	at org.testng.SuiteRunner.run(SuiteRunner.java:364) ~[testng-6.14.3.jar:?]
	at org.testng.SuiteRunnerWorker.runSuite(SuiteRunnerWorker.java:52) ~[testng-6.14.3.jar:?]
	at org.testng.SuiteRunnerWorker.run(SuiteRunnerWorker.java:84) ~[testng-6.14.3.jar:?]
	at org.testng.TestNG.runSuitesSequentially(TestNG.java:1208) ~[testng-6.14.3.jar:?]
	at org.testng.TestNG.runSuitesLocally(TestNG.java:1137) ~[testng-6.14.3.jar:?]
	at org.testng.TestNG.runSuites(TestNG.java:1049) ~[testng-6.14.3.jar:?]
	at org.testng.TestNG.run(TestNG.java:1017) ~[testng-6.14.3.jar:?]
	at org.apache.maven.surefire.testng.TestNGExecutor.run(TestNGExecutor.java:308) ~[surefire-testng-3.3.0.jar:3.3.0]
	at org.apache.maven.surefire.testng.TestNGXmlTestSuite.execute(TestNGXmlTestSuite.java:71) ~[surefire-testng-3.3.0.jar:3.3.0]
	at org.apache.maven.surefire.testng.TestNGProvider.invoke(TestNGProvider.java:113) ~[surefire-testng-3.3.0.jar:3.3.0]
	at org.apache.maven.surefire.booter.ForkedBooter.runSuitesInProcess(ForkedBooter.java:385) ~[surefire-booter-3.3.0.jar:3.3.0]
	at org.apache.maven.surefire.booter.ForkedBooter.execute(ForkedBooter.java:162) ~[surefire-booter-3.3.0.jar:3.3.0]
	at org.apache.maven.surefire.booter.ForkedBooter.run(ForkedBooter.java:507) ~[surefire-booter-3.3.0.jar:3.3.0]
	at org.apache.maven.surefire.booter.ForkedBooter.main(ForkedBooter.java:495) ~[surefire-booter-3.3.0.jar:3.3.0]
17:05:53.239 [main] ERROR org.apache.poi.openxml4j.opc.PackageRelationshipCollection - Cannot convert mailto:ALPA@#$%^245234534 in a valid relationship URI-> dummy-URI used
java.net.URISyntaxException: Malformed escape pair at index 14: mailto:ALPA@#$%^245234534
	at java.net.URI$Parser.fail(URI.java:2995) ~[?:?]
	at java.net.URI$Parser.scanEscape(URI.java:3123) ~[?:?]
	at java.net.URI$Parser.scan(URI.java:3146) ~[?:?]
	at java.net.URI$Parser.checkChars(URI.java:3164) ~[?:?]
	at java.net.URI$Parser.parse(URI.java:3210) ~[?:?]
	at java.net.URI.<init>(URI.java:645) ~[?:?]
	at org.apache.poi.openxml4j.opc.PackagingURIHelper.toURI(PackagingURIHelper.java:723) ~[poi-ooxml-5.2.2.jar:5.2.2]
	at org.apache.poi.openxml4j.opc.PackageRelationshipCollection.parseRelationshipsPart(PackageRelationshipCollection.java:358) ~[poi-ooxml-5.2.2.jar:5.2.2]
	at org.apache.poi.openxml4j.opc.PackageRelationshipCollection.<init>(PackageRelationshipCollection.java:160) ~[poi-ooxml-5.2.2.jar:5.2.2]
	at org.apache.poi.openxml4j.opc.PackageRelationshipCollection.<init>(PackageRelationshipCollection.java:130) ~[poi-ooxml-5.2.2.jar:5.2.2]
	at org.apache.poi.openxml4j.opc.PackagePart.loadRelationships(PackagePart.java:565) ~[poi-ooxml-5.2.2.jar:5.2.2]
	at org.apache.poi.openxml4j.opc.OPCPackage.getParts(OPCPackage.java:745) ~[poi-ooxml-5.2.2.jar:5.2.2]
	at org.apache.poi.openxml4j.opc.OPCPackage.open(OPCPackage.java:315) ~[poi-ooxml-5.2.2.jar:5.2.2]
	at org.apache.poi.ooxml.util.PackageHelper.open(PackageHelper.java:59) ~[poi-ooxml-5.2.2.jar:5.2.2]
	at org.apache.poi.xssf.usermodel.XSSFWorkbook.<init>(XSSFWorkbook.java:289) ~[poi-ooxml-5.2.2.jar:5.2.2]
	at org.apache.poi.xssf.usermodel.XSSFWorkbook.<init>(XSSFWorkbook.java:285) ~[poi-ooxml-5.2.2.jar:5.2.2]
	at com.MOFutility.API_Excelutilities.readServiceIdFromExcel(API_Excelutilities.java:20) ~[test-classes/:?]
	at com.MOF.constants.API_URL.<clinit>(API_URL.java:207) ~[test-classes/:?]
	at com.MOFapi.MOFapi.Fetchvalid_SingleService_ValidServiceid(MOFapi.java:4891) ~[test-classes/:?]
	at jdk.internal.reflect.DirectMethodHandleAccessor.invoke(DirectMethodHandleAccessor.java:103) ~[?:?]
	at java.lang.reflect.Method.invoke(Method.java:580) ~[?:?]
	at org.testng.internal.MethodInvocationHelper.invokeMethod(MethodInvocationHelper.java:124) ~[testng-6.14.3.jar:?]
	at org.testng.internal.Invoker.invokeMethod(Invoker.java:583) ~[testng-6.14.3.jar:?]
	at org.testng.internal.Invoker.invokeTestMethod(Invoker.java:719) ~[testng-6.14.3.jar:?]
	at org.testng.internal.Invoker.invokeTestMethods(Invoker.java:989) ~[testng-6.14.3.jar:?]
	at org.testng.internal.TestMethodWorker.invokeTestMethods(TestMethodWorker.java:125) ~[testng-6.14.3.jar:?]
	at org.testng.internal.TestMethodWorker.run(TestMethodWorker.java:109) ~[testng-6.14.3.jar:?]
	at org.testng.TestRunner.privateRun(TestRunner.java:648) ~[testng-6.14.3.jar:?]
	at org.testng.TestRunner.run(TestRunner.java:505) ~[testng-6.14.3.jar:?]
	at org.testng.SuiteRunner.runTest(SuiteRunner.java:455) ~[testng-6.14.3.jar:?]
	at org.testng.SuiteRunner.runSequentially(SuiteRunner.java:450) ~[testng-6.14.3.jar:?]
	at org.testng.SuiteRunner.privateRun(SuiteRunner.java:415) ~[testng-6.14.3.jar:?]
	at org.testng.SuiteRunner.run(SuiteRunner.java:364) ~[testng-6.14.3.jar:?]
	at org.testng.SuiteRunnerWorker.runSuite(SuiteRunnerWorker.java:52) ~[testng-6.14.3.jar:?]
	at org.testng.SuiteRunnerWorker.run(SuiteRunnerWorker.java:84) ~[testng-6.14.3.jar:?]
	at org.testng.TestNG.runSuitesSequentially(TestNG.java:1208) ~[testng-6.14.3.jar:?]
	at org.testng.TestNG.runSuitesLocally(TestNG.java:1137) ~[testng-6.14.3.jar:?]
	at org.testng.TestNG.runSuites(TestNG.java:1049) ~[testng-6.14.3.jar:?]
	at org.testng.TestNG.run(TestNG.java:1017) ~[testng-6.14.3.jar:?]
	at org.apache.maven.surefire.testng.TestNGExecutor.run(TestNGExecutor.java:308) ~[surefire-testng-3.3.0.jar:3.3.0]
	at org.apache.maven.surefire.testng.TestNGXmlTestSuite.execute(TestNGXmlTestSuite.java:71) ~[surefire-testng-3.3.0.jar:3.3.0]
	at org.apache.maven.surefire.testng.TestNGProvider.invoke(TestNGProvider.java:113) ~[surefire-testng-3.3.0.jar:3.3.0]
	at org.apache.maven.surefire.booter.ForkedBooter.runSuitesInProcess(ForkedBooter.java:385) ~[surefire-booter-3.3.0.jar:3.3.0]
	at org.apache.maven.surefire.booter.ForkedBooter.execute(ForkedBooter.java:162) ~[surefire-booter-3.3.0.jar:3.3.0]
	at org.apache.maven.surefire.booter.ForkedBooter.run(ForkedBooter.java:507) ~[surefire-booter-3.3.0.jar:3.3.0]
	at org.apache.maven.surefire.booter.ForkedBooter.main(ForkedBooter.java:495) ~[surefire-booter-3.3.0.jar:3.3.0]
17:05:53.241 [main] ERROR org.apache.poi.openxml4j.opc.PackageRelationshipCollection - Cannot convert mailto:ALPHAAAAAA@@@@@!@##$$$%12344 in a valid relationship URI-> dummy-URI used
java.net.URISyntaxException: Illegal character in fragment at index 25: mailto:ALPHAAAAAA@@@@@!@##$$$%12344
	at java.net.URI$Parser.fail(URI.java:2995) ~[?:?]
	at java.net.URI$Parser.checkChars(URI.java:3166) ~[?:?]
	at java.net.URI$Parser.parse(URI.java:3210) ~[?:?]
	at java.net.URI.<init>(URI.java:645) ~[?:?]
	at org.apache.poi.openxml4j.opc.PackagingURIHelper.toURI(PackagingURIHelper.java:723) ~[poi-ooxml-5.2.2.jar:5.2.2]
	at org.apache.poi.openxml4j.opc.PackageRelationshipCollection.parseRelationshipsPart(PackageRelationshipCollection.java:358) ~[poi-ooxml-5.2.2.jar:5.2.2]
	at org.apache.poi.openxml4j.opc.PackageRelationshipCollection.<init>(PackageRelationshipCollection.java:160) ~[poi-ooxml-5.2.2.jar:5.2.2]
	at org.apache.poi.openxml4j.opc.PackageRelationshipCollection.<init>(PackageRelationshipCollection.java:130) ~[poi-ooxml-5.2.2.jar:5.2.2]
	at org.apache.poi.openxml4j.opc.PackagePart.loadRelationships(PackagePart.java:565) ~[poi-ooxml-5.2.2.jar:5.2.2]
	at org.apache.poi.openxml4j.opc.OPCPackage.getParts(OPCPackage.java:745) ~[poi-ooxml-5.2.2.jar:5.2.2]
	at org.apache.poi.openxml4j.opc.OPCPackage.open(OPCPackage.java:315) ~[poi-ooxml-5.2.2.jar:5.2.2]
	at org.apache.poi.ooxml.util.PackageHelper.open(PackageHelper.java:59) ~[poi-ooxml-5.2.2.jar:5.2.2]
	at org.apache.poi.xssf.usermodel.XSSFWorkbook.<init>(XSSFWorkbook.java:289) ~[poi-ooxml-5.2.2.jar:5.2.2]
	at org.apache.poi.xssf.usermodel.XSSFWorkbook.<init>(XSSFWorkbook.java:285) ~[poi-ooxml-5.2.2.jar:5.2.2]
	at com.MOFutility.API_Excelutilities.readServiceIdFromExcel(API_Excelutilities.java:20) ~[test-classes/:?]
	at com.MOF.constants.API_URL.<clinit>(API_URL.java:207) ~[test-classes/:?]
	at com.MOFapi.MOFapi.Fetchvalid_SingleService_ValidServiceid(MOFapi.java:4891) ~[test-classes/:?]
	at jdk.internal.reflect.DirectMethodHandleAccessor.invoke(DirectMethodHandleAccessor.java:103) ~[?:?]
	at java.lang.reflect.Method.invoke(Method.java:580) ~[?:?]
	at org.testng.internal.MethodInvocationHelper.invokeMethod(MethodInvocationHelper.java:124) ~[testng-6.14.3.jar:?]
	at org.testng.internal.Invoker.invokeMethod(Invoker.java:583) ~[testng-6.14.3.jar:?]
	at org.testng.internal.Invoker.invokeTestMethod(Invoker.java:719) ~[testng-6.14.3.jar:?]
	at org.testng.internal.Invoker.invokeTestMethods(Invoker.java:989) ~[testng-6.14.3.jar:?]
	at org.testng.internal.TestMethodWorker.invokeTestMethods(TestMethodWorker.java:125) ~[testng-6.14.3.jar:?]
	at org.testng.internal.TestMethodWorker.run(TestMethodWorker.java:109) ~[testng-6.14.3.jar:?]
	at org.testng.TestRunner.privateRun(TestRunner.java:648) ~[testng-6.14.3.jar:?]
	at org.testng.TestRunner.run(TestRunner.java:505) ~[testng-6.14.3.jar:?]
	at org.testng.SuiteRunner.runTest(SuiteRunner.java:455) ~[testng-6.14.3.jar:?]
	at org.testng.SuiteRunner.runSequentially(SuiteRunner.java:450) ~[testng-6.14.3.jar:?]
	at org.testng.SuiteRunner.privateRun(SuiteRunner.java:415) ~[testng-6.14.3.jar:?]
	at org.testng.SuiteRunner.run(SuiteRunner.java:364) ~[testng-6.14.3.jar:?]
	at org.testng.SuiteRunnerWorker.runSuite(SuiteRunnerWorker.java:52) ~[testng-6.14.3.jar:?]
	at org.testng.SuiteRunnerWorker.run(SuiteRunnerWorker.java:84) ~[testng-6.14.3.jar:?]
	at org.testng.TestNG.runSuitesSequentially(TestNG.java:1208) ~[testng-6.14.3.jar:?]
	at org.testng.TestNG.runSuitesLocally(TestNG.java:1137) ~[testng-6.14.3.jar:?]
	at org.testng.TestNG.runSuites(TestNG.java:1049) ~[testng-6.14.3.jar:?]
	at org.testng.TestNG.run(TestNG.java:1017) ~[testng-6.14.3.jar:?]
	at org.apache.maven.surefire.testng.TestNGExecutor.run(TestNGExecutor.java:308) ~[surefire-testng-3.3.0.jar:3.3.0]
	at org.apache.maven.surefire.testng.TestNGXmlTestSuite.execute(TestNGXmlTestSuite.java:71) ~[surefire-testng-3.3.0.jar:3.3.0]
	at org.apache.maven.surefire.testng.TestNGProvider.invoke(TestNGProvider.java:113) ~[surefire-testng-3.3.0.jar:3.3.0]
	at org.apache.maven.surefire.booter.ForkedBooter.runSuitesInProcess(ForkedBooter.java:385) ~[surefire-booter-3.3.0.jar:3.3.0]
	at org.apache.maven.surefire.booter.ForkedBooter.execute(ForkedBooter.java:162) ~[surefire-booter-3.3.0.jar:3.3.0]
	at org.apache.maven.surefire.booter.ForkedBooter.run(ForkedBooter.java:507) ~[surefire-booter-3.3.0.jar:3.3.0]
	at org.apache.maven.surefire.booter.ForkedBooter.main(ForkedBooter.java:495) ~[surefire-booter-3.3.0.jar:3.3.0]
17:05:53.242 [main] ERROR org.apache.poi.openxml4j.opc.PackageRelationshipCollection - Cannot convert mailto:2343456378912@#&^*gvadhfbjnf in a valid relationship URI-> dummy-URI used
java.net.URISyntaxException: Illegal character in fragment at index 23: mailto:2343456378912@#&^*gvadhfbjnf
	at java.net.URI$Parser.fail(URI.java:2995) ~[?:?]
	at java.net.URI$Parser.checkChars(URI.java:3166) ~[?:?]
	at java.net.URI$Parser.parse(URI.java:3210) ~[?:?]
	at java.net.URI.<init>(URI.java:645) ~[?:?]
	at org.apache.poi.openxml4j.opc.PackagingURIHelper.toURI(PackagingURIHelper.java:723) ~[poi-ooxml-5.2.2.jar:5.2.2]
	at org.apache.poi.openxml4j.opc.PackageRelationshipCollection.parseRelationshipsPart(PackageRelationshipCollection.java:358) ~[poi-ooxml-5.2.2.jar:5.2.2]
	at org.apache.poi.openxml4j.opc.PackageRelationshipCollection.<init>(PackageRelationshipCollection.java:160) ~[poi-ooxml-5.2.2.jar:5.2.2]
	at org.apache.poi.openxml4j.opc.PackageRelationshipCollection.<init>(PackageRelationshipCollection.java:130) ~[poi-ooxml-5.2.2.jar:5.2.2]
	at org.apache.poi.openxml4j.opc.PackagePart.loadRelationships(PackagePart.java:565) ~[poi-ooxml-5.2.2.jar:5.2.2]
	at org.apache.poi.openxml4j.opc.OPCPackage.getParts(OPCPackage.java:745) ~[poi-ooxml-5.2.2.jar:5.2.2]
	at org.apache.poi.openxml4j.opc.OPCPackage.open(OPCPackage.java:315) ~[poi-ooxml-5.2.2.jar:5.2.2]
	at org.apache.poi.ooxml.util.PackageHelper.open(PackageHelper.java:59) ~[poi-ooxml-5.2.2.jar:5.2.2]
	at org.apache.poi.xssf.usermodel.XSSFWorkbook.<init>(XSSFWorkbook.java:289) ~[poi-ooxml-5.2.2.jar:5.2.2]
	at org.apache.poi.xssf.usermodel.XSSFWorkbook.<init>(XSSFWorkbook.java:285) ~[poi-ooxml-5.2.2.jar:5.2.2]
	at com.MOFutility.API_Excelutilities.readServiceIdFromExcel(API_Excelutilities.java:20) ~[test-classes/:?]
	at com.MOF.constants.API_URL.<clinit>(API_URL.java:207) ~[test-classes/:?]
	at com.MOFapi.MOFapi.Fetchvalid_SingleService_ValidServiceid(MOFapi.java:4891) ~[test-classes/:?]
	at jdk.internal.reflect.DirectMethodHandleAccessor.invoke(DirectMethodHandleAccessor.java:103) ~[?:?]
	at java.lang.reflect.Method.invoke(Method.java:580) ~[?:?]
	at org.testng.internal.MethodInvocationHelper.invokeMethod(MethodInvocationHelper.java:124) ~[testng-6.14.3.jar:?]
	at org.testng.internal.Invoker.invokeMethod(Invoker.java:583) ~[testng-6.14.3.jar:?]
	at org.testng.internal.Invoker.invokeTestMethod(Invoker.java:719) ~[testng-6.14.3.jar:?]
	at org.testng.internal.Invoker.invokeTestMethods(Invoker.java:989) ~[testng-6.14.3.jar:?]
	at org.testng.internal.TestMethodWorker.invokeTestMethods(TestMethodWorker.java:125) ~[testng-6.14.3.jar:?]
	at org.testng.internal.TestMethodWorker.run(TestMethodWorker.java:109) ~[testng-6.14.3.jar:?]
	at org.testng.TestRunner.privateRun(TestRunner.java:648) ~[testng-6.14.3.jar:?]
	at org.testng.TestRunner.run(TestRunner.java:505) ~[testng-6.14.3.jar:?]
	at org.testng.SuiteRunner.runTest(SuiteRunner.java:455) ~[testng-6.14.3.jar:?]
	at org.testng.SuiteRunner.runSequentially(SuiteRunner.java:450) ~[testng-6.14.3.jar:?]
	at org.testng.SuiteRunner.privateRun(SuiteRunner.java:415) ~[testng-6.14.3.jar:?]
	at org.testng.SuiteRunner.run(SuiteRunner.java:364) ~[testng-6.14.3.jar:?]
	at org.testng.SuiteRunnerWorker.runSuite(SuiteRunnerWorker.java:52) ~[testng-6.14.3.jar:?]
	at org.testng.SuiteRunnerWorker.run(SuiteRunnerWorker.java:84) ~[testng-6.14.3.jar:?]
	at org.testng.TestNG.runSuitesSequentially(TestNG.java:1208) ~[testng-6.14.3.jar:?]
	at org.testng.TestNG.runSuitesLocally(TestNG.java:1137) ~[testng-6.14.3.jar:?]
	at org.testng.TestNG.runSuites(TestNG.java:1049) ~[testng-6.14.3.jar:?]
	at org.testng.TestNG.run(TestNG.java:1017) ~[testng-6.14.3.jar:?]
	at org.apache.maven.surefire.testng.TestNGExecutor.run(TestNGExecutor.java:308) ~[surefire-testng-3.3.0.jar:3.3.0]
	at org.apache.maven.surefire.testng.TestNGXmlTestSuite.execute(TestNGXmlTestSuite.java:71) ~[surefire-testng-3.3.0.jar:3.3.0]
	at org.apache.maven.surefire.testng.TestNGProvider.invoke(TestNGProvider.java:113) ~[surefire-testng-3.3.0.jar:3.3.0]
	at org.apache.maven.surefire.booter.ForkedBooter.runSuitesInProcess(ForkedBooter.java:385) ~[surefire-booter-3.3.0.jar:3.3.0]
	at org.apache.maven.surefire.booter.ForkedBooter.execute(ForkedBooter.java:162) ~[surefire-booter-3.3.0.jar:3.3.0]
	at org.apache.maven.surefire.booter.ForkedBooter.run(ForkedBooter.java:507) ~[surefire-booter-3.3.0.jar:3.3.0]
	at org.apache.maven.surefire.booter.ForkedBooter.main(ForkedBooter.java:495) ~[surefire-booter-3.3.0.jar:3.3.0]
17:05:53.281 [main] ERROR org.apache.poi.openxml4j.opc.PackageRelationshipCollection - Cannot convert mailto:ALPA@#$%^245234534 in a valid relationship URI-> dummy-URI used
java.net.URISyntaxException: Malformed escape pair at index 14: mailto:ALPA@#$%^245234534
	at java.net.URI$Parser.fail(URI.java:2995) ~[?:?]
	at java.net.URI$Parser.scanEscape(URI.java:3123) ~[?:?]
	at java.net.URI$Parser.scan(URI.java:3146) ~[?:?]
	at java.net.URI$Parser.checkChars(URI.java:3164) ~[?:?]
	at java.net.URI$Parser.parse(URI.java:3210) ~[?:?]
	at java.net.URI.<init>(URI.java:645) ~[?:?]
	at org.apache.poi.openxml4j.opc.PackagingURIHelper.toURI(PackagingURIHelper.java:723) ~[poi-ooxml-5.2.2.jar:5.2.2]
	at org.apache.poi.openxml4j.opc.PackageRelationshipCollection.parseRelationshipsPart(PackageRelationshipCollection.java:358) ~[poi-ooxml-5.2.2.jar:5.2.2]
	at org.apache.poi.openxml4j.opc.PackageRelationshipCollection.<init>(PackageRelationshipCollection.java:160) ~[poi-ooxml-5.2.2.jar:5.2.2]
	at org.apache.poi.openxml4j.opc.PackageRelationshipCollection.<init>(PackageRelationshipCollection.java:130) ~[poi-ooxml-5.2.2.jar:5.2.2]
	at org.apache.poi.openxml4j.opc.PackagePart.loadRelationships(PackagePart.java:565) ~[poi-ooxml-5.2.2.jar:5.2.2]
	at org.apache.poi.openxml4j.opc.OPCPackage.getParts(OPCPackage.java:745) ~[poi-ooxml-5.2.2.jar:5.2.2]
	at org.apache.poi.openxml4j.opc.OPCPackage.open(OPCPackage.java:315) ~[poi-ooxml-5.2.2.jar:5.2.2]
	at org.apache.poi.ooxml.util.PackageHelper.open(PackageHelper.java:59) ~[poi-ooxml-5.2.2.jar:5.2.2]
	at org.apache.poi.xssf.usermodel.XSSFWorkbook.<init>(XSSFWorkbook.java:289) ~[poi-ooxml-5.2.2.jar:5.2.2]
	at org.apache.poi.xssf.usermodel.XSSFWorkbook.<init>(XSSFWorkbook.java:285) ~[poi-ooxml-5.2.2.jar:5.2.2]
	at com.MOFutility.API_Excelutilities.readServiceIdFromExcel(API_Excelutilities.java:20) ~[test-classes/:?]
	at com.MOF.constants.API_URL.<clinit>(API_URL.java:208) ~[test-classes/:?]
	at com.MOFapi.MOFapi.Fetchvalid_SingleService_ValidServiceid(MOFapi.java:4891) ~[test-classes/:?]
	at jdk.internal.reflect.DirectMethodHandleAccessor.invoke(DirectMethodHandleAccessor.java:103) ~[?:?]
	at java.lang.reflect.Method.invoke(Method.java:580) ~[?:?]
	at org.testng.internal.MethodInvocationHelper.invokeMethod(MethodInvocationHelper.java:124) ~[testng-6.14.3.jar:?]
	at org.testng.internal.Invoker.invokeMethod(Invoker.java:583) ~[testng-6.14.3.jar:?]
	at org.testng.internal.Invoker.invokeTestMethod(Invoker.java:719) ~[testng-6.14.3.jar:?]
	at org.testng.internal.Invoker.invokeTestMethods(Invoker.java:989) ~[testng-6.14.3.jar:?]
	at org.testng.internal.TestMethodWorker.invokeTestMethods(TestMethodWorker.java:125) ~[testng-6.14.3.jar:?]
	at org.testng.internal.TestMethodWorker.run(TestMethodWorker.java:109) ~[testng-6.14.3.jar:?]
	at org.testng.TestRunner.privateRun(TestRunner.java:648) ~[testng-6.14.3.jar:?]
	at org.testng.TestRunner.run(TestRunner.java:505) ~[testng-6.14.3.jar:?]
	at org.testng.SuiteRunner.runTest(SuiteRunner.java:455) ~[testng-6.14.3.jar:?]
	at org.testng.SuiteRunner.runSequentially(SuiteRunner.java:450) ~[testng-6.14.3.jar:?]
	at org.testng.SuiteRunner.privateRun(SuiteRunner.java:415) ~[testng-6.14.3.jar:?]
	at org.testng.SuiteRunner.run(SuiteRunner.java:364) ~[testng-6.14.3.jar:?]
	at org.testng.SuiteRunnerWorker.runSuite(SuiteRunnerWorker.java:52) ~[testng-6.14.3.jar:?]
	at org.testng.SuiteRunnerWorker.run(SuiteRunnerWorker.java:84) ~[testng-6.14.3.jar:?]
	at org.testng.TestNG.runSuitesSequentially(TestNG.java:1208) ~[testng-6.14.3.jar:?]
	at org.testng.TestNG.runSuitesLocally(TestNG.java:1137) ~[testng-6.14.3.jar:?]
	at org.testng.TestNG.runSuites(TestNG.java:1049) ~[testng-6.14.3.jar:?]
	at org.testng.TestNG.run(TestNG.java:1017) ~[testng-6.14.3.jar:?]
	at org.apache.maven.surefire.testng.TestNGExecutor.run(TestNGExecutor.java:308) ~[surefire-testng-3.3.0.jar:3.3.0]
	at org.apache.maven.surefire.testng.TestNGXmlTestSuite.execute(TestNGXmlTestSuite.java:71) ~[surefire-testng-3.3.0.jar:3.3.0]
	at org.apache.maven.surefire.testng.TestNGProvider.invoke(TestNGProvider.java:113) ~[surefire-testng-3.3.0.jar:3.3.0]
	at org.apache.maven.surefire.booter.ForkedBooter.runSuitesInProcess(ForkedBooter.java:385) ~[surefire-booter-3.3.0.jar:3.3.0]
	at org.apache.maven.surefire.booter.ForkedBooter.execute(ForkedBooter.java:162) ~[surefire-booter-3.3.0.jar:3.3.0]
	at org.apache.maven.surefire.booter.ForkedBooter.run(ForkedBooter.java:507) ~[surefire-booter-3.3.0.jar:3.3.0]
	at org.apache.maven.surefire.booter.ForkedBooter.main(ForkedBooter.java:495) ~[surefire-booter-3.3.0.jar:3.3.0]
17:05:53.282 [main] ERROR org.apache.poi.openxml4j.opc.PackageRelationshipCollection - Cannot convert mailto:ALPHAAAAAA@@@@@!@##$$$%12344 in a valid relationship URI-> dummy-URI used
java.net.URISyntaxException: Illegal character in fragment at index 25: mailto:ALPHAAAAAA@@@@@!@##$$$%12344
	at java.net.URI$Parser.fail(URI.java:2995) ~[?:?]
	at java.net.URI$Parser.checkChars(URI.java:3166) ~[?:?]
	at java.net.URI$Parser.parse(URI.java:3210) ~[?:?]
	at java.net.URI.<init>(URI.java:645) ~[?:?]
	at org.apache.poi.openxml4j.opc.PackagingURIHelper.toURI(PackagingURIHelper.java:723) ~[poi-ooxml-5.2.2.jar:5.2.2]
	at org.apache.poi.openxml4j.opc.PackageRelationshipCollection.parseRelationshipsPart(PackageRelationshipCollection.java:358) ~[poi-ooxml-5.2.2.jar:5.2.2]
	at org.apache.poi.openxml4j.opc.PackageRelationshipCollection.<init>(PackageRelationshipCollection.java:160) ~[poi-ooxml-5.2.2.jar:5.2.2]
	at org.apache.poi.openxml4j.opc.PackageRelationshipCollection.<init>(PackageRelationshipCollection.java:130) ~[poi-ooxml-5.2.2.jar:5.2.2]
	at org.apache.poi.openxml4j.opc.PackagePart.loadRelationships(PackagePart.java:565) ~[poi-ooxml-5.2.2.jar:5.2.2]
	at org.apache.poi.openxml4j.opc.OPCPackage.getParts(OPCPackage.java:745) ~[poi-ooxml-5.2.2.jar:5.2.2]
	at org.apache.poi.openxml4j.opc.OPCPackage.open(OPCPackage.java:315) ~[poi-ooxml-5.2.2.jar:5.2.2]
	at org.apache.poi.ooxml.util.PackageHelper.open(PackageHelper.java:59) ~[poi-ooxml-5.2.2.jar:5.2.2]
	at org.apache.poi.xssf.usermodel.XSSFWorkbook.<init>(XSSFWorkbook.java:289) ~[poi-ooxml-5.2.2.jar:5.2.2]
	at org.apache.poi.xssf.usermodel.XSSFWorkbook.<init>(XSSFWorkbook.java:285) ~[poi-ooxml-5.2.2.jar:5.2.2]
	at com.MOFutility.API_Excelutilities.readServiceIdFromExcel(API_Excelutilities.java:20) ~[test-classes/:?]
	at com.MOF.constants.API_URL.<clinit>(API_URL.java:208) ~[test-classes/:?]
	at com.MOFapi.MOFapi.Fetchvalid_SingleService_ValidServiceid(MOFapi.java:4891) ~[test-classes/:?]
	at jdk.internal.reflect.DirectMethodHandleAccessor.invoke(DirectMethodHandleAccessor.java:103) ~[?:?]
	at java.lang.reflect.Method.invoke(Method.java:580) ~[?:?]
	at org.testng.internal.MethodInvocationHelper.invokeMethod(MethodInvocationHelper.java:124) ~[testng-6.14.3.jar:?]
	at org.testng.internal.Invoker.invokeMethod(Invoker.java:583) ~[testng-6.14.3.jar:?]
	at org.testng.internal.Invoker.invokeTestMethod(Invoker.java:719) ~[testng-6.14.3.jar:?]
	at org.testng.internal.Invoker.invokeTestMethods(Invoker.java:989) ~[testng-6.14.3.jar:?]
	at org.testng.internal.TestMethodWorker.invokeTestMethods(TestMethodWorker.java:125) ~[testng-6.14.3.jar:?]
	at org.testng.internal.TestMethodWorker.run(TestMethodWorker.java:109) ~[testng-6.14.3.jar:?]
	at org.testng.TestRunner.privateRun(TestRunner.java:648) ~[testng-6.14.3.jar:?]
	at org.testng.TestRunner.run(TestRunner.java:505) ~[testng-6.14.3.jar:?]
	at org.testng.SuiteRunner.runTest(SuiteRunner.java:455) ~[testng-6.14.3.jar:?]
	at org.testng.SuiteRunner.runSequentially(SuiteRunner.java:450) ~[testng-6.14.3.jar:?]
	at org.testng.SuiteRunner.privateRun(SuiteRunner.java:415) ~[testng-6.14.3.jar:?]
	at org.testng.SuiteRunner.run(SuiteRunner.java:364) ~[testng-6.14.3.jar:?]
	at org.testng.SuiteRunnerWorker.runSuite(SuiteRunnerWorker.java:52) ~[testng-6.14.3.jar:?]
	at org.testng.SuiteRunnerWorker.run(SuiteRunnerWorker.java:84) ~[testng-6.14.3.jar:?]
	at org.testng.TestNG.runSuitesSequentially(TestNG.java:1208) ~[testng-6.14.3.jar:?]
	at org.testng.TestNG.runSuitesLocally(TestNG.java:1137) ~[testng-6.14.3.jar:?]
	at org.testng.TestNG.runSuites(TestNG.java:1049) ~[testng-6.14.3.jar:?]
	at org.testng.TestNG.run(TestNG.java:1017) ~[testng-6.14.3.jar:?]
	at org.apache.maven.surefire.testng.TestNGExecutor.run(TestNGExecutor.java:308) ~[surefire-testng-3.3.0.jar:3.3.0]
	at org.apache.maven.surefire.testng.TestNGXmlTestSuite.execute(TestNGXmlTestSuite.java:71) ~[surefire-testng-3.3.0.jar:3.3.0]
	at org.apache.maven.surefire.testng.TestNGProvider.invoke(TestNGProvider.java:113) ~[surefire-testng-3.3.0.jar:3.3.0]
	at org.apache.maven.surefire.booter.ForkedBooter.runSuitesInProcess(ForkedBooter.java:385) ~[surefire-booter-3.3.0.jar:3.3.0]
	at org.apache.maven.surefire.booter.ForkedBooter.execute(ForkedBooter.java:162) ~[surefire-booter-3.3.0.jar:3.3.0]
	at org.apache.maven.surefire.booter.ForkedBooter.run(ForkedBooter.java:507) ~[surefire-booter-3.3.0.jar:3.3.0]
	at org.apache.maven.surefire.booter.ForkedBooter.main(ForkedBooter.java:495) ~[surefire-booter-3.3.0.jar:3.3.0]
17:05:53.283 [main] ERROR org.apache.poi.openxml4j.opc.PackageRelationshipCollection - Cannot convert mailto:2343456378912@#&^*gvadhfbjnf in a valid relationship URI-> dummy-URI used
java.net.URISyntaxException: Illegal character in fragment at index 23: mailto:2343456378912@#&^*gvadhfbjnf
	at java.net.URI$Parser.fail(URI.java:2995) ~[?:?]
	at java.net.URI$Parser.checkChars(URI.java:3166) ~[?:?]
	at java.net.URI$Parser.parse(URI.java:3210) ~[?:?]
	at java.net.URI.<init>(URI.java:645) ~[?:?]
	at org.apache.poi.openxml4j.opc.PackagingURIHelper.toURI(PackagingURIHelper.java:723) ~[poi-ooxml-5.2.2.jar:5.2.2]
	at org.apache.poi.openxml4j.opc.PackageRelationshipCollection.parseRelationshipsPart(PackageRelationshipCollection.java:358) ~[poi-ooxml-5.2.2.jar:5.2.2]
	at org.apache.poi.openxml4j.opc.PackageRelationshipCollection.<init>(PackageRelationshipCollection.java:160) ~[poi-ooxml-5.2.2.jar:5.2.2]
	at org.apache.poi.openxml4j.opc.PackageRelationshipCollection.<init>(PackageRelationshipCollection.java:130) ~[poi-ooxml-5.2.2.jar:5.2.2]
	at org.apache.poi.openxml4j.opc.PackagePart.loadRelationships(PackagePart.java:565) ~[poi-ooxml-5.2.2.jar:5.2.2]
	at org.apache.poi.openxml4j.opc.OPCPackage.getParts(OPCPackage.java:745) ~[poi-ooxml-5.2.2.jar:5.2.2]
	at org.apache.poi.openxml4j.opc.OPCPackage.open(OPCPackage.java:315) ~[poi-ooxml-5.2.2.jar:5.2.2]
	at org.apache.poi.ooxml.util.PackageHelper.open(PackageHelper.java:59) ~[poi-ooxml-5.2.2.jar:5.2.2]
	at org.apache.poi.xssf.usermodel.XSSFWorkbook.<init>(XSSFWorkbook.java:289) ~[poi-ooxml-5.2.2.jar:5.2.2]
	at org.apache.poi.xssf.usermodel.XSSFWorkbook.<init>(XSSFWorkbook.java:285) ~[poi-ooxml-5.2.2.jar:5.2.2]
	at com.MOFutility.API_Excelutilities.readServiceIdFromExcel(API_Excelutilities.java:20) ~[test-classes/:?]
	at com.MOF.constants.API_URL.<clinit>(API_URL.java:208) ~[test-classes/:?]
	at com.MOFapi.MOFapi.Fetchvalid_SingleService_ValidServiceid(MOFapi.java:4891) ~[test-classes/:?]
	at jdk.internal.reflect.DirectMethodHandleAccessor.invoke(DirectMethodHandleAccessor.java:103) ~[?:?]
	at java.lang.reflect.Method.invoke(Method.java:580) ~[?:?]
	at org.testng.internal.MethodInvocationHelper.invokeMethod(MethodInvocationHelper.java:124) ~[testng-6.14.3.jar:?]
	at org.testng.internal.Invoker.invokeMethod(Invoker.java:583) ~[testng-6.14.3.jar:?]
	at org.testng.internal.Invoker.invokeTestMethod(Invoker.java:719) ~[testng-6.14.3.jar:?]
	at org.testng.internal.Invoker.invokeTestMethods(Invoker.java:989) ~[testng-6.14.3.jar:?]
	at org.testng.internal.TestMethodWorker.invokeTestMethods(TestMethodWorker.java:125) ~[testng-6.14.3.jar:?]
	at org.testng.internal.TestMethodWorker.run(TestMethodWorker.java:109) ~[testng-6.14.3.jar:?]
	at org.testng.TestRunner.privateRun(TestRunner.java:648) ~[testng-6.14.3.jar:?]
	at org.testng.TestRunner.run(TestRunner.java:505) ~[testng-6.14.3.jar:?]
	at org.testng.SuiteRunner.runTest(SuiteRunner.java:455) ~[testng-6.14.3.jar:?]
	at org.testng.SuiteRunner.runSequentially(SuiteRunner.java:450) ~[testng-6.14.3.jar:?]
	at org.testng.SuiteRunner.privateRun(SuiteRunner.java:415) ~[testng-6.14.3.jar:?]
	at org.testng.SuiteRunner.run(SuiteRunner.java:364) ~[testng-6.14.3.jar:?]
	at org.testng.SuiteRunnerWorker.runSuite(SuiteRunnerWorker.java:52) ~[testng-6.14.3.jar:?]
	at org.testng.SuiteRunnerWorker.run(SuiteRunnerWorker.java:84) ~[testng-6.14.3.jar:?]
	at org.testng.TestNG.runSuitesSequentially(TestNG.java:1208) ~[testng-6.14.3.jar:?]
	at org.testng.TestNG.runSuitesLocally(TestNG.java:1137) ~[testng-6.14.3.jar:?]
	at org.testng.TestNG.runSuites(TestNG.java:1049) ~[testng-6.14.3.jar:?]
	at org.testng.TestNG.run(TestNG.java:1017) ~[testng-6.14.3.jar:?]
	at org.apache.maven.surefire.testng.TestNGExecutor.run(TestNGExecutor.java:308) ~[surefire-testng-3.3.0.jar:3.3.0]
	at org.apache.maven.surefire.testng.TestNGXmlTestSuite.execute(TestNGXmlTestSuite.java:71) ~[surefire-testng-3.3.0.jar:3.3.0]
	at org.apache.maven.surefire.testng.TestNGProvider.invoke(TestNGProvider.java:113) ~[surefire-testng-3.3.0.jar:3.3.0]
	at org.apache.maven.surefire.booter.ForkedBooter.runSuitesInProcess(ForkedBooter.java:385) ~[surefire-booter-3.3.0.jar:3.3.0]
	at org.apache.maven.surefire.booter.ForkedBooter.execute(ForkedBooter.java:162) ~[surefire-booter-3.3.0.jar:3.3.0]
	at org.apache.maven.surefire.booter.ForkedBooter.run(ForkedBooter.java:507) ~[surefire-booter-3.3.0.jar:3.3.0]
	at org.apache.maven.surefire.booter.ForkedBooter.main(ForkedBooter.java:495) ~[surefire-booter-3.3.0.jar:3.3.0]
17:05:53.317 [main] ERROR org.apache.poi.openxml4j.opc.PackageRelationshipCollection - Cannot convert mailto:ALPA@#$%^245234534 in a valid relationship URI-> dummy-URI used
java.net.URISyntaxException: Malformed escape pair at index 14: mailto:ALPA@#$%^245234534
	at java.net.URI$Parser.fail(URI.java:2995) ~[?:?]
	at java.net.URI$Parser.scanEscape(URI.java:3123) ~[?:?]
	at java.net.URI$Parser.scan(URI.java:3146) ~[?:?]
	at java.net.URI$Parser.checkChars(URI.java:3164) ~[?:?]
	at java.net.URI$Parser.parse(URI.java:3210) ~[?:?]
	at java.net.URI.<init>(URI.java:645) ~[?:?]
	at org.apache.poi.openxml4j.opc.PackagingURIHelper.toURI(PackagingURIHelper.java:723) ~[poi-ooxml-5.2.2.jar:5.2.2]
	at org.apache.poi.openxml4j.opc.PackageRelationshipCollection.parseRelationshipsPart(PackageRelationshipCollection.java:358) ~[poi-ooxml-5.2.2.jar:5.2.2]
	at org.apache.poi.openxml4j.opc.PackageRelationshipCollection.<init>(PackageRelationshipCollection.java:160) ~[poi-ooxml-5.2.2.jar:5.2.2]
	at org.apache.poi.openxml4j.opc.PackageRelationshipCollection.<init>(PackageRelationshipCollection.java:130) ~[poi-ooxml-5.2.2.jar:5.2.2]
	at org.apache.poi.openxml4j.opc.PackagePart.loadRelationships(PackagePart.java:565) ~[poi-ooxml-5.2.2.jar:5.2.2]
	at org.apache.poi.openxml4j.opc.OPCPackage.getParts(OPCPackage.java:745) ~[poi-ooxml-5.2.2.jar:5.2.2]
	at org.apache.poi.openxml4j.opc.OPCPackage.open(OPCPackage.java:315) ~[poi-ooxml-5.2.2.jar:5.2.2]
	at org.apache.poi.ooxml.util.PackageHelper.open(PackageHelper.java:59) ~[poi-ooxml-5.2.2.jar:5.2.2]
	at org.apache.poi.xssf.usermodel.XSSFWorkbook.<init>(XSSFWorkbook.java:289) ~[poi-ooxml-5.2.2.jar:5.2.2]
	at org.apache.poi.xssf.usermodel.XSSFWorkbook.<init>(XSSFWorkbook.java:285) ~[poi-ooxml-5.2.2.jar:5.2.2]
	at com.MOFutility.API_Excelutilities.readServiceIdFromExcel(API_Excelutilities.java:20) ~[test-classes/:?]
	at com.MOF.constants.API_URL.<clinit>(API_URL.java:209) ~[test-classes/:?]
	at com.MOFapi.MOFapi.Fetchvalid_SingleService_ValidServiceid(MOFapi.java:4891) ~[test-classes/:?]
	at jdk.internal.reflect.DirectMethodHandleAccessor.invoke(DirectMethodHandleAccessor.java:103) ~[?:?]
	at java.lang.reflect.Method.invoke(Method.java:580) ~[?:?]
	at org.testng.internal.MethodInvocationHelper.invokeMethod(MethodInvocationHelper.java:124) ~[testng-6.14.3.jar:?]
	at org.testng.internal.Invoker.invokeMethod(Invoker.java:583) ~[testng-6.14.3.jar:?]
	at org.testng.internal.Invoker.invokeTestMethod(Invoker.java:719) ~[testng-6.14.3.jar:?]
	at org.testng.internal.Invoker.invokeTestMethods(Invoker.java:989) ~[testng-6.14.3.jar:?]
	at org.testng.internal.TestMethodWorker.invokeTestMethods(TestMethodWorker.java:125) ~[testng-6.14.3.jar:?]
	at org.testng.internal.TestMethodWorker.run(TestMethodWorker.java:109) ~[testng-6.14.3.jar:?]
	at org.testng.TestRunner.privateRun(TestRunner.java:648) ~[testng-6.14.3.jar:?]
	at org.testng.TestRunner.run(TestRunner.java:505) ~[testng-6.14.3.jar:?]
	at org.testng.SuiteRunner.runTest(SuiteRunner.java:455) ~[testng-6.14.3.jar:?]
	at org.testng.SuiteRunner.runSequentially(SuiteRunner.java:450) ~[testng-6.14.3.jar:?]
	at org.testng.SuiteRunner.privateRun(SuiteRunner.java:415) ~[testng-6.14.3.jar:?]
	at org.testng.SuiteRunner.run(SuiteRunner.java:364) ~[testng-6.14.3.jar:?]
	at org.testng.SuiteRunnerWorker.runSuite(SuiteRunnerWorker.java:52) ~[testng-6.14.3.jar:?]
	at org.testng.SuiteRunnerWorker.run(SuiteRunnerWorker.java:84) ~[testng-6.14.3.jar:?]
	at org.testng.TestNG.runSuitesSequentially(TestNG.java:1208) ~[testng-6.14.3.jar:?]
	at org.testng.TestNG.runSuitesLocally(TestNG.java:1137) ~[testng-6.14.3.jar:?]
	at org.testng.TestNG.runSuites(TestNG.java:1049) ~[testng-6.14.3.jar:?]
	at org.testng.TestNG.run(TestNG.java:1017) ~[testng-6.14.3.jar:?]
	at org.apache.maven.surefire.testng.TestNGExecutor.run(TestNGExecutor.java:308) ~[surefire-testng-3.3.0.jar:3.3.0]
	at org.apache.maven.surefire.testng.TestNGXmlTestSuite.execute(TestNGXmlTestSuite.java:71) ~[surefire-testng-3.3.0.jar:3.3.0]
	at org.apache.maven.surefire.testng.TestNGProvider.invoke(TestNGProvider.java:113) ~[surefire-testng-3.3.0.jar:3.3.0]
	at org.apache.maven.surefire.booter.ForkedBooter.runSuitesInProcess(ForkedBooter.java:385) ~[surefire-booter-3.3.0.jar:3.3.0]
	at org.apache.maven.surefire.booter.ForkedBooter.execute(ForkedBooter.java:162) ~[surefire-booter-3.3.0.jar:3.3.0]
	at org.apache.maven.surefire.booter.ForkedBooter.run(ForkedBooter.java:507) ~[surefire-booter-3.3.0.jar:3.3.0]
	at org.apache.maven.surefire.booter.ForkedBooter.main(ForkedBooter.java:495) ~[surefire-booter-3.3.0.jar:3.3.0]
17:05:53.318 [main] ERROR org.apache.poi.openxml4j.opc.PackageRelationshipCollection - Cannot convert mailto:ALPHAAAAAA@@@@@!@##$$$%12344 in a valid relationship URI-> dummy-URI used
java.net.URISyntaxException: Illegal character in fragment at index 25: mailto:ALPHAAAAAA@@@@@!@##$$$%12344
	at java.net.URI$Parser.fail(URI.java:2995) ~[?:?]
	at java.net.URI$Parser.checkChars(URI.java:3166) ~[?:?]
	at java.net.URI$Parser.parse(URI.java:3210) ~[?:?]
	at java.net.URI.<init>(URI.java:645) ~[?:?]
	at org.apache.poi.openxml4j.opc.PackagingURIHelper.toURI(PackagingURIHelper.java:723) ~[poi-ooxml-5.2.2.jar:5.2.2]
	at org.apache.poi.openxml4j.opc.PackageRelationshipCollection.parseRelationshipsPart(PackageRelationshipCollection.java:358) ~[poi-ooxml-5.2.2.jar:5.2.2]
	at org.apache.poi.openxml4j.opc.PackageRelationshipCollection.<init>(PackageRelationshipCollection.java:160) ~[poi-ooxml-5.2.2.jar:5.2.2]
	at org.apache.poi.openxml4j.opc.PackageRelationshipCollection.<init>(PackageRelationshipCollection.java:130) ~[poi-ooxml-5.2.2.jar:5.2.2]
	at org.apache.poi.openxml4j.opc.PackagePart.loadRelationships(PackagePart.java:565) ~[poi-ooxml-5.2.2.jar:5.2.2]
	at org.apache.poi.openxml4j.opc.OPCPackage.getParts(OPCPackage.java:745) ~[poi-ooxml-5.2.2.jar:5.2.2]
	at org.apache.poi.openxml4j.opc.OPCPackage.open(OPCPackage.java:315) ~[poi-ooxml-5.2.2.jar:5.2.2]
	at org.apache.poi.ooxml.util.PackageHelper.open(PackageHelper.java:59) ~[poi-ooxml-5.2.2.jar:5.2.2]
	at org.apache.poi.xssf.usermodel.XSSFWorkbook.<init>(XSSFWorkbook.java:289) ~[poi-ooxml-5.2.2.jar:5.2.2]
	at org.apache.poi.xssf.usermodel.XSSFWorkbook.<init>(XSSFWorkbook.java:285) ~[poi-ooxml-5.2.2.jar:5.2.2]
	at com.MOFutility.API_Excelutilities.readServiceIdFromExcel(API_Excelutilities.java:20) ~[test-classes/:?]
	at com.MOF.constants.API_URL.<clinit>(API_URL.java:209) ~[test-classes/:?]
	at com.MOFapi.MOFapi.Fetchvalid_SingleService_ValidServiceid(MOFapi.java:4891) ~[test-classes/:?]
	at jdk.internal.reflect.DirectMethodHandleAccessor.invoke(DirectMethodHandleAccessor.java:103) ~[?:?]
	at java.lang.reflect.Method.invoke(Method.java:580) ~[?:?]
	at org.testng.internal.MethodInvocationHelper.invokeMethod(MethodInvocationHelper.java:124) ~[testng-6.14.3.jar:?]
	at org.testng.internal.Invoker.invokeMethod(Invoker.java:583) ~[testng-6.14.3.jar:?]
	at org.testng.internal.Invoker.invokeTestMethod(Invoker.java:719) ~[testng-6.14.3.jar:?]
	at org.testng.internal.Invoker.invokeTestMethods(Invoker.java:989) ~[testng-6.14.3.jar:?]
	at org.testng.internal.TestMethodWorker.invokeTestMethods(TestMethodWorker.java:125) ~[testng-6.14.3.jar:?]
	at org.testng.internal.TestMethodWorker.run(TestMethodWorker.java:109) ~[testng-6.14.3.jar:?]
	at org.testng.TestRunner.privateRun(TestRunner.java:648) ~[testng-6.14.3.jar:?]
	at org.testng.TestRunner.run(TestRunner.java:505) ~[testng-6.14.3.jar:?]
	at org.testng.SuiteRunner.runTest(SuiteRunner.java:455) ~[testng-6.14.3.jar:?]
	at org.testng.SuiteRunner.runSequentially(SuiteRunner.java:450) ~[testng-6.14.3.jar:?]
	at org.testng.SuiteRunner.privateRun(SuiteRunner.java:415) ~[testng-6.14.3.jar:?]
	at org.testng.SuiteRunner.run(SuiteRunner.java:364) ~[testng-6.14.3.jar:?]
	at org.testng.SuiteRunnerWorker.runSuite(SuiteRunnerWorker.java:52) ~[testng-6.14.3.jar:?]
	at org.testng.SuiteRunnerWorker.run(SuiteRunnerWorker.java:84) ~[testng-6.14.3.jar:?]
	at org.testng.TestNG.runSuitesSequentially(TestNG.java:1208) ~[testng-6.14.3.jar:?]
	at org.testng.TestNG.runSuitesLocally(TestNG.java:1137) ~[testng-6.14.3.jar:?]
	at org.testng.TestNG.runSuites(TestNG.java:1049) ~[testng-6.14.3.jar:?]
	at org.testng.TestNG.run(TestNG.java:1017) ~[testng-6.14.3.jar:?]
	at org.apache.maven.surefire.testng.TestNGExecutor.run(TestNGExecutor.java:308) ~[surefire-testng-3.3.0.jar:3.3.0]
	at org.apache.maven.surefire.testng.TestNGXmlTestSuite.execute(TestNGXmlTestSuite.java:71) ~[surefire-testng-3.3.0.jar:3.3.0]
	at org.apache.maven.surefire.testng.TestNGProvider.invoke(TestNGProvider.java:113) ~[surefire-testng-3.3.0.jar:3.3.0]
	at org.apache.maven.surefire.booter.ForkedBooter.runSuitesInProcess(ForkedBooter.java:385) ~[surefire-booter-3.3.0.jar:3.3.0]
	at org.apache.maven.surefire.booter.ForkedBooter.execute(ForkedBooter.java:162) ~[surefire-booter-3.3.0.jar:3.3.0]
	at org.apache.maven.surefire.booter.ForkedBooter.run(ForkedBooter.java:507) ~[surefire-booter-3.3.0.jar:3.3.0]
	at org.apache.maven.surefire.booter.ForkedBooter.main(ForkedBooter.java:495) ~[surefire-booter-3.3.0.jar:3.3.0]
17:05:53.319 [main] ERROR org.apache.poi.openxml4j.opc.PackageRelationshipCollection - Cannot convert mailto:2343456378912@#&^*gvadhfbjnf in a valid relationship URI-> dummy-URI used
java.net.URISyntaxException: Illegal character in fragment at index 23: mailto:2343456378912@#&^*gvadhfbjnf
	at java.net.URI$Parser.fail(URI.java:2995) ~[?:?]
	at java.net.URI$Parser.checkChars(URI.java:3166) ~[?:?]
	at java.net.URI$Parser.parse(URI.java:3210) ~[?:?]
	at java.net.URI.<init>(URI.java:645) ~[?:?]
	at org.apache.poi.openxml4j.opc.PackagingURIHelper.toURI(PackagingURIHelper.java:723) ~[poi-ooxml-5.2.2.jar:5.2.2]
	at org.apache.poi.openxml4j.opc.PackageRelationshipCollection.parseRelationshipsPart(PackageRelationshipCollection.java:358) ~[poi-ooxml-5.2.2.jar:5.2.2]
	at org.apache.poi.openxml4j.opc.PackageRelationshipCollection.<init>(PackageRelationshipCollection.java:160) ~[poi-ooxml-5.2.2.jar:5.2.2]
	at org.apache.poi.openxml4j.opc.PackageRelationshipCollection.<init>(PackageRelationshipCollection.java:130) ~[poi-ooxml-5.2.2.jar:5.2.2]
	at org.apache.poi.openxml4j.opc.PackagePart.loadRelationships(PackagePart.java:565) ~[poi-ooxml-5.2.2.jar:5.2.2]
	at org.apache.poi.openxml4j.opc.OPCPackage.getParts(OPCPackage.java:745) ~[poi-ooxml-5.2.2.jar:5.2.2]
	at org.apache.poi.openxml4j.opc.OPCPackage.open(OPCPackage.java:315) ~[poi-ooxml-5.2.2.jar:5.2.2]
	at org.apache.poi.ooxml.util.PackageHelper.open(PackageHelper.java:59) ~[poi-ooxml-5.2.2.jar:5.2.2]
	at org.apache.poi.xssf.usermodel.XSSFWorkbook.<init>(XSSFWorkbook.java:289) ~[poi-ooxml-5.2.2.jar:5.2.2]
	at org.apache.poi.xssf.usermodel.XSSFWorkbook.<init>(XSSFWorkbook.java:285) ~[poi-ooxml-5.2.2.jar:5.2.2]
	at com.MOFutility.API_Excelutilities.readServiceIdFromExcel(API_Excelutilities.java:20) ~[test-classes/:?]
	at com.MOF.constants.API_URL.<clinit>(API_URL.java:209) ~[test-classes/:?]
	at com.MOFapi.MOFapi.Fetchvalid_SingleService_ValidServiceid(MOFapi.java:4891) ~[test-classes/:?]
	at jdk.internal.reflect.DirectMethodHandleAccessor.invoke(DirectMethodHandleAccessor.java:103) ~[?:?]
	at java.lang.reflect.Method.invoke(Method.java:580) ~[?:?]
	at org.testng.internal.MethodInvocationHelper.invokeMethod(MethodInvocationHelper.java:124) ~[testng-6.14.3.jar:?]
	at org.testng.internal.Invoker.invokeMethod(Invoker.java:583) ~[testng-6.14.3.jar:?]
	at org.testng.internal.Invoker.invokeTestMethod(Invoker.java:719) ~[testng-6.14.3.jar:?]
	at org.testng.internal.Invoker.invokeTestMethods(Invoker.java:989) ~[testng-6.14.3.jar:?]
	at org.testng.internal.TestMethodWorker.invokeTestMethods(TestMethodWorker.java:125) ~[testng-6.14.3.jar:?]
	at org.testng.internal.TestMethodWorker.run(TestMethodWorker.java:109) ~[testng-6.14.3.jar:?]
	at org.testng.TestRunner.privateRun(TestRunner.java:648) ~[testng-6.14.3.jar:?]
	at org.testng.TestRunner.run(TestRunner.java:505) ~[testng-6.14.3.jar:?]
	at org.testng.SuiteRunner.runTest(SuiteRunner.java:455) ~[testng-6.14.3.jar:?]
	at org.testng.SuiteRunner.runSequentially(SuiteRunner.java:450) ~[testng-6.14.3.jar:?]
	at org.testng.SuiteRunner.privateRun(SuiteRunner.java:415) ~[testng-6.14.3.jar:?]
	at org.testng.SuiteRunner.run(SuiteRunner.java:364) ~[testng-6.14.3.jar:?]
	at org.testng.SuiteRunnerWorker.runSuite(SuiteRunnerWorker.java:52) ~[testng-6.14.3.jar:?]
	at org.testng.SuiteRunnerWorker.run(SuiteRunnerWorker.java:84) ~[testng-6.14.3.jar:?]
	at org.testng.TestNG.runSuitesSequentially(TestNG.java:1208) ~[testng-6.14.3.jar:?]
	at org.testng.TestNG.runSuitesLocally(TestNG.java:1137) ~[testng-6.14.3.jar:?]
	at org.testng.TestNG.runSuites(TestNG.java:1049) ~[testng-6.14.3.jar:?]
	at org.testng.TestNG.run(TestNG.java:1017) ~[testng-6.14.3.jar:?]
	at org.apache.maven.surefire.testng.TestNGExecutor.run(TestNGExecutor.java:308) ~[surefire-testng-3.3.0.jar:3.3.0]
	at org.apache.maven.surefire.testng.TestNGXmlTestSuite.execute(TestNGXmlTestSuite.java:71) ~[surefire-testng-3.3.0.jar:3.3.0]
	at org.apache.maven.surefire.testng.TestNGProvider.invoke(TestNGProvider.java:113) ~[surefire-testng-3.3.0.jar:3.3.0]
	at org.apache.maven.surefire.booter.ForkedBooter.runSuitesInProcess(ForkedBooter.java:385) ~[surefire-booter-3.3.0.jar:3.3.0]
	at org.apache.maven.surefire.booter.ForkedBooter.execute(ForkedBooter.java:162) ~[surefire-booter-3.3.0.jar:3.3.0]
	at org.apache.maven.surefire.booter.ForkedBooter.run(ForkedBooter.java:507) ~[surefire-booter-3.3.0.jar:3.3.0]
	at org.apache.maven.surefire.booter.ForkedBooter.main(ForkedBooter.java:495) ~[surefire-booter-3.3.0.jar:3.3.0]
17:05:53.347 [main] ERROR org.apache.poi.openxml4j.opc.PackageRelationshipCollection - Cannot convert mailto:ALPA@#$%^245234534 in a valid relationship URI-> dummy-URI used
java.net.URISyntaxException: Malformed escape pair at index 14: mailto:ALPA@#$%^245234534
	at java.net.URI$Parser.fail(URI.java:2995) ~[?:?]
	at java.net.URI$Parser.scanEscape(URI.java:3123) ~[?:?]
	at java.net.URI$Parser.scan(URI.java:3146) ~[?:?]
	at java.net.URI$Parser.checkChars(URI.java:3164) ~[?:?]
	at java.net.URI$Parser.parse(URI.java:3210) ~[?:?]
	at java.net.URI.<init>(URI.java:645) ~[?:?]
	at org.apache.poi.openxml4j.opc.PackagingURIHelper.toURI(PackagingURIHelper.java:723) ~[poi-ooxml-5.2.2.jar:5.2.2]
	at org.apache.poi.openxml4j.opc.PackageRelationshipCollection.parseRelationshipsPart(PackageRelationshipCollection.java:358) ~[poi-ooxml-5.2.2.jar:5.2.2]
	at org.apache.poi.openxml4j.opc.PackageRelationshipCollection.<init>(PackageRelationshipCollection.java:160) ~[poi-ooxml-5.2.2.jar:5.2.2]
	at org.apache.poi.openxml4j.opc.PackageRelationshipCollection.<init>(PackageRelationshipCollection.java:130) ~[poi-ooxml-5.2.2.jar:5.2.2]
	at org.apache.poi.openxml4j.opc.PackagePart.loadRelationships(PackagePart.java:565) ~[poi-ooxml-5.2.2.jar:5.2.2]
	at org.apache.poi.openxml4j.opc.OPCPackage.getParts(OPCPackage.java:745) ~[poi-ooxml-5.2.2.jar:5.2.2]
	at org.apache.poi.openxml4j.opc.OPCPackage.open(OPCPackage.java:315) ~[poi-ooxml-5.2.2.jar:5.2.2]
	at org.apache.poi.ooxml.util.PackageHelper.open(PackageHelper.java:59) ~[poi-ooxml-5.2.2.jar:5.2.2]
	at org.apache.poi.xssf.usermodel.XSSFWorkbook.<init>(XSSFWorkbook.java:289) ~[poi-ooxml-5.2.2.jar:5.2.2]
	at org.apache.poi.xssf.usermodel.XSSFWorkbook.<init>(XSSFWorkbook.java:285) ~[poi-ooxml-5.2.2.jar:5.2.2]
	at com.MOFutility.API_Excelutilities.readServiceIdFromExcel(API_Excelutilities.java:20) ~[test-classes/:?]
	at com.MOF.constants.API_URL.<clinit>(API_URL.java:210) ~[test-classes/:?]
	at com.MOFapi.MOFapi.Fetchvalid_SingleService_ValidServiceid(MOFapi.java:4891) ~[test-classes/:?]
	at jdk.internal.reflect.DirectMethodHandleAccessor.invoke(DirectMethodHandleAccessor.java:103) ~[?:?]
	at java.lang.reflect.Method.invoke(Method.java:580) ~[?:?]
	at org.testng.internal.MethodInvocationHelper.invokeMethod(MethodInvocationHelper.java:124) ~[testng-6.14.3.jar:?]
	at org.testng.internal.Invoker.invokeMethod(Invoker.java:583) ~[testng-6.14.3.jar:?]
	at org.testng.internal.Invoker.invokeTestMethod(Invoker.java:719) ~[testng-6.14.3.jar:?]
	at org.testng.internal.Invoker.invokeTestMethods(Invoker.java:989) ~[testng-6.14.3.jar:?]
	at org.testng.internal.TestMethodWorker.invokeTestMethods(TestMethodWorker.java:125) ~[testng-6.14.3.jar:?]
	at org.testng.internal.TestMethodWorker.run(TestMethodWorker.java:109) ~[testng-6.14.3.jar:?]
	at org.testng.TestRunner.privateRun(TestRunner.java:648) ~[testng-6.14.3.jar:?]
	at org.testng.TestRunner.run(TestRunner.java:505) ~[testng-6.14.3.jar:?]
	at org.testng.SuiteRunner.runTest(SuiteRunner.java:455) ~[testng-6.14.3.jar:?]
	at org.testng.SuiteRunner.runSequentially(SuiteRunner.java:450) ~[testng-6.14.3.jar:?]
	at org.testng.SuiteRunner.privateRun(SuiteRunner.java:415) ~[testng-6.14.3.jar:?]
	at org.testng.SuiteRunner.run(SuiteRunner.java:364) ~[testng-6.14.3.jar:?]
	at org.testng.SuiteRunnerWorker.runSuite(SuiteRunnerWorker.java:52) ~[testng-6.14.3.jar:?]
	at org.testng.SuiteRunnerWorker.run(SuiteRunnerWorker.java:84) ~[testng-6.14.3.jar:?]
	at org.testng.TestNG.runSuitesSequentially(TestNG.java:1208) ~[testng-6.14.3.jar:?]
	at org.testng.TestNG.runSuitesLocally(TestNG.java:1137) ~[testng-6.14.3.jar:?]
	at org.testng.TestNG.runSuites(TestNG.java:1049) ~[testng-6.14.3.jar:?]
	at org.testng.TestNG.run(TestNG.java:1017) ~[testng-6.14.3.jar:?]
	at org.apache.maven.surefire.testng.TestNGExecutor.run(TestNGExecutor.java:308) ~[surefire-testng-3.3.0.jar:3.3.0]
	at org.apache.maven.surefire.testng.TestNGXmlTestSuite.execute(TestNGXmlTestSuite.java:71) ~[surefire-testng-3.3.0.jar:3.3.0]
	at org.apache.maven.surefire.testng.TestNGProvider.invoke(TestNGProvider.java:113) ~[surefire-testng-3.3.0.jar:3.3.0]
	at org.apache.maven.surefire.booter.ForkedBooter.runSuitesInProcess(ForkedBooter.java:385) ~[surefire-booter-3.3.0.jar:3.3.0]
	at org.apache.maven.surefire.booter.ForkedBooter.execute(ForkedBooter.java:162) ~[surefire-booter-3.3.0.jar:3.3.0]
	at org.apache.maven.surefire.booter.ForkedBooter.run(ForkedBooter.java:507) ~[surefire-booter-3.3.0.jar:3.3.0]
	at org.apache.maven.surefire.booter.ForkedBooter.main(ForkedBooter.java:495) ~[surefire-booter-3.3.0.jar:3.3.0]
17:05:53.348 [main] ERROR org.apache.poi.openxml4j.opc.PackageRelationshipCollection - Cannot convert mailto:ALPHAAAAAA@@@@@!@##$$$%12344 in a valid relationship URI-> dummy-URI used
java.net.URISyntaxException: Illegal character in fragment at index 25: mailto:ALPHAAAAAA@@@@@!@##$$$%12344
	at java.net.URI$Parser.fail(URI.java:2995) ~[?:?]
	at java.net.URI$Parser.checkChars(URI.java:3166) ~[?:?]
	at java.net.URI$Parser.parse(URI.java:3210) ~[?:?]
	at java.net.URI.<init>(URI.java:645) ~[?:?]
	at org.apache.poi.openxml4j.opc.PackagingURIHelper.toURI(PackagingURIHelper.java:723) ~[poi-ooxml-5.2.2.jar:5.2.2]
	at org.apache.poi.openxml4j.opc.PackageRelationshipCollection.parseRelationshipsPart(PackageRelationshipCollection.java:358) ~[poi-ooxml-5.2.2.jar:5.2.2]
	at org.apache.poi.openxml4j.opc.PackageRelationshipCollection.<init>(PackageRelationshipCollection.java:160) ~[poi-ooxml-5.2.2.jar:5.2.2]
	at org.apache.poi.openxml4j.opc.PackageRelationshipCollection.<init>(PackageRelationshipCollection.java:130) ~[poi-ooxml-5.2.2.jar:5.2.2]
	at org.apache.poi.openxml4j.opc.PackagePart.loadRelationships(PackagePart.java:565) ~[poi-ooxml-5.2.2.jar:5.2.2]
	at org.apache.poi.openxml4j.opc.OPCPackage.getParts(OPCPackage.java:745) ~[poi-ooxml-5.2.2.jar:5.2.2]
	at org.apache.poi.openxml4j.opc.OPCPackage.open(OPCPackage.java:315) ~[poi-ooxml-5.2.2.jar:5.2.2]
	at org.apache.poi.ooxml.util.PackageHelper.open(PackageHelper.java:59) ~[poi-ooxml-5.2.2.jar:5.2.2]
	at org.apache.poi.xssf.usermodel.XSSFWorkbook.<init>(XSSFWorkbook.java:289) ~[poi-ooxml-5.2.2.jar:5.2.2]
	at org.apache.poi.xssf.usermodel.XSSFWorkbook.<init>(XSSFWorkbook.java:285) ~[poi-ooxml-5.2.2.jar:5.2.2]
	at com.MOFutility.API_Excelutilities.readServiceIdFromExcel(API_Excelutilities.java:20) ~[test-classes/:?]
	at com.MOF.constants.API_URL.<clinit>(API_URL.java:210) ~[test-classes/:?]
	at com.MOFapi.MOFapi.Fetchvalid_SingleService_ValidServiceid(MOFapi.java:4891) ~[test-classes/:?]
	at jdk.internal.reflect.DirectMethodHandleAccessor.invoke(DirectMethodHandleAccessor.java:103) ~[?:?]
	at java.lang.reflect.Method.invoke(Method.java:580) ~[?:?]
	at org.testng.internal.MethodInvocationHelper.invokeMethod(MethodInvocationHelper.java:124) ~[testng-6.14.3.jar:?]
	at org.testng.internal.Invoker.invokeMethod(Invoker.java:583) ~[testng-6.14.3.jar:?]
	at org.testng.internal.Invoker.invokeTestMethod(Invoker.java:719) ~[testng-6.14.3.jar:?]
	at org.testng.internal.Invoker.invokeTestMethods(Invoker.java:989) ~[testng-6.14.3.jar:?]
	at org.testng.internal.TestMethodWorker.invokeTestMethods(TestMethodWorker.java:125) ~[testng-6.14.3.jar:?]
	at org.testng.internal.TestMethodWorker.run(TestMethodWorker.java:109) ~[testng-6.14.3.jar:?]
	at org.testng.TestRunner.privateRun(TestRunner.java:648) ~[testng-6.14.3.jar:?]
	at org.testng.TestRunner.run(TestRunner.java:505) ~[testng-6.14.3.jar:?]
	at org.testng.SuiteRunner.runTest(SuiteRunner.java:455) ~[testng-6.14.3.jar:?]
	at org.testng.SuiteRunner.runSequentially(SuiteRunner.java:450) ~[testng-6.14.3.jar:?]
	at org.testng.SuiteRunner.privateRun(SuiteRunner.java:415) ~[testng-6.14.3.jar:?]
	at org.testng.SuiteRunner.run(SuiteRunner.java:364) ~[testng-6.14.3.jar:?]
	at org.testng.SuiteRunnerWorker.runSuite(SuiteRunnerWorker.java:52) ~[testng-6.14.3.jar:?]
	at org.testng.SuiteRunnerWorker.run(SuiteRunnerWorker.java:84) ~[testng-6.14.3.jar:?]
	at org.testng.TestNG.runSuitesSequentially(TestNG.java:1208) ~[testng-6.14.3.jar:?]
	at org.testng.TestNG.runSuitesLocally(TestNG.java:1137) ~[testng-6.14.3.jar:?]
	at org.testng.TestNG.runSuites(TestNG.java:1049) ~[testng-6.14.3.jar:?]
	at org.testng.TestNG.run(TestNG.java:1017) ~[testng-6.14.3.jar:?]
	at org.apache.maven.surefire.testng.TestNGExecutor.run(TestNGExecutor.java:308) ~[surefire-testng-3.3.0.jar:3.3.0]
	at org.apache.maven.surefire.testng.TestNGXmlTestSuite.execute(TestNGXmlTestSuite.java:71) ~[surefire-testng-3.3.0.jar:3.3.0]
	at org.apache.maven.surefire.testng.TestNGProvider.invoke(TestNGProvider.java:113) ~[surefire-testng-3.3.0.jar:3.3.0]
	at org.apache.maven.surefire.booter.ForkedBooter.runSuitesInProcess(ForkedBooter.java:385) ~[surefire-booter-3.3.0.jar:3.3.0]
	at org.apache.maven.surefire.booter.ForkedBooter.execute(ForkedBooter.java:162) ~[surefire-booter-3.3.0.jar:3.3.0]
	at org.apache.maven.surefire.booter.ForkedBooter.run(ForkedBooter.java:507) ~[surefire-booter-3.3.0.jar:3.3.0]
	at org.apache.maven.surefire.booter.ForkedBooter.main(ForkedBooter.java:495) ~[surefire-booter-3.3.0.jar:3.3.0]
17:05:53.349 [main] ERROR org.apache.poi.openxml4j.opc.PackageRelationshipCollection - Cannot convert mailto:2343456378912@#&^*gvadhfbjnf in a valid relationship URI-> dummy-URI used
java.net.URISyntaxException: Illegal character in fragment at index 23: mailto:2343456378912@#&^*gvadhfbjnf
	at java.net.URI$Parser.fail(URI.java:2995) ~[?:?]
	at java.net.URI$Parser.checkChars(URI.java:3166) ~[?:?]
	at java.net.URI$Parser.parse(URI.java:3210) ~[?:?]
	at java.net.URI.<init>(URI.java:645) ~[?:?]
	at org.apache.poi.openxml4j.opc.PackagingURIHelper.toURI(PackagingURIHelper.java:723) ~[poi-ooxml-5.2.2.jar:5.2.2]
	at org.apache.poi.openxml4j.opc.PackageRelationshipCollection.parseRelationshipsPart(PackageRelationshipCollection.java:358) ~[poi-ooxml-5.2.2.jar:5.2.2]
	at org.apache.poi.openxml4j.opc.PackageRelationshipCollection.<init>(PackageRelationshipCollection.java:160) ~[poi-ooxml-5.2.2.jar:5.2.2]
	at org.apache.poi.openxml4j.opc.PackageRelationshipCollection.<init>(PackageRelationshipCollection.java:130) ~[poi-ooxml-5.2.2.jar:5.2.2]
	at org.apache.poi.openxml4j.opc.PackagePart.loadRelationships(PackagePart.java:565) ~[poi-ooxml-5.2.2.jar:5.2.2]
	at org.apache.poi.openxml4j.opc.OPCPackage.getParts(OPCPackage.java:745) ~[poi-ooxml-5.2.2.jar:5.2.2]
	at org.apache.poi.openxml4j.opc.OPCPackage.open(OPCPackage.java:315) ~[poi-ooxml-5.2.2.jar:5.2.2]
	at org.apache.poi.ooxml.util.PackageHelper.open(PackageHelper.java:59) ~[poi-ooxml-5.2.2.jar:5.2.2]
	at org.apache.poi.xssf.usermodel.XSSFWorkbook.<init>(XSSFWorkbook.java:289) ~[poi-ooxml-5.2.2.jar:5.2.2]
	at org.apache.poi.xssf.usermodel.XSSFWorkbook.<init>(XSSFWorkbook.java:285) ~[poi-ooxml-5.2.2.jar:5.2.2]
	at com.MOFutility.API_Excelutilities.readServiceIdFromExcel(API_Excelutilities.java:20) ~[test-classes/:?]
	at com.MOF.constants.API_URL.<clinit>(API_URL.java:210) ~[test-classes/:?]
	at com.MOFapi.MOFapi.Fetchvalid_SingleService_ValidServiceid(MOFapi.java:4891) ~[test-classes/:?]
	at jdk.internal.reflect.DirectMethodHandleAccessor.invoke(DirectMethodHandleAccessor.java:103) ~[?:?]
	at java.lang.reflect.Method.invoke(Method.java:580) ~[?:?]
	at org.testng.internal.MethodInvocationHelper.invokeMethod(MethodInvocationHelper.java:124) ~[testng-6.14.3.jar:?]
	at org.testng.internal.Invoker.invokeMethod(Invoker.java:583) ~[testng-6.14.3.jar:?]
	at org.testng.internal.Invoker.invokeTestMethod(Invoker.java:719) ~[testng-6.14.3.jar:?]
	at org.testng.internal.Invoker.invokeTestMethods(Invoker.java:989) ~[testng-6.14.3.jar:?]
	at org.testng.internal.TestMethodWorker.invokeTestMethods(TestMethodWorker.java:125) ~[testng-6.14.3.jar:?]
	at org.testng.internal.TestMethodWorker.run(TestMethodWorker.java:109) ~[testng-6.14.3.jar:?]
	at org.testng.TestRunner.privateRun(TestRunner.java:648) ~[testng-6.14.3.jar:?]
	at org.testng.TestRunner.run(TestRunner.java:505) ~[testng-6.14.3.jar:?]
	at org.testng.SuiteRunner.runTest(SuiteRunner.java:455) ~[testng-6.14.3.jar:?]
	at org.testng.SuiteRunner.runSequentially(SuiteRunner.java:450) ~[testng-6.14.3.jar:?]
	at org.testng.SuiteRunner.privateRun(SuiteRunner.java:415) ~[testng-6.14.3.jar:?]
	at org.testng.SuiteRunner.run(SuiteRunner.java:364) ~[testng-6.14.3.jar:?]
	at org.testng.SuiteRunnerWorker.runSuite(SuiteRunnerWorker.java:52) ~[testng-6.14.3.jar:?]
	at org.testng.SuiteRunnerWorker.run(SuiteRunnerWorker.java:84) ~[testng-6.14.3.jar:?]
	at org.testng.TestNG.runSuitesSequentially(TestNG.java:1208) ~[testng-6.14.3.jar:?]
	at org.testng.TestNG.runSuitesLocally(TestNG.java:1137) ~[testng-6.14.3.jar:?]
	at org.testng.TestNG.runSuites(TestNG.java:1049) ~[testng-6.14.3.jar:?]
	at org.testng.TestNG.run(TestNG.java:1017) ~[testng-6.14.3.jar:?]
	at org.apache.maven.surefire.testng.TestNGExecutor.run(TestNGExecutor.java:308) ~[surefire-testng-3.3.0.jar:3.3.0]
	at org.apache.maven.surefire.testng.TestNGXmlTestSuite.execute(TestNGXmlTestSuite.java:71) ~[surefire-testng-3.3.0.jar:3.3.0]
	at org.apache.maven.surefire.testng.TestNGProvider.invoke(TestNGProvider.java:113) ~[surefire-testng-3.3.0.jar:3.3.0]
	at org.apache.maven.surefire.booter.ForkedBooter.runSuitesInProcess(ForkedBooter.java:385) ~[surefire-booter-3.3.0.jar:3.3.0]
	at org.apache.maven.surefire.booter.ForkedBooter.execute(ForkedBooter.java:162) ~[surefire-booter-3.3.0.jar:3.3.0]
	at org.apache.maven.surefire.booter.ForkedBooter.run(ForkedBooter.java:507) ~[surefire-booter-3.3.0.jar:3.3.0]
	at org.apache.maven.surefire.booter.ForkedBooter.main(ForkedBooter.java:495) ~[surefire-booter-3.3.0.jar:3.3.0]
17:05:53.382 [main] ERROR org.apache.poi.openxml4j.opc.PackageRelationshipCollection - Cannot convert mailto:ALPA@#$%^245234534 in a valid relationship URI-> dummy-URI used
java.net.URISyntaxException: Malformed escape pair at index 14: mailto:ALPA@#$%^245234534
	at java.net.URI$Parser.fail(URI.java:2995) ~[?:?]
	at java.net.URI$Parser.scanEscape(URI.java:3123) ~[?:?]
	at java.net.URI$Parser.scan(URI.java:3146) ~[?:?]
	at java.net.URI$Parser.checkChars(URI.java:3164) ~[?:?]
	at java.net.URI$Parser.parse(URI.java:3210) ~[?:?]
	at java.net.URI.<init>(URI.java:645) ~[?:?]
	at org.apache.poi.openxml4j.opc.PackagingURIHelper.toURI(PackagingURIHelper.java:723) ~[poi-ooxml-5.2.2.jar:5.2.2]
	at org.apache.poi.openxml4j.opc.PackageRelationshipCollection.parseRelationshipsPart(PackageRelationshipCollection.java:358) ~[poi-ooxml-5.2.2.jar:5.2.2]
	at org.apache.poi.openxml4j.opc.PackageRelationshipCollection.<init>(PackageRelationshipCollection.java:160) ~[poi-ooxml-5.2.2.jar:5.2.2]
	at org.apache.poi.openxml4j.opc.PackageRelationshipCollection.<init>(PackageRelationshipCollection.java:130) ~[poi-ooxml-5.2.2.jar:5.2.2]
	at org.apache.poi.openxml4j.opc.PackagePart.loadRelationships(PackagePart.java:565) ~[poi-ooxml-5.2.2.jar:5.2.2]
	at org.apache.poi.openxml4j.opc.OPCPackage.getParts(OPCPackage.java:745) ~[poi-ooxml-5.2.2.jar:5.2.2]
	at org.apache.poi.openxml4j.opc.OPCPackage.open(OPCPackage.java:315) ~[poi-ooxml-5.2.2.jar:5.2.2]
	at org.apache.poi.ooxml.util.PackageHelper.open(PackageHelper.java:59) ~[poi-ooxml-5.2.2.jar:5.2.2]
	at org.apache.poi.xssf.usermodel.XSSFWorkbook.<init>(XSSFWorkbook.java:289) ~[poi-ooxml-5.2.2.jar:5.2.2]
	at org.apache.poi.xssf.usermodel.XSSFWorkbook.<init>(XSSFWorkbook.java:285) ~[poi-ooxml-5.2.2.jar:5.2.2]
	at com.MOFutility.API_Excelutilities.readServiceIdFromExcel(API_Excelutilities.java:20) ~[test-classes/:?]
	at com.MOF.constants.API_URL.<clinit>(API_URL.java:211) ~[test-classes/:?]
	at com.MOFapi.MOFapi.Fetchvalid_SingleService_ValidServiceid(MOFapi.java:4891) ~[test-classes/:?]
	at jdk.internal.reflect.DirectMethodHandleAccessor.invoke(DirectMethodHandleAccessor.java:103) ~[?:?]
	at java.lang.reflect.Method.invoke(Method.java:580) ~[?:?]
	at org.testng.internal.MethodInvocationHelper.invokeMethod(MethodInvocationHelper.java:124) ~[testng-6.14.3.jar:?]
	at org.testng.internal.Invoker.invokeMethod(Invoker.java:583) ~[testng-6.14.3.jar:?]
	at org.testng.internal.Invoker.invokeTestMethod(Invoker.java:719) ~[testng-6.14.3.jar:?]
	at org.testng.internal.Invoker.invokeTestMethods(Invoker.java:989) ~[testng-6.14.3.jar:?]
	at org.testng.internal.TestMethodWorker.invokeTestMethods(TestMethodWorker.java:125) ~[testng-6.14.3.jar:?]
	at org.testng.internal.TestMethodWorker.run(TestMethodWorker.java:109) ~[testng-6.14.3.jar:?]
	at org.testng.TestRunner.privateRun(TestRunner.java:648) ~[testng-6.14.3.jar:?]
	at org.testng.TestRunner.run(TestRunner.java:505) ~[testng-6.14.3.jar:?]
	at org.testng.SuiteRunner.runTest(SuiteRunner.java:455) ~[testng-6.14.3.jar:?]
	at org.testng.SuiteRunner.runSequentially(SuiteRunner.java:450) ~[testng-6.14.3.jar:?]
	at org.testng.SuiteRunner.privateRun(SuiteRunner.java:415) ~[testng-6.14.3.jar:?]
	at org.testng.SuiteRunner.run(SuiteRunner.java:364) ~[testng-6.14.3.jar:?]
	at org.testng.SuiteRunnerWorker.runSuite(SuiteRunnerWorker.java:52) ~[testng-6.14.3.jar:?]
	at org.testng.SuiteRunnerWorker.run(SuiteRunnerWorker.java:84) ~[testng-6.14.3.jar:?]
	at org.testng.TestNG.runSuitesSequentially(TestNG.java:1208) ~[testng-6.14.3.jar:?]
	at org.testng.TestNG.runSuitesLocally(TestNG.java:1137) ~[testng-6.14.3.jar:?]
	at org.testng.TestNG.runSuites(TestNG.java:1049) ~[testng-6.14.3.jar:?]
	at org.testng.TestNG.run(TestNG.java:1017) ~[testng-6.14.3.jar:?]
	at org.apache.maven.surefire.testng.TestNGExecutor.run(TestNGExecutor.java:308) ~[surefire-testng-3.3.0.jar:3.3.0]
	at org.apache.maven.surefire.testng.TestNGXmlTestSuite.execute(TestNGXmlTestSuite.java:71) ~[surefire-testng-3.3.0.jar:3.3.0]
	at org.apache.maven.surefire.testng.TestNGProvider.invoke(TestNGProvider.java:113) ~[surefire-testng-3.3.0.jar:3.3.0]
	at org.apache.maven.surefire.booter.ForkedBooter.runSuitesInProcess(ForkedBooter.java:385) ~[surefire-booter-3.3.0.jar:3.3.0]
	at org.apache.maven.surefire.booter.ForkedBooter.execute(ForkedBooter.java:162) ~[surefire-booter-3.3.0.jar:3.3.0]
	at org.apache.maven.surefire.booter.ForkedBooter.run(ForkedBooter.java:507) ~[surefire-booter-3.3.0.jar:3.3.0]
	at org.apache.maven.surefire.booter.ForkedBooter.main(ForkedBooter.java:495) ~[surefire-booter-3.3.0.jar:3.3.0]
17:05:53.383 [main] ERROR org.apache.poi.openxml4j.opc.PackageRelationshipCollection - Cannot convert mailto:ALPHAAAAAA@@@@@!@##$$$%12344 in a valid relationship URI-> dummy-URI used
java.net.URISyntaxException: Illegal character in fragment at index 25: mailto:ALPHAAAAAA@@@@@!@##$$$%12344
	at java.net.URI$Parser.fail(URI.java:2995) ~[?:?]
	at java.net.URI$Parser.checkChars(URI.java:3166) ~[?:?]
	at java.net.URI$Parser.parse(URI.java:3210) ~[?:?]
	at java.net.URI.<init>(URI.java:645) ~[?:?]
	at org.apache.poi.openxml4j.opc.PackagingURIHelper.toURI(PackagingURIHelper.java:723) ~[poi-ooxml-5.2.2.jar:5.2.2]
	at org.apache.poi.openxml4j.opc.PackageRelationshipCollection.parseRelationshipsPart(PackageRelationshipCollection.java:358) ~[poi-ooxml-5.2.2.jar:5.2.2]
	at org.apache.poi.openxml4j.opc.PackageRelationshipCollection.<init>(PackageRelationshipCollection.java:160) ~[poi-ooxml-5.2.2.jar:5.2.2]
	at org.apache.poi.openxml4j.opc.PackageRelationshipCollection.<init>(PackageRelationshipCollection.java:130) ~[poi-ooxml-5.2.2.jar:5.2.2]
	at org.apache.poi.openxml4j.opc.PackagePart.loadRelationships(PackagePart.java:565) ~[poi-ooxml-5.2.2.jar:5.2.2]
	at org.apache.poi.openxml4j.opc.OPCPackage.getParts(OPCPackage.java:745) ~[poi-ooxml-5.2.2.jar:5.2.2]
	at org.apache.poi.openxml4j.opc.OPCPackage.open(OPCPackage.java:315) ~[poi-ooxml-5.2.2.jar:5.2.2]
	at org.apache.poi.ooxml.util.PackageHelper.open(PackageHelper.java:59) ~[poi-ooxml-5.2.2.jar:5.2.2]
	at org.apache.poi.xssf.usermodel.XSSFWorkbook.<init>(XSSFWorkbook.java:289) ~[poi-ooxml-5.2.2.jar:5.2.2]
	at org.apache.poi.xssf.usermodel.XSSFWorkbook.<init>(XSSFWorkbook.java:285) ~[poi-ooxml-5.2.2.jar:5.2.2]
	at com.MOFutility.API_Excelutilities.readServiceIdFromExcel(API_Excelutilities.java:20) ~[test-classes/:?]
	at com.MOF.constants.API_URL.<clinit>(API_URL.java:211) ~[test-classes/:?]
	at com.MOFapi.MOFapi.Fetchvalid_SingleService_ValidServiceid(MOFapi.java:4891) ~[test-classes/:?]
	at jdk.internal.reflect.DirectMethodHandleAccessor.invoke(DirectMethodHandleAccessor.java:103) ~[?:?]
	at java.lang.reflect.Method.invoke(Method.java:580) ~[?:?]
	at org.testng.internal.MethodInvocationHelper.invokeMethod(MethodInvocationHelper.java:124) ~[testng-6.14.3.jar:?]
	at org.testng.internal.Invoker.invokeMethod(Invoker.java:583) ~[testng-6.14.3.jar:?]
	at org.testng.internal.Invoker.invokeTestMethod(Invoker.java:719) ~[testng-6.14.3.jar:?]
	at org.testng.internal.Invoker.invokeTestMethods(Invoker.java:989) ~[testng-6.14.3.jar:?]
	at org.testng.internal.TestMethodWorker.invokeTestMethods(TestMethodWorker.java:125) ~[testng-6.14.3.jar:?]
	at org.testng.internal.TestMethodWorker.run(TestMethodWorker.java:109) ~[testng-6.14.3.jar:?]
	at org.testng.TestRunner.privateRun(TestRunner.java:648) ~[testng-6.14.3.jar:?]
	at org.testng.TestRunner.run(TestRunner.java:505) ~[testng-6.14.3.jar:?]
	at org.testng.SuiteRunner.runTest(SuiteRunner.java:455) ~[testng-6.14.3.jar:?]
	at org.testng.SuiteRunner.runSequentially(SuiteRunner.java:450) ~[testng-6.14.3.jar:?]
	at org.testng.SuiteRunner.privateRun(SuiteRunner.java:415) ~[testng-6.14.3.jar:?]
	at org.testng.SuiteRunner.run(SuiteRunner.java:364) ~[testng-6.14.3.jar:?]
	at org.testng.SuiteRunnerWorker.runSuite(SuiteRunnerWorker.java:52) ~[testng-6.14.3.jar:?]
	at org.testng.SuiteRunnerWorker.run(SuiteRunnerWorker.java:84) ~[testng-6.14.3.jar:?]
	at org.testng.TestNG.runSuitesSequentially(TestNG.java:1208) ~[testng-6.14.3.jar:?]
	at org.testng.TestNG.runSuitesLocally(TestNG.java:1137) ~[testng-6.14.3.jar:?]
	at org.testng.TestNG.runSuites(TestNG.java:1049) ~[testng-6.14.3.jar:?]
	at org.testng.TestNG.run(TestNG.java:1017) ~[testng-6.14.3.jar:?]
	at org.apache.maven.surefire.testng.TestNGExecutor.run(TestNGExecutor.java:308) ~[surefire-testng-3.3.0.jar:3.3.0]
	at org.apache.maven.surefire.testng.TestNGXmlTestSuite.execute(TestNGXmlTestSuite.java:71) ~[surefire-testng-3.3.0.jar:3.3.0]
	at org.apache.maven.surefire.testng.TestNGProvider.invoke(TestNGProvider.java:113) ~[surefire-testng-3.3.0.jar:3.3.0]
	at org.apache.maven.surefire.booter.ForkedBooter.runSuitesInProcess(ForkedBooter.java:385) ~[surefire-booter-3.3.0.jar:3.3.0]
	at org.apache.maven.surefire.booter.ForkedBooter.execute(ForkedBooter.java:162) ~[surefire-booter-3.3.0.jar:3.3.0]
	at org.apache.maven.surefire.booter.ForkedBooter.run(ForkedBooter.java:507) ~[surefire-booter-3.3.0.jar:3.3.0]
	at org.apache.maven.surefire.booter.ForkedBooter.main(ForkedBooter.java:495) ~[surefire-booter-3.3.0.jar:3.3.0]
17:05:53.384 [main] ERROR org.apache.poi.openxml4j.opc.PackageRelationshipCollection - Cannot convert mailto:2343456378912@#&^*gvadhfbjnf in a valid relationship URI-> dummy-URI used
java.net.URISyntaxException: Illegal character in fragment at index 23: mailto:2343456378912@#&^*gvadhfbjnf
	at java.net.URI$Parser.fail(URI.java:2995) ~[?:?]
	at java.net.URI$Parser.checkChars(URI.java:3166) ~[?:?]
	at java.net.URI$Parser.parse(URI.java:3210) ~[?:?]
	at java.net.URI.<init>(URI.java:645) ~[?:?]
	at org.apache.poi.openxml4j.opc.PackagingURIHelper.toURI(PackagingURIHelper.java:723) ~[poi-ooxml-5.2.2.jar:5.2.2]
	at org.apache.poi.openxml4j.opc.PackageRelationshipCollection.parseRelationshipsPart(PackageRelationshipCollection.java:358) ~[poi-ooxml-5.2.2.jar:5.2.2]
	at org.apache.poi.openxml4j.opc.PackageRelationshipCollection.<init>(PackageRelationshipCollection.java:160) ~[poi-ooxml-5.2.2.jar:5.2.2]
	at org.apache.poi.openxml4j.opc.PackageRelationshipCollection.<init>(PackageRelationshipCollection.java:130) ~[poi-ooxml-5.2.2.jar:5.2.2]
	at org.apache.poi.openxml4j.opc.PackagePart.loadRelationships(PackagePart.java:565) ~[poi-ooxml-5.2.2.jar:5.2.2]
	at org.apache.poi.openxml4j.opc.OPCPackage.getParts(OPCPackage.java:745) ~[poi-ooxml-5.2.2.jar:5.2.2]
	at org.apache.poi.openxml4j.opc.OPCPackage.open(OPCPackage.java:315) ~[poi-ooxml-5.2.2.jar:5.2.2]
	at org.apache.poi.ooxml.util.PackageHelper.open(PackageHelper.java:59) ~[poi-ooxml-5.2.2.jar:5.2.2]
	at org.apache.poi.xssf.usermodel.XSSFWorkbook.<init>(XSSFWorkbook.java:289) ~[poi-ooxml-5.2.2.jar:5.2.2]
	at org.apache.poi.xssf.usermodel.XSSFWorkbook.<init>(XSSFWorkbook.java:285) ~[poi-ooxml-5.2.2.jar:5.2.2]
	at com.MOFutility.API_Excelutilities.readServiceIdFromExcel(API_Excelutilities.java:20) ~[test-classes/:?]
	at com.MOF.constants.API_URL.<clinit>(API_URL.java:211) ~[test-classes/:?]
	at com.MOFapi.MOFapi.Fetchvalid_SingleService_ValidServiceid(MOFapi.java:4891) ~[test-classes/:?]
	at jdk.internal.reflect.DirectMethodHandleAccessor.invoke(DirectMethodHandleAccessor.java:103) ~[?:?]
	at java.lang.reflect.Method.invoke(Method.java:580) ~[?:?]
	at org.testng.internal.MethodInvocationHelper.invokeMethod(MethodInvocationHelper.java:124) ~[testng-6.14.3.jar:?]
	at org.testng.internal.Invoker.invokeMethod(Invoker.java:583) ~[testng-6.14.3.jar:?]
	at org.testng.internal.Invoker.invokeTestMethod(Invoker.java:719) ~[testng-6.14.3.jar:?]
	at org.testng.internal.Invoker.invokeTestMethods(Invoker.java:989) ~[testng-6.14.3.jar:?]
	at org.testng.internal.TestMethodWorker.invokeTestMethods(TestMethodWorker.java:125) ~[testng-6.14.3.jar:?]
	at org.testng.internal.TestMethodWorker.run(TestMethodWorker.java:109) ~[testng-6.14.3.jar:?]
	at org.testng.TestRunner.privateRun(TestRunner.java:648) ~[testng-6.14.3.jar:?]
	at org.testng.TestRunner.run(TestRunner.java:505) ~[testng-6.14.3.jar:?]
	at org.testng.SuiteRunner.runTest(SuiteRunner.java:455) ~[testng-6.14.3.jar:?]
	at org.testng.SuiteRunner.runSequentially(SuiteRunner.java:450) ~[testng-6.14.3.jar:?]
	at org.testng.SuiteRunner.privateRun(SuiteRunner.java:415) ~[testng-6.14.3.jar:?]
	at org.testng.SuiteRunner.run(SuiteRunner.java:364) ~[testng-6.14.3.jar:?]
	at org.testng.SuiteRunnerWorker.runSuite(SuiteRunnerWorker.java:52) ~[testng-6.14.3.jar:?]
	at org.testng.SuiteRunnerWorker.run(SuiteRunnerWorker.java:84) ~[testng-6.14.3.jar:?]
	at org.testng.TestNG.runSuitesSequentially(TestNG.java:1208) ~[testng-6.14.3.jar:?]
	at org.testng.TestNG.runSuitesLocally(TestNG.java:1137) ~[testng-6.14.3.jar:?]
	at org.testng.TestNG.runSuites(TestNG.java:1049) ~[testng-6.14.3.jar:?]
	at org.testng.TestNG.run(TestNG.java:1017) ~[testng-6.14.3.jar:?]
	at org.apache.maven.surefire.testng.TestNGExecutor.run(TestNGExecutor.java:308) ~[surefire-testng-3.3.0.jar:3.3.0]
	at org.apache.maven.surefire.testng.TestNGXmlTestSuite.execute(TestNGXmlTestSuite.java:71) ~[surefire-testng-3.3.0.jar:3.3.0]
	at org.apache.maven.surefire.testng.TestNGProvider.invoke(TestNGProvider.java:113) ~[surefire-testng-3.3.0.jar:3.3.0]
	at org.apache.maven.surefire.booter.ForkedBooter.runSuitesInProcess(ForkedBooter.java:385) ~[surefire-booter-3.3.0.jar:3.3.0]
	at org.apache.maven.surefire.booter.ForkedBooter.execute(ForkedBooter.java:162) ~[surefire-booter-3.3.0.jar:3.3.0]
	at org.apache.maven.surefire.booter.ForkedBooter.run(ForkedBooter.java:507) ~[surefire-booter-3.3.0.jar:3.3.0]
	at org.apache.maven.surefire.booter.ForkedBooter.main(ForkedBooter.java:495) ~[surefire-booter-3.3.0.jar:3.3.0]
17:05:53.412 [main] ERROR org.apache.poi.openxml4j.opc.PackageRelationshipCollection - Cannot convert mailto:ALPA@#$%^245234534 in a valid relationship URI-> dummy-URI used
java.net.URISyntaxException: Malformed escape pair at index 14: mailto:ALPA@#$%^245234534
	at java.net.URI$Parser.fail(URI.java:2995) ~[?:?]
	at java.net.URI$Parser.scanEscape(URI.java:3123) ~[?:?]
	at java.net.URI$Parser.scan(URI.java:3146) ~[?:?]
	at java.net.URI$Parser.checkChars(URI.java:3164) ~[?:?]
	at java.net.URI$Parser.parse(URI.java:3210) ~[?:?]
	at java.net.URI.<init>(URI.java:645) ~[?:?]
	at org.apache.poi.openxml4j.opc.PackagingURIHelper.toURI(PackagingURIHelper.java:723) ~[poi-ooxml-5.2.2.jar:5.2.2]
	at org.apache.poi.openxml4j.opc.PackageRelationshipCollection.parseRelationshipsPart(PackageRelationshipCollection.java:358) ~[poi-ooxml-5.2.2.jar:5.2.2]
	at org.apache.poi.openxml4j.opc.PackageRelationshipCollection.<init>(PackageRelationshipCollection.java:160) ~[poi-ooxml-5.2.2.jar:5.2.2]
	at org.apache.poi.openxml4j.opc.PackageRelationshipCollection.<init>(PackageRelationshipCollection.java:130) ~[poi-ooxml-5.2.2.jar:5.2.2]
	at org.apache.poi.openxml4j.opc.PackagePart.loadRelationships(PackagePart.java:565) ~[poi-ooxml-5.2.2.jar:5.2.2]
	at org.apache.poi.openxml4j.opc.OPCPackage.getParts(OPCPackage.java:745) ~[poi-ooxml-5.2.2.jar:5.2.2]
	at org.apache.poi.openxml4j.opc.OPCPackage.open(OPCPackage.java:315) ~[poi-ooxml-5.2.2.jar:5.2.2]
	at org.apache.poi.ooxml.util.PackageHelper.open(PackageHelper.java:59) ~[poi-ooxml-5.2.2.jar:5.2.2]
	at org.apache.poi.xssf.usermodel.XSSFWorkbook.<init>(XSSFWorkbook.java:289) ~[poi-ooxml-5.2.2.jar:5.2.2]
	at org.apache.poi.xssf.usermodel.XSSFWorkbook.<init>(XSSFWorkbook.java:285) ~[poi-ooxml-5.2.2.jar:5.2.2]
	at com.MOFutility.API_Excelutilities.readServiceIdFromExcel(API_Excelutilities.java:20) ~[test-classes/:?]
	at com.MOF.constants.API_URL.<clinit>(API_URL.java:213) ~[test-classes/:?]
	at com.MOFapi.MOFapi.Fetchvalid_SingleService_ValidServiceid(MOFapi.java:4891) ~[test-classes/:?]
	at jdk.internal.reflect.DirectMethodHandleAccessor.invoke(DirectMethodHandleAccessor.java:103) ~[?:?]
	at java.lang.reflect.Method.invoke(Method.java:580) ~[?:?]
	at org.testng.internal.MethodInvocationHelper.invokeMethod(MethodInvocationHelper.java:124) ~[testng-6.14.3.jar:?]
	at org.testng.internal.Invoker.invokeMethod(Invoker.java:583) ~[testng-6.14.3.jar:?]
	at org.testng.internal.Invoker.invokeTestMethod(Invoker.java:719) ~[testng-6.14.3.jar:?]
	at org.testng.internal.Invoker.invokeTestMethods(Invoker.java:989) ~[testng-6.14.3.jar:?]
	at org.testng.internal.TestMethodWorker.invokeTestMethods(TestMethodWorker.java:125) ~[testng-6.14.3.jar:?]
	at org.testng.internal.TestMethodWorker.run(TestMethodWorker.java:109) ~[testng-6.14.3.jar:?]
	at org.testng.TestRunner.privateRun(TestRunner.java:648) ~[testng-6.14.3.jar:?]
	at org.testng.TestRunner.run(TestRunner.java:505) ~[testng-6.14.3.jar:?]
	at org.testng.SuiteRunner.runTest(SuiteRunner.java:455) ~[testng-6.14.3.jar:?]
	at org.testng.SuiteRunner.runSequentially(SuiteRunner.java:450) ~[testng-6.14.3.jar:?]
	at org.testng.SuiteRunner.privateRun(SuiteRunner.java:415) ~[testng-6.14.3.jar:?]
	at org.testng.SuiteRunner.run(SuiteRunner.java:364) ~[testng-6.14.3.jar:?]
	at org.testng.SuiteRunnerWorker.runSuite(SuiteRunnerWorker.java:52) ~[testng-6.14.3.jar:?]
	at org.testng.SuiteRunnerWorker.run(SuiteRunnerWorker.java:84) ~[testng-6.14.3.jar:?]
	at org.testng.TestNG.runSuitesSequentially(TestNG.java:1208) ~[testng-6.14.3.jar:?]
	at org.testng.TestNG.runSuitesLocally(TestNG.java:1137) ~[testng-6.14.3.jar:?]
	at org.testng.TestNG.runSuites(TestNG.java:1049) ~[testng-6.14.3.jar:?]
	at org.testng.TestNG.run(TestNG.java:1017) ~[testng-6.14.3.jar:?]
	at org.apache.maven.surefire.testng.TestNGExecutor.run(TestNGExecutor.java:308) ~[surefire-testng-3.3.0.jar:3.3.0]
	at org.apache.maven.surefire.testng.TestNGXmlTestSuite.execute(TestNGXmlTestSuite.java:71) ~[surefire-testng-3.3.0.jar:3.3.0]
	at org.apache.maven.surefire.testng.TestNGProvider.invoke(TestNGProvider.java:113) ~[surefire-testng-3.3.0.jar:3.3.0]
	at org.apache.maven.surefire.booter.ForkedBooter.runSuitesInProcess(ForkedBooter.java:385) ~[surefire-booter-3.3.0.jar:3.3.0]
	at org.apache.maven.surefire.booter.ForkedBooter.execute(ForkedBooter.java:162) ~[surefire-booter-3.3.0.jar:3.3.0]
	at org.apache.maven.surefire.booter.ForkedBooter.run(ForkedBooter.java:507) ~[surefire-booter-3.3.0.jar:3.3.0]
	at org.apache.maven.surefire.booter.ForkedBooter.main(ForkedBooter.java:495) ~[surefire-booter-3.3.0.jar:3.3.0]
17:05:53.413 [main] ERROR org.apache.poi.openxml4j.opc.PackageRelationshipCollection - Cannot convert mailto:ALPHAAAAAA@@@@@!@##$$$%12344 in a valid relationship URI-> dummy-URI used
java.net.URISyntaxException: Illegal character in fragment at index 25: mailto:ALPHAAAAAA@@@@@!@##$$$%12344
	at java.net.URI$Parser.fail(URI.java:2995) ~[?:?]
	at java.net.URI$Parser.checkChars(URI.java:3166) ~[?:?]
	at java.net.URI$Parser.parse(URI.java:3210) ~[?:?]
	at java.net.URI.<init>(URI.java:645) ~[?:?]
	at org.apache.poi.openxml4j.opc.PackagingURIHelper.toURI(PackagingURIHelper.java:723) ~[poi-ooxml-5.2.2.jar:5.2.2]
	at org.apache.poi.openxml4j.opc.PackageRelationshipCollection.parseRelationshipsPart(PackageRelationshipCollection.java:358) ~[poi-ooxml-5.2.2.jar:5.2.2]
	at org.apache.poi.openxml4j.opc.PackageRelationshipCollection.<init>(PackageRelationshipCollection.java:160) ~[poi-ooxml-5.2.2.jar:5.2.2]
	at org.apache.poi.openxml4j.opc.PackageRelationshipCollection.<init>(PackageRelationshipCollection.java:130) ~[poi-ooxml-5.2.2.jar:5.2.2]
	at org.apache.poi.openxml4j.opc.PackagePart.loadRelationships(PackagePart.java:565) ~[poi-ooxml-5.2.2.jar:5.2.2]
	at org.apache.poi.openxml4j.opc.OPCPackage.getParts(OPCPackage.java:745) ~[poi-ooxml-5.2.2.jar:5.2.2]
	at org.apache.poi.openxml4j.opc.OPCPackage.open(OPCPackage.java:315) ~[poi-ooxml-5.2.2.jar:5.2.2]
	at org.apache.poi.ooxml.util.PackageHelper.open(PackageHelper.java:59) ~[poi-ooxml-5.2.2.jar:5.2.2]
	at org.apache.poi.xssf.usermodel.XSSFWorkbook.<init>(XSSFWorkbook.java:289) ~[poi-ooxml-5.2.2.jar:5.2.2]
	at org.apache.poi.xssf.usermodel.XSSFWorkbook.<init>(XSSFWorkbook.java:285) ~[poi-ooxml-5.2.2.jar:5.2.2]
	at com.MOFutility.API_Excelutilities.readServiceIdFromExcel(API_Excelutilities.java:20) ~[test-classes/:?]
	at com.MOF.constants.API_URL.<clinit>(API_URL.java:213) ~[test-classes/:?]
	at com.MOFapi.MOFapi.Fetchvalid_SingleService_ValidServiceid(MOFapi.java:4891) ~[test-classes/:?]
	at jdk.internal.reflect.DirectMethodHandleAccessor.invoke(DirectMethodHandleAccessor.java:103) ~[?:?]
	at java.lang.reflect.Method.invoke(Method.java:580) ~[?:?]
	at org.testng.internal.MethodInvocationHelper.invokeMethod(MethodInvocationHelper.java:124) ~[testng-6.14.3.jar:?]
	at org.testng.internal.Invoker.invokeMethod(Invoker.java:583) ~[testng-6.14.3.jar:?]
	at org.testng.internal.Invoker.invokeTestMethod(Invoker.java:719) ~[testng-6.14.3.jar:?]
	at org.testng.internal.Invoker.invokeTestMethods(Invoker.java:989) ~[testng-6.14.3.jar:?]
	at org.testng.internal.TestMethodWorker.invokeTestMethods(TestMethodWorker.java:125) ~[testng-6.14.3.jar:?]
	at org.testng.internal.TestMethodWorker.run(TestMethodWorker.java:109) ~[testng-6.14.3.jar:?]
	at org.testng.TestRunner.privateRun(TestRunner.java:648) ~[testng-6.14.3.jar:?]
	at org.testng.TestRunner.run(TestRunner.java:505) ~[testng-6.14.3.jar:?]
	at org.testng.SuiteRunner.runTest(SuiteRunner.java:455) ~[testng-6.14.3.jar:?]
	at org.testng.SuiteRunner.runSequentially(SuiteRunner.java:450) ~[testng-6.14.3.jar:?]
	at org.testng.SuiteRunner.privateRun(SuiteRunner.java:415) ~[testng-6.14.3.jar:?]
	at org.testng.SuiteRunner.run(SuiteRunner.java:364) ~[testng-6.14.3.jar:?]
	at org.testng.SuiteRunnerWorker.runSuite(SuiteRunnerWorker.java:52) ~[testng-6.14.3.jar:?]
	at org.testng.SuiteRunnerWorker.run(SuiteRunnerWorker.java:84) ~[testng-6.14.3.jar:?]
	at org.testng.TestNG.runSuitesSequentially(TestNG.java:1208) ~[testng-6.14.3.jar:?]
	at org.testng.TestNG.runSuitesLocally(TestNG.java:1137) ~[testng-6.14.3.jar:?]
	at org.testng.TestNG.runSuites(TestNG.java:1049) ~[testng-6.14.3.jar:?]
	at org.testng.TestNG.run(TestNG.java:1017) ~[testng-6.14.3.jar:?]
	at org.apache.maven.surefire.testng.TestNGExecutor.run(TestNGExecutor.java:308) ~[surefire-testng-3.3.0.jar:3.3.0]
	at org.apache.maven.surefire.testng.TestNGXmlTestSuite.execute(TestNGXmlTestSuite.java:71) ~[surefire-testng-3.3.0.jar:3.3.0]
	at org.apache.maven.surefire.testng.TestNGProvider.invoke(TestNGProvider.java:113) ~[surefire-testng-3.3.0.jar:3.3.0]
	at org.apache.maven.surefire.booter.ForkedBooter.runSuitesInProcess(ForkedBooter.java:385) ~[surefire-booter-3.3.0.jar:3.3.0]
	at org.apache.maven.surefire.booter.ForkedBooter.execute(ForkedBooter.java:162) ~[surefire-booter-3.3.0.jar:3.3.0]
	at org.apache.maven.surefire.booter.ForkedBooter.run(ForkedBooter.java:507) ~[surefire-booter-3.3.0.jar:3.3.0]
	at org.apache.maven.surefire.booter.ForkedBooter.main(ForkedBooter.java:495) ~[surefire-booter-3.3.0.jar:3.3.0]
17:05:53.414 [main] ERROR org.apache.poi.openxml4j.opc.PackageRelationshipCollection - Cannot convert mailto:2343456378912@#&^*gvadhfbjnf in a valid relationship URI-> dummy-URI used
java.net.URISyntaxException: Illegal character in fragment at index 23: mailto:2343456378912@#&^*gvadhfbjnf
	at java.net.URI$Parser.fail(URI.java:2995) ~[?:?]
	at java.net.URI$Parser.checkChars(URI.java:3166) ~[?:?]
	at java.net.URI$Parser.parse(URI.java:3210) ~[?:?]
	at java.net.URI.<init>(URI.java:645) ~[?:?]
	at org.apache.poi.openxml4j.opc.PackagingURIHelper.toURI(PackagingURIHelper.java:723) ~[poi-ooxml-5.2.2.jar:5.2.2]
	at org.apache.poi.openxml4j.opc.PackageRelationshipCollection.parseRelationshipsPart(PackageRelationshipCollection.java:358) ~[poi-ooxml-5.2.2.jar:5.2.2]
	at org.apache.poi.openxml4j.opc.PackageRelationshipCollection.<init>(PackageRelationshipCollection.java:160) ~[poi-ooxml-5.2.2.jar:5.2.2]
	at org.apache.poi.openxml4j.opc.PackageRelationshipCollection.<init>(PackageRelationshipCollection.java:130) ~[poi-ooxml-5.2.2.jar:5.2.2]
	at org.apache.poi.openxml4j.opc.PackagePart.loadRelationships(PackagePart.java:565) ~[poi-ooxml-5.2.2.jar:5.2.2]
	at org.apache.poi.openxml4j.opc.OPCPackage.getParts(OPCPackage.java:745) ~[poi-ooxml-5.2.2.jar:5.2.2]
	at org.apache.poi.openxml4j.opc.OPCPackage.open(OPCPackage.java:315) ~[poi-ooxml-5.2.2.jar:5.2.2]
	at org.apache.poi.ooxml.util.PackageHelper.open(PackageHelper.java:59) ~[poi-ooxml-5.2.2.jar:5.2.2]
	at org.apache.poi.xssf.usermodel.XSSFWorkbook.<init>(XSSFWorkbook.java:289) ~[poi-ooxml-5.2.2.jar:5.2.2]
	at org.apache.poi.xssf.usermodel.XSSFWorkbook.<init>(XSSFWorkbook.java:285) ~[poi-ooxml-5.2.2.jar:5.2.2]
	at com.MOFutility.API_Excelutilities.readServiceIdFromExcel(API_Excelutilities.java:20) ~[test-classes/:?]
	at com.MOF.constants.API_URL.<clinit>(API_URL.java:213) ~[test-classes/:?]
	at com.MOFapi.MOFapi.Fetchvalid_SingleService_ValidServiceid(MOFapi.java:4891) ~[test-classes/:?]
	at jdk.internal.reflect.DirectMethodHandleAccessor.invoke(DirectMethodHandleAccessor.java:103) ~[?:?]
	at java.lang.reflect.Method.invoke(Method.java:580) ~[?:?]
	at org.testng.internal.MethodInvocationHelper.invokeMethod(MethodInvocationHelper.java:124) ~[testng-6.14.3.jar:?]
	at org.testng.internal.Invoker.invokeMethod(Invoker.java:583) ~[testng-6.14.3.jar:?]
	at org.testng.internal.Invoker.invokeTestMethod(Invoker.java:719) ~[testng-6.14.3.jar:?]
	at org.testng.internal.Invoker.invokeTestMethods(Invoker.java:989) ~[testng-6.14.3.jar:?]
	at org.testng.internal.TestMethodWorker.invokeTestMethods(TestMethodWorker.java:125) ~[testng-6.14.3.jar:?]
	at org.testng.internal.TestMethodWorker.run(TestMethodWorker.java:109) ~[testng-6.14.3.jar:?]
	at org.testng.TestRunner.privateRun(TestRunner.java:648) ~[testng-6.14.3.jar:?]
	at org.testng.TestRunner.run(TestRunner.java:505) ~[testng-6.14.3.jar:?]
	at org.testng.SuiteRunner.runTest(SuiteRunner.java:455) ~[testng-6.14.3.jar:?]
	at org.testng.SuiteRunner.runSequentially(SuiteRunner.java:450) ~[testng-6.14.3.jar:?]
	at org.testng.SuiteRunner.privateRun(SuiteRunner.java:415) ~[testng-6.14.3.jar:?]
	at org.testng.SuiteRunner.run(SuiteRunner.java:364) ~[testng-6.14.3.jar:?]
	at org.testng.SuiteRunnerWorker.runSuite(SuiteRunnerWorker.java:52) ~[testng-6.14.3.jar:?]
	at org.testng.SuiteRunnerWorker.run(SuiteRunnerWorker.java:84) ~[testng-6.14.3.jar:?]
	at org.testng.TestNG.runSuitesSequentially(TestNG.java:1208) ~[testng-6.14.3.jar:?]
	at org.testng.TestNG.runSuitesLocally(TestNG.java:1137) ~[testng-6.14.3.jar:?]
	at org.testng.TestNG.runSuites(TestNG.java:1049) ~[testng-6.14.3.jar:?]
	at org.testng.TestNG.run(TestNG.java:1017) ~[testng-6.14.3.jar:?]
	at org.apache.maven.surefire.testng.TestNGExecutor.run(TestNGExecutor.java:308) ~[surefire-testng-3.3.0.jar:3.3.0]
	at org.apache.maven.surefire.testng.TestNGXmlTestSuite.execute(TestNGXmlTestSuite.java:71) ~[surefire-testng-3.3.0.jar:3.3.0]
	at org.apache.maven.surefire.testng.TestNGProvider.invoke(TestNGProvider.java:113) ~[surefire-testng-3.3.0.jar:3.3.0]
	at org.apache.maven.surefire.booter.ForkedBooter.runSuitesInProcess(ForkedBooter.java:385) ~[surefire-booter-3.3.0.jar:3.3.0]
	at org.apache.maven.surefire.booter.ForkedBooter.execute(ForkedBooter.java:162) ~[surefire-booter-3.3.0.jar:3.3.0]
	at org.apache.maven.surefire.booter.ForkedBooter.run(ForkedBooter.java:507) ~[surefire-booter-3.3.0.jar:3.3.0]
	at org.apache.maven.surefire.booter.ForkedBooter.main(ForkedBooter.java:495) ~[surefire-booter-3.3.0.jar:3.3.0]
17:05:53.443 [main] ERROR org.apache.poi.openxml4j.opc.PackageRelationshipCollection - Cannot convert mailto:ALPA@#$%^245234534 in a valid relationship URI-> dummy-URI used
java.net.URISyntaxException: Malformed escape pair at index 14: mailto:ALPA@#$%^245234534
	at java.net.URI$Parser.fail(URI.java:2995) ~[?:?]
	at java.net.URI$Parser.scanEscape(URI.java:3123) ~[?:?]
	at java.net.URI$Parser.scan(URI.java:3146) ~[?:?]
	at java.net.URI$Parser.checkChars(URI.java:3164) ~[?:?]
	at java.net.URI$Parser.parse(URI.java:3210) ~[?:?]
	at java.net.URI.<init>(URI.java:645) ~[?:?]
	at org.apache.poi.openxml4j.opc.PackagingURIHelper.toURI(PackagingURIHelper.java:723) ~[poi-ooxml-5.2.2.jar:5.2.2]
	at org.apache.poi.openxml4j.opc.PackageRelationshipCollection.parseRelationshipsPart(PackageRelationshipCollection.java:358) ~[poi-ooxml-5.2.2.jar:5.2.2]
	at org.apache.poi.openxml4j.opc.PackageRelationshipCollection.<init>(PackageRelationshipCollection.java:160) ~[poi-ooxml-5.2.2.jar:5.2.2]
	at org.apache.poi.openxml4j.opc.PackageRelationshipCollection.<init>(PackageRelationshipCollection.java:130) ~[poi-ooxml-5.2.2.jar:5.2.2]
	at org.apache.poi.openxml4j.opc.PackagePart.loadRelationships(PackagePart.java:565) ~[poi-ooxml-5.2.2.jar:5.2.2]
	at org.apache.poi.openxml4j.opc.OPCPackage.getParts(OPCPackage.java:745) ~[poi-ooxml-5.2.2.jar:5.2.2]
	at org.apache.poi.openxml4j.opc.OPCPackage.open(OPCPackage.java:315) ~[poi-ooxml-5.2.2.jar:5.2.2]
	at org.apache.poi.ooxml.util.PackageHelper.open(PackageHelper.java:59) ~[poi-ooxml-5.2.2.jar:5.2.2]
	at org.apache.poi.xssf.usermodel.XSSFWorkbook.<init>(XSSFWorkbook.java:289) ~[poi-ooxml-5.2.2.jar:5.2.2]
	at org.apache.poi.xssf.usermodel.XSSFWorkbook.<init>(XSSFWorkbook.java:285) ~[poi-ooxml-5.2.2.jar:5.2.2]
	at com.MOFutility.API_Excelutilities.readServiceIdFromExcel(API_Excelutilities.java:20) ~[test-classes/:?]
	at com.MOF.constants.API_URL.<clinit>(API_URL.java:214) ~[test-classes/:?]
	at com.MOFapi.MOFapi.Fetchvalid_SingleService_ValidServiceid(MOFapi.java:4891) ~[test-classes/:?]
	at jdk.internal.reflect.DirectMethodHandleAccessor.invoke(DirectMethodHandleAccessor.java:103) ~[?:?]
	at java.lang.reflect.Method.invoke(Method.java:580) ~[?:?]
	at org.testng.internal.MethodInvocationHelper.invokeMethod(MethodInvocationHelper.java:124) ~[testng-6.14.3.jar:?]
	at org.testng.internal.Invoker.invokeMethod(Invoker.java:583) ~[testng-6.14.3.jar:?]
	at org.testng.internal.Invoker.invokeTestMethod(Invoker.java:719) ~[testng-6.14.3.jar:?]
	at org.testng.internal.Invoker.invokeTestMethods(Invoker.java:989) ~[testng-6.14.3.jar:?]
	at org.testng.internal.TestMethodWorker.invokeTestMethods(TestMethodWorker.java:125) ~[testng-6.14.3.jar:?]
	at org.testng.internal.TestMethodWorker.run(TestMethodWorker.java:109) ~[testng-6.14.3.jar:?]
	at org.testng.TestRunner.privateRun(TestRunner.java:648) ~[testng-6.14.3.jar:?]
	at org.testng.TestRunner.run(TestRunner.java:505) ~[testng-6.14.3.jar:?]
	at org.testng.SuiteRunner.runTest(SuiteRunner.java:455) ~[testng-6.14.3.jar:?]
	at org.testng.SuiteRunner.runSequentially(SuiteRunner.java:450) ~[testng-6.14.3.jar:?]
	at org.testng.SuiteRunner.privateRun(SuiteRunner.java:415) ~[testng-6.14.3.jar:?]
	at org.testng.SuiteRunner.run(SuiteRunner.java:364) ~[testng-6.14.3.jar:?]
	at org.testng.SuiteRunnerWorker.runSuite(SuiteRunnerWorker.java:52) ~[testng-6.14.3.jar:?]
	at org.testng.SuiteRunnerWorker.run(SuiteRunnerWorker.java:84) ~[testng-6.14.3.jar:?]
	at org.testng.TestNG.runSuitesSequentially(TestNG.java:1208) ~[testng-6.14.3.jar:?]
	at org.testng.TestNG.runSuitesLocally(TestNG.java:1137) ~[testng-6.14.3.jar:?]
	at org.testng.TestNG.runSuites(TestNG.java:1049) ~[testng-6.14.3.jar:?]
	at org.testng.TestNG.run(TestNG.java:1017) ~[testng-6.14.3.jar:?]
	at org.apache.maven.surefire.testng.TestNGExecutor.run(TestNGExecutor.java:308) ~[surefire-testng-3.3.0.jar:3.3.0]
	at org.apache.maven.surefire.testng.TestNGXmlTestSuite.execute(TestNGXmlTestSuite.java:71) ~[surefire-testng-3.3.0.jar:3.3.0]
	at org.apache.maven.surefire.testng.TestNGProvider.invoke(TestNGProvider.java:113) ~[surefire-testng-3.3.0.jar:3.3.0]
	at org.apache.maven.surefire.booter.ForkedBooter.runSuitesInProcess(ForkedBooter.java:385) ~[surefire-booter-3.3.0.jar:3.3.0]
	at org.apache.maven.surefire.booter.ForkedBooter.execute(ForkedBooter.java:162) ~[surefire-booter-3.3.0.jar:3.3.0]
	at org.apache.maven.surefire.booter.ForkedBooter.run(ForkedBooter.java:507) ~[surefire-booter-3.3.0.jar:3.3.0]
	at org.apache.maven.surefire.booter.ForkedBooter.main(ForkedBooter.java:495) ~[surefire-booter-3.3.0.jar:3.3.0]
17:05:53.444 [main] ERROR org.apache.poi.openxml4j.opc.PackageRelationshipCollection - Cannot convert mailto:ALPHAAAAAA@@@@@!@##$$$%12344 in a valid relationship URI-> dummy-URI used
java.net.URISyntaxException: Illegal character in fragment at index 25: mailto:ALPHAAAAAA@@@@@!@##$$$%12344
	at java.net.URI$Parser.fail(URI.java:2995) ~[?:?]
	at java.net.URI$Parser.checkChars(URI.java:3166) ~[?:?]
	at java.net.URI$Parser.parse(URI.java:3210) ~[?:?]
	at java.net.URI.<init>(URI.java:645) ~[?:?]
	at org.apache.poi.openxml4j.opc.PackagingURIHelper.toURI(PackagingURIHelper.java:723) ~[poi-ooxml-5.2.2.jar:5.2.2]
	at org.apache.poi.openxml4j.opc.PackageRelationshipCollection.parseRelationshipsPart(PackageRelationshipCollection.java:358) ~[poi-ooxml-5.2.2.jar:5.2.2]
	at org.apache.poi.openxml4j.opc.PackageRelationshipCollection.<init>(PackageRelationshipCollection.java:160) ~[poi-ooxml-5.2.2.jar:5.2.2]
	at org.apache.poi.openxml4j.opc.PackageRelationshipCollection.<init>(PackageRelationshipCollection.java:130) ~[poi-ooxml-5.2.2.jar:5.2.2]
	at org.apache.poi.openxml4j.opc.PackagePart.loadRelationships(PackagePart.java:565) ~[poi-ooxml-5.2.2.jar:5.2.2]
	at org.apache.poi.openxml4j.opc.OPCPackage.getParts(OPCPackage.java:745) ~[poi-ooxml-5.2.2.jar:5.2.2]
	at org.apache.poi.openxml4j.opc.OPCPackage.open(OPCPackage.java:315) ~[poi-ooxml-5.2.2.jar:5.2.2]
	at org.apache.poi.ooxml.util.PackageHelper.open(PackageHelper.java:59) ~[poi-ooxml-5.2.2.jar:5.2.2]
	at org.apache.poi.xssf.usermodel.XSSFWorkbook.<init>(XSSFWorkbook.java:289) ~[poi-ooxml-5.2.2.jar:5.2.2]
	at org.apache.poi.xssf.usermodel.XSSFWorkbook.<init>(XSSFWorkbook.java:285) ~[poi-ooxml-5.2.2.jar:5.2.2]
	at com.MOFutility.API_Excelutilities.readServiceIdFromExcel(API_Excelutilities.java:20) ~[test-classes/:?]
	at com.MOF.constants.API_URL.<clinit>(API_URL.java:214) ~[test-classes/:?]
	at com.MOFapi.MOFapi.Fetchvalid_SingleService_ValidServiceid(MOFapi.java:4891) ~[test-classes/:?]
	at jdk.internal.reflect.DirectMethodHandleAccessor.invoke(DirectMethodHandleAccessor.java:103) ~[?:?]
	at java.lang.reflect.Method.invoke(Method.java:580) ~[?:?]
	at org.testng.internal.MethodInvocationHelper.invokeMethod(MethodInvocationHelper.java:124) ~[testng-6.14.3.jar:?]
	at org.testng.internal.Invoker.invokeMethod(Invoker.java:583) ~[testng-6.14.3.jar:?]
	at org.testng.internal.Invoker.invokeTestMethod(Invoker.java:719) ~[testng-6.14.3.jar:?]
	at org.testng.internal.Invoker.invokeTestMethods(Invoker.java:989) ~[testng-6.14.3.jar:?]
	at org.testng.internal.TestMethodWorker.invokeTestMethods(TestMethodWorker.java:125) ~[testng-6.14.3.jar:?]
	at org.testng.internal.TestMethodWorker.run(TestMethodWorker.java:109) ~[testng-6.14.3.jar:?]
	at org.testng.TestRunner.privateRun(TestRunner.java:648) ~[testng-6.14.3.jar:?]
	at org.testng.TestRunner.run(TestRunner.java:505) ~[testng-6.14.3.jar:?]
	at org.testng.SuiteRunner.runTest(SuiteRunner.java:455) ~[testng-6.14.3.jar:?]
	at org.testng.SuiteRunner.runSequentially(SuiteRunner.java:450) ~[testng-6.14.3.jar:?]
	at org.testng.SuiteRunner.privateRun(SuiteRunner.java:415) ~[testng-6.14.3.jar:?]
	at org.testng.SuiteRunner.run(SuiteRunner.java:364) ~[testng-6.14.3.jar:?]
	at org.testng.SuiteRunnerWorker.runSuite(SuiteRunnerWorker.java:52) ~[testng-6.14.3.jar:?]
	at org.testng.SuiteRunnerWorker.run(SuiteRunnerWorker.java:84) ~[testng-6.14.3.jar:?]
	at org.testng.TestNG.runSuitesSequentially(TestNG.java:1208) ~[testng-6.14.3.jar:?]
	at org.testng.TestNG.runSuitesLocally(TestNG.java:1137) ~[testng-6.14.3.jar:?]
	at org.testng.TestNG.runSuites(TestNG.java:1049) ~[testng-6.14.3.jar:?]
	at org.testng.TestNG.run(TestNG.java:1017) ~[testng-6.14.3.jar:?]
	at org.apache.maven.surefire.testng.TestNGExecutor.run(TestNGExecutor.java:308) ~[surefire-testng-3.3.0.jar:3.3.0]
	at org.apache.maven.surefire.testng.TestNGXmlTestSuite.execute(TestNGXmlTestSuite.java:71) ~[surefire-testng-3.3.0.jar:3.3.0]
	at org.apache.maven.surefire.testng.TestNGProvider.invoke(TestNGProvider.java:113) ~[surefire-testng-3.3.0.jar:3.3.0]
	at org.apache.maven.surefire.booter.ForkedBooter.runSuitesInProcess(ForkedBooter.java:385) ~[surefire-booter-3.3.0.jar:3.3.0]
	at org.apache.maven.surefire.booter.ForkedBooter.execute(ForkedBooter.java:162) ~[surefire-booter-3.3.0.jar:3.3.0]
	at org.apache.maven.surefire.booter.ForkedBooter.run(ForkedBooter.java:507) ~[surefire-booter-3.3.0.jar:3.3.0]
	at org.apache.maven.surefire.booter.ForkedBooter.main(ForkedBooter.java:495) ~[surefire-booter-3.3.0.jar:3.3.0]
17:05:53.444 [main] ERROR org.apache.poi.openxml4j.opc.PackageRelationshipCollection - Cannot convert mailto:2343456378912@#&^*gvadhfbjnf in a valid relationship URI-> dummy-URI used
java.net.URISyntaxException: Illegal character in fragment at index 23: mailto:2343456378912@#&^*gvadhfbjnf
	at java.net.URI$Parser.fail(URI.java:2995) ~[?:?]
	at java.net.URI$Parser.checkChars(URI.java:3166) ~[?:?]
	at java.net.URI$Parser.parse(URI.java:3210) ~[?:?]
	at java.net.URI.<init>(URI.java:645) ~[?:?]
	at org.apache.poi.openxml4j.opc.PackagingURIHelper.toURI(PackagingURIHelper.java:723) ~[poi-ooxml-5.2.2.jar:5.2.2]
	at org.apache.poi.openxml4j.opc.PackageRelationshipCollection.parseRelationshipsPart(PackageRelationshipCollection.java:358) ~[poi-ooxml-5.2.2.jar:5.2.2]
	at org.apache.poi.openxml4j.opc.PackageRelationshipCollection.<init>(PackageRelationshipCollection.java:160) ~[poi-ooxml-5.2.2.jar:5.2.2]
	at org.apache.poi.openxml4j.opc.PackageRelationshipCollection.<init>(PackageRelationshipCollection.java:130) ~[poi-ooxml-5.2.2.jar:5.2.2]
	at org.apache.poi.openxml4j.opc.PackagePart.loadRelationships(PackagePart.java:565) ~[poi-ooxml-5.2.2.jar:5.2.2]
	at org.apache.poi.openxml4j.opc.OPCPackage.getParts(OPCPackage.java:745) ~[poi-ooxml-5.2.2.jar:5.2.2]
	at org.apache.poi.openxml4j.opc.OPCPackage.open(OPCPackage.java:315) ~[poi-ooxml-5.2.2.jar:5.2.2]
	at org.apache.poi.ooxml.util.PackageHelper.open(PackageHelper.java:59) ~[poi-ooxml-5.2.2.jar:5.2.2]
	at org.apache.poi.xssf.usermodel.XSSFWorkbook.<init>(XSSFWorkbook.java:289) ~[poi-ooxml-5.2.2.jar:5.2.2]
	at org.apache.poi.xssf.usermodel.XSSFWorkbook.<init>(XSSFWorkbook.java:285) ~[poi-ooxml-5.2.2.jar:5.2.2]
	at com.MOFutility.API_Excelutilities.readServiceIdFromExcel(API_Excelutilities.java:20) ~[test-classes/:?]
	at com.MOF.constants.API_URL.<clinit>(API_URL.java:214) ~[test-classes/:?]
	at com.MOFapi.MOFapi.Fetchvalid_SingleService_ValidServiceid(MOFapi.java:4891) ~[test-classes/:?]
	at jdk.internal.reflect.DirectMethodHandleAccessor.invoke(DirectMethodHandleAccessor.java:103) ~[?:?]
	at java.lang.reflect.Method.invoke(Method.java:580) ~[?:?]
	at org.testng.internal.MethodInvocationHelper.invokeMethod(MethodInvocationHelper.java:124) ~[testng-6.14.3.jar:?]
	at org.testng.internal.Invoker.invokeMethod(Invoker.java:583) ~[testng-6.14.3.jar:?]
	at org.testng.internal.Invoker.invokeTestMethod(Invoker.java:719) ~[testng-6.14.3.jar:?]
	at org.testng.internal.Invoker.invokeTestMethods(Invoker.java:989) ~[testng-6.14.3.jar:?]
	at org.testng.internal.TestMethodWorker.invokeTestMethods(TestMethodWorker.java:125) ~[testng-6.14.3.jar:?]
	at org.testng.internal.TestMethodWorker.run(TestMethodWorker.java:109) ~[testng-6.14.3.jar:?]
	at org.testng.TestRunner.privateRun(TestRunner.java:648) ~[testng-6.14.3.jar:?]
	at org.testng.TestRunner.run(TestRunner.java:505) ~[testng-6.14.3.jar:?]
	at org.testng.SuiteRunner.runTest(SuiteRunner.java:455) ~[testng-6.14.3.jar:?]
	at org.testng.SuiteRunner.runSequentially(SuiteRunner.java:450) ~[testng-6.14.3.jar:?]
	at org.testng.SuiteRunner.privateRun(SuiteRunner.java:415) ~[testng-6.14.3.jar:?]
	at org.testng.SuiteRunner.run(SuiteRunner.java:364) ~[testng-6.14.3.jar:?]
	at org.testng.SuiteRunnerWorker.runSuite(SuiteRunnerWorker.java:52) ~[testng-6.14.3.jar:?]
	at org.testng.SuiteRunnerWorker.run(SuiteRunnerWorker.java:84) ~[testng-6.14.3.jar:?]
	at org.testng.TestNG.runSuitesSequentially(TestNG.java:1208) ~[testng-6.14.3.jar:?]
	at org.testng.TestNG.runSuitesLocally(TestNG.java:1137) ~[testng-6.14.3.jar:?]
	at org.testng.TestNG.runSuites(TestNG.java:1049) ~[testng-6.14.3.jar:?]
	at org.testng.TestNG.run(TestNG.java:1017) ~[testng-6.14.3.jar:?]
	at org.apache.maven.surefire.testng.TestNGExecutor.run(TestNGExecutor.java:308) ~[surefire-testng-3.3.0.jar:3.3.0]
	at org.apache.maven.surefire.testng.TestNGXmlTestSuite.execute(TestNGXmlTestSuite.java:71) ~[surefire-testng-3.3.0.jar:3.3.0]
	at org.apache.maven.surefire.testng.TestNGProvider.invoke(TestNGProvider.java:113) ~[surefire-testng-3.3.0.jar:3.3.0]
	at org.apache.maven.surefire.booter.ForkedBooter.runSuitesInProcess(ForkedBooter.java:385) ~[surefire-booter-3.3.0.jar:3.3.0]
	at org.apache.maven.surefire.booter.ForkedBooter.execute(ForkedBooter.java:162) ~[surefire-booter-3.3.0.jar:3.3.0]
	at org.apache.maven.surefire.booter.ForkedBooter.run(ForkedBooter.java:507) ~[surefire-booter-3.3.0.jar:3.3.0]
	at org.apache.maven.surefire.booter.ForkedBooter.main(ForkedBooter.java:495) ~[surefire-booter-3.3.0.jar:3.3.0]
17:05:53.480 [main] ERROR org.apache.poi.openxml4j.opc.PackageRelationshipCollection - Cannot convert mailto:ALPA@#$%^245234534 in a valid relationship URI-> dummy-URI used
java.net.URISyntaxException: Malformed escape pair at index 14: mailto:ALPA@#$%^245234534
	at java.net.URI$Parser.fail(URI.java:2995) ~[?:?]
	at java.net.URI$Parser.scanEscape(URI.java:3123) ~[?:?]
	at java.net.URI$Parser.scan(URI.java:3146) ~[?:?]
	at java.net.URI$Parser.checkChars(URI.java:3164) ~[?:?]
	at java.net.URI$Parser.parse(URI.java:3210) ~[?:?]
	at java.net.URI.<init>(URI.java:645) ~[?:?]
	at org.apache.poi.openxml4j.opc.PackagingURIHelper.toURI(PackagingURIHelper.java:723) ~[poi-ooxml-5.2.2.jar:5.2.2]
	at org.apache.poi.openxml4j.opc.PackageRelationshipCollection.parseRelationshipsPart(PackageRelationshipCollection.java:358) ~[poi-ooxml-5.2.2.jar:5.2.2]
	at org.apache.poi.openxml4j.opc.PackageRelationshipCollection.<init>(PackageRelationshipCollection.java:160) ~[poi-ooxml-5.2.2.jar:5.2.2]
	at org.apache.poi.openxml4j.opc.PackageRelationshipCollection.<init>(PackageRelationshipCollection.java:130) ~[poi-ooxml-5.2.2.jar:5.2.2]
	at org.apache.poi.openxml4j.opc.PackagePart.loadRelationships(PackagePart.java:565) ~[poi-ooxml-5.2.2.jar:5.2.2]
	at org.apache.poi.openxml4j.opc.OPCPackage.getParts(OPCPackage.java:745) ~[poi-ooxml-5.2.2.jar:5.2.2]
	at org.apache.poi.openxml4j.opc.OPCPackage.open(OPCPackage.java:315) ~[poi-ooxml-5.2.2.jar:5.2.2]
	at org.apache.poi.ooxml.util.PackageHelper.open(PackageHelper.java:59) ~[poi-ooxml-5.2.2.jar:5.2.2]
	at org.apache.poi.xssf.usermodel.XSSFWorkbook.<init>(XSSFWorkbook.java:289) ~[poi-ooxml-5.2.2.jar:5.2.2]
	at org.apache.poi.xssf.usermodel.XSSFWorkbook.<init>(XSSFWorkbook.java:285) ~[poi-ooxml-5.2.2.jar:5.2.2]
	at com.MOFutility.API_Excelutilities.readServiceIdFromExcel(API_Excelutilities.java:20) ~[test-classes/:?]
	at com.MOF.constants.API_URL.<clinit>(API_URL.java:215) ~[test-classes/:?]
	at com.MOFapi.MOFapi.Fetchvalid_SingleService_ValidServiceid(MOFapi.java:4891) ~[test-classes/:?]
	at jdk.internal.reflect.DirectMethodHandleAccessor.invoke(DirectMethodHandleAccessor.java:103) ~[?:?]
	at java.lang.reflect.Method.invoke(Method.java:580) ~[?:?]
	at org.testng.internal.MethodInvocationHelper.invokeMethod(MethodInvocationHelper.java:124) ~[testng-6.14.3.jar:?]
	at org.testng.internal.Invoker.invokeMethod(Invoker.java:583) ~[testng-6.14.3.jar:?]
	at org.testng.internal.Invoker.invokeTestMethod(Invoker.java:719) ~[testng-6.14.3.jar:?]
	at org.testng.internal.Invoker.invokeTestMethods(Invoker.java:989) ~[testng-6.14.3.jar:?]
	at org.testng.internal.TestMethodWorker.invokeTestMethods(TestMethodWorker.java:125) ~[testng-6.14.3.jar:?]
	at org.testng.internal.TestMethodWorker.run(TestMethodWorker.java:109) ~[testng-6.14.3.jar:?]
	at org.testng.TestRunner.privateRun(TestRunner.java:648) ~[testng-6.14.3.jar:?]
	at org.testng.TestRunner.run(TestRunner.java:505) ~[testng-6.14.3.jar:?]
	at org.testng.SuiteRunner.runTest(SuiteRunner.java:455) ~[testng-6.14.3.jar:?]
	at org.testng.SuiteRunner.runSequentially(SuiteRunner.java:450) ~[testng-6.14.3.jar:?]
	at org.testng.SuiteRunner.privateRun(SuiteRunner.java:415) ~[testng-6.14.3.jar:?]
	at org.testng.SuiteRunner.run(SuiteRunner.java:364) ~[testng-6.14.3.jar:?]
	at org.testng.SuiteRunnerWorker.runSuite(SuiteRunnerWorker.java:52) ~[testng-6.14.3.jar:?]
	at org.testng.SuiteRunnerWorker.run(SuiteRunnerWorker.java:84) ~[testng-6.14.3.jar:?]
	at org.testng.TestNG.runSuitesSequentially(TestNG.java:1208) ~[testng-6.14.3.jar:?]
	at org.testng.TestNG.runSuitesLocally(TestNG.java:1137) ~[testng-6.14.3.jar:?]
	at org.testng.TestNG.runSuites(TestNG.java:1049) ~[testng-6.14.3.jar:?]
	at org.testng.TestNG.run(TestNG.java:1017) ~[testng-6.14.3.jar:?]
	at org.apache.maven.surefire.testng.TestNGExecutor.run(TestNGExecutor.java:308) ~[surefire-testng-3.3.0.jar:3.3.0]
	at org.apache.maven.surefire.testng.TestNGXmlTestSuite.execute(TestNGXmlTestSuite.java:71) ~[surefire-testng-3.3.0.jar:3.3.0]
	at org.apache.maven.surefire.testng.TestNGProvider.invoke(TestNGProvider.java:113) ~[surefire-testng-3.3.0.jar:3.3.0]
	at org.apache.maven.surefire.booter.ForkedBooter.runSuitesInProcess(ForkedBooter.java:385) ~[surefire-booter-3.3.0.jar:3.3.0]
	at org.apache.maven.surefire.booter.ForkedBooter.execute(ForkedBooter.java:162) ~[surefire-booter-3.3.0.jar:3.3.0]
	at org.apache.maven.surefire.booter.ForkedBooter.run(ForkedBooter.java:507) ~[surefire-booter-3.3.0.jar:3.3.0]
	at org.apache.maven.surefire.booter.ForkedBooter.main(ForkedBooter.java:495) ~[surefire-booter-3.3.0.jar:3.3.0]
17:05:53.482 [main] ERROR org.apache.poi.openxml4j.opc.PackageRelationshipCollection - Cannot convert mailto:ALPHAAAAAA@@@@@!@##$$$%12344 in a valid relationship URI-> dummy-URI used
java.net.URISyntaxException: Illegal character in fragment at index 25: mailto:ALPHAAAAAA@@@@@!@##$$$%12344
	at java.net.URI$Parser.fail(URI.java:2995) ~[?:?]
	at java.net.URI$Parser.checkChars(URI.java:3166) ~[?:?]
	at java.net.URI$Parser.parse(URI.java:3210) ~[?:?]
	at java.net.URI.<init>(URI.java:645) ~[?:?]
	at org.apache.poi.openxml4j.opc.PackagingURIHelper.toURI(PackagingURIHelper.java:723) ~[poi-ooxml-5.2.2.jar:5.2.2]
	at org.apache.poi.openxml4j.opc.PackageRelationshipCollection.parseRelationshipsPart(PackageRelationshipCollection.java:358) ~[poi-ooxml-5.2.2.jar:5.2.2]
	at org.apache.poi.openxml4j.opc.PackageRelationshipCollection.<init>(PackageRelationshipCollection.java:160) ~[poi-ooxml-5.2.2.jar:5.2.2]
	at org.apache.poi.openxml4j.opc.PackageRelationshipCollection.<init>(PackageRelationshipCollection.java:130) ~[poi-ooxml-5.2.2.jar:5.2.2]
	at org.apache.poi.openxml4j.opc.PackagePart.loadRelationships(PackagePart.java:565) ~[poi-ooxml-5.2.2.jar:5.2.2]
	at org.apache.poi.openxml4j.opc.OPCPackage.getParts(OPCPackage.java:745) ~[poi-ooxml-5.2.2.jar:5.2.2]
	at org.apache.poi.openxml4j.opc.OPCPackage.open(OPCPackage.java:315) ~[poi-ooxml-5.2.2.jar:5.2.2]
	at org.apache.poi.ooxml.util.PackageHelper.open(PackageHelper.java:59) ~[poi-ooxml-5.2.2.jar:5.2.2]
	at org.apache.poi.xssf.usermodel.XSSFWorkbook.<init>(XSSFWorkbook.java:289) ~[poi-ooxml-5.2.2.jar:5.2.2]
	at org.apache.poi.xssf.usermodel.XSSFWorkbook.<init>(XSSFWorkbook.java:285) ~[poi-ooxml-5.2.2.jar:5.2.2]
	at com.MOFutility.API_Excelutilities.readServiceIdFromExcel(API_Excelutilities.java:20) ~[test-classes/:?]
	at com.MOF.constants.API_URL.<clinit>(API_URL.java:215) ~[test-classes/:?]
	at com.MOFapi.MOFapi.Fetchvalid_SingleService_ValidServiceid(MOFapi.java:4891) ~[test-classes/:?]
	at jdk.internal.reflect.DirectMethodHandleAccessor.invoke(DirectMethodHandleAccessor.java:103) ~[?:?]
	at java.lang.reflect.Method.invoke(Method.java:580) ~[?:?]
	at org.testng.internal.MethodInvocationHelper.invokeMethod(MethodInvocationHelper.java:124) ~[testng-6.14.3.jar:?]
	at org.testng.internal.Invoker.invokeMethod(Invoker.java:583) ~[testng-6.14.3.jar:?]
	at org.testng.internal.Invoker.invokeTestMethod(Invoker.java:719) ~[testng-6.14.3.jar:?]
	at org.testng.internal.Invoker.invokeTestMethods(Invoker.java:989) ~[testng-6.14.3.jar:?]
	at org.testng.internal.TestMethodWorker.invokeTestMethods(TestMethodWorker.java:125) ~[testng-6.14.3.jar:?]
	at org.testng.internal.TestMethodWorker.run(TestMethodWorker.java:109) ~[testng-6.14.3.jar:?]
	at org.testng.TestRunner.privateRun(TestRunner.java:648) ~[testng-6.14.3.jar:?]
	at org.testng.TestRunner.run(TestRunner.java:505) ~[testng-6.14.3.jar:?]
	at org.testng.SuiteRunner.runTest(SuiteRunner.java:455) ~[testng-6.14.3.jar:?]
	at org.testng.SuiteRunner.runSequentially(SuiteRunner.java:450) ~[testng-6.14.3.jar:?]
	at org.testng.SuiteRunner.privateRun(SuiteRunner.java:415) ~[testng-6.14.3.jar:?]
	at org.testng.SuiteRunner.run(SuiteRunner.java:364) ~[testng-6.14.3.jar:?]
	at org.testng.SuiteRunnerWorker.runSuite(SuiteRunnerWorker.java:52) ~[testng-6.14.3.jar:?]
	at org.testng.SuiteRunnerWorker.run(SuiteRunnerWorker.java:84) ~[testng-6.14.3.jar:?]
	at org.testng.TestNG.runSuitesSequentially(TestNG.java:1208) ~[testng-6.14.3.jar:?]
	at org.testng.TestNG.runSuitesLocally(TestNG.java:1137) ~[testng-6.14.3.jar:?]
	at org.testng.TestNG.runSuites(TestNG.java:1049) ~[testng-6.14.3.jar:?]
	at org.testng.TestNG.run(TestNG.java:1017) ~[testng-6.14.3.jar:?]
	at org.apache.maven.surefire.testng.TestNGExecutor.run(TestNGExecutor.java:308) ~[surefire-testng-3.3.0.jar:3.3.0]
	at org.apache.maven.surefire.testng.TestNGXmlTestSuite.execute(TestNGXmlTestSuite.java:71) ~[surefire-testng-3.3.0.jar:3.3.0]
	at org.apache.maven.surefire.testng.TestNGProvider.invoke(TestNGProvider.java:113) ~[surefire-testng-3.3.0.jar:3.3.0]
	at org.apache.maven.surefire.booter.ForkedBooter.runSuitesInProcess(ForkedBooter.java:385) ~[surefire-booter-3.3.0.jar:3.3.0]
	at org.apache.maven.surefire.booter.ForkedBooter.execute(ForkedBooter.java:162) ~[surefire-booter-3.3.0.jar:3.3.0]
	at org.apache.maven.surefire.booter.ForkedBooter.run(ForkedBooter.java:507) ~[surefire-booter-3.3.0.jar:3.3.0]
	at org.apache.maven.surefire.booter.ForkedBooter.main(ForkedBooter.java:495) ~[surefire-booter-3.3.0.jar:3.3.0]
17:05:53.483 [main] ERROR org.apache.poi.openxml4j.opc.PackageRelationshipCollection - Cannot convert mailto:2343456378912@#&^*gvadhfbjnf in a valid relationship URI-> dummy-URI used
java.net.URISyntaxException: Illegal character in fragment at index 23: mailto:2343456378912@#&^*gvadhfbjnf
	at java.net.URI$Parser.fail(URI.java:2995) ~[?:?]
	at java.net.URI$Parser.checkChars(URI.java:3166) ~[?:?]
	at java.net.URI$Parser.parse(URI.java:3210) ~[?:?]
	at java.net.URI.<init>(URI.java:645) ~[?:?]
	at org.apache.poi.openxml4j.opc.PackagingURIHelper.toURI(PackagingURIHelper.java:723) ~[poi-ooxml-5.2.2.jar:5.2.2]
	at org.apache.poi.openxml4j.opc.PackageRelationshipCollection.parseRelationshipsPart(PackageRelationshipCollection.java:358) ~[poi-ooxml-5.2.2.jar:5.2.2]
	at org.apache.poi.openxml4j.opc.PackageRelationshipCollection.<init>(PackageRelationshipCollection.java:160) ~[poi-ooxml-5.2.2.jar:5.2.2]
	at org.apache.poi.openxml4j.opc.PackageRelationshipCollection.<init>(PackageRelationshipCollection.java:130) ~[poi-ooxml-5.2.2.jar:5.2.2]
	at org.apache.poi.openxml4j.opc.PackagePart.loadRelationships(PackagePart.java:565) ~[poi-ooxml-5.2.2.jar:5.2.2]
	at org.apache.poi.openxml4j.opc.OPCPackage.getParts(OPCPackage.java:745) ~[poi-ooxml-5.2.2.jar:5.2.2]
	at org.apache.poi.openxml4j.opc.OPCPackage.open(OPCPackage.java:315) ~[poi-ooxml-5.2.2.jar:5.2.2]
	at org.apache.poi.ooxml.util.PackageHelper.open(PackageHelper.java:59) ~[poi-ooxml-5.2.2.jar:5.2.2]
	at org.apache.poi.xssf.usermodel.XSSFWorkbook.<init>(XSSFWorkbook.java:289) ~[poi-ooxml-5.2.2.jar:5.2.2]
	at org.apache.poi.xssf.usermodel.XSSFWorkbook.<init>(XSSFWorkbook.java:285) ~[poi-ooxml-5.2.2.jar:5.2.2]
	at com.MOFutility.API_Excelutilities.readServiceIdFromExcel(API_Excelutilities.java:20) ~[test-classes/:?]
	at com.MOF.constants.API_URL.<clinit>(API_URL.java:215) ~[test-classes/:?]
	at com.MOFapi.MOFapi.Fetchvalid_SingleService_ValidServiceid(MOFapi.java:4891) ~[test-classes/:?]
	at jdk.internal.reflect.DirectMethodHandleAccessor.invoke(DirectMethodHandleAccessor.java:103) ~[?:?]
	at java.lang.reflect.Method.invoke(Method.java:580) ~[?:?]
	at org.testng.internal.MethodInvocationHelper.invokeMethod(MethodInvocationHelper.java:124) ~[testng-6.14.3.jar:?]
	at org.testng.internal.Invoker.invokeMethod(Invoker.java:583) ~[testng-6.14.3.jar:?]
	at org.testng.internal.Invoker.invokeTestMethod(Invoker.java:719) ~[testng-6.14.3.jar:?]
	at org.testng.internal.Invoker.invokeTestMethods(Invoker.java:989) ~[testng-6.14.3.jar:?]
	at org.testng.internal.TestMethodWorker.invokeTestMethods(TestMethodWorker.java:125) ~[testng-6.14.3.jar:?]
	at org.testng.internal.TestMethodWorker.run(TestMethodWorker.java:109) ~[testng-6.14.3.jar:?]
	at org.testng.TestRunner.privateRun(TestRunner.java:648) ~[testng-6.14.3.jar:?]
	at org.testng.TestRunner.run(TestRunner.java:505) ~[testng-6.14.3.jar:?]
	at org.testng.SuiteRunner.runTest(SuiteRunner.java:455) ~[testng-6.14.3.jar:?]
	at org.testng.SuiteRunner.runSequentially(SuiteRunner.java:450) ~[testng-6.14.3.jar:?]
	at org.testng.SuiteRunner.privateRun(SuiteRunner.java:415) ~[testng-6.14.3.jar:?]
	at org.testng.SuiteRunner.run(SuiteRunner.java:364) ~[testng-6.14.3.jar:?]
	at org.testng.SuiteRunnerWorker.runSuite(SuiteRunnerWorker.java:52) ~[testng-6.14.3.jar:?]
	at org.testng.SuiteRunnerWorker.run(SuiteRunnerWorker.java:84) ~[testng-6.14.3.jar:?]
	at org.testng.TestNG.runSuitesSequentially(TestNG.java:1208) ~[testng-6.14.3.jar:?]
	at org.testng.TestNG.runSuitesLocally(TestNG.java:1137) ~[testng-6.14.3.jar:?]
	at org.testng.TestNG.runSuites(TestNG.java:1049) ~[testng-6.14.3.jar:?]
	at org.testng.TestNG.run(TestNG.java:1017) ~[testng-6.14.3.jar:?]
	at org.apache.maven.surefire.testng.TestNGExecutor.run(TestNGExecutor.java:308) ~[surefire-testng-3.3.0.jar:3.3.0]
	at org.apache.maven.surefire.testng.TestNGXmlTestSuite.execute(TestNGXmlTestSuite.java:71) ~[surefire-testng-3.3.0.jar:3.3.0]
	at org.apache.maven.surefire.testng.TestNGProvider.invoke(TestNGProvider.java:113) ~[surefire-testng-3.3.0.jar:3.3.0]
	at org.apache.maven.surefire.booter.ForkedBooter.runSuitesInProcess(ForkedBooter.java:385) ~[surefire-booter-3.3.0.jar:3.3.0]
	at org.apache.maven.surefire.booter.ForkedBooter.execute(ForkedBooter.java:162) ~[surefire-booter-3.3.0.jar:3.3.0]
	at org.apache.maven.surefire.booter.ForkedBooter.run(ForkedBooter.java:507) ~[surefire-booter-3.3.0.jar:3.3.0]
	at org.apache.maven.surefire.booter.ForkedBooter.main(ForkedBooter.java:495) ~[surefire-booter-3.3.0.jar:3.3.0]
17:05:53.522 [main] ERROR org.apache.poi.openxml4j.opc.PackageRelationshipCollection - Cannot convert mailto:ALPA@#$%^245234534 in a valid relationship URI-> dummy-URI used
java.net.URISyntaxException: Malformed escape pair at index 14: mailto:ALPA@#$%^245234534
	at java.net.URI$Parser.fail(URI.java:2995) ~[?:?]
	at java.net.URI$Parser.scanEscape(URI.java:3123) ~[?:?]
	at java.net.URI$Parser.scan(URI.java:3146) ~[?:?]
	at java.net.URI$Parser.checkChars(URI.java:3164) ~[?:?]
	at java.net.URI$Parser.parse(URI.java:3210) ~[?:?]
	at java.net.URI.<init>(URI.java:645) ~[?:?]
	at org.apache.poi.openxml4j.opc.PackagingURIHelper.toURI(PackagingURIHelper.java:723) ~[poi-ooxml-5.2.2.jar:5.2.2]
	at org.apache.poi.openxml4j.opc.PackageRelationshipCollection.parseRelationshipsPart(PackageRelationshipCollection.java:358) ~[poi-ooxml-5.2.2.jar:5.2.2]
	at org.apache.poi.openxml4j.opc.PackageRelationshipCollection.<init>(PackageRelationshipCollection.java:160) ~[poi-ooxml-5.2.2.jar:5.2.2]
	at org.apache.poi.openxml4j.opc.PackageRelationshipCollection.<init>(PackageRelationshipCollection.java:130) ~[poi-ooxml-5.2.2.jar:5.2.2]
	at org.apache.poi.openxml4j.opc.PackagePart.loadRelationships(PackagePart.java:565) ~[poi-ooxml-5.2.2.jar:5.2.2]
	at org.apache.poi.openxml4j.opc.OPCPackage.getParts(OPCPackage.java:745) ~[poi-ooxml-5.2.2.jar:5.2.2]
	at org.apache.poi.openxml4j.opc.OPCPackage.open(OPCPackage.java:315) ~[poi-ooxml-5.2.2.jar:5.2.2]
	at org.apache.poi.ooxml.util.PackageHelper.open(PackageHelper.java:59) ~[poi-ooxml-5.2.2.jar:5.2.2]
	at org.apache.poi.xssf.usermodel.XSSFWorkbook.<init>(XSSFWorkbook.java:289) ~[poi-ooxml-5.2.2.jar:5.2.2]
	at org.apache.poi.xssf.usermodel.XSSFWorkbook.<init>(XSSFWorkbook.java:285) ~[poi-ooxml-5.2.2.jar:5.2.2]
	at com.MOFutility.API_Excelutilities.readServiceIdFromExcel(API_Excelutilities.java:20) ~[test-classes/:?]
	at com.MOF.constants.API_URL.<clinit>(API_URL.java:216) ~[test-classes/:?]
	at com.MOFapi.MOFapi.Fetchvalid_SingleService_ValidServiceid(MOFapi.java:4891) ~[test-classes/:?]
	at jdk.internal.reflect.DirectMethodHandleAccessor.invoke(DirectMethodHandleAccessor.java:103) ~[?:?]
	at java.lang.reflect.Method.invoke(Method.java:580) ~[?:?]
	at org.testng.internal.MethodInvocationHelper.invokeMethod(MethodInvocationHelper.java:124) ~[testng-6.14.3.jar:?]
	at org.testng.internal.Invoker.invokeMethod(Invoker.java:583) ~[testng-6.14.3.jar:?]
	at org.testng.internal.Invoker.invokeTestMethod(Invoker.java:719) ~[testng-6.14.3.jar:?]
	at org.testng.internal.Invoker.invokeTestMethods(Invoker.java:989) ~[testng-6.14.3.jar:?]
	at org.testng.internal.TestMethodWorker.invokeTestMethods(TestMethodWorker.java:125) ~[testng-6.14.3.jar:?]
	at org.testng.internal.TestMethodWorker.run(TestMethodWorker.java:109) ~[testng-6.14.3.jar:?]
	at org.testng.TestRunner.privateRun(TestRunner.java:648) ~[testng-6.14.3.jar:?]
	at org.testng.TestRunner.run(TestRunner.java:505) ~[testng-6.14.3.jar:?]
	at org.testng.SuiteRunner.runTest(SuiteRunner.java:455) ~[testng-6.14.3.jar:?]
	at org.testng.SuiteRunner.runSequentially(SuiteRunner.java:450) ~[testng-6.14.3.jar:?]
	at org.testng.SuiteRunner.privateRun(SuiteRunner.java:415) ~[testng-6.14.3.jar:?]
	at org.testng.SuiteRunner.run(SuiteRunner.java:364) ~[testng-6.14.3.jar:?]
	at org.testng.SuiteRunnerWorker.runSuite(SuiteRunnerWorker.java:52) ~[testng-6.14.3.jar:?]
	at org.testng.SuiteRunnerWorker.run(SuiteRunnerWorker.java:84) ~[testng-6.14.3.jar:?]
	at org.testng.TestNG.runSuitesSequentially(TestNG.java:1208) ~[testng-6.14.3.jar:?]
	at org.testng.TestNG.runSuitesLocally(TestNG.java:1137) ~[testng-6.14.3.jar:?]
	at org.testng.TestNG.runSuites(TestNG.java:1049) ~[testng-6.14.3.jar:?]
	at org.testng.TestNG.run(TestNG.java:1017) ~[testng-6.14.3.jar:?]
	at org.apache.maven.surefire.testng.TestNGExecutor.run(TestNGExecutor.java:308) ~[surefire-testng-3.3.0.jar:3.3.0]
	at org.apache.maven.surefire.testng.TestNGXmlTestSuite.execute(TestNGXmlTestSuite.java:71) ~[surefire-testng-3.3.0.jar:3.3.0]
	at org.apache.maven.surefire.testng.TestNGProvider.invoke(TestNGProvider.java:113) ~[surefire-testng-3.3.0.jar:3.3.0]
	at org.apache.maven.surefire.booter.ForkedBooter.runSuitesInProcess(ForkedBooter.java:385) ~[surefire-booter-3.3.0.jar:3.3.0]
	at org.apache.maven.surefire.booter.ForkedBooter.execute(ForkedBooter.java:162) ~[surefire-booter-3.3.0.jar:3.3.0]
	at org.apache.maven.surefire.booter.ForkedBooter.run(ForkedBooter.java:507) ~[surefire-booter-3.3.0.jar:3.3.0]
	at org.apache.maven.surefire.booter.ForkedBooter.main(ForkedBooter.java:495) ~[surefire-booter-3.3.0.jar:3.3.0]
17:05:53.523 [main] ERROR org.apache.poi.openxml4j.opc.PackageRelationshipCollection - Cannot convert mailto:ALPHAAAAAA@@@@@!@##$$$%12344 in a valid relationship URI-> dummy-URI used
java.net.URISyntaxException: Illegal character in fragment at index 25: mailto:ALPHAAAAAA@@@@@!@##$$$%12344
	at java.net.URI$Parser.fail(URI.java:2995) ~[?:?]
	at java.net.URI$Parser.checkChars(URI.java:3166) ~[?:?]
	at java.net.URI$Parser.parse(URI.java:3210) ~[?:?]
	at java.net.URI.<init>(URI.java:645) ~[?:?]
	at org.apache.poi.openxml4j.opc.PackagingURIHelper.toURI(PackagingURIHelper.java:723) ~[poi-ooxml-5.2.2.jar:5.2.2]
	at org.apache.poi.openxml4j.opc.PackageRelationshipCollection.parseRelationshipsPart(PackageRelationshipCollection.java:358) ~[poi-ooxml-5.2.2.jar:5.2.2]
	at org.apache.poi.openxml4j.opc.PackageRelationshipCollection.<init>(PackageRelationshipCollection.java:160) ~[poi-ooxml-5.2.2.jar:5.2.2]
	at org.apache.poi.openxml4j.opc.PackageRelationshipCollection.<init>(PackageRelationshipCollection.java:130) ~[poi-ooxml-5.2.2.jar:5.2.2]
	at org.apache.poi.openxml4j.opc.PackagePart.loadRelationships(PackagePart.java:565) ~[poi-ooxml-5.2.2.jar:5.2.2]
	at org.apache.poi.openxml4j.opc.OPCPackage.getParts(OPCPackage.java:745) ~[poi-ooxml-5.2.2.jar:5.2.2]
	at org.apache.poi.openxml4j.opc.OPCPackage.open(OPCPackage.java:315) ~[poi-ooxml-5.2.2.jar:5.2.2]
	at org.apache.poi.ooxml.util.PackageHelper.open(PackageHelper.java:59) ~[poi-ooxml-5.2.2.jar:5.2.2]
	at org.apache.poi.xssf.usermodel.XSSFWorkbook.<init>(XSSFWorkbook.java:289) ~[poi-ooxml-5.2.2.jar:5.2.2]
	at org.apache.poi.xssf.usermodel.XSSFWorkbook.<init>(XSSFWorkbook.java:285) ~[poi-ooxml-5.2.2.jar:5.2.2]
	at com.MOFutility.API_Excelutilities.readServiceIdFromExcel(API_Excelutilities.java:20) ~[test-classes/:?]
	at com.MOF.constants.API_URL.<clinit>(API_URL.java:216) ~[test-classes/:?]
	at com.MOFapi.MOFapi.Fetchvalid_SingleService_ValidServiceid(MOFapi.java:4891) ~[test-classes/:?]
	at jdk.internal.reflect.DirectMethodHandleAccessor.invoke(DirectMethodHandleAccessor.java:103) ~[?:?]
	at java.lang.reflect.Method.invoke(Method.java:580) ~[?:?]
	at org.testng.internal.MethodInvocationHelper.invokeMethod(MethodInvocationHelper.java:124) ~[testng-6.14.3.jar:?]
	at org.testng.internal.Invoker.invokeMethod(Invoker.java:583) ~[testng-6.14.3.jar:?]
	at org.testng.internal.Invoker.invokeTestMethod(Invoker.java:719) ~[testng-6.14.3.jar:?]
	at org.testng.internal.Invoker.invokeTestMethods(Invoker.java:989) ~[testng-6.14.3.jar:?]
	at org.testng.internal.TestMethodWorker.invokeTestMethods(TestMethodWorker.java:125) ~[testng-6.14.3.jar:?]
	at org.testng.internal.TestMethodWorker.run(TestMethodWorker.java:109) ~[testng-6.14.3.jar:?]
	at org.testng.TestRunner.privateRun(TestRunner.java:648) ~[testng-6.14.3.jar:?]
	at org.testng.TestRunner.run(TestRunner.java:505) ~[testng-6.14.3.jar:?]
	at org.testng.SuiteRunner.runTest(SuiteRunner.java:455) ~[testng-6.14.3.jar:?]
	at org.testng.SuiteRunner.runSequentially(SuiteRunner.java:450) ~[testng-6.14.3.jar:?]
	at org.testng.SuiteRunner.privateRun(SuiteRunner.java:415) ~[testng-6.14.3.jar:?]
	at org.testng.SuiteRunner.run(SuiteRunner.java:364) ~[testng-6.14.3.jar:?]
	at org.testng.SuiteRunnerWorker.runSuite(SuiteRunnerWorker.java:52) ~[testng-6.14.3.jar:?]
	at org.testng.SuiteRunnerWorker.run(SuiteRunnerWorker.java:84) ~[testng-6.14.3.jar:?]
	at org.testng.TestNG.runSuitesSequentially(TestNG.java:1208) ~[testng-6.14.3.jar:?]
	at org.testng.TestNG.runSuitesLocally(TestNG.java:1137) ~[testng-6.14.3.jar:?]
	at org.testng.TestNG.runSuites(TestNG.java:1049) ~[testng-6.14.3.jar:?]
	at org.testng.TestNG.run(TestNG.java:1017) ~[testng-6.14.3.jar:?]
	at org.apache.maven.surefire.testng.TestNGExecutor.run(TestNGExecutor.java:308) ~[surefire-testng-3.3.0.jar:3.3.0]
	at org.apache.maven.surefire.testng.TestNGXmlTestSuite.execute(TestNGXmlTestSuite.java:71) ~[surefire-testng-3.3.0.jar:3.3.0]
	at org.apache.maven.surefire.testng.TestNGProvider.invoke(TestNGProvider.java:113) ~[surefire-testng-3.3.0.jar:3.3.0]
	at org.apache.maven.surefire.booter.ForkedBooter.runSuitesInProcess(ForkedBooter.java:385) ~[surefire-booter-3.3.0.jar:3.3.0]
	at org.apache.maven.surefire.booter.ForkedBooter.execute(ForkedBooter.java:162) ~[surefire-booter-3.3.0.jar:3.3.0]
	at org.apache.maven.surefire.booter.ForkedBooter.run(ForkedBooter.java:507) ~[surefire-booter-3.3.0.jar:3.3.0]
	at org.apache.maven.surefire.booter.ForkedBooter.main(ForkedBooter.java:495) ~[surefire-booter-3.3.0.jar:3.3.0]
17:05:53.524 [main] ERROR org.apache.poi.openxml4j.opc.PackageRelationshipCollection - Cannot convert mailto:2343456378912@#&^*gvadhfbjnf in a valid relationship URI-> dummy-URI used
java.net.URISyntaxException: Illegal character in fragment at index 23: mailto:2343456378912@#&^*gvadhfbjnf
	at java.net.URI$Parser.fail(URI.java:2995) ~[?:?]
	at java.net.URI$Parser.checkChars(URI.java:3166) ~[?:?]
	at java.net.URI$Parser.parse(URI.java:3210) ~[?:?]
	at java.net.URI.<init>(URI.java:645) ~[?:?]
	at org.apache.poi.openxml4j.opc.PackagingURIHelper.toURI(PackagingURIHelper.java:723) ~[poi-ooxml-5.2.2.jar:5.2.2]
	at org.apache.poi.openxml4j.opc.PackageRelationshipCollection.parseRelationshipsPart(PackageRelationshipCollection.java:358) ~[poi-ooxml-5.2.2.jar:5.2.2]
	at org.apache.poi.openxml4j.opc.PackageRelationshipCollection.<init>(PackageRelationshipCollection.java:160) ~[poi-ooxml-5.2.2.jar:5.2.2]
	at org.apache.poi.openxml4j.opc.PackageRelationshipCollection.<init>(PackageRelationshipCollection.java:130) ~[poi-ooxml-5.2.2.jar:5.2.2]
	at org.apache.poi.openxml4j.opc.PackagePart.loadRelationships(PackagePart.java:565) ~[poi-ooxml-5.2.2.jar:5.2.2]
	at org.apache.poi.openxml4j.opc.OPCPackage.getParts(OPCPackage.java:745) ~[poi-ooxml-5.2.2.jar:5.2.2]
	at org.apache.poi.openxml4j.opc.OPCPackage.open(OPCPackage.java:315) ~[poi-ooxml-5.2.2.jar:5.2.2]
	at org.apache.poi.ooxml.util.PackageHelper.open(PackageHelper.java:59) ~[poi-ooxml-5.2.2.jar:5.2.2]
	at org.apache.poi.xssf.usermodel.XSSFWorkbook.<init>(XSSFWorkbook.java:289) ~[poi-ooxml-5.2.2.jar:5.2.2]
	at org.apache.poi.xssf.usermodel.XSSFWorkbook.<init>(XSSFWorkbook.java:285) ~[poi-ooxml-5.2.2.jar:5.2.2]
	at com.MOFutility.API_Excelutilities.readServiceIdFromExcel(API_Excelutilities.java:20) ~[test-classes/:?]
	at com.MOF.constants.API_URL.<clinit>(API_URL.java:216) ~[test-classes/:?]
	at com.MOFapi.MOFapi.Fetchvalid_SingleService_ValidServiceid(MOFapi.java:4891) ~[test-classes/:?]
	at jdk.internal.reflect.DirectMethodHandleAccessor.invoke(DirectMethodHandleAccessor.java:103) ~[?:?]
	at java.lang.reflect.Method.invoke(Method.java:580) ~[?:?]
	at org.testng.internal.MethodInvocationHelper.invokeMethod(MethodInvocationHelper.java:124) ~[testng-6.14.3.jar:?]
	at org.testng.internal.Invoker.invokeMethod(Invoker.java:583) ~[testng-6.14.3.jar:?]
	at org.testng.internal.Invoker.invokeTestMethod(Invoker.java:719) ~[testng-6.14.3.jar:?]
	at org.testng.internal.Invoker.invokeTestMethods(Invoker.java:989) ~[testng-6.14.3.jar:?]
	at org.testng.internal.TestMethodWorker.invokeTestMethods(TestMethodWorker.java:125) ~[testng-6.14.3.jar:?]
	at org.testng.internal.TestMethodWorker.run(TestMethodWorker.java:109) ~[testng-6.14.3.jar:?]
	at org.testng.TestRunner.privateRun(TestRunner.java:648) ~[testng-6.14.3.jar:?]
	at org.testng.TestRunner.run(TestRunner.java:505) ~[testng-6.14.3.jar:?]
	at org.testng.SuiteRunner.runTest(SuiteRunner.java:455) ~[testng-6.14.3.jar:?]
	at org.testng.SuiteRunner.runSequentially(SuiteRunner.java:450) ~[testng-6.14.3.jar:?]
	at org.testng.SuiteRunner.privateRun(SuiteRunner.java:415) ~[testng-6.14.3.jar:?]
	at org.testng.SuiteRunner.run(SuiteRunner.java:364) ~[testng-6.14.3.jar:?]
	at org.testng.SuiteRunnerWorker.runSuite(SuiteRunnerWorker.java:52) ~[testng-6.14.3.jar:?]
	at org.testng.SuiteRunnerWorker.run(SuiteRunnerWorker.java:84) ~[testng-6.14.3.jar:?]
	at org.testng.TestNG.runSuitesSequentially(TestNG.java:1208) ~[testng-6.14.3.jar:?]
	at org.testng.TestNG.runSuitesLocally(TestNG.java:1137) ~[testng-6.14.3.jar:?]
	at org.testng.TestNG.runSuites(TestNG.java:1049) ~[testng-6.14.3.jar:?]
	at org.testng.TestNG.run(TestNG.java:1017) ~[testng-6.14.3.jar:?]
	at org.apache.maven.surefire.testng.TestNGExecutor.run(TestNGExecutor.java:308) ~[surefire-testng-3.3.0.jar:3.3.0]
	at org.apache.maven.surefire.testng.TestNGXmlTestSuite.execute(TestNGXmlTestSuite.java:71) ~[surefire-testng-3.3.0.jar:3.3.0]
	at org.apache.maven.surefire.testng.TestNGProvider.invoke(TestNGProvider.java:113) ~[surefire-testng-3.3.0.jar:3.3.0]
	at org.apache.maven.surefire.booter.ForkedBooter.runSuitesInProcess(ForkedBooter.java:385) ~[surefire-booter-3.3.0.jar:3.3.0]
	at org.apache.maven.surefire.booter.ForkedBooter.execute(ForkedBooter.java:162) ~[surefire-booter-3.3.0.jar:3.3.0]
	at org.apache.maven.surefire.booter.ForkedBooter.run(ForkedBooter.java:507) ~[surefire-booter-3.3.0.jar:3.3.0]
	at org.apache.maven.surefire.booter.ForkedBooter.main(ForkedBooter.java:495) ~[surefire-booter-3.3.0.jar:3.3.0]
17:05:53.558 [main] ERROR org.apache.poi.openxml4j.opc.PackageRelationshipCollection - Cannot convert mailto:ALPA@#$%^245234534 in a valid relationship URI-> dummy-URI used
java.net.URISyntaxException: Malformed escape pair at index 14: mailto:ALPA@#$%^245234534
	at java.net.URI$Parser.fail(URI.java:2995) ~[?:?]
	at java.net.URI$Parser.scanEscape(URI.java:3123) ~[?:?]
	at java.net.URI$Parser.scan(URI.java:3146) ~[?:?]
	at java.net.URI$Parser.checkChars(URI.java:3164) ~[?:?]
	at java.net.URI$Parser.parse(URI.java:3210) ~[?:?]
	at java.net.URI.<init>(URI.java:645) ~[?:?]
	at org.apache.poi.openxml4j.opc.PackagingURIHelper.toURI(PackagingURIHelper.java:723) ~[poi-ooxml-5.2.2.jar:5.2.2]
	at org.apache.poi.openxml4j.opc.PackageRelationshipCollection.parseRelationshipsPart(PackageRelationshipCollection.java:358) ~[poi-ooxml-5.2.2.jar:5.2.2]
	at org.apache.poi.openxml4j.opc.PackageRelationshipCollection.<init>(PackageRelationshipCollection.java:160) ~[poi-ooxml-5.2.2.jar:5.2.2]
	at org.apache.poi.openxml4j.opc.PackageRelationshipCollection.<init>(PackageRelationshipCollection.java:130) ~[poi-ooxml-5.2.2.jar:5.2.2]
	at org.apache.poi.openxml4j.opc.PackagePart.loadRelationships(PackagePart.java:565) ~[poi-ooxml-5.2.2.jar:5.2.2]
	at org.apache.poi.openxml4j.opc.OPCPackage.getParts(OPCPackage.java:745) ~[poi-ooxml-5.2.2.jar:5.2.2]
	at org.apache.poi.openxml4j.opc.OPCPackage.open(OPCPackage.java:315) ~[poi-ooxml-5.2.2.jar:5.2.2]
	at org.apache.poi.ooxml.util.PackageHelper.open(PackageHelper.java:59) ~[poi-ooxml-5.2.2.jar:5.2.2]
	at org.apache.poi.xssf.usermodel.XSSFWorkbook.<init>(XSSFWorkbook.java:289) ~[poi-ooxml-5.2.2.jar:5.2.2]
	at org.apache.poi.xssf.usermodel.XSSFWorkbook.<init>(XSSFWorkbook.java:285) ~[poi-ooxml-5.2.2.jar:5.2.2]
	at com.MOFutility.API_Excelutilities.readServiceIdFromExcel(API_Excelutilities.java:20) ~[test-classes/:?]
	at com.MOF.constants.API_URL.<clinit>(API_URL.java:217) ~[test-classes/:?]
	at com.MOFapi.MOFapi.Fetchvalid_SingleService_ValidServiceid(MOFapi.java:4891) ~[test-classes/:?]
	at jdk.internal.reflect.DirectMethodHandleAccessor.invoke(DirectMethodHandleAccessor.java:103) ~[?:?]
	at java.lang.reflect.Method.invoke(Method.java:580) ~[?:?]
	at org.testng.internal.MethodInvocationHelper.invokeMethod(MethodInvocationHelper.java:124) ~[testng-6.14.3.jar:?]
	at org.testng.internal.Invoker.invokeMethod(Invoker.java:583) ~[testng-6.14.3.jar:?]
	at org.testng.internal.Invoker.invokeTestMethod(Invoker.java:719) ~[testng-6.14.3.jar:?]
	at org.testng.internal.Invoker.invokeTestMethods(Invoker.java:989) ~[testng-6.14.3.jar:?]
	at org.testng.internal.TestMethodWorker.invokeTestMethods(TestMethodWorker.java:125) ~[testng-6.14.3.jar:?]
	at org.testng.internal.TestMethodWorker.run(TestMethodWorker.java:109) ~[testng-6.14.3.jar:?]
	at org.testng.TestRunner.privateRun(TestRunner.java:648) ~[testng-6.14.3.jar:?]
	at org.testng.TestRunner.run(TestRunner.java:505) ~[testng-6.14.3.jar:?]
	at org.testng.SuiteRunner.runTest(SuiteRunner.java:455) ~[testng-6.14.3.jar:?]
	at org.testng.SuiteRunner.runSequentially(SuiteRunner.java:450) ~[testng-6.14.3.jar:?]
	at org.testng.SuiteRunner.privateRun(SuiteRunner.java:415) ~[testng-6.14.3.jar:?]
	at org.testng.SuiteRunner.run(SuiteRunner.java:364) ~[testng-6.14.3.jar:?]
	at org.testng.SuiteRunnerWorker.runSuite(SuiteRunnerWorker.java:52) ~[testng-6.14.3.jar:?]
	at org.testng.SuiteRunnerWorker.run(SuiteRunnerWorker.java:84) ~[testng-6.14.3.jar:?]
	at org.testng.TestNG.runSuitesSequentially(TestNG.java:1208) ~[testng-6.14.3.jar:?]
	at org.testng.TestNG.runSuitesLocally(TestNG.java:1137) ~[testng-6.14.3.jar:?]
	at org.testng.TestNG.runSuites(TestNG.java:1049) ~[testng-6.14.3.jar:?]
	at org.testng.TestNG.run(TestNG.java:1017) ~[testng-6.14.3.jar:?]
	at org.apache.maven.surefire.testng.TestNGExecutor.run(TestNGExecutor.java:308) ~[surefire-testng-3.3.0.jar:3.3.0]
	at org.apache.maven.surefire.testng.TestNGXmlTestSuite.execute(TestNGXmlTestSuite.java:71) ~[surefire-testng-3.3.0.jar:3.3.0]
	at org.apache.maven.surefire.testng.TestNGProvider.invoke(TestNGProvider.java:113) ~[surefire-testng-3.3.0.jar:3.3.0]
	at org.apache.maven.surefire.booter.ForkedBooter.runSuitesInProcess(ForkedBooter.java:385) ~[surefire-booter-3.3.0.jar:3.3.0]
	at org.apache.maven.surefire.booter.ForkedBooter.execute(ForkedBooter.java:162) ~[surefire-booter-3.3.0.jar:3.3.0]
	at org.apache.maven.surefire.booter.ForkedBooter.run(ForkedBooter.java:507) ~[surefire-booter-3.3.0.jar:3.3.0]
	at org.apache.maven.surefire.booter.ForkedBooter.main(ForkedBooter.java:495) ~[surefire-booter-3.3.0.jar:3.3.0]
17:05:53.560 [main] ERROR org.apache.poi.openxml4j.opc.PackageRelationshipCollection - Cannot convert mailto:ALPHAAAAAA@@@@@!@##$$$%12344 in a valid relationship URI-> dummy-URI used
java.net.URISyntaxException: Illegal character in fragment at index 25: mailto:ALPHAAAAAA@@@@@!@##$$$%12344
	at java.net.URI$Parser.fail(URI.java:2995) ~[?:?]
	at java.net.URI$Parser.checkChars(URI.java:3166) ~[?:?]
	at java.net.URI$Parser.parse(URI.java:3210) ~[?:?]
	at java.net.URI.<init>(URI.java:645) ~[?:?]
	at org.apache.poi.openxml4j.opc.PackagingURIHelper.toURI(PackagingURIHelper.java:723) ~[poi-ooxml-5.2.2.jar:5.2.2]
	at org.apache.poi.openxml4j.opc.PackageRelationshipCollection.parseRelationshipsPart(PackageRelationshipCollection.java:358) ~[poi-ooxml-5.2.2.jar:5.2.2]
	at org.apache.poi.openxml4j.opc.PackageRelationshipCollection.<init>(PackageRelationshipCollection.java:160) ~[poi-ooxml-5.2.2.jar:5.2.2]
	at org.apache.poi.openxml4j.opc.PackageRelationshipCollection.<init>(PackageRelationshipCollection.java:130) ~[poi-ooxml-5.2.2.jar:5.2.2]
	at org.apache.poi.openxml4j.opc.PackagePart.loadRelationships(PackagePart.java:565) ~[poi-ooxml-5.2.2.jar:5.2.2]
	at org.apache.poi.openxml4j.opc.OPCPackage.getParts(OPCPackage.java:745) ~[poi-ooxml-5.2.2.jar:5.2.2]
	at org.apache.poi.openxml4j.opc.OPCPackage.open(OPCPackage.java:315) ~[poi-ooxml-5.2.2.jar:5.2.2]
	at org.apache.poi.ooxml.util.PackageHelper.open(PackageHelper.java:59) ~[poi-ooxml-5.2.2.jar:5.2.2]
	at org.apache.poi.xssf.usermodel.XSSFWorkbook.<init>(XSSFWorkbook.java:289) ~[poi-ooxml-5.2.2.jar:5.2.2]
	at org.apache.poi.xssf.usermodel.XSSFWorkbook.<init>(XSSFWorkbook.java:285) ~[poi-ooxml-5.2.2.jar:5.2.2]
	at com.MOFutility.API_Excelutilities.readServiceIdFromExcel(API_Excelutilities.java:20) ~[test-classes/:?]
	at com.MOF.constants.API_URL.<clinit>(API_URL.java:217) ~[test-classes/:?]
	at com.MOFapi.MOFapi.Fetchvalid_SingleService_ValidServiceid(MOFapi.java:4891) ~[test-classes/:?]
	at jdk.internal.reflect.DirectMethodHandleAccessor.invoke(DirectMethodHandleAccessor.java:103) ~[?:?]
	at java.lang.reflect.Method.invoke(Method.java:580) ~[?:?]
	at org.testng.internal.MethodInvocationHelper.invokeMethod(MethodInvocationHelper.java:124) ~[testng-6.14.3.jar:?]
	at org.testng.internal.Invoker.invokeMethod(Invoker.java:583) ~[testng-6.14.3.jar:?]
	at org.testng.internal.Invoker.invokeTestMethod(Invoker.java:719) ~[testng-6.14.3.jar:?]
	at org.testng.internal.Invoker.invokeTestMethods(Invoker.java:989) ~[testng-6.14.3.jar:?]
	at org.testng.internal.TestMethodWorker.invokeTestMethods(TestMethodWorker.java:125) ~[testng-6.14.3.jar:?]
	at org.testng.internal.TestMethodWorker.run(TestMethodWorker.java:109) ~[testng-6.14.3.jar:?]
	at org.testng.TestRunner.privateRun(TestRunner.java:648) ~[testng-6.14.3.jar:?]
	at org.testng.TestRunner.run(TestRunner.java:505) ~[testng-6.14.3.jar:?]
	at org.testng.SuiteRunner.runTest(SuiteRunner.java:455) ~[testng-6.14.3.jar:?]
	at org.testng.SuiteRunner.runSequentially(SuiteRunner.java:450) ~[testng-6.14.3.jar:?]
	at org.testng.SuiteRunner.privateRun(SuiteRunner.java:415) ~[testng-6.14.3.jar:?]
	at org.testng.SuiteRunner.run(SuiteRunner.java:364) ~[testng-6.14.3.jar:?]
	at org.testng.SuiteRunnerWorker.runSuite(SuiteRunnerWorker.java:52) ~[testng-6.14.3.jar:?]
	at org.testng.SuiteRunnerWorker.run(SuiteRunnerWorker.java:84) ~[testng-6.14.3.jar:?]
	at org.testng.TestNG.runSuitesSequentially(TestNG.java:1208) ~[testng-6.14.3.jar:?]
	at org.testng.TestNG.runSuitesLocally(TestNG.java:1137) ~[testng-6.14.3.jar:?]
	at org.testng.TestNG.runSuites(TestNG.java:1049) ~[testng-6.14.3.jar:?]
	at org.testng.TestNG.run(TestNG.java:1017) ~[testng-6.14.3.jar:?]
	at org.apache.maven.surefire.testng.TestNGExecutor.run(TestNGExecutor.java:308) ~[surefire-testng-3.3.0.jar:3.3.0]
	at org.apache.maven.surefire.testng.TestNGXmlTestSuite.execute(TestNGXmlTestSuite.java:71) ~[surefire-testng-3.3.0.jar:3.3.0]
	at org.apache.maven.surefire.testng.TestNGProvider.invoke(TestNGProvider.java:113) ~[surefire-testng-3.3.0.jar:3.3.0]
	at org.apache.maven.surefire.booter.ForkedBooter.runSuitesInProcess(ForkedBooter.java:385) ~[surefire-booter-3.3.0.jar:3.3.0]
	at org.apache.maven.surefire.booter.ForkedBooter.execute(ForkedBooter.java:162) ~[surefire-booter-3.3.0.jar:3.3.0]
	at org.apache.maven.surefire.booter.ForkedBooter.run(ForkedBooter.java:507) ~[surefire-booter-3.3.0.jar:3.3.0]
	at org.apache.maven.surefire.booter.ForkedBooter.main(ForkedBooter.java:495) ~[surefire-booter-3.3.0.jar:3.3.0]
17:05:53.561 [main] ERROR org.apache.poi.openxml4j.opc.PackageRelationshipCollection - Cannot convert mailto:2343456378912@#&^*gvadhfbjnf in a valid relationship URI-> dummy-URI used
java.net.URISyntaxException: Illegal character in fragment at index 23: mailto:2343456378912@#&^*gvadhfbjnf
	at java.net.URI$Parser.fail(URI.java:2995) ~[?:?]
	at java.net.URI$Parser.checkChars(URI.java:3166) ~[?:?]
	at java.net.URI$Parser.parse(URI.java:3210) ~[?:?]
	at java.net.URI.<init>(URI.java:645) ~[?:?]
	at org.apache.poi.openxml4j.opc.PackagingURIHelper.toURI(PackagingURIHelper.java:723) ~[poi-ooxml-5.2.2.jar:5.2.2]
	at org.apache.poi.openxml4j.opc.PackageRelationshipCollection.parseRelationshipsPart(PackageRelationshipCollection.java:358) ~[poi-ooxml-5.2.2.jar:5.2.2]
	at org.apache.poi.openxml4j.opc.PackageRelationshipCollection.<init>(PackageRelationshipCollection.java:160) ~[poi-ooxml-5.2.2.jar:5.2.2]
	at org.apache.poi.openxml4j.opc.PackageRelationshipCollection.<init>(PackageRelationshipCollection.java:130) ~[poi-ooxml-5.2.2.jar:5.2.2]
	at org.apache.poi.openxml4j.opc.PackagePart.loadRelationships(PackagePart.java:565) ~[poi-ooxml-5.2.2.jar:5.2.2]
	at org.apache.poi.openxml4j.opc.OPCPackage.getParts(OPCPackage.java:745) ~[poi-ooxml-5.2.2.jar:5.2.2]
	at org.apache.poi.openxml4j.opc.OPCPackage.open(OPCPackage.java:315) ~[poi-ooxml-5.2.2.jar:5.2.2]
	at org.apache.poi.ooxml.util.PackageHelper.open(PackageHelper.java:59) ~[poi-ooxml-5.2.2.jar:5.2.2]
	at org.apache.poi.xssf.usermodel.XSSFWorkbook.<init>(XSSFWorkbook.java:289) ~[poi-ooxml-5.2.2.jar:5.2.2]
	at org.apache.poi.xssf.usermodel.XSSFWorkbook.<init>(XSSFWorkbook.java:285) ~[poi-ooxml-5.2.2.jar:5.2.2]
	at com.MOFutility.API_Excelutilities.readServiceIdFromExcel(API_Excelutilities.java:20) ~[test-classes/:?]
	at com.MOF.constants.API_URL.<clinit>(API_URL.java:217) ~[test-classes/:?]
	at com.MOFapi.MOFapi.Fetchvalid_SingleService_ValidServiceid(MOFapi.java:4891) ~[test-classes/:?]
	at jdk.internal.reflect.DirectMethodHandleAccessor.invoke(DirectMethodHandleAccessor.java:103) ~[?:?]
	at java.lang.reflect.Method.invoke(Method.java:580) ~[?:?]
	at org.testng.internal.MethodInvocationHelper.invokeMethod(MethodInvocationHelper.java:124) ~[testng-6.14.3.jar:?]
	at org.testng.internal.Invoker.invokeMethod(Invoker.java:583) ~[testng-6.14.3.jar:?]
	at org.testng.internal.Invoker.invokeTestMethod(Invoker.java:719) ~[testng-6.14.3.jar:?]
	at org.testng.internal.Invoker.invokeTestMethods(Invoker.java:989) ~[testng-6.14.3.jar:?]
	at org.testng.internal.TestMethodWorker.invokeTestMethods(TestMethodWorker.java:125) ~[testng-6.14.3.jar:?]
	at org.testng.internal.TestMethodWorker.run(TestMethodWorker.java:109) ~[testng-6.14.3.jar:?]
	at org.testng.TestRunner.privateRun(TestRunner.java:648) ~[testng-6.14.3.jar:?]
	at org.testng.TestRunner.run(TestRunner.java:505) ~[testng-6.14.3.jar:?]
	at org.testng.SuiteRunner.runTest(SuiteRunner.java:455) ~[testng-6.14.3.jar:?]
	at org.testng.SuiteRunner.runSequentially(SuiteRunner.java:450) ~[testng-6.14.3.jar:?]
	at org.testng.SuiteRunner.privateRun(SuiteRunner.java:415) ~[testng-6.14.3.jar:?]
	at org.testng.SuiteRunner.run(SuiteRunner.java:364) ~[testng-6.14.3.jar:?]
	at org.testng.SuiteRunnerWorker.runSuite(SuiteRunnerWorker.java:52) ~[testng-6.14.3.jar:?]
	at org.testng.SuiteRunnerWorker.run(SuiteRunnerWorker.java:84) ~[testng-6.14.3.jar:?]
	at org.testng.TestNG.runSuitesSequentially(TestNG.java:1208) ~[testng-6.14.3.jar:?]
	at org.testng.TestNG.runSuitesLocally(TestNG.java:1137) ~[testng-6.14.3.jar:?]
	at org.testng.TestNG.runSuites(TestNG.java:1049) ~[testng-6.14.3.jar:?]
	at org.testng.TestNG.run(TestNG.java:1017) ~[testng-6.14.3.jar:?]
	at org.apache.maven.surefire.testng.TestNGExecutor.run(TestNGExecutor.java:308) ~[surefire-testng-3.3.0.jar:3.3.0]
	at org.apache.maven.surefire.testng.TestNGXmlTestSuite.execute(TestNGXmlTestSuite.java:71) ~[surefire-testng-3.3.0.jar:3.3.0]
	at org.apache.maven.surefire.testng.TestNGProvider.invoke(TestNGProvider.java:113) ~[surefire-testng-3.3.0.jar:3.3.0]
	at org.apache.maven.surefire.booter.ForkedBooter.runSuitesInProcess(ForkedBooter.java:385) ~[surefire-booter-3.3.0.jar:3.3.0]
	at org.apache.maven.surefire.booter.ForkedBooter.execute(ForkedBooter.java:162) ~[surefire-booter-3.3.0.jar:3.3.0]
	at org.apache.maven.surefire.booter.ForkedBooter.run(ForkedBooter.java:507) ~[surefire-booter-3.3.0.jar:3.3.0]
	at org.apache.maven.surefire.booter.ForkedBooter.main(ForkedBooter.java:495) ~[surefire-booter-3.3.0.jar:3.3.0]
17:05:53.600 [main] ERROR org.apache.poi.openxml4j.opc.PackageRelationshipCollection - Cannot convert mailto:ALPA@#$%^245234534 in a valid relationship URI-> dummy-URI used
java.net.URISyntaxException: Malformed escape pair at index 14: mailto:ALPA@#$%^245234534
	at java.net.URI$Parser.fail(URI.java:2995) ~[?:?]
	at java.net.URI$Parser.scanEscape(URI.java:3123) ~[?:?]
	at java.net.URI$Parser.scan(URI.java:3146) ~[?:?]
	at java.net.URI$Parser.checkChars(URI.java:3164) ~[?:?]
	at java.net.URI$Parser.parse(URI.java:3210) ~[?:?]
	at java.net.URI.<init>(URI.java:645) ~[?:?]
	at org.apache.poi.openxml4j.opc.PackagingURIHelper.toURI(PackagingURIHelper.java:723) ~[poi-ooxml-5.2.2.jar:5.2.2]
	at org.apache.poi.openxml4j.opc.PackageRelationshipCollection.parseRelationshipsPart(PackageRelationshipCollection.java:358) ~[poi-ooxml-5.2.2.jar:5.2.2]
	at org.apache.poi.openxml4j.opc.PackageRelationshipCollection.<init>(PackageRelationshipCollection.java:160) ~[poi-ooxml-5.2.2.jar:5.2.2]
	at org.apache.poi.openxml4j.opc.PackageRelationshipCollection.<init>(PackageRelationshipCollection.java:130) ~[poi-ooxml-5.2.2.jar:5.2.2]
	at org.apache.poi.openxml4j.opc.PackagePart.loadRelationships(PackagePart.java:565) ~[poi-ooxml-5.2.2.jar:5.2.2]
	at org.apache.poi.openxml4j.opc.OPCPackage.getParts(OPCPackage.java:745) ~[poi-ooxml-5.2.2.jar:5.2.2]
	at org.apache.poi.openxml4j.opc.OPCPackage.open(OPCPackage.java:315) ~[poi-ooxml-5.2.2.jar:5.2.2]
	at org.apache.poi.ooxml.util.PackageHelper.open(PackageHelper.java:59) ~[poi-ooxml-5.2.2.jar:5.2.2]
	at org.apache.poi.xssf.usermodel.XSSFWorkbook.<init>(XSSFWorkbook.java:289) ~[poi-ooxml-5.2.2.jar:5.2.2]
	at org.apache.poi.xssf.usermodel.XSSFWorkbook.<init>(XSSFWorkbook.java:285) ~[poi-ooxml-5.2.2.jar:5.2.2]
	at com.MOFutility.API_Excelutilities.readServiceIdFromExcel(API_Excelutilities.java:20) ~[test-classes/:?]
	at com.MOF.constants.API_URL.<clinit>(API_URL.java:218) ~[test-classes/:?]
	at com.MOFapi.MOFapi.Fetchvalid_SingleService_ValidServiceid(MOFapi.java:4891) ~[test-classes/:?]
	at jdk.internal.reflect.DirectMethodHandleAccessor.invoke(DirectMethodHandleAccessor.java:103) ~[?:?]
	at java.lang.reflect.Method.invoke(Method.java:580) ~[?:?]
	at org.testng.internal.MethodInvocationHelper.invokeMethod(MethodInvocationHelper.java:124) ~[testng-6.14.3.jar:?]
	at org.testng.internal.Invoker.invokeMethod(Invoker.java:583) ~[testng-6.14.3.jar:?]
	at org.testng.internal.Invoker.invokeTestMethod(Invoker.java:719) ~[testng-6.14.3.jar:?]
	at org.testng.internal.Invoker.invokeTestMethods(Invoker.java:989) ~[testng-6.14.3.jar:?]
	at org.testng.internal.TestMethodWorker.invokeTestMethods(TestMethodWorker.java:125) ~[testng-6.14.3.jar:?]
	at org.testng.internal.TestMethodWorker.run(TestMethodWorker.java:109) ~[testng-6.14.3.jar:?]
	at org.testng.TestRunner.privateRun(TestRunner.java:648) ~[testng-6.14.3.jar:?]
	at org.testng.TestRunner.run(TestRunner.java:505) ~[testng-6.14.3.jar:?]
	at org.testng.SuiteRunner.runTest(SuiteRunner.java:455) ~[testng-6.14.3.jar:?]
	at org.testng.SuiteRunner.runSequentially(SuiteRunner.java:450) ~[testng-6.14.3.jar:?]
	at org.testng.SuiteRunner.privateRun(SuiteRunner.java:415) ~[testng-6.14.3.jar:?]
	at org.testng.SuiteRunner.run(SuiteRunner.java:364) ~[testng-6.14.3.jar:?]
	at org.testng.SuiteRunnerWorker.runSuite(SuiteRunnerWorker.java:52) ~[testng-6.14.3.jar:?]
	at org.testng.SuiteRunnerWorker.run(SuiteRunnerWorker.java:84) ~[testng-6.14.3.jar:?]
	at org.testng.TestNG.runSuitesSequentially(TestNG.java:1208) ~[testng-6.14.3.jar:?]
	at org.testng.TestNG.runSuitesLocally(TestNG.java:1137) ~[testng-6.14.3.jar:?]
	at org.testng.TestNG.runSuites(TestNG.java:1049) ~[testng-6.14.3.jar:?]
	at org.testng.TestNG.run(TestNG.java:1017) ~[testng-6.14.3.jar:?]
	at org.apache.maven.surefire.testng.TestNGExecutor.run(TestNGExecutor.java:308) ~[surefire-testng-3.3.0.jar:3.3.0]
	at org.apache.maven.surefire.testng.TestNGXmlTestSuite.execute(TestNGXmlTestSuite.java:71) ~[surefire-testng-3.3.0.jar:3.3.0]
	at org.apache.maven.surefire.testng.TestNGProvider.invoke(TestNGProvider.java:113) ~[surefire-testng-3.3.0.jar:3.3.0]
	at org.apache.maven.surefire.booter.ForkedBooter.runSuitesInProcess(ForkedBooter.java:385) ~[surefire-booter-3.3.0.jar:3.3.0]
	at org.apache.maven.surefire.booter.ForkedBooter.execute(ForkedBooter.java:162) ~[surefire-booter-3.3.0.jar:3.3.0]
	at org.apache.maven.surefire.booter.ForkedBooter.run(ForkedBooter.java:507) ~[surefire-booter-3.3.0.jar:3.3.0]
	at org.apache.maven.surefire.booter.ForkedBooter.main(ForkedBooter.java:495) ~[surefire-booter-3.3.0.jar:3.3.0]
17:05:53.601 [main] ERROR org.apache.poi.openxml4j.opc.PackageRelationshipCollection - Cannot convert mailto:ALPHAAAAAA@@@@@!@##$$$%12344 in a valid relationship URI-> dummy-URI used
java.net.URISyntaxException: Illegal character in fragment at index 25: mailto:ALPHAAAAAA@@@@@!@##$$$%12344
	at java.net.URI$Parser.fail(URI.java:2995) ~[?:?]
	at java.net.URI$Parser.checkChars(URI.java:3166) ~[?:?]
	at java.net.URI$Parser.parse(URI.java:3210) ~[?:?]
	at java.net.URI.<init>(URI.java:645) ~[?:?]
	at org.apache.poi.openxml4j.opc.PackagingURIHelper.toURI(PackagingURIHelper.java:723) ~[poi-ooxml-5.2.2.jar:5.2.2]
	at org.apache.poi.openxml4j.opc.PackageRelationshipCollection.parseRelationshipsPart(PackageRelationshipCollection.java:358) ~[poi-ooxml-5.2.2.jar:5.2.2]
	at org.apache.poi.openxml4j.opc.PackageRelationshipCollection.<init>(PackageRelationshipCollection.java:160) ~[poi-ooxml-5.2.2.jar:5.2.2]
	at org.apache.poi.openxml4j.opc.PackageRelationshipCollection.<init>(PackageRelationshipCollection.java:130) ~[poi-ooxml-5.2.2.jar:5.2.2]
	at org.apache.poi.openxml4j.opc.PackagePart.loadRelationships(PackagePart.java:565) ~[poi-ooxml-5.2.2.jar:5.2.2]
	at org.apache.poi.openxml4j.opc.OPCPackage.getParts(OPCPackage.java:745) ~[poi-ooxml-5.2.2.jar:5.2.2]
	at org.apache.poi.openxml4j.opc.OPCPackage.open(OPCPackage.java:315) ~[poi-ooxml-5.2.2.jar:5.2.2]
	at org.apache.poi.ooxml.util.PackageHelper.open(PackageHelper.java:59) ~[poi-ooxml-5.2.2.jar:5.2.2]
	at org.apache.poi.xssf.usermodel.XSSFWorkbook.<init>(XSSFWorkbook.java:289) ~[poi-ooxml-5.2.2.jar:5.2.2]
	at org.apache.poi.xssf.usermodel.XSSFWorkbook.<init>(XSSFWorkbook.java:285) ~[poi-ooxml-5.2.2.jar:5.2.2]
	at com.MOFutility.API_Excelutilities.readServiceIdFromExcel(API_Excelutilities.java:20) ~[test-classes/:?]
	at com.MOF.constants.API_URL.<clinit>(API_URL.java:218) ~[test-classes/:?]
	at com.MOFapi.MOFapi.Fetchvalid_SingleService_ValidServiceid(MOFapi.java:4891) ~[test-classes/:?]
	at jdk.internal.reflect.DirectMethodHandleAccessor.invoke(DirectMethodHandleAccessor.java:103) ~[?:?]
	at java.lang.reflect.Method.invoke(Method.java:580) ~[?:?]
	at org.testng.internal.MethodInvocationHelper.invokeMethod(MethodInvocationHelper.java:124) ~[testng-6.14.3.jar:?]
	at org.testng.internal.Invoker.invokeMethod(Invoker.java:583) ~[testng-6.14.3.jar:?]
	at org.testng.internal.Invoker.invokeTestMethod(Invoker.java:719) ~[testng-6.14.3.jar:?]
	at org.testng.internal.Invoker.invokeTestMethods(Invoker.java:989) ~[testng-6.14.3.jar:?]
	at org.testng.internal.TestMethodWorker.invokeTestMethods(TestMethodWorker.java:125) ~[testng-6.14.3.jar:?]
	at org.testng.internal.TestMethodWorker.run(TestMethodWorker.java:109) ~[testng-6.14.3.jar:?]
	at org.testng.TestRunner.privateRun(TestRunner.java:648) ~[testng-6.14.3.jar:?]
	at org.testng.TestRunner.run(TestRunner.java:505) ~[testng-6.14.3.jar:?]
	at org.testng.SuiteRunner.runTest(SuiteRunner.java:455) ~[testng-6.14.3.jar:?]
	at org.testng.SuiteRunner.runSequentially(SuiteRunner.java:450) ~[testng-6.14.3.jar:?]
	at org.testng.SuiteRunner.privateRun(SuiteRunner.java:415) ~[testng-6.14.3.jar:?]
	at org.testng.SuiteRunner.run(SuiteRunner.java:364) ~[testng-6.14.3.jar:?]
	at org.testng.SuiteRunnerWorker.runSuite(SuiteRunnerWorker.java:52) ~[testng-6.14.3.jar:?]
	at org.testng.SuiteRunnerWorker.run(SuiteRunnerWorker.java:84) ~[testng-6.14.3.jar:?]
	at org.testng.TestNG.runSuitesSequentially(TestNG.java:1208) ~[testng-6.14.3.jar:?]
	at org.testng.TestNG.runSuitesLocally(TestNG.java:1137) ~[testng-6.14.3.jar:?]
	at org.testng.TestNG.runSuites(TestNG.java:1049) ~[testng-6.14.3.jar:?]
	at org.testng.TestNG.run(TestNG.java:1017) ~[testng-6.14.3.jar:?]
	at org.apache.maven.surefire.testng.TestNGExecutor.run(TestNGExecutor.java:308) ~[surefire-testng-3.3.0.jar:3.3.0]
	at org.apache.maven.surefire.testng.TestNGXmlTestSuite.execute(TestNGXmlTestSuite.java:71) ~[surefire-testng-3.3.0.jar:3.3.0]
	at org.apache.maven.surefire.testng.TestNGProvider.invoke(TestNGProvider.java:113) ~[surefire-testng-3.3.0.jar:3.3.0]
	at org.apache.maven.surefire.booter.ForkedBooter.runSuitesInProcess(ForkedBooter.java:385) ~[surefire-booter-3.3.0.jar:3.3.0]
	at org.apache.maven.surefire.booter.ForkedBooter.execute(ForkedBooter.java:162) ~[surefire-booter-3.3.0.jar:3.3.0]
	at org.apache.maven.surefire.booter.ForkedBooter.run(ForkedBooter.java:507) ~[surefire-booter-3.3.0.jar:3.3.0]
	at org.apache.maven.surefire.booter.ForkedBooter.main(ForkedBooter.java:495) ~[surefire-booter-3.3.0.jar:3.3.0]
17:05:53.601 [main] ERROR org.apache.poi.openxml4j.opc.PackageRelationshipCollection - Cannot convert mailto:2343456378912@#&^*gvadhfbjnf in a valid relationship URI-> dummy-URI used
java.net.URISyntaxException: Illegal character in fragment at index 23: mailto:2343456378912@#&^*gvadhfbjnf
	at java.net.URI$Parser.fail(URI.java:2995) ~[?:?]
	at java.net.URI$Parser.checkChars(URI.java:3166) ~[?:?]
	at java.net.URI$Parser.parse(URI.java:3210) ~[?:?]
	at java.net.URI.<init>(URI.java:645) ~[?:?]
	at org.apache.poi.openxml4j.opc.PackagingURIHelper.toURI(PackagingURIHelper.java:723) ~[poi-ooxml-5.2.2.jar:5.2.2]
	at org.apache.poi.openxml4j.opc.PackageRelationshipCollection.parseRelationshipsPart(PackageRelationshipCollection.java:358) ~[poi-ooxml-5.2.2.jar:5.2.2]
	at org.apache.poi.openxml4j.opc.PackageRelationshipCollection.<init>(PackageRelationshipCollection.java:160) ~[poi-ooxml-5.2.2.jar:5.2.2]
	at org.apache.poi.openxml4j.opc.PackageRelationshipCollection.<init>(PackageRelationshipCollection.java:130) ~[poi-ooxml-5.2.2.jar:5.2.2]
	at org.apache.poi.openxml4j.opc.PackagePart.loadRelationships(PackagePart.java:565) ~[poi-ooxml-5.2.2.jar:5.2.2]
	at org.apache.poi.openxml4j.opc.OPCPackage.getParts(OPCPackage.java:745) ~[poi-ooxml-5.2.2.jar:5.2.2]
	at org.apache.poi.openxml4j.opc.OPCPackage.open(OPCPackage.java:315) ~[poi-ooxml-5.2.2.jar:5.2.2]
	at org.apache.poi.ooxml.util.PackageHelper.open(PackageHelper.java:59) ~[poi-ooxml-5.2.2.jar:5.2.2]
	at org.apache.poi.xssf.usermodel.XSSFWorkbook.<init>(XSSFWorkbook.java:289) ~[poi-ooxml-5.2.2.jar:5.2.2]
	at org.apache.poi.xssf.usermodel.XSSFWorkbook.<init>(XSSFWorkbook.java:285) ~[poi-ooxml-5.2.2.jar:5.2.2]
	at com.MOFutility.API_Excelutilities.readServiceIdFromExcel(API_Excelutilities.java:20) ~[test-classes/:?]
	at com.MOF.constants.API_URL.<clinit>(API_URL.java:218) ~[test-classes/:?]
	at com.MOFapi.MOFapi.Fetchvalid_SingleService_ValidServiceid(MOFapi.java:4891) ~[test-classes/:?]
	at jdk.internal.reflect.DirectMethodHandleAccessor.invoke(DirectMethodHandleAccessor.java:103) ~[?:?]
	at java.lang.reflect.Method.invoke(Method.java:580) ~[?:?]
	at org.testng.internal.MethodInvocationHelper.invokeMethod(MethodInvocationHelper.java:124) ~[testng-6.14.3.jar:?]
	at org.testng.internal.Invoker.invokeMethod(Invoker.java:583) ~[testng-6.14.3.jar:?]
	at org.testng.internal.Invoker.invokeTestMethod(Invoker.java:719) ~[testng-6.14.3.jar:?]
	at org.testng.internal.Invoker.invokeTestMethods(Invoker.java:989) ~[testng-6.14.3.jar:?]
	at org.testng.internal.TestMethodWorker.invokeTestMethods(TestMethodWorker.java:125) ~[testng-6.14.3.jar:?]
	at org.testng.internal.TestMethodWorker.run(TestMethodWorker.java:109) ~[testng-6.14.3.jar:?]
	at org.testng.TestRunner.privateRun(TestRunner.java:648) ~[testng-6.14.3.jar:?]
	at org.testng.TestRunner.run(TestRunner.java:505) ~[testng-6.14.3.jar:?]
	at org.testng.SuiteRunner.runTest(SuiteRunner.java:455) ~[testng-6.14.3.jar:?]
	at org.testng.SuiteRunner.runSequentially(SuiteRunner.java:450) ~[testng-6.14.3.jar:?]
	at org.testng.SuiteRunner.privateRun(SuiteRunner.java:415) ~[testng-6.14.3.jar:?]
	at org.testng.SuiteRunner.run(SuiteRunner.java:364) ~[testng-6.14.3.jar:?]
	at org.testng.SuiteRunnerWorker.runSuite(SuiteRunnerWorker.java:52) ~[testng-6.14.3.jar:?]
	at org.testng.SuiteRunnerWorker.run(SuiteRunnerWorker.java:84) ~[testng-6.14.3.jar:?]
	at org.testng.TestNG.runSuitesSequentially(TestNG.java:1208) ~[testng-6.14.3.jar:?]
	at org.testng.TestNG.runSuitesLocally(TestNG.java:1137) ~[testng-6.14.3.jar:?]
	at org.testng.TestNG.runSuites(TestNG.java:1049) ~[testng-6.14.3.jar:?]
	at org.testng.TestNG.run(TestNG.java:1017) ~[testng-6.14.3.jar:?]
	at org.apache.maven.surefire.testng.TestNGExecutor.run(TestNGExecutor.java:308) ~[surefire-testng-3.3.0.jar:3.3.0]
	at org.apache.maven.surefire.testng.TestNGXmlTestSuite.execute(TestNGXmlTestSuite.java:71) ~[surefire-testng-3.3.0.jar:3.3.0]
	at org.apache.maven.surefire.testng.TestNGProvider.invoke(TestNGProvider.java:113) ~[surefire-testng-3.3.0.jar:3.3.0]
	at org.apache.maven.surefire.booter.ForkedBooter.runSuitesInProcess(ForkedBooter.java:385) ~[surefire-booter-3.3.0.jar:3.3.0]
	at org.apache.maven.surefire.booter.ForkedBooter.execute(ForkedBooter.java:162) ~[surefire-booter-3.3.0.jar:3.3.0]
	at org.apache.maven.surefire.booter.ForkedBooter.run(ForkedBooter.java:507) ~[surefire-booter-3.3.0.jar:3.3.0]
	at org.apache.maven.surefire.booter.ForkedBooter.main(ForkedBooter.java:495) ~[surefire-booter-3.3.0.jar:3.3.0]
17:05:53.630 [main] ERROR org.apache.poi.openxml4j.opc.PackageRelationshipCollection - Cannot convert mailto:ALPA@#$%^245234534 in a valid relationship URI-> dummy-URI used
java.net.URISyntaxException: Malformed escape pair at index 14: mailto:ALPA@#$%^245234534
	at java.net.URI$Parser.fail(URI.java:2995) ~[?:?]
	at java.net.URI$Parser.scanEscape(URI.java:3123) ~[?:?]
	at java.net.URI$Parser.scan(URI.java:3146) ~[?:?]
	at java.net.URI$Parser.checkChars(URI.java:3164) ~[?:?]
	at java.net.URI$Parser.parse(URI.java:3210) ~[?:?]
	at java.net.URI.<init>(URI.java:645) ~[?:?]
	at org.apache.poi.openxml4j.opc.PackagingURIHelper.toURI(PackagingURIHelper.java:723) ~[poi-ooxml-5.2.2.jar:5.2.2]
	at org.apache.poi.openxml4j.opc.PackageRelationshipCollection.parseRelationshipsPart(PackageRelationshipCollection.java:358) ~[poi-ooxml-5.2.2.jar:5.2.2]
	at org.apache.poi.openxml4j.opc.PackageRelationshipCollection.<init>(PackageRelationshipCollection.java:160) ~[poi-ooxml-5.2.2.jar:5.2.2]
	at org.apache.poi.openxml4j.opc.PackageRelationshipCollection.<init>(PackageRelationshipCollection.java:130) ~[poi-ooxml-5.2.2.jar:5.2.2]
	at org.apache.poi.openxml4j.opc.PackagePart.loadRelationships(PackagePart.java:565) ~[poi-ooxml-5.2.2.jar:5.2.2]
	at org.apache.poi.openxml4j.opc.OPCPackage.getParts(OPCPackage.java:745) ~[poi-ooxml-5.2.2.jar:5.2.2]
	at org.apache.poi.openxml4j.opc.OPCPackage.open(OPCPackage.java:315) ~[poi-ooxml-5.2.2.jar:5.2.2]
	at org.apache.poi.ooxml.util.PackageHelper.open(PackageHelper.java:59) ~[poi-ooxml-5.2.2.jar:5.2.2]
	at org.apache.poi.xssf.usermodel.XSSFWorkbook.<init>(XSSFWorkbook.java:289) ~[poi-ooxml-5.2.2.jar:5.2.2]
	at org.apache.poi.xssf.usermodel.XSSFWorkbook.<init>(XSSFWorkbook.java:285) ~[poi-ooxml-5.2.2.jar:5.2.2]
	at com.MOFutility.API_Excelutilities.readServiceIdFromExcel(API_Excelutilities.java:20) ~[test-classes/:?]
	at com.MOF.constants.API_URL.<clinit>(API_URL.java:219) ~[test-classes/:?]
	at com.MOFapi.MOFapi.Fetchvalid_SingleService_ValidServiceid(MOFapi.java:4891) ~[test-classes/:?]
	at jdk.internal.reflect.DirectMethodHandleAccessor.invoke(DirectMethodHandleAccessor.java:103) ~[?:?]
	at java.lang.reflect.Method.invoke(Method.java:580) ~[?:?]
	at org.testng.internal.MethodInvocationHelper.invokeMethod(MethodInvocationHelper.java:124) ~[testng-6.14.3.jar:?]
	at org.testng.internal.Invoker.invokeMethod(Invoker.java:583) ~[testng-6.14.3.jar:?]
	at org.testng.internal.Invoker.invokeTestMethod(Invoker.java:719) ~[testng-6.14.3.jar:?]
	at org.testng.internal.Invoker.invokeTestMethods(Invoker.java:989) ~[testng-6.14.3.jar:?]
	at org.testng.internal.TestMethodWorker.invokeTestMethods(TestMethodWorker.java:125) ~[testng-6.14.3.jar:?]
	at org.testng.internal.TestMethodWorker.run(TestMethodWorker.java:109) ~[testng-6.14.3.jar:?]
	at org.testng.TestRunner.privateRun(TestRunner.java:648) ~[testng-6.14.3.jar:?]
	at org.testng.TestRunner.run(TestRunner.java:505) ~[testng-6.14.3.jar:?]
	at org.testng.SuiteRunner.runTest(SuiteRunner.java:455) ~[testng-6.14.3.jar:?]
	at org.testng.SuiteRunner.runSequentially(SuiteRunner.java:450) ~[testng-6.14.3.jar:?]
	at org.testng.SuiteRunner.privateRun(SuiteRunner.java:415) ~[testng-6.14.3.jar:?]
	at org.testng.SuiteRunner.run(SuiteRunner.java:364) ~[testng-6.14.3.jar:?]
	at org.testng.SuiteRunnerWorker.runSuite(SuiteRunnerWorker.java:52) ~[testng-6.14.3.jar:?]
	at org.testng.SuiteRunnerWorker.run(SuiteRunnerWorker.java:84) ~[testng-6.14.3.jar:?]
	at org.testng.TestNG.runSuitesSequentially(TestNG.java:1208) ~[testng-6.14.3.jar:?]
	at org.testng.TestNG.runSuitesLocally(TestNG.java:1137) ~[testng-6.14.3.jar:?]
	at org.testng.TestNG.runSuites(TestNG.java:1049) ~[testng-6.14.3.jar:?]
	at org.testng.TestNG.run(TestNG.java:1017) ~[testng-6.14.3.jar:?]
	at org.apache.maven.surefire.testng.TestNGExecutor.run(TestNGExecutor.java:308) ~[surefire-testng-3.3.0.jar:3.3.0]
	at org.apache.maven.surefire.testng.TestNGXmlTestSuite.execute(TestNGXmlTestSuite.java:71) ~[surefire-testng-3.3.0.jar:3.3.0]
	at org.apache.maven.surefire.testng.TestNGProvider.invoke(TestNGProvider.java:113) ~[surefire-testng-3.3.0.jar:3.3.0]
	at org.apache.maven.surefire.booter.ForkedBooter.runSuitesInProcess(ForkedBooter.java:385) ~[surefire-booter-3.3.0.jar:3.3.0]
	at org.apache.maven.surefire.booter.ForkedBooter.execute(ForkedBooter.java:162) ~[surefire-booter-3.3.0.jar:3.3.0]
	at org.apache.maven.surefire.booter.ForkedBooter.run(ForkedBooter.java:507) ~[surefire-booter-3.3.0.jar:3.3.0]
	at org.apache.maven.surefire.booter.ForkedBooter.main(ForkedBooter.java:495) ~[surefire-booter-3.3.0.jar:3.3.0]
17:05:53.631 [main] ERROR org.apache.poi.openxml4j.opc.PackageRelationshipCollection - Cannot convert mailto:ALPHAAAAAA@@@@@!@##$$$%12344 in a valid relationship URI-> dummy-URI used
java.net.URISyntaxException: Illegal character in fragment at index 25: mailto:ALPHAAAAAA@@@@@!@##$$$%12344
	at java.net.URI$Parser.fail(URI.java:2995) ~[?:?]
	at java.net.URI$Parser.checkChars(URI.java:3166) ~[?:?]
	at java.net.URI$Parser.parse(URI.java:3210) ~[?:?]
	at java.net.URI.<init>(URI.java:645) ~[?:?]
	at org.apache.poi.openxml4j.opc.PackagingURIHelper.toURI(PackagingURIHelper.java:723) ~[poi-ooxml-5.2.2.jar:5.2.2]
	at org.apache.poi.openxml4j.opc.PackageRelationshipCollection.parseRelationshipsPart(PackageRelationshipCollection.java:358) ~[poi-ooxml-5.2.2.jar:5.2.2]
	at org.apache.poi.openxml4j.opc.PackageRelationshipCollection.<init>(PackageRelationshipCollection.java:160) ~[poi-ooxml-5.2.2.jar:5.2.2]
	at org.apache.poi.openxml4j.opc.PackageRelationshipCollection.<init>(PackageRelationshipCollection.java:130) ~[poi-ooxml-5.2.2.jar:5.2.2]
	at org.apache.poi.openxml4j.opc.PackagePart.loadRelationships(PackagePart.java:565) ~[poi-ooxml-5.2.2.jar:5.2.2]
	at org.apache.poi.openxml4j.opc.OPCPackage.getParts(OPCPackage.java:745) ~[poi-ooxml-5.2.2.jar:5.2.2]
	at org.apache.poi.openxml4j.opc.OPCPackage.open(OPCPackage.java:315) ~[poi-ooxml-5.2.2.jar:5.2.2]
	at org.apache.poi.ooxml.util.PackageHelper.open(PackageHelper.java:59) ~[poi-ooxml-5.2.2.jar:5.2.2]
	at org.apache.poi.xssf.usermodel.XSSFWorkbook.<init>(XSSFWorkbook.java:289) ~[poi-ooxml-5.2.2.jar:5.2.2]
	at org.apache.poi.xssf.usermodel.XSSFWorkbook.<init>(XSSFWorkbook.java:285) ~[poi-ooxml-5.2.2.jar:5.2.2]
	at com.MOFutility.API_Excelutilities.readServiceIdFromExcel(API_Excelutilities.java:20) ~[test-classes/:?]
	at com.MOF.constants.API_URL.<clinit>(API_URL.java:219) ~[test-classes/:?]
	at com.MOFapi.MOFapi.Fetchvalid_SingleService_ValidServiceid(MOFapi.java:4891) ~[test-classes/:?]
	at jdk.internal.reflect.DirectMethodHandleAccessor.invoke(DirectMethodHandleAccessor.java:103) ~[?:?]
	at java.lang.reflect.Method.invoke(Method.java:580) ~[?:?]
	at org.testng.internal.MethodInvocationHelper.invokeMethod(MethodInvocationHelper.java:124) ~[testng-6.14.3.jar:?]
	at org.testng.internal.Invoker.invokeMethod(Invoker.java:583) ~[testng-6.14.3.jar:?]
	at org.testng.internal.Invoker.invokeTestMethod(Invoker.java:719) ~[testng-6.14.3.jar:?]
	at org.testng.internal.Invoker.invokeTestMethods(Invoker.java:989) ~[testng-6.14.3.jar:?]
	at org.testng.internal.TestMethodWorker.invokeTestMethods(TestMethodWorker.java:125) ~[testng-6.14.3.jar:?]
	at org.testng.internal.TestMethodWorker.run(TestMethodWorker.java:109) ~[testng-6.14.3.jar:?]
	at org.testng.TestRunner.privateRun(TestRunner.java:648) ~[testng-6.14.3.jar:?]
	at org.testng.TestRunner.run(TestRunner.java:505) ~[testng-6.14.3.jar:?]
	at org.testng.SuiteRunner.runTest(SuiteRunner.java:455) ~[testng-6.14.3.jar:?]
	at org.testng.SuiteRunner.runSequentially(SuiteRunner.java:450) ~[testng-6.14.3.jar:?]
	at org.testng.SuiteRunner.privateRun(SuiteRunner.java:415) ~[testng-6.14.3.jar:?]
	at org.testng.SuiteRunner.run(SuiteRunner.java:364) ~[testng-6.14.3.jar:?]
	at org.testng.SuiteRunnerWorker.runSuite(SuiteRunnerWorker.java:52) ~[testng-6.14.3.jar:?]
	at org.testng.SuiteRunnerWorker.run(SuiteRunnerWorker.java:84) ~[testng-6.14.3.jar:?]
	at org.testng.TestNG.runSuitesSequentially(TestNG.java:1208) ~[testng-6.14.3.jar:?]
	at org.testng.TestNG.runSuitesLocally(TestNG.java:1137) ~[testng-6.14.3.jar:?]
	at org.testng.TestNG.runSuites(TestNG.java:1049) ~[testng-6.14.3.jar:?]
	at org.testng.TestNG.run(TestNG.java:1017) ~[testng-6.14.3.jar:?]
	at org.apache.maven.surefire.testng.TestNGExecutor.run(TestNGExecutor.java:308) ~[surefire-testng-3.3.0.jar:3.3.0]
	at org.apache.maven.surefire.testng.TestNGXmlTestSuite.execute(TestNGXmlTestSuite.java:71) ~[surefire-testng-3.3.0.jar:3.3.0]
	at org.apache.maven.surefire.testng.TestNGProvider.invoke(TestNGProvider.java:113) ~[surefire-testng-3.3.0.jar:3.3.0]
	at org.apache.maven.surefire.booter.ForkedBooter.runSuitesInProcess(ForkedBooter.java:385) ~[surefire-booter-3.3.0.jar:3.3.0]
	at org.apache.maven.surefire.booter.ForkedBooter.execute(ForkedBooter.java:162) ~[surefire-booter-3.3.0.jar:3.3.0]
	at org.apache.maven.surefire.booter.ForkedBooter.run(ForkedBooter.java:507) ~[surefire-booter-3.3.0.jar:3.3.0]
	at org.apache.maven.surefire.booter.ForkedBooter.main(ForkedBooter.java:495) ~[surefire-booter-3.3.0.jar:3.3.0]
17:05:53.631 [main] ERROR org.apache.poi.openxml4j.opc.PackageRelationshipCollection - Cannot convert mailto:2343456378912@#&^*gvadhfbjnf in a valid relationship URI-> dummy-URI used
java.net.URISyntaxException: Illegal character in fragment at index 23: mailto:2343456378912@#&^*gvadhfbjnf
	at java.net.URI$Parser.fail(URI.java:2995) ~[?:?]
	at java.net.URI$Parser.checkChars(URI.java:3166) ~[?:?]
	at java.net.URI$Parser.parse(URI.java:3210) ~[?:?]
	at java.net.URI.<init>(URI.java:645) ~[?:?]
	at org.apache.poi.openxml4j.opc.PackagingURIHelper.toURI(PackagingURIHelper.java:723) ~[poi-ooxml-5.2.2.jar:5.2.2]
	at org.apache.poi.openxml4j.opc.PackageRelationshipCollection.parseRelationshipsPart(PackageRelationshipCollection.java:358) ~[poi-ooxml-5.2.2.jar:5.2.2]
	at org.apache.poi.openxml4j.opc.PackageRelationshipCollection.<init>(PackageRelationshipCollection.java:160) ~[poi-ooxml-5.2.2.jar:5.2.2]
	at org.apache.poi.openxml4j.opc.PackageRelationshipCollection.<init>(PackageRelationshipCollection.java:130) ~[poi-ooxml-5.2.2.jar:5.2.2]
	at org.apache.poi.openxml4j.opc.PackagePart.loadRelationships(PackagePart.java:565) ~[poi-ooxml-5.2.2.jar:5.2.2]
	at org.apache.poi.openxml4j.opc.OPCPackage.getParts(OPCPackage.java:745) ~[poi-ooxml-5.2.2.jar:5.2.2]
	at org.apache.poi.openxml4j.opc.OPCPackage.open(OPCPackage.java:315) ~[poi-ooxml-5.2.2.jar:5.2.2]
	at org.apache.poi.ooxml.util.PackageHelper.open(PackageHelper.java:59) ~[poi-ooxml-5.2.2.jar:5.2.2]
	at org.apache.poi.xssf.usermodel.XSSFWorkbook.<init>(XSSFWorkbook.java:289) ~[poi-ooxml-5.2.2.jar:5.2.2]
	at org.apache.poi.xssf.usermodel.XSSFWorkbook.<init>(XSSFWorkbook.java:285) ~[poi-ooxml-5.2.2.jar:5.2.2]
	at com.MOFutility.API_Excelutilities.readServiceIdFromExcel(API_Excelutilities.java:20) ~[test-classes/:?]
	at com.MOF.constants.API_URL.<clinit>(API_URL.java:219) ~[test-classes/:?]
	at com.MOFapi.MOFapi.Fetchvalid_SingleService_ValidServiceid(MOFapi.java:4891) ~[test-classes/:?]
	at jdk.internal.reflect.DirectMethodHandleAccessor.invoke(DirectMethodHandleAccessor.java:103) ~[?:?]
	at java.lang.reflect.Method.invoke(Method.java:580) ~[?:?]
	at org.testng.internal.MethodInvocationHelper.invokeMethod(MethodInvocationHelper.java:124) ~[testng-6.14.3.jar:?]
	at org.testng.internal.Invoker.invokeMethod(Invoker.java:583) ~[testng-6.14.3.jar:?]
	at org.testng.internal.Invoker.invokeTestMethod(Invoker.java:719) ~[testng-6.14.3.jar:?]
	at org.testng.internal.Invoker.invokeTestMethods(Invoker.java:989) ~[testng-6.14.3.jar:?]
	at org.testng.internal.TestMethodWorker.invokeTestMethods(TestMethodWorker.java:125) ~[testng-6.14.3.jar:?]
	at org.testng.internal.TestMethodWorker.run(TestMethodWorker.java:109) ~[testng-6.14.3.jar:?]
	at org.testng.TestRunner.privateRun(TestRunner.java:648) ~[testng-6.14.3.jar:?]
	at org.testng.TestRunner.run(TestRunner.java:505) ~[testng-6.14.3.jar:?]
	at org.testng.SuiteRunner.runTest(SuiteRunner.java:455) ~[testng-6.14.3.jar:?]
	at org.testng.SuiteRunner.runSequentially(SuiteRunner.java:450) ~[testng-6.14.3.jar:?]
	at org.testng.SuiteRunner.privateRun(SuiteRunner.java:415) ~[testng-6.14.3.jar:?]
	at org.testng.SuiteRunner.run(SuiteRunner.java:364) ~[testng-6.14.3.jar:?]
	at org.testng.SuiteRunnerWorker.runSuite(SuiteRunnerWorker.java:52) ~[testng-6.14.3.jar:?]
	at org.testng.SuiteRunnerWorker.run(SuiteRunnerWorker.java:84) ~[testng-6.14.3.jar:?]
	at org.testng.TestNG.runSuitesSequentially(TestNG.java:1208) ~[testng-6.14.3.jar:?]
	at org.testng.TestNG.runSuitesLocally(TestNG.java:1137) ~[testng-6.14.3.jar:?]
	at org.testng.TestNG.runSuites(TestNG.java:1049) ~[testng-6.14.3.jar:?]
	at org.testng.TestNG.run(TestNG.java:1017) ~[testng-6.14.3.jar:?]
	at org.apache.maven.surefire.testng.TestNGExecutor.run(TestNGExecutor.java:308) ~[surefire-testng-3.3.0.jar:3.3.0]
	at org.apache.maven.surefire.testng.TestNGXmlTestSuite.execute(TestNGXmlTestSuite.java:71) ~[surefire-testng-3.3.0.jar:3.3.0]
	at org.apache.maven.surefire.testng.TestNGProvider.invoke(TestNGProvider.java:113) ~[surefire-testng-3.3.0.jar:3.3.0]
	at org.apache.maven.surefire.booter.ForkedBooter.runSuitesInProcess(ForkedBooter.java:385) ~[surefire-booter-3.3.0.jar:3.3.0]
	at org.apache.maven.surefire.booter.ForkedBooter.execute(ForkedBooter.java:162) ~[surefire-booter-3.3.0.jar:3.3.0]
	at org.apache.maven.surefire.booter.ForkedBooter.run(ForkedBooter.java:507) ~[surefire-booter-3.3.0.jar:3.3.0]
	at org.apache.maven.surefire.booter.ForkedBooter.main(ForkedBooter.java:495) ~[surefire-booter-3.3.0.jar:3.3.0]
17:05:53.659 [main] ERROR org.apache.poi.openxml4j.opc.PackageRelationshipCollection - Cannot convert mailto:ALPA@#$%^245234534 in a valid relationship URI-> dummy-URI used
java.net.URISyntaxException: Malformed escape pair at index 14: mailto:ALPA@#$%^245234534
	at java.net.URI$Parser.fail(URI.java:2995) ~[?:?]
	at java.net.URI$Parser.scanEscape(URI.java:3123) ~[?:?]
	at java.net.URI$Parser.scan(URI.java:3146) ~[?:?]
	at java.net.URI$Parser.checkChars(URI.java:3164) ~[?:?]
	at java.net.URI$Parser.parse(URI.java:3210) ~[?:?]
	at java.net.URI.<init>(URI.java:645) ~[?:?]
	at org.apache.poi.openxml4j.opc.PackagingURIHelper.toURI(PackagingURIHelper.java:723) ~[poi-ooxml-5.2.2.jar:5.2.2]
	at org.apache.poi.openxml4j.opc.PackageRelationshipCollection.parseRelationshipsPart(PackageRelationshipCollection.java:358) ~[poi-ooxml-5.2.2.jar:5.2.2]
	at org.apache.poi.openxml4j.opc.PackageRelationshipCollection.<init>(PackageRelationshipCollection.java:160) ~[poi-ooxml-5.2.2.jar:5.2.2]
	at org.apache.poi.openxml4j.opc.PackageRelationshipCollection.<init>(PackageRelationshipCollection.java:130) ~[poi-ooxml-5.2.2.jar:5.2.2]
	at org.apache.poi.openxml4j.opc.PackagePart.loadRelationships(PackagePart.java:565) ~[poi-ooxml-5.2.2.jar:5.2.2]
	at org.apache.poi.openxml4j.opc.OPCPackage.getParts(OPCPackage.java:745) ~[poi-ooxml-5.2.2.jar:5.2.2]
	at org.apache.poi.openxml4j.opc.OPCPackage.open(OPCPackage.java:315) ~[poi-ooxml-5.2.2.jar:5.2.2]
	at org.apache.poi.ooxml.util.PackageHelper.open(PackageHelper.java:59) ~[poi-ooxml-5.2.2.jar:5.2.2]
	at org.apache.poi.xssf.usermodel.XSSFWorkbook.<init>(XSSFWorkbook.java:289) ~[poi-ooxml-5.2.2.jar:5.2.2]
	at org.apache.poi.xssf.usermodel.XSSFWorkbook.<init>(XSSFWorkbook.java:285) ~[poi-ooxml-5.2.2.jar:5.2.2]
	at com.MOFutility.API_Excelutilities.readServiceIdFromExcel(API_Excelutilities.java:20) ~[test-classes/:?]
	at com.MOF.constants.API_URL.<clinit>(API_URL.java:220) ~[test-classes/:?]
	at com.MOFapi.MOFapi.Fetchvalid_SingleService_ValidServiceid(MOFapi.java:4891) ~[test-classes/:?]
	at jdk.internal.reflect.DirectMethodHandleAccessor.invoke(DirectMethodHandleAccessor.java:103) ~[?:?]
	at java.lang.reflect.Method.invoke(Method.java:580) ~[?:?]
	at org.testng.internal.MethodInvocationHelper.invokeMethod(MethodInvocationHelper.java:124) ~[testng-6.14.3.jar:?]
	at org.testng.internal.Invoker.invokeMethod(Invoker.java:583) ~[testng-6.14.3.jar:?]
	at org.testng.internal.Invoker.invokeTestMethod(Invoker.java:719) ~[testng-6.14.3.jar:?]
	at org.testng.internal.Invoker.invokeTestMethods(Invoker.java:989) ~[testng-6.14.3.jar:?]
	at org.testng.internal.TestMethodWorker.invokeTestMethods(TestMethodWorker.java:125) ~[testng-6.14.3.jar:?]
	at org.testng.internal.TestMethodWorker.run(TestMethodWorker.java:109) ~[testng-6.14.3.jar:?]
	at org.testng.TestRunner.privateRun(TestRunner.java:648) ~[testng-6.14.3.jar:?]
	at org.testng.TestRunner.run(TestRunner.java:505) ~[testng-6.14.3.jar:?]
	at org.testng.SuiteRunner.runTest(SuiteRunner.java:455) ~[testng-6.14.3.jar:?]
	at org.testng.SuiteRunner.runSequentially(SuiteRunner.java:450) ~[testng-6.14.3.jar:?]
	at org.testng.SuiteRunner.privateRun(SuiteRunner.java:415) ~[testng-6.14.3.jar:?]
	at org.testng.SuiteRunner.run(SuiteRunner.java:364) ~[testng-6.14.3.jar:?]
	at org.testng.SuiteRunnerWorker.runSuite(SuiteRunnerWorker.java:52) ~[testng-6.14.3.jar:?]
	at org.testng.SuiteRunnerWorker.run(SuiteRunnerWorker.java:84) ~[testng-6.14.3.jar:?]
	at org.testng.TestNG.runSuitesSequentially(TestNG.java:1208) ~[testng-6.14.3.jar:?]
	at org.testng.TestNG.runSuitesLocally(TestNG.java:1137) ~[testng-6.14.3.jar:?]
	at org.testng.TestNG.runSuites(TestNG.java:1049) ~[testng-6.14.3.jar:?]
	at org.testng.TestNG.run(TestNG.java:1017) ~[testng-6.14.3.jar:?]
	at org.apache.maven.surefire.testng.TestNGExecutor.run(TestNGExecutor.java:308) ~[surefire-testng-3.3.0.jar:3.3.0]
	at org.apache.maven.surefire.testng.TestNGXmlTestSuite.execute(TestNGXmlTestSuite.java:71) ~[surefire-testng-3.3.0.jar:3.3.0]
	at org.apache.maven.surefire.testng.TestNGProvider.invoke(TestNGProvider.java:113) ~[surefire-testng-3.3.0.jar:3.3.0]
	at org.apache.maven.surefire.booter.ForkedBooter.runSuitesInProcess(ForkedBooter.java:385) ~[surefire-booter-3.3.0.jar:3.3.0]
	at org.apache.maven.surefire.booter.ForkedBooter.execute(ForkedBooter.java:162) ~[surefire-booter-3.3.0.jar:3.3.0]
	at org.apache.maven.surefire.booter.ForkedBooter.run(ForkedBooter.java:507) ~[surefire-booter-3.3.0.jar:3.3.0]
	at org.apache.maven.surefire.booter.ForkedBooter.main(ForkedBooter.java:495) ~[surefire-booter-3.3.0.jar:3.3.0]
17:05:53.660 [main] ERROR org.apache.poi.openxml4j.opc.PackageRelationshipCollection - Cannot convert mailto:ALPHAAAAAA@@@@@!@##$$$%12344 in a valid relationship URI-> dummy-URI used
java.net.URISyntaxException: Illegal character in fragment at index 25: mailto:ALPHAAAAAA@@@@@!@##$$$%12344
	at java.net.URI$Parser.fail(URI.java:2995) ~[?:?]
	at java.net.URI$Parser.checkChars(URI.java:3166) ~[?:?]
	at java.net.URI$Parser.parse(URI.java:3210) ~[?:?]
	at java.net.URI.<init>(URI.java:645) ~[?:?]
	at org.apache.poi.openxml4j.opc.PackagingURIHelper.toURI(PackagingURIHelper.java:723) ~[poi-ooxml-5.2.2.jar:5.2.2]
	at org.apache.poi.openxml4j.opc.PackageRelationshipCollection.parseRelationshipsPart(PackageRelationshipCollection.java:358) ~[poi-ooxml-5.2.2.jar:5.2.2]
	at org.apache.poi.openxml4j.opc.PackageRelationshipCollection.<init>(PackageRelationshipCollection.java:160) ~[poi-ooxml-5.2.2.jar:5.2.2]
	at org.apache.poi.openxml4j.opc.PackageRelationshipCollection.<init>(PackageRelationshipCollection.java:130) ~[poi-ooxml-5.2.2.jar:5.2.2]
	at org.apache.poi.openxml4j.opc.PackagePart.loadRelationships(PackagePart.java:565) ~[poi-ooxml-5.2.2.jar:5.2.2]
	at org.apache.poi.openxml4j.opc.OPCPackage.getParts(OPCPackage.java:745) ~[poi-ooxml-5.2.2.jar:5.2.2]
	at org.apache.poi.openxml4j.opc.OPCPackage.open(OPCPackage.java:315) ~[poi-ooxml-5.2.2.jar:5.2.2]
	at org.apache.poi.ooxml.util.PackageHelper.open(PackageHelper.java:59) ~[poi-ooxml-5.2.2.jar:5.2.2]
	at org.apache.poi.xssf.usermodel.XSSFWorkbook.<init>(XSSFWorkbook.java:289) ~[poi-ooxml-5.2.2.jar:5.2.2]
	at org.apache.poi.xssf.usermodel.XSSFWorkbook.<init>(XSSFWorkbook.java:285) ~[poi-ooxml-5.2.2.jar:5.2.2]
	at com.MOFutility.API_Excelutilities.readServiceIdFromExcel(API_Excelutilities.java:20) ~[test-classes/:?]
	at com.MOF.constants.API_URL.<clinit>(API_URL.java:220) ~[test-classes/:?]
	at com.MOFapi.MOFapi.Fetchvalid_SingleService_ValidServiceid(MOFapi.java:4891) ~[test-classes/:?]
	at jdk.internal.reflect.DirectMethodHandleAccessor.invoke(DirectMethodHandleAccessor.java:103) ~[?:?]
	at java.lang.reflect.Method.invoke(Method.java:580) ~[?:?]
	at org.testng.internal.MethodInvocationHelper.invokeMethod(MethodInvocationHelper.java:124) ~[testng-6.14.3.jar:?]
	at org.testng.internal.Invoker.invokeMethod(Invoker.java:583) ~[testng-6.14.3.jar:?]
	at org.testng.internal.Invoker.invokeTestMethod(Invoker.java:719) ~[testng-6.14.3.jar:?]
	at org.testng.internal.Invoker.invokeTestMethods(Invoker.java:989) ~[testng-6.14.3.jar:?]
	at org.testng.internal.TestMethodWorker.invokeTestMethods(TestMethodWorker.java:125) ~[testng-6.14.3.jar:?]
	at org.testng.internal.TestMethodWorker.run(TestMethodWorker.java:109) ~[testng-6.14.3.jar:?]
	at org.testng.TestRunner.privateRun(TestRunner.java:648) ~[testng-6.14.3.jar:?]
	at org.testng.TestRunner.run(TestRunner.java:505) ~[testng-6.14.3.jar:?]
	at org.testng.SuiteRunner.runTest(SuiteRunner.java:455) ~[testng-6.14.3.jar:?]
	at org.testng.SuiteRunner.runSequentially(SuiteRunner.java:450) ~[testng-6.14.3.jar:?]
	at org.testng.SuiteRunner.privateRun(SuiteRunner.java:415) ~[testng-6.14.3.jar:?]
	at org.testng.SuiteRunner.run(SuiteRunner.java:364) ~[testng-6.14.3.jar:?]
	at org.testng.SuiteRunnerWorker.runSuite(SuiteRunnerWorker.java:52) ~[testng-6.14.3.jar:?]
	at org.testng.SuiteRunnerWorker.run(SuiteRunnerWorker.java:84) ~[testng-6.14.3.jar:?]
	at org.testng.TestNG.runSuitesSequentially(TestNG.java:1208) ~[testng-6.14.3.jar:?]
	at org.testng.TestNG.runSuitesLocally(TestNG.java:1137) ~[testng-6.14.3.jar:?]
	at org.testng.TestNG.runSuites(TestNG.java:1049) ~[testng-6.14.3.jar:?]
	at org.testng.TestNG.run(TestNG.java:1017) ~[testng-6.14.3.jar:?]
	at org.apache.maven.surefire.testng.TestNGExecutor.run(TestNGExecutor.java:308) ~[surefire-testng-3.3.0.jar:3.3.0]
	at org.apache.maven.surefire.testng.TestNGXmlTestSuite.execute(TestNGXmlTestSuite.java:71) ~[surefire-testng-3.3.0.jar:3.3.0]
	at org.apache.maven.surefire.testng.TestNGProvider.invoke(TestNGProvider.java:113) ~[surefire-testng-3.3.0.jar:3.3.0]
	at org.apache.maven.surefire.booter.ForkedBooter.runSuitesInProcess(ForkedBooter.java:385) ~[surefire-booter-3.3.0.jar:3.3.0]
	at org.apache.maven.surefire.booter.ForkedBooter.execute(ForkedBooter.java:162) ~[surefire-booter-3.3.0.jar:3.3.0]
	at org.apache.maven.surefire.booter.ForkedBooter.run(ForkedBooter.java:507) ~[surefire-booter-3.3.0.jar:3.3.0]
	at org.apache.maven.surefire.booter.ForkedBooter.main(ForkedBooter.java:495) ~[surefire-booter-3.3.0.jar:3.3.0]
17:05:53.661 [main] ERROR org.apache.poi.openxml4j.opc.PackageRelationshipCollection - Cannot convert mailto:2343456378912@#&^*gvadhfbjnf in a valid relationship URI-> dummy-URI used
java.net.URISyntaxException: Illegal character in fragment at index 23: mailto:2343456378912@#&^*gvadhfbjnf
	at java.net.URI$Parser.fail(URI.java:2995) ~[?:?]
	at java.net.URI$Parser.checkChars(URI.java:3166) ~[?:?]
	at java.net.URI$Parser.parse(URI.java:3210) ~[?:?]
	at java.net.URI.<init>(URI.java:645) ~[?:?]
	at org.apache.poi.openxml4j.opc.PackagingURIHelper.toURI(PackagingURIHelper.java:723) ~[poi-ooxml-5.2.2.jar:5.2.2]
	at org.apache.poi.openxml4j.opc.PackageRelationshipCollection.parseRelationshipsPart(PackageRelationshipCollection.java:358) ~[poi-ooxml-5.2.2.jar:5.2.2]
	at org.apache.poi.openxml4j.opc.PackageRelationshipCollection.<init>(PackageRelationshipCollection.java:160) ~[poi-ooxml-5.2.2.jar:5.2.2]
	at org.apache.poi.openxml4j.opc.PackageRelationshipCollection.<init>(PackageRelationshipCollection.java:130) ~[poi-ooxml-5.2.2.jar:5.2.2]
	at org.apache.poi.openxml4j.opc.PackagePart.loadRelationships(PackagePart.java:565) ~[poi-ooxml-5.2.2.jar:5.2.2]
	at org.apache.poi.openxml4j.opc.OPCPackage.getParts(OPCPackage.java:745) ~[poi-ooxml-5.2.2.jar:5.2.2]
	at org.apache.poi.openxml4j.opc.OPCPackage.open(OPCPackage.java:315) ~[poi-ooxml-5.2.2.jar:5.2.2]
	at org.apache.poi.ooxml.util.PackageHelper.open(PackageHelper.java:59) ~[poi-ooxml-5.2.2.jar:5.2.2]
	at org.apache.poi.xssf.usermodel.XSSFWorkbook.<init>(XSSFWorkbook.java:289) ~[poi-ooxml-5.2.2.jar:5.2.2]
	at org.apache.poi.xssf.usermodel.XSSFWorkbook.<init>(XSSFWorkbook.java:285) ~[poi-ooxml-5.2.2.jar:5.2.2]
	at com.MOFutility.API_Excelutilities.readServiceIdFromExcel(API_Excelutilities.java:20) ~[test-classes/:?]
	at com.MOF.constants.API_URL.<clinit>(API_URL.java:220) ~[test-classes/:?]
	at com.MOFapi.MOFapi.Fetchvalid_SingleService_ValidServiceid(MOFapi.java:4891) ~[test-classes/:?]
	at jdk.internal.reflect.DirectMethodHandleAccessor.invoke(DirectMethodHandleAccessor.java:103) ~[?:?]
	at java.lang.reflect.Method.invoke(Method.java:580) ~[?:?]
	at org.testng.internal.MethodInvocationHelper.invokeMethod(MethodInvocationHelper.java:124) ~[testng-6.14.3.jar:?]
	at org.testng.internal.Invoker.invokeMethod(Invoker.java:583) ~[testng-6.14.3.jar:?]
	at org.testng.internal.Invoker.invokeTestMethod(Invoker.java:719) ~[testng-6.14.3.jar:?]
	at org.testng.internal.Invoker.invokeTestMethods(Invoker.java:989) ~[testng-6.14.3.jar:?]
	at org.testng.internal.TestMethodWorker.invokeTestMethods(TestMethodWorker.java:125) ~[testng-6.14.3.jar:?]
	at org.testng.internal.TestMethodWorker.run(TestMethodWorker.java:109) ~[testng-6.14.3.jar:?]
	at org.testng.TestRunner.privateRun(TestRunner.java:648) ~[testng-6.14.3.jar:?]
	at org.testng.TestRunner.run(TestRunner.java:505) ~[testng-6.14.3.jar:?]
	at org.testng.SuiteRunner.runTest(SuiteRunner.java:455) ~[testng-6.14.3.jar:?]
	at org.testng.SuiteRunner.runSequentially(SuiteRunner.java:450) ~[testng-6.14.3.jar:?]
	at org.testng.SuiteRunner.privateRun(SuiteRunner.java:415) ~[testng-6.14.3.jar:?]
	at org.testng.SuiteRunner.run(SuiteRunner.java:364) ~[testng-6.14.3.jar:?]
	at org.testng.SuiteRunnerWorker.runSuite(SuiteRunnerWorker.java:52) ~[testng-6.14.3.jar:?]
	at org.testng.SuiteRunnerWorker.run(SuiteRunnerWorker.java:84) ~[testng-6.14.3.jar:?]
	at org.testng.TestNG.runSuitesSequentially(TestNG.java:1208) ~[testng-6.14.3.jar:?]
	at org.testng.TestNG.runSuitesLocally(TestNG.java:1137) ~[testng-6.14.3.jar:?]
	at org.testng.TestNG.runSuites(TestNG.java:1049) ~[testng-6.14.3.jar:?]
	at org.testng.TestNG.run(TestNG.java:1017) ~[testng-6.14.3.jar:?]
	at org.apache.maven.surefire.testng.TestNGExecutor.run(TestNGExecutor.java:308) ~[surefire-testng-3.3.0.jar:3.3.0]
	at org.apache.maven.surefire.testng.TestNGXmlTestSuite.execute(TestNGXmlTestSuite.java:71) ~[surefire-testng-3.3.0.jar:3.3.0]
	at org.apache.maven.surefire.testng.TestNGProvider.invoke(TestNGProvider.java:113) ~[surefire-testng-3.3.0.jar:3.3.0]
	at org.apache.maven.surefire.booter.ForkedBooter.runSuitesInProcess(ForkedBooter.java:385) ~[surefire-booter-3.3.0.jar:3.3.0]
	at org.apache.maven.surefire.booter.ForkedBooter.execute(ForkedBooter.java:162) ~[surefire-booter-3.3.0.jar:3.3.0]
	at org.apache.maven.surefire.booter.ForkedBooter.run(ForkedBooter.java:507) ~[surefire-booter-3.3.0.jar:3.3.0]
	at org.apache.maven.surefire.booter.ForkedBooter.main(ForkedBooter.java:495) ~[surefire-booter-3.3.0.jar:3.3.0]
17:05:53.689 [main] ERROR org.apache.poi.openxml4j.opc.PackageRelationshipCollection - Cannot convert mailto:ALPA@#$%^245234534 in a valid relationship URI-> dummy-URI used
java.net.URISyntaxException: Malformed escape pair at index 14: mailto:ALPA@#$%^245234534
	at java.net.URI$Parser.fail(URI.java:2995) ~[?:?]
	at java.net.URI$Parser.scanEscape(URI.java:3123) ~[?:?]
	at java.net.URI$Parser.scan(URI.java:3146) ~[?:?]
	at java.net.URI$Parser.checkChars(URI.java:3164) ~[?:?]
	at java.net.URI$Parser.parse(URI.java:3210) ~[?:?]
	at java.net.URI.<init>(URI.java:645) ~[?:?]
	at org.apache.poi.openxml4j.opc.PackagingURIHelper.toURI(PackagingURIHelper.java:723) ~[poi-ooxml-5.2.2.jar:5.2.2]
	at org.apache.poi.openxml4j.opc.PackageRelationshipCollection.parseRelationshipsPart(PackageRelationshipCollection.java:358) ~[poi-ooxml-5.2.2.jar:5.2.2]
	at org.apache.poi.openxml4j.opc.PackageRelationshipCollection.<init>(PackageRelationshipCollection.java:160) ~[poi-ooxml-5.2.2.jar:5.2.2]
	at org.apache.poi.openxml4j.opc.PackageRelationshipCollection.<init>(PackageRelationshipCollection.java:130) ~[poi-ooxml-5.2.2.jar:5.2.2]
	at org.apache.poi.openxml4j.opc.PackagePart.loadRelationships(PackagePart.java:565) ~[poi-ooxml-5.2.2.jar:5.2.2]
	at org.apache.poi.openxml4j.opc.OPCPackage.getParts(OPCPackage.java:745) ~[poi-ooxml-5.2.2.jar:5.2.2]
	at org.apache.poi.openxml4j.opc.OPCPackage.open(OPCPackage.java:315) ~[poi-ooxml-5.2.2.jar:5.2.2]
	at org.apache.poi.ooxml.util.PackageHelper.open(PackageHelper.java:59) ~[poi-ooxml-5.2.2.jar:5.2.2]
	at org.apache.poi.xssf.usermodel.XSSFWorkbook.<init>(XSSFWorkbook.java:289) ~[poi-ooxml-5.2.2.jar:5.2.2]
	at org.apache.poi.xssf.usermodel.XSSFWorkbook.<init>(XSSFWorkbook.java:285) ~[poi-ooxml-5.2.2.jar:5.2.2]
	at com.MOFutility.API_Excelutilities.readServiceIdFromExcel(API_Excelutilities.java:20) ~[test-classes/:?]
	at com.MOF.constants.API_URL.<clinit>(API_URL.java:222) ~[test-classes/:?]
	at com.MOFapi.MOFapi.Fetchvalid_SingleService_ValidServiceid(MOFapi.java:4891) ~[test-classes/:?]
	at jdk.internal.reflect.DirectMethodHandleAccessor.invoke(DirectMethodHandleAccessor.java:103) ~[?:?]
	at java.lang.reflect.Method.invoke(Method.java:580) ~[?:?]
	at org.testng.internal.MethodInvocationHelper.invokeMethod(MethodInvocationHelper.java:124) ~[testng-6.14.3.jar:?]
	at org.testng.internal.Invoker.invokeMethod(Invoker.java:583) ~[testng-6.14.3.jar:?]
	at org.testng.internal.Invoker.invokeTestMethod(Invoker.java:719) ~[testng-6.14.3.jar:?]
	at org.testng.internal.Invoker.invokeTestMethods(Invoker.java:989) ~[testng-6.14.3.jar:?]
	at org.testng.internal.TestMethodWorker.invokeTestMethods(TestMethodWorker.java:125) ~[testng-6.14.3.jar:?]
	at org.testng.internal.TestMethodWorker.run(TestMethodWorker.java:109) ~[testng-6.14.3.jar:?]
	at org.testng.TestRunner.privateRun(TestRunner.java:648) ~[testng-6.14.3.jar:?]
	at org.testng.TestRunner.run(TestRunner.java:505) ~[testng-6.14.3.jar:?]
	at org.testng.SuiteRunner.runTest(SuiteRunner.java:455) ~[testng-6.14.3.jar:?]
	at org.testng.SuiteRunner.runSequentially(SuiteRunner.java:450) ~[testng-6.14.3.jar:?]
	at org.testng.SuiteRunner.privateRun(SuiteRunner.java:415) ~[testng-6.14.3.jar:?]
	at org.testng.SuiteRunner.run(SuiteRunner.java:364) ~[testng-6.14.3.jar:?]
	at org.testng.SuiteRunnerWorker.runSuite(SuiteRunnerWorker.java:52) ~[testng-6.14.3.jar:?]
	at org.testng.SuiteRunnerWorker.run(SuiteRunnerWorker.java:84) ~[testng-6.14.3.jar:?]
	at org.testng.TestNG.runSuitesSequentially(TestNG.java:1208) ~[testng-6.14.3.jar:?]
	at org.testng.TestNG.runSuitesLocally(TestNG.java:1137) ~[testng-6.14.3.jar:?]
	at org.testng.TestNG.runSuites(TestNG.java:1049) ~[testng-6.14.3.jar:?]
	at org.testng.TestNG.run(TestNG.java:1017) ~[testng-6.14.3.jar:?]
	at org.apache.maven.surefire.testng.TestNGExecutor.run(TestNGExecutor.java:308) ~[surefire-testng-3.3.0.jar:3.3.0]
	at org.apache.maven.surefire.testng.TestNGXmlTestSuite.execute(TestNGXmlTestSuite.java:71) ~[surefire-testng-3.3.0.jar:3.3.0]
	at org.apache.maven.surefire.testng.TestNGProvider.invoke(TestNGProvider.java:113) ~[surefire-testng-3.3.0.jar:3.3.0]
	at org.apache.maven.surefire.booter.ForkedBooter.runSuitesInProcess(ForkedBooter.java:385) ~[surefire-booter-3.3.0.jar:3.3.0]
	at org.apache.maven.surefire.booter.ForkedBooter.execute(ForkedBooter.java:162) ~[surefire-booter-3.3.0.jar:3.3.0]
	at org.apache.maven.surefire.booter.ForkedBooter.run(ForkedBooter.java:507) ~[surefire-booter-3.3.0.jar:3.3.0]
	at org.apache.maven.surefire.booter.ForkedBooter.main(ForkedBooter.java:495) ~[surefire-booter-3.3.0.jar:3.3.0]
17:05:53.690 [main] ERROR org.apache.poi.openxml4j.opc.PackageRelationshipCollection - Cannot convert mailto:ALPHAAAAAA@@@@@!@##$$$%12344 in a valid relationship URI-> dummy-URI used
java.net.URISyntaxException: Illegal character in fragment at index 25: mailto:ALPHAAAAAA@@@@@!@##$$$%12344
	at java.net.URI$Parser.fail(URI.java:2995) ~[?:?]
	at java.net.URI$Parser.checkChars(URI.java:3166) ~[?:?]
	at java.net.URI$Parser.parse(URI.java:3210) ~[?:?]
	at java.net.URI.<init>(URI.java:645) ~[?:?]
	at org.apache.poi.openxml4j.opc.PackagingURIHelper.toURI(PackagingURIHelper.java:723) ~[poi-ooxml-5.2.2.jar:5.2.2]
	at org.apache.poi.openxml4j.opc.PackageRelationshipCollection.parseRelationshipsPart(PackageRelationshipCollection.java:358) ~[poi-ooxml-5.2.2.jar:5.2.2]
	at org.apache.poi.openxml4j.opc.PackageRelationshipCollection.<init>(PackageRelationshipCollection.java:160) ~[poi-ooxml-5.2.2.jar:5.2.2]
	at org.apache.poi.openxml4j.opc.PackageRelationshipCollection.<init>(PackageRelationshipCollection.java:130) ~[poi-ooxml-5.2.2.jar:5.2.2]
	at org.apache.poi.openxml4j.opc.PackagePart.loadRelationships(PackagePart.java:565) ~[poi-ooxml-5.2.2.jar:5.2.2]
	at org.apache.poi.openxml4j.opc.OPCPackage.getParts(OPCPackage.java:745) ~[poi-ooxml-5.2.2.jar:5.2.2]
	at org.apache.poi.openxml4j.opc.OPCPackage.open(OPCPackage.java:315) ~[poi-ooxml-5.2.2.jar:5.2.2]
	at org.apache.poi.ooxml.util.PackageHelper.open(PackageHelper.java:59) ~[poi-ooxml-5.2.2.jar:5.2.2]
	at org.apache.poi.xssf.usermodel.XSSFWorkbook.<init>(XSSFWorkbook.java:289) ~[poi-ooxml-5.2.2.jar:5.2.2]
	at org.apache.poi.xssf.usermodel.XSSFWorkbook.<init>(XSSFWorkbook.java:285) ~[poi-ooxml-5.2.2.jar:5.2.2]
	at com.MOFutility.API_Excelutilities.readServiceIdFromExcel(API_Excelutilities.java:20) ~[test-classes/:?]
	at com.MOF.constants.API_URL.<clinit>(API_URL.java:222) ~[test-classes/:?]
	at com.MOFapi.MOFapi.Fetchvalid_SingleService_ValidServiceid(MOFapi.java:4891) ~[test-classes/:?]
	at jdk.internal.reflect.DirectMethodHandleAccessor.invoke(DirectMethodHandleAccessor.java:103) ~[?:?]
	at java.lang.reflect.Method.invoke(Method.java:580) ~[?:?]
	at org.testng.internal.MethodInvocationHelper.invokeMethod(MethodInvocationHelper.java:124) ~[testng-6.14.3.jar:?]
	at org.testng.internal.Invoker.invokeMethod(Invoker.java:583) ~[testng-6.14.3.jar:?]
	at org.testng.internal.Invoker.invokeTestMethod(Invoker.java:719) ~[testng-6.14.3.jar:?]
	at org.testng.internal.Invoker.invokeTestMethods(Invoker.java:989) ~[testng-6.14.3.jar:?]
	at org.testng.internal.TestMethodWorker.invokeTestMethods(TestMethodWorker.java:125) ~[testng-6.14.3.jar:?]
	at org.testng.internal.TestMethodWorker.run(TestMethodWorker.java:109) ~[testng-6.14.3.jar:?]
	at org.testng.TestRunner.privateRun(TestRunner.java:648) ~[testng-6.14.3.jar:?]
	at org.testng.TestRunner.run(TestRunner.java:505) ~[testng-6.14.3.jar:?]
	at org.testng.SuiteRunner.runTest(SuiteRunner.java:455) ~[testng-6.14.3.jar:?]
	at org.testng.SuiteRunner.runSequentially(SuiteRunner.java:450) ~[testng-6.14.3.jar:?]
	at org.testng.SuiteRunner.privateRun(SuiteRunner.java:415) ~[testng-6.14.3.jar:?]
	at org.testng.SuiteRunner.run(SuiteRunner.java:364) ~[testng-6.14.3.jar:?]
	at org.testng.SuiteRunnerWorker.runSuite(SuiteRunnerWorker.java:52) ~[testng-6.14.3.jar:?]
	at org.testng.SuiteRunnerWorker.run(SuiteRunnerWorker.java:84) ~[testng-6.14.3.jar:?]
	at org.testng.TestNG.runSuitesSequentially(TestNG.java:1208) ~[testng-6.14.3.jar:?]
	at org.testng.TestNG.runSuitesLocally(TestNG.java:1137) ~[testng-6.14.3.jar:?]
	at org.testng.TestNG.runSuites(TestNG.java:1049) ~[testng-6.14.3.jar:?]
	at org.testng.TestNG.run(TestNG.java:1017) ~[testng-6.14.3.jar:?]
	at org.apache.maven.surefire.testng.TestNGExecutor.run(TestNGExecutor.java:308) ~[surefire-testng-3.3.0.jar:3.3.0]
	at org.apache.maven.surefire.testng.TestNGXmlTestSuite.execute(TestNGXmlTestSuite.java:71) ~[surefire-testng-3.3.0.jar:3.3.0]
	at org.apache.maven.surefire.testng.TestNGProvider.invoke(TestNGProvider.java:113) ~[surefire-testng-3.3.0.jar:3.3.0]
	at org.apache.maven.surefire.booter.ForkedBooter.runSuitesInProcess(ForkedBooter.java:385) ~[surefire-booter-3.3.0.jar:3.3.0]
	at org.apache.maven.surefire.booter.ForkedBooter.execute(ForkedBooter.java:162) ~[surefire-booter-3.3.0.jar:3.3.0]
	at org.apache.maven.surefire.booter.ForkedBooter.run(ForkedBooter.java:507) ~[surefire-booter-3.3.0.jar:3.3.0]
	at org.apache.maven.surefire.booter.ForkedBooter.main(ForkedBooter.java:495) ~[surefire-booter-3.3.0.jar:3.3.0]
17:05:53.691 [main] ERROR org.apache.poi.openxml4j.opc.PackageRelationshipCollection - Cannot convert mailto:2343456378912@#&^*gvadhfbjnf in a valid relationship URI-> dummy-URI used
java.net.URISyntaxException: Illegal character in fragment at index 23: mailto:2343456378912@#&^*gvadhfbjnf
	at java.net.URI$Parser.fail(URI.java:2995) ~[?:?]
	at java.net.URI$Parser.checkChars(URI.java:3166) ~[?:?]
	at java.net.URI$Parser.parse(URI.java:3210) ~[?:?]
	at java.net.URI.<init>(URI.java:645) ~[?:?]
	at org.apache.poi.openxml4j.opc.PackagingURIHelper.toURI(PackagingURIHelper.java:723) ~[poi-ooxml-5.2.2.jar:5.2.2]
	at org.apache.poi.openxml4j.opc.PackageRelationshipCollection.parseRelationshipsPart(PackageRelationshipCollection.java:358) ~[poi-ooxml-5.2.2.jar:5.2.2]
	at org.apache.poi.openxml4j.opc.PackageRelationshipCollection.<init>(PackageRelationshipCollection.java:160) ~[poi-ooxml-5.2.2.jar:5.2.2]
	at org.apache.poi.openxml4j.opc.PackageRelationshipCollection.<init>(PackageRelationshipCollection.java:130) ~[poi-ooxml-5.2.2.jar:5.2.2]
	at org.apache.poi.openxml4j.opc.PackagePart.loadRelationships(PackagePart.java:565) ~[poi-ooxml-5.2.2.jar:5.2.2]
	at org.apache.poi.openxml4j.opc.OPCPackage.getParts(OPCPackage.java:745) ~[poi-ooxml-5.2.2.jar:5.2.2]
	at org.apache.poi.openxml4j.opc.OPCPackage.open(OPCPackage.java:315) ~[poi-ooxml-5.2.2.jar:5.2.2]
	at org.apache.poi.ooxml.util.PackageHelper.open(PackageHelper.java:59) ~[poi-ooxml-5.2.2.jar:5.2.2]
	at org.apache.poi.xssf.usermodel.XSSFWorkbook.<init>(XSSFWorkbook.java:289) ~[poi-ooxml-5.2.2.jar:5.2.2]
	at org.apache.poi.xssf.usermodel.XSSFWorkbook.<init>(XSSFWorkbook.java:285) ~[poi-ooxml-5.2.2.jar:5.2.2]
	at com.MOFutility.API_Excelutilities.readServiceIdFromExcel(API_Excelutilities.java:20) ~[test-classes/:?]
	at com.MOF.constants.API_URL.<clinit>(API_URL.java:222) ~[test-classes/:?]
	at com.MOFapi.MOFapi.Fetchvalid_SingleService_ValidServiceid(MOFapi.java:4891) ~[test-classes/:?]
	at jdk.internal.reflect.DirectMethodHandleAccessor.invoke(DirectMethodHandleAccessor.java:103) ~[?:?]
	at java.lang.reflect.Method.invoke(Method.java:580) ~[?:?]
	at org.testng.internal.MethodInvocationHelper.invokeMethod(MethodInvocationHelper.java:124) ~[testng-6.14.3.jar:?]
	at org.testng.internal.Invoker.invokeMethod(Invoker.java:583) ~[testng-6.14.3.jar:?]
	at org.testng.internal.Invoker.invokeTestMethod(Invoker.java:719) ~[testng-6.14.3.jar:?]
	at org.testng.internal.Invoker.invokeTestMethods(Invoker.java:989) ~[testng-6.14.3.jar:?]
	at org.testng.internal.TestMethodWorker.invokeTestMethods(TestMethodWorker.java:125) ~[testng-6.14.3.jar:?]
	at org.testng.internal.TestMethodWorker.run(TestMethodWorker.java:109) ~[testng-6.14.3.jar:?]
	at org.testng.TestRunner.privateRun(TestRunner.java:648) ~[testng-6.14.3.jar:?]
	at org.testng.TestRunner.run(TestRunner.java:505) ~[testng-6.14.3.jar:?]
	at org.testng.SuiteRunner.runTest(SuiteRunner.java:455) ~[testng-6.14.3.jar:?]
	at org.testng.SuiteRunner.runSequentially(SuiteRunner.java:450) ~[testng-6.14.3.jar:?]
	at org.testng.SuiteRunner.privateRun(SuiteRunner.java:415) ~[testng-6.14.3.jar:?]
	at org.testng.SuiteRunner.run(SuiteRunner.java:364) ~[testng-6.14.3.jar:?]
	at org.testng.SuiteRunnerWorker.runSuite(SuiteRunnerWorker.java:52) ~[testng-6.14.3.jar:?]
	at org.testng.SuiteRunnerWorker.run(SuiteRunnerWorker.java:84) ~[testng-6.14.3.jar:?]
	at org.testng.TestNG.runSuitesSequentially(TestNG.java:1208) ~[testng-6.14.3.jar:?]
	at org.testng.TestNG.runSuitesLocally(TestNG.java:1137) ~[testng-6.14.3.jar:?]
	at org.testng.TestNG.runSuites(TestNG.java:1049) ~[testng-6.14.3.jar:?]
	at org.testng.TestNG.run(TestNG.java:1017) ~[testng-6.14.3.jar:?]
	at org.apache.maven.surefire.testng.TestNGExecutor.run(TestNGExecutor.java:308) ~[surefire-testng-3.3.0.jar:3.3.0]
	at org.apache.maven.surefire.testng.TestNGXmlTestSuite.execute(TestNGXmlTestSuite.java:71) ~[surefire-testng-3.3.0.jar:3.3.0]
	at org.apache.maven.surefire.testng.TestNGProvider.invoke(TestNGProvider.java:113) ~[surefire-testng-3.3.0.jar:3.3.0]
	at org.apache.maven.surefire.booter.ForkedBooter.runSuitesInProcess(ForkedBooter.java:385) ~[surefire-booter-3.3.0.jar:3.3.0]
	at org.apache.maven.surefire.booter.ForkedBooter.execute(ForkedBooter.java:162) ~[surefire-booter-3.3.0.jar:3.3.0]
	at org.apache.maven.surefire.booter.ForkedBooter.run(ForkedBooter.java:507) ~[surefire-booter-3.3.0.jar:3.3.0]
	at org.apache.maven.surefire.booter.ForkedBooter.main(ForkedBooter.java:495) ~[surefire-booter-3.3.0.jar:3.3.0]
17:05:53.723 [main] ERROR org.apache.poi.openxml4j.opc.PackageRelationshipCollection - Cannot convert mailto:ALPA@#$%^245234534 in a valid relationship URI-> dummy-URI used
java.net.URISyntaxException: Malformed escape pair at index 14: mailto:ALPA@#$%^245234534
	at java.net.URI$Parser.fail(URI.java:2995) ~[?:?]
	at java.net.URI$Parser.scanEscape(URI.java:3123) ~[?:?]
	at java.net.URI$Parser.scan(URI.java:3146) ~[?:?]
	at java.net.URI$Parser.checkChars(URI.java:3164) ~[?:?]
	at java.net.URI$Parser.parse(URI.java:3210) ~[?:?]
	at java.net.URI.<init>(URI.java:645) ~[?:?]
	at org.apache.poi.openxml4j.opc.PackagingURIHelper.toURI(PackagingURIHelper.java:723) ~[poi-ooxml-5.2.2.jar:5.2.2]
	at org.apache.poi.openxml4j.opc.PackageRelationshipCollection.parseRelationshipsPart(PackageRelationshipCollection.java:358) ~[poi-ooxml-5.2.2.jar:5.2.2]
	at org.apache.poi.openxml4j.opc.PackageRelationshipCollection.<init>(PackageRelationshipCollection.java:160) ~[poi-ooxml-5.2.2.jar:5.2.2]
	at org.apache.poi.openxml4j.opc.PackageRelationshipCollection.<init>(PackageRelationshipCollection.java:130) ~[poi-ooxml-5.2.2.jar:5.2.2]
	at org.apache.poi.openxml4j.opc.PackagePart.loadRelationships(PackagePart.java:565) ~[poi-ooxml-5.2.2.jar:5.2.2]
	at org.apache.poi.openxml4j.opc.OPCPackage.getParts(OPCPackage.java:745) ~[poi-ooxml-5.2.2.jar:5.2.2]
	at org.apache.poi.openxml4j.opc.OPCPackage.open(OPCPackage.java:315) ~[poi-ooxml-5.2.2.jar:5.2.2]
	at org.apache.poi.ooxml.util.PackageHelper.open(PackageHelper.java:59) ~[poi-ooxml-5.2.2.jar:5.2.2]
	at org.apache.poi.xssf.usermodel.XSSFWorkbook.<init>(XSSFWorkbook.java:289) ~[poi-ooxml-5.2.2.jar:5.2.2]
	at org.apache.poi.xssf.usermodel.XSSFWorkbook.<init>(XSSFWorkbook.java:285) ~[poi-ooxml-5.2.2.jar:5.2.2]
	at com.MOFutility.API_Excelutilities.readServiceIdFromExcel(API_Excelutilities.java:20) ~[test-classes/:?]
	at com.MOF.constants.API_URL.<clinit>(API_URL.java:223) ~[test-classes/:?]
	at com.MOFapi.MOFapi.Fetchvalid_SingleService_ValidServiceid(MOFapi.java:4891) ~[test-classes/:?]
	at jdk.internal.reflect.DirectMethodHandleAccessor.invoke(DirectMethodHandleAccessor.java:103) ~[?:?]
	at java.lang.reflect.Method.invoke(Method.java:580) ~[?:?]
	at org.testng.internal.MethodInvocationHelper.invokeMethod(MethodInvocationHelper.java:124) ~[testng-6.14.3.jar:?]
	at org.testng.internal.Invoker.invokeMethod(Invoker.java:583) ~[testng-6.14.3.jar:?]
	at org.testng.internal.Invoker.invokeTestMethod(Invoker.java:719) ~[testng-6.14.3.jar:?]
	at org.testng.internal.Invoker.invokeTestMethods(Invoker.java:989) ~[testng-6.14.3.jar:?]
	at org.testng.internal.TestMethodWorker.invokeTestMethods(TestMethodWorker.java:125) ~[testng-6.14.3.jar:?]
	at org.testng.internal.TestMethodWorker.run(TestMethodWorker.java:109) ~[testng-6.14.3.jar:?]
	at org.testng.TestRunner.privateRun(TestRunner.java:648) ~[testng-6.14.3.jar:?]
	at org.testng.TestRunner.run(TestRunner.java:505) ~[testng-6.14.3.jar:?]
	at org.testng.SuiteRunner.runTest(SuiteRunner.java:455) ~[testng-6.14.3.jar:?]
	at org.testng.SuiteRunner.runSequentially(SuiteRunner.java:450) ~[testng-6.14.3.jar:?]
	at org.testng.SuiteRunner.privateRun(SuiteRunner.java:415) ~[testng-6.14.3.jar:?]
	at org.testng.SuiteRunner.run(SuiteRunner.java:364) ~[testng-6.14.3.jar:?]
	at org.testng.SuiteRunnerWorker.runSuite(SuiteRunnerWorker.java:52) ~[testng-6.14.3.jar:?]
	at org.testng.SuiteRunnerWorker.run(SuiteRunnerWorker.java:84) ~[testng-6.14.3.jar:?]
	at org.testng.TestNG.runSuitesSequentially(TestNG.java:1208) ~[testng-6.14.3.jar:?]
	at org.testng.TestNG.runSuitesLocally(TestNG.java:1137) ~[testng-6.14.3.jar:?]
	at org.testng.TestNG.runSuites(TestNG.java:1049) ~[testng-6.14.3.jar:?]
	at org.testng.TestNG.run(TestNG.java:1017) ~[testng-6.14.3.jar:?]
	at org.apache.maven.surefire.testng.TestNGExecutor.run(TestNGExecutor.java:308) ~[surefire-testng-3.3.0.jar:3.3.0]
	at org.apache.maven.surefire.testng.TestNGXmlTestSuite.execute(TestNGXmlTestSuite.java:71) ~[surefire-testng-3.3.0.jar:3.3.0]
	at org.apache.maven.surefire.testng.TestNGProvider.invoke(TestNGProvider.java:113) ~[surefire-testng-3.3.0.jar:3.3.0]
	at org.apache.maven.surefire.booter.ForkedBooter.runSuitesInProcess(ForkedBooter.java:385) ~[surefire-booter-3.3.0.jar:3.3.0]
	at org.apache.maven.surefire.booter.ForkedBooter.execute(ForkedBooter.java:162) ~[surefire-booter-3.3.0.jar:3.3.0]
	at org.apache.maven.surefire.booter.ForkedBooter.run(ForkedBooter.java:507) ~[surefire-booter-3.3.0.jar:3.3.0]
	at org.apache.maven.surefire.booter.ForkedBooter.main(ForkedBooter.java:495) ~[surefire-booter-3.3.0.jar:3.3.0]
17:05:53.724 [main] ERROR org.apache.poi.openxml4j.opc.PackageRelationshipCollection - Cannot convert mailto:ALPHAAAAAA@@@@@!@##$$$%12344 in a valid relationship URI-> dummy-URI used
java.net.URISyntaxException: Illegal character in fragment at index 25: mailto:ALPHAAAAAA@@@@@!@##$$$%12344
	at java.net.URI$Parser.fail(URI.java:2995) ~[?:?]
	at java.net.URI$Parser.checkChars(URI.java:3166) ~[?:?]
	at java.net.URI$Parser.parse(URI.java:3210) ~[?:?]
	at java.net.URI.<init>(URI.java:645) ~[?:?]
	at org.apache.poi.openxml4j.opc.PackagingURIHelper.toURI(PackagingURIHelper.java:723) ~[poi-ooxml-5.2.2.jar:5.2.2]
	at org.apache.poi.openxml4j.opc.PackageRelationshipCollection.parseRelationshipsPart(PackageRelationshipCollection.java:358) ~[poi-ooxml-5.2.2.jar:5.2.2]
	at org.apache.poi.openxml4j.opc.PackageRelationshipCollection.<init>(PackageRelationshipCollection.java:160) ~[poi-ooxml-5.2.2.jar:5.2.2]
	at org.apache.poi.openxml4j.opc.PackageRelationshipCollection.<init>(PackageRelationshipCollection.java:130) ~[poi-ooxml-5.2.2.jar:5.2.2]
	at org.apache.poi.openxml4j.opc.PackagePart.loadRelationships(PackagePart.java:565) ~[poi-ooxml-5.2.2.jar:5.2.2]
	at org.apache.poi.openxml4j.opc.OPCPackage.getParts(OPCPackage.java:745) ~[poi-ooxml-5.2.2.jar:5.2.2]
	at org.apache.poi.openxml4j.opc.OPCPackage.open(OPCPackage.java:315) ~[poi-ooxml-5.2.2.jar:5.2.2]
	at org.apache.poi.ooxml.util.PackageHelper.open(PackageHelper.java:59) ~[poi-ooxml-5.2.2.jar:5.2.2]
	at org.apache.poi.xssf.usermodel.XSSFWorkbook.<init>(XSSFWorkbook.java:289) ~[poi-ooxml-5.2.2.jar:5.2.2]
	at org.apache.poi.xssf.usermodel.XSSFWorkbook.<init>(XSSFWorkbook.java:285) ~[poi-ooxml-5.2.2.jar:5.2.2]
	at com.MOFutility.API_Excelutilities.readServiceIdFromExcel(API_Excelutilities.java:20) ~[test-classes/:?]
	at com.MOF.constants.API_URL.<clinit>(API_URL.java:223) ~[test-classes/:?]
	at com.MOFapi.MOFapi.Fetchvalid_SingleService_ValidServiceid(MOFapi.java:4891) ~[test-classes/:?]
	at jdk.internal.reflect.DirectMethodHandleAccessor.invoke(DirectMethodHandleAccessor.java:103) ~[?:?]
	at java.lang.reflect.Method.invoke(Method.java:580) ~[?:?]
	at org.testng.internal.MethodInvocationHelper.invokeMethod(MethodInvocationHelper.java:124) ~[testng-6.14.3.jar:?]
	at org.testng.internal.Invoker.invokeMethod(Invoker.java:583) ~[testng-6.14.3.jar:?]
	at org.testng.internal.Invoker.invokeTestMethod(Invoker.java:719) ~[testng-6.14.3.jar:?]
	at org.testng.internal.Invoker.invokeTestMethods(Invoker.java:989) ~[testng-6.14.3.jar:?]
	at org.testng.internal.TestMethodWorker.invokeTestMethods(TestMethodWorker.java:125) ~[testng-6.14.3.jar:?]
	at org.testng.internal.TestMethodWorker.run(TestMethodWorker.java:109) ~[testng-6.14.3.jar:?]
	at org.testng.TestRunner.privateRun(TestRunner.java:648) ~[testng-6.14.3.jar:?]
	at org.testng.TestRunner.run(TestRunner.java:505) ~[testng-6.14.3.jar:?]
	at org.testng.SuiteRunner.runTest(SuiteRunner.java:455) ~[testng-6.14.3.jar:?]
	at org.testng.SuiteRunner.runSequentially(SuiteRunner.java:450) ~[testng-6.14.3.jar:?]
	at org.testng.SuiteRunner.privateRun(SuiteRunner.java:415) ~[testng-6.14.3.jar:?]
	at org.testng.SuiteRunner.run(SuiteRunner.java:364) ~[testng-6.14.3.jar:?]
	at org.testng.SuiteRunnerWorker.runSuite(SuiteRunnerWorker.java:52) ~[testng-6.14.3.jar:?]
	at org.testng.SuiteRunnerWorker.run(SuiteRunnerWorker.java:84) ~[testng-6.14.3.jar:?]
	at org.testng.TestNG.runSuitesSequentially(TestNG.java:1208) ~[testng-6.14.3.jar:?]
	at org.testng.TestNG.runSuitesLocally(TestNG.java:1137) ~[testng-6.14.3.jar:?]
	at org.testng.TestNG.runSuites(TestNG.java:1049) ~[testng-6.14.3.jar:?]
	at org.testng.TestNG.run(TestNG.java:1017) ~[testng-6.14.3.jar:?]
	at org.apache.maven.surefire.testng.TestNGExecutor.run(TestNGExecutor.java:308) ~[surefire-testng-3.3.0.jar:3.3.0]
	at org.apache.maven.surefire.testng.TestNGXmlTestSuite.execute(TestNGXmlTestSuite.java:71) ~[surefire-testng-3.3.0.jar:3.3.0]
	at org.apache.maven.surefire.testng.TestNGProvider.invoke(TestNGProvider.java:113) ~[surefire-testng-3.3.0.jar:3.3.0]
	at org.apache.maven.surefire.booter.ForkedBooter.runSuitesInProcess(ForkedBooter.java:385) ~[surefire-booter-3.3.0.jar:3.3.0]
	at org.apache.maven.surefire.booter.ForkedBooter.execute(ForkedBooter.java:162) ~[surefire-booter-3.3.0.jar:3.3.0]
	at org.apache.maven.surefire.booter.ForkedBooter.run(ForkedBooter.java:507) ~[surefire-booter-3.3.0.jar:3.3.0]
	at org.apache.maven.surefire.booter.ForkedBooter.main(ForkedBooter.java:495) ~[surefire-booter-3.3.0.jar:3.3.0]
17:05:53.725 [main] ERROR org.apache.poi.openxml4j.opc.PackageRelationshipCollection - Cannot convert mailto:2343456378912@#&^*gvadhfbjnf in a valid relationship URI-> dummy-URI used
java.net.URISyntaxException: Illegal character in fragment at index 23: mailto:2343456378912@#&^*gvadhfbjnf
	at java.net.URI$Parser.fail(URI.java:2995) ~[?:?]
	at java.net.URI$Parser.checkChars(URI.java:3166) ~[?:?]
	at java.net.URI$Parser.parse(URI.java:3210) ~[?:?]
	at java.net.URI.<init>(URI.java:645) ~[?:?]
	at org.apache.poi.openxml4j.opc.PackagingURIHelper.toURI(PackagingURIHelper.java:723) ~[poi-ooxml-5.2.2.jar:5.2.2]
	at org.apache.poi.openxml4j.opc.PackageRelationshipCollection.parseRelationshipsPart(PackageRelationshipCollection.java:358) ~[poi-ooxml-5.2.2.jar:5.2.2]
	at org.apache.poi.openxml4j.opc.PackageRelationshipCollection.<init>(PackageRelationshipCollection.java:160) ~[poi-ooxml-5.2.2.jar:5.2.2]
	at org.apache.poi.openxml4j.opc.PackageRelationshipCollection.<init>(PackageRelationshipCollection.java:130) ~[poi-ooxml-5.2.2.jar:5.2.2]
	at org.apache.poi.openxml4j.opc.PackagePart.loadRelationships(PackagePart.java:565) ~[poi-ooxml-5.2.2.jar:5.2.2]
	at org.apache.poi.openxml4j.opc.OPCPackage.getParts(OPCPackage.java:745) ~[poi-ooxml-5.2.2.jar:5.2.2]
	at org.apache.poi.openxml4j.opc.OPCPackage.open(OPCPackage.java:315) ~[poi-ooxml-5.2.2.jar:5.2.2]
	at org.apache.poi.ooxml.util.PackageHelper.open(PackageHelper.java:59) ~[poi-ooxml-5.2.2.jar:5.2.2]
	at org.apache.poi.xssf.usermodel.XSSFWorkbook.<init>(XSSFWorkbook.java:289) ~[poi-ooxml-5.2.2.jar:5.2.2]
	at org.apache.poi.xssf.usermodel.XSSFWorkbook.<init>(XSSFWorkbook.java:285) ~[poi-ooxml-5.2.2.jar:5.2.2]
	at com.MOFutility.API_Excelutilities.readServiceIdFromExcel(API_Excelutilities.java:20) ~[test-classes/:?]
	at com.MOF.constants.API_URL.<clinit>(API_URL.java:223) ~[test-classes/:?]
	at com.MOFapi.MOFapi.Fetchvalid_SingleService_ValidServiceid(MOFapi.java:4891) ~[test-classes/:?]
	at jdk.internal.reflect.DirectMethodHandleAccessor.invoke(DirectMethodHandleAccessor.java:103) ~[?:?]
	at java.lang.reflect.Method.invoke(Method.java:580) ~[?:?]
	at org.testng.internal.MethodInvocationHelper.invokeMethod(MethodInvocationHelper.java:124) ~[testng-6.14.3.jar:?]
	at org.testng.internal.Invoker.invokeMethod(Invoker.java:583) ~[testng-6.14.3.jar:?]
	at org.testng.internal.Invoker.invokeTestMethod(Invoker.java:719) ~[testng-6.14.3.jar:?]
	at org.testng.internal.Invoker.invokeTestMethods(Invoker.java:989) ~[testng-6.14.3.jar:?]
	at org.testng.internal.TestMethodWorker.invokeTestMethods(TestMethodWorker.java:125) ~[testng-6.14.3.jar:?]
	at org.testng.internal.TestMethodWorker.run(TestMethodWorker.java:109) ~[testng-6.14.3.jar:?]
	at org.testng.TestRunner.privateRun(TestRunner.java:648) ~[testng-6.14.3.jar:?]
	at org.testng.TestRunner.run(TestRunner.java:505) ~[testng-6.14.3.jar:?]
	at org.testng.SuiteRunner.runTest(SuiteRunner.java:455) ~[testng-6.14.3.jar:?]
	at org.testng.SuiteRunner.runSequentially(SuiteRunner.java:450) ~[testng-6.14.3.jar:?]
	at org.testng.SuiteRunner.privateRun(SuiteRunner.java:415) ~[testng-6.14.3.jar:?]
	at org.testng.SuiteRunner.run(SuiteRunner.java:364) ~[testng-6.14.3.jar:?]
	at org.testng.SuiteRunnerWorker.runSuite(SuiteRunnerWorker.java:52) ~[testng-6.14.3.jar:?]
	at org.testng.SuiteRunnerWorker.run(SuiteRunnerWorker.java:84) ~[testng-6.14.3.jar:?]
	at org.testng.TestNG.runSuitesSequentially(TestNG.java:1208) ~[testng-6.14.3.jar:?]
	at org.testng.TestNG.runSuitesLocally(TestNG.java:1137) ~[testng-6.14.3.jar:?]
	at org.testng.TestNG.runSuites(TestNG.java:1049) ~[testng-6.14.3.jar:?]
	at org.testng.TestNG.run(TestNG.java:1017) ~[testng-6.14.3.jar:?]
	at org.apache.maven.surefire.testng.TestNGExecutor.run(TestNGExecutor.java:308) ~[surefire-testng-3.3.0.jar:3.3.0]
	at org.apache.maven.surefire.testng.TestNGXmlTestSuite.execute(TestNGXmlTestSuite.java:71) ~[surefire-testng-3.3.0.jar:3.3.0]
	at org.apache.maven.surefire.testng.TestNGProvider.invoke(TestNGProvider.java:113) ~[surefire-testng-3.3.0.jar:3.3.0]
	at org.apache.maven.surefire.booter.ForkedBooter.runSuitesInProcess(ForkedBooter.java:385) ~[surefire-booter-3.3.0.jar:3.3.0]
	at org.apache.maven.surefire.booter.ForkedBooter.execute(ForkedBooter.java:162) ~[surefire-booter-3.3.0.jar:3.3.0]
	at org.apache.maven.surefire.booter.ForkedBooter.run(ForkedBooter.java:507) ~[surefire-booter-3.3.0.jar:3.3.0]
	at org.apache.maven.surefire.booter.ForkedBooter.main(ForkedBooter.java:495) ~[surefire-booter-3.3.0.jar:3.3.0]
17:05:53.752 [main] ERROR org.apache.poi.openxml4j.opc.PackageRelationshipCollection - Cannot convert mailto:ALPA@#$%^245234534 in a valid relationship URI-> dummy-URI used
java.net.URISyntaxException: Malformed escape pair at index 14: mailto:ALPA@#$%^245234534
	at java.net.URI$Parser.fail(URI.java:2995) ~[?:?]
	at java.net.URI$Parser.scanEscape(URI.java:3123) ~[?:?]
	at java.net.URI$Parser.scan(URI.java:3146) ~[?:?]
	at java.net.URI$Parser.checkChars(URI.java:3164) ~[?:?]
	at java.net.URI$Parser.parse(URI.java:3210) ~[?:?]
	at java.net.URI.<init>(URI.java:645) ~[?:?]
	at org.apache.poi.openxml4j.opc.PackagingURIHelper.toURI(PackagingURIHelper.java:723) ~[poi-ooxml-5.2.2.jar:5.2.2]
	at org.apache.poi.openxml4j.opc.PackageRelationshipCollection.parseRelationshipsPart(PackageRelationshipCollection.java:358) ~[poi-ooxml-5.2.2.jar:5.2.2]
	at org.apache.poi.openxml4j.opc.PackageRelationshipCollection.<init>(PackageRelationshipCollection.java:160) ~[poi-ooxml-5.2.2.jar:5.2.2]
	at org.apache.poi.openxml4j.opc.PackageRelationshipCollection.<init>(PackageRelationshipCollection.java:130) ~[poi-ooxml-5.2.2.jar:5.2.2]
	at org.apache.poi.openxml4j.opc.PackagePart.loadRelationships(PackagePart.java:565) ~[poi-ooxml-5.2.2.jar:5.2.2]
	at org.apache.poi.openxml4j.opc.OPCPackage.getParts(OPCPackage.java:745) ~[poi-ooxml-5.2.2.jar:5.2.2]
	at org.apache.poi.openxml4j.opc.OPCPackage.open(OPCPackage.java:315) ~[poi-ooxml-5.2.2.jar:5.2.2]
	at org.apache.poi.ooxml.util.PackageHelper.open(PackageHelper.java:59) ~[poi-ooxml-5.2.2.jar:5.2.2]
	at org.apache.poi.xssf.usermodel.XSSFWorkbook.<init>(XSSFWorkbook.java:289) ~[poi-ooxml-5.2.2.jar:5.2.2]
	at org.apache.poi.xssf.usermodel.XSSFWorkbook.<init>(XSSFWorkbook.java:285) ~[poi-ooxml-5.2.2.jar:5.2.2]
	at com.MOFutility.API_Excelutilities.readServiceIdFromExcel(API_Excelutilities.java:20) ~[test-classes/:?]
	at com.MOF.constants.API_URL.<clinit>(API_URL.java:224) ~[test-classes/:?]
	at com.MOFapi.MOFapi.Fetchvalid_SingleService_ValidServiceid(MOFapi.java:4891) ~[test-classes/:?]
	at jdk.internal.reflect.DirectMethodHandleAccessor.invoke(DirectMethodHandleAccessor.java:103) ~[?:?]
	at java.lang.reflect.Method.invoke(Method.java:580) ~[?:?]
	at org.testng.internal.MethodInvocationHelper.invokeMethod(MethodInvocationHelper.java:124) ~[testng-6.14.3.jar:?]
	at org.testng.internal.Invoker.invokeMethod(Invoker.java:583) ~[testng-6.14.3.jar:?]
	at org.testng.internal.Invoker.invokeTestMethod(Invoker.java:719) ~[testng-6.14.3.jar:?]
	at org.testng.internal.Invoker.invokeTestMethods(Invoker.java:989) ~[testng-6.14.3.jar:?]
	at org.testng.internal.TestMethodWorker.invokeTestMethods(TestMethodWorker.java:125) ~[testng-6.14.3.jar:?]
	at org.testng.internal.TestMethodWorker.run(TestMethodWorker.java:109) ~[testng-6.14.3.jar:?]
	at org.testng.TestRunner.privateRun(TestRunner.java:648) ~[testng-6.14.3.jar:?]
	at org.testng.TestRunner.run(TestRunner.java:505) ~[testng-6.14.3.jar:?]
	at org.testng.SuiteRunner.runTest(SuiteRunner.java:455) ~[testng-6.14.3.jar:?]
	at org.testng.SuiteRunner.runSequentially(SuiteRunner.java:450) ~[testng-6.14.3.jar:?]
	at org.testng.SuiteRunner.privateRun(SuiteRunner.java:415) ~[testng-6.14.3.jar:?]
	at org.testng.SuiteRunner.run(SuiteRunner.java:364) ~[testng-6.14.3.jar:?]
	at org.testng.SuiteRunnerWorker.runSuite(SuiteRunnerWorker.java:52) ~[testng-6.14.3.jar:?]
	at org.testng.SuiteRunnerWorker.run(SuiteRunnerWorker.java:84) ~[testng-6.14.3.jar:?]
	at org.testng.TestNG.runSuitesSequentially(TestNG.java:1208) ~[testng-6.14.3.jar:?]
	at org.testng.TestNG.runSuitesLocally(TestNG.java:1137) ~[testng-6.14.3.jar:?]
	at org.testng.TestNG.runSuites(TestNG.java:1049) ~[testng-6.14.3.jar:?]
	at org.testng.TestNG.run(TestNG.java:1017) ~[testng-6.14.3.jar:?]
	at org.apache.maven.surefire.testng.TestNGExecutor.run(TestNGExecutor.java:308) ~[surefire-testng-3.3.0.jar:3.3.0]
	at org.apache.maven.surefire.testng.TestNGXmlTestSuite.execute(TestNGXmlTestSuite.java:71) ~[surefire-testng-3.3.0.jar:3.3.0]
	at org.apache.maven.surefire.testng.TestNGProvider.invoke(TestNGProvider.java:113) ~[surefire-testng-3.3.0.jar:3.3.0]
	at org.apache.maven.surefire.booter.ForkedBooter.runSuitesInProcess(ForkedBooter.java:385) ~[surefire-booter-3.3.0.jar:3.3.0]
	at org.apache.maven.surefire.booter.ForkedBooter.execute(ForkedBooter.java:162) ~[surefire-booter-3.3.0.jar:3.3.0]
	at org.apache.maven.surefire.booter.ForkedBooter.run(ForkedBooter.java:507) ~[surefire-booter-3.3.0.jar:3.3.0]
	at org.apache.maven.surefire.booter.ForkedBooter.main(ForkedBooter.java:495) ~[surefire-booter-3.3.0.jar:3.3.0]
17:05:53.753 [main] ERROR org.apache.poi.openxml4j.opc.PackageRelationshipCollection - Cannot convert mailto:ALPHAAAAAA@@@@@!@##$$$%12344 in a valid relationship URI-> dummy-URI used
java.net.URISyntaxException: Illegal character in fragment at index 25: mailto:ALPHAAAAAA@@@@@!@##$$$%12344
	at java.net.URI$Parser.fail(URI.java:2995) ~[?:?]
	at java.net.URI$Parser.checkChars(URI.java:3166) ~[?:?]
	at java.net.URI$Parser.parse(URI.java:3210) ~[?:?]
	at java.net.URI.<init>(URI.java:645) ~[?:?]
	at org.apache.poi.openxml4j.opc.PackagingURIHelper.toURI(PackagingURIHelper.java:723) ~[poi-ooxml-5.2.2.jar:5.2.2]
	at org.apache.poi.openxml4j.opc.PackageRelationshipCollection.parseRelationshipsPart(PackageRelationshipCollection.java:358) ~[poi-ooxml-5.2.2.jar:5.2.2]
	at org.apache.poi.openxml4j.opc.PackageRelationshipCollection.<init>(PackageRelationshipCollection.java:160) ~[poi-ooxml-5.2.2.jar:5.2.2]
	at org.apache.poi.openxml4j.opc.PackageRelationshipCollection.<init>(PackageRelationshipCollection.java:130) ~[poi-ooxml-5.2.2.jar:5.2.2]
	at org.apache.poi.openxml4j.opc.PackagePart.loadRelationships(PackagePart.java:565) ~[poi-ooxml-5.2.2.jar:5.2.2]
	at org.apache.poi.openxml4j.opc.OPCPackage.getParts(OPCPackage.java:745) ~[poi-ooxml-5.2.2.jar:5.2.2]
	at org.apache.poi.openxml4j.opc.OPCPackage.open(OPCPackage.java:315) ~[poi-ooxml-5.2.2.jar:5.2.2]
	at org.apache.poi.ooxml.util.PackageHelper.open(PackageHelper.java:59) ~[poi-ooxml-5.2.2.jar:5.2.2]
	at org.apache.poi.xssf.usermodel.XSSFWorkbook.<init>(XSSFWorkbook.java:289) ~[poi-ooxml-5.2.2.jar:5.2.2]
	at org.apache.poi.xssf.usermodel.XSSFWorkbook.<init>(XSSFWorkbook.java:285) ~[poi-ooxml-5.2.2.jar:5.2.2]
	at com.MOFutility.API_Excelutilities.readServiceIdFromExcel(API_Excelutilities.java:20) ~[test-classes/:?]
	at com.MOF.constants.API_URL.<clinit>(API_URL.java:224) ~[test-classes/:?]
	at com.MOFapi.MOFapi.Fetchvalid_SingleService_ValidServiceid(MOFapi.java:4891) ~[test-classes/:?]
	at jdk.internal.reflect.DirectMethodHandleAccessor.invoke(DirectMethodHandleAccessor.java:103) ~[?:?]
	at java.lang.reflect.Method.invoke(Method.java:580) ~[?:?]
	at org.testng.internal.MethodInvocationHelper.invokeMethod(MethodInvocationHelper.java:124) ~[testng-6.14.3.jar:?]
	at org.testng.internal.Invoker.invokeMethod(Invoker.java:583) ~[testng-6.14.3.jar:?]
	at org.testng.internal.Invoker.invokeTestMethod(Invoker.java:719) ~[testng-6.14.3.jar:?]
	at org.testng.internal.Invoker.invokeTestMethods(Invoker.java:989) ~[testng-6.14.3.jar:?]
	at org.testng.internal.TestMethodWorker.invokeTestMethods(TestMethodWorker.java:125) ~[testng-6.14.3.jar:?]
	at org.testng.internal.TestMethodWorker.run(TestMethodWorker.java:109) ~[testng-6.14.3.jar:?]
	at org.testng.TestRunner.privateRun(TestRunner.java:648) ~[testng-6.14.3.jar:?]
	at org.testng.TestRunner.run(TestRunner.java:505) ~[testng-6.14.3.jar:?]
	at org.testng.SuiteRunner.runTest(SuiteRunner.java:455) ~[testng-6.14.3.jar:?]
	at org.testng.SuiteRunner.runSequentially(SuiteRunner.java:450) ~[testng-6.14.3.jar:?]
	at org.testng.SuiteRunner.privateRun(SuiteRunner.java:415) ~[testng-6.14.3.jar:?]
	at org.testng.SuiteRunner.run(SuiteRunner.java:364) ~[testng-6.14.3.jar:?]
	at org.testng.SuiteRunnerWorker.runSuite(SuiteRunnerWorker.java:52) ~[testng-6.14.3.jar:?]
	at org.testng.SuiteRunnerWorker.run(SuiteRunnerWorker.java:84) ~[testng-6.14.3.jar:?]
	at org.testng.TestNG.runSuitesSequentially(TestNG.java:1208) ~[testng-6.14.3.jar:?]
	at org.testng.TestNG.runSuitesLocally(TestNG.java:1137) ~[testng-6.14.3.jar:?]
	at org.testng.TestNG.runSuites(TestNG.java:1049) ~[testng-6.14.3.jar:?]
	at org.testng.TestNG.run(TestNG.java:1017) ~[testng-6.14.3.jar:?]
	at org.apache.maven.surefire.testng.TestNGExecutor.run(TestNGExecutor.java:308) ~[surefire-testng-3.3.0.jar:3.3.0]
	at org.apache.maven.surefire.testng.TestNGXmlTestSuite.execute(TestNGXmlTestSuite.java:71) ~[surefire-testng-3.3.0.jar:3.3.0]
	at org.apache.maven.surefire.testng.TestNGProvider.invoke(TestNGProvider.java:113) ~[surefire-testng-3.3.0.jar:3.3.0]
	at org.apache.maven.surefire.booter.ForkedBooter.runSuitesInProcess(ForkedBooter.java:385) ~[surefire-booter-3.3.0.jar:3.3.0]
	at org.apache.maven.surefire.booter.ForkedBooter.execute(ForkedBooter.java:162) ~[surefire-booter-3.3.0.jar:3.3.0]
	at org.apache.maven.surefire.booter.ForkedBooter.run(ForkedBooter.java:507) ~[surefire-booter-3.3.0.jar:3.3.0]
	at org.apache.maven.surefire.booter.ForkedBooter.main(ForkedBooter.java:495) ~[surefire-booter-3.3.0.jar:3.3.0]
17:05:53.753 [main] ERROR org.apache.poi.openxml4j.opc.PackageRelationshipCollection - Cannot convert mailto:2343456378912@#&^*gvadhfbjnf in a valid relationship URI-> dummy-URI used
java.net.URISyntaxException: Illegal character in fragment at index 23: mailto:2343456378912@#&^*gvadhfbjnf
	at java.net.URI$Parser.fail(URI.java:2995) ~[?:?]
	at java.net.URI$Parser.checkChars(URI.java:3166) ~[?:?]
	at java.net.URI$Parser.parse(URI.java:3210) ~[?:?]
	at java.net.URI.<init>(URI.java:645) ~[?:?]
	at org.apache.poi.openxml4j.opc.PackagingURIHelper.toURI(PackagingURIHelper.java:723) ~[poi-ooxml-5.2.2.jar:5.2.2]
	at org.apache.poi.openxml4j.opc.PackageRelationshipCollection.parseRelationshipsPart(PackageRelationshipCollection.java:358) ~[poi-ooxml-5.2.2.jar:5.2.2]
	at org.apache.poi.openxml4j.opc.PackageRelationshipCollection.<init>(PackageRelationshipCollection.java:160) ~[poi-ooxml-5.2.2.jar:5.2.2]
	at org.apache.poi.openxml4j.opc.PackageRelationshipCollection.<init>(PackageRelationshipCollection.java:130) ~[poi-ooxml-5.2.2.jar:5.2.2]
	at org.apache.poi.openxml4j.opc.PackagePart.loadRelationships(PackagePart.java:565) ~[poi-ooxml-5.2.2.jar:5.2.2]
	at org.apache.poi.openxml4j.opc.OPCPackage.getParts(OPCPackage.java:745) ~[poi-ooxml-5.2.2.jar:5.2.2]
	at org.apache.poi.openxml4j.opc.OPCPackage.open(OPCPackage.java:315) ~[poi-ooxml-5.2.2.jar:5.2.2]
	at org.apache.poi.ooxml.util.PackageHelper.open(PackageHelper.java:59) ~[poi-ooxml-5.2.2.jar:5.2.2]
	at org.apache.poi.xssf.usermodel.XSSFWorkbook.<init>(XSSFWorkbook.java:289) ~[poi-ooxml-5.2.2.jar:5.2.2]
	at org.apache.poi.xssf.usermodel.XSSFWorkbook.<init>(XSSFWorkbook.java:285) ~[poi-ooxml-5.2.2.jar:5.2.2]
	at com.MOFutility.API_Excelutilities.readServiceIdFromExcel(API_Excelutilities.java:20) ~[test-classes/:?]
	at com.MOF.constants.API_URL.<clinit>(API_URL.java:224) ~[test-classes/:?]
	at com.MOFapi.MOFapi.Fetchvalid_SingleService_ValidServiceid(MOFapi.java:4891) ~[test-classes/:?]
	at jdk.internal.reflect.DirectMethodHandleAccessor.invoke(DirectMethodHandleAccessor.java:103) ~[?:?]
	at java.lang.reflect.Method.invoke(Method.java:580) ~[?:?]
	at org.testng.internal.MethodInvocationHelper.invokeMethod(MethodInvocationHelper.java:124) ~[testng-6.14.3.jar:?]
	at org.testng.internal.Invoker.invokeMethod(Invoker.java:583) ~[testng-6.14.3.jar:?]
	at org.testng.internal.Invoker.invokeTestMethod(Invoker.java:719) ~[testng-6.14.3.jar:?]
	at org.testng.internal.Invoker.invokeTestMethods(Invoker.java:989) ~[testng-6.14.3.jar:?]
	at org.testng.internal.TestMethodWorker.invokeTestMethods(TestMethodWorker.java:125) ~[testng-6.14.3.jar:?]
	at org.testng.internal.TestMethodWorker.run(TestMethodWorker.java:109) ~[testng-6.14.3.jar:?]
	at org.testng.TestRunner.privateRun(TestRunner.java:648) ~[testng-6.14.3.jar:?]
	at org.testng.TestRunner.run(TestRunner.java:505) ~[testng-6.14.3.jar:?]
	at org.testng.SuiteRunner.runTest(SuiteRunner.java:455) ~[testng-6.14.3.jar:?]
	at org.testng.SuiteRunner.runSequentially(SuiteRunner.java:450) ~[testng-6.14.3.jar:?]
	at org.testng.SuiteRunner.privateRun(SuiteRunner.java:415) ~[testng-6.14.3.jar:?]
	at org.testng.SuiteRunner.run(SuiteRunner.java:364) ~[testng-6.14.3.jar:?]
	at org.testng.SuiteRunnerWorker.runSuite(SuiteRunnerWorker.java:52) ~[testng-6.14.3.jar:?]
	at org.testng.SuiteRunnerWorker.run(SuiteRunnerWorker.java:84) ~[testng-6.14.3.jar:?]
	at org.testng.TestNG.runSuitesSequentially(TestNG.java:1208) ~[testng-6.14.3.jar:?]
	at org.testng.TestNG.runSuitesLocally(TestNG.java:1137) ~[testng-6.14.3.jar:?]
	at org.testng.TestNG.runSuites(TestNG.java:1049) ~[testng-6.14.3.jar:?]
	at org.testng.TestNG.run(TestNG.java:1017) ~[testng-6.14.3.jar:?]
	at org.apache.maven.surefire.testng.TestNGExecutor.run(TestNGExecutor.java:308) ~[surefire-testng-3.3.0.jar:3.3.0]
	at org.apache.maven.surefire.testng.TestNGXmlTestSuite.execute(TestNGXmlTestSuite.java:71) ~[surefire-testng-3.3.0.jar:3.3.0]
	at org.apache.maven.surefire.testng.TestNGProvider.invoke(TestNGProvider.java:113) ~[surefire-testng-3.3.0.jar:3.3.0]
	at org.apache.maven.surefire.booter.ForkedBooter.runSuitesInProcess(ForkedBooter.java:385) ~[surefire-booter-3.3.0.jar:3.3.0]
	at org.apache.maven.surefire.booter.ForkedBooter.execute(ForkedBooter.java:162) ~[surefire-booter-3.3.0.jar:3.3.0]
	at org.apache.maven.surefire.booter.ForkedBooter.run(ForkedBooter.java:507) ~[surefire-booter-3.3.0.jar:3.3.0]
	at org.apache.maven.surefire.booter.ForkedBooter.main(ForkedBooter.java:495) ~[surefire-booter-3.3.0.jar:3.3.0]
17:05:53.798 [main] ERROR org.apache.poi.openxml4j.opc.PackageRelationshipCollection - Cannot convert mailto:ALPA@#$%^245234534 in a valid relationship URI-> dummy-URI used
java.net.URISyntaxException: Malformed escape pair at index 14: mailto:ALPA@#$%^245234534
	at java.net.URI$Parser.fail(URI.java:2995) ~[?:?]
	at java.net.URI$Parser.scanEscape(URI.java:3123) ~[?:?]
	at java.net.URI$Parser.scan(URI.java:3146) ~[?:?]
	at java.net.URI$Parser.checkChars(URI.java:3164) ~[?:?]
	at java.net.URI$Parser.parse(URI.java:3210) ~[?:?]
	at java.net.URI.<init>(URI.java:645) ~[?:?]
	at org.apache.poi.openxml4j.opc.PackagingURIHelper.toURI(PackagingURIHelper.java:723) ~[poi-ooxml-5.2.2.jar:5.2.2]
	at org.apache.poi.openxml4j.opc.PackageRelationshipCollection.parseRelationshipsPart(PackageRelationshipCollection.java:358) ~[poi-ooxml-5.2.2.jar:5.2.2]
	at org.apache.poi.openxml4j.opc.PackageRelationshipCollection.<init>(PackageRelationshipCollection.java:160) ~[poi-ooxml-5.2.2.jar:5.2.2]
	at org.apache.poi.openxml4j.opc.PackageRelationshipCollection.<init>(PackageRelationshipCollection.java:130) ~[poi-ooxml-5.2.2.jar:5.2.2]
	at org.apache.poi.openxml4j.opc.PackagePart.loadRelationships(PackagePart.java:565) ~[poi-ooxml-5.2.2.jar:5.2.2]
	at org.apache.poi.openxml4j.opc.OPCPackage.getParts(OPCPackage.java:745) ~[poi-ooxml-5.2.2.jar:5.2.2]
	at org.apache.poi.openxml4j.opc.OPCPackage.open(OPCPackage.java:315) ~[poi-ooxml-5.2.2.jar:5.2.2]
	at org.apache.poi.ooxml.util.PackageHelper.open(PackageHelper.java:59) ~[poi-ooxml-5.2.2.jar:5.2.2]
	at org.apache.poi.xssf.usermodel.XSSFWorkbook.<init>(XSSFWorkbook.java:289) ~[poi-ooxml-5.2.2.jar:5.2.2]
	at org.apache.poi.xssf.usermodel.XSSFWorkbook.<init>(XSSFWorkbook.java:285) ~[poi-ooxml-5.2.2.jar:5.2.2]
	at com.MOFutility.API_Excelutilities.readServiceIdFromExcel(API_Excelutilities.java:20) ~[test-classes/:?]
	at com.MOF.constants.API_URL.<clinit>(API_URL.java:225) ~[test-classes/:?]
	at com.MOFapi.MOFapi.Fetchvalid_SingleService_ValidServiceid(MOFapi.java:4891) ~[test-classes/:?]
	at jdk.internal.reflect.DirectMethodHandleAccessor.invoke(DirectMethodHandleAccessor.java:103) ~[?:?]
	at java.lang.reflect.Method.invoke(Method.java:580) ~[?:?]
	at org.testng.internal.MethodInvocationHelper.invokeMethod(MethodInvocationHelper.java:124) ~[testng-6.14.3.jar:?]
	at org.testng.internal.Invoker.invokeMethod(Invoker.java:583) ~[testng-6.14.3.jar:?]
	at org.testng.internal.Invoker.invokeTestMethod(Invoker.java:719) ~[testng-6.14.3.jar:?]
	at org.testng.internal.Invoker.invokeTestMethods(Invoker.java:989) ~[testng-6.14.3.jar:?]
	at org.testng.internal.TestMethodWorker.invokeTestMethods(TestMethodWorker.java:125) ~[testng-6.14.3.jar:?]
	at org.testng.internal.TestMethodWorker.run(TestMethodWorker.java:109) ~[testng-6.14.3.jar:?]
	at org.testng.TestRunner.privateRun(TestRunner.java:648) ~[testng-6.14.3.jar:?]
	at org.testng.TestRunner.run(TestRunner.java:505) ~[testng-6.14.3.jar:?]
	at org.testng.SuiteRunner.runTest(SuiteRunner.java:455) ~[testng-6.14.3.jar:?]
	at org.testng.SuiteRunner.runSequentially(SuiteRunner.java:450) ~[testng-6.14.3.jar:?]
	at org.testng.SuiteRunner.privateRun(SuiteRunner.java:415) ~[testng-6.14.3.jar:?]
	at org.testng.SuiteRunner.run(SuiteRunner.java:364) ~[testng-6.14.3.jar:?]
	at org.testng.SuiteRunnerWorker.runSuite(SuiteRunnerWorker.java:52) ~[testng-6.14.3.jar:?]
	at org.testng.SuiteRunnerWorker.run(SuiteRunnerWorker.java:84) ~[testng-6.14.3.jar:?]
	at org.testng.TestNG.runSuitesSequentially(TestNG.java:1208) ~[testng-6.14.3.jar:?]
	at org.testng.TestNG.runSuitesLocally(TestNG.java:1137) ~[testng-6.14.3.jar:?]
	at org.testng.TestNG.runSuites(TestNG.java:1049) ~[testng-6.14.3.jar:?]
	at org.testng.TestNG.run(TestNG.java:1017) ~[testng-6.14.3.jar:?]
	at org.apache.maven.surefire.testng.TestNGExecutor.run(TestNGExecutor.java:308) ~[surefire-testng-3.3.0.jar:3.3.0]
	at org.apache.maven.surefire.testng.TestNGXmlTestSuite.execute(TestNGXmlTestSuite.java:71) ~[surefire-testng-3.3.0.jar:3.3.0]
	at org.apache.maven.surefire.testng.TestNGProvider.invoke(TestNGProvider.java:113) ~[surefire-testng-3.3.0.jar:3.3.0]
	at org.apache.maven.surefire.booter.ForkedBooter.runSuitesInProcess(ForkedBooter.java:385) ~[surefire-booter-3.3.0.jar:3.3.0]
	at org.apache.maven.surefire.booter.ForkedBooter.execute(ForkedBooter.java:162) ~[surefire-booter-3.3.0.jar:3.3.0]
	at org.apache.maven.surefire.booter.ForkedBooter.run(ForkedBooter.java:507) ~[surefire-booter-3.3.0.jar:3.3.0]
	at org.apache.maven.surefire.booter.ForkedBooter.main(ForkedBooter.java:495) ~[surefire-booter-3.3.0.jar:3.3.0]
17:05:53.799 [main] ERROR org.apache.poi.openxml4j.opc.PackageRelationshipCollection - Cannot convert mailto:ALPHAAAAAA@@@@@!@##$$$%12344 in a valid relationship URI-> dummy-URI used
java.net.URISyntaxException: Illegal character in fragment at index 25: mailto:ALPHAAAAAA@@@@@!@##$$$%12344
	at java.net.URI$Parser.fail(URI.java:2995) ~[?:?]
	at java.net.URI$Parser.checkChars(URI.java:3166) ~[?:?]
	at java.net.URI$Parser.parse(URI.java:3210) ~[?:?]
	at java.net.URI.<init>(URI.java:645) ~[?:?]
	at org.apache.poi.openxml4j.opc.PackagingURIHelper.toURI(PackagingURIHelper.java:723) ~[poi-ooxml-5.2.2.jar:5.2.2]
	at org.apache.poi.openxml4j.opc.PackageRelationshipCollection.parseRelationshipsPart(PackageRelationshipCollection.java:358) ~[poi-ooxml-5.2.2.jar:5.2.2]
	at org.apache.poi.openxml4j.opc.PackageRelationshipCollection.<init>(PackageRelationshipCollection.java:160) ~[poi-ooxml-5.2.2.jar:5.2.2]
	at org.apache.poi.openxml4j.opc.PackageRelationshipCollection.<init>(PackageRelationshipCollection.java:130) ~[poi-ooxml-5.2.2.jar:5.2.2]
	at org.apache.poi.openxml4j.opc.PackagePart.loadRelationships(PackagePart.java:565) ~[poi-ooxml-5.2.2.jar:5.2.2]
	at org.apache.poi.openxml4j.opc.OPCPackage.getParts(OPCPackage.java:745) ~[poi-ooxml-5.2.2.jar:5.2.2]
	at org.apache.poi.openxml4j.opc.OPCPackage.open(OPCPackage.java:315) ~[poi-ooxml-5.2.2.jar:5.2.2]
	at org.apache.poi.ooxml.util.PackageHelper.open(PackageHelper.java:59) ~[poi-ooxml-5.2.2.jar:5.2.2]
	at org.apache.poi.xssf.usermodel.XSSFWorkbook.<init>(XSSFWorkbook.java:289) ~[poi-ooxml-5.2.2.jar:5.2.2]
	at org.apache.poi.xssf.usermodel.XSSFWorkbook.<init>(XSSFWorkbook.java:285) ~[poi-ooxml-5.2.2.jar:5.2.2]
	at com.MOFutility.API_Excelutilities.readServiceIdFromExcel(API_Excelutilities.java:20) ~[test-classes/:?]
	at com.MOF.constants.API_URL.<clinit>(API_URL.java:225) ~[test-classes/:?]
	at com.MOFapi.MOFapi.Fetchvalid_SingleService_ValidServiceid(MOFapi.java:4891) ~[test-classes/:?]
	at jdk.internal.reflect.DirectMethodHandleAccessor.invoke(DirectMethodHandleAccessor.java:103) ~[?:?]
	at java.lang.reflect.Method.invoke(Method.java:580) ~[?:?]
	at org.testng.internal.MethodInvocationHelper.invokeMethod(MethodInvocationHelper.java:124) ~[testng-6.14.3.jar:?]
	at org.testng.internal.Invoker.invokeMethod(Invoker.java:583) ~[testng-6.14.3.jar:?]
	at org.testng.internal.Invoker.invokeTestMethod(Invoker.java:719) ~[testng-6.14.3.jar:?]
	at org.testng.internal.Invoker.invokeTestMethods(Invoker.java:989) ~[testng-6.14.3.jar:?]
	at org.testng.internal.TestMethodWorker.invokeTestMethods(TestMethodWorker.java:125) ~[testng-6.14.3.jar:?]
	at org.testng.internal.TestMethodWorker.run(TestMethodWorker.java:109) ~[testng-6.14.3.jar:?]
	at org.testng.TestRunner.privateRun(TestRunner.java:648) ~[testng-6.14.3.jar:?]
	at org.testng.TestRunner.run(TestRunner.java:505) ~[testng-6.14.3.jar:?]
	at org.testng.SuiteRunner.runTest(SuiteRunner.java:455) ~[testng-6.14.3.jar:?]
	at org.testng.SuiteRunner.runSequentially(SuiteRunner.java:450) ~[testng-6.14.3.jar:?]
	at org.testng.SuiteRunner.privateRun(SuiteRunner.java:415) ~[testng-6.14.3.jar:?]
	at org.testng.SuiteRunner.run(SuiteRunner.java:364) ~[testng-6.14.3.jar:?]
	at org.testng.SuiteRunnerWorker.runSuite(SuiteRunnerWorker.java:52) ~[testng-6.14.3.jar:?]
	at org.testng.SuiteRunnerWorker.run(SuiteRunnerWorker.java:84) ~[testng-6.14.3.jar:?]
	at org.testng.TestNG.runSuitesSequentially(TestNG.java:1208) ~[testng-6.14.3.jar:?]
	at org.testng.TestNG.runSuitesLocally(TestNG.java:1137) ~[testng-6.14.3.jar:?]
	at org.testng.TestNG.runSuites(TestNG.java:1049) ~[testng-6.14.3.jar:?]
	at org.testng.TestNG.run(TestNG.java:1017) ~[testng-6.14.3.jar:?]
	at org.apache.maven.surefire.testng.TestNGExecutor.run(TestNGExecutor.java:308) ~[surefire-testng-3.3.0.jar:3.3.0]
	at org.apache.maven.surefire.testng.TestNGXmlTestSuite.execute(TestNGXmlTestSuite.java:71) ~[surefire-testng-3.3.0.jar:3.3.0]
	at org.apache.maven.surefire.testng.TestNGProvider.invoke(TestNGProvider.java:113) ~[surefire-testng-3.3.0.jar:3.3.0]
	at org.apache.maven.surefire.booter.ForkedBooter.runSuitesInProcess(ForkedBooter.java:385) ~[surefire-booter-3.3.0.jar:3.3.0]
	at org.apache.maven.surefire.booter.ForkedBooter.execute(ForkedBooter.java:162) ~[surefire-booter-3.3.0.jar:3.3.0]
	at org.apache.maven.surefire.booter.ForkedBooter.run(ForkedBooter.java:507) ~[surefire-booter-3.3.0.jar:3.3.0]
	at org.apache.maven.surefire.booter.ForkedBooter.main(ForkedBooter.java:495) ~[surefire-booter-3.3.0.jar:3.3.0]
17:05:53.800 [main] ERROR org.apache.poi.openxml4j.opc.PackageRelationshipCollection - Cannot convert mailto:2343456378912@#&^*gvadhfbjnf in a valid relationship URI-> dummy-URI used
java.net.URISyntaxException: Illegal character in fragment at index 23: mailto:2343456378912@#&^*gvadhfbjnf
	at java.net.URI$Parser.fail(URI.java:2995) ~[?:?]
	at java.net.URI$Parser.checkChars(URI.java:3166) ~[?:?]
	at java.net.URI$Parser.parse(URI.java:3210) ~[?:?]
	at java.net.URI.<init>(URI.java:645) ~[?:?]
	at org.apache.poi.openxml4j.opc.PackagingURIHelper.toURI(PackagingURIHelper.java:723) ~[poi-ooxml-5.2.2.jar:5.2.2]
	at org.apache.poi.openxml4j.opc.PackageRelationshipCollection.parseRelationshipsPart(PackageRelationshipCollection.java:358) ~[poi-ooxml-5.2.2.jar:5.2.2]
	at org.apache.poi.openxml4j.opc.PackageRelationshipCollection.<init>(PackageRelationshipCollection.java:160) ~[poi-ooxml-5.2.2.jar:5.2.2]
	at org.apache.poi.openxml4j.opc.PackageRelationshipCollection.<init>(PackageRelationshipCollection.java:130) ~[poi-ooxml-5.2.2.jar:5.2.2]
	at org.apache.poi.openxml4j.opc.PackagePart.loadRelationships(PackagePart.java:565) ~[poi-ooxml-5.2.2.jar:5.2.2]
	at org.apache.poi.openxml4j.opc.OPCPackage.getParts(OPCPackage.java:745) ~[poi-ooxml-5.2.2.jar:5.2.2]
	at org.apache.poi.openxml4j.opc.OPCPackage.open(OPCPackage.java:315) ~[poi-ooxml-5.2.2.jar:5.2.2]
	at org.apache.poi.ooxml.util.PackageHelper.open(PackageHelper.java:59) ~[poi-ooxml-5.2.2.jar:5.2.2]
	at org.apache.poi.xssf.usermodel.XSSFWorkbook.<init>(XSSFWorkbook.java:289) ~[poi-ooxml-5.2.2.jar:5.2.2]
	at org.apache.poi.xssf.usermodel.XSSFWorkbook.<init>(XSSFWorkbook.java:285) ~[poi-ooxml-5.2.2.jar:5.2.2]
	at com.MOFutility.API_Excelutilities.readServiceIdFromExcel(API_Excelutilities.java:20) ~[test-classes/:?]
	at com.MOF.constants.API_URL.<clinit>(API_URL.java:225) ~[test-classes/:?]
	at com.MOFapi.MOFapi.Fetchvalid_SingleService_ValidServiceid(MOFapi.java:4891) ~[test-classes/:?]
	at jdk.internal.reflect.DirectMethodHandleAccessor.invoke(DirectMethodHandleAccessor.java:103) ~[?:?]
	at java.lang.reflect.Method.invoke(Method.java:580) ~[?:?]
	at org.testng.internal.MethodInvocationHelper.invokeMethod(MethodInvocationHelper.java:124) ~[testng-6.14.3.jar:?]
	at org.testng.internal.Invoker.invokeMethod(Invoker.java:583) ~[testng-6.14.3.jar:?]
	at org.testng.internal.Invoker.invokeTestMethod(Invoker.java:719) ~[testng-6.14.3.jar:?]
	at org.testng.internal.Invoker.invokeTestMethods(Invoker.java:989) ~[testng-6.14.3.jar:?]
	at org.testng.internal.TestMethodWorker.invokeTestMethods(TestMethodWorker.java:125) ~[testng-6.14.3.jar:?]
	at org.testng.internal.TestMethodWorker.run(TestMethodWorker.java:109) ~[testng-6.14.3.jar:?]
	at org.testng.TestRunner.privateRun(TestRunner.java:648) ~[testng-6.14.3.jar:?]
	at org.testng.TestRunner.run(TestRunner.java:505) ~[testng-6.14.3.jar:?]
	at org.testng.SuiteRunner.runTest(SuiteRunner.java:455) ~[testng-6.14.3.jar:?]
	at org.testng.SuiteRunner.runSequentially(SuiteRunner.java:450) ~[testng-6.14.3.jar:?]
	at org.testng.SuiteRunner.privateRun(SuiteRunner.java:415) ~[testng-6.14.3.jar:?]
	at org.testng.SuiteRunner.run(SuiteRunner.java:364) ~[testng-6.14.3.jar:?]
	at org.testng.SuiteRunnerWorker.runSuite(SuiteRunnerWorker.java:52) ~[testng-6.14.3.jar:?]
	at org.testng.SuiteRunnerWorker.run(SuiteRunnerWorker.java:84) ~[testng-6.14.3.jar:?]
	at org.testng.TestNG.runSuitesSequentially(TestNG.java:1208) ~[testng-6.14.3.jar:?]
	at org.testng.TestNG.runSuitesLocally(TestNG.java:1137) ~[testng-6.14.3.jar:?]
	at org.testng.TestNG.runSuites(TestNG.java:1049) ~[testng-6.14.3.jar:?]
	at org.testng.TestNG.run(TestNG.java:1017) ~[testng-6.14.3.jar:?]
	at org.apache.maven.surefire.testng.TestNGExecutor.run(TestNGExecutor.java:308) ~[surefire-testng-3.3.0.jar:3.3.0]
	at org.apache.maven.surefire.testng.TestNGXmlTestSuite.execute(TestNGXmlTestSuite.java:71) ~[surefire-testng-3.3.0.jar:3.3.0]
	at org.apache.maven.surefire.testng.TestNGProvider.invoke(TestNGProvider.java:113) ~[surefire-testng-3.3.0.jar:3.3.0]
	at org.apache.maven.surefire.booter.ForkedBooter.runSuitesInProcess(ForkedBooter.java:385) ~[surefire-booter-3.3.0.jar:3.3.0]
	at org.apache.maven.surefire.booter.ForkedBooter.execute(ForkedBooter.java:162) ~[surefire-booter-3.3.0.jar:3.3.0]
	at org.apache.maven.surefire.booter.ForkedBooter.run(ForkedBooter.java:507) ~[surefire-booter-3.3.0.jar:3.3.0]
	at org.apache.maven.surefire.booter.ForkedBooter.main(ForkedBooter.java:495) ~[surefire-booter-3.3.0.jar:3.3.0]
17:05:53.824 [main] ERROR org.apache.poi.openxml4j.opc.PackageRelationshipCollection - Cannot convert mailto:ALPA@#$%^245234534 in a valid relationship URI-> dummy-URI used
java.net.URISyntaxException: Malformed escape pair at index 14: mailto:ALPA@#$%^245234534
	at java.net.URI$Parser.fail(URI.java:2995) ~[?:?]
	at java.net.URI$Parser.scanEscape(URI.java:3123) ~[?:?]
	at java.net.URI$Parser.scan(URI.java:3146) ~[?:?]
	at java.net.URI$Parser.checkChars(URI.java:3164) ~[?:?]
	at java.net.URI$Parser.parse(URI.java:3210) ~[?:?]
	at java.net.URI.<init>(URI.java:645) ~[?:?]
	at org.apache.poi.openxml4j.opc.PackagingURIHelper.toURI(PackagingURIHelper.java:723) ~[poi-ooxml-5.2.2.jar:5.2.2]
	at org.apache.poi.openxml4j.opc.PackageRelationshipCollection.parseRelationshipsPart(PackageRelationshipCollection.java:358) ~[poi-ooxml-5.2.2.jar:5.2.2]
	at org.apache.poi.openxml4j.opc.PackageRelationshipCollection.<init>(PackageRelationshipCollection.java:160) ~[poi-ooxml-5.2.2.jar:5.2.2]
	at org.apache.poi.openxml4j.opc.PackageRelationshipCollection.<init>(PackageRelationshipCollection.java:130) ~[poi-ooxml-5.2.2.jar:5.2.2]
	at org.apache.poi.openxml4j.opc.PackagePart.loadRelationships(PackagePart.java:565) ~[poi-ooxml-5.2.2.jar:5.2.2]
	at org.apache.poi.openxml4j.opc.OPCPackage.getParts(OPCPackage.java:745) ~[poi-ooxml-5.2.2.jar:5.2.2]
	at org.apache.poi.openxml4j.opc.OPCPackage.open(OPCPackage.java:315) ~[poi-ooxml-5.2.2.jar:5.2.2]
	at org.apache.poi.ooxml.util.PackageHelper.open(PackageHelper.java:59) ~[poi-ooxml-5.2.2.jar:5.2.2]
	at org.apache.poi.xssf.usermodel.XSSFWorkbook.<init>(XSSFWorkbook.java:289) ~[poi-ooxml-5.2.2.jar:5.2.2]
	at org.apache.poi.xssf.usermodel.XSSFWorkbook.<init>(XSSFWorkbook.java:285) ~[poi-ooxml-5.2.2.jar:5.2.2]
	at com.MOFutility.API_Excelutilities.readServiceIdFromExcel(API_Excelutilities.java:20) ~[test-classes/:?]
	at com.MOF.constants.API_URL.<clinit>(API_URL.java:226) ~[test-classes/:?]
	at com.MOFapi.MOFapi.Fetchvalid_SingleService_ValidServiceid(MOFapi.java:4891) ~[test-classes/:?]
	at jdk.internal.reflect.DirectMethodHandleAccessor.invoke(DirectMethodHandleAccessor.java:103) ~[?:?]
	at java.lang.reflect.Method.invoke(Method.java:580) ~[?:?]
	at org.testng.internal.MethodInvocationHelper.invokeMethod(MethodInvocationHelper.java:124) ~[testng-6.14.3.jar:?]
	at org.testng.internal.Invoker.invokeMethod(Invoker.java:583) ~[testng-6.14.3.jar:?]
	at org.testng.internal.Invoker.invokeTestMethod(Invoker.java:719) ~[testng-6.14.3.jar:?]
	at org.testng.internal.Invoker.invokeTestMethods(Invoker.java:989) ~[testng-6.14.3.jar:?]
	at org.testng.internal.TestMethodWorker.invokeTestMethods(TestMethodWorker.java:125) ~[testng-6.14.3.jar:?]
	at org.testng.internal.TestMethodWorker.run(TestMethodWorker.java:109) ~[testng-6.14.3.jar:?]
	at org.testng.TestRunner.privateRun(TestRunner.java:648) ~[testng-6.14.3.jar:?]
	at org.testng.TestRunner.run(TestRunner.java:505) ~[testng-6.14.3.jar:?]
	at org.testng.SuiteRunner.runTest(SuiteRunner.java:455) ~[testng-6.14.3.jar:?]
	at org.testng.SuiteRunner.runSequentially(SuiteRunner.java:450) ~[testng-6.14.3.jar:?]
	at org.testng.SuiteRunner.privateRun(SuiteRunner.java:415) ~[testng-6.14.3.jar:?]
	at org.testng.SuiteRunner.run(SuiteRunner.java:364) ~[testng-6.14.3.jar:?]
	at org.testng.SuiteRunnerWorker.runSuite(SuiteRunnerWorker.java:52) ~[testng-6.14.3.jar:?]
	at org.testng.SuiteRunnerWorker.run(SuiteRunnerWorker.java:84) ~[testng-6.14.3.jar:?]
	at org.testng.TestNG.runSuitesSequentially(TestNG.java:1208) ~[testng-6.14.3.jar:?]
	at org.testng.TestNG.runSuitesLocally(TestNG.java:1137) ~[testng-6.14.3.jar:?]
	at org.testng.TestNG.runSuites(TestNG.java:1049) ~[testng-6.14.3.jar:?]
	at org.testng.TestNG.run(TestNG.java:1017) ~[testng-6.14.3.jar:?]
	at org.apache.maven.surefire.testng.TestNGExecutor.run(TestNGExecutor.java:308) ~[surefire-testng-3.3.0.jar:3.3.0]
	at org.apache.maven.surefire.testng.TestNGXmlTestSuite.execute(TestNGXmlTestSuite.java:71) ~[surefire-testng-3.3.0.jar:3.3.0]
	at org.apache.maven.surefire.testng.TestNGProvider.invoke(TestNGProvider.java:113) ~[surefire-testng-3.3.0.jar:3.3.0]
	at org.apache.maven.surefire.booter.ForkedBooter.runSuitesInProcess(ForkedBooter.java:385) ~[surefire-booter-3.3.0.jar:3.3.0]
	at org.apache.maven.surefire.booter.ForkedBooter.execute(ForkedBooter.java:162) ~[surefire-booter-3.3.0.jar:3.3.0]
	at org.apache.maven.surefire.booter.ForkedBooter.run(ForkedBooter.java:507) ~[surefire-booter-3.3.0.jar:3.3.0]
	at org.apache.maven.surefire.booter.ForkedBooter.main(ForkedBooter.java:495) ~[surefire-booter-3.3.0.jar:3.3.0]
17:05:53.825 [main] ERROR org.apache.poi.openxml4j.opc.PackageRelationshipCollection - Cannot convert mailto:ALPHAAAAAA@@@@@!@##$$$%12344 in a valid relationship URI-> dummy-URI used
java.net.URISyntaxException: Illegal character in fragment at index 25: mailto:ALPHAAAAAA@@@@@!@##$$$%12344
	at java.net.URI$Parser.fail(URI.java:2995) ~[?:?]
	at java.net.URI$Parser.checkChars(URI.java:3166) ~[?:?]
	at java.net.URI$Parser.parse(URI.java:3210) ~[?:?]
	at java.net.URI.<init>(URI.java:645) ~[?:?]
	at org.apache.poi.openxml4j.opc.PackagingURIHelper.toURI(PackagingURIHelper.java:723) ~[poi-ooxml-5.2.2.jar:5.2.2]
	at org.apache.poi.openxml4j.opc.PackageRelationshipCollection.parseRelationshipsPart(PackageRelationshipCollection.java:358) ~[poi-ooxml-5.2.2.jar:5.2.2]
	at org.apache.poi.openxml4j.opc.PackageRelationshipCollection.<init>(PackageRelationshipCollection.java:160) ~[poi-ooxml-5.2.2.jar:5.2.2]
	at org.apache.poi.openxml4j.opc.PackageRelationshipCollection.<init>(PackageRelationshipCollection.java:130) ~[poi-ooxml-5.2.2.jar:5.2.2]
	at org.apache.poi.openxml4j.opc.PackagePart.loadRelationships(PackagePart.java:565) ~[poi-ooxml-5.2.2.jar:5.2.2]
	at org.apache.poi.openxml4j.opc.OPCPackage.getParts(OPCPackage.java:745) ~[poi-ooxml-5.2.2.jar:5.2.2]
	at org.apache.poi.openxml4j.opc.OPCPackage.open(OPCPackage.java:315) ~[poi-ooxml-5.2.2.jar:5.2.2]
	at org.apache.poi.ooxml.util.PackageHelper.open(PackageHelper.java:59) ~[poi-ooxml-5.2.2.jar:5.2.2]
	at org.apache.poi.xssf.usermodel.XSSFWorkbook.<init>(XSSFWorkbook.java:289) ~[poi-ooxml-5.2.2.jar:5.2.2]
	at org.apache.poi.xssf.usermodel.XSSFWorkbook.<init>(XSSFWorkbook.java:285) ~[poi-ooxml-5.2.2.jar:5.2.2]
	at com.MOFutility.API_Excelutilities.readServiceIdFromExcel(API_Excelutilities.java:20) ~[test-classes/:?]
	at com.MOF.constants.API_URL.<clinit>(API_URL.java:226) ~[test-classes/:?]
	at com.MOFapi.MOFapi.Fetchvalid_SingleService_ValidServiceid(MOFapi.java:4891) ~[test-classes/:?]
	at jdk.internal.reflect.DirectMethodHandleAccessor.invoke(DirectMethodHandleAccessor.java:103) ~[?:?]
	at java.lang.reflect.Method.invoke(Method.java:580) ~[?:?]
	at org.testng.internal.MethodInvocationHelper.invokeMethod(MethodInvocationHelper.java:124) ~[testng-6.14.3.jar:?]
	at org.testng.internal.Invoker.invokeMethod(Invoker.java:583) ~[testng-6.14.3.jar:?]
	at org.testng.internal.Invoker.invokeTestMethod(Invoker.java:719) ~[testng-6.14.3.jar:?]
	at org.testng.internal.Invoker.invokeTestMethods(Invoker.java:989) ~[testng-6.14.3.jar:?]
	at org.testng.internal.TestMethodWorker.invokeTestMethods(TestMethodWorker.java:125) ~[testng-6.14.3.jar:?]
	at org.testng.internal.TestMethodWorker.run(TestMethodWorker.java:109) ~[testng-6.14.3.jar:?]
	at org.testng.TestRunner.privateRun(TestRunner.java:648) ~[testng-6.14.3.jar:?]
	at org.testng.TestRunner.run(TestRunner.java:505) ~[testng-6.14.3.jar:?]
	at org.testng.SuiteRunner.runTest(SuiteRunner.java:455) ~[testng-6.14.3.jar:?]
	at org.testng.SuiteRunner.runSequentially(SuiteRunner.java:450) ~[testng-6.14.3.jar:?]
	at org.testng.SuiteRunner.privateRun(SuiteRunner.java:415) ~[testng-6.14.3.jar:?]
	at org.testng.SuiteRunner.run(SuiteRunner.java:364) ~[testng-6.14.3.jar:?]
	at org.testng.SuiteRunnerWorker.runSuite(SuiteRunnerWorker.java:52) ~[testng-6.14.3.jar:?]
	at org.testng.SuiteRunnerWorker.run(SuiteRunnerWorker.java:84) ~[testng-6.14.3.jar:?]
	at org.testng.TestNG.runSuitesSequentially(TestNG.java:1208) ~[testng-6.14.3.jar:?]
	at org.testng.TestNG.runSuitesLocally(TestNG.java:1137) ~[testng-6.14.3.jar:?]
	at org.testng.TestNG.runSuites(TestNG.java:1049) ~[testng-6.14.3.jar:?]
	at org.testng.TestNG.run(TestNG.java:1017) ~[testng-6.14.3.jar:?]
	at org.apache.maven.surefire.testng.TestNGExecutor.run(TestNGExecutor.java:308) ~[surefire-testng-3.3.0.jar:3.3.0]
	at org.apache.maven.surefire.testng.TestNGXmlTestSuite.execute(TestNGXmlTestSuite.java:71) ~[surefire-testng-3.3.0.jar:3.3.0]
	at org.apache.maven.surefire.testng.TestNGProvider.invoke(TestNGProvider.java:113) ~[surefire-testng-3.3.0.jar:3.3.0]
	at org.apache.maven.surefire.booter.ForkedBooter.runSuitesInProcess(ForkedBooter.java:385) ~[surefire-booter-3.3.0.jar:3.3.0]
	at org.apache.maven.surefire.booter.ForkedBooter.execute(ForkedBooter.java:162) ~[surefire-booter-3.3.0.jar:3.3.0]
	at org.apache.maven.surefire.booter.ForkedBooter.run(ForkedBooter.java:507) ~[surefire-booter-3.3.0.jar:3.3.0]
	at org.apache.maven.surefire.booter.ForkedBooter.main(ForkedBooter.java:495) ~[surefire-booter-3.3.0.jar:3.3.0]
17:05:53.826 [main] ERROR org.apache.poi.openxml4j.opc.PackageRelationshipCollection - Cannot convert mailto:2343456378912@#&^*gvadhfbjnf in a valid relationship URI-> dummy-URI used
java.net.URISyntaxException: Illegal character in fragment at index 23: mailto:2343456378912@#&^*gvadhfbjnf
	at java.net.URI$Parser.fail(URI.java:2995) ~[?:?]
	at java.net.URI$Parser.checkChars(URI.java:3166) ~[?:?]
	at java.net.URI$Parser.parse(URI.java:3210) ~[?:?]
	at java.net.URI.<init>(URI.java:645) ~[?:?]
	at org.apache.poi.openxml4j.opc.PackagingURIHelper.toURI(PackagingURIHelper.java:723) ~[poi-ooxml-5.2.2.jar:5.2.2]
	at org.apache.poi.openxml4j.opc.PackageRelationshipCollection.parseRelationshipsPart(PackageRelationshipCollection.java:358) ~[poi-ooxml-5.2.2.jar:5.2.2]
	at org.apache.poi.openxml4j.opc.PackageRelationshipCollection.<init>(PackageRelationshipCollection.java:160) ~[poi-ooxml-5.2.2.jar:5.2.2]
	at org.apache.poi.openxml4j.opc.PackageRelationshipCollection.<init>(PackageRelationshipCollection.java:130) ~[poi-ooxml-5.2.2.jar:5.2.2]
	at org.apache.poi.openxml4j.opc.PackagePart.loadRelationships(PackagePart.java:565) ~[poi-ooxml-5.2.2.jar:5.2.2]
	at org.apache.poi.openxml4j.opc.OPCPackage.getParts(OPCPackage.java:745) ~[poi-ooxml-5.2.2.jar:5.2.2]
	at org.apache.poi.openxml4j.opc.OPCPackage.open(OPCPackage.java:315) ~[poi-ooxml-5.2.2.jar:5.2.2]
	at org.apache.poi.ooxml.util.PackageHelper.open(PackageHelper.java:59) ~[poi-ooxml-5.2.2.jar:5.2.2]
	at org.apache.poi.xssf.usermodel.XSSFWorkbook.<init>(XSSFWorkbook.java:289) ~[poi-ooxml-5.2.2.jar:5.2.2]
	at org.apache.poi.xssf.usermodel.XSSFWorkbook.<init>(XSSFWorkbook.java:285) ~[poi-ooxml-5.2.2.jar:5.2.2]
	at com.MOFutility.API_Excelutilities.readServiceIdFromExcel(API_Excelutilities.java:20) ~[test-classes/:?]
	at com.MOF.constants.API_URL.<clinit>(API_URL.java:226) ~[test-classes/:?]
	at com.MOFapi.MOFapi.Fetchvalid_SingleService_ValidServiceid(MOFapi.java:4891) ~[test-classes/:?]
	at jdk.internal.reflect.DirectMethodHandleAccessor.invoke(DirectMethodHandleAccessor.java:103) ~[?:?]
	at java.lang.reflect.Method.invoke(Method.java:580) ~[?:?]
	at org.testng.internal.MethodInvocationHelper.invokeMethod(MethodInvocationHelper.java:124) ~[testng-6.14.3.jar:?]
	at org.testng.internal.Invoker.invokeMethod(Invoker.java:583) ~[testng-6.14.3.jar:?]
	at org.testng.internal.Invoker.invokeTestMethod(Invoker.java:719) ~[testng-6.14.3.jar:?]
	at org.testng.internal.Invoker.invokeTestMethods(Invoker.java:989) ~[testng-6.14.3.jar:?]
	at org.testng.internal.TestMethodWorker.invokeTestMethods(TestMethodWorker.java:125) ~[testng-6.14.3.jar:?]
	at org.testng.internal.TestMethodWorker.run(TestMethodWorker.java:109) ~[testng-6.14.3.jar:?]
	at org.testng.TestRunner.privateRun(TestRunner.java:648) ~[testng-6.14.3.jar:?]
	at org.testng.TestRunner.run(TestRunner.java:505) ~[testng-6.14.3.jar:?]
	at org.testng.SuiteRunner.runTest(SuiteRunner.java:455) ~[testng-6.14.3.jar:?]
	at org.testng.SuiteRunner.runSequentially(SuiteRunner.java:450) ~[testng-6.14.3.jar:?]
	at org.testng.SuiteRunner.privateRun(SuiteRunner.java:415) ~[testng-6.14.3.jar:?]
	at org.testng.SuiteRunner.run(SuiteRunner.java:364) ~[testng-6.14.3.jar:?]
	at org.testng.SuiteRunnerWorker.runSuite(SuiteRunnerWorker.java:52) ~[testng-6.14.3.jar:?]
	at org.testng.SuiteRunnerWorker.run(SuiteRunnerWorker.java:84) ~[testng-6.14.3.jar:?]
	at org.testng.TestNG.runSuitesSequentially(TestNG.java:1208) ~[testng-6.14.3.jar:?]
	at org.testng.TestNG.runSuitesLocally(TestNG.java:1137) ~[testng-6.14.3.jar:?]
	at org.testng.TestNG.runSuites(TestNG.java:1049) ~[testng-6.14.3.jar:?]
	at org.testng.TestNG.run(TestNG.java:1017) ~[testng-6.14.3.jar:?]
	at org.apache.maven.surefire.testng.TestNGExecutor.run(TestNGExecutor.java:308) ~[surefire-testng-3.3.0.jar:3.3.0]
	at org.apache.maven.surefire.testng.TestNGXmlTestSuite.execute(TestNGXmlTestSuite.java:71) ~[surefire-testng-3.3.0.jar:3.3.0]
	at org.apache.maven.surefire.testng.TestNGProvider.invoke(TestNGProvider.java:113) ~[surefire-testng-3.3.0.jar:3.3.0]
	at org.apache.maven.surefire.booter.ForkedBooter.runSuitesInProcess(ForkedBooter.java:385) ~[surefire-booter-3.3.0.jar:3.3.0]
	at org.apache.maven.surefire.booter.ForkedBooter.execute(ForkedBooter.java:162) ~[surefire-booter-3.3.0.jar:3.3.0]
	at org.apache.maven.surefire.booter.ForkedBooter.run(ForkedBooter.java:507) ~[surefire-booter-3.3.0.jar:3.3.0]
	at org.apache.maven.surefire.booter.ForkedBooter.main(ForkedBooter.java:495) ~[surefire-booter-3.3.0.jar:3.3.0]
17:05:53.848 [main] ERROR org.apache.poi.openxml4j.opc.PackageRelationshipCollection - Cannot convert mailto:ALPA@#$%^245234534 in a valid relationship URI-> dummy-URI used
java.net.URISyntaxException: Malformed escape pair at index 14: mailto:ALPA@#$%^245234534
	at java.net.URI$Parser.fail(URI.java:2995) ~[?:?]
	at java.net.URI$Parser.scanEscape(URI.java:3123) ~[?:?]
	at java.net.URI$Parser.scan(URI.java:3146) ~[?:?]
	at java.net.URI$Parser.checkChars(URI.java:3164) ~[?:?]
	at java.net.URI$Parser.parse(URI.java:3210) ~[?:?]
	at java.net.URI.<init>(URI.java:645) ~[?:?]
	at org.apache.poi.openxml4j.opc.PackagingURIHelper.toURI(PackagingURIHelper.java:723) ~[poi-ooxml-5.2.2.jar:5.2.2]
	at org.apache.poi.openxml4j.opc.PackageRelationshipCollection.parseRelationshipsPart(PackageRelationshipCollection.java:358) ~[poi-ooxml-5.2.2.jar:5.2.2]
	at org.apache.poi.openxml4j.opc.PackageRelationshipCollection.<init>(PackageRelationshipCollection.java:160) ~[poi-ooxml-5.2.2.jar:5.2.2]
	at org.apache.poi.openxml4j.opc.PackageRelationshipCollection.<init>(PackageRelationshipCollection.java:130) ~[poi-ooxml-5.2.2.jar:5.2.2]
	at org.apache.poi.openxml4j.opc.PackagePart.loadRelationships(PackagePart.java:565) ~[poi-ooxml-5.2.2.jar:5.2.2]
	at org.apache.poi.openxml4j.opc.OPCPackage.getParts(OPCPackage.java:745) ~[poi-ooxml-5.2.2.jar:5.2.2]
	at org.apache.poi.openxml4j.opc.OPCPackage.open(OPCPackage.java:315) ~[poi-ooxml-5.2.2.jar:5.2.2]
	at org.apache.poi.ooxml.util.PackageHelper.open(PackageHelper.java:59) ~[poi-ooxml-5.2.2.jar:5.2.2]
	at org.apache.poi.xssf.usermodel.XSSFWorkbook.<init>(XSSFWorkbook.java:289) ~[poi-ooxml-5.2.2.jar:5.2.2]
	at org.apache.poi.xssf.usermodel.XSSFWorkbook.<init>(XSSFWorkbook.java:285) ~[poi-ooxml-5.2.2.jar:5.2.2]
	at com.MOFutility.API_Excelutilities.readServiceIdFromExcel(API_Excelutilities.java:20) ~[test-classes/:?]
	at com.MOF.constants.API_URL.<clinit>(API_URL.java:227) ~[test-classes/:?]
	at com.MOFapi.MOFapi.Fetchvalid_SingleService_ValidServiceid(MOFapi.java:4891) ~[test-classes/:?]
	at jdk.internal.reflect.DirectMethodHandleAccessor.invoke(DirectMethodHandleAccessor.java:103) ~[?:?]
	at java.lang.reflect.Method.invoke(Method.java:580) ~[?:?]
	at org.testng.internal.MethodInvocationHelper.invokeMethod(MethodInvocationHelper.java:124) ~[testng-6.14.3.jar:?]
	at org.testng.internal.Invoker.invokeMethod(Invoker.java:583) ~[testng-6.14.3.jar:?]
	at org.testng.internal.Invoker.invokeTestMethod(Invoker.java:719) ~[testng-6.14.3.jar:?]
	at org.testng.internal.Invoker.invokeTestMethods(Invoker.java:989) ~[testng-6.14.3.jar:?]
	at org.testng.internal.TestMethodWorker.invokeTestMethods(TestMethodWorker.java:125) ~[testng-6.14.3.jar:?]
	at org.testng.internal.TestMethodWorker.run(TestMethodWorker.java:109) ~[testng-6.14.3.jar:?]
	at org.testng.TestRunner.privateRun(TestRunner.java:648) ~[testng-6.14.3.jar:?]
	at org.testng.TestRunner.run(TestRunner.java:505) ~[testng-6.14.3.jar:?]
	at org.testng.SuiteRunner.runTest(SuiteRunner.java:455) ~[testng-6.14.3.jar:?]
	at org.testng.SuiteRunner.runSequentially(SuiteRunner.java:450) ~[testng-6.14.3.jar:?]
	at org.testng.SuiteRunner.privateRun(SuiteRunner.java:415) ~[testng-6.14.3.jar:?]
	at org.testng.SuiteRunner.run(SuiteRunner.java:364) ~[testng-6.14.3.jar:?]
	at org.testng.SuiteRunnerWorker.runSuite(SuiteRunnerWorker.java:52) ~[testng-6.14.3.jar:?]
	at org.testng.SuiteRunnerWorker.run(SuiteRunnerWorker.java:84) ~[testng-6.14.3.jar:?]
	at org.testng.TestNG.runSuitesSequentially(TestNG.java:1208) ~[testng-6.14.3.jar:?]
	at org.testng.TestNG.runSuitesLocally(TestNG.java:1137) ~[testng-6.14.3.jar:?]
	at org.testng.TestNG.runSuites(TestNG.java:1049) ~[testng-6.14.3.jar:?]
	at org.testng.TestNG.run(TestNG.java:1017) ~[testng-6.14.3.jar:?]
	at org.apache.maven.surefire.testng.TestNGExecutor.run(TestNGExecutor.java:308) ~[surefire-testng-3.3.0.jar:3.3.0]
	at org.apache.maven.surefire.testng.TestNGXmlTestSuite.execute(TestNGXmlTestSuite.java:71) ~[surefire-testng-3.3.0.jar:3.3.0]
	at org.apache.maven.surefire.testng.TestNGProvider.invoke(TestNGProvider.java:113) ~[surefire-testng-3.3.0.jar:3.3.0]
	at org.apache.maven.surefire.booter.ForkedBooter.runSuitesInProcess(ForkedBooter.java:385) ~[surefire-booter-3.3.0.jar:3.3.0]
	at org.apache.maven.surefire.booter.ForkedBooter.execute(ForkedBooter.java:162) ~[surefire-booter-3.3.0.jar:3.3.0]
	at org.apache.maven.surefire.booter.ForkedBooter.run(ForkedBooter.java:507) ~[surefire-booter-3.3.0.jar:3.3.0]
	at org.apache.maven.surefire.booter.ForkedBooter.main(ForkedBooter.java:495) ~[surefire-booter-3.3.0.jar:3.3.0]
17:05:53.848 [main] ERROR org.apache.poi.openxml4j.opc.PackageRelationshipCollection - Cannot convert mailto:ALPHAAAAAA@@@@@!@##$$$%12344 in a valid relationship URI-> dummy-URI used
java.net.URISyntaxException: Illegal character in fragment at index 25: mailto:ALPHAAAAAA@@@@@!@##$$$%12344
	at java.net.URI$Parser.fail(URI.java:2995) ~[?:?]
	at java.net.URI$Parser.checkChars(URI.java:3166) ~[?:?]
	at java.net.URI$Parser.parse(URI.java:3210) ~[?:?]
	at java.net.URI.<init>(URI.java:645) ~[?:?]
	at org.apache.poi.openxml4j.opc.PackagingURIHelper.toURI(PackagingURIHelper.java:723) ~[poi-ooxml-5.2.2.jar:5.2.2]
	at org.apache.poi.openxml4j.opc.PackageRelationshipCollection.parseRelationshipsPart(PackageRelationshipCollection.java:358) ~[poi-ooxml-5.2.2.jar:5.2.2]
	at org.apache.poi.openxml4j.opc.PackageRelationshipCollection.<init>(PackageRelationshipCollection.java:160) ~[poi-ooxml-5.2.2.jar:5.2.2]
	at org.apache.poi.openxml4j.opc.PackageRelationshipCollection.<init>(PackageRelationshipCollection.java:130) ~[poi-ooxml-5.2.2.jar:5.2.2]
	at org.apache.poi.openxml4j.opc.PackagePart.loadRelationships(PackagePart.java:565) ~[poi-ooxml-5.2.2.jar:5.2.2]
	at org.apache.poi.openxml4j.opc.OPCPackage.getParts(OPCPackage.java:745) ~[poi-ooxml-5.2.2.jar:5.2.2]
	at org.apache.poi.openxml4j.opc.OPCPackage.open(OPCPackage.java:315) ~[poi-ooxml-5.2.2.jar:5.2.2]
	at org.apache.poi.ooxml.util.PackageHelper.open(PackageHelper.java:59) ~[poi-ooxml-5.2.2.jar:5.2.2]
	at org.apache.poi.xssf.usermodel.XSSFWorkbook.<init>(XSSFWorkbook.java:289) ~[poi-ooxml-5.2.2.jar:5.2.2]
	at org.apache.poi.xssf.usermodel.XSSFWorkbook.<init>(XSSFWorkbook.java:285) ~[poi-ooxml-5.2.2.jar:5.2.2]
	at com.MOFutility.API_Excelutilities.readServiceIdFromExcel(API_Excelutilities.java:20) ~[test-classes/:?]
	at com.MOF.constants.API_URL.<clinit>(API_URL.java:227) ~[test-classes/:?]
	at com.MOFapi.MOFapi.Fetchvalid_SingleService_ValidServiceid(MOFapi.java:4891) ~[test-classes/:?]
	at jdk.internal.reflect.DirectMethodHandleAccessor.invoke(DirectMethodHandleAccessor.java:103) ~[?:?]
	at java.lang.reflect.Method.invoke(Method.java:580) ~[?:?]
	at org.testng.internal.MethodInvocationHelper.invokeMethod(MethodInvocationHelper.java:124) ~[testng-6.14.3.jar:?]
	at org.testng.internal.Invoker.invokeMethod(Invoker.java:583) ~[testng-6.14.3.jar:?]
	at org.testng.internal.Invoker.invokeTestMethod(Invoker.java:719) ~[testng-6.14.3.jar:?]
	at org.testng.internal.Invoker.invokeTestMethods(Invoker.java:989) ~[testng-6.14.3.jar:?]
	at org.testng.internal.TestMethodWorker.invokeTestMethods(TestMethodWorker.java:125) ~[testng-6.14.3.jar:?]
	at org.testng.internal.TestMethodWorker.run(TestMethodWorker.java:109) ~[testng-6.14.3.jar:?]
	at org.testng.TestRunner.privateRun(TestRunner.java:648) ~[testng-6.14.3.jar:?]
	at org.testng.TestRunner.run(TestRunner.java:505) ~[testng-6.14.3.jar:?]
	at org.testng.SuiteRunner.runTest(SuiteRunner.java:455) ~[testng-6.14.3.jar:?]
	at org.testng.SuiteRunner.runSequentially(SuiteRunner.java:450) ~[testng-6.14.3.jar:?]
	at org.testng.SuiteRunner.privateRun(SuiteRunner.java:415) ~[testng-6.14.3.jar:?]
	at org.testng.SuiteRunner.run(SuiteRunner.java:364) ~[testng-6.14.3.jar:?]
	at org.testng.SuiteRunnerWorker.runSuite(SuiteRunnerWorker.java:52) ~[testng-6.14.3.jar:?]
	at org.testng.SuiteRunnerWorker.run(SuiteRunnerWorker.java:84) ~[testng-6.14.3.jar:?]
	at org.testng.TestNG.runSuitesSequentially(TestNG.java:1208) ~[testng-6.14.3.jar:?]
	at org.testng.TestNG.runSuitesLocally(TestNG.java:1137) ~[testng-6.14.3.jar:?]
	at org.testng.TestNG.runSuites(TestNG.java:1049) ~[testng-6.14.3.jar:?]
	at org.testng.TestNG.run(TestNG.java:1017) ~[testng-6.14.3.jar:?]
	at org.apache.maven.surefire.testng.TestNGExecutor.run(TestNGExecutor.java:308) ~[surefire-testng-3.3.0.jar:3.3.0]
	at org.apache.maven.surefire.testng.TestNGXmlTestSuite.execute(TestNGXmlTestSuite.java:71) ~[surefire-testng-3.3.0.jar:3.3.0]
	at org.apache.maven.surefire.testng.TestNGProvider.invoke(TestNGProvider.java:113) ~[surefire-testng-3.3.0.jar:3.3.0]
	at org.apache.maven.surefire.booter.ForkedBooter.runSuitesInProcess(ForkedBooter.java:385) ~[surefire-booter-3.3.0.jar:3.3.0]
	at org.apache.maven.surefire.booter.ForkedBooter.execute(ForkedBooter.java:162) ~[surefire-booter-3.3.0.jar:3.3.0]
	at org.apache.maven.surefire.booter.ForkedBooter.run(ForkedBooter.java:507) ~[surefire-booter-3.3.0.jar:3.3.0]
	at org.apache.maven.surefire.booter.ForkedBooter.main(ForkedBooter.java:495) ~[surefire-booter-3.3.0.jar:3.3.0]
17:05:53.849 [main] ERROR org.apache.poi.openxml4j.opc.PackageRelationshipCollection - Cannot convert mailto:2343456378912@#&^*gvadhfbjnf in a valid relationship URI-> dummy-URI used
java.net.URISyntaxException: Illegal character in fragment at index 23: mailto:2343456378912@#&^*gvadhfbjnf
	at java.net.URI$Parser.fail(URI.java:2995) ~[?:?]
	at java.net.URI$Parser.checkChars(URI.java:3166) ~[?:?]
	at java.net.URI$Parser.parse(URI.java:3210) ~[?:?]
	at java.net.URI.<init>(URI.java:645) ~[?:?]
	at org.apache.poi.openxml4j.opc.PackagingURIHelper.toURI(PackagingURIHelper.java:723) ~[poi-ooxml-5.2.2.jar:5.2.2]
	at org.apache.poi.openxml4j.opc.PackageRelationshipCollection.parseRelationshipsPart(PackageRelationshipCollection.java:358) ~[poi-ooxml-5.2.2.jar:5.2.2]
	at org.apache.poi.openxml4j.opc.PackageRelationshipCollection.<init>(PackageRelationshipCollection.java:160) ~[poi-ooxml-5.2.2.jar:5.2.2]
	at org.apache.poi.openxml4j.opc.PackageRelationshipCollection.<init>(PackageRelationshipCollection.java:130) ~[poi-ooxml-5.2.2.jar:5.2.2]
	at org.apache.poi.openxml4j.opc.PackagePart.loadRelationships(PackagePart.java:565) ~[poi-ooxml-5.2.2.jar:5.2.2]
	at org.apache.poi.openxml4j.opc.OPCPackage.getParts(OPCPackage.java:745) ~[poi-ooxml-5.2.2.jar:5.2.2]
	at org.apache.poi.openxml4j.opc.OPCPackage.open(OPCPackage.java:315) ~[poi-ooxml-5.2.2.jar:5.2.2]
	at org.apache.poi.ooxml.util.PackageHelper.open(PackageHelper.java:59) ~[poi-ooxml-5.2.2.jar:5.2.2]
	at org.apache.poi.xssf.usermodel.XSSFWorkbook.<init>(XSSFWorkbook.java:289) ~[poi-ooxml-5.2.2.jar:5.2.2]
	at org.apache.poi.xssf.usermodel.XSSFWorkbook.<init>(XSSFWorkbook.java:285) ~[poi-ooxml-5.2.2.jar:5.2.2]
	at com.MOFutility.API_Excelutilities.readServiceIdFromExcel(API_Excelutilities.java:20) ~[test-classes/:?]
	at com.MOF.constants.API_URL.<clinit>(API_URL.java:227) ~[test-classes/:?]
	at com.MOFapi.MOFapi.Fetchvalid_SingleService_ValidServiceid(MOFapi.java:4891) ~[test-classes/:?]
	at jdk.internal.reflect.DirectMethodHandleAccessor.invoke(DirectMethodHandleAccessor.java:103) ~[?:?]
	at java.lang.reflect.Method.invoke(Method.java:580) ~[?:?]
	at org.testng.internal.MethodInvocationHelper.invokeMethod(MethodInvocationHelper.java:124) ~[testng-6.14.3.jar:?]
	at org.testng.internal.Invoker.invokeMethod(Invoker.java:583) ~[testng-6.14.3.jar:?]
	at org.testng.internal.Invoker.invokeTestMethod(Invoker.java:719) ~[testng-6.14.3.jar:?]
	at org.testng.internal.Invoker.invokeTestMethods(Invoker.java:989) ~[testng-6.14.3.jar:?]
	at org.testng.internal.TestMethodWorker.invokeTestMethods(TestMethodWorker.java:125) ~[testng-6.14.3.jar:?]
	at org.testng.internal.TestMethodWorker.run(TestMethodWorker.java:109) ~[testng-6.14.3.jar:?]
	at org.testng.TestRunner.privateRun(TestRunner.java:648) ~[testng-6.14.3.jar:?]
	at org.testng.TestRunner.run(TestRunner.java:505) ~[testng-6.14.3.jar:?]
	at org.testng.SuiteRunner.runTest(SuiteRunner.java:455) ~[testng-6.14.3.jar:?]
	at org.testng.SuiteRunner.runSequentially(SuiteRunner.java:450) ~[testng-6.14.3.jar:?]
	at org.testng.SuiteRunner.privateRun(SuiteRunner.java:415) ~[testng-6.14.3.jar:?]
	at org.testng.SuiteRunner.run(SuiteRunner.java:364) ~[testng-6.14.3.jar:?]
	at org.testng.SuiteRunnerWorker.runSuite(SuiteRunnerWorker.java:52) ~[testng-6.14.3.jar:?]
	at org.testng.SuiteRunnerWorker.run(SuiteRunnerWorker.java:84) ~[testng-6.14.3.jar:?]
	at org.testng.TestNG.runSuitesSequentially(TestNG.java:1208) ~[testng-6.14.3.jar:?]
	at org.testng.TestNG.runSuitesLocally(TestNG.java:1137) ~[testng-6.14.3.jar:?]
	at org.testng.TestNG.runSuites(TestNG.java:1049) ~[testng-6.14.3.jar:?]
	at org.testng.TestNG.run(TestNG.java:1017) ~[testng-6.14.3.jar:?]
	at org.apache.maven.surefire.testng.TestNGExecutor.run(TestNGExecutor.java:308) ~[surefire-testng-3.3.0.jar:3.3.0]
	at org.apache.maven.surefire.testng.TestNGXmlTestSuite.execute(TestNGXmlTestSuite.java:71) ~[surefire-testng-3.3.0.jar:3.3.0]
	at org.apache.maven.surefire.testng.TestNGProvider.invoke(TestNGProvider.java:113) ~[surefire-testng-3.3.0.jar:3.3.0]
	at org.apache.maven.surefire.booter.ForkedBooter.runSuitesInProcess(ForkedBooter.java:385) ~[surefire-booter-3.3.0.jar:3.3.0]
	at org.apache.maven.surefire.booter.ForkedBooter.execute(ForkedBooter.java:162) ~[surefire-booter-3.3.0.jar:3.3.0]
	at org.apache.maven.surefire.booter.ForkedBooter.run(ForkedBooter.java:507) ~[surefire-booter-3.3.0.jar:3.3.0]
	at org.apache.maven.surefire.booter.ForkedBooter.main(ForkedBooter.java:495) ~[surefire-booter-3.3.0.jar:3.3.0]
17:05:53.873 [main] ERROR org.apache.poi.openxml4j.opc.PackageRelationshipCollection - Cannot convert mailto:ALPA@#$%^245234534 in a valid relationship URI-> dummy-URI used
java.net.URISyntaxException: Malformed escape pair at index 14: mailto:ALPA@#$%^245234534
	at java.net.URI$Parser.fail(URI.java:2995) ~[?:?]
	at java.net.URI$Parser.scanEscape(URI.java:3123) ~[?:?]
	at java.net.URI$Parser.scan(URI.java:3146) ~[?:?]
	at java.net.URI$Parser.checkChars(URI.java:3164) ~[?:?]
	at java.net.URI$Parser.parse(URI.java:3210) ~[?:?]
	at java.net.URI.<init>(URI.java:645) ~[?:?]
	at org.apache.poi.openxml4j.opc.PackagingURIHelper.toURI(PackagingURIHelper.java:723) ~[poi-ooxml-5.2.2.jar:5.2.2]
	at org.apache.poi.openxml4j.opc.PackageRelationshipCollection.parseRelationshipsPart(PackageRelationshipCollection.java:358) ~[poi-ooxml-5.2.2.jar:5.2.2]
	at org.apache.poi.openxml4j.opc.PackageRelationshipCollection.<init>(PackageRelationshipCollection.java:160) ~[poi-ooxml-5.2.2.jar:5.2.2]
	at org.apache.poi.openxml4j.opc.PackageRelationshipCollection.<init>(PackageRelationshipCollection.java:130) ~[poi-ooxml-5.2.2.jar:5.2.2]
	at org.apache.poi.openxml4j.opc.PackagePart.loadRelationships(PackagePart.java:565) ~[poi-ooxml-5.2.2.jar:5.2.2]
	at org.apache.poi.openxml4j.opc.OPCPackage.getParts(OPCPackage.java:745) ~[poi-ooxml-5.2.2.jar:5.2.2]
	at org.apache.poi.openxml4j.opc.OPCPackage.open(OPCPackage.java:315) ~[poi-ooxml-5.2.2.jar:5.2.2]
	at org.apache.poi.ooxml.util.PackageHelper.open(PackageHelper.java:59) ~[poi-ooxml-5.2.2.jar:5.2.2]
	at org.apache.poi.xssf.usermodel.XSSFWorkbook.<init>(XSSFWorkbook.java:289) ~[poi-ooxml-5.2.2.jar:5.2.2]
	at org.apache.poi.xssf.usermodel.XSSFWorkbook.<init>(XSSFWorkbook.java:285) ~[poi-ooxml-5.2.2.jar:5.2.2]
	at com.MOFutility.API_Excelutilities.readServiceIdFromExcel(API_Excelutilities.java:20) ~[test-classes/:?]
	at com.MOF.constants.API_URL.<clinit>(API_URL.java:228) ~[test-classes/:?]
	at com.MOFapi.MOFapi.Fetchvalid_SingleService_ValidServiceid(MOFapi.java:4891) ~[test-classes/:?]
	at jdk.internal.reflect.DirectMethodHandleAccessor.invoke(DirectMethodHandleAccessor.java:103) ~[?:?]
	at java.lang.reflect.Method.invoke(Method.java:580) ~[?:?]
	at org.testng.internal.MethodInvocationHelper.invokeMethod(MethodInvocationHelper.java:124) ~[testng-6.14.3.jar:?]
	at org.testng.internal.Invoker.invokeMethod(Invoker.java:583) ~[testng-6.14.3.jar:?]
	at org.testng.internal.Invoker.invokeTestMethod(Invoker.java:719) ~[testng-6.14.3.jar:?]
	at org.testng.internal.Invoker.invokeTestMethods(Invoker.java:989) ~[testng-6.14.3.jar:?]
	at org.testng.internal.TestMethodWorker.invokeTestMethods(TestMethodWorker.java:125) ~[testng-6.14.3.jar:?]
	at org.testng.internal.TestMethodWorker.run(TestMethodWorker.java:109) ~[testng-6.14.3.jar:?]
	at org.testng.TestRunner.privateRun(TestRunner.java:648) ~[testng-6.14.3.jar:?]
	at org.testng.TestRunner.run(TestRunner.java:505) ~[testng-6.14.3.jar:?]
	at org.testng.SuiteRunner.runTest(SuiteRunner.java:455) ~[testng-6.14.3.jar:?]
	at org.testng.SuiteRunner.runSequentially(SuiteRunner.java:450) ~[testng-6.14.3.jar:?]
	at org.testng.SuiteRunner.privateRun(SuiteRunner.java:415) ~[testng-6.14.3.jar:?]
	at org.testng.SuiteRunner.run(SuiteRunner.java:364) ~[testng-6.14.3.jar:?]
	at org.testng.SuiteRunnerWorker.runSuite(SuiteRunnerWorker.java:52) ~[testng-6.14.3.jar:?]
	at org.testng.SuiteRunnerWorker.run(SuiteRunnerWorker.java:84) ~[testng-6.14.3.jar:?]
	at org.testng.TestNG.runSuitesSequentially(TestNG.java:1208) ~[testng-6.14.3.jar:?]
	at org.testng.TestNG.runSuitesLocally(TestNG.java:1137) ~[testng-6.14.3.jar:?]
	at org.testng.TestNG.runSuites(TestNG.java:1049) ~[testng-6.14.3.jar:?]
	at org.testng.TestNG.run(TestNG.java:1017) ~[testng-6.14.3.jar:?]
	at org.apache.maven.surefire.testng.TestNGExecutor.run(TestNGExecutor.java:308) ~[surefire-testng-3.3.0.jar:3.3.0]
	at org.apache.maven.surefire.testng.TestNGXmlTestSuite.execute(TestNGXmlTestSuite.java:71) ~[surefire-testng-3.3.0.jar:3.3.0]
	at org.apache.maven.surefire.testng.TestNGProvider.invoke(TestNGProvider.java:113) ~[surefire-testng-3.3.0.jar:3.3.0]
	at org.apache.maven.surefire.booter.ForkedBooter.runSuitesInProcess(ForkedBooter.java:385) ~[surefire-booter-3.3.0.jar:3.3.0]
	at org.apache.maven.surefire.booter.ForkedBooter.execute(ForkedBooter.java:162) ~[surefire-booter-3.3.0.jar:3.3.0]
	at org.apache.maven.surefire.booter.ForkedBooter.run(ForkedBooter.java:507) ~[surefire-booter-3.3.0.jar:3.3.0]
	at org.apache.maven.surefire.booter.ForkedBooter.main(ForkedBooter.java:495) ~[surefire-booter-3.3.0.jar:3.3.0]
17:05:53.874 [main] ERROR org.apache.poi.openxml4j.opc.PackageRelationshipCollection - Cannot convert mailto:ALPHAAAAAA@@@@@!@##$$$%12344 in a valid relationship URI-> dummy-URI used
java.net.URISyntaxException: Illegal character in fragment at index 25: mailto:ALPHAAAAAA@@@@@!@##$$$%12344
	at java.net.URI$Parser.fail(URI.java:2995) ~[?:?]
	at java.net.URI$Parser.checkChars(URI.java:3166) ~[?:?]
	at java.net.URI$Parser.parse(URI.java:3210) ~[?:?]
	at java.net.URI.<init>(URI.java:645) ~[?:?]
	at org.apache.poi.openxml4j.opc.PackagingURIHelper.toURI(PackagingURIHelper.java:723) ~[poi-ooxml-5.2.2.jar:5.2.2]
	at org.apache.poi.openxml4j.opc.PackageRelationshipCollection.parseRelationshipsPart(PackageRelationshipCollection.java:358) ~[poi-ooxml-5.2.2.jar:5.2.2]
	at org.apache.poi.openxml4j.opc.PackageRelationshipCollection.<init>(PackageRelationshipCollection.java:160) ~[poi-ooxml-5.2.2.jar:5.2.2]
	at org.apache.poi.openxml4j.opc.PackageRelationshipCollection.<init>(PackageRelationshipCollection.java:130) ~[poi-ooxml-5.2.2.jar:5.2.2]
	at org.apache.poi.openxml4j.opc.PackagePart.loadRelationships(PackagePart.java:565) ~[poi-ooxml-5.2.2.jar:5.2.2]
	at org.apache.poi.openxml4j.opc.OPCPackage.getParts(OPCPackage.java:745) ~[poi-ooxml-5.2.2.jar:5.2.2]
	at org.apache.poi.openxml4j.opc.OPCPackage.open(OPCPackage.java:315) ~[poi-ooxml-5.2.2.jar:5.2.2]
	at org.apache.poi.ooxml.util.PackageHelper.open(PackageHelper.java:59) ~[poi-ooxml-5.2.2.jar:5.2.2]
	at org.apache.poi.xssf.usermodel.XSSFWorkbook.<init>(XSSFWorkbook.java:289) ~[poi-ooxml-5.2.2.jar:5.2.2]
	at org.apache.poi.xssf.usermodel.XSSFWorkbook.<init>(XSSFWorkbook.java:285) ~[poi-ooxml-5.2.2.jar:5.2.2]
	at com.MOFutility.API_Excelutilities.readServiceIdFromExcel(API_Excelutilities.java:20) ~[test-classes/:?]
	at com.MOF.constants.API_URL.<clinit>(API_URL.java:228) ~[test-classes/:?]
	at com.MOFapi.MOFapi.Fetchvalid_SingleService_ValidServiceid(MOFapi.java:4891) ~[test-classes/:?]
	at jdk.internal.reflect.DirectMethodHandleAccessor.invoke(DirectMethodHandleAccessor.java:103) ~[?:?]
	at java.lang.reflect.Method.invoke(Method.java:580) ~[?:?]
	at org.testng.internal.MethodInvocationHelper.invokeMethod(MethodInvocationHelper.java:124) ~[testng-6.14.3.jar:?]
	at org.testng.internal.Invoker.invokeMethod(Invoker.java:583) ~[testng-6.14.3.jar:?]
	at org.testng.internal.Invoker.invokeTestMethod(Invoker.java:719) ~[testng-6.14.3.jar:?]
	at org.testng.internal.Invoker.invokeTestMethods(Invoker.java:989) ~[testng-6.14.3.jar:?]
	at org.testng.internal.TestMethodWorker.invokeTestMethods(TestMethodWorker.java:125) ~[testng-6.14.3.jar:?]
	at org.testng.internal.TestMethodWorker.run(TestMethodWorker.java:109) ~[testng-6.14.3.jar:?]
	at org.testng.TestRunner.privateRun(TestRunner.java:648) ~[testng-6.14.3.jar:?]
	at org.testng.TestRunner.run(TestRunner.java:505) ~[testng-6.14.3.jar:?]
	at org.testng.SuiteRunner.runTest(SuiteRunner.java:455) ~[testng-6.14.3.jar:?]
	at org.testng.SuiteRunner.runSequentially(SuiteRunner.java:450) ~[testng-6.14.3.jar:?]
	at org.testng.SuiteRunner.privateRun(SuiteRunner.java:415) ~[testng-6.14.3.jar:?]
	at org.testng.SuiteRunner.run(SuiteRunner.java:364) ~[testng-6.14.3.jar:?]
	at org.testng.SuiteRunnerWorker.runSuite(SuiteRunnerWorker.java:52) ~[testng-6.14.3.jar:?]
	at org.testng.SuiteRunnerWorker.run(SuiteRunnerWorker.java:84) ~[testng-6.14.3.jar:?]
	at org.testng.TestNG.runSuitesSequentially(TestNG.java:1208) ~[testng-6.14.3.jar:?]
	at org.testng.TestNG.runSuitesLocally(TestNG.java:1137) ~[testng-6.14.3.jar:?]
	at org.testng.TestNG.runSuites(TestNG.java:1049) ~[testng-6.14.3.jar:?]
	at org.testng.TestNG.run(TestNG.java:1017) ~[testng-6.14.3.jar:?]
	at org.apache.maven.surefire.testng.TestNGExecutor.run(TestNGExecutor.java:308) ~[surefire-testng-3.3.0.jar:3.3.0]
	at org.apache.maven.surefire.testng.TestNGXmlTestSuite.execute(TestNGXmlTestSuite.java:71) ~[surefire-testng-3.3.0.jar:3.3.0]
	at org.apache.maven.surefire.testng.TestNGProvider.invoke(TestNGProvider.java:113) ~[surefire-testng-3.3.0.jar:3.3.0]
	at org.apache.maven.surefire.booter.ForkedBooter.runSuitesInProcess(ForkedBooter.java:385) ~[surefire-booter-3.3.0.jar:3.3.0]
	at org.apache.maven.surefire.booter.ForkedBooter.execute(ForkedBooter.java:162) ~[surefire-booter-3.3.0.jar:3.3.0]
	at org.apache.maven.surefire.booter.ForkedBooter.run(ForkedBooter.java:507) ~[surefire-booter-3.3.0.jar:3.3.0]
	at org.apache.maven.surefire.booter.ForkedBooter.main(ForkedBooter.java:495) ~[surefire-booter-3.3.0.jar:3.3.0]
17:05:53.875 [main] ERROR org.apache.poi.openxml4j.opc.PackageRelationshipCollection - Cannot convert mailto:2343456378912@#&^*gvadhfbjnf in a valid relationship URI-> dummy-URI used
java.net.URISyntaxException: Illegal character in fragment at index 23: mailto:2343456378912@#&^*gvadhfbjnf
	at java.net.URI$Parser.fail(URI.java:2995) ~[?:?]
	at java.net.URI$Parser.checkChars(URI.java:3166) ~[?:?]
	at java.net.URI$Parser.parse(URI.java:3210) ~[?:?]
	at java.net.URI.<init>(URI.java:645) ~[?:?]
	at org.apache.poi.openxml4j.opc.PackagingURIHelper.toURI(PackagingURIHelper.java:723) ~[poi-ooxml-5.2.2.jar:5.2.2]
	at org.apache.poi.openxml4j.opc.PackageRelationshipCollection.parseRelationshipsPart(PackageRelationshipCollection.java:358) ~[poi-ooxml-5.2.2.jar:5.2.2]
	at org.apache.poi.openxml4j.opc.PackageRelationshipCollection.<init>(PackageRelationshipCollection.java:160) ~[poi-ooxml-5.2.2.jar:5.2.2]
	at org.apache.poi.openxml4j.opc.PackageRelationshipCollection.<init>(PackageRelationshipCollection.java:130) ~[poi-ooxml-5.2.2.jar:5.2.2]
	at org.apache.poi.openxml4j.opc.PackagePart.loadRelationships(PackagePart.java:565) ~[poi-ooxml-5.2.2.jar:5.2.2]
	at org.apache.poi.openxml4j.opc.OPCPackage.getParts(OPCPackage.java:745) ~[poi-ooxml-5.2.2.jar:5.2.2]
	at org.apache.poi.openxml4j.opc.OPCPackage.open(OPCPackage.java:315) ~[poi-ooxml-5.2.2.jar:5.2.2]
	at org.apache.poi.ooxml.util.PackageHelper.open(PackageHelper.java:59) ~[poi-ooxml-5.2.2.jar:5.2.2]
	at org.apache.poi.xssf.usermodel.XSSFWorkbook.<init>(XSSFWorkbook.java:289) ~[poi-ooxml-5.2.2.jar:5.2.2]
	at org.apache.poi.xssf.usermodel.XSSFWorkbook.<init>(XSSFWorkbook.java:285) ~[poi-ooxml-5.2.2.jar:5.2.2]
	at com.MOFutility.API_Excelutilities.readServiceIdFromExcel(API_Excelutilities.java:20) ~[test-classes/:?]
	at com.MOF.constants.API_URL.<clinit>(API_URL.java:228) ~[test-classes/:?]
	at com.MOFapi.MOFapi.Fetchvalid_SingleService_ValidServiceid(MOFapi.java:4891) ~[test-classes/:?]
	at jdk.internal.reflect.DirectMethodHandleAccessor.invoke(DirectMethodHandleAccessor.java:103) ~[?:?]
	at java.lang.reflect.Method.invoke(Method.java:580) ~[?:?]
	at org.testng.internal.MethodInvocationHelper.invokeMethod(MethodInvocationHelper.java:124) ~[testng-6.14.3.jar:?]
	at org.testng.internal.Invoker.invokeMethod(Invoker.java:583) ~[testng-6.14.3.jar:?]
	at org.testng.internal.Invoker.invokeTestMethod(Invoker.java:719) ~[testng-6.14.3.jar:?]
	at org.testng.internal.Invoker.invokeTestMethods(Invoker.java:989) ~[testng-6.14.3.jar:?]
	at org.testng.internal.TestMethodWorker.invokeTestMethods(TestMethodWorker.java:125) ~[testng-6.14.3.jar:?]
	at org.testng.internal.TestMethodWorker.run(TestMethodWorker.java:109) ~[testng-6.14.3.jar:?]
	at org.testng.TestRunner.privateRun(TestRunner.java:648) ~[testng-6.14.3.jar:?]
	at org.testng.TestRunner.run(TestRunner.java:505) ~[testng-6.14.3.jar:?]
	at org.testng.SuiteRunner.runTest(SuiteRunner.java:455) ~[testng-6.14.3.jar:?]
	at org.testng.SuiteRunner.runSequentially(SuiteRunner.java:450) ~[testng-6.14.3.jar:?]
	at org.testng.SuiteRunner.privateRun(SuiteRunner.java:415) ~[testng-6.14.3.jar:?]
	at org.testng.SuiteRunner.run(SuiteRunner.java:364) ~[testng-6.14.3.jar:?]
	at org.testng.SuiteRunnerWorker.runSuite(SuiteRunnerWorker.java:52) ~[testng-6.14.3.jar:?]
	at org.testng.SuiteRunnerWorker.run(SuiteRunnerWorker.java:84) ~[testng-6.14.3.jar:?]
	at org.testng.TestNG.runSuitesSequentially(TestNG.java:1208) ~[testng-6.14.3.jar:?]
	at org.testng.TestNG.runSuitesLocally(TestNG.java:1137) ~[testng-6.14.3.jar:?]
	at org.testng.TestNG.runSuites(TestNG.java:1049) ~[testng-6.14.3.jar:?]
	at org.testng.TestNG.run(TestNG.java:1017) ~[testng-6.14.3.jar:?]
	at org.apache.maven.surefire.testng.TestNGExecutor.run(TestNGExecutor.java:308) ~[surefire-testng-3.3.0.jar:3.3.0]
	at org.apache.maven.surefire.testng.TestNGXmlTestSuite.execute(TestNGXmlTestSuite.java:71) ~[surefire-testng-3.3.0.jar:3.3.0]
	at org.apache.maven.surefire.testng.TestNGProvider.invoke(TestNGProvider.java:113) ~[surefire-testng-3.3.0.jar:3.3.0]
	at org.apache.maven.surefire.booter.ForkedBooter.runSuitesInProcess(ForkedBooter.java:385) ~[surefire-booter-3.3.0.jar:3.3.0]
	at org.apache.maven.surefire.booter.ForkedBooter.execute(ForkedBooter.java:162) ~[surefire-booter-3.3.0.jar:3.3.0]
	at org.apache.maven.surefire.booter.ForkedBooter.run(ForkedBooter.java:507) ~[surefire-booter-3.3.0.jar:3.3.0]
	at org.apache.maven.surefire.booter.ForkedBooter.main(ForkedBooter.java:495) ~[surefire-booter-3.3.0.jar:3.3.0]
17:05:53.900 [main] ERROR org.apache.poi.openxml4j.opc.PackageRelationshipCollection - Cannot convert mailto:ALPA@#$%^245234534 in a valid relationship URI-> dummy-URI used
java.net.URISyntaxException: Malformed escape pair at index 14: mailto:ALPA@#$%^245234534
	at java.net.URI$Parser.fail(URI.java:2995) ~[?:?]
	at java.net.URI$Parser.scanEscape(URI.java:3123) ~[?:?]
	at java.net.URI$Parser.scan(URI.java:3146) ~[?:?]
	at java.net.URI$Parser.checkChars(URI.java:3164) ~[?:?]
	at java.net.URI$Parser.parse(URI.java:3210) ~[?:?]
	at java.net.URI.<init>(URI.java:645) ~[?:?]
	at org.apache.poi.openxml4j.opc.PackagingURIHelper.toURI(PackagingURIHelper.java:723) ~[poi-ooxml-5.2.2.jar:5.2.2]
	at org.apache.poi.openxml4j.opc.PackageRelationshipCollection.parseRelationshipsPart(PackageRelationshipCollection.java:358) ~[poi-ooxml-5.2.2.jar:5.2.2]
	at org.apache.poi.openxml4j.opc.PackageRelationshipCollection.<init>(PackageRelationshipCollection.java:160) ~[poi-ooxml-5.2.2.jar:5.2.2]
	at org.apache.poi.openxml4j.opc.PackageRelationshipCollection.<init>(PackageRelationshipCollection.java:130) ~[poi-ooxml-5.2.2.jar:5.2.2]
	at org.apache.poi.openxml4j.opc.PackagePart.loadRelationships(PackagePart.java:565) ~[poi-ooxml-5.2.2.jar:5.2.2]
	at org.apache.poi.openxml4j.opc.OPCPackage.getParts(OPCPackage.java:745) ~[poi-ooxml-5.2.2.jar:5.2.2]
	at org.apache.poi.openxml4j.opc.OPCPackage.open(OPCPackage.java:315) ~[poi-ooxml-5.2.2.jar:5.2.2]
	at org.apache.poi.ooxml.util.PackageHelper.open(PackageHelper.java:59) ~[poi-ooxml-5.2.2.jar:5.2.2]
	at org.apache.poi.xssf.usermodel.XSSFWorkbook.<init>(XSSFWorkbook.java:289) ~[poi-ooxml-5.2.2.jar:5.2.2]
	at org.apache.poi.xssf.usermodel.XSSFWorkbook.<init>(XSSFWorkbook.java:285) ~[poi-ooxml-5.2.2.jar:5.2.2]
	at com.MOFutility.API_Excelutilities.readServiceIdFromExcel(API_Excelutilities.java:20) ~[test-classes/:?]
	at com.MOF.constants.API_URL.<clinit>(API_URL.java:229) ~[test-classes/:?]
	at com.MOFapi.MOFapi.Fetchvalid_SingleService_ValidServiceid(MOFapi.java:4891) ~[test-classes/:?]
	at jdk.internal.reflect.DirectMethodHandleAccessor.invoke(DirectMethodHandleAccessor.java:103) ~[?:?]
	at java.lang.reflect.Method.invoke(Method.java:580) ~[?:?]
	at org.testng.internal.MethodInvocationHelper.invokeMethod(MethodInvocationHelper.java:124) ~[testng-6.14.3.jar:?]
	at org.testng.internal.Invoker.invokeMethod(Invoker.java:583) ~[testng-6.14.3.jar:?]
	at org.testng.internal.Invoker.invokeTestMethod(Invoker.java:719) ~[testng-6.14.3.jar:?]
	at org.testng.internal.Invoker.invokeTestMethods(Invoker.java:989) ~[testng-6.14.3.jar:?]
	at org.testng.internal.TestMethodWorker.invokeTestMethods(TestMethodWorker.java:125) ~[testng-6.14.3.jar:?]
	at org.testng.internal.TestMethodWorker.run(TestMethodWorker.java:109) ~[testng-6.14.3.jar:?]
	at org.testng.TestRunner.privateRun(TestRunner.java:648) ~[testng-6.14.3.jar:?]
	at org.testng.TestRunner.run(TestRunner.java:505) ~[testng-6.14.3.jar:?]
	at org.testng.SuiteRunner.runTest(SuiteRunner.java:455) ~[testng-6.14.3.jar:?]
	at org.testng.SuiteRunner.runSequentially(SuiteRunner.java:450) ~[testng-6.14.3.jar:?]
	at org.testng.SuiteRunner.privateRun(SuiteRunner.java:415) ~[testng-6.14.3.jar:?]
	at org.testng.SuiteRunner.run(SuiteRunner.java:364) ~[testng-6.14.3.jar:?]
	at org.testng.SuiteRunnerWorker.runSuite(SuiteRunnerWorker.java:52) ~[testng-6.14.3.jar:?]
	at org.testng.SuiteRunnerWorker.run(SuiteRunnerWorker.java:84) ~[testng-6.14.3.jar:?]
	at org.testng.TestNG.runSuitesSequentially(TestNG.java:1208) ~[testng-6.14.3.jar:?]
	at org.testng.TestNG.runSuitesLocally(TestNG.java:1137) ~[testng-6.14.3.jar:?]
	at org.testng.TestNG.runSuites(TestNG.java:1049) ~[testng-6.14.3.jar:?]
	at org.testng.TestNG.run(TestNG.java:1017) ~[testng-6.14.3.jar:?]
	at org.apache.maven.surefire.testng.TestNGExecutor.run(TestNGExecutor.java:308) ~[surefire-testng-3.3.0.jar:3.3.0]
	at org.apache.maven.surefire.testng.TestNGXmlTestSuite.execute(TestNGXmlTestSuite.java:71) ~[surefire-testng-3.3.0.jar:3.3.0]
	at org.apache.maven.surefire.testng.TestNGProvider.invoke(TestNGProvider.java:113) ~[surefire-testng-3.3.0.jar:3.3.0]
	at org.apache.maven.surefire.booter.ForkedBooter.runSuitesInProcess(ForkedBooter.java:385) ~[surefire-booter-3.3.0.jar:3.3.0]
	at org.apache.maven.surefire.booter.ForkedBooter.execute(ForkedBooter.java:162) ~[surefire-booter-3.3.0.jar:3.3.0]
	at org.apache.maven.surefire.booter.ForkedBooter.run(ForkedBooter.java:507) ~[surefire-booter-3.3.0.jar:3.3.0]
	at org.apache.maven.surefire.booter.ForkedBooter.main(ForkedBooter.java:495) ~[surefire-booter-3.3.0.jar:3.3.0]
17:05:53.901 [main] ERROR org.apache.poi.openxml4j.opc.PackageRelationshipCollection - Cannot convert mailto:ALPHAAAAAA@@@@@!@##$$$%12344 in a valid relationship URI-> dummy-URI used
java.net.URISyntaxException: Illegal character in fragment at index 25: mailto:ALPHAAAAAA@@@@@!@##$$$%12344
	at java.net.URI$Parser.fail(URI.java:2995) ~[?:?]
	at java.net.URI$Parser.checkChars(URI.java:3166) ~[?:?]
	at java.net.URI$Parser.parse(URI.java:3210) ~[?:?]
	at java.net.URI.<init>(URI.java:645) ~[?:?]
	at org.apache.poi.openxml4j.opc.PackagingURIHelper.toURI(PackagingURIHelper.java:723) ~[poi-ooxml-5.2.2.jar:5.2.2]
	at org.apache.poi.openxml4j.opc.PackageRelationshipCollection.parseRelationshipsPart(PackageRelationshipCollection.java:358) ~[poi-ooxml-5.2.2.jar:5.2.2]
	at org.apache.poi.openxml4j.opc.PackageRelationshipCollection.<init>(PackageRelationshipCollection.java:160) ~[poi-ooxml-5.2.2.jar:5.2.2]
	at org.apache.poi.openxml4j.opc.PackageRelationshipCollection.<init>(PackageRelationshipCollection.java:130) ~[poi-ooxml-5.2.2.jar:5.2.2]
	at org.apache.poi.openxml4j.opc.PackagePart.loadRelationships(PackagePart.java:565) ~[poi-ooxml-5.2.2.jar:5.2.2]
	at org.apache.poi.openxml4j.opc.OPCPackage.getParts(OPCPackage.java:745) ~[poi-ooxml-5.2.2.jar:5.2.2]
	at org.apache.poi.openxml4j.opc.OPCPackage.open(OPCPackage.java:315) ~[poi-ooxml-5.2.2.jar:5.2.2]
	at org.apache.poi.ooxml.util.PackageHelper.open(PackageHelper.java:59) ~[poi-ooxml-5.2.2.jar:5.2.2]
	at org.apache.poi.xssf.usermodel.XSSFWorkbook.<init>(XSSFWorkbook.java:289) ~[poi-ooxml-5.2.2.jar:5.2.2]
	at org.apache.poi.xssf.usermodel.XSSFWorkbook.<init>(XSSFWorkbook.java:285) ~[poi-ooxml-5.2.2.jar:5.2.2]
	at com.MOFutility.API_Excelutilities.readServiceIdFromExcel(API_Excelutilities.java:20) ~[test-classes/:?]
	at com.MOF.constants.API_URL.<clinit>(API_URL.java:229) ~[test-classes/:?]
	at com.MOFapi.MOFapi.Fetchvalid_SingleService_ValidServiceid(MOFapi.java:4891) ~[test-classes/:?]
	at jdk.internal.reflect.DirectMethodHandleAccessor.invoke(DirectMethodHandleAccessor.java:103) ~[?:?]
	at java.lang.reflect.Method.invoke(Method.java:580) ~[?:?]
	at org.testng.internal.MethodInvocationHelper.invokeMethod(MethodInvocationHelper.java:124) ~[testng-6.14.3.jar:?]
	at org.testng.internal.Invoker.invokeMethod(Invoker.java:583) ~[testng-6.14.3.jar:?]
	at org.testng.internal.Invoker.invokeTestMethod(Invoker.java:719) ~[testng-6.14.3.jar:?]
	at org.testng.internal.Invoker.invokeTestMethods(Invoker.java:989) ~[testng-6.14.3.jar:?]
	at org.testng.internal.TestMethodWorker.invokeTestMethods(TestMethodWorker.java:125) ~[testng-6.14.3.jar:?]
	at org.testng.internal.TestMethodWorker.run(TestMethodWorker.java:109) ~[testng-6.14.3.jar:?]
	at org.testng.TestRunner.privateRun(TestRunner.java:648) ~[testng-6.14.3.jar:?]
	at org.testng.TestRunner.run(TestRunner.java:505) ~[testng-6.14.3.jar:?]
	at org.testng.SuiteRunner.runTest(SuiteRunner.java:455) ~[testng-6.14.3.jar:?]
	at org.testng.SuiteRunner.runSequentially(SuiteRunner.java:450) ~[testng-6.14.3.jar:?]
	at org.testng.SuiteRunner.privateRun(SuiteRunner.java:415) ~[testng-6.14.3.jar:?]
	at org.testng.SuiteRunner.run(SuiteRunner.java:364) ~[testng-6.14.3.jar:?]
	at org.testng.SuiteRunnerWorker.runSuite(SuiteRunnerWorker.java:52) ~[testng-6.14.3.jar:?]
	at org.testng.SuiteRunnerWorker.run(SuiteRunnerWorker.java:84) ~[testng-6.14.3.jar:?]
	at org.testng.TestNG.runSuitesSequentially(TestNG.java:1208) ~[testng-6.14.3.jar:?]
	at org.testng.TestNG.runSuitesLocally(TestNG.java:1137) ~[testng-6.14.3.jar:?]
	at org.testng.TestNG.runSuites(TestNG.java:1049) ~[testng-6.14.3.jar:?]
	at org.testng.TestNG.run(TestNG.java:1017) ~[testng-6.14.3.jar:?]
	at org.apache.maven.surefire.testng.TestNGExecutor.run(TestNGExecutor.java:308) ~[surefire-testng-3.3.0.jar:3.3.0]
	at org.apache.maven.surefire.testng.TestNGXmlTestSuite.execute(TestNGXmlTestSuite.java:71) ~[surefire-testng-3.3.0.jar:3.3.0]
	at org.apache.maven.surefire.testng.TestNGProvider.invoke(TestNGProvider.java:113) ~[surefire-testng-3.3.0.jar:3.3.0]
	at org.apache.maven.surefire.booter.ForkedBooter.runSuitesInProcess(ForkedBooter.java:385) ~[surefire-booter-3.3.0.jar:3.3.0]
	at org.apache.maven.surefire.booter.ForkedBooter.execute(ForkedBooter.java:162) ~[surefire-booter-3.3.0.jar:3.3.0]
	at org.apache.maven.surefire.booter.ForkedBooter.run(ForkedBooter.java:507) ~[surefire-booter-3.3.0.jar:3.3.0]
	at org.apache.maven.surefire.booter.ForkedBooter.main(ForkedBooter.java:495) ~[surefire-booter-3.3.0.jar:3.3.0]
17:05:53.902 [main] ERROR org.apache.poi.openxml4j.opc.PackageRelationshipCollection - Cannot convert mailto:2343456378912@#&^*gvadhfbjnf in a valid relationship URI-> dummy-URI used
java.net.URISyntaxException: Illegal character in fragment at index 23: mailto:2343456378912@#&^*gvadhfbjnf
	at java.net.URI$Parser.fail(URI.java:2995) ~[?:?]
	at java.net.URI$Parser.checkChars(URI.java:3166) ~[?:?]
	at java.net.URI$Parser.parse(URI.java:3210) ~[?:?]
	at java.net.URI.<init>(URI.java:645) ~[?:?]
	at org.apache.poi.openxml4j.opc.PackagingURIHelper.toURI(PackagingURIHelper.java:723) ~[poi-ooxml-5.2.2.jar:5.2.2]
	at org.apache.poi.openxml4j.opc.PackageRelationshipCollection.parseRelationshipsPart(PackageRelationshipCollection.java:358) ~[poi-ooxml-5.2.2.jar:5.2.2]
	at org.apache.poi.openxml4j.opc.PackageRelationshipCollection.<init>(PackageRelationshipCollection.java:160) ~[poi-ooxml-5.2.2.jar:5.2.2]
	at org.apache.poi.openxml4j.opc.PackageRelationshipCollection.<init>(PackageRelationshipCollection.java:130) ~[poi-ooxml-5.2.2.jar:5.2.2]
	at org.apache.poi.openxml4j.opc.PackagePart.loadRelationships(PackagePart.java:565) ~[poi-ooxml-5.2.2.jar:5.2.2]
	at org.apache.poi.openxml4j.opc.OPCPackage.getParts(OPCPackage.java:745) ~[poi-ooxml-5.2.2.jar:5.2.2]
	at org.apache.poi.openxml4j.opc.OPCPackage.open(OPCPackage.java:315) ~[poi-ooxml-5.2.2.jar:5.2.2]
	at org.apache.poi.ooxml.util.PackageHelper.open(PackageHelper.java:59) ~[poi-ooxml-5.2.2.jar:5.2.2]
	at org.apache.poi.xssf.usermodel.XSSFWorkbook.<init>(XSSFWorkbook.java:289) ~[poi-ooxml-5.2.2.jar:5.2.2]
	at org.apache.poi.xssf.usermodel.XSSFWorkbook.<init>(XSSFWorkbook.java:285) ~[poi-ooxml-5.2.2.jar:5.2.2]
	at com.MOFutility.API_Excelutilities.readServiceIdFromExcel(API_Excelutilities.java:20) ~[test-classes/:?]
	at com.MOF.constants.API_URL.<clinit>(API_URL.java:229) ~[test-classes/:?]
	at com.MOFapi.MOFapi.Fetchvalid_SingleService_ValidServiceid(MOFapi.java:4891) ~[test-classes/:?]
	at jdk.internal.reflect.DirectMethodHandleAccessor.invoke(DirectMethodHandleAccessor.java:103) ~[?:?]
	at java.lang.reflect.Method.invoke(Method.java:580) ~[?:?]
	at org.testng.internal.MethodInvocationHelper.invokeMethod(MethodInvocationHelper.java:124) ~[testng-6.14.3.jar:?]
	at org.testng.internal.Invoker.invokeMethod(Invoker.java:583) ~[testng-6.14.3.jar:?]
	at org.testng.internal.Invoker.invokeTestMethod(Invoker.java:719) ~[testng-6.14.3.jar:?]
	at org.testng.internal.Invoker.invokeTestMethods(Invoker.java:989) ~[testng-6.14.3.jar:?]
	at org.testng.internal.TestMethodWorker.invokeTestMethods(TestMethodWorker.java:125) ~[testng-6.14.3.jar:?]
	at org.testng.internal.TestMethodWorker.run(TestMethodWorker.java:109) ~[testng-6.14.3.jar:?]
	at org.testng.TestRunner.privateRun(TestRunner.java:648) ~[testng-6.14.3.jar:?]
	at org.testng.TestRunner.run(TestRunner.java:505) ~[testng-6.14.3.jar:?]
	at org.testng.SuiteRunner.runTest(SuiteRunner.java:455) ~[testng-6.14.3.jar:?]
	at org.testng.SuiteRunner.runSequentially(SuiteRunner.java:450) ~[testng-6.14.3.jar:?]
	at org.testng.SuiteRunner.privateRun(SuiteRunner.java:415) ~[testng-6.14.3.jar:?]
	at org.testng.SuiteRunner.run(SuiteRunner.java:364) ~[testng-6.14.3.jar:?]
	at org.testng.SuiteRunnerWorker.runSuite(SuiteRunnerWorker.java:52) ~[testng-6.14.3.jar:?]
	at org.testng.SuiteRunnerWorker.run(SuiteRunnerWorker.java:84) ~[testng-6.14.3.jar:?]
	at org.testng.TestNG.runSuitesSequentially(TestNG.java:1208) ~[testng-6.14.3.jar:?]
	at org.testng.TestNG.runSuitesLocally(TestNG.java:1137) ~[testng-6.14.3.jar:?]
	at org.testng.TestNG.runSuites(TestNG.java:1049) ~[testng-6.14.3.jar:?]
	at org.testng.TestNG.run(TestNG.java:1017) ~[testng-6.14.3.jar:?]
	at org.apache.maven.surefire.testng.TestNGExecutor.run(TestNGExecutor.java:308) ~[surefire-testng-3.3.0.jar:3.3.0]
	at org.apache.maven.surefire.testng.TestNGXmlTestSuite.execute(TestNGXmlTestSuite.java:71) ~[surefire-testng-3.3.0.jar:3.3.0]
	at org.apache.maven.surefire.testng.TestNGProvider.invoke(TestNGProvider.java:113) ~[surefire-testng-3.3.0.jar:3.3.0]
	at org.apache.maven.surefire.booter.ForkedBooter.runSuitesInProcess(ForkedBooter.java:385) ~[surefire-booter-3.3.0.jar:3.3.0]
	at org.apache.maven.surefire.booter.ForkedBooter.execute(ForkedBooter.java:162) ~[surefire-booter-3.3.0.jar:3.3.0]
	at org.apache.maven.surefire.booter.ForkedBooter.run(ForkedBooter.java:507) ~[surefire-booter-3.3.0.jar:3.3.0]
	at org.apache.maven.surefire.booter.ForkedBooter.main(ForkedBooter.java:495) ~[surefire-booter-3.3.0.jar:3.3.0]
17:05:53.929 [main] ERROR org.apache.poi.openxml4j.opc.PackageRelationshipCollection - Cannot convert mailto:ALPA@#$%^245234534 in a valid relationship URI-> dummy-URI used
java.net.URISyntaxException: Malformed escape pair at index 14: mailto:ALPA@#$%^245234534
	at java.net.URI$Parser.fail(URI.java:2995) ~[?:?]
	at java.net.URI$Parser.scanEscape(URI.java:3123) ~[?:?]
	at java.net.URI$Parser.scan(URI.java:3146) ~[?:?]
	at java.net.URI$Parser.checkChars(URI.java:3164) ~[?:?]
	at java.net.URI$Parser.parse(URI.java:3210) ~[?:?]
	at java.net.URI.<init>(URI.java:645) ~[?:?]
	at org.apache.poi.openxml4j.opc.PackagingURIHelper.toURI(PackagingURIHelper.java:723) ~[poi-ooxml-5.2.2.jar:5.2.2]
	at org.apache.poi.openxml4j.opc.PackageRelationshipCollection.parseRelationshipsPart(PackageRelationshipCollection.java:358) ~[poi-ooxml-5.2.2.jar:5.2.2]
	at org.apache.poi.openxml4j.opc.PackageRelationshipCollection.<init>(PackageRelationshipCollection.java:160) ~[poi-ooxml-5.2.2.jar:5.2.2]
	at org.apache.poi.openxml4j.opc.PackageRelationshipCollection.<init>(PackageRelationshipCollection.java:130) ~[poi-ooxml-5.2.2.jar:5.2.2]
	at org.apache.poi.openxml4j.opc.PackagePart.loadRelationships(PackagePart.java:565) ~[poi-ooxml-5.2.2.jar:5.2.2]
	at org.apache.poi.openxml4j.opc.OPCPackage.getParts(OPCPackage.java:745) ~[poi-ooxml-5.2.2.jar:5.2.2]
	at org.apache.poi.openxml4j.opc.OPCPackage.open(OPCPackage.java:315) ~[poi-ooxml-5.2.2.jar:5.2.2]
	at org.apache.poi.ooxml.util.PackageHelper.open(PackageHelper.java:59) ~[poi-ooxml-5.2.2.jar:5.2.2]
	at org.apache.poi.xssf.usermodel.XSSFWorkbook.<init>(XSSFWorkbook.java:289) ~[poi-ooxml-5.2.2.jar:5.2.2]
	at org.apache.poi.xssf.usermodel.XSSFWorkbook.<init>(XSSFWorkbook.java:285) ~[poi-ooxml-5.2.2.jar:5.2.2]
	at com.MOFutility.API_Excelutilities.readServiceIdFromExcel(API_Excelutilities.java:20) ~[test-classes/:?]
	at com.MOF.constants.API_URL.<clinit>(API_URL.java:231) ~[test-classes/:?]
	at com.MOFapi.MOFapi.Fetchvalid_SingleService_ValidServiceid(MOFapi.java:4891) ~[test-classes/:?]
	at jdk.internal.reflect.DirectMethodHandleAccessor.invoke(DirectMethodHandleAccessor.java:103) ~[?:?]
	at java.lang.reflect.Method.invoke(Method.java:580) ~[?:?]
	at org.testng.internal.MethodInvocationHelper.invokeMethod(MethodInvocationHelper.java:124) ~[testng-6.14.3.jar:?]
	at org.testng.internal.Invoker.invokeMethod(Invoker.java:583) ~[testng-6.14.3.jar:?]
	at org.testng.internal.Invoker.invokeTestMethod(Invoker.java:719) ~[testng-6.14.3.jar:?]
	at org.testng.internal.Invoker.invokeTestMethods(Invoker.java:989) ~[testng-6.14.3.jar:?]
	at org.testng.internal.TestMethodWorker.invokeTestMethods(TestMethodWorker.java:125) ~[testng-6.14.3.jar:?]
	at org.testng.internal.TestMethodWorker.run(TestMethodWorker.java:109) ~[testng-6.14.3.jar:?]
	at org.testng.TestRunner.privateRun(TestRunner.java:648) ~[testng-6.14.3.jar:?]
	at org.testng.TestRunner.run(TestRunner.java:505) ~[testng-6.14.3.jar:?]
	at org.testng.SuiteRunner.runTest(SuiteRunner.java:455) ~[testng-6.14.3.jar:?]
	at org.testng.SuiteRunner.runSequentially(SuiteRunner.java:450) ~[testng-6.14.3.jar:?]
	at org.testng.SuiteRunner.privateRun(SuiteRunner.java:415) ~[testng-6.14.3.jar:?]
	at org.testng.SuiteRunner.run(SuiteRunner.java:364) ~[testng-6.14.3.jar:?]
	at org.testng.SuiteRunnerWorker.runSuite(SuiteRunnerWorker.java:52) ~[testng-6.14.3.jar:?]
	at org.testng.SuiteRunnerWorker.run(SuiteRunnerWorker.java:84) ~[testng-6.14.3.jar:?]
	at org.testng.TestNG.runSuitesSequentially(TestNG.java:1208) ~[testng-6.14.3.jar:?]
	at org.testng.TestNG.runSuitesLocally(TestNG.java:1137) ~[testng-6.14.3.jar:?]
	at org.testng.TestNG.runSuites(TestNG.java:1049) ~[testng-6.14.3.jar:?]
	at org.testng.TestNG.run(TestNG.java:1017) ~[testng-6.14.3.jar:?]
	at org.apache.maven.surefire.testng.TestNGExecutor.run(TestNGExecutor.java:308) ~[surefire-testng-3.3.0.jar:3.3.0]
	at org.apache.maven.surefire.testng.TestNGXmlTestSuite.execute(TestNGXmlTestSuite.java:71) ~[surefire-testng-3.3.0.jar:3.3.0]
	at org.apache.maven.surefire.testng.TestNGProvider.invoke(TestNGProvider.java:113) ~[surefire-testng-3.3.0.jar:3.3.0]
	at org.apache.maven.surefire.booter.ForkedBooter.runSuitesInProcess(ForkedBooter.java:385) ~[surefire-booter-3.3.0.jar:3.3.0]
	at org.apache.maven.surefire.booter.ForkedBooter.execute(ForkedBooter.java:162) ~[surefire-booter-3.3.0.jar:3.3.0]
	at org.apache.maven.surefire.booter.ForkedBooter.run(ForkedBooter.java:507) ~[surefire-booter-3.3.0.jar:3.3.0]
	at org.apache.maven.surefire.booter.ForkedBooter.main(ForkedBooter.java:495) ~[surefire-booter-3.3.0.jar:3.3.0]
17:05:53.932 [main] ERROR org.apache.poi.openxml4j.opc.PackageRelationshipCollection - Cannot convert mailto:ALPHAAAAAA@@@@@!@##$$$%12344 in a valid relationship URI-> dummy-URI used
java.net.URISyntaxException: Illegal character in fragment at index 25: mailto:ALPHAAAAAA@@@@@!@##$$$%12344
	at java.net.URI$Parser.fail(URI.java:2995) ~[?:?]
	at java.net.URI$Parser.checkChars(URI.java:3166) ~[?:?]
	at java.net.URI$Parser.parse(URI.java:3210) ~[?:?]
	at java.net.URI.<init>(URI.java:645) ~[?:?]
	at org.apache.poi.openxml4j.opc.PackagingURIHelper.toURI(PackagingURIHelper.java:723) ~[poi-ooxml-5.2.2.jar:5.2.2]
	at org.apache.poi.openxml4j.opc.PackageRelationshipCollection.parseRelationshipsPart(PackageRelationshipCollection.java:358) ~[poi-ooxml-5.2.2.jar:5.2.2]
	at org.apache.poi.openxml4j.opc.PackageRelationshipCollection.<init>(PackageRelationshipCollection.java:160) ~[poi-ooxml-5.2.2.jar:5.2.2]
	at org.apache.poi.openxml4j.opc.PackageRelationshipCollection.<init>(PackageRelationshipCollection.java:130) ~[poi-ooxml-5.2.2.jar:5.2.2]
	at org.apache.poi.openxml4j.opc.PackagePart.loadRelationships(PackagePart.java:565) ~[poi-ooxml-5.2.2.jar:5.2.2]
	at org.apache.poi.openxml4j.opc.OPCPackage.getParts(OPCPackage.java:745) ~[poi-ooxml-5.2.2.jar:5.2.2]
	at org.apache.poi.openxml4j.opc.OPCPackage.open(OPCPackage.java:315) ~[poi-ooxml-5.2.2.jar:5.2.2]
	at org.apache.poi.ooxml.util.PackageHelper.open(PackageHelper.java:59) ~[poi-ooxml-5.2.2.jar:5.2.2]
	at org.apache.poi.xssf.usermodel.XSSFWorkbook.<init>(XSSFWorkbook.java:289) ~[poi-ooxml-5.2.2.jar:5.2.2]
	at org.apache.poi.xssf.usermodel.XSSFWorkbook.<init>(XSSFWorkbook.java:285) ~[poi-ooxml-5.2.2.jar:5.2.2]
	at com.MOFutility.API_Excelutilities.readServiceIdFromExcel(API_Excelutilities.java:20) ~[test-classes/:?]
	at com.MOF.constants.API_URL.<clinit>(API_URL.java:231) ~[test-classes/:?]
	at com.MOFapi.MOFapi.Fetchvalid_SingleService_ValidServiceid(MOFapi.java:4891) ~[test-classes/:?]
	at jdk.internal.reflect.DirectMethodHandleAccessor.invoke(DirectMethodHandleAccessor.java:103) ~[?:?]
	at java.lang.reflect.Method.invoke(Method.java:580) ~[?:?]
	at org.testng.internal.MethodInvocationHelper.invokeMethod(MethodInvocationHelper.java:124) ~[testng-6.14.3.jar:?]
	at org.testng.internal.Invoker.invokeMethod(Invoker.java:583) ~[testng-6.14.3.jar:?]
	at org.testng.internal.Invoker.invokeTestMethod(Invoker.java:719) ~[testng-6.14.3.jar:?]
	at org.testng.internal.Invoker.invokeTestMethods(Invoker.java:989) ~[testng-6.14.3.jar:?]
	at org.testng.internal.TestMethodWorker.invokeTestMethods(TestMethodWorker.java:125) ~[testng-6.14.3.jar:?]
	at org.testng.internal.TestMethodWorker.run(TestMethodWorker.java:109) ~[testng-6.14.3.jar:?]
	at org.testng.TestRunner.privateRun(TestRunner.java:648) ~[testng-6.14.3.jar:?]
	at org.testng.TestRunner.run(TestRunner.java:505) ~[testng-6.14.3.jar:?]
	at org.testng.SuiteRunner.runTest(SuiteRunner.java:455) ~[testng-6.14.3.jar:?]
	at org.testng.SuiteRunner.runSequentially(SuiteRunner.java:450) ~[testng-6.14.3.jar:?]
	at org.testng.SuiteRunner.privateRun(SuiteRunner.java:415) ~[testng-6.14.3.jar:?]
	at org.testng.SuiteRunner.run(SuiteRunner.java:364) ~[testng-6.14.3.jar:?]
	at org.testng.SuiteRunnerWorker.runSuite(SuiteRunnerWorker.java:52) ~[testng-6.14.3.jar:?]
	at org.testng.SuiteRunnerWorker.run(SuiteRunnerWorker.java:84) ~[testng-6.14.3.jar:?]
	at org.testng.TestNG.runSuitesSequentially(TestNG.java:1208) ~[testng-6.14.3.jar:?]
	at org.testng.TestNG.runSuitesLocally(TestNG.java:1137) ~[testng-6.14.3.jar:?]
	at org.testng.TestNG.runSuites(TestNG.java:1049) ~[testng-6.14.3.jar:?]
	at org.testng.TestNG.run(TestNG.java:1017) ~[testng-6.14.3.jar:?]
	at org.apache.maven.surefire.testng.TestNGExecutor.run(TestNGExecutor.java:308) ~[surefire-testng-3.3.0.jar:3.3.0]
	at org.apache.maven.surefire.testng.TestNGXmlTestSuite.execute(TestNGXmlTestSuite.java:71) ~[surefire-testng-3.3.0.jar:3.3.0]
	at org.apache.maven.surefire.testng.TestNGProvider.invoke(TestNGProvider.java:113) ~[surefire-testng-3.3.0.jar:3.3.0]
	at org.apache.maven.surefire.booter.ForkedBooter.runSuitesInProcess(ForkedBooter.java:385) ~[surefire-booter-3.3.0.jar:3.3.0]
	at org.apache.maven.surefire.booter.ForkedBooter.execute(ForkedBooter.java:162) ~[surefire-booter-3.3.0.jar:3.3.0]
	at org.apache.maven.surefire.booter.ForkedBooter.run(ForkedBooter.java:507) ~[surefire-booter-3.3.0.jar:3.3.0]
	at org.apache.maven.surefire.booter.ForkedBooter.main(ForkedBooter.java:495) ~[surefire-booter-3.3.0.jar:3.3.0]
17:05:53.933 [main] ERROR org.apache.poi.openxml4j.opc.PackageRelationshipCollection - Cannot convert mailto:2343456378912@#&^*gvadhfbjnf in a valid relationship URI-> dummy-URI used
java.net.URISyntaxException: Illegal character in fragment at index 23: mailto:2343456378912@#&^*gvadhfbjnf
	at java.net.URI$Parser.fail(URI.java:2995) ~[?:?]
	at java.net.URI$Parser.checkChars(URI.java:3166) ~[?:?]
	at java.net.URI$Parser.parse(URI.java:3210) ~[?:?]
	at java.net.URI.<init>(URI.java:645) ~[?:?]
	at org.apache.poi.openxml4j.opc.PackagingURIHelper.toURI(PackagingURIHelper.java:723) ~[poi-ooxml-5.2.2.jar:5.2.2]
	at org.apache.poi.openxml4j.opc.PackageRelationshipCollection.parseRelationshipsPart(PackageRelationshipCollection.java:358) ~[poi-ooxml-5.2.2.jar:5.2.2]
	at org.apache.poi.openxml4j.opc.PackageRelationshipCollection.<init>(PackageRelationshipCollection.java:160) ~[poi-ooxml-5.2.2.jar:5.2.2]
	at org.apache.poi.openxml4j.opc.PackageRelationshipCollection.<init>(PackageRelationshipCollection.java:130) ~[poi-ooxml-5.2.2.jar:5.2.2]
	at org.apache.poi.openxml4j.opc.PackagePart.loadRelationships(PackagePart.java:565) ~[poi-ooxml-5.2.2.jar:5.2.2]
	at org.apache.poi.openxml4j.opc.OPCPackage.getParts(OPCPackage.java:745) ~[poi-ooxml-5.2.2.jar:5.2.2]
	at org.apache.poi.openxml4j.opc.OPCPackage.open(OPCPackage.java:315) ~[poi-ooxml-5.2.2.jar:5.2.2]
	at org.apache.poi.ooxml.util.PackageHelper.open(PackageHelper.java:59) ~[poi-ooxml-5.2.2.jar:5.2.2]
	at org.apache.poi.xssf.usermodel.XSSFWorkbook.<init>(XSSFWorkbook.java:289) ~[poi-ooxml-5.2.2.jar:5.2.2]
	at org.apache.poi.xssf.usermodel.XSSFWorkbook.<init>(XSSFWorkbook.java:285) ~[poi-ooxml-5.2.2.jar:5.2.2]
	at com.MOFutility.API_Excelutilities.readServiceIdFromExcel(API_Excelutilities.java:20) ~[test-classes/:?]
	at com.MOF.constants.API_URL.<clinit>(API_URL.java:231) ~[test-classes/:?]
	at com.MOFapi.MOFapi.Fetchvalid_SingleService_ValidServiceid(MOFapi.java:4891) ~[test-classes/:?]
	at jdk.internal.reflect.DirectMethodHandleAccessor.invoke(DirectMethodHandleAccessor.java:103) ~[?:?]
	at java.lang.reflect.Method.invoke(Method.java:580) ~[?:?]
	at org.testng.internal.MethodInvocationHelper.invokeMethod(MethodInvocationHelper.java:124) ~[testng-6.14.3.jar:?]
	at org.testng.internal.Invoker.invokeMethod(Invoker.java:583) ~[testng-6.14.3.jar:?]
	at org.testng.internal.Invoker.invokeTestMethod(Invoker.java:719) ~[testng-6.14.3.jar:?]
	at org.testng.internal.Invoker.invokeTestMethods(Invoker.java:989) ~[testng-6.14.3.jar:?]
	at org.testng.internal.TestMethodWorker.invokeTestMethods(TestMethodWorker.java:125) ~[testng-6.14.3.jar:?]
	at org.testng.internal.TestMethodWorker.run(TestMethodWorker.java:109) ~[testng-6.14.3.jar:?]
	at org.testng.TestRunner.privateRun(TestRunner.java:648) ~[testng-6.14.3.jar:?]
	at org.testng.TestRunner.run(TestRunner.java:505) ~[testng-6.14.3.jar:?]
	at org.testng.SuiteRunner.runTest(SuiteRunner.java:455) ~[testng-6.14.3.jar:?]
	at org.testng.SuiteRunner.runSequentially(SuiteRunner.java:450) ~[testng-6.14.3.jar:?]
	at org.testng.SuiteRunner.privateRun(SuiteRunner.java:415) ~[testng-6.14.3.jar:?]
	at org.testng.SuiteRunner.run(SuiteRunner.java:364) ~[testng-6.14.3.jar:?]
	at org.testng.SuiteRunnerWorker.runSuite(SuiteRunnerWorker.java:52) ~[testng-6.14.3.jar:?]
	at org.testng.SuiteRunnerWorker.run(SuiteRunnerWorker.java:84) ~[testng-6.14.3.jar:?]
	at org.testng.TestNG.runSuitesSequentially(TestNG.java:1208) ~[testng-6.14.3.jar:?]
	at org.testng.TestNG.runSuitesLocally(TestNG.java:1137) ~[testng-6.14.3.jar:?]
	at org.testng.TestNG.runSuites(TestNG.java:1049) ~[testng-6.14.3.jar:?]
	at org.testng.TestNG.run(TestNG.java:1017) ~[testng-6.14.3.jar:?]
	at org.apache.maven.surefire.testng.TestNGExecutor.run(TestNGExecutor.java:308) ~[surefire-testng-3.3.0.jar:3.3.0]
	at org.apache.maven.surefire.testng.TestNGXmlTestSuite.execute(TestNGXmlTestSuite.java:71) ~[surefire-testng-3.3.0.jar:3.3.0]
	at org.apache.maven.surefire.testng.TestNGProvider.invoke(TestNGProvider.java:113) ~[surefire-testng-3.3.0.jar:3.3.0]
	at org.apache.maven.surefire.booter.ForkedBooter.runSuitesInProcess(ForkedBooter.java:385) ~[surefire-booter-3.3.0.jar:3.3.0]
	at org.apache.maven.surefire.booter.ForkedBooter.execute(ForkedBooter.java:162) ~[surefire-booter-3.3.0.jar:3.3.0]
	at org.apache.maven.surefire.booter.ForkedBooter.run(ForkedBooter.java:507) ~[surefire-booter-3.3.0.jar:3.3.0]
	at org.apache.maven.surefire.booter.ForkedBooter.main(ForkedBooter.java:495) ~[surefire-booter-3.3.0.jar:3.3.0]
17:05:53.961 [main] ERROR org.apache.poi.openxml4j.opc.PackageRelationshipCollection - Cannot convert mailto:ALPA@#$%^245234534 in a valid relationship URI-> dummy-URI used
java.net.URISyntaxException: Malformed escape pair at index 14: mailto:ALPA@#$%^245234534
	at java.net.URI$Parser.fail(URI.java:2995) ~[?:?]
	at java.net.URI$Parser.scanEscape(URI.java:3123) ~[?:?]
	at java.net.URI$Parser.scan(URI.java:3146) ~[?:?]
	at java.net.URI$Parser.checkChars(URI.java:3164) ~[?:?]
	at java.net.URI$Parser.parse(URI.java:3210) ~[?:?]
	at java.net.URI.<init>(URI.java:645) ~[?:?]
	at org.apache.poi.openxml4j.opc.PackagingURIHelper.toURI(PackagingURIHelper.java:723) ~[poi-ooxml-5.2.2.jar:5.2.2]
	at org.apache.poi.openxml4j.opc.PackageRelationshipCollection.parseRelationshipsPart(PackageRelationshipCollection.java:358) ~[poi-ooxml-5.2.2.jar:5.2.2]
	at org.apache.poi.openxml4j.opc.PackageRelationshipCollection.<init>(PackageRelationshipCollection.java:160) ~[poi-ooxml-5.2.2.jar:5.2.2]
	at org.apache.poi.openxml4j.opc.PackageRelationshipCollection.<init>(PackageRelationshipCollection.java:130) ~[poi-ooxml-5.2.2.jar:5.2.2]
	at org.apache.poi.openxml4j.opc.PackagePart.loadRelationships(PackagePart.java:565) ~[poi-ooxml-5.2.2.jar:5.2.2]
	at org.apache.poi.openxml4j.opc.OPCPackage.getParts(OPCPackage.java:745) ~[poi-ooxml-5.2.2.jar:5.2.2]
	at org.apache.poi.openxml4j.opc.OPCPackage.open(OPCPackage.java:315) ~[poi-ooxml-5.2.2.jar:5.2.2]
	at org.apache.poi.ooxml.util.PackageHelper.open(PackageHelper.java:59) ~[poi-ooxml-5.2.2.jar:5.2.2]
	at org.apache.poi.xssf.usermodel.XSSFWorkbook.<init>(XSSFWorkbook.java:289) ~[poi-ooxml-5.2.2.jar:5.2.2]
	at org.apache.poi.xssf.usermodel.XSSFWorkbook.<init>(XSSFWorkbook.java:285) ~[poi-ooxml-5.2.2.jar:5.2.2]
	at com.MOFutility.API_Excelutilities.readServiceIdFromExcel(API_Excelutilities.java:20) ~[test-classes/:?]
	at com.MOF.constants.API_URL.<clinit>(API_URL.java:232) ~[test-classes/:?]
	at com.MOFapi.MOFapi.Fetchvalid_SingleService_ValidServiceid(MOFapi.java:4891) ~[test-classes/:?]
	at jdk.internal.reflect.DirectMethodHandleAccessor.invoke(DirectMethodHandleAccessor.java:103) ~[?:?]
	at java.lang.reflect.Method.invoke(Method.java:580) ~[?:?]
	at org.testng.internal.MethodInvocationHelper.invokeMethod(MethodInvocationHelper.java:124) ~[testng-6.14.3.jar:?]
	at org.testng.internal.Invoker.invokeMethod(Invoker.java:583) ~[testng-6.14.3.jar:?]
	at org.testng.internal.Invoker.invokeTestMethod(Invoker.java:719) ~[testng-6.14.3.jar:?]
	at org.testng.internal.Invoker.invokeTestMethods(Invoker.java:989) ~[testng-6.14.3.jar:?]
	at org.testng.internal.TestMethodWorker.invokeTestMethods(TestMethodWorker.java:125) ~[testng-6.14.3.jar:?]
	at org.testng.internal.TestMethodWorker.run(TestMethodWorker.java:109) ~[testng-6.14.3.jar:?]
	at org.testng.TestRunner.privateRun(TestRunner.java:648) ~[testng-6.14.3.jar:?]
	at org.testng.TestRunner.run(TestRunner.java:505) ~[testng-6.14.3.jar:?]
	at org.testng.SuiteRunner.runTest(SuiteRunner.java:455) ~[testng-6.14.3.jar:?]
	at org.testng.SuiteRunner.runSequentially(SuiteRunner.java:450) ~[testng-6.14.3.jar:?]
	at org.testng.SuiteRunner.privateRun(SuiteRunner.java:415) ~[testng-6.14.3.jar:?]
	at org.testng.SuiteRunner.run(SuiteRunner.java:364) ~[testng-6.14.3.jar:?]
	at org.testng.SuiteRunnerWorker.runSuite(SuiteRunnerWorker.java:52) ~[testng-6.14.3.jar:?]
	at org.testng.SuiteRunnerWorker.run(SuiteRunnerWorker.java:84) ~[testng-6.14.3.jar:?]
	at org.testng.TestNG.runSuitesSequentially(TestNG.java:1208) ~[testng-6.14.3.jar:?]
	at org.testng.TestNG.runSuitesLocally(TestNG.java:1137) ~[testng-6.14.3.jar:?]
	at org.testng.TestNG.runSuites(TestNG.java:1049) ~[testng-6.14.3.jar:?]
	at org.testng.TestNG.run(TestNG.java:1017) ~[testng-6.14.3.jar:?]
	at org.apache.maven.surefire.testng.TestNGExecutor.run(TestNGExecutor.java:308) ~[surefire-testng-3.3.0.jar:3.3.0]
	at org.apache.maven.surefire.testng.TestNGXmlTestSuite.execute(TestNGXmlTestSuite.java:71) ~[surefire-testng-3.3.0.jar:3.3.0]
	at org.apache.maven.surefire.testng.TestNGProvider.invoke(TestNGProvider.java:113) ~[surefire-testng-3.3.0.jar:3.3.0]
	at org.apache.maven.surefire.booter.ForkedBooter.runSuitesInProcess(ForkedBooter.java:385) ~[surefire-booter-3.3.0.jar:3.3.0]
	at org.apache.maven.surefire.booter.ForkedBooter.execute(ForkedBooter.java:162) ~[surefire-booter-3.3.0.jar:3.3.0]
	at org.apache.maven.surefire.booter.ForkedBooter.run(ForkedBooter.java:507) ~[surefire-booter-3.3.0.jar:3.3.0]
	at org.apache.maven.surefire.booter.ForkedBooter.main(ForkedBooter.java:495) ~[surefire-booter-3.3.0.jar:3.3.0]
17:05:53.964 [main] ERROR org.apache.poi.openxml4j.opc.PackageRelationshipCollection - Cannot convert mailto:ALPHAAAAAA@@@@@!@##$$$%12344 in a valid relationship URI-> dummy-URI used
java.net.URISyntaxException: Illegal character in fragment at index 25: mailto:ALPHAAAAAA@@@@@!@##$$$%12344
	at java.net.URI$Parser.fail(URI.java:2995) ~[?:?]
	at java.net.URI$Parser.checkChars(URI.java:3166) ~[?:?]
	at java.net.URI$Parser.parse(URI.java:3210) ~[?:?]
	at java.net.URI.<init>(URI.java:645) ~[?:?]
	at org.apache.poi.openxml4j.opc.PackagingURIHelper.toURI(PackagingURIHelper.java:723) ~[poi-ooxml-5.2.2.jar:5.2.2]
	at org.apache.poi.openxml4j.opc.PackageRelationshipCollection.parseRelationshipsPart(PackageRelationshipCollection.java:358) ~[poi-ooxml-5.2.2.jar:5.2.2]
	at org.apache.poi.openxml4j.opc.PackageRelationshipCollection.<init>(PackageRelationshipCollection.java:160) ~[poi-ooxml-5.2.2.jar:5.2.2]
	at org.apache.poi.openxml4j.opc.PackageRelationshipCollection.<init>(PackageRelationshipCollection.java:130) ~[poi-ooxml-5.2.2.jar:5.2.2]
	at org.apache.poi.openxml4j.opc.PackagePart.loadRelationships(PackagePart.java:565) ~[poi-ooxml-5.2.2.jar:5.2.2]
	at org.apache.poi.openxml4j.opc.OPCPackage.getParts(OPCPackage.java:745) ~[poi-ooxml-5.2.2.jar:5.2.2]
	at org.apache.poi.openxml4j.opc.OPCPackage.open(OPCPackage.java:315) ~[poi-ooxml-5.2.2.jar:5.2.2]
	at org.apache.poi.ooxml.util.PackageHelper.open(PackageHelper.java:59) ~[poi-ooxml-5.2.2.jar:5.2.2]
	at org.apache.poi.xssf.usermodel.XSSFWorkbook.<init>(XSSFWorkbook.java:289) ~[poi-ooxml-5.2.2.jar:5.2.2]
	at org.apache.poi.xssf.usermodel.XSSFWorkbook.<init>(XSSFWorkbook.java:285) ~[poi-ooxml-5.2.2.jar:5.2.2]
	at com.MOFutility.API_Excelutilities.readServiceIdFromExcel(API_Excelutilities.java:20) ~[test-classes/:?]
	at com.MOF.constants.API_URL.<clinit>(API_URL.java:232) ~[test-classes/:?]
	at com.MOFapi.MOFapi.Fetchvalid_SingleService_ValidServiceid(MOFapi.java:4891) ~[test-classes/:?]
	at jdk.internal.reflect.DirectMethodHandleAccessor.invoke(DirectMethodHandleAccessor.java:103) ~[?:?]
	at java.lang.reflect.Method.invoke(Method.java:580) ~[?:?]
	at org.testng.internal.MethodInvocationHelper.invokeMethod(MethodInvocationHelper.java:124) ~[testng-6.14.3.jar:?]
	at org.testng.internal.Invoker.invokeMethod(Invoker.java:583) ~[testng-6.14.3.jar:?]
	at org.testng.internal.Invoker.invokeTestMethod(Invoker.java:719) ~[testng-6.14.3.jar:?]
	at org.testng.internal.Invoker.invokeTestMethods(Invoker.java:989) ~[testng-6.14.3.jar:?]
	at org.testng.internal.TestMethodWorker.invokeTestMethods(TestMethodWorker.java:125) ~[testng-6.14.3.jar:?]
	at org.testng.internal.TestMethodWorker.run(TestMethodWorker.java:109) ~[testng-6.14.3.jar:?]
	at org.testng.TestRunner.privateRun(TestRunner.java:648) ~[testng-6.14.3.jar:?]
	at org.testng.TestRunner.run(TestRunner.java:505) ~[testng-6.14.3.jar:?]
	at org.testng.SuiteRunner.runTest(SuiteRunner.java:455) ~[testng-6.14.3.jar:?]
	at org.testng.SuiteRunner.runSequentially(SuiteRunner.java:450) ~[testng-6.14.3.jar:?]
	at org.testng.SuiteRunner.privateRun(SuiteRunner.java:415) ~[testng-6.14.3.jar:?]
	at org.testng.SuiteRunner.run(SuiteRunner.java:364) ~[testng-6.14.3.jar:?]
	at org.testng.SuiteRunnerWorker.runSuite(SuiteRunnerWorker.java:52) ~[testng-6.14.3.jar:?]
	at org.testng.SuiteRunnerWorker.run(SuiteRunnerWorker.java:84) ~[testng-6.14.3.jar:?]
	at org.testng.TestNG.runSuitesSequentially(TestNG.java:1208) ~[testng-6.14.3.jar:?]
	at org.testng.TestNG.runSuitesLocally(TestNG.java:1137) ~[testng-6.14.3.jar:?]
	at org.testng.TestNG.runSuites(TestNG.java:1049) ~[testng-6.14.3.jar:?]
	at org.testng.TestNG.run(TestNG.java:1017) ~[testng-6.14.3.jar:?]
	at org.apache.maven.surefire.testng.TestNGExecutor.run(TestNGExecutor.java:308) ~[surefire-testng-3.3.0.jar:3.3.0]
	at org.apache.maven.surefire.testng.TestNGXmlTestSuite.execute(TestNGXmlTestSuite.java:71) ~[surefire-testng-3.3.0.jar:3.3.0]
	at org.apache.maven.surefire.testng.TestNGProvider.invoke(TestNGProvider.java:113) ~[surefire-testng-3.3.0.jar:3.3.0]
	at org.apache.maven.surefire.booter.ForkedBooter.runSuitesInProcess(ForkedBooter.java:385) ~[surefire-booter-3.3.0.jar:3.3.0]
	at org.apache.maven.surefire.booter.ForkedBooter.execute(ForkedBooter.java:162) ~[surefire-booter-3.3.0.jar:3.3.0]
	at org.apache.maven.surefire.booter.ForkedBooter.run(ForkedBooter.java:507) ~[surefire-booter-3.3.0.jar:3.3.0]
	at org.apache.maven.surefire.booter.ForkedBooter.main(ForkedBooter.java:495) ~[surefire-booter-3.3.0.jar:3.3.0]
17:05:53.965 [main] ERROR org.apache.poi.openxml4j.opc.PackageRelationshipCollection - Cannot convert mailto:2343456378912@#&^*gvadhfbjnf in a valid relationship URI-> dummy-URI used
java.net.URISyntaxException: Illegal character in fragment at index 23: mailto:2343456378912@#&^*gvadhfbjnf
	at java.net.URI$Parser.fail(URI.java:2995) ~[?:?]
	at java.net.URI$Parser.checkChars(URI.java:3166) ~[?:?]
	at java.net.URI$Parser.parse(URI.java:3210) ~[?:?]
	at java.net.URI.<init>(URI.java:645) ~[?:?]
	at org.apache.poi.openxml4j.opc.PackagingURIHelper.toURI(PackagingURIHelper.java:723) ~[poi-ooxml-5.2.2.jar:5.2.2]
	at org.apache.poi.openxml4j.opc.PackageRelationshipCollection.parseRelationshipsPart(PackageRelationshipCollection.java:358) ~[poi-ooxml-5.2.2.jar:5.2.2]
	at org.apache.poi.openxml4j.opc.PackageRelationshipCollection.<init>(PackageRelationshipCollection.java:160) ~[poi-ooxml-5.2.2.jar:5.2.2]
	at org.apache.poi.openxml4j.opc.PackageRelationshipCollection.<init>(PackageRelationshipCollection.java:130) ~[poi-ooxml-5.2.2.jar:5.2.2]
	at org.apache.poi.openxml4j.opc.PackagePart.loadRelationships(PackagePart.java:565) ~[poi-ooxml-5.2.2.jar:5.2.2]
	at org.apache.poi.openxml4j.opc.OPCPackage.getParts(OPCPackage.java:745) ~[poi-ooxml-5.2.2.jar:5.2.2]
	at org.apache.poi.openxml4j.opc.OPCPackage.open(OPCPackage.java:315) ~[poi-ooxml-5.2.2.jar:5.2.2]
	at org.apache.poi.ooxml.util.PackageHelper.open(PackageHelper.java:59) ~[poi-ooxml-5.2.2.jar:5.2.2]
	at org.apache.poi.xssf.usermodel.XSSFWorkbook.<init>(XSSFWorkbook.java:289) ~[poi-ooxml-5.2.2.jar:5.2.2]
	at org.apache.poi.xssf.usermodel.XSSFWorkbook.<init>(XSSFWorkbook.java:285) ~[poi-ooxml-5.2.2.jar:5.2.2]
	at com.MOFutility.API_Excelutilities.readServiceIdFromExcel(API_Excelutilities.java:20) ~[test-classes/:?]
	at com.MOF.constants.API_URL.<clinit>(API_URL.java:232) ~[test-classes/:?]
	at com.MOFapi.MOFapi.Fetchvalid_SingleService_ValidServiceid(MOFapi.java:4891) ~[test-classes/:?]
	at jdk.internal.reflect.DirectMethodHandleAccessor.invoke(DirectMethodHandleAccessor.java:103) ~[?:?]
	at java.lang.reflect.Method.invoke(Method.java:580) ~[?:?]
	at org.testng.internal.MethodInvocationHelper.invokeMethod(MethodInvocationHelper.java:124) ~[testng-6.14.3.jar:?]
	at org.testng.internal.Invoker.invokeMethod(Invoker.java:583) ~[testng-6.14.3.jar:?]
	at org.testng.internal.Invoker.invokeTestMethod(Invoker.java:719) ~[testng-6.14.3.jar:?]
	at org.testng.internal.Invoker.invokeTestMethods(Invoker.java:989) ~[testng-6.14.3.jar:?]
	at org.testng.internal.TestMethodWorker.invokeTestMethods(TestMethodWorker.java:125) ~[testng-6.14.3.jar:?]
	at org.testng.internal.TestMethodWorker.run(TestMethodWorker.java:109) ~[testng-6.14.3.jar:?]
	at org.testng.TestRunner.privateRun(TestRunner.java:648) ~[testng-6.14.3.jar:?]
	at org.testng.TestRunner.run(TestRunner.java:505) ~[testng-6.14.3.jar:?]
	at org.testng.SuiteRunner.runTest(SuiteRunner.java:455) ~[testng-6.14.3.jar:?]
	at org.testng.SuiteRunner.runSequentially(SuiteRunner.java:450) ~[testng-6.14.3.jar:?]
	at org.testng.SuiteRunner.privateRun(SuiteRunner.java:415) ~[testng-6.14.3.jar:?]
	at org.testng.SuiteRunner.run(SuiteRunner.java:364) ~[testng-6.14.3.jar:?]
	at org.testng.SuiteRunnerWorker.runSuite(SuiteRunnerWorker.java:52) ~[testng-6.14.3.jar:?]
	at org.testng.SuiteRunnerWorker.run(SuiteRunnerWorker.java:84) ~[testng-6.14.3.jar:?]
	at org.testng.TestNG.runSuitesSequentially(TestNG.java:1208) ~[testng-6.14.3.jar:?]
	at org.testng.TestNG.runSuitesLocally(TestNG.java:1137) ~[testng-6.14.3.jar:?]
	at org.testng.TestNG.runSuites(TestNG.java:1049) ~[testng-6.14.3.jar:?]
	at org.testng.TestNG.run(TestNG.java:1017) ~[testng-6.14.3.jar:?]
	at org.apache.maven.surefire.testng.TestNGExecutor.run(TestNGExecutor.java:308) ~[surefire-testng-3.3.0.jar:3.3.0]
	at org.apache.maven.surefire.testng.TestNGXmlTestSuite.execute(TestNGXmlTestSuite.java:71) ~[surefire-testng-3.3.0.jar:3.3.0]
	at org.apache.maven.surefire.testng.TestNGProvider.invoke(TestNGProvider.java:113) ~[surefire-testng-3.3.0.jar:3.3.0]
	at org.apache.maven.surefire.booter.ForkedBooter.runSuitesInProcess(ForkedBooter.java:385) ~[surefire-booter-3.3.0.jar:3.3.0]
	at org.apache.maven.surefire.booter.ForkedBooter.execute(ForkedBooter.java:162) ~[surefire-booter-3.3.0.jar:3.3.0]
	at org.apache.maven.surefire.booter.ForkedBooter.run(ForkedBooter.java:507) ~[surefire-booter-3.3.0.jar:3.3.0]
	at org.apache.maven.surefire.booter.ForkedBooter.main(ForkedBooter.java:495) ~[surefire-booter-3.3.0.jar:3.3.0]
17:05:53.991 [main] ERROR org.apache.poi.openxml4j.opc.PackageRelationshipCollection - Cannot convert mailto:ALPA@#$%^245234534 in a valid relationship URI-> dummy-URI used
java.net.URISyntaxException: Malformed escape pair at index 14: mailto:ALPA@#$%^245234534
	at java.net.URI$Parser.fail(URI.java:2995) ~[?:?]
	at java.net.URI$Parser.scanEscape(URI.java:3123) ~[?:?]
	at java.net.URI$Parser.scan(URI.java:3146) ~[?:?]
	at java.net.URI$Parser.checkChars(URI.java:3164) ~[?:?]
	at java.net.URI$Parser.parse(URI.java:3210) ~[?:?]
	at java.net.URI.<init>(URI.java:645) ~[?:?]
	at org.apache.poi.openxml4j.opc.PackagingURIHelper.toURI(PackagingURIHelper.java:723) ~[poi-ooxml-5.2.2.jar:5.2.2]
	at org.apache.poi.openxml4j.opc.PackageRelationshipCollection.parseRelationshipsPart(PackageRelationshipCollection.java:358) ~[poi-ooxml-5.2.2.jar:5.2.2]
	at org.apache.poi.openxml4j.opc.PackageRelationshipCollection.<init>(PackageRelationshipCollection.java:160) ~[poi-ooxml-5.2.2.jar:5.2.2]
	at org.apache.poi.openxml4j.opc.PackageRelationshipCollection.<init>(PackageRelationshipCollection.java:130) ~[poi-ooxml-5.2.2.jar:5.2.2]
	at org.apache.poi.openxml4j.opc.PackagePart.loadRelationships(PackagePart.java:565) ~[poi-ooxml-5.2.2.jar:5.2.2]
	at org.apache.poi.openxml4j.opc.OPCPackage.getParts(OPCPackage.java:745) ~[poi-ooxml-5.2.2.jar:5.2.2]
	at org.apache.poi.openxml4j.opc.OPCPackage.open(OPCPackage.java:315) ~[poi-ooxml-5.2.2.jar:5.2.2]
	at org.apache.poi.ooxml.util.PackageHelper.open(PackageHelper.java:59) ~[poi-ooxml-5.2.2.jar:5.2.2]
	at org.apache.poi.xssf.usermodel.XSSFWorkbook.<init>(XSSFWorkbook.java:289) ~[poi-ooxml-5.2.2.jar:5.2.2]
	at org.apache.poi.xssf.usermodel.XSSFWorkbook.<init>(XSSFWorkbook.java:285) ~[poi-ooxml-5.2.2.jar:5.2.2]
	at com.MOFutility.API_Excelutilities.readServiceIdFromExcel(API_Excelutilities.java:20) ~[test-classes/:?]
	at com.MOF.constants.API_URL.<clinit>(API_URL.java:233) ~[test-classes/:?]
	at com.MOFapi.MOFapi.Fetchvalid_SingleService_ValidServiceid(MOFapi.java:4891) ~[test-classes/:?]
	at jdk.internal.reflect.DirectMethodHandleAccessor.invoke(DirectMethodHandleAccessor.java:103) ~[?:?]
	at java.lang.reflect.Method.invoke(Method.java:580) ~[?:?]
	at org.testng.internal.MethodInvocationHelper.invokeMethod(MethodInvocationHelper.java:124) ~[testng-6.14.3.jar:?]
	at org.testng.internal.Invoker.invokeMethod(Invoker.java:583) ~[testng-6.14.3.jar:?]
	at org.testng.internal.Invoker.invokeTestMethod(Invoker.java:719) ~[testng-6.14.3.jar:?]
	at org.testng.internal.Invoker.invokeTestMethods(Invoker.java:989) ~[testng-6.14.3.jar:?]
	at org.testng.internal.TestMethodWorker.invokeTestMethods(TestMethodWorker.java:125) ~[testng-6.14.3.jar:?]
	at org.testng.internal.TestMethodWorker.run(TestMethodWorker.java:109) ~[testng-6.14.3.jar:?]
	at org.testng.TestRunner.privateRun(TestRunner.java:648) ~[testng-6.14.3.jar:?]
	at org.testng.TestRunner.run(TestRunner.java:505) ~[testng-6.14.3.jar:?]
	at org.testng.SuiteRunner.runTest(SuiteRunner.java:455) ~[testng-6.14.3.jar:?]
	at org.testng.SuiteRunner.runSequentially(SuiteRunner.java:450) ~[testng-6.14.3.jar:?]
	at org.testng.SuiteRunner.privateRun(SuiteRunner.java:415) ~[testng-6.14.3.jar:?]
	at org.testng.SuiteRunner.run(SuiteRunner.java:364) ~[testng-6.14.3.jar:?]
	at org.testng.SuiteRunnerWorker.runSuite(SuiteRunnerWorker.java:52) ~[testng-6.14.3.jar:?]
	at org.testng.SuiteRunnerWorker.run(SuiteRunnerWorker.java:84) ~[testng-6.14.3.jar:?]
	at org.testng.TestNG.runSuitesSequentially(TestNG.java:1208) ~[testng-6.14.3.jar:?]
	at org.testng.TestNG.runSuitesLocally(TestNG.java:1137) ~[testng-6.14.3.jar:?]
	at org.testng.TestNG.runSuites(TestNG.java:1049) ~[testng-6.14.3.jar:?]
	at org.testng.TestNG.run(TestNG.java:1017) ~[testng-6.14.3.jar:?]
	at org.apache.maven.surefire.testng.TestNGExecutor.run(TestNGExecutor.java:308) ~[surefire-testng-3.3.0.jar:3.3.0]
	at org.apache.maven.surefire.testng.TestNGXmlTestSuite.execute(TestNGXmlTestSuite.java:71) ~[surefire-testng-3.3.0.jar:3.3.0]
	at org.apache.maven.surefire.testng.TestNGProvider.invoke(TestNGProvider.java:113) ~[surefire-testng-3.3.0.jar:3.3.0]
	at org.apache.maven.surefire.booter.ForkedBooter.runSuitesInProcess(ForkedBooter.java:385) ~[surefire-booter-3.3.0.jar:3.3.0]
	at org.apache.maven.surefire.booter.ForkedBooter.execute(ForkedBooter.java:162) ~[surefire-booter-3.3.0.jar:3.3.0]
	at org.apache.maven.surefire.booter.ForkedBooter.run(ForkedBooter.java:507) ~[surefire-booter-3.3.0.jar:3.3.0]
	at org.apache.maven.surefire.booter.ForkedBooter.main(ForkedBooter.java:495) ~[surefire-booter-3.3.0.jar:3.3.0]
17:05:53.992 [main] ERROR org.apache.poi.openxml4j.opc.PackageRelationshipCollection - Cannot convert mailto:ALPHAAAAAA@@@@@!@##$$$%12344 in a valid relationship URI-> dummy-URI used
java.net.URISyntaxException: Illegal character in fragment at index 25: mailto:ALPHAAAAAA@@@@@!@##$$$%12344
	at java.net.URI$Parser.fail(URI.java:2995) ~[?:?]
	at java.net.URI$Parser.checkChars(URI.java:3166) ~[?:?]
	at java.net.URI$Parser.parse(URI.java:3210) ~[?:?]
	at java.net.URI.<init>(URI.java:645) ~[?:?]
	at org.apache.poi.openxml4j.opc.PackagingURIHelper.toURI(PackagingURIHelper.java:723) ~[poi-ooxml-5.2.2.jar:5.2.2]
	at org.apache.poi.openxml4j.opc.PackageRelationshipCollection.parseRelationshipsPart(PackageRelationshipCollection.java:358) ~[poi-ooxml-5.2.2.jar:5.2.2]
	at org.apache.poi.openxml4j.opc.PackageRelationshipCollection.<init>(PackageRelationshipCollection.java:160) ~[poi-ooxml-5.2.2.jar:5.2.2]
	at org.apache.poi.openxml4j.opc.PackageRelationshipCollection.<init>(PackageRelationshipCollection.java:130) ~[poi-ooxml-5.2.2.jar:5.2.2]
	at org.apache.poi.openxml4j.opc.PackagePart.loadRelationships(PackagePart.java:565) ~[poi-ooxml-5.2.2.jar:5.2.2]
	at org.apache.poi.openxml4j.opc.OPCPackage.getParts(OPCPackage.java:745) ~[poi-ooxml-5.2.2.jar:5.2.2]
	at org.apache.poi.openxml4j.opc.OPCPackage.open(OPCPackage.java:315) ~[poi-ooxml-5.2.2.jar:5.2.2]
	at org.apache.poi.ooxml.util.PackageHelper.open(PackageHelper.java:59) ~[poi-ooxml-5.2.2.jar:5.2.2]
	at org.apache.poi.xssf.usermodel.XSSFWorkbook.<init>(XSSFWorkbook.java:289) ~[poi-ooxml-5.2.2.jar:5.2.2]
	at org.apache.poi.xssf.usermodel.XSSFWorkbook.<init>(XSSFWorkbook.java:285) ~[poi-ooxml-5.2.2.jar:5.2.2]
	at com.MOFutility.API_Excelutilities.readServiceIdFromExcel(API_Excelutilities.java:20) ~[test-classes/:?]
	at com.MOF.constants.API_URL.<clinit>(API_URL.java:233) ~[test-classes/:?]
	at com.MOFapi.MOFapi.Fetchvalid_SingleService_ValidServiceid(MOFapi.java:4891) ~[test-classes/:?]
	at jdk.internal.reflect.DirectMethodHandleAccessor.invoke(DirectMethodHandleAccessor.java:103) ~[?:?]
	at java.lang.reflect.Method.invoke(Method.java:580) ~[?:?]
	at org.testng.internal.MethodInvocationHelper.invokeMethod(MethodInvocationHelper.java:124) ~[testng-6.14.3.jar:?]
	at org.testng.internal.Invoker.invokeMethod(Invoker.java:583) ~[testng-6.14.3.jar:?]
	at org.testng.internal.Invoker.invokeTestMethod(Invoker.java:719) ~[testng-6.14.3.jar:?]
	at org.testng.internal.Invoker.invokeTestMethods(Invoker.java:989) ~[testng-6.14.3.jar:?]
	at org.testng.internal.TestMethodWorker.invokeTestMethods(TestMethodWorker.java:125) ~[testng-6.14.3.jar:?]
	at org.testng.internal.TestMethodWorker.run(TestMethodWorker.java:109) ~[testng-6.14.3.jar:?]
	at org.testng.TestRunner.privateRun(TestRunner.java:648) ~[testng-6.14.3.jar:?]
	at org.testng.TestRunner.run(TestRunner.java:505) ~[testng-6.14.3.jar:?]
	at org.testng.SuiteRunner.runTest(SuiteRunner.java:455) ~[testng-6.14.3.jar:?]
	at org.testng.SuiteRunner.runSequentially(SuiteRunner.java:450) ~[testng-6.14.3.jar:?]
	at org.testng.SuiteRunner.privateRun(SuiteRunner.java:415) ~[testng-6.14.3.jar:?]
	at org.testng.SuiteRunner.run(SuiteRunner.java:364) ~[testng-6.14.3.jar:?]
	at org.testng.SuiteRunnerWorker.runSuite(SuiteRunnerWorker.java:52) ~[testng-6.14.3.jar:?]
	at org.testng.SuiteRunnerWorker.run(SuiteRunnerWorker.java:84) ~[testng-6.14.3.jar:?]
	at org.testng.TestNG.runSuitesSequentially(TestNG.java:1208) ~[testng-6.14.3.jar:?]
	at org.testng.TestNG.runSuitesLocally(TestNG.java:1137) ~[testng-6.14.3.jar:?]
	at org.testng.TestNG.runSuites(TestNG.java:1049) ~[testng-6.14.3.jar:?]
	at org.testng.TestNG.run(TestNG.java:1017) ~[testng-6.14.3.jar:?]
	at org.apache.maven.surefire.testng.TestNGExecutor.run(TestNGExecutor.java:308) ~[surefire-testng-3.3.0.jar:3.3.0]
	at org.apache.maven.surefire.testng.TestNGXmlTestSuite.execute(TestNGXmlTestSuite.java:71) ~[surefire-testng-3.3.0.jar:3.3.0]
	at org.apache.maven.surefire.testng.TestNGProvider.invoke(TestNGProvider.java:113) ~[surefire-testng-3.3.0.jar:3.3.0]
	at org.apache.maven.surefire.booter.ForkedBooter.runSuitesInProcess(ForkedBooter.java:385) ~[surefire-booter-3.3.0.jar:3.3.0]
	at org.apache.maven.surefire.booter.ForkedBooter.execute(ForkedBooter.java:162) ~[surefire-booter-3.3.0.jar:3.3.0]
	at org.apache.maven.surefire.booter.ForkedBooter.run(ForkedBooter.java:507) ~[surefire-booter-3.3.0.jar:3.3.0]
	at org.apache.maven.surefire.booter.ForkedBooter.main(ForkedBooter.java:495) ~[surefire-booter-3.3.0.jar:3.3.0]
17:05:53.993 [main] ERROR org.apache.poi.openxml4j.opc.PackageRelationshipCollection - Cannot convert mailto:2343456378912@#&^*gvadhfbjnf in a valid relationship URI-> dummy-URI used
java.net.URISyntaxException: Illegal character in fragment at index 23: mailto:2343456378912@#&^*gvadhfbjnf
	at java.net.URI$Parser.fail(URI.java:2995) ~[?:?]
	at java.net.URI$Parser.checkChars(URI.java:3166) ~[?:?]
	at java.net.URI$Parser.parse(URI.java:3210) ~[?:?]
	at java.net.URI.<init>(URI.java:645) ~[?:?]
	at org.apache.poi.openxml4j.opc.PackagingURIHelper.toURI(PackagingURIHelper.java:723) ~[poi-ooxml-5.2.2.jar:5.2.2]
	at org.apache.poi.openxml4j.opc.PackageRelationshipCollection.parseRelationshipsPart(PackageRelationshipCollection.java:358) ~[poi-ooxml-5.2.2.jar:5.2.2]
	at org.apache.poi.openxml4j.opc.PackageRelationshipCollection.<init>(PackageRelationshipCollection.java:160) ~[poi-ooxml-5.2.2.jar:5.2.2]
	at org.apache.poi.openxml4j.opc.PackageRelationshipCollection.<init>(PackageRelationshipCollection.java:130) ~[poi-ooxml-5.2.2.jar:5.2.2]
	at org.apache.poi.openxml4j.opc.PackagePart.loadRelationships(PackagePart.java:565) ~[poi-ooxml-5.2.2.jar:5.2.2]
	at org.apache.poi.openxml4j.opc.OPCPackage.getParts(OPCPackage.java:745) ~[poi-ooxml-5.2.2.jar:5.2.2]
	at org.apache.poi.openxml4j.opc.OPCPackage.open(OPCPackage.java:315) ~[poi-ooxml-5.2.2.jar:5.2.2]
	at org.apache.poi.ooxml.util.PackageHelper.open(PackageHelper.java:59) ~[poi-ooxml-5.2.2.jar:5.2.2]
	at org.apache.poi.xssf.usermodel.XSSFWorkbook.<init>(XSSFWorkbook.java:289) ~[poi-ooxml-5.2.2.jar:5.2.2]
	at org.apache.poi.xssf.usermodel.XSSFWorkbook.<init>(XSSFWorkbook.java:285) ~[poi-ooxml-5.2.2.jar:5.2.2]
	at com.MOFutility.API_Excelutilities.readServiceIdFromExcel(API_Excelutilities.java:20) ~[test-classes/:?]
	at com.MOF.constants.API_URL.<clinit>(API_URL.java:233) ~[test-classes/:?]
	at com.MOFapi.MOFapi.Fetchvalid_SingleService_ValidServiceid(MOFapi.java:4891) ~[test-classes/:?]
	at jdk.internal.reflect.DirectMethodHandleAccessor.invoke(DirectMethodHandleAccessor.java:103) ~[?:?]
	at java.lang.reflect.Method.invoke(Method.java:580) ~[?:?]
	at org.testng.internal.MethodInvocationHelper.invokeMethod(MethodInvocationHelper.java:124) ~[testng-6.14.3.jar:?]
	at org.testng.internal.Invoker.invokeMethod(Invoker.java:583) ~[testng-6.14.3.jar:?]
	at org.testng.internal.Invoker.invokeTestMethod(Invoker.java:719) ~[testng-6.14.3.jar:?]
	at org.testng.internal.Invoker.invokeTestMethods(Invoker.java:989) ~[testng-6.14.3.jar:?]
	at org.testng.internal.TestMethodWorker.invokeTestMethods(TestMethodWorker.java:125) ~[testng-6.14.3.jar:?]
	at org.testng.internal.TestMethodWorker.run(TestMethodWorker.java:109) ~[testng-6.14.3.jar:?]
	at org.testng.TestRunner.privateRun(TestRunner.java:648) ~[testng-6.14.3.jar:?]
	at org.testng.TestRunner.run(TestRunner.java:505) ~[testng-6.14.3.jar:?]
	at org.testng.SuiteRunner.runTest(SuiteRunner.java:455) ~[testng-6.14.3.jar:?]
	at org.testng.SuiteRunner.runSequentially(SuiteRunner.java:450) ~[testng-6.14.3.jar:?]
	at org.testng.SuiteRunner.privateRun(SuiteRunner.java:415) ~[testng-6.14.3.jar:?]
	at org.testng.SuiteRunner.run(SuiteRunner.java:364) ~[testng-6.14.3.jar:?]
	at org.testng.SuiteRunnerWorker.runSuite(SuiteRunnerWorker.java:52) ~[testng-6.14.3.jar:?]
	at org.testng.SuiteRunnerWorker.run(SuiteRunnerWorker.java:84) ~[testng-6.14.3.jar:?]
	at org.testng.TestNG.runSuitesSequentially(TestNG.java:1208) ~[testng-6.14.3.jar:?]
	at org.testng.TestNG.runSuitesLocally(TestNG.java:1137) ~[testng-6.14.3.jar:?]
	at org.testng.TestNG.runSuites(TestNG.java:1049) ~[testng-6.14.3.jar:?]
	at org.testng.TestNG.run(TestNG.java:1017) ~[testng-6.14.3.jar:?]
	at org.apache.maven.surefire.testng.TestNGExecutor.run(TestNGExecutor.java:308) ~[surefire-testng-3.3.0.jar:3.3.0]
	at org.apache.maven.surefire.testng.TestNGXmlTestSuite.execute(TestNGXmlTestSuite.java:71) ~[surefire-testng-3.3.0.jar:3.3.0]
	at org.apache.maven.surefire.testng.TestNGProvider.invoke(TestNGProvider.java:113) ~[surefire-testng-3.3.0.jar:3.3.0]
	at org.apache.maven.surefire.booter.ForkedBooter.runSuitesInProcess(ForkedBooter.java:385) ~[surefire-booter-3.3.0.jar:3.3.0]
	at org.apache.maven.surefire.booter.ForkedBooter.execute(ForkedBooter.java:162) ~[surefire-booter-3.3.0.jar:3.3.0]
	at org.apache.maven.surefire.booter.ForkedBooter.run(ForkedBooter.java:507) ~[surefire-booter-3.3.0.jar:3.3.0]
	at org.apache.maven.surefire.booter.ForkedBooter.main(ForkedBooter.java:495) ~[surefire-booter-3.3.0.jar:3.3.0]
17:05:54.023 [main] ERROR org.apache.poi.openxml4j.opc.PackageRelationshipCollection - Cannot convert mailto:ALPA@#$%^245234534 in a valid relationship URI-> dummy-URI used
java.net.URISyntaxException: Malformed escape pair at index 14: mailto:ALPA@#$%^245234534
	at java.net.URI$Parser.fail(URI.java:2995) ~[?:?]
	at java.net.URI$Parser.scanEscape(URI.java:3123) ~[?:?]
	at java.net.URI$Parser.scan(URI.java:3146) ~[?:?]
	at java.net.URI$Parser.checkChars(URI.java:3164) ~[?:?]
	at java.net.URI$Parser.parse(URI.java:3210) ~[?:?]
	at java.net.URI.<init>(URI.java:645) ~[?:?]
	at org.apache.poi.openxml4j.opc.PackagingURIHelper.toURI(PackagingURIHelper.java:723) ~[poi-ooxml-5.2.2.jar:5.2.2]
	at org.apache.poi.openxml4j.opc.PackageRelationshipCollection.parseRelationshipsPart(PackageRelationshipCollection.java:358) ~[poi-ooxml-5.2.2.jar:5.2.2]
	at org.apache.poi.openxml4j.opc.PackageRelationshipCollection.<init>(PackageRelationshipCollection.java:160) ~[poi-ooxml-5.2.2.jar:5.2.2]
	at org.apache.poi.openxml4j.opc.PackageRelationshipCollection.<init>(PackageRelationshipCollection.java:130) ~[poi-ooxml-5.2.2.jar:5.2.2]
	at org.apache.poi.openxml4j.opc.PackagePart.loadRelationships(PackagePart.java:565) ~[poi-ooxml-5.2.2.jar:5.2.2]
	at org.apache.poi.openxml4j.opc.OPCPackage.getParts(OPCPackage.java:745) ~[poi-ooxml-5.2.2.jar:5.2.2]
	at org.apache.poi.openxml4j.opc.OPCPackage.open(OPCPackage.java:315) ~[poi-ooxml-5.2.2.jar:5.2.2]
	at org.apache.poi.ooxml.util.PackageHelper.open(PackageHelper.java:59) ~[poi-ooxml-5.2.2.jar:5.2.2]
	at org.apache.poi.xssf.usermodel.XSSFWorkbook.<init>(XSSFWorkbook.java:289) ~[poi-ooxml-5.2.2.jar:5.2.2]
	at org.apache.poi.xssf.usermodel.XSSFWorkbook.<init>(XSSFWorkbook.java:285) ~[poi-ooxml-5.2.2.jar:5.2.2]
	at com.MOFutility.API_Excelutilities.readServiceIdFromExcel(API_Excelutilities.java:20) ~[test-classes/:?]
	at com.MOF.constants.API_URL.<clinit>(API_URL.java:234) ~[test-classes/:?]
	at com.MOFapi.MOFapi.Fetchvalid_SingleService_ValidServiceid(MOFapi.java:4891) ~[test-classes/:?]
	at jdk.internal.reflect.DirectMethodHandleAccessor.invoke(DirectMethodHandleAccessor.java:103) ~[?:?]
	at java.lang.reflect.Method.invoke(Method.java:580) ~[?:?]
	at org.testng.internal.MethodInvocationHelper.invokeMethod(MethodInvocationHelper.java:124) ~[testng-6.14.3.jar:?]
	at org.testng.internal.Invoker.invokeMethod(Invoker.java:583) ~[testng-6.14.3.jar:?]
	at org.testng.internal.Invoker.invokeTestMethod(Invoker.java:719) ~[testng-6.14.3.jar:?]
	at org.testng.internal.Invoker.invokeTestMethods(Invoker.java:989) ~[testng-6.14.3.jar:?]
	at org.testng.internal.TestMethodWorker.invokeTestMethods(TestMethodWorker.java:125) ~[testng-6.14.3.jar:?]
	at org.testng.internal.TestMethodWorker.run(TestMethodWorker.java:109) ~[testng-6.14.3.jar:?]
	at org.testng.TestRunner.privateRun(TestRunner.java:648) ~[testng-6.14.3.jar:?]
	at org.testng.TestRunner.run(TestRunner.java:505) ~[testng-6.14.3.jar:?]
	at org.testng.SuiteRunner.runTest(SuiteRunner.java:455) ~[testng-6.14.3.jar:?]
	at org.testng.SuiteRunner.runSequentially(SuiteRunner.java:450) ~[testng-6.14.3.jar:?]
	at org.testng.SuiteRunner.privateRun(SuiteRunner.java:415) ~[testng-6.14.3.jar:?]
	at org.testng.SuiteRunner.run(SuiteRunner.java:364) ~[testng-6.14.3.jar:?]
	at org.testng.SuiteRunnerWorker.runSuite(SuiteRunnerWorker.java:52) ~[testng-6.14.3.jar:?]
	at org.testng.SuiteRunnerWorker.run(SuiteRunnerWorker.java:84) ~[testng-6.14.3.jar:?]
	at org.testng.TestNG.runSuitesSequentially(TestNG.java:1208) ~[testng-6.14.3.jar:?]
	at org.testng.TestNG.runSuitesLocally(TestNG.java:1137) ~[testng-6.14.3.jar:?]
	at org.testng.TestNG.runSuites(TestNG.java:1049) ~[testng-6.14.3.jar:?]
	at org.testng.TestNG.run(TestNG.java:1017) ~[testng-6.14.3.jar:?]
	at org.apache.maven.surefire.testng.TestNGExecutor.run(TestNGExecutor.java:308) ~[surefire-testng-3.3.0.jar:3.3.0]
	at org.apache.maven.surefire.testng.TestNGXmlTestSuite.execute(TestNGXmlTestSuite.java:71) ~[surefire-testng-3.3.0.jar:3.3.0]
	at org.apache.maven.surefire.testng.TestNGProvider.invoke(TestNGProvider.java:113) ~[surefire-testng-3.3.0.jar:3.3.0]
	at org.apache.maven.surefire.booter.ForkedBooter.runSuitesInProcess(ForkedBooter.java:385) ~[surefire-booter-3.3.0.jar:3.3.0]
	at org.apache.maven.surefire.booter.ForkedBooter.execute(ForkedBooter.java:162) ~[surefire-booter-3.3.0.jar:3.3.0]
	at org.apache.maven.surefire.booter.ForkedBooter.run(ForkedBooter.java:507) ~[surefire-booter-3.3.0.jar:3.3.0]
	at org.apache.maven.surefire.booter.ForkedBooter.main(ForkedBooter.java:495) ~[surefire-booter-3.3.0.jar:3.3.0]
17:05:54.025 [main] ERROR org.apache.poi.openxml4j.opc.PackageRelationshipCollection - Cannot convert mailto:ALPHAAAAAA@@@@@!@##$$$%12344 in a valid relationship URI-> dummy-URI used
java.net.URISyntaxException: Illegal character in fragment at index 25: mailto:ALPHAAAAAA@@@@@!@##$$$%12344
	at java.net.URI$Parser.fail(URI.java:2995) ~[?:?]
	at java.net.URI$Parser.checkChars(URI.java:3166) ~[?:?]
	at java.net.URI$Parser.parse(URI.java:3210) ~[?:?]
	at java.net.URI.<init>(URI.java:645) ~[?:?]
	at org.apache.poi.openxml4j.opc.PackagingURIHelper.toURI(PackagingURIHelper.java:723) ~[poi-ooxml-5.2.2.jar:5.2.2]
	at org.apache.poi.openxml4j.opc.PackageRelationshipCollection.parseRelationshipsPart(PackageRelationshipCollection.java:358) ~[poi-ooxml-5.2.2.jar:5.2.2]
	at org.apache.poi.openxml4j.opc.PackageRelationshipCollection.<init>(PackageRelationshipCollection.java:160) ~[poi-ooxml-5.2.2.jar:5.2.2]
	at org.apache.poi.openxml4j.opc.PackageRelationshipCollection.<init>(PackageRelationshipCollection.java:130) ~[poi-ooxml-5.2.2.jar:5.2.2]
	at org.apache.poi.openxml4j.opc.PackagePart.loadRelationships(PackagePart.java:565) ~[poi-ooxml-5.2.2.jar:5.2.2]
	at org.apache.poi.openxml4j.opc.OPCPackage.getParts(OPCPackage.java:745) ~[poi-ooxml-5.2.2.jar:5.2.2]
	at org.apache.poi.openxml4j.opc.OPCPackage.open(OPCPackage.java:315) ~[poi-ooxml-5.2.2.jar:5.2.2]
	at org.apache.poi.ooxml.util.PackageHelper.open(PackageHelper.java:59) ~[poi-ooxml-5.2.2.jar:5.2.2]
	at org.apache.poi.xssf.usermodel.XSSFWorkbook.<init>(XSSFWorkbook.java:289) ~[poi-ooxml-5.2.2.jar:5.2.2]
	at org.apache.poi.xssf.usermodel.XSSFWorkbook.<init>(XSSFWorkbook.java:285) ~[poi-ooxml-5.2.2.jar:5.2.2]
	at com.MOFutility.API_Excelutilities.readServiceIdFromExcel(API_Excelutilities.java:20) ~[test-classes/:?]
	at com.MOF.constants.API_URL.<clinit>(API_URL.java:234) ~[test-classes/:?]
	at com.MOFapi.MOFapi.Fetchvalid_SingleService_ValidServiceid(MOFapi.java:4891) ~[test-classes/:?]
	at jdk.internal.reflect.DirectMethodHandleAccessor.invoke(DirectMethodHandleAccessor.java:103) ~[?:?]
	at java.lang.reflect.Method.invoke(Method.java:580) ~[?:?]
	at org.testng.internal.MethodInvocationHelper.invokeMethod(MethodInvocationHelper.java:124) ~[testng-6.14.3.jar:?]
	at org.testng.internal.Invoker.invokeMethod(Invoker.java:583) ~[testng-6.14.3.jar:?]
	at org.testng.internal.Invoker.invokeTestMethod(Invoker.java:719) ~[testng-6.14.3.jar:?]
	at org.testng.internal.Invoker.invokeTestMethods(Invoker.java:989) ~[testng-6.14.3.jar:?]
	at org.testng.internal.TestMethodWorker.invokeTestMethods(TestMethodWorker.java:125) ~[testng-6.14.3.jar:?]
	at org.testng.internal.TestMethodWorker.run(TestMethodWorker.java:109) ~[testng-6.14.3.jar:?]
	at org.testng.TestRunner.privateRun(TestRunner.java:648) ~[testng-6.14.3.jar:?]
	at org.testng.TestRunner.run(TestRunner.java:505) ~[testng-6.14.3.jar:?]
	at org.testng.SuiteRunner.runTest(SuiteRunner.java:455) ~[testng-6.14.3.jar:?]
	at org.testng.SuiteRunner.runSequentially(SuiteRunner.java:450) ~[testng-6.14.3.jar:?]
	at org.testng.SuiteRunner.privateRun(SuiteRunner.java:415) ~[testng-6.14.3.jar:?]
	at org.testng.SuiteRunner.run(SuiteRunner.java:364) ~[testng-6.14.3.jar:?]
	at org.testng.SuiteRunnerWorker.runSuite(SuiteRunnerWorker.java:52) ~[testng-6.14.3.jar:?]
	at org.testng.SuiteRunnerWorker.run(SuiteRunnerWorker.java:84) ~[testng-6.14.3.jar:?]
	at org.testng.TestNG.runSuitesSequentially(TestNG.java:1208) ~[testng-6.14.3.jar:?]
	at org.testng.TestNG.runSuitesLocally(TestNG.java:1137) ~[testng-6.14.3.jar:?]
	at org.testng.TestNG.runSuites(TestNG.java:1049) ~[testng-6.14.3.jar:?]
	at org.testng.TestNG.run(TestNG.java:1017) ~[testng-6.14.3.jar:?]
	at org.apache.maven.surefire.testng.TestNGExecutor.run(TestNGExecutor.java:308) ~[surefire-testng-3.3.0.jar:3.3.0]
	at org.apache.maven.surefire.testng.TestNGXmlTestSuite.execute(TestNGXmlTestSuite.java:71) ~[surefire-testng-3.3.0.jar:3.3.0]
	at org.apache.maven.surefire.testng.TestNGProvider.invoke(TestNGProvider.java:113) ~[surefire-testng-3.3.0.jar:3.3.0]
	at org.apache.maven.surefire.booter.ForkedBooter.runSuitesInProcess(ForkedBooter.java:385) ~[surefire-booter-3.3.0.jar:3.3.0]
	at org.apache.maven.surefire.booter.ForkedBooter.execute(ForkedBooter.java:162) ~[surefire-booter-3.3.0.jar:3.3.0]
	at org.apache.maven.surefire.booter.ForkedBooter.run(ForkedBooter.java:507) ~[surefire-booter-3.3.0.jar:3.3.0]
	at org.apache.maven.surefire.booter.ForkedBooter.main(ForkedBooter.java:495) ~[surefire-booter-3.3.0.jar:3.3.0]
17:05:54.025 [main] ERROR org.apache.poi.openxml4j.opc.PackageRelationshipCollection - Cannot convert mailto:2343456378912@#&^*gvadhfbjnf in a valid relationship URI-> dummy-URI used
java.net.URISyntaxException: Illegal character in fragment at index 23: mailto:2343456378912@#&^*gvadhfbjnf
	at java.net.URI$Parser.fail(URI.java:2995) ~[?:?]
	at java.net.URI$Parser.checkChars(URI.java:3166) ~[?:?]
	at java.net.URI$Parser.parse(URI.java:3210) ~[?:?]
	at java.net.URI.<init>(URI.java:645) ~[?:?]
	at org.apache.poi.openxml4j.opc.PackagingURIHelper.toURI(PackagingURIHelper.java:723) ~[poi-ooxml-5.2.2.jar:5.2.2]
	at org.apache.poi.openxml4j.opc.PackageRelationshipCollection.parseRelationshipsPart(PackageRelationshipCollection.java:358) ~[poi-ooxml-5.2.2.jar:5.2.2]
	at org.apache.poi.openxml4j.opc.PackageRelationshipCollection.<init>(PackageRelationshipCollection.java:160) ~[poi-ooxml-5.2.2.jar:5.2.2]
	at org.apache.poi.openxml4j.opc.PackageRelationshipCollection.<init>(PackageRelationshipCollection.java:130) ~[poi-ooxml-5.2.2.jar:5.2.2]
	at org.apache.poi.openxml4j.opc.PackagePart.loadRelationships(PackagePart.java:565) ~[poi-ooxml-5.2.2.jar:5.2.2]
	at org.apache.poi.openxml4j.opc.OPCPackage.getParts(OPCPackage.java:745) ~[poi-ooxml-5.2.2.jar:5.2.2]
	at org.apache.poi.openxml4j.opc.OPCPackage.open(OPCPackage.java:315) ~[poi-ooxml-5.2.2.jar:5.2.2]
	at org.apache.poi.ooxml.util.PackageHelper.open(PackageHelper.java:59) ~[poi-ooxml-5.2.2.jar:5.2.2]
	at org.apache.poi.xssf.usermodel.XSSFWorkbook.<init>(XSSFWorkbook.java:289) ~[poi-ooxml-5.2.2.jar:5.2.2]
	at org.apache.poi.xssf.usermodel.XSSFWorkbook.<init>(XSSFWorkbook.java:285) ~[poi-ooxml-5.2.2.jar:5.2.2]
	at com.MOFutility.API_Excelutilities.readServiceIdFromExcel(API_Excelutilities.java:20) ~[test-classes/:?]
	at com.MOF.constants.API_URL.<clinit>(API_URL.java:234) ~[test-classes/:?]
	at com.MOFapi.MOFapi.Fetchvalid_SingleService_ValidServiceid(MOFapi.java:4891) ~[test-classes/:?]
	at jdk.internal.reflect.DirectMethodHandleAccessor.invoke(DirectMethodHandleAccessor.java:103) ~[?:?]
	at java.lang.reflect.Method.invoke(Method.java:580) ~[?:?]
	at org.testng.internal.MethodInvocationHelper.invokeMethod(MethodInvocationHelper.java:124) ~[testng-6.14.3.jar:?]
	at org.testng.internal.Invoker.invokeMethod(Invoker.java:583) ~[testng-6.14.3.jar:?]
	at org.testng.internal.Invoker.invokeTestMethod(Invoker.java:719) ~[testng-6.14.3.jar:?]
	at org.testng.internal.Invoker.invokeTestMethods(Invoker.java:989) ~[testng-6.14.3.jar:?]
	at org.testng.internal.TestMethodWorker.invokeTestMethods(TestMethodWorker.java:125) ~[testng-6.14.3.jar:?]
	at org.testng.internal.TestMethodWorker.run(TestMethodWorker.java:109) ~[testng-6.14.3.jar:?]
	at org.testng.TestRunner.privateRun(TestRunner.java:648) ~[testng-6.14.3.jar:?]
	at org.testng.TestRunner.run(TestRunner.java:505) ~[testng-6.14.3.jar:?]
	at org.testng.SuiteRunner.runTest(SuiteRunner.java:455) ~[testng-6.14.3.jar:?]
	at org.testng.SuiteRunner.runSequentially(SuiteRunner.java:450) ~[testng-6.14.3.jar:?]
	at org.testng.SuiteRunner.privateRun(SuiteRunner.java:415) ~[testng-6.14.3.jar:?]
	at org.testng.SuiteRunner.run(SuiteRunner.java:364) ~[testng-6.14.3.jar:?]
	at org.testng.SuiteRunnerWorker.runSuite(SuiteRunnerWorker.java:52) ~[testng-6.14.3.jar:?]
	at org.testng.SuiteRunnerWorker.run(SuiteRunnerWorker.java:84) ~[testng-6.14.3.jar:?]
	at org.testng.TestNG.runSuitesSequentially(TestNG.java:1208) ~[testng-6.14.3.jar:?]
	at org.testng.TestNG.runSuitesLocally(TestNG.java:1137) ~[testng-6.14.3.jar:?]
	at org.testng.TestNG.runSuites(TestNG.java:1049) ~[testng-6.14.3.jar:?]
	at org.testng.TestNG.run(TestNG.java:1017) ~[testng-6.14.3.jar:?]
	at org.apache.maven.surefire.testng.TestNGExecutor.run(TestNGExecutor.java:308) ~[surefire-testng-3.3.0.jar:3.3.0]
	at org.apache.maven.surefire.testng.TestNGXmlTestSuite.execute(TestNGXmlTestSuite.java:71) ~[surefire-testng-3.3.0.jar:3.3.0]
	at org.apache.maven.surefire.testng.TestNGProvider.invoke(TestNGProvider.java:113) ~[surefire-testng-3.3.0.jar:3.3.0]
	at org.apache.maven.surefire.booter.ForkedBooter.runSuitesInProcess(ForkedBooter.java:385) ~[surefire-booter-3.3.0.jar:3.3.0]
	at org.apache.maven.surefire.booter.ForkedBooter.execute(ForkedBooter.java:162) ~[surefire-booter-3.3.0.jar:3.3.0]
	at org.apache.maven.surefire.booter.ForkedBooter.run(ForkedBooter.java:507) ~[surefire-booter-3.3.0.jar:3.3.0]
	at org.apache.maven.surefire.booter.ForkedBooter.main(ForkedBooter.java:495) ~[surefire-booter-3.3.0.jar:3.3.0]
17:05:54.053 [main] ERROR org.apache.poi.openxml4j.opc.PackageRelationshipCollection - Cannot convert mailto:ALPA@#$%^245234534 in a valid relationship URI-> dummy-URI used
java.net.URISyntaxException: Malformed escape pair at index 14: mailto:ALPA@#$%^245234534
	at java.net.URI$Parser.fail(URI.java:2995) ~[?:?]
	at java.net.URI$Parser.scanEscape(URI.java:3123) ~[?:?]
	at java.net.URI$Parser.scan(URI.java:3146) ~[?:?]
	at java.net.URI$Parser.checkChars(URI.java:3164) ~[?:?]
	at java.net.URI$Parser.parse(URI.java:3210) ~[?:?]
	at java.net.URI.<init>(URI.java:645) ~[?:?]
	at org.apache.poi.openxml4j.opc.PackagingURIHelper.toURI(PackagingURIHelper.java:723) ~[poi-ooxml-5.2.2.jar:5.2.2]
	at org.apache.poi.openxml4j.opc.PackageRelationshipCollection.parseRelationshipsPart(PackageRelationshipCollection.java:358) ~[poi-ooxml-5.2.2.jar:5.2.2]
	at org.apache.poi.openxml4j.opc.PackageRelationshipCollection.<init>(PackageRelationshipCollection.java:160) ~[poi-ooxml-5.2.2.jar:5.2.2]
	at org.apache.poi.openxml4j.opc.PackageRelationshipCollection.<init>(PackageRelationshipCollection.java:130) ~[poi-ooxml-5.2.2.jar:5.2.2]
	at org.apache.poi.openxml4j.opc.PackagePart.loadRelationships(PackagePart.java:565) ~[poi-ooxml-5.2.2.jar:5.2.2]
	at org.apache.poi.openxml4j.opc.OPCPackage.getParts(OPCPackage.java:745) ~[poi-ooxml-5.2.2.jar:5.2.2]
	at org.apache.poi.openxml4j.opc.OPCPackage.open(OPCPackage.java:315) ~[poi-ooxml-5.2.2.jar:5.2.2]
	at org.apache.poi.ooxml.util.PackageHelper.open(PackageHelper.java:59) ~[poi-ooxml-5.2.2.jar:5.2.2]
	at org.apache.poi.xssf.usermodel.XSSFWorkbook.<init>(XSSFWorkbook.java:289) ~[poi-ooxml-5.2.2.jar:5.2.2]
	at org.apache.poi.xssf.usermodel.XSSFWorkbook.<init>(XSSFWorkbook.java:285) ~[poi-ooxml-5.2.2.jar:5.2.2]
	at com.MOFutility.API_Excelutilities.readServiceIdFromExcel(API_Excelutilities.java:20) ~[test-classes/:?]
	at com.MOF.constants.API_URL.<clinit>(API_URL.java:235) ~[test-classes/:?]
	at com.MOFapi.MOFapi.Fetchvalid_SingleService_ValidServiceid(MOFapi.java:4891) ~[test-classes/:?]
	at jdk.internal.reflect.DirectMethodHandleAccessor.invoke(DirectMethodHandleAccessor.java:103) ~[?:?]
	at java.lang.reflect.Method.invoke(Method.java:580) ~[?:?]
	at org.testng.internal.MethodInvocationHelper.invokeMethod(MethodInvocationHelper.java:124) ~[testng-6.14.3.jar:?]
	at org.testng.internal.Invoker.invokeMethod(Invoker.java:583) ~[testng-6.14.3.jar:?]
	at org.testng.internal.Invoker.invokeTestMethod(Invoker.java:719) ~[testng-6.14.3.jar:?]
	at org.testng.internal.Invoker.invokeTestMethods(Invoker.java:989) ~[testng-6.14.3.jar:?]
	at org.testng.internal.TestMethodWorker.invokeTestMethods(TestMethodWorker.java:125) ~[testng-6.14.3.jar:?]
	at org.testng.internal.TestMethodWorker.run(TestMethodWorker.java:109) ~[testng-6.14.3.jar:?]
	at org.testng.TestRunner.privateRun(TestRunner.java:648) ~[testng-6.14.3.jar:?]
	at org.testng.TestRunner.run(TestRunner.java:505) ~[testng-6.14.3.jar:?]
	at org.testng.SuiteRunner.runTest(SuiteRunner.java:455) ~[testng-6.14.3.jar:?]
	at org.testng.SuiteRunner.runSequentially(SuiteRunner.java:450) ~[testng-6.14.3.jar:?]
	at org.testng.SuiteRunner.privateRun(SuiteRunner.java:415) ~[testng-6.14.3.jar:?]
	at org.testng.SuiteRunner.run(SuiteRunner.java:364) ~[testng-6.14.3.jar:?]
	at org.testng.SuiteRunnerWorker.runSuite(SuiteRunnerWorker.java:52) ~[testng-6.14.3.jar:?]
	at org.testng.SuiteRunnerWorker.run(SuiteRunnerWorker.java:84) ~[testng-6.14.3.jar:?]
	at org.testng.TestNG.runSuitesSequentially(TestNG.java:1208) ~[testng-6.14.3.jar:?]
	at org.testng.TestNG.runSuitesLocally(TestNG.java:1137) ~[testng-6.14.3.jar:?]
	at org.testng.TestNG.runSuites(TestNG.java:1049) ~[testng-6.14.3.jar:?]
	at org.testng.TestNG.run(TestNG.java:1017) ~[testng-6.14.3.jar:?]
	at org.apache.maven.surefire.testng.TestNGExecutor.run(TestNGExecutor.java:308) ~[surefire-testng-3.3.0.jar:3.3.0]
	at org.apache.maven.surefire.testng.TestNGXmlTestSuite.execute(TestNGXmlTestSuite.java:71) ~[surefire-testng-3.3.0.jar:3.3.0]
	at org.apache.maven.surefire.testng.TestNGProvider.invoke(TestNGProvider.java:113) ~[surefire-testng-3.3.0.jar:3.3.0]
	at org.apache.maven.surefire.booter.ForkedBooter.runSuitesInProcess(ForkedBooter.java:385) ~[surefire-booter-3.3.0.jar:3.3.0]
	at org.apache.maven.surefire.booter.ForkedBooter.execute(ForkedBooter.java:162) ~[surefire-booter-3.3.0.jar:3.3.0]
	at org.apache.maven.surefire.booter.ForkedBooter.run(ForkedBooter.java:507) ~[surefire-booter-3.3.0.jar:3.3.0]
	at org.apache.maven.surefire.booter.ForkedBooter.main(ForkedBooter.java:495) ~[surefire-booter-3.3.0.jar:3.3.0]
17:05:54.054 [main] ERROR org.apache.poi.openxml4j.opc.PackageRelationshipCollection - Cannot convert mailto:ALPHAAAAAA@@@@@!@##$$$%12344 in a valid relationship URI-> dummy-URI used
java.net.URISyntaxException: Illegal character in fragment at index 25: mailto:ALPHAAAAAA@@@@@!@##$$$%12344
	at java.net.URI$Parser.fail(URI.java:2995) ~[?:?]
	at java.net.URI$Parser.checkChars(URI.java:3166) ~[?:?]
	at java.net.URI$Parser.parse(URI.java:3210) ~[?:?]
	at java.net.URI.<init>(URI.java:645) ~[?:?]
	at org.apache.poi.openxml4j.opc.PackagingURIHelper.toURI(PackagingURIHelper.java:723) ~[poi-ooxml-5.2.2.jar:5.2.2]
	at org.apache.poi.openxml4j.opc.PackageRelationshipCollection.parseRelationshipsPart(PackageRelationshipCollection.java:358) ~[poi-ooxml-5.2.2.jar:5.2.2]
	at org.apache.poi.openxml4j.opc.PackageRelationshipCollection.<init>(PackageRelationshipCollection.java:160) ~[poi-ooxml-5.2.2.jar:5.2.2]
	at org.apache.poi.openxml4j.opc.PackageRelationshipCollection.<init>(PackageRelationshipCollection.java:130) ~[poi-ooxml-5.2.2.jar:5.2.2]
	at org.apache.poi.openxml4j.opc.PackagePart.loadRelationships(PackagePart.java:565) ~[poi-ooxml-5.2.2.jar:5.2.2]
	at org.apache.poi.openxml4j.opc.OPCPackage.getParts(OPCPackage.java:745) ~[poi-ooxml-5.2.2.jar:5.2.2]
	at org.apache.poi.openxml4j.opc.OPCPackage.open(OPCPackage.java:315) ~[poi-ooxml-5.2.2.jar:5.2.2]
	at org.apache.poi.ooxml.util.PackageHelper.open(PackageHelper.java:59) ~[poi-ooxml-5.2.2.jar:5.2.2]
	at org.apache.poi.xssf.usermodel.XSSFWorkbook.<init>(XSSFWorkbook.java:289) ~[poi-ooxml-5.2.2.jar:5.2.2]
	at org.apache.poi.xssf.usermodel.XSSFWorkbook.<init>(XSSFWorkbook.java:285) ~[poi-ooxml-5.2.2.jar:5.2.2]
	at com.MOFutility.API_Excelutilities.readServiceIdFromExcel(API_Excelutilities.java:20) ~[test-classes/:?]
	at com.MOF.constants.API_URL.<clinit>(API_URL.java:235) ~[test-classes/:?]
	at com.MOFapi.MOFapi.Fetchvalid_SingleService_ValidServiceid(MOFapi.java:4891) ~[test-classes/:?]
	at jdk.internal.reflect.DirectMethodHandleAccessor.invoke(DirectMethodHandleAccessor.java:103) ~[?:?]
	at java.lang.reflect.Method.invoke(Method.java:580) ~[?:?]
	at org.testng.internal.MethodInvocationHelper.invokeMethod(MethodInvocationHelper.java:124) ~[testng-6.14.3.jar:?]
	at org.testng.internal.Invoker.invokeMethod(Invoker.java:583) ~[testng-6.14.3.jar:?]
	at org.testng.internal.Invoker.invokeTestMethod(Invoker.java:719) ~[testng-6.14.3.jar:?]
	at org.testng.internal.Invoker.invokeTestMethods(Invoker.java:989) ~[testng-6.14.3.jar:?]
	at org.testng.internal.TestMethodWorker.invokeTestMethods(TestMethodWorker.java:125) ~[testng-6.14.3.jar:?]
	at org.testng.internal.TestMethodWorker.run(TestMethodWorker.java:109) ~[testng-6.14.3.jar:?]
	at org.testng.TestRunner.privateRun(TestRunner.java:648) ~[testng-6.14.3.jar:?]
	at org.testng.TestRunner.run(TestRunner.java:505) ~[testng-6.14.3.jar:?]
	at org.testng.SuiteRunner.runTest(SuiteRunner.java:455) ~[testng-6.14.3.jar:?]
	at org.testng.SuiteRunner.runSequentially(SuiteRunner.java:450) ~[testng-6.14.3.jar:?]
	at org.testng.SuiteRunner.privateRun(SuiteRunner.java:415) ~[testng-6.14.3.jar:?]
	at org.testng.SuiteRunner.run(SuiteRunner.java:364) ~[testng-6.14.3.jar:?]
	at org.testng.SuiteRunnerWorker.runSuite(SuiteRunnerWorker.java:52) ~[testng-6.14.3.jar:?]
	at org.testng.SuiteRunnerWorker.run(SuiteRunnerWorker.java:84) ~[testng-6.14.3.jar:?]
	at org.testng.TestNG.runSuitesSequentially(TestNG.java:1208) ~[testng-6.14.3.jar:?]
	at org.testng.TestNG.runSuitesLocally(TestNG.java:1137) ~[testng-6.14.3.jar:?]
	at org.testng.TestNG.runSuites(TestNG.java:1049) ~[testng-6.14.3.jar:?]
	at org.testng.TestNG.run(TestNG.java:1017) ~[testng-6.14.3.jar:?]
	at org.apache.maven.surefire.testng.TestNGExecutor.run(TestNGExecutor.java:308) ~[surefire-testng-3.3.0.jar:3.3.0]
	at org.apache.maven.surefire.testng.TestNGXmlTestSuite.execute(TestNGXmlTestSuite.java:71) ~[surefire-testng-3.3.0.jar:3.3.0]
	at org.apache.maven.surefire.testng.TestNGProvider.invoke(TestNGProvider.java:113) ~[surefire-testng-3.3.0.jar:3.3.0]
	at org.apache.maven.surefire.booter.ForkedBooter.runSuitesInProcess(ForkedBooter.java:385) ~[surefire-booter-3.3.0.jar:3.3.0]
	at org.apache.maven.surefire.booter.ForkedBooter.execute(ForkedBooter.java:162) ~[surefire-booter-3.3.0.jar:3.3.0]
	at org.apache.maven.surefire.booter.ForkedBooter.run(ForkedBooter.java:507) ~[surefire-booter-3.3.0.jar:3.3.0]
	at org.apache.maven.surefire.booter.ForkedBooter.main(ForkedBooter.java:495) ~[surefire-booter-3.3.0.jar:3.3.0]
17:05:54.055 [main] ERROR org.apache.poi.openxml4j.opc.PackageRelationshipCollection - Cannot convert mailto:2343456378912@#&^*gvadhfbjnf in a valid relationship URI-> dummy-URI used
java.net.URISyntaxException: Illegal character in fragment at index 23: mailto:2343456378912@#&^*gvadhfbjnf
	at java.net.URI$Parser.fail(URI.java:2995) ~[?:?]
	at java.net.URI$Parser.checkChars(URI.java:3166) ~[?:?]
	at java.net.URI$Parser.parse(URI.java:3210) ~[?:?]
	at java.net.URI.<init>(URI.java:645) ~[?:?]
	at org.apache.poi.openxml4j.opc.PackagingURIHelper.toURI(PackagingURIHelper.java:723) ~[poi-ooxml-5.2.2.jar:5.2.2]
	at org.apache.poi.openxml4j.opc.PackageRelationshipCollection.parseRelationshipsPart(PackageRelationshipCollection.java:358) ~[poi-ooxml-5.2.2.jar:5.2.2]
	at org.apache.poi.openxml4j.opc.PackageRelationshipCollection.<init>(PackageRelationshipCollection.java:160) ~[poi-ooxml-5.2.2.jar:5.2.2]
	at org.apache.poi.openxml4j.opc.PackageRelationshipCollection.<init>(PackageRelationshipCollection.java:130) ~[poi-ooxml-5.2.2.jar:5.2.2]
	at org.apache.poi.openxml4j.opc.PackagePart.loadRelationships(PackagePart.java:565) ~[poi-ooxml-5.2.2.jar:5.2.2]
	at org.apache.poi.openxml4j.opc.OPCPackage.getParts(OPCPackage.java:745) ~[poi-ooxml-5.2.2.jar:5.2.2]
	at org.apache.poi.openxml4j.opc.OPCPackage.open(OPCPackage.java:315) ~[poi-ooxml-5.2.2.jar:5.2.2]
	at org.apache.poi.ooxml.util.PackageHelper.open(PackageHelper.java:59) ~[poi-ooxml-5.2.2.jar:5.2.2]
	at org.apache.poi.xssf.usermodel.XSSFWorkbook.<init>(XSSFWorkbook.java:289) ~[poi-ooxml-5.2.2.jar:5.2.2]
	at org.apache.poi.xssf.usermodel.XSSFWorkbook.<init>(XSSFWorkbook.java:285) ~[poi-ooxml-5.2.2.jar:5.2.2]
	at com.MOFutility.API_Excelutilities.readServiceIdFromExcel(API_Excelutilities.java:20) ~[test-classes/:?]
	at com.MOF.constants.API_URL.<clinit>(API_URL.java:235) ~[test-classes/:?]
	at com.MOFapi.MOFapi.Fetchvalid_SingleService_ValidServiceid(MOFapi.java:4891) ~[test-classes/:?]
	at jdk.internal.reflect.DirectMethodHandleAccessor.invoke(DirectMethodHandleAccessor.java:103) ~[?:?]
	at java.lang.reflect.Method.invoke(Method.java:580) ~[?:?]
	at org.testng.internal.MethodInvocationHelper.invokeMethod(MethodInvocationHelper.java:124) ~[testng-6.14.3.jar:?]
	at org.testng.internal.Invoker.invokeMethod(Invoker.java:583) ~[testng-6.14.3.jar:?]
	at org.testng.internal.Invoker.invokeTestMethod(Invoker.java:719) ~[testng-6.14.3.jar:?]
	at org.testng.internal.Invoker.invokeTestMethods(Invoker.java:989) ~[testng-6.14.3.jar:?]
	at org.testng.internal.TestMethodWorker.invokeTestMethods(TestMethodWorker.java:125) ~[testng-6.14.3.jar:?]
	at org.testng.internal.TestMethodWorker.run(TestMethodWorker.java:109) ~[testng-6.14.3.jar:?]
	at org.testng.TestRunner.privateRun(TestRunner.java:648) ~[testng-6.14.3.jar:?]
	at org.testng.TestRunner.run(TestRunner.java:505) ~[testng-6.14.3.jar:?]
	at org.testng.SuiteRunner.runTest(SuiteRunner.java:455) ~[testng-6.14.3.jar:?]
	at org.testng.SuiteRunner.runSequentially(SuiteRunner.java:450) ~[testng-6.14.3.jar:?]
	at org.testng.SuiteRunner.privateRun(SuiteRunner.java:415) ~[testng-6.14.3.jar:?]
	at org.testng.SuiteRunner.run(SuiteRunner.java:364) ~[testng-6.14.3.jar:?]
	at org.testng.SuiteRunnerWorker.runSuite(SuiteRunnerWorker.java:52) ~[testng-6.14.3.jar:?]
	at org.testng.SuiteRunnerWorker.run(SuiteRunnerWorker.java:84) ~[testng-6.14.3.jar:?]
	at org.testng.TestNG.runSuitesSequentially(TestNG.java:1208) ~[testng-6.14.3.jar:?]
	at org.testng.TestNG.runSuitesLocally(TestNG.java:1137) ~[testng-6.14.3.jar:?]
	at org.testng.TestNG.runSuites(TestNG.java:1049) ~[testng-6.14.3.jar:?]
	at org.testng.TestNG.run(TestNG.java:1017) ~[testng-6.14.3.jar:?]
	at org.apache.maven.surefire.testng.TestNGExecutor.run(TestNGExecutor.java:308) ~[surefire-testng-3.3.0.jar:3.3.0]
	at org.apache.maven.surefire.testng.TestNGXmlTestSuite.execute(TestNGXmlTestSuite.java:71) ~[surefire-testng-3.3.0.jar:3.3.0]
	at org.apache.maven.surefire.testng.TestNGProvider.invoke(TestNGProvider.java:113) ~[surefire-testng-3.3.0.jar:3.3.0]
	at org.apache.maven.surefire.booter.ForkedBooter.runSuitesInProcess(ForkedBooter.java:385) ~[surefire-booter-3.3.0.jar:3.3.0]
	at org.apache.maven.surefire.booter.ForkedBooter.execute(ForkedBooter.java:162) ~[surefire-booter-3.3.0.jar:3.3.0]
	at org.apache.maven.surefire.booter.ForkedBooter.run(ForkedBooter.java:507) ~[surefire-booter-3.3.0.jar:3.3.0]
	at org.apache.maven.surefire.booter.ForkedBooter.main(ForkedBooter.java:495) ~[surefire-booter-3.3.0.jar:3.3.0]
17:05:54.084 [main] ERROR org.apache.poi.openxml4j.opc.PackageRelationshipCollection - Cannot convert mailto:ALPA@#$%^245234534 in a valid relationship URI-> dummy-URI used
java.net.URISyntaxException: Malformed escape pair at index 14: mailto:ALPA@#$%^245234534
	at java.net.URI$Parser.fail(URI.java:2995) ~[?:?]
	at java.net.URI$Parser.scanEscape(URI.java:3123) ~[?:?]
	at java.net.URI$Parser.scan(URI.java:3146) ~[?:?]
	at java.net.URI$Parser.checkChars(URI.java:3164) ~[?:?]
	at java.net.URI$Parser.parse(URI.java:3210) ~[?:?]
	at java.net.URI.<init>(URI.java:645) ~[?:?]
	at org.apache.poi.openxml4j.opc.PackagingURIHelper.toURI(PackagingURIHelper.java:723) ~[poi-ooxml-5.2.2.jar:5.2.2]
	at org.apache.poi.openxml4j.opc.PackageRelationshipCollection.parseRelationshipsPart(PackageRelationshipCollection.java:358) ~[poi-ooxml-5.2.2.jar:5.2.2]
	at org.apache.poi.openxml4j.opc.PackageRelationshipCollection.<init>(PackageRelationshipCollection.java:160) ~[poi-ooxml-5.2.2.jar:5.2.2]
	at org.apache.poi.openxml4j.opc.PackageRelationshipCollection.<init>(PackageRelationshipCollection.java:130) ~[poi-ooxml-5.2.2.jar:5.2.2]
	at org.apache.poi.openxml4j.opc.PackagePart.loadRelationships(PackagePart.java:565) ~[poi-ooxml-5.2.2.jar:5.2.2]
	at org.apache.poi.openxml4j.opc.OPCPackage.getParts(OPCPackage.java:745) ~[poi-ooxml-5.2.2.jar:5.2.2]
	at org.apache.poi.openxml4j.opc.OPCPackage.open(OPCPackage.java:315) ~[poi-ooxml-5.2.2.jar:5.2.2]
	at org.apache.poi.ooxml.util.PackageHelper.open(PackageHelper.java:59) ~[poi-ooxml-5.2.2.jar:5.2.2]
	at org.apache.poi.xssf.usermodel.XSSFWorkbook.<init>(XSSFWorkbook.java:289) ~[poi-ooxml-5.2.2.jar:5.2.2]
	at org.apache.poi.xssf.usermodel.XSSFWorkbook.<init>(XSSFWorkbook.java:285) ~[poi-ooxml-5.2.2.jar:5.2.2]
	at com.MOFutility.API_Excelutilities.readServiceIdFromExcel(API_Excelutilities.java:20) ~[test-classes/:?]
	at com.MOF.constants.API_URL.<clinit>(API_URL.java:236) ~[test-classes/:?]
	at com.MOFapi.MOFapi.Fetchvalid_SingleService_ValidServiceid(MOFapi.java:4891) ~[test-classes/:?]
	at jdk.internal.reflect.DirectMethodHandleAccessor.invoke(DirectMethodHandleAccessor.java:103) ~[?:?]
	at java.lang.reflect.Method.invoke(Method.java:580) ~[?:?]
	at org.testng.internal.MethodInvocationHelper.invokeMethod(MethodInvocationHelper.java:124) ~[testng-6.14.3.jar:?]
	at org.testng.internal.Invoker.invokeMethod(Invoker.java:583) ~[testng-6.14.3.jar:?]
	at org.testng.internal.Invoker.invokeTestMethod(Invoker.java:719) ~[testng-6.14.3.jar:?]
	at org.testng.internal.Invoker.invokeTestMethods(Invoker.java:989) ~[testng-6.14.3.jar:?]
	at org.testng.internal.TestMethodWorker.invokeTestMethods(TestMethodWorker.java:125) ~[testng-6.14.3.jar:?]
	at org.testng.internal.TestMethodWorker.run(TestMethodWorker.java:109) ~[testng-6.14.3.jar:?]
	at org.testng.TestRunner.privateRun(TestRunner.java:648) ~[testng-6.14.3.jar:?]
	at org.testng.TestRunner.run(TestRunner.java:505) ~[testng-6.14.3.jar:?]
	at org.testng.SuiteRunner.runTest(SuiteRunner.java:455) ~[testng-6.14.3.jar:?]
	at org.testng.SuiteRunner.runSequentially(SuiteRunner.java:450) ~[testng-6.14.3.jar:?]
	at org.testng.SuiteRunner.privateRun(SuiteRunner.java:415) ~[testng-6.14.3.jar:?]
	at org.testng.SuiteRunner.run(SuiteRunner.java:364) ~[testng-6.14.3.jar:?]
	at org.testng.SuiteRunnerWorker.runSuite(SuiteRunnerWorker.java:52) ~[testng-6.14.3.jar:?]
	at org.testng.SuiteRunnerWorker.run(SuiteRunnerWorker.java:84) ~[testng-6.14.3.jar:?]
	at org.testng.TestNG.runSuitesSequentially(TestNG.java:1208) ~[testng-6.14.3.jar:?]
	at org.testng.TestNG.runSuitesLocally(TestNG.java:1137) ~[testng-6.14.3.jar:?]
	at org.testng.TestNG.runSuites(TestNG.java:1049) ~[testng-6.14.3.jar:?]
	at org.testng.TestNG.run(TestNG.java:1017) ~[testng-6.14.3.jar:?]
	at org.apache.maven.surefire.testng.TestNGExecutor.run(TestNGExecutor.java:308) ~[surefire-testng-3.3.0.jar:3.3.0]
	at org.apache.maven.surefire.testng.TestNGXmlTestSuite.execute(TestNGXmlTestSuite.java:71) ~[surefire-testng-3.3.0.jar:3.3.0]
	at org.apache.maven.surefire.testng.TestNGProvider.invoke(TestNGProvider.java:113) ~[surefire-testng-3.3.0.jar:3.3.0]
	at org.apache.maven.surefire.booter.ForkedBooter.runSuitesInProcess(ForkedBooter.java:385) ~[surefire-booter-3.3.0.jar:3.3.0]
	at org.apache.maven.surefire.booter.ForkedBooter.execute(ForkedBooter.java:162) ~[surefire-booter-3.3.0.jar:3.3.0]
	at org.apache.maven.surefire.booter.ForkedBooter.run(ForkedBooter.java:507) ~[surefire-booter-3.3.0.jar:3.3.0]
	at org.apache.maven.surefire.booter.ForkedBooter.main(ForkedBooter.java:495) ~[surefire-booter-3.3.0.jar:3.3.0]
17:05:54.085 [main] ERROR org.apache.poi.openxml4j.opc.PackageRelationshipCollection - Cannot convert mailto:ALPHAAAAAA@@@@@!@##$$$%12344 in a valid relationship URI-> dummy-URI used
java.net.URISyntaxException: Illegal character in fragment at index 25: mailto:ALPHAAAAAA@@@@@!@##$$$%12344
	at java.net.URI$Parser.fail(URI.java:2995) ~[?:?]
	at java.net.URI$Parser.checkChars(URI.java:3166) ~[?:?]
	at java.net.URI$Parser.parse(URI.java:3210) ~[?:?]
	at java.net.URI.<init>(URI.java:645) ~[?:?]
	at org.apache.poi.openxml4j.opc.PackagingURIHelper.toURI(PackagingURIHelper.java:723) ~[poi-ooxml-5.2.2.jar:5.2.2]
	at org.apache.poi.openxml4j.opc.PackageRelationshipCollection.parseRelationshipsPart(PackageRelationshipCollection.java:358) ~[poi-ooxml-5.2.2.jar:5.2.2]
	at org.apache.poi.openxml4j.opc.PackageRelationshipCollection.<init>(PackageRelationshipCollection.java:160) ~[poi-ooxml-5.2.2.jar:5.2.2]
	at org.apache.poi.openxml4j.opc.PackageRelationshipCollection.<init>(PackageRelationshipCollection.java:130) ~[poi-ooxml-5.2.2.jar:5.2.2]
	at org.apache.poi.openxml4j.opc.PackagePart.loadRelationships(PackagePart.java:565) ~[poi-ooxml-5.2.2.jar:5.2.2]
	at org.apache.poi.openxml4j.opc.OPCPackage.getParts(OPCPackage.java:745) ~[poi-ooxml-5.2.2.jar:5.2.2]
	at org.apache.poi.openxml4j.opc.OPCPackage.open(OPCPackage.java:315) ~[poi-ooxml-5.2.2.jar:5.2.2]
	at org.apache.poi.ooxml.util.PackageHelper.open(PackageHelper.java:59) ~[poi-ooxml-5.2.2.jar:5.2.2]
	at org.apache.poi.xssf.usermodel.XSSFWorkbook.<init>(XSSFWorkbook.java:289) ~[poi-ooxml-5.2.2.jar:5.2.2]
	at org.apache.poi.xssf.usermodel.XSSFWorkbook.<init>(XSSFWorkbook.java:285) ~[poi-ooxml-5.2.2.jar:5.2.2]
	at com.MOFutility.API_Excelutilities.readServiceIdFromExcel(API_Excelutilities.java:20) ~[test-classes/:?]
	at com.MOF.constants.API_URL.<clinit>(API_URL.java:236) ~[test-classes/:?]
	at com.MOFapi.MOFapi.Fetchvalid_SingleService_ValidServiceid(MOFapi.java:4891) ~[test-classes/:?]
	at jdk.internal.reflect.DirectMethodHandleAccessor.invoke(DirectMethodHandleAccessor.java:103) ~[?:?]
	at java.lang.reflect.Method.invoke(Method.java:580) ~[?:?]
	at org.testng.internal.MethodInvocationHelper.invokeMethod(MethodInvocationHelper.java:124) ~[testng-6.14.3.jar:?]
	at org.testng.internal.Invoker.invokeMethod(Invoker.java:583) ~[testng-6.14.3.jar:?]
	at org.testng.internal.Invoker.invokeTestMethod(Invoker.java:719) ~[testng-6.14.3.jar:?]
	at org.testng.internal.Invoker.invokeTestMethods(Invoker.java:989) ~[testng-6.14.3.jar:?]
	at org.testng.internal.TestMethodWorker.invokeTestMethods(TestMethodWorker.java:125) ~[testng-6.14.3.jar:?]
	at org.testng.internal.TestMethodWorker.run(TestMethodWorker.java:109) ~[testng-6.14.3.jar:?]
	at org.testng.TestRunner.privateRun(TestRunner.java:648) ~[testng-6.14.3.jar:?]
	at org.testng.TestRunner.run(TestRunner.java:505) ~[testng-6.14.3.jar:?]
	at org.testng.SuiteRunner.runTest(SuiteRunner.java:455) ~[testng-6.14.3.jar:?]
	at org.testng.SuiteRunner.runSequentially(SuiteRunner.java:450) ~[testng-6.14.3.jar:?]
	at org.testng.SuiteRunner.privateRun(SuiteRunner.java:415) ~[testng-6.14.3.jar:?]
	at org.testng.SuiteRunner.run(SuiteRunner.java:364) ~[testng-6.14.3.jar:?]
	at org.testng.SuiteRunnerWorker.runSuite(SuiteRunnerWorker.java:52) ~[testng-6.14.3.jar:?]
	at org.testng.SuiteRunnerWorker.run(SuiteRunnerWorker.java:84) ~[testng-6.14.3.jar:?]
	at org.testng.TestNG.runSuitesSequentially(TestNG.java:1208) ~[testng-6.14.3.jar:?]
	at org.testng.TestNG.runSuitesLocally(TestNG.java:1137) ~[testng-6.14.3.jar:?]
	at org.testng.TestNG.runSuites(TestNG.java:1049) ~[testng-6.14.3.jar:?]
	at org.testng.TestNG.run(TestNG.java:1017) ~[testng-6.14.3.jar:?]
	at org.apache.maven.surefire.testng.TestNGExecutor.run(TestNGExecutor.java:308) ~[surefire-testng-3.3.0.jar:3.3.0]
	at org.apache.maven.surefire.testng.TestNGXmlTestSuite.execute(TestNGXmlTestSuite.java:71) ~[surefire-testng-3.3.0.jar:3.3.0]
	at org.apache.maven.surefire.testng.TestNGProvider.invoke(TestNGProvider.java:113) ~[surefire-testng-3.3.0.jar:3.3.0]
	at org.apache.maven.surefire.booter.ForkedBooter.runSuitesInProcess(ForkedBooter.java:385) ~[surefire-booter-3.3.0.jar:3.3.0]
	at org.apache.maven.surefire.booter.ForkedBooter.execute(ForkedBooter.java:162) ~[surefire-booter-3.3.0.jar:3.3.0]
	at org.apache.maven.surefire.booter.ForkedBooter.run(ForkedBooter.java:507) ~[surefire-booter-3.3.0.jar:3.3.0]
	at org.apache.maven.surefire.booter.ForkedBooter.main(ForkedBooter.java:495) ~[surefire-booter-3.3.0.jar:3.3.0]
17:05:54.086 [main] ERROR org.apache.poi.openxml4j.opc.PackageRelationshipCollection - Cannot convert mailto:2343456378912@#&^*gvadhfbjnf in a valid relationship URI-> dummy-URI used
java.net.URISyntaxException: Illegal character in fragment at index 23: mailto:2343456378912@#&^*gvadhfbjnf
	at java.net.URI$Parser.fail(URI.java:2995) ~[?:?]
	at java.net.URI$Parser.checkChars(URI.java:3166) ~[?:?]
	at java.net.URI$Parser.parse(URI.java:3210) ~[?:?]
	at java.net.URI.<init>(URI.java:645) ~[?:?]
	at org.apache.poi.openxml4j.opc.PackagingURIHelper.toURI(PackagingURIHelper.java:723) ~[poi-ooxml-5.2.2.jar:5.2.2]
	at org.apache.poi.openxml4j.opc.PackageRelationshipCollection.parseRelationshipsPart(PackageRelationshipCollection.java:358) ~[poi-ooxml-5.2.2.jar:5.2.2]
	at org.apache.poi.openxml4j.opc.PackageRelationshipCollection.<init>(PackageRelationshipCollection.java:160) ~[poi-ooxml-5.2.2.jar:5.2.2]
	at org.apache.poi.openxml4j.opc.PackageRelationshipCollection.<init>(PackageRelationshipCollection.java:130) ~[poi-ooxml-5.2.2.jar:5.2.2]
	at org.apache.poi.openxml4j.opc.PackagePart.loadRelationships(PackagePart.java:565) ~[poi-ooxml-5.2.2.jar:5.2.2]
	at org.apache.poi.openxml4j.opc.OPCPackage.getParts(OPCPackage.java:745) ~[poi-ooxml-5.2.2.jar:5.2.2]
	at org.apache.poi.openxml4j.opc.OPCPackage.open(OPCPackage.java:315) ~[poi-ooxml-5.2.2.jar:5.2.2]
	at org.apache.poi.ooxml.util.PackageHelper.open(PackageHelper.java:59) ~[poi-ooxml-5.2.2.jar:5.2.2]
	at org.apache.poi.xssf.usermodel.XSSFWorkbook.<init>(XSSFWorkbook.java:289) ~[poi-ooxml-5.2.2.jar:5.2.2]
	at org.apache.poi.xssf.usermodel.XSSFWorkbook.<init>(XSSFWorkbook.java:285) ~[poi-ooxml-5.2.2.jar:5.2.2]
	at com.MOFutility.API_Excelutilities.readServiceIdFromExcel(API_Excelutilities.java:20) ~[test-classes/:?]
	at com.MOF.constants.API_URL.<clinit>(API_URL.java:236) ~[test-classes/:?]
	at com.MOFapi.MOFapi.Fetchvalid_SingleService_ValidServiceid(MOFapi.java:4891) ~[test-classes/:?]
	at jdk.internal.reflect.DirectMethodHandleAccessor.invoke(DirectMethodHandleAccessor.java:103) ~[?:?]
	at java.lang.reflect.Method.invoke(Method.java:580) ~[?:?]
	at org.testng.internal.MethodInvocationHelper.invokeMethod(MethodInvocationHelper.java:124) ~[testng-6.14.3.jar:?]
	at org.testng.internal.Invoker.invokeMethod(Invoker.java:583) ~[testng-6.14.3.jar:?]
	at org.testng.internal.Invoker.invokeTestMethod(Invoker.java:719) ~[testng-6.14.3.jar:?]
	at org.testng.internal.Invoker.invokeTestMethods(Invoker.java:989) ~[testng-6.14.3.jar:?]
	at org.testng.internal.TestMethodWorker.invokeTestMethods(TestMethodWorker.java:125) ~[testng-6.14.3.jar:?]
	at org.testng.internal.TestMethodWorker.run(TestMethodWorker.java:109) ~[testng-6.14.3.jar:?]
	at org.testng.TestRunner.privateRun(TestRunner.java:648) ~[testng-6.14.3.jar:?]
	at org.testng.TestRunner.run(TestRunner.java:505) ~[testng-6.14.3.jar:?]
	at org.testng.SuiteRunner.runTest(SuiteRunner.java:455) ~[testng-6.14.3.jar:?]
	at org.testng.SuiteRunner.runSequentially(SuiteRunner.java:450) ~[testng-6.14.3.jar:?]
	at org.testng.SuiteRunner.privateRun(SuiteRunner.java:415) ~[testng-6.14.3.jar:?]
	at org.testng.SuiteRunner.run(SuiteRunner.java:364) ~[testng-6.14.3.jar:?]
	at org.testng.SuiteRunnerWorker.runSuite(SuiteRunnerWorker.java:52) ~[testng-6.14.3.jar:?]
	at org.testng.SuiteRunnerWorker.run(SuiteRunnerWorker.java:84) ~[testng-6.14.3.jar:?]
	at org.testng.TestNG.runSuitesSequentially(TestNG.java:1208) ~[testng-6.14.3.jar:?]
	at org.testng.TestNG.runSuitesLocally(TestNG.java:1137) ~[testng-6.14.3.jar:?]
	at org.testng.TestNG.runSuites(TestNG.java:1049) ~[testng-6.14.3.jar:?]
	at org.testng.TestNG.run(TestNG.java:1017) ~[testng-6.14.3.jar:?]
	at org.apache.maven.surefire.testng.TestNGExecutor.run(TestNGExecutor.java:308) ~[surefire-testng-3.3.0.jar:3.3.0]
	at org.apache.maven.surefire.testng.TestNGXmlTestSuite.execute(TestNGXmlTestSuite.java:71) ~[surefire-testng-3.3.0.jar:3.3.0]
	at org.apache.maven.surefire.testng.TestNGProvider.invoke(TestNGProvider.java:113) ~[surefire-testng-3.3.0.jar:3.3.0]
	at org.apache.maven.surefire.booter.ForkedBooter.runSuitesInProcess(ForkedBooter.java:385) ~[surefire-booter-3.3.0.jar:3.3.0]
	at org.apache.maven.surefire.booter.ForkedBooter.execute(ForkedBooter.java:162) ~[surefire-booter-3.3.0.jar:3.3.0]
	at org.apache.maven.surefire.booter.ForkedBooter.run(ForkedBooter.java:507) ~[surefire-booter-3.3.0.jar:3.3.0]
	at org.apache.maven.surefire.booter.ForkedBooter.main(ForkedBooter.java:495) ~[surefire-booter-3.3.0.jar:3.3.0]
17:05:54.111 [main] ERROR org.apache.poi.openxml4j.opc.PackageRelationshipCollection - Cannot convert mailto:ALPA@#$%^245234534 in a valid relationship URI-> dummy-URI used
java.net.URISyntaxException: Malformed escape pair at index 14: mailto:ALPA@#$%^245234534
	at java.net.URI$Parser.fail(URI.java:2995) ~[?:?]
	at java.net.URI$Parser.scanEscape(URI.java:3123) ~[?:?]
	at java.net.URI$Parser.scan(URI.java:3146) ~[?:?]
	at java.net.URI$Parser.checkChars(URI.java:3164) ~[?:?]
	at java.net.URI$Parser.parse(URI.java:3210) ~[?:?]
	at java.net.URI.<init>(URI.java:645) ~[?:?]
	at org.apache.poi.openxml4j.opc.PackagingURIHelper.toURI(PackagingURIHelper.java:723) ~[poi-ooxml-5.2.2.jar:5.2.2]
	at org.apache.poi.openxml4j.opc.PackageRelationshipCollection.parseRelationshipsPart(PackageRelationshipCollection.java:358) ~[poi-ooxml-5.2.2.jar:5.2.2]
	at org.apache.poi.openxml4j.opc.PackageRelationshipCollection.<init>(PackageRelationshipCollection.java:160) ~[poi-ooxml-5.2.2.jar:5.2.2]
	at org.apache.poi.openxml4j.opc.PackageRelationshipCollection.<init>(PackageRelationshipCollection.java:130) ~[poi-ooxml-5.2.2.jar:5.2.2]
	at org.apache.poi.openxml4j.opc.PackagePart.loadRelationships(PackagePart.java:565) ~[poi-ooxml-5.2.2.jar:5.2.2]
	at org.apache.poi.openxml4j.opc.OPCPackage.getParts(OPCPackage.java:745) ~[poi-ooxml-5.2.2.jar:5.2.2]
	at org.apache.poi.openxml4j.opc.OPCPackage.open(OPCPackage.java:315) ~[poi-ooxml-5.2.2.jar:5.2.2]
	at org.apache.poi.ooxml.util.PackageHelper.open(PackageHelper.java:59) ~[poi-ooxml-5.2.2.jar:5.2.2]
	at org.apache.poi.xssf.usermodel.XSSFWorkbook.<init>(XSSFWorkbook.java:289) ~[poi-ooxml-5.2.2.jar:5.2.2]
	at org.apache.poi.xssf.usermodel.XSSFWorkbook.<init>(XSSFWorkbook.java:285) ~[poi-ooxml-5.2.2.jar:5.2.2]
	at com.MOFutility.API_Excelutilities.readServiceIdFromExcel(API_Excelutilities.java:20) ~[test-classes/:?]
	at com.MOF.constants.API_URL.<clinit>(API_URL.java:237) ~[test-classes/:?]
	at com.MOFapi.MOFapi.Fetchvalid_SingleService_ValidServiceid(MOFapi.java:4891) ~[test-classes/:?]
	at jdk.internal.reflect.DirectMethodHandleAccessor.invoke(DirectMethodHandleAccessor.java:103) ~[?:?]
	at java.lang.reflect.Method.invoke(Method.java:580) ~[?:?]
	at org.testng.internal.MethodInvocationHelper.invokeMethod(MethodInvocationHelper.java:124) ~[testng-6.14.3.jar:?]
	at org.testng.internal.Invoker.invokeMethod(Invoker.java:583) ~[testng-6.14.3.jar:?]
	at org.testng.internal.Invoker.invokeTestMethod(Invoker.java:719) ~[testng-6.14.3.jar:?]
	at org.testng.internal.Invoker.invokeTestMethods(Invoker.java:989) ~[testng-6.14.3.jar:?]
	at org.testng.internal.TestMethodWorker.invokeTestMethods(TestMethodWorker.java:125) ~[testng-6.14.3.jar:?]
	at org.testng.internal.TestMethodWorker.run(TestMethodWorker.java:109) ~[testng-6.14.3.jar:?]
	at org.testng.TestRunner.privateRun(TestRunner.java:648) ~[testng-6.14.3.jar:?]
	at org.testng.TestRunner.run(TestRunner.java:505) ~[testng-6.14.3.jar:?]
	at org.testng.SuiteRunner.runTest(SuiteRunner.java:455) ~[testng-6.14.3.jar:?]
	at org.testng.SuiteRunner.runSequentially(SuiteRunner.java:450) ~[testng-6.14.3.jar:?]
	at org.testng.SuiteRunner.privateRun(SuiteRunner.java:415) ~[testng-6.14.3.jar:?]
	at org.testng.SuiteRunner.run(SuiteRunner.java:364) ~[testng-6.14.3.jar:?]
	at org.testng.SuiteRunnerWorker.runSuite(SuiteRunnerWorker.java:52) ~[testng-6.14.3.jar:?]
	at org.testng.SuiteRunnerWorker.run(SuiteRunnerWorker.java:84) ~[testng-6.14.3.jar:?]
	at org.testng.TestNG.runSuitesSequentially(TestNG.java:1208) ~[testng-6.14.3.jar:?]
	at org.testng.TestNG.runSuitesLocally(TestNG.java:1137) ~[testng-6.14.3.jar:?]
	at org.testng.TestNG.runSuites(TestNG.java:1049) ~[testng-6.14.3.jar:?]
	at org.testng.TestNG.run(TestNG.java:1017) ~[testng-6.14.3.jar:?]
	at org.apache.maven.surefire.testng.TestNGExecutor.run(TestNGExecutor.java:308) ~[surefire-testng-3.3.0.jar:3.3.0]
	at org.apache.maven.surefire.testng.TestNGXmlTestSuite.execute(TestNGXmlTestSuite.java:71) ~[surefire-testng-3.3.0.jar:3.3.0]
	at org.apache.maven.surefire.testng.TestNGProvider.invoke(TestNGProvider.java:113) ~[surefire-testng-3.3.0.jar:3.3.0]
	at org.apache.maven.surefire.booter.ForkedBooter.runSuitesInProcess(ForkedBooter.java:385) ~[surefire-booter-3.3.0.jar:3.3.0]
	at org.apache.maven.surefire.booter.ForkedBooter.execute(ForkedBooter.java:162) ~[surefire-booter-3.3.0.jar:3.3.0]
	at org.apache.maven.surefire.booter.ForkedBooter.run(ForkedBooter.java:507) ~[surefire-booter-3.3.0.jar:3.3.0]
	at org.apache.maven.surefire.booter.ForkedBooter.main(ForkedBooter.java:495) ~[surefire-booter-3.3.0.jar:3.3.0]
17:05:54.112 [main] ERROR org.apache.poi.openxml4j.opc.PackageRelationshipCollection - Cannot convert mailto:ALPHAAAAAA@@@@@!@##$$$%12344 in a valid relationship URI-> dummy-URI used
java.net.URISyntaxException: Illegal character in fragment at index 25: mailto:ALPHAAAAAA@@@@@!@##$$$%12344
	at java.net.URI$Parser.fail(URI.java:2995) ~[?:?]
	at java.net.URI$Parser.checkChars(URI.java:3166) ~[?:?]
	at java.net.URI$Parser.parse(URI.java:3210) ~[?:?]
	at java.net.URI.<init>(URI.java:645) ~[?:?]
	at org.apache.poi.openxml4j.opc.PackagingURIHelper.toURI(PackagingURIHelper.java:723) ~[poi-ooxml-5.2.2.jar:5.2.2]
	at org.apache.poi.openxml4j.opc.PackageRelationshipCollection.parseRelationshipsPart(PackageRelationshipCollection.java:358) ~[poi-ooxml-5.2.2.jar:5.2.2]
	at org.apache.poi.openxml4j.opc.PackageRelationshipCollection.<init>(PackageRelationshipCollection.java:160) ~[poi-ooxml-5.2.2.jar:5.2.2]
	at org.apache.poi.openxml4j.opc.PackageRelationshipCollection.<init>(PackageRelationshipCollection.java:130) ~[poi-ooxml-5.2.2.jar:5.2.2]
	at org.apache.poi.openxml4j.opc.PackagePart.loadRelationships(PackagePart.java:565) ~[poi-ooxml-5.2.2.jar:5.2.2]
	at org.apache.poi.openxml4j.opc.OPCPackage.getParts(OPCPackage.java:745) ~[poi-ooxml-5.2.2.jar:5.2.2]
	at org.apache.poi.openxml4j.opc.OPCPackage.open(OPCPackage.java:315) ~[poi-ooxml-5.2.2.jar:5.2.2]
	at org.apache.poi.ooxml.util.PackageHelper.open(PackageHelper.java:59) ~[poi-ooxml-5.2.2.jar:5.2.2]
	at org.apache.poi.xssf.usermodel.XSSFWorkbook.<init>(XSSFWorkbook.java:289) ~[poi-ooxml-5.2.2.jar:5.2.2]
	at org.apache.poi.xssf.usermodel.XSSFWorkbook.<init>(XSSFWorkbook.java:285) ~[poi-ooxml-5.2.2.jar:5.2.2]
	at com.MOFutility.API_Excelutilities.readServiceIdFromExcel(API_Excelutilities.java:20) ~[test-classes/:?]
	at com.MOF.constants.API_URL.<clinit>(API_URL.java:237) ~[test-classes/:?]
	at com.MOFapi.MOFapi.Fetchvalid_SingleService_ValidServiceid(MOFapi.java:4891) ~[test-classes/:?]
	at jdk.internal.reflect.DirectMethodHandleAccessor.invoke(DirectMethodHandleAccessor.java:103) ~[?:?]
	at java.lang.reflect.Method.invoke(Method.java:580) ~[?:?]
	at org.testng.internal.MethodInvocationHelper.invokeMethod(MethodInvocationHelper.java:124) ~[testng-6.14.3.jar:?]
	at org.testng.internal.Invoker.invokeMethod(Invoker.java:583) ~[testng-6.14.3.jar:?]
	at org.testng.internal.Invoker.invokeTestMethod(Invoker.java:719) ~[testng-6.14.3.jar:?]
	at org.testng.internal.Invoker.invokeTestMethods(Invoker.java:989) ~[testng-6.14.3.jar:?]
	at org.testng.internal.TestMethodWorker.invokeTestMethods(TestMethodWorker.java:125) ~[testng-6.14.3.jar:?]
	at org.testng.internal.TestMethodWorker.run(TestMethodWorker.java:109) ~[testng-6.14.3.jar:?]
	at org.testng.TestRunner.privateRun(TestRunner.java:648) ~[testng-6.14.3.jar:?]
	at org.testng.TestRunner.run(TestRunner.java:505) ~[testng-6.14.3.jar:?]
	at org.testng.SuiteRunner.runTest(SuiteRunner.java:455) ~[testng-6.14.3.jar:?]
	at org.testng.SuiteRunner.runSequentially(SuiteRunner.java:450) ~[testng-6.14.3.jar:?]
	at org.testng.SuiteRunner.privateRun(SuiteRunner.java:415) ~[testng-6.14.3.jar:?]
	at org.testng.SuiteRunner.run(SuiteRunner.java:364) ~[testng-6.14.3.jar:?]
	at org.testng.SuiteRunnerWorker.runSuite(SuiteRunnerWorker.java:52) ~[testng-6.14.3.jar:?]
	at org.testng.SuiteRunnerWorker.run(SuiteRunnerWorker.java:84) ~[testng-6.14.3.jar:?]
	at org.testng.TestNG.runSuitesSequentially(TestNG.java:1208) ~[testng-6.14.3.jar:?]
	at org.testng.TestNG.runSuitesLocally(TestNG.java:1137) ~[testng-6.14.3.jar:?]
	at org.testng.TestNG.runSuites(TestNG.java:1049) ~[testng-6.14.3.jar:?]
	at org.testng.TestNG.run(TestNG.java:1017) ~[testng-6.14.3.jar:?]
	at org.apache.maven.surefire.testng.TestNGExecutor.run(TestNGExecutor.java:308) ~[surefire-testng-3.3.0.jar:3.3.0]
	at org.apache.maven.surefire.testng.TestNGXmlTestSuite.execute(TestNGXmlTestSuite.java:71) ~[surefire-testng-3.3.0.jar:3.3.0]
	at org.apache.maven.surefire.testng.TestNGProvider.invoke(TestNGProvider.java:113) ~[surefire-testng-3.3.0.jar:3.3.0]
	at org.apache.maven.surefire.booter.ForkedBooter.runSuitesInProcess(ForkedBooter.java:385) ~[surefire-booter-3.3.0.jar:3.3.0]
	at org.apache.maven.surefire.booter.ForkedBooter.execute(ForkedBooter.java:162) ~[surefire-booter-3.3.0.jar:3.3.0]
	at org.apache.maven.surefire.booter.ForkedBooter.run(ForkedBooter.java:507) ~[surefire-booter-3.3.0.jar:3.3.0]
	at org.apache.maven.surefire.booter.ForkedBooter.main(ForkedBooter.java:495) ~[surefire-booter-3.3.0.jar:3.3.0]
17:05:54.113 [main] ERROR org.apache.poi.openxml4j.opc.PackageRelationshipCollection - Cannot convert mailto:2343456378912@#&^*gvadhfbjnf in a valid relationship URI-> dummy-URI used
java.net.URISyntaxException: Illegal character in fragment at index 23: mailto:2343456378912@#&^*gvadhfbjnf
	at java.net.URI$Parser.fail(URI.java:2995) ~[?:?]
	at java.net.URI$Parser.checkChars(URI.java:3166) ~[?:?]
	at java.net.URI$Parser.parse(URI.java:3210) ~[?:?]
	at java.net.URI.<init>(URI.java:645) ~[?:?]
	at org.apache.poi.openxml4j.opc.PackagingURIHelper.toURI(PackagingURIHelper.java:723) ~[poi-ooxml-5.2.2.jar:5.2.2]
	at org.apache.poi.openxml4j.opc.PackageRelationshipCollection.parseRelationshipsPart(PackageRelationshipCollection.java:358) ~[poi-ooxml-5.2.2.jar:5.2.2]
	at org.apache.poi.openxml4j.opc.PackageRelationshipCollection.<init>(PackageRelationshipCollection.java:160) ~[poi-ooxml-5.2.2.jar:5.2.2]
	at org.apache.poi.openxml4j.opc.PackageRelationshipCollection.<init>(PackageRelationshipCollection.java:130) ~[poi-ooxml-5.2.2.jar:5.2.2]
	at org.apache.poi.openxml4j.opc.PackagePart.loadRelationships(PackagePart.java:565) ~[poi-ooxml-5.2.2.jar:5.2.2]
	at org.apache.poi.openxml4j.opc.OPCPackage.getParts(OPCPackage.java:745) ~[poi-ooxml-5.2.2.jar:5.2.2]
	at org.apache.poi.openxml4j.opc.OPCPackage.open(OPCPackage.java:315) ~[poi-ooxml-5.2.2.jar:5.2.2]
	at org.apache.poi.ooxml.util.PackageHelper.open(PackageHelper.java:59) ~[poi-ooxml-5.2.2.jar:5.2.2]
	at org.apache.poi.xssf.usermodel.XSSFWorkbook.<init>(XSSFWorkbook.java:289) ~[poi-ooxml-5.2.2.jar:5.2.2]
	at org.apache.poi.xssf.usermodel.XSSFWorkbook.<init>(XSSFWorkbook.java:285) ~[poi-ooxml-5.2.2.jar:5.2.2]
	at com.MOFutility.API_Excelutilities.readServiceIdFromExcel(API_Excelutilities.java:20) ~[test-classes/:?]
	at com.MOF.constants.API_URL.<clinit>(API_URL.java:237) ~[test-classes/:?]
	at com.MOFapi.MOFapi.Fetchvalid_SingleService_ValidServiceid(MOFapi.java:4891) ~[test-classes/:?]
	at jdk.internal.reflect.DirectMethodHandleAccessor.invoke(DirectMethodHandleAccessor.java:103) ~[?:?]
	at java.lang.reflect.Method.invoke(Method.java:580) ~[?:?]
	at org.testng.internal.MethodInvocationHelper.invokeMethod(MethodInvocationHelper.java:124) ~[testng-6.14.3.jar:?]
	at org.testng.internal.Invoker.invokeMethod(Invoker.java:583) ~[testng-6.14.3.jar:?]
	at org.testng.internal.Invoker.invokeTestMethod(Invoker.java:719) ~[testng-6.14.3.jar:?]
	at org.testng.internal.Invoker.invokeTestMethods(Invoker.java:989) ~[testng-6.14.3.jar:?]
	at org.testng.internal.TestMethodWorker.invokeTestMethods(TestMethodWorker.java:125) ~[testng-6.14.3.jar:?]
	at org.testng.internal.TestMethodWorker.run(TestMethodWorker.java:109) ~[testng-6.14.3.jar:?]
	at org.testng.TestRunner.privateRun(TestRunner.java:648) ~[testng-6.14.3.jar:?]
	at org.testng.TestRunner.run(TestRunner.java:505) ~[testng-6.14.3.jar:?]
	at org.testng.SuiteRunner.runTest(SuiteRunner.java:455) ~[testng-6.14.3.jar:?]
	at org.testng.SuiteRunner.runSequentially(SuiteRunner.java:450) ~[testng-6.14.3.jar:?]
	at org.testng.SuiteRunner.privateRun(SuiteRunner.java:415) ~[testng-6.14.3.jar:?]
	at org.testng.SuiteRunner.run(SuiteRunner.java:364) ~[testng-6.14.3.jar:?]
	at org.testng.SuiteRunnerWorker.runSuite(SuiteRunnerWorker.java:52) ~[testng-6.14.3.jar:?]
	at org.testng.SuiteRunnerWorker.run(SuiteRunnerWorker.java:84) ~[testng-6.14.3.jar:?]
	at org.testng.TestNG.runSuitesSequentially(TestNG.java:1208) ~[testng-6.14.3.jar:?]
	at org.testng.TestNG.runSuitesLocally(TestNG.java:1137) ~[testng-6.14.3.jar:?]
	at org.testng.TestNG.runSuites(TestNG.java:1049) ~[testng-6.14.3.jar:?]
	at org.testng.TestNG.run(TestNG.java:1017) ~[testng-6.14.3.jar:?]
	at org.apache.maven.surefire.testng.TestNGExecutor.run(TestNGExecutor.java:308) ~[surefire-testng-3.3.0.jar:3.3.0]
	at org.apache.maven.surefire.testng.TestNGXmlTestSuite.execute(TestNGXmlTestSuite.java:71) ~[surefire-testng-3.3.0.jar:3.3.0]
	at org.apache.maven.surefire.testng.TestNGProvider.invoke(TestNGProvider.java:113) ~[surefire-testng-3.3.0.jar:3.3.0]
	at org.apache.maven.surefire.booter.ForkedBooter.runSuitesInProcess(ForkedBooter.java:385) ~[surefire-booter-3.3.0.jar:3.3.0]
	at org.apache.maven.surefire.booter.ForkedBooter.execute(ForkedBooter.java:162) ~[surefire-booter-3.3.0.jar:3.3.0]
	at org.apache.maven.surefire.booter.ForkedBooter.run(ForkedBooter.java:507) ~[surefire-booter-3.3.0.jar:3.3.0]
	at org.apache.maven.surefire.booter.ForkedBooter.main(ForkedBooter.java:495) ~[surefire-booter-3.3.0.jar:3.3.0]
17:05:54.144 [main] ERROR org.apache.poi.openxml4j.opc.PackageRelationshipCollection - Cannot convert mailto:ALPA@#$%^245234534 in a valid relationship URI-> dummy-URI used
java.net.URISyntaxException: Malformed escape pair at index 14: mailto:ALPA@#$%^245234534
	at java.net.URI$Parser.fail(URI.java:2995) ~[?:?]
	at java.net.URI$Parser.scanEscape(URI.java:3123) ~[?:?]
	at java.net.URI$Parser.scan(URI.java:3146) ~[?:?]
	at java.net.URI$Parser.checkChars(URI.java:3164) ~[?:?]
	at java.net.URI$Parser.parse(URI.java:3210) ~[?:?]
	at java.net.URI.<init>(URI.java:645) ~[?:?]
	at org.apache.poi.openxml4j.opc.PackagingURIHelper.toURI(PackagingURIHelper.java:723) ~[poi-ooxml-5.2.2.jar:5.2.2]
	at org.apache.poi.openxml4j.opc.PackageRelationshipCollection.parseRelationshipsPart(PackageRelationshipCollection.java:358) ~[poi-ooxml-5.2.2.jar:5.2.2]
	at org.apache.poi.openxml4j.opc.PackageRelationshipCollection.<init>(PackageRelationshipCollection.java:160) ~[poi-ooxml-5.2.2.jar:5.2.2]
	at org.apache.poi.openxml4j.opc.PackageRelationshipCollection.<init>(PackageRelationshipCollection.java:130) ~[poi-ooxml-5.2.2.jar:5.2.2]
	at org.apache.poi.openxml4j.opc.PackagePart.loadRelationships(PackagePart.java:565) ~[poi-ooxml-5.2.2.jar:5.2.2]
	at org.apache.poi.openxml4j.opc.OPCPackage.getParts(OPCPackage.java:745) ~[poi-ooxml-5.2.2.jar:5.2.2]
	at org.apache.poi.openxml4j.opc.OPCPackage.open(OPCPackage.java:315) ~[poi-ooxml-5.2.2.jar:5.2.2]
	at org.apache.poi.ooxml.util.PackageHelper.open(PackageHelper.java:59) ~[poi-ooxml-5.2.2.jar:5.2.2]
	at org.apache.poi.xssf.usermodel.XSSFWorkbook.<init>(XSSFWorkbook.java:289) ~[poi-ooxml-5.2.2.jar:5.2.2]
	at org.apache.poi.xssf.usermodel.XSSFWorkbook.<init>(XSSFWorkbook.java:285) ~[poi-ooxml-5.2.2.jar:5.2.2]
	at com.MOFutility.API_Excelutilities.readServiceIdFromExcel(API_Excelutilities.java:20) ~[test-classes/:?]
	at com.MOF.constants.API_URL.<clinit>(API_URL.java:238) ~[test-classes/:?]
	at com.MOFapi.MOFapi.Fetchvalid_SingleService_ValidServiceid(MOFapi.java:4891) ~[test-classes/:?]
	at jdk.internal.reflect.DirectMethodHandleAccessor.invoke(DirectMethodHandleAccessor.java:103) ~[?:?]
	at java.lang.reflect.Method.invoke(Method.java:580) ~[?:?]
	at org.testng.internal.MethodInvocationHelper.invokeMethod(MethodInvocationHelper.java:124) ~[testng-6.14.3.jar:?]
	at org.testng.internal.Invoker.invokeMethod(Invoker.java:583) ~[testng-6.14.3.jar:?]
	at org.testng.internal.Invoker.invokeTestMethod(Invoker.java:719) ~[testng-6.14.3.jar:?]
	at org.testng.internal.Invoker.invokeTestMethods(Invoker.java:989) ~[testng-6.14.3.jar:?]
	at org.testng.internal.TestMethodWorker.invokeTestMethods(TestMethodWorker.java:125) ~[testng-6.14.3.jar:?]
	at org.testng.internal.TestMethodWorker.run(TestMethodWorker.java:109) ~[testng-6.14.3.jar:?]
	at org.testng.TestRunner.privateRun(TestRunner.java:648) ~[testng-6.14.3.jar:?]
	at org.testng.TestRunner.run(TestRunner.java:505) ~[testng-6.14.3.jar:?]
	at org.testng.SuiteRunner.runTest(SuiteRunner.java:455) ~[testng-6.14.3.jar:?]
	at org.testng.SuiteRunner.runSequentially(SuiteRunner.java:450) ~[testng-6.14.3.jar:?]
	at org.testng.SuiteRunner.privateRun(SuiteRunner.java:415) ~[testng-6.14.3.jar:?]
	at org.testng.SuiteRunner.run(SuiteRunner.java:364) ~[testng-6.14.3.jar:?]
	at org.testng.SuiteRunnerWorker.runSuite(SuiteRunnerWorker.java:52) ~[testng-6.14.3.jar:?]
	at org.testng.SuiteRunnerWorker.run(SuiteRunnerWorker.java:84) ~[testng-6.14.3.jar:?]
	at org.testng.TestNG.runSuitesSequentially(TestNG.java:1208) ~[testng-6.14.3.jar:?]
	at org.testng.TestNG.runSuitesLocally(TestNG.java:1137) ~[testng-6.14.3.jar:?]
	at org.testng.TestNG.runSuites(TestNG.java:1049) ~[testng-6.14.3.jar:?]
	at org.testng.TestNG.run(TestNG.java:1017) ~[testng-6.14.3.jar:?]
	at org.apache.maven.surefire.testng.TestNGExecutor.run(TestNGExecutor.java:308) ~[surefire-testng-3.3.0.jar:3.3.0]
	at org.apache.maven.surefire.testng.TestNGXmlTestSuite.execute(TestNGXmlTestSuite.java:71) ~[surefire-testng-3.3.0.jar:3.3.0]
	at org.apache.maven.surefire.testng.TestNGProvider.invoke(TestNGProvider.java:113) ~[surefire-testng-3.3.0.jar:3.3.0]
	at org.apache.maven.surefire.booter.ForkedBooter.runSuitesInProcess(ForkedBooter.java:385) ~[surefire-booter-3.3.0.jar:3.3.0]
	at org.apache.maven.surefire.booter.ForkedBooter.execute(ForkedBooter.java:162) ~[surefire-booter-3.3.0.jar:3.3.0]
	at org.apache.maven.surefire.booter.ForkedBooter.run(ForkedBooter.java:507) ~[surefire-booter-3.3.0.jar:3.3.0]
	at org.apache.maven.surefire.booter.ForkedBooter.main(ForkedBooter.java:495) ~[surefire-booter-3.3.0.jar:3.3.0]
17:05:54.144 [main] ERROR org.apache.poi.openxml4j.opc.PackageRelationshipCollection - Cannot convert mailto:ALPHAAAAAA@@@@@!@##$$$%12344 in a valid relationship URI-> dummy-URI used
java.net.URISyntaxException: Illegal character in fragment at index 25: mailto:ALPHAAAAAA@@@@@!@##$$$%12344
	at java.net.URI$Parser.fail(URI.java:2995) ~[?:?]
	at java.net.URI$Parser.checkChars(URI.java:3166) ~[?:?]
	at java.net.URI$Parser.parse(URI.java:3210) ~[?:?]
	at java.net.URI.<init>(URI.java:645) ~[?:?]
	at org.apache.poi.openxml4j.opc.PackagingURIHelper.toURI(PackagingURIHelper.java:723) ~[poi-ooxml-5.2.2.jar:5.2.2]
	at org.apache.poi.openxml4j.opc.PackageRelationshipCollection.parseRelationshipsPart(PackageRelationshipCollection.java:358) ~[poi-ooxml-5.2.2.jar:5.2.2]
	at org.apache.poi.openxml4j.opc.PackageRelationshipCollection.<init>(PackageRelationshipCollection.java:160) ~[poi-ooxml-5.2.2.jar:5.2.2]
	at org.apache.poi.openxml4j.opc.PackageRelationshipCollection.<init>(PackageRelationshipCollection.java:130) ~[poi-ooxml-5.2.2.jar:5.2.2]
	at org.apache.poi.openxml4j.opc.PackagePart.loadRelationships(PackagePart.java:565) ~[poi-ooxml-5.2.2.jar:5.2.2]
	at org.apache.poi.openxml4j.opc.OPCPackage.getParts(OPCPackage.java:745) ~[poi-ooxml-5.2.2.jar:5.2.2]
	at org.apache.poi.openxml4j.opc.OPCPackage.open(OPCPackage.java:315) ~[poi-ooxml-5.2.2.jar:5.2.2]
	at org.apache.poi.ooxml.util.PackageHelper.open(PackageHelper.java:59) ~[poi-ooxml-5.2.2.jar:5.2.2]
	at org.apache.poi.xssf.usermodel.XSSFWorkbook.<init>(XSSFWorkbook.java:289) ~[poi-ooxml-5.2.2.jar:5.2.2]
	at org.apache.poi.xssf.usermodel.XSSFWorkbook.<init>(XSSFWorkbook.java:285) ~[poi-ooxml-5.2.2.jar:5.2.2]
	at com.MOFutility.API_Excelutilities.readServiceIdFromExcel(API_Excelutilities.java:20) ~[test-classes/:?]
	at com.MOF.constants.API_URL.<clinit>(API_URL.java:238) ~[test-classes/:?]
	at com.MOFapi.MOFapi.Fetchvalid_SingleService_ValidServiceid(MOFapi.java:4891) ~[test-classes/:?]
	at jdk.internal.reflect.DirectMethodHandleAccessor.invoke(DirectMethodHandleAccessor.java:103) ~[?:?]
	at java.lang.reflect.Method.invoke(Method.java:580) ~[?:?]
	at org.testng.internal.MethodInvocationHelper.invokeMethod(MethodInvocationHelper.java:124) ~[testng-6.14.3.jar:?]
	at org.testng.internal.Invoker.invokeMethod(Invoker.java:583) ~[testng-6.14.3.jar:?]
	at org.testng.internal.Invoker.invokeTestMethod(Invoker.java:719) ~[testng-6.14.3.jar:?]
	at org.testng.internal.Invoker.invokeTestMethods(Invoker.java:989) ~[testng-6.14.3.jar:?]
	at org.testng.internal.TestMethodWorker.invokeTestMethods(TestMethodWorker.java:125) ~[testng-6.14.3.jar:?]
	at org.testng.internal.TestMethodWorker.run(TestMethodWorker.java:109) ~[testng-6.14.3.jar:?]
	at org.testng.TestRunner.privateRun(TestRunner.java:648) ~[testng-6.14.3.jar:?]
	at org.testng.TestRunner.run(TestRunner.java:505) ~[testng-6.14.3.jar:?]
	at org.testng.SuiteRunner.runTest(SuiteRunner.java:455) ~[testng-6.14.3.jar:?]
	at org.testng.SuiteRunner.runSequentially(SuiteRunner.java:450) ~[testng-6.14.3.jar:?]
	at org.testng.SuiteRunner.privateRun(SuiteRunner.java:415) ~[testng-6.14.3.jar:?]
	at org.testng.SuiteRunner.run(SuiteRunner.java:364) ~[testng-6.14.3.jar:?]
	at org.testng.SuiteRunnerWorker.runSuite(SuiteRunnerWorker.java:52) ~[testng-6.14.3.jar:?]
	at org.testng.SuiteRunnerWorker.run(SuiteRunnerWorker.java:84) ~[testng-6.14.3.jar:?]
	at org.testng.TestNG.runSuitesSequentially(TestNG.java:1208) ~[testng-6.14.3.jar:?]
	at org.testng.TestNG.runSuitesLocally(TestNG.java:1137) ~[testng-6.14.3.jar:?]
	at org.testng.TestNG.runSuites(TestNG.java:1049) ~[testng-6.14.3.jar:?]
	at org.testng.TestNG.run(TestNG.java:1017) ~[testng-6.14.3.jar:?]
	at org.apache.maven.surefire.testng.TestNGExecutor.run(TestNGExecutor.java:308) ~[surefire-testng-3.3.0.jar:3.3.0]
	at org.apache.maven.surefire.testng.TestNGXmlTestSuite.execute(TestNGXmlTestSuite.java:71) ~[surefire-testng-3.3.0.jar:3.3.0]
	at org.apache.maven.surefire.testng.TestNGProvider.invoke(TestNGProvider.java:113) ~[surefire-testng-3.3.0.jar:3.3.0]
	at org.apache.maven.surefire.booter.ForkedBooter.runSuitesInProcess(ForkedBooter.java:385) ~[surefire-booter-3.3.0.jar:3.3.0]
	at org.apache.maven.surefire.booter.ForkedBooter.execute(ForkedBooter.java:162) ~[surefire-booter-3.3.0.jar:3.3.0]
	at org.apache.maven.surefire.booter.ForkedBooter.run(ForkedBooter.java:507) ~[surefire-booter-3.3.0.jar:3.3.0]
	at org.apache.maven.surefire.booter.ForkedBooter.main(ForkedBooter.java:495) ~[surefire-booter-3.3.0.jar:3.3.0]
17:05:54.145 [main] ERROR org.apache.poi.openxml4j.opc.PackageRelationshipCollection - Cannot convert mailto:2343456378912@#&^*gvadhfbjnf in a valid relationship URI-> dummy-URI used
java.net.URISyntaxException: Illegal character in fragment at index 23: mailto:2343456378912@#&^*gvadhfbjnf
	at java.net.URI$Parser.fail(URI.java:2995) ~[?:?]
	at java.net.URI$Parser.checkChars(URI.java:3166) ~[?:?]
	at java.net.URI$Parser.parse(URI.java:3210) ~[?:?]
	at java.net.URI.<init>(URI.java:645) ~[?:?]
	at org.apache.poi.openxml4j.opc.PackagingURIHelper.toURI(PackagingURIHelper.java:723) ~[poi-ooxml-5.2.2.jar:5.2.2]
	at org.apache.poi.openxml4j.opc.PackageRelationshipCollection.parseRelationshipsPart(PackageRelationshipCollection.java:358) ~[poi-ooxml-5.2.2.jar:5.2.2]
	at org.apache.poi.openxml4j.opc.PackageRelationshipCollection.<init>(PackageRelationshipCollection.java:160) ~[poi-ooxml-5.2.2.jar:5.2.2]
	at org.apache.poi.openxml4j.opc.PackageRelationshipCollection.<init>(PackageRelationshipCollection.java:130) ~[poi-ooxml-5.2.2.jar:5.2.2]
	at org.apache.poi.openxml4j.opc.PackagePart.loadRelationships(PackagePart.java:565) ~[poi-ooxml-5.2.2.jar:5.2.2]
	at org.apache.poi.openxml4j.opc.OPCPackage.getParts(OPCPackage.java:745) ~[poi-ooxml-5.2.2.jar:5.2.2]
	at org.apache.poi.openxml4j.opc.OPCPackage.open(OPCPackage.java:315) ~[poi-ooxml-5.2.2.jar:5.2.2]
	at org.apache.poi.ooxml.util.PackageHelper.open(PackageHelper.java:59) ~[poi-ooxml-5.2.2.jar:5.2.2]
	at org.apache.poi.xssf.usermodel.XSSFWorkbook.<init>(XSSFWorkbook.java:289) ~[poi-ooxml-5.2.2.jar:5.2.2]
	at org.apache.poi.xssf.usermodel.XSSFWorkbook.<init>(XSSFWorkbook.java:285) ~[poi-ooxml-5.2.2.jar:5.2.2]
	at com.MOFutility.API_Excelutilities.readServiceIdFromExcel(API_Excelutilities.java:20) ~[test-classes/:?]
	at com.MOF.constants.API_URL.<clinit>(API_URL.java:238) ~[test-classes/:?]
	at com.MOFapi.MOFapi.Fetchvalid_SingleService_ValidServiceid(MOFapi.java:4891) ~[test-classes/:?]
	at jdk.internal.reflect.DirectMethodHandleAccessor.invoke(DirectMethodHandleAccessor.java:103) ~[?:?]
	at java.lang.reflect.Method.invoke(Method.java:580) ~[?:?]
	at org.testng.internal.MethodInvocationHelper.invokeMethod(MethodInvocationHelper.java:124) ~[testng-6.14.3.jar:?]
	at org.testng.internal.Invoker.invokeMethod(Invoker.java:583) ~[testng-6.14.3.jar:?]
	at org.testng.internal.Invoker.invokeTestMethod(Invoker.java:719) ~[testng-6.14.3.jar:?]
	at org.testng.internal.Invoker.invokeTestMethods(Invoker.java:989) ~[testng-6.14.3.jar:?]
	at org.testng.internal.TestMethodWorker.invokeTestMethods(TestMethodWorker.java:125) ~[testng-6.14.3.jar:?]
	at org.testng.internal.TestMethodWorker.run(TestMethodWorker.java:109) ~[testng-6.14.3.jar:?]
	at org.testng.TestRunner.privateRun(TestRunner.java:648) ~[testng-6.14.3.jar:?]
	at org.testng.TestRunner.run(TestRunner.java:505) ~[testng-6.14.3.jar:?]
	at org.testng.SuiteRunner.runTest(SuiteRunner.java:455) ~[testng-6.14.3.jar:?]
	at org.testng.SuiteRunner.runSequentially(SuiteRunner.java:450) ~[testng-6.14.3.jar:?]
	at org.testng.SuiteRunner.privateRun(SuiteRunner.java:415) ~[testng-6.14.3.jar:?]
	at org.testng.SuiteRunner.run(SuiteRunner.java:364) ~[testng-6.14.3.jar:?]
	at org.testng.SuiteRunnerWorker.runSuite(SuiteRunnerWorker.java:52) ~[testng-6.14.3.jar:?]
	at org.testng.SuiteRunnerWorker.run(SuiteRunnerWorker.java:84) ~[testng-6.14.3.jar:?]
	at org.testng.TestNG.runSuitesSequentially(TestNG.java:1208) ~[testng-6.14.3.jar:?]
	at org.testng.TestNG.runSuitesLocally(TestNG.java:1137) ~[testng-6.14.3.jar:?]
	at org.testng.TestNG.runSuites(TestNG.java:1049) ~[testng-6.14.3.jar:?]
	at org.testng.TestNG.run(TestNG.java:1017) ~[testng-6.14.3.jar:?]
	at org.apache.maven.surefire.testng.TestNGExecutor.run(TestNGExecutor.java:308) ~[surefire-testng-3.3.0.jar:3.3.0]
	at org.apache.maven.surefire.testng.TestNGXmlTestSuite.execute(TestNGXmlTestSuite.java:71) ~[surefire-testng-3.3.0.jar:3.3.0]
	at org.apache.maven.surefire.testng.TestNGProvider.invoke(TestNGProvider.java:113) ~[surefire-testng-3.3.0.jar:3.3.0]
	at org.apache.maven.surefire.booter.ForkedBooter.runSuitesInProcess(ForkedBooter.java:385) ~[surefire-booter-3.3.0.jar:3.3.0]
	at org.apache.maven.surefire.booter.ForkedBooter.execute(ForkedBooter.java:162) ~[surefire-booter-3.3.0.jar:3.3.0]
	at org.apache.maven.surefire.booter.ForkedBooter.run(ForkedBooter.java:507) ~[surefire-booter-3.3.0.jar:3.3.0]
	at org.apache.maven.surefire.booter.ForkedBooter.main(ForkedBooter.java:495) ~[surefire-booter-3.3.0.jar:3.3.0]
17:05:54.167 [main] ERROR org.apache.poi.openxml4j.opc.PackageRelationshipCollection - Cannot convert mailto:ALPA@#$%^245234534 in a valid relationship URI-> dummy-URI used
java.net.URISyntaxException: Malformed escape pair at index 14: mailto:ALPA@#$%^245234534
	at java.net.URI$Parser.fail(URI.java:2995) ~[?:?]
	at java.net.URI$Parser.scanEscape(URI.java:3123) ~[?:?]
	at java.net.URI$Parser.scan(URI.java:3146) ~[?:?]
	at java.net.URI$Parser.checkChars(URI.java:3164) ~[?:?]
	at java.net.URI$Parser.parse(URI.java:3210) ~[?:?]
	at java.net.URI.<init>(URI.java:645) ~[?:?]
	at org.apache.poi.openxml4j.opc.PackagingURIHelper.toURI(PackagingURIHelper.java:723) ~[poi-ooxml-5.2.2.jar:5.2.2]
	at org.apache.poi.openxml4j.opc.PackageRelationshipCollection.parseRelationshipsPart(PackageRelationshipCollection.java:358) ~[poi-ooxml-5.2.2.jar:5.2.2]
	at org.apache.poi.openxml4j.opc.PackageRelationshipCollection.<init>(PackageRelationshipCollection.java:160) ~[poi-ooxml-5.2.2.jar:5.2.2]
	at org.apache.poi.openxml4j.opc.PackageRelationshipCollection.<init>(PackageRelationshipCollection.java:130) ~[poi-ooxml-5.2.2.jar:5.2.2]
	at org.apache.poi.openxml4j.opc.PackagePart.loadRelationships(PackagePart.java:565) ~[poi-ooxml-5.2.2.jar:5.2.2]
	at org.apache.poi.openxml4j.opc.OPCPackage.getParts(OPCPackage.java:745) ~[poi-ooxml-5.2.2.jar:5.2.2]
	at org.apache.poi.openxml4j.opc.OPCPackage.open(OPCPackage.java:315) ~[poi-ooxml-5.2.2.jar:5.2.2]
	at org.apache.poi.ooxml.util.PackageHelper.open(PackageHelper.java:59) ~[poi-ooxml-5.2.2.jar:5.2.2]
	at org.apache.poi.xssf.usermodel.XSSFWorkbook.<init>(XSSFWorkbook.java:289) ~[poi-ooxml-5.2.2.jar:5.2.2]
	at org.apache.poi.xssf.usermodel.XSSFWorkbook.<init>(XSSFWorkbook.java:285) ~[poi-ooxml-5.2.2.jar:5.2.2]
	at com.MOFutility.API_Excelutilities.readServiceIdFromExcel(API_Excelutilities.java:20) ~[test-classes/:?]
	at com.MOF.constants.API_URL.<clinit>(API_URL.java:240) ~[test-classes/:?]
	at com.MOFapi.MOFapi.Fetchvalid_SingleService_ValidServiceid(MOFapi.java:4891) ~[test-classes/:?]
	at jdk.internal.reflect.DirectMethodHandleAccessor.invoke(DirectMethodHandleAccessor.java:103) ~[?:?]
	at java.lang.reflect.Method.invoke(Method.java:580) ~[?:?]
	at org.testng.internal.MethodInvocationHelper.invokeMethod(MethodInvocationHelper.java:124) ~[testng-6.14.3.jar:?]
	at org.testng.internal.Invoker.invokeMethod(Invoker.java:583) ~[testng-6.14.3.jar:?]
	at org.testng.internal.Invoker.invokeTestMethod(Invoker.java:719) ~[testng-6.14.3.jar:?]
	at org.testng.internal.Invoker.invokeTestMethods(Invoker.java:989) ~[testng-6.14.3.jar:?]
	at org.testng.internal.TestMethodWorker.invokeTestMethods(TestMethodWorker.java:125) ~[testng-6.14.3.jar:?]
	at org.testng.internal.TestMethodWorker.run(TestMethodWorker.java:109) ~[testng-6.14.3.jar:?]
	at org.testng.TestRunner.privateRun(TestRunner.java:648) ~[testng-6.14.3.jar:?]
	at org.testng.TestRunner.run(TestRunner.java:505) ~[testng-6.14.3.jar:?]
	at org.testng.SuiteRunner.runTest(SuiteRunner.java:455) ~[testng-6.14.3.jar:?]
	at org.testng.SuiteRunner.runSequentially(SuiteRunner.java:450) ~[testng-6.14.3.jar:?]
	at org.testng.SuiteRunner.privateRun(SuiteRunner.java:415) ~[testng-6.14.3.jar:?]
	at org.testng.SuiteRunner.run(SuiteRunner.java:364) ~[testng-6.14.3.jar:?]
	at org.testng.SuiteRunnerWorker.runSuite(SuiteRunnerWorker.java:52) ~[testng-6.14.3.jar:?]
	at org.testng.SuiteRunnerWorker.run(SuiteRunnerWorker.java:84) ~[testng-6.14.3.jar:?]
	at org.testng.TestNG.runSuitesSequentially(TestNG.java:1208) ~[testng-6.14.3.jar:?]
	at org.testng.TestNG.runSuitesLocally(TestNG.java:1137) ~[testng-6.14.3.jar:?]
	at org.testng.TestNG.runSuites(TestNG.java:1049) ~[testng-6.14.3.jar:?]
	at org.testng.TestNG.run(TestNG.java:1017) ~[testng-6.14.3.jar:?]
	at org.apache.maven.surefire.testng.TestNGExecutor.run(TestNGExecutor.java:308) ~[surefire-testng-3.3.0.jar:3.3.0]
	at org.apache.maven.surefire.testng.TestNGXmlTestSuite.execute(TestNGXmlTestSuite.java:71) ~[surefire-testng-3.3.0.jar:3.3.0]
	at org.apache.maven.surefire.testng.TestNGProvider.invoke(TestNGProvider.java:113) ~[surefire-testng-3.3.0.jar:3.3.0]
	at org.apache.maven.surefire.booter.ForkedBooter.runSuitesInProcess(ForkedBooter.java:385) ~[surefire-booter-3.3.0.jar:3.3.0]
	at org.apache.maven.surefire.booter.ForkedBooter.execute(ForkedBooter.java:162) ~[surefire-booter-3.3.0.jar:3.3.0]
	at org.apache.maven.surefire.booter.ForkedBooter.run(ForkedBooter.java:507) ~[surefire-booter-3.3.0.jar:3.3.0]
	at org.apache.maven.surefire.booter.ForkedBooter.main(ForkedBooter.java:495) ~[surefire-booter-3.3.0.jar:3.3.0]
17:05:54.168 [main] ERROR org.apache.poi.openxml4j.opc.PackageRelationshipCollection - Cannot convert mailto:ALPHAAAAAA@@@@@!@##$$$%12344 in a valid relationship URI-> dummy-URI used
java.net.URISyntaxException: Illegal character in fragment at index 25: mailto:ALPHAAAAAA@@@@@!@##$$$%12344
	at java.net.URI$Parser.fail(URI.java:2995) ~[?:?]
	at java.net.URI$Parser.checkChars(URI.java:3166) ~[?:?]
	at java.net.URI$Parser.parse(URI.java:3210) ~[?:?]
	at java.net.URI.<init>(URI.java:645) ~[?:?]
	at org.apache.poi.openxml4j.opc.PackagingURIHelper.toURI(PackagingURIHelper.java:723) ~[poi-ooxml-5.2.2.jar:5.2.2]
	at org.apache.poi.openxml4j.opc.PackageRelationshipCollection.parseRelationshipsPart(PackageRelationshipCollection.java:358) ~[poi-ooxml-5.2.2.jar:5.2.2]
	at org.apache.poi.openxml4j.opc.PackageRelationshipCollection.<init>(PackageRelationshipCollection.java:160) ~[poi-ooxml-5.2.2.jar:5.2.2]
	at org.apache.poi.openxml4j.opc.PackageRelationshipCollection.<init>(PackageRelationshipCollection.java:130) ~[poi-ooxml-5.2.2.jar:5.2.2]
	at org.apache.poi.openxml4j.opc.PackagePart.loadRelationships(PackagePart.java:565) ~[poi-ooxml-5.2.2.jar:5.2.2]
	at org.apache.poi.openxml4j.opc.OPCPackage.getParts(OPCPackage.java:745) ~[poi-ooxml-5.2.2.jar:5.2.2]
	at org.apache.poi.openxml4j.opc.OPCPackage.open(OPCPackage.java:315) ~[poi-ooxml-5.2.2.jar:5.2.2]
	at org.apache.poi.ooxml.util.PackageHelper.open(PackageHelper.java:59) ~[poi-ooxml-5.2.2.jar:5.2.2]
	at org.apache.poi.xssf.usermodel.XSSFWorkbook.<init>(XSSFWorkbook.java:289) ~[poi-ooxml-5.2.2.jar:5.2.2]
	at org.apache.poi.xssf.usermodel.XSSFWorkbook.<init>(XSSFWorkbook.java:285) ~[poi-ooxml-5.2.2.jar:5.2.2]
	at com.MOFutility.API_Excelutilities.readServiceIdFromExcel(API_Excelutilities.java:20) ~[test-classes/:?]
	at com.MOF.constants.API_URL.<clinit>(API_URL.java:240) ~[test-classes/:?]
	at com.MOFapi.MOFapi.Fetchvalid_SingleService_ValidServiceid(MOFapi.java:4891) ~[test-classes/:?]
	at jdk.internal.reflect.DirectMethodHandleAccessor.invoke(DirectMethodHandleAccessor.java:103) ~[?:?]
	at java.lang.reflect.Method.invoke(Method.java:580) ~[?:?]
	at org.testng.internal.MethodInvocationHelper.invokeMethod(MethodInvocationHelper.java:124) ~[testng-6.14.3.jar:?]
	at org.testng.internal.Invoker.invokeMethod(Invoker.java:583) ~[testng-6.14.3.jar:?]
	at org.testng.internal.Invoker.invokeTestMethod(Invoker.java:719) ~[testng-6.14.3.jar:?]
	at org.testng.internal.Invoker.invokeTestMethods(Invoker.java:989) ~[testng-6.14.3.jar:?]
	at org.testng.internal.TestMethodWorker.invokeTestMethods(TestMethodWorker.java:125) ~[testng-6.14.3.jar:?]
	at org.testng.internal.TestMethodWorker.run(TestMethodWorker.java:109) ~[testng-6.14.3.jar:?]
	at org.testng.TestRunner.privateRun(TestRunner.java:648) ~[testng-6.14.3.jar:?]
	at org.testng.TestRunner.run(TestRunner.java:505) ~[testng-6.14.3.jar:?]
	at org.testng.SuiteRunner.runTest(SuiteRunner.java:455) ~[testng-6.14.3.jar:?]
	at org.testng.SuiteRunner.runSequentially(SuiteRunner.java:450) ~[testng-6.14.3.jar:?]
	at org.testng.SuiteRunner.privateRun(SuiteRunner.java:415) ~[testng-6.14.3.jar:?]
	at org.testng.SuiteRunner.run(SuiteRunner.java:364) ~[testng-6.14.3.jar:?]
	at org.testng.SuiteRunnerWorker.runSuite(SuiteRunnerWorker.java:52) ~[testng-6.14.3.jar:?]
	at org.testng.SuiteRunnerWorker.run(SuiteRunnerWorker.java:84) ~[testng-6.14.3.jar:?]
	at org.testng.TestNG.runSuitesSequentially(TestNG.java:1208) ~[testng-6.14.3.jar:?]
	at org.testng.TestNG.runSuitesLocally(TestNG.java:1137) ~[testng-6.14.3.jar:?]
	at org.testng.TestNG.runSuites(TestNG.java:1049) ~[testng-6.14.3.jar:?]
	at org.testng.TestNG.run(TestNG.java:1017) ~[testng-6.14.3.jar:?]
	at org.apache.maven.surefire.testng.TestNGExecutor.run(TestNGExecutor.java:308) ~[surefire-testng-3.3.0.jar:3.3.0]
	at org.apache.maven.surefire.testng.TestNGXmlTestSuite.execute(TestNGXmlTestSuite.java:71) ~[surefire-testng-3.3.0.jar:3.3.0]
	at org.apache.maven.surefire.testng.TestNGProvider.invoke(TestNGProvider.java:113) ~[surefire-testng-3.3.0.jar:3.3.0]
	at org.apache.maven.surefire.booter.ForkedBooter.runSuitesInProcess(ForkedBooter.java:385) ~[surefire-booter-3.3.0.jar:3.3.0]
	at org.apache.maven.surefire.booter.ForkedBooter.execute(ForkedBooter.java:162) ~[surefire-booter-3.3.0.jar:3.3.0]
	at org.apache.maven.surefire.booter.ForkedBooter.run(ForkedBooter.java:507) ~[surefire-booter-3.3.0.jar:3.3.0]
	at org.apache.maven.surefire.booter.ForkedBooter.main(ForkedBooter.java:495) ~[surefire-booter-3.3.0.jar:3.3.0]
17:05:54.169 [main] ERROR org.apache.poi.openxml4j.opc.PackageRelationshipCollection - Cannot convert mailto:2343456378912@#&^*gvadhfbjnf in a valid relationship URI-> dummy-URI used
java.net.URISyntaxException: Illegal character in fragment at index 23: mailto:2343456378912@#&^*gvadhfbjnf
	at java.net.URI$Parser.fail(URI.java:2995) ~[?:?]
	at java.net.URI$Parser.checkChars(URI.java:3166) ~[?:?]
	at java.net.URI$Parser.parse(URI.java:3210) ~[?:?]
	at java.net.URI.<init>(URI.java:645) ~[?:?]
	at org.apache.poi.openxml4j.opc.PackagingURIHelper.toURI(PackagingURIHelper.java:723) ~[poi-ooxml-5.2.2.jar:5.2.2]
	at org.apache.poi.openxml4j.opc.PackageRelationshipCollection.parseRelationshipsPart(PackageRelationshipCollection.java:358) ~[poi-ooxml-5.2.2.jar:5.2.2]
	at org.apache.poi.openxml4j.opc.PackageRelationshipCollection.<init>(PackageRelationshipCollection.java:160) ~[poi-ooxml-5.2.2.jar:5.2.2]
	at org.apache.poi.openxml4j.opc.PackageRelationshipCollection.<init>(PackageRelationshipCollection.java:130) ~[poi-ooxml-5.2.2.jar:5.2.2]
	at org.apache.poi.openxml4j.opc.PackagePart.loadRelationships(PackagePart.java:565) ~[poi-ooxml-5.2.2.jar:5.2.2]
	at org.apache.poi.openxml4j.opc.OPCPackage.getParts(OPCPackage.java:745) ~[poi-ooxml-5.2.2.jar:5.2.2]
	at org.apache.poi.openxml4j.opc.OPCPackage.open(OPCPackage.java:315) ~[poi-ooxml-5.2.2.jar:5.2.2]
	at org.apache.poi.ooxml.util.PackageHelper.open(PackageHelper.java:59) ~[poi-ooxml-5.2.2.jar:5.2.2]
	at org.apache.poi.xssf.usermodel.XSSFWorkbook.<init>(XSSFWorkbook.java:289) ~[poi-ooxml-5.2.2.jar:5.2.2]
	at org.apache.poi.xssf.usermodel.XSSFWorkbook.<init>(XSSFWorkbook.java:285) ~[poi-ooxml-5.2.2.jar:5.2.2]
	at com.MOFutility.API_Excelutilities.readServiceIdFromExcel(API_Excelutilities.java:20) ~[test-classes/:?]
	at com.MOF.constants.API_URL.<clinit>(API_URL.java:240) ~[test-classes/:?]
	at com.MOFapi.MOFapi.Fetchvalid_SingleService_ValidServiceid(MOFapi.java:4891) ~[test-classes/:?]
	at jdk.internal.reflect.DirectMethodHandleAccessor.invoke(DirectMethodHandleAccessor.java:103) ~[?:?]
	at java.lang.reflect.Method.invoke(Method.java:580) ~[?:?]
	at org.testng.internal.MethodInvocationHelper.invokeMethod(MethodInvocationHelper.java:124) ~[testng-6.14.3.jar:?]
	at org.testng.internal.Invoker.invokeMethod(Invoker.java:583) ~[testng-6.14.3.jar:?]
	at org.testng.internal.Invoker.invokeTestMethod(Invoker.java:719) ~[testng-6.14.3.jar:?]
	at org.testng.internal.Invoker.invokeTestMethods(Invoker.java:989) ~[testng-6.14.3.jar:?]
	at org.testng.internal.TestMethodWorker.invokeTestMethods(TestMethodWorker.java:125) ~[testng-6.14.3.jar:?]
	at org.testng.internal.TestMethodWorker.run(TestMethodWorker.java:109) ~[testng-6.14.3.jar:?]
	at org.testng.TestRunner.privateRun(TestRunner.java:648) ~[testng-6.14.3.jar:?]
	at org.testng.TestRunner.run(TestRunner.java:505) ~[testng-6.14.3.jar:?]
	at org.testng.SuiteRunner.runTest(SuiteRunner.java:455) ~[testng-6.14.3.jar:?]
	at org.testng.SuiteRunner.runSequentially(SuiteRunner.java:450) ~[testng-6.14.3.jar:?]
	at org.testng.SuiteRunner.privateRun(SuiteRunner.java:415) ~[testng-6.14.3.jar:?]
	at org.testng.SuiteRunner.run(SuiteRunner.java:364) ~[testng-6.14.3.jar:?]
	at org.testng.SuiteRunnerWorker.runSuite(SuiteRunnerWorker.java:52) ~[testng-6.14.3.jar:?]
	at org.testng.SuiteRunnerWorker.run(SuiteRunnerWorker.java:84) ~[testng-6.14.3.jar:?]
	at org.testng.TestNG.runSuitesSequentially(TestNG.java:1208) ~[testng-6.14.3.jar:?]
	at org.testng.TestNG.runSuitesLocally(TestNG.java:1137) ~[testng-6.14.3.jar:?]
	at org.testng.TestNG.runSuites(TestNG.java:1049) ~[testng-6.14.3.jar:?]
	at org.testng.TestNG.run(TestNG.java:1017) ~[testng-6.14.3.jar:?]
	at org.apache.maven.surefire.testng.TestNGExecutor.run(TestNGExecutor.java:308) ~[surefire-testng-3.3.0.jar:3.3.0]
	at org.apache.maven.surefire.testng.TestNGXmlTestSuite.execute(TestNGXmlTestSuite.java:71) ~[surefire-testng-3.3.0.jar:3.3.0]
	at org.apache.maven.surefire.testng.TestNGProvider.invoke(TestNGProvider.java:113) ~[surefire-testng-3.3.0.jar:3.3.0]
	at org.apache.maven.surefire.booter.ForkedBooter.runSuitesInProcess(ForkedBooter.java:385) ~[surefire-booter-3.3.0.jar:3.3.0]
	at org.apache.maven.surefire.booter.ForkedBooter.execute(ForkedBooter.java:162) ~[surefire-booter-3.3.0.jar:3.3.0]
	at org.apache.maven.surefire.booter.ForkedBooter.run(ForkedBooter.java:507) ~[surefire-booter-3.3.0.jar:3.3.0]
	at org.apache.maven.surefire.booter.ForkedBooter.main(ForkedBooter.java:495) ~[surefire-booter-3.3.0.jar:3.3.0]
17:05:54.190 [main] ERROR org.apache.poi.openxml4j.opc.PackageRelationshipCollection - Cannot convert mailto:ALPA@#$%^245234534 in a valid relationship URI-> dummy-URI used
java.net.URISyntaxException: Malformed escape pair at index 14: mailto:ALPA@#$%^245234534
	at java.net.URI$Parser.fail(URI.java:2995) ~[?:?]
	at java.net.URI$Parser.scanEscape(URI.java:3123) ~[?:?]
	at java.net.URI$Parser.scan(URI.java:3146) ~[?:?]
	at java.net.URI$Parser.checkChars(URI.java:3164) ~[?:?]
	at java.net.URI$Parser.parse(URI.java:3210) ~[?:?]
	at java.net.URI.<init>(URI.java:645) ~[?:?]
	at org.apache.poi.openxml4j.opc.PackagingURIHelper.toURI(PackagingURIHelper.java:723) ~[poi-ooxml-5.2.2.jar:5.2.2]
	at org.apache.poi.openxml4j.opc.PackageRelationshipCollection.parseRelationshipsPart(PackageRelationshipCollection.java:358) ~[poi-ooxml-5.2.2.jar:5.2.2]
	at org.apache.poi.openxml4j.opc.PackageRelationshipCollection.<init>(PackageRelationshipCollection.java:160) ~[poi-ooxml-5.2.2.jar:5.2.2]
	at org.apache.poi.openxml4j.opc.PackageRelationshipCollection.<init>(PackageRelationshipCollection.java:130) ~[poi-ooxml-5.2.2.jar:5.2.2]
	at org.apache.poi.openxml4j.opc.PackagePart.loadRelationships(PackagePart.java:565) ~[poi-ooxml-5.2.2.jar:5.2.2]
	at org.apache.poi.openxml4j.opc.OPCPackage.getParts(OPCPackage.java:745) ~[poi-ooxml-5.2.2.jar:5.2.2]
	at org.apache.poi.openxml4j.opc.OPCPackage.open(OPCPackage.java:315) ~[poi-ooxml-5.2.2.jar:5.2.2]
	at org.apache.poi.ooxml.util.PackageHelper.open(PackageHelper.java:59) ~[poi-ooxml-5.2.2.jar:5.2.2]
	at org.apache.poi.xssf.usermodel.XSSFWorkbook.<init>(XSSFWorkbook.java:289) ~[poi-ooxml-5.2.2.jar:5.2.2]
	at org.apache.poi.xssf.usermodel.XSSFWorkbook.<init>(XSSFWorkbook.java:285) ~[poi-ooxml-5.2.2.jar:5.2.2]
	at com.MOFutility.API_Excelutilities.readServiceIdFromExcel(API_Excelutilities.java:20) ~[test-classes/:?]
	at com.MOF.constants.API_URL.<clinit>(API_URL.java:241) ~[test-classes/:?]
	at com.MOFapi.MOFapi.Fetchvalid_SingleService_ValidServiceid(MOFapi.java:4891) ~[test-classes/:?]
	at jdk.internal.reflect.DirectMethodHandleAccessor.invoke(DirectMethodHandleAccessor.java:103) ~[?:?]
	at java.lang.reflect.Method.invoke(Method.java:580) ~[?:?]
	at org.testng.internal.MethodInvocationHelper.invokeMethod(MethodInvocationHelper.java:124) ~[testng-6.14.3.jar:?]
	at org.testng.internal.Invoker.invokeMethod(Invoker.java:583) ~[testng-6.14.3.jar:?]
	at org.testng.internal.Invoker.invokeTestMethod(Invoker.java:719) ~[testng-6.14.3.jar:?]
	at org.testng.internal.Invoker.invokeTestMethods(Invoker.java:989) ~[testng-6.14.3.jar:?]
	at org.testng.internal.TestMethodWorker.invokeTestMethods(TestMethodWorker.java:125) ~[testng-6.14.3.jar:?]
	at org.testng.internal.TestMethodWorker.run(TestMethodWorker.java:109) ~[testng-6.14.3.jar:?]
	at org.testng.TestRunner.privateRun(TestRunner.java:648) ~[testng-6.14.3.jar:?]
	at org.testng.TestRunner.run(TestRunner.java:505) ~[testng-6.14.3.jar:?]
	at org.testng.SuiteRunner.runTest(SuiteRunner.java:455) ~[testng-6.14.3.jar:?]
	at org.testng.SuiteRunner.runSequentially(SuiteRunner.java:450) ~[testng-6.14.3.jar:?]
	at org.testng.SuiteRunner.privateRun(SuiteRunner.java:415) ~[testng-6.14.3.jar:?]
	at org.testng.SuiteRunner.run(SuiteRunner.java:364) ~[testng-6.14.3.jar:?]
	at org.testng.SuiteRunnerWorker.runSuite(SuiteRunnerWorker.java:52) ~[testng-6.14.3.jar:?]
	at org.testng.SuiteRunnerWorker.run(SuiteRunnerWorker.java:84) ~[testng-6.14.3.jar:?]
	at org.testng.TestNG.runSuitesSequentially(TestNG.java:1208) ~[testng-6.14.3.jar:?]
	at org.testng.TestNG.runSuitesLocally(TestNG.java:1137) ~[testng-6.14.3.jar:?]
	at org.testng.TestNG.runSuites(TestNG.java:1049) ~[testng-6.14.3.jar:?]
	at org.testng.TestNG.run(TestNG.java:1017) ~[testng-6.14.3.jar:?]
	at org.apache.maven.surefire.testng.TestNGExecutor.run(TestNGExecutor.java:308) ~[surefire-testng-3.3.0.jar:3.3.0]
	at org.apache.maven.surefire.testng.TestNGXmlTestSuite.execute(TestNGXmlTestSuite.java:71) ~[surefire-testng-3.3.0.jar:3.3.0]
	at org.apache.maven.surefire.testng.TestNGProvider.invoke(TestNGProvider.java:113) ~[surefire-testng-3.3.0.jar:3.3.0]
	at org.apache.maven.surefire.booter.ForkedBooter.runSuitesInProcess(ForkedBooter.java:385) ~[surefire-booter-3.3.0.jar:3.3.0]
	at org.apache.maven.surefire.booter.ForkedBooter.execute(ForkedBooter.java:162) ~[surefire-booter-3.3.0.jar:3.3.0]
	at org.apache.maven.surefire.booter.ForkedBooter.run(ForkedBooter.java:507) ~[surefire-booter-3.3.0.jar:3.3.0]
	at org.apache.maven.surefire.booter.ForkedBooter.main(ForkedBooter.java:495) ~[surefire-booter-3.3.0.jar:3.3.0]
17:05:54.191 [main] ERROR org.apache.poi.openxml4j.opc.PackageRelationshipCollection - Cannot convert mailto:ALPHAAAAAA@@@@@!@##$$$%12344 in a valid relationship URI-> dummy-URI used
java.net.URISyntaxException: Illegal character in fragment at index 25: mailto:ALPHAAAAAA@@@@@!@##$$$%12344
	at java.net.URI$Parser.fail(URI.java:2995) ~[?:?]
	at java.net.URI$Parser.checkChars(URI.java:3166) ~[?:?]
	at java.net.URI$Parser.parse(URI.java:3210) ~[?:?]
	at java.net.URI.<init>(URI.java:645) ~[?:?]
	at org.apache.poi.openxml4j.opc.PackagingURIHelper.toURI(PackagingURIHelper.java:723) ~[poi-ooxml-5.2.2.jar:5.2.2]
	at org.apache.poi.openxml4j.opc.PackageRelationshipCollection.parseRelationshipsPart(PackageRelationshipCollection.java:358) ~[poi-ooxml-5.2.2.jar:5.2.2]
	at org.apache.poi.openxml4j.opc.PackageRelationshipCollection.<init>(PackageRelationshipCollection.java:160) ~[poi-ooxml-5.2.2.jar:5.2.2]
	at org.apache.poi.openxml4j.opc.PackageRelationshipCollection.<init>(PackageRelationshipCollection.java:130) ~[poi-ooxml-5.2.2.jar:5.2.2]
	at org.apache.poi.openxml4j.opc.PackagePart.loadRelationships(PackagePart.java:565) ~[poi-ooxml-5.2.2.jar:5.2.2]
	at org.apache.poi.openxml4j.opc.OPCPackage.getParts(OPCPackage.java:745) ~[poi-ooxml-5.2.2.jar:5.2.2]
	at org.apache.poi.openxml4j.opc.OPCPackage.open(OPCPackage.java:315) ~[poi-ooxml-5.2.2.jar:5.2.2]
	at org.apache.poi.ooxml.util.PackageHelper.open(PackageHelper.java:59) ~[poi-ooxml-5.2.2.jar:5.2.2]
	at org.apache.poi.xssf.usermodel.XSSFWorkbook.<init>(XSSFWorkbook.java:289) ~[poi-ooxml-5.2.2.jar:5.2.2]
	at org.apache.poi.xssf.usermodel.XSSFWorkbook.<init>(XSSFWorkbook.java:285) ~[poi-ooxml-5.2.2.jar:5.2.2]
	at com.MOFutility.API_Excelutilities.readServiceIdFromExcel(API_Excelutilities.java:20) ~[test-classes/:?]
	at com.MOF.constants.API_URL.<clinit>(API_URL.java:241) ~[test-classes/:?]
	at com.MOFapi.MOFapi.Fetchvalid_SingleService_ValidServiceid(MOFapi.java:4891) ~[test-classes/:?]
	at jdk.internal.reflect.DirectMethodHandleAccessor.invoke(DirectMethodHandleAccessor.java:103) ~[?:?]
	at java.lang.reflect.Method.invoke(Method.java:580) ~[?:?]
	at org.testng.internal.MethodInvocationHelper.invokeMethod(MethodInvocationHelper.java:124) ~[testng-6.14.3.jar:?]
	at org.testng.internal.Invoker.invokeMethod(Invoker.java:583) ~[testng-6.14.3.jar:?]
	at org.testng.internal.Invoker.invokeTestMethod(Invoker.java:719) ~[testng-6.14.3.jar:?]
	at org.testng.internal.Invoker.invokeTestMethods(Invoker.java:989) ~[testng-6.14.3.jar:?]
	at org.testng.internal.TestMethodWorker.invokeTestMethods(TestMethodWorker.java:125) ~[testng-6.14.3.jar:?]
	at org.testng.internal.TestMethodWorker.run(TestMethodWorker.java:109) ~[testng-6.14.3.jar:?]
	at org.testng.TestRunner.privateRun(TestRunner.java:648) ~[testng-6.14.3.jar:?]
	at org.testng.TestRunner.run(TestRunner.java:505) ~[testng-6.14.3.jar:?]
	at org.testng.SuiteRunner.runTest(SuiteRunner.java:455) ~[testng-6.14.3.jar:?]
	at org.testng.SuiteRunner.runSequentially(SuiteRunner.java:450) ~[testng-6.14.3.jar:?]
	at org.testng.SuiteRunner.privateRun(SuiteRunner.java:415) ~[testng-6.14.3.jar:?]
	at org.testng.SuiteRunner.run(SuiteRunner.java:364) ~[testng-6.14.3.jar:?]
	at org.testng.SuiteRunnerWorker.runSuite(SuiteRunnerWorker.java:52) ~[testng-6.14.3.jar:?]
	at org.testng.SuiteRunnerWorker.run(SuiteRunnerWorker.java:84) ~[testng-6.14.3.jar:?]
	at org.testng.TestNG.runSuitesSequentially(TestNG.java:1208) ~[testng-6.14.3.jar:?]
	at org.testng.TestNG.runSuitesLocally(TestNG.java:1137) ~[testng-6.14.3.jar:?]
	at org.testng.TestNG.runSuites(TestNG.java:1049) ~[testng-6.14.3.jar:?]
	at org.testng.TestNG.run(TestNG.java:1017) ~[testng-6.14.3.jar:?]
	at org.apache.maven.surefire.testng.TestNGExecutor.run(TestNGExecutor.java:308) ~[surefire-testng-3.3.0.jar:3.3.0]
	at org.apache.maven.surefire.testng.TestNGXmlTestSuite.execute(TestNGXmlTestSuite.java:71) ~[surefire-testng-3.3.0.jar:3.3.0]
	at org.apache.maven.surefire.testng.TestNGProvider.invoke(TestNGProvider.java:113) ~[surefire-testng-3.3.0.jar:3.3.0]
	at org.apache.maven.surefire.booter.ForkedBooter.runSuitesInProcess(ForkedBooter.java:385) ~[surefire-booter-3.3.0.jar:3.3.0]
	at org.apache.maven.surefire.booter.ForkedBooter.execute(ForkedBooter.java:162) ~[surefire-booter-3.3.0.jar:3.3.0]
	at org.apache.maven.surefire.booter.ForkedBooter.run(ForkedBooter.java:507) ~[surefire-booter-3.3.0.jar:3.3.0]
	at org.apache.maven.surefire.booter.ForkedBooter.main(ForkedBooter.java:495) ~[surefire-booter-3.3.0.jar:3.3.0]
17:05:54.192 [main] ERROR org.apache.poi.openxml4j.opc.PackageRelationshipCollection - Cannot convert mailto:2343456378912@#&^*gvadhfbjnf in a valid relationship URI-> dummy-URI used
java.net.URISyntaxException: Illegal character in fragment at index 23: mailto:2343456378912@#&^*gvadhfbjnf
	at java.net.URI$Parser.fail(URI.java:2995) ~[?:?]
	at java.net.URI$Parser.checkChars(URI.java:3166) ~[?:?]
	at java.net.URI$Parser.parse(URI.java:3210) ~[?:?]
	at java.net.URI.<init>(URI.java:645) ~[?:?]
	at org.apache.poi.openxml4j.opc.PackagingURIHelper.toURI(PackagingURIHelper.java:723) ~[poi-ooxml-5.2.2.jar:5.2.2]
	at org.apache.poi.openxml4j.opc.PackageRelationshipCollection.parseRelationshipsPart(PackageRelationshipCollection.java:358) ~[poi-ooxml-5.2.2.jar:5.2.2]
	at org.apache.poi.openxml4j.opc.PackageRelationshipCollection.<init>(PackageRelationshipCollection.java:160) ~[poi-ooxml-5.2.2.jar:5.2.2]
	at org.apache.poi.openxml4j.opc.PackageRelationshipCollection.<init>(PackageRelationshipCollection.java:130) ~[poi-ooxml-5.2.2.jar:5.2.2]
	at org.apache.poi.openxml4j.opc.PackagePart.loadRelationships(PackagePart.java:565) ~[poi-ooxml-5.2.2.jar:5.2.2]
	at org.apache.poi.openxml4j.opc.OPCPackage.getParts(OPCPackage.java:745) ~[poi-ooxml-5.2.2.jar:5.2.2]
	at org.apache.poi.openxml4j.opc.OPCPackage.open(OPCPackage.java:315) ~[poi-ooxml-5.2.2.jar:5.2.2]
	at org.apache.poi.ooxml.util.PackageHelper.open(PackageHelper.java:59) ~[poi-ooxml-5.2.2.jar:5.2.2]
	at org.apache.poi.xssf.usermodel.XSSFWorkbook.<init>(XSSFWorkbook.java:289) ~[poi-ooxml-5.2.2.jar:5.2.2]
	at org.apache.poi.xssf.usermodel.XSSFWorkbook.<init>(XSSFWorkbook.java:285) ~[poi-ooxml-5.2.2.jar:5.2.2]
	at com.MOFutility.API_Excelutilities.readServiceIdFromExcel(API_Excelutilities.java:20) ~[test-classes/:?]
	at com.MOF.constants.API_URL.<clinit>(API_URL.java:241) ~[test-classes/:?]
	at com.MOFapi.MOFapi.Fetchvalid_SingleService_ValidServiceid(MOFapi.java:4891) ~[test-classes/:?]
	at jdk.internal.reflect.DirectMethodHandleAccessor.invoke(DirectMethodHandleAccessor.java:103) ~[?:?]
	at java.lang.reflect.Method.invoke(Method.java:580) ~[?:?]
	at org.testng.internal.MethodInvocationHelper.invokeMethod(MethodInvocationHelper.java:124) ~[testng-6.14.3.jar:?]
	at org.testng.internal.Invoker.invokeMethod(Invoker.java:583) ~[testng-6.14.3.jar:?]
	at org.testng.internal.Invoker.invokeTestMethod(Invoker.java:719) ~[testng-6.14.3.jar:?]
	at org.testng.internal.Invoker.invokeTestMethods(Invoker.java:989) ~[testng-6.14.3.jar:?]
	at org.testng.internal.TestMethodWorker.invokeTestMethods(TestMethodWorker.java:125) ~[testng-6.14.3.jar:?]
	at org.testng.internal.TestMethodWorker.run(TestMethodWorker.java:109) ~[testng-6.14.3.jar:?]
	at org.testng.TestRunner.privateRun(TestRunner.java:648) ~[testng-6.14.3.jar:?]
	at org.testng.TestRunner.run(TestRunner.java:505) ~[testng-6.14.3.jar:?]
	at org.testng.SuiteRunner.runTest(SuiteRunner.java:455) ~[testng-6.14.3.jar:?]
	at org.testng.SuiteRunner.runSequentially(SuiteRunner.java:450) ~[testng-6.14.3.jar:?]
	at org.testng.SuiteRunner.privateRun(SuiteRunner.java:415) ~[testng-6.14.3.jar:?]
	at org.testng.SuiteRunner.run(SuiteRunner.java:364) ~[testng-6.14.3.jar:?]
	at org.testng.SuiteRunnerWorker.runSuite(SuiteRunnerWorker.java:52) ~[testng-6.14.3.jar:?]
	at org.testng.SuiteRunnerWorker.run(SuiteRunnerWorker.java:84) ~[testng-6.14.3.jar:?]
	at org.testng.TestNG.runSuitesSequentially(TestNG.java:1208) ~[testng-6.14.3.jar:?]
	at org.testng.TestNG.runSuitesLocally(TestNG.java:1137) ~[testng-6.14.3.jar:?]
	at org.testng.TestNG.runSuites(TestNG.java:1049) ~[testng-6.14.3.jar:?]
	at org.testng.TestNG.run(TestNG.java:1017) ~[testng-6.14.3.jar:?]
	at org.apache.maven.surefire.testng.TestNGExecutor.run(TestNGExecutor.java:308) ~[surefire-testng-3.3.0.jar:3.3.0]
	at org.apache.maven.surefire.testng.TestNGXmlTestSuite.execute(TestNGXmlTestSuite.java:71) ~[surefire-testng-3.3.0.jar:3.3.0]
	at org.apache.maven.surefire.testng.TestNGProvider.invoke(TestNGProvider.java:113) ~[surefire-testng-3.3.0.jar:3.3.0]
	at org.apache.maven.surefire.booter.ForkedBooter.runSuitesInProcess(ForkedBooter.java:385) ~[surefire-booter-3.3.0.jar:3.3.0]
	at org.apache.maven.surefire.booter.ForkedBooter.execute(ForkedBooter.java:162) ~[surefire-booter-3.3.0.jar:3.3.0]
	at org.apache.maven.surefire.booter.ForkedBooter.run(ForkedBooter.java:507) ~[surefire-booter-3.3.0.jar:3.3.0]
	at org.apache.maven.surefire.booter.ForkedBooter.main(ForkedBooter.java:495) ~[surefire-booter-3.3.0.jar:3.3.0]
17:05:54.219 [main] ERROR org.apache.poi.openxml4j.opc.PackageRelationshipCollection - Cannot convert mailto:ALPA@#$%^245234534 in a valid relationship URI-> dummy-URI used
java.net.URISyntaxException: Malformed escape pair at index 14: mailto:ALPA@#$%^245234534
	at java.net.URI$Parser.fail(URI.java:2995) ~[?:?]
	at java.net.URI$Parser.scanEscape(URI.java:3123) ~[?:?]
	at java.net.URI$Parser.scan(URI.java:3146) ~[?:?]
	at java.net.URI$Parser.checkChars(URI.java:3164) ~[?:?]
	at java.net.URI$Parser.parse(URI.java:3210) ~[?:?]
	at java.net.URI.<init>(URI.java:645) ~[?:?]
	at org.apache.poi.openxml4j.opc.PackagingURIHelper.toURI(PackagingURIHelper.java:723) ~[poi-ooxml-5.2.2.jar:5.2.2]
	at org.apache.poi.openxml4j.opc.PackageRelationshipCollection.parseRelationshipsPart(PackageRelationshipCollection.java:358) ~[poi-ooxml-5.2.2.jar:5.2.2]
	at org.apache.poi.openxml4j.opc.PackageRelationshipCollection.<init>(PackageRelationshipCollection.java:160) ~[poi-ooxml-5.2.2.jar:5.2.2]
	at org.apache.poi.openxml4j.opc.PackageRelationshipCollection.<init>(PackageRelationshipCollection.java:130) ~[poi-ooxml-5.2.2.jar:5.2.2]
	at org.apache.poi.openxml4j.opc.PackagePart.loadRelationships(PackagePart.java:565) ~[poi-ooxml-5.2.2.jar:5.2.2]
	at org.apache.poi.openxml4j.opc.OPCPackage.getParts(OPCPackage.java:745) ~[poi-ooxml-5.2.2.jar:5.2.2]
	at org.apache.poi.openxml4j.opc.OPCPackage.open(OPCPackage.java:315) ~[poi-ooxml-5.2.2.jar:5.2.2]
	at org.apache.poi.ooxml.util.PackageHelper.open(PackageHelper.java:59) ~[poi-ooxml-5.2.2.jar:5.2.2]
	at org.apache.poi.xssf.usermodel.XSSFWorkbook.<init>(XSSFWorkbook.java:289) ~[poi-ooxml-5.2.2.jar:5.2.2]
	at org.apache.poi.xssf.usermodel.XSSFWorkbook.<init>(XSSFWorkbook.java:285) ~[poi-ooxml-5.2.2.jar:5.2.2]
	at com.MOFutility.API_Excelutilities.readServiceIdFromExcel(API_Excelutilities.java:20) ~[test-classes/:?]
	at com.MOF.constants.API_URL.<clinit>(API_URL.java:242) ~[test-classes/:?]
	at com.MOFapi.MOFapi.Fetchvalid_SingleService_ValidServiceid(MOFapi.java:4891) ~[test-classes/:?]
	at jdk.internal.reflect.DirectMethodHandleAccessor.invoke(DirectMethodHandleAccessor.java:103) ~[?:?]
	at java.lang.reflect.Method.invoke(Method.java:580) ~[?:?]
	at org.testng.internal.MethodInvocationHelper.invokeMethod(MethodInvocationHelper.java:124) ~[testng-6.14.3.jar:?]
	at org.testng.internal.Invoker.invokeMethod(Invoker.java:583) ~[testng-6.14.3.jar:?]
	at org.testng.internal.Invoker.invokeTestMethod(Invoker.java:719) ~[testng-6.14.3.jar:?]
	at org.testng.internal.Invoker.invokeTestMethods(Invoker.java:989) ~[testng-6.14.3.jar:?]
	at org.testng.internal.TestMethodWorker.invokeTestMethods(TestMethodWorker.java:125) ~[testng-6.14.3.jar:?]
	at org.testng.internal.TestMethodWorker.run(TestMethodWorker.java:109) ~[testng-6.14.3.jar:?]
	at org.testng.TestRunner.privateRun(TestRunner.java:648) ~[testng-6.14.3.jar:?]
	at org.testng.TestRunner.run(TestRunner.java:505) ~[testng-6.14.3.jar:?]
	at org.testng.SuiteRunner.runTest(SuiteRunner.java:455) ~[testng-6.14.3.jar:?]
	at org.testng.SuiteRunner.runSequentially(SuiteRunner.java:450) ~[testng-6.14.3.jar:?]
	at org.testng.SuiteRunner.privateRun(SuiteRunner.java:415) ~[testng-6.14.3.jar:?]
	at org.testng.SuiteRunner.run(SuiteRunner.java:364) ~[testng-6.14.3.jar:?]
	at org.testng.SuiteRunnerWorker.runSuite(SuiteRunnerWorker.java:52) ~[testng-6.14.3.jar:?]
	at org.testng.SuiteRunnerWorker.run(SuiteRunnerWorker.java:84) ~[testng-6.14.3.jar:?]
	at org.testng.TestNG.runSuitesSequentially(TestNG.java:1208) ~[testng-6.14.3.jar:?]
	at org.testng.TestNG.runSuitesLocally(TestNG.java:1137) ~[testng-6.14.3.jar:?]
	at org.testng.TestNG.runSuites(TestNG.java:1049) ~[testng-6.14.3.jar:?]
	at org.testng.TestNG.run(TestNG.java:1017) ~[testng-6.14.3.jar:?]
	at org.apache.maven.surefire.testng.TestNGExecutor.run(TestNGExecutor.java:308) ~[surefire-testng-3.3.0.jar:3.3.0]
	at org.apache.maven.surefire.testng.TestNGXmlTestSuite.execute(TestNGXmlTestSuite.java:71) ~[surefire-testng-3.3.0.jar:3.3.0]
	at org.apache.maven.surefire.testng.TestNGProvider.invoke(TestNGProvider.java:113) ~[surefire-testng-3.3.0.jar:3.3.0]
	at org.apache.maven.surefire.booter.ForkedBooter.runSuitesInProcess(ForkedBooter.java:385) ~[surefire-booter-3.3.0.jar:3.3.0]
	at org.apache.maven.surefire.booter.ForkedBooter.execute(ForkedBooter.java:162) ~[surefire-booter-3.3.0.jar:3.3.0]
	at org.apache.maven.surefire.booter.ForkedBooter.run(ForkedBooter.java:507) ~[surefire-booter-3.3.0.jar:3.3.0]
	at org.apache.maven.surefire.booter.ForkedBooter.main(ForkedBooter.java:495) ~[surefire-booter-3.3.0.jar:3.3.0]
17:05:54.220 [main] ERROR org.apache.poi.openxml4j.opc.PackageRelationshipCollection - Cannot convert mailto:ALPHAAAAAA@@@@@!@##$$$%12344 in a valid relationship URI-> dummy-URI used
java.net.URISyntaxException: Illegal character in fragment at index 25: mailto:ALPHAAAAAA@@@@@!@##$$$%12344
	at java.net.URI$Parser.fail(URI.java:2995) ~[?:?]
	at java.net.URI$Parser.checkChars(URI.java:3166) ~[?:?]
	at java.net.URI$Parser.parse(URI.java:3210) ~[?:?]
	at java.net.URI.<init>(URI.java:645) ~[?:?]
	at org.apache.poi.openxml4j.opc.PackagingURIHelper.toURI(PackagingURIHelper.java:723) ~[poi-ooxml-5.2.2.jar:5.2.2]
	at org.apache.poi.openxml4j.opc.PackageRelationshipCollection.parseRelationshipsPart(PackageRelationshipCollection.java:358) ~[poi-ooxml-5.2.2.jar:5.2.2]
	at org.apache.poi.openxml4j.opc.PackageRelationshipCollection.<init>(PackageRelationshipCollection.java:160) ~[poi-ooxml-5.2.2.jar:5.2.2]
	at org.apache.poi.openxml4j.opc.PackageRelationshipCollection.<init>(PackageRelationshipCollection.java:130) ~[poi-ooxml-5.2.2.jar:5.2.2]
	at org.apache.poi.openxml4j.opc.PackagePart.loadRelationships(PackagePart.java:565) ~[poi-ooxml-5.2.2.jar:5.2.2]
	at org.apache.poi.openxml4j.opc.OPCPackage.getParts(OPCPackage.java:745) ~[poi-ooxml-5.2.2.jar:5.2.2]
	at org.apache.poi.openxml4j.opc.OPCPackage.open(OPCPackage.java:315) ~[poi-ooxml-5.2.2.jar:5.2.2]
	at org.apache.poi.ooxml.util.PackageHelper.open(PackageHelper.java:59) ~[poi-ooxml-5.2.2.jar:5.2.2]
	at org.apache.poi.xssf.usermodel.XSSFWorkbook.<init>(XSSFWorkbook.java:289) ~[poi-ooxml-5.2.2.jar:5.2.2]
	at org.apache.poi.xssf.usermodel.XSSFWorkbook.<init>(XSSFWorkbook.java:285) ~[poi-ooxml-5.2.2.jar:5.2.2]
	at com.MOFutility.API_Excelutilities.readServiceIdFromExcel(API_Excelutilities.java:20) ~[test-classes/:?]
	at com.MOF.constants.API_URL.<clinit>(API_URL.java:242) ~[test-classes/:?]
	at com.MOFapi.MOFapi.Fetchvalid_SingleService_ValidServiceid(MOFapi.java:4891) ~[test-classes/:?]
	at jdk.internal.reflect.DirectMethodHandleAccessor.invoke(DirectMethodHandleAccessor.java:103) ~[?:?]
	at java.lang.reflect.Method.invoke(Method.java:580) ~[?:?]
	at org.testng.internal.MethodInvocationHelper.invokeMethod(MethodInvocationHelper.java:124) ~[testng-6.14.3.jar:?]
	at org.testng.internal.Invoker.invokeMethod(Invoker.java:583) ~[testng-6.14.3.jar:?]
	at org.testng.internal.Invoker.invokeTestMethod(Invoker.java:719) ~[testng-6.14.3.jar:?]
	at org.testng.internal.Invoker.invokeTestMethods(Invoker.java:989) ~[testng-6.14.3.jar:?]
	at org.testng.internal.TestMethodWorker.invokeTestMethods(TestMethodWorker.java:125) ~[testng-6.14.3.jar:?]
	at org.testng.internal.TestMethodWorker.run(TestMethodWorker.java:109) ~[testng-6.14.3.jar:?]
	at org.testng.TestRunner.privateRun(TestRunner.java:648) ~[testng-6.14.3.jar:?]
	at org.testng.TestRunner.run(TestRunner.java:505) ~[testng-6.14.3.jar:?]
	at org.testng.SuiteRunner.runTest(SuiteRunner.java:455) ~[testng-6.14.3.jar:?]
	at org.testng.SuiteRunner.runSequentially(SuiteRunner.java:450) ~[testng-6.14.3.jar:?]
	at org.testng.SuiteRunner.privateRun(SuiteRunner.java:415) ~[testng-6.14.3.jar:?]
	at org.testng.SuiteRunner.run(SuiteRunner.java:364) ~[testng-6.14.3.jar:?]
	at org.testng.SuiteRunnerWorker.runSuite(SuiteRunnerWorker.java:52) ~[testng-6.14.3.jar:?]
	at org.testng.SuiteRunnerWorker.run(SuiteRunnerWorker.java:84) ~[testng-6.14.3.jar:?]
	at org.testng.TestNG.runSuitesSequentially(TestNG.java:1208) ~[testng-6.14.3.jar:?]
	at org.testng.TestNG.runSuitesLocally(TestNG.java:1137) ~[testng-6.14.3.jar:?]
	at org.testng.TestNG.runSuites(TestNG.java:1049) ~[testng-6.14.3.jar:?]
	at org.testng.TestNG.run(TestNG.java:1017) ~[testng-6.14.3.jar:?]
	at org.apache.maven.surefire.testng.TestNGExecutor.run(TestNGExecutor.java:308) ~[surefire-testng-3.3.0.jar:3.3.0]
	at org.apache.maven.surefire.testng.TestNGXmlTestSuite.execute(TestNGXmlTestSuite.java:71) ~[surefire-testng-3.3.0.jar:3.3.0]
	at org.apache.maven.surefire.testng.TestNGProvider.invoke(TestNGProvider.java:113) ~[surefire-testng-3.3.0.jar:3.3.0]
	at org.apache.maven.surefire.booter.ForkedBooter.runSuitesInProcess(ForkedBooter.java:385) ~[surefire-booter-3.3.0.jar:3.3.0]
	at org.apache.maven.surefire.booter.ForkedBooter.execute(ForkedBooter.java:162) ~[surefire-booter-3.3.0.jar:3.3.0]
	at org.apache.maven.surefire.booter.ForkedBooter.run(ForkedBooter.java:507) ~[surefire-booter-3.3.0.jar:3.3.0]
	at org.apache.maven.surefire.booter.ForkedBooter.main(ForkedBooter.java:495) ~[surefire-booter-3.3.0.jar:3.3.0]
17:05:54.221 [main] ERROR org.apache.poi.openxml4j.opc.PackageRelationshipCollection - Cannot convert mailto:2343456378912@#&^*gvadhfbjnf in a valid relationship URI-> dummy-URI used
java.net.URISyntaxException: Illegal character in fragment at index 23: mailto:2343456378912@#&^*gvadhfbjnf
	at java.net.URI$Parser.fail(URI.java:2995) ~[?:?]
	at java.net.URI$Parser.checkChars(URI.java:3166) ~[?:?]
	at java.net.URI$Parser.parse(URI.java:3210) ~[?:?]
	at java.net.URI.<init>(URI.java:645) ~[?:?]
	at org.apache.poi.openxml4j.opc.PackagingURIHelper.toURI(PackagingURIHelper.java:723) ~[poi-ooxml-5.2.2.jar:5.2.2]
	at org.apache.poi.openxml4j.opc.PackageRelationshipCollection.parseRelationshipsPart(PackageRelationshipCollection.java:358) ~[poi-ooxml-5.2.2.jar:5.2.2]
	at org.apache.poi.openxml4j.opc.PackageRelationshipCollection.<init>(PackageRelationshipCollection.java:160) ~[poi-ooxml-5.2.2.jar:5.2.2]
	at org.apache.poi.openxml4j.opc.PackageRelationshipCollection.<init>(PackageRelationshipCollection.java:130) ~[poi-ooxml-5.2.2.jar:5.2.2]
	at org.apache.poi.openxml4j.opc.PackagePart.loadRelationships(PackagePart.java:565) ~[poi-ooxml-5.2.2.jar:5.2.2]
	at org.apache.poi.openxml4j.opc.OPCPackage.getParts(OPCPackage.java:745) ~[poi-ooxml-5.2.2.jar:5.2.2]
	at org.apache.poi.openxml4j.opc.OPCPackage.open(OPCPackage.java:315) ~[poi-ooxml-5.2.2.jar:5.2.2]
	at org.apache.poi.ooxml.util.PackageHelper.open(PackageHelper.java:59) ~[poi-ooxml-5.2.2.jar:5.2.2]
	at org.apache.poi.xssf.usermodel.XSSFWorkbook.<init>(XSSFWorkbook.java:289) ~[poi-ooxml-5.2.2.jar:5.2.2]
	at org.apache.poi.xssf.usermodel.XSSFWorkbook.<init>(XSSFWorkbook.java:285) ~[poi-ooxml-5.2.2.jar:5.2.2]
	at com.MOFutility.API_Excelutilities.readServiceIdFromExcel(API_Excelutilities.java:20) ~[test-classes/:?]
	at com.MOF.constants.API_URL.<clinit>(API_URL.java:242) ~[test-classes/:?]
	at com.MOFapi.MOFapi.Fetchvalid_SingleService_ValidServiceid(MOFapi.java:4891) ~[test-classes/:?]
	at jdk.internal.reflect.DirectMethodHandleAccessor.invoke(DirectMethodHandleAccessor.java:103) ~[?:?]
	at java.lang.reflect.Method.invoke(Method.java:580) ~[?:?]
	at org.testng.internal.MethodInvocationHelper.invokeMethod(MethodInvocationHelper.java:124) ~[testng-6.14.3.jar:?]
	at org.testng.internal.Invoker.invokeMethod(Invoker.java:583) ~[testng-6.14.3.jar:?]
	at org.testng.internal.Invoker.invokeTestMethod(Invoker.java:719) ~[testng-6.14.3.jar:?]
	at org.testng.internal.Invoker.invokeTestMethods(Invoker.java:989) ~[testng-6.14.3.jar:?]
	at org.testng.internal.TestMethodWorker.invokeTestMethods(TestMethodWorker.java:125) ~[testng-6.14.3.jar:?]
	at org.testng.internal.TestMethodWorker.run(TestMethodWorker.java:109) ~[testng-6.14.3.jar:?]
	at org.testng.TestRunner.privateRun(TestRunner.java:648) ~[testng-6.14.3.jar:?]
	at org.testng.TestRunner.run(TestRunner.java:505) ~[testng-6.14.3.jar:?]
	at org.testng.SuiteRunner.runTest(SuiteRunner.java:455) ~[testng-6.14.3.jar:?]
	at org.testng.SuiteRunner.runSequentially(SuiteRunner.java:450) ~[testng-6.14.3.jar:?]
	at org.testng.SuiteRunner.privateRun(SuiteRunner.java:415) ~[testng-6.14.3.jar:?]
	at org.testng.SuiteRunner.run(SuiteRunner.java:364) ~[testng-6.14.3.jar:?]
	at org.testng.SuiteRunnerWorker.runSuite(SuiteRunnerWorker.java:52) ~[testng-6.14.3.jar:?]
	at org.testng.SuiteRunnerWorker.run(SuiteRunnerWorker.java:84) ~[testng-6.14.3.jar:?]
	at org.testng.TestNG.runSuitesSequentially(TestNG.java:1208) ~[testng-6.14.3.jar:?]
	at org.testng.TestNG.runSuitesLocally(TestNG.java:1137) ~[testng-6.14.3.jar:?]
	at org.testng.TestNG.runSuites(TestNG.java:1049) ~[testng-6.14.3.jar:?]
	at org.testng.TestNG.run(TestNG.java:1017) ~[testng-6.14.3.jar:?]
	at org.apache.maven.surefire.testng.TestNGExecutor.run(TestNGExecutor.java:308) ~[surefire-testng-3.3.0.jar:3.3.0]
	at org.apache.maven.surefire.testng.TestNGXmlTestSuite.execute(TestNGXmlTestSuite.java:71) ~[surefire-testng-3.3.0.jar:3.3.0]
	at org.apache.maven.surefire.testng.TestNGProvider.invoke(TestNGProvider.java:113) ~[surefire-testng-3.3.0.jar:3.3.0]
	at org.apache.maven.surefire.booter.ForkedBooter.runSuitesInProcess(ForkedBooter.java:385) ~[surefire-booter-3.3.0.jar:3.3.0]
	at org.apache.maven.surefire.booter.ForkedBooter.execute(ForkedBooter.java:162) ~[surefire-booter-3.3.0.jar:3.3.0]
	at org.apache.maven.surefire.booter.ForkedBooter.run(ForkedBooter.java:507) ~[surefire-booter-3.3.0.jar:3.3.0]
	at org.apache.maven.surefire.booter.ForkedBooter.main(ForkedBooter.java:495) ~[surefire-booter-3.3.0.jar:3.3.0]
17:05:54.250 [main] ERROR org.apache.poi.openxml4j.opc.PackageRelationshipCollection - Cannot convert mailto:ALPA@#$%^245234534 in a valid relationship URI-> dummy-URI used
java.net.URISyntaxException: Malformed escape pair at index 14: mailto:ALPA@#$%^245234534
	at java.net.URI$Parser.fail(URI.java:2995) ~[?:?]
	at java.net.URI$Parser.scanEscape(URI.java:3123) ~[?:?]
	at java.net.URI$Parser.scan(URI.java:3146) ~[?:?]
	at java.net.URI$Parser.checkChars(URI.java:3164) ~[?:?]
	at java.net.URI$Parser.parse(URI.java:3210) ~[?:?]
	at java.net.URI.<init>(URI.java:645) ~[?:?]
	at org.apache.poi.openxml4j.opc.PackagingURIHelper.toURI(PackagingURIHelper.java:723) ~[poi-ooxml-5.2.2.jar:5.2.2]
	at org.apache.poi.openxml4j.opc.PackageRelationshipCollection.parseRelationshipsPart(PackageRelationshipCollection.java:358) ~[poi-ooxml-5.2.2.jar:5.2.2]
	at org.apache.poi.openxml4j.opc.PackageRelationshipCollection.<init>(PackageRelationshipCollection.java:160) ~[poi-ooxml-5.2.2.jar:5.2.2]
	at org.apache.poi.openxml4j.opc.PackageRelationshipCollection.<init>(PackageRelationshipCollection.java:130) ~[poi-ooxml-5.2.2.jar:5.2.2]
	at org.apache.poi.openxml4j.opc.PackagePart.loadRelationships(PackagePart.java:565) ~[poi-ooxml-5.2.2.jar:5.2.2]
	at org.apache.poi.openxml4j.opc.OPCPackage.getParts(OPCPackage.java:745) ~[poi-ooxml-5.2.2.jar:5.2.2]
	at org.apache.poi.openxml4j.opc.OPCPackage.open(OPCPackage.java:315) ~[poi-ooxml-5.2.2.jar:5.2.2]
	at org.apache.poi.ooxml.util.PackageHelper.open(PackageHelper.java:59) ~[poi-ooxml-5.2.2.jar:5.2.2]
	at org.apache.poi.xssf.usermodel.XSSFWorkbook.<init>(XSSFWorkbook.java:289) ~[poi-ooxml-5.2.2.jar:5.2.2]
	at org.apache.poi.xssf.usermodel.XSSFWorkbook.<init>(XSSFWorkbook.java:285) ~[poi-ooxml-5.2.2.jar:5.2.2]
	at com.MOFutility.API_Excelutilities.readServiceIdFromExcel(API_Excelutilities.java:20) ~[test-classes/:?]
	at com.MOF.constants.API_URL.<clinit>(API_URL.java:243) ~[test-classes/:?]
	at com.MOFapi.MOFapi.Fetchvalid_SingleService_ValidServiceid(MOFapi.java:4891) ~[test-classes/:?]
	at jdk.internal.reflect.DirectMethodHandleAccessor.invoke(DirectMethodHandleAccessor.java:103) ~[?:?]
	at java.lang.reflect.Method.invoke(Method.java:580) ~[?:?]
	at org.testng.internal.MethodInvocationHelper.invokeMethod(MethodInvocationHelper.java:124) ~[testng-6.14.3.jar:?]
	at org.testng.internal.Invoker.invokeMethod(Invoker.java:583) ~[testng-6.14.3.jar:?]
	at org.testng.internal.Invoker.invokeTestMethod(Invoker.java:719) ~[testng-6.14.3.jar:?]
	at org.testng.internal.Invoker.invokeTestMethods(Invoker.java:989) ~[testng-6.14.3.jar:?]
	at org.testng.internal.TestMethodWorker.invokeTestMethods(TestMethodWorker.java:125) ~[testng-6.14.3.jar:?]
	at org.testng.internal.TestMethodWorker.run(TestMethodWorker.java:109) ~[testng-6.14.3.jar:?]
	at org.testng.TestRunner.privateRun(TestRunner.java:648) ~[testng-6.14.3.jar:?]
	at org.testng.TestRunner.run(TestRunner.java:505) ~[testng-6.14.3.jar:?]
	at org.testng.SuiteRunner.runTest(SuiteRunner.java:455) ~[testng-6.14.3.jar:?]
	at org.testng.SuiteRunner.runSequentially(SuiteRunner.java:450) ~[testng-6.14.3.jar:?]
	at org.testng.SuiteRunner.privateRun(SuiteRunner.java:415) ~[testng-6.14.3.jar:?]
	at org.testng.SuiteRunner.run(SuiteRunner.java:364) ~[testng-6.14.3.jar:?]
	at org.testng.SuiteRunnerWorker.runSuite(SuiteRunnerWorker.java:52) ~[testng-6.14.3.jar:?]
	at org.testng.SuiteRunnerWorker.run(SuiteRunnerWorker.java:84) ~[testng-6.14.3.jar:?]
	at org.testng.TestNG.runSuitesSequentially(TestNG.java:1208) ~[testng-6.14.3.jar:?]
	at org.testng.TestNG.runSuitesLocally(TestNG.java:1137) ~[testng-6.14.3.jar:?]
	at org.testng.TestNG.runSuites(TestNG.java:1049) ~[testng-6.14.3.jar:?]
	at org.testng.TestNG.run(TestNG.java:1017) ~[testng-6.14.3.jar:?]
	at org.apache.maven.surefire.testng.TestNGExecutor.run(TestNGExecutor.java:308) ~[surefire-testng-3.3.0.jar:3.3.0]
	at org.apache.maven.surefire.testng.TestNGXmlTestSuite.execute(TestNGXmlTestSuite.java:71) ~[surefire-testng-3.3.0.jar:3.3.0]
	at org.apache.maven.surefire.testng.TestNGProvider.invoke(TestNGProvider.java:113) ~[surefire-testng-3.3.0.jar:3.3.0]
	at org.apache.maven.surefire.booter.ForkedBooter.runSuitesInProcess(ForkedBooter.java:385) ~[surefire-booter-3.3.0.jar:3.3.0]
	at org.apache.maven.surefire.booter.ForkedBooter.execute(ForkedBooter.java:162) ~[surefire-booter-3.3.0.jar:3.3.0]
	at org.apache.maven.surefire.booter.ForkedBooter.run(ForkedBooter.java:507) ~[surefire-booter-3.3.0.jar:3.3.0]
	at org.apache.maven.surefire.booter.ForkedBooter.main(ForkedBooter.java:495) ~[surefire-booter-3.3.0.jar:3.3.0]
17:05:54.251 [main] ERROR org.apache.poi.openxml4j.opc.PackageRelationshipCollection - Cannot convert mailto:ALPHAAAAAA@@@@@!@##$$$%12344 in a valid relationship URI-> dummy-URI used
java.net.URISyntaxException: Illegal character in fragment at index 25: mailto:ALPHAAAAAA@@@@@!@##$$$%12344
	at java.net.URI$Parser.fail(URI.java:2995) ~[?:?]
	at java.net.URI$Parser.checkChars(URI.java:3166) ~[?:?]
	at java.net.URI$Parser.parse(URI.java:3210) ~[?:?]
	at java.net.URI.<init>(URI.java:645) ~[?:?]
	at org.apache.poi.openxml4j.opc.PackagingURIHelper.toURI(PackagingURIHelper.java:723) ~[poi-ooxml-5.2.2.jar:5.2.2]
	at org.apache.poi.openxml4j.opc.PackageRelationshipCollection.parseRelationshipsPart(PackageRelationshipCollection.java:358) ~[poi-ooxml-5.2.2.jar:5.2.2]
	at org.apache.poi.openxml4j.opc.PackageRelationshipCollection.<init>(PackageRelationshipCollection.java:160) ~[poi-ooxml-5.2.2.jar:5.2.2]
	at org.apache.poi.openxml4j.opc.PackageRelationshipCollection.<init>(PackageRelationshipCollection.java:130) ~[poi-ooxml-5.2.2.jar:5.2.2]
	at org.apache.poi.openxml4j.opc.PackagePart.loadRelationships(PackagePart.java:565) ~[poi-ooxml-5.2.2.jar:5.2.2]
	at org.apache.poi.openxml4j.opc.OPCPackage.getParts(OPCPackage.java:745) ~[poi-ooxml-5.2.2.jar:5.2.2]
	at org.apache.poi.openxml4j.opc.OPCPackage.open(OPCPackage.java:315) ~[poi-ooxml-5.2.2.jar:5.2.2]
	at org.apache.poi.ooxml.util.PackageHelper.open(PackageHelper.java:59) ~[poi-ooxml-5.2.2.jar:5.2.2]
	at org.apache.poi.xssf.usermodel.XSSFWorkbook.<init>(XSSFWorkbook.java:289) ~[poi-ooxml-5.2.2.jar:5.2.2]
	at org.apache.poi.xssf.usermodel.XSSFWorkbook.<init>(XSSFWorkbook.java:285) ~[poi-ooxml-5.2.2.jar:5.2.2]
	at com.MOFutility.API_Excelutilities.readServiceIdFromExcel(API_Excelutilities.java:20) ~[test-classes/:?]
	at com.MOF.constants.API_URL.<clinit>(API_URL.java:243) ~[test-classes/:?]
	at com.MOFapi.MOFapi.Fetchvalid_SingleService_ValidServiceid(MOFapi.java:4891) ~[test-classes/:?]
	at jdk.internal.reflect.DirectMethodHandleAccessor.invoke(DirectMethodHandleAccessor.java:103) ~[?:?]
	at java.lang.reflect.Method.invoke(Method.java:580) ~[?:?]
	at org.testng.internal.MethodInvocationHelper.invokeMethod(MethodInvocationHelper.java:124) ~[testng-6.14.3.jar:?]
	at org.testng.internal.Invoker.invokeMethod(Invoker.java:583) ~[testng-6.14.3.jar:?]
	at org.testng.internal.Invoker.invokeTestMethod(Invoker.java:719) ~[testng-6.14.3.jar:?]
	at org.testng.internal.Invoker.invokeTestMethods(Invoker.java:989) ~[testng-6.14.3.jar:?]
	at org.testng.internal.TestMethodWorker.invokeTestMethods(TestMethodWorker.java:125) ~[testng-6.14.3.jar:?]
	at org.testng.internal.TestMethodWorker.run(TestMethodWorker.java:109) ~[testng-6.14.3.jar:?]
	at org.testng.TestRunner.privateRun(TestRunner.java:648) ~[testng-6.14.3.jar:?]
	at org.testng.TestRunner.run(TestRunner.java:505) ~[testng-6.14.3.jar:?]
	at org.testng.SuiteRunner.runTest(SuiteRunner.java:455) ~[testng-6.14.3.jar:?]
	at org.testng.SuiteRunner.runSequentially(SuiteRunner.java:450) ~[testng-6.14.3.jar:?]
	at org.testng.SuiteRunner.privateRun(SuiteRunner.java:415) ~[testng-6.14.3.jar:?]
	at org.testng.SuiteRunner.run(SuiteRunner.java:364) ~[testng-6.14.3.jar:?]
	at org.testng.SuiteRunnerWorker.runSuite(SuiteRunnerWorker.java:52) ~[testng-6.14.3.jar:?]
	at org.testng.SuiteRunnerWorker.run(SuiteRunnerWorker.java:84) ~[testng-6.14.3.jar:?]
	at org.testng.TestNG.runSuitesSequentially(TestNG.java:1208) ~[testng-6.14.3.jar:?]
	at org.testng.TestNG.runSuitesLocally(TestNG.java:1137) ~[testng-6.14.3.jar:?]
	at org.testng.TestNG.runSuites(TestNG.java:1049) ~[testng-6.14.3.jar:?]
	at org.testng.TestNG.run(TestNG.java:1017) ~[testng-6.14.3.jar:?]
	at org.apache.maven.surefire.testng.TestNGExecutor.run(TestNGExecutor.java:308) ~[surefire-testng-3.3.0.jar:3.3.0]
	at org.apache.maven.surefire.testng.TestNGXmlTestSuite.execute(TestNGXmlTestSuite.java:71) ~[surefire-testng-3.3.0.jar:3.3.0]
	at org.apache.maven.surefire.testng.TestNGProvider.invoke(TestNGProvider.java:113) ~[surefire-testng-3.3.0.jar:3.3.0]
	at org.apache.maven.surefire.booter.ForkedBooter.runSuitesInProcess(ForkedBooter.java:385) ~[surefire-booter-3.3.0.jar:3.3.0]
	at org.apache.maven.surefire.booter.ForkedBooter.execute(ForkedBooter.java:162) ~[surefire-booter-3.3.0.jar:3.3.0]
	at org.apache.maven.surefire.booter.ForkedBooter.run(ForkedBooter.java:507) ~[surefire-booter-3.3.0.jar:3.3.0]
	at org.apache.maven.surefire.booter.ForkedBooter.main(ForkedBooter.java:495) ~[surefire-booter-3.3.0.jar:3.3.0]
17:05:54.251 [main] ERROR org.apache.poi.openxml4j.opc.PackageRelationshipCollection - Cannot convert mailto:2343456378912@#&^*gvadhfbjnf in a valid relationship URI-> dummy-URI used
java.net.URISyntaxException: Illegal character in fragment at index 23: mailto:2343456378912@#&^*gvadhfbjnf
	at java.net.URI$Parser.fail(URI.java:2995) ~[?:?]
	at java.net.URI$Parser.checkChars(URI.java:3166) ~[?:?]
	at java.net.URI$Parser.parse(URI.java:3210) ~[?:?]
	at java.net.URI.<init>(URI.java:645) ~[?:?]
	at org.apache.poi.openxml4j.opc.PackagingURIHelper.toURI(PackagingURIHelper.java:723) ~[poi-ooxml-5.2.2.jar:5.2.2]
	at org.apache.poi.openxml4j.opc.PackageRelationshipCollection.parseRelationshipsPart(PackageRelationshipCollection.java:358) ~[poi-ooxml-5.2.2.jar:5.2.2]
	at org.apache.poi.openxml4j.opc.PackageRelationshipCollection.<init>(PackageRelationshipCollection.java:160) ~[poi-ooxml-5.2.2.jar:5.2.2]
	at org.apache.poi.openxml4j.opc.PackageRelationshipCollection.<init>(PackageRelationshipCollection.java:130) ~[poi-ooxml-5.2.2.jar:5.2.2]
	at org.apache.poi.openxml4j.opc.PackagePart.loadRelationships(PackagePart.java:565) ~[poi-ooxml-5.2.2.jar:5.2.2]
	at org.apache.poi.openxml4j.opc.OPCPackage.getParts(OPCPackage.java:745) ~[poi-ooxml-5.2.2.jar:5.2.2]
	at org.apache.poi.openxml4j.opc.OPCPackage.open(OPCPackage.java:315) ~[poi-ooxml-5.2.2.jar:5.2.2]
	at org.apache.poi.ooxml.util.PackageHelper.open(PackageHelper.java:59) ~[poi-ooxml-5.2.2.jar:5.2.2]
	at org.apache.poi.xssf.usermodel.XSSFWorkbook.<init>(XSSFWorkbook.java:289) ~[poi-ooxml-5.2.2.jar:5.2.2]
	at org.apache.poi.xssf.usermodel.XSSFWorkbook.<init>(XSSFWorkbook.java:285) ~[poi-ooxml-5.2.2.jar:5.2.2]
	at com.MOFutility.API_Excelutilities.readServiceIdFromExcel(API_Excelutilities.java:20) ~[test-classes/:?]
	at com.MOF.constants.API_URL.<clinit>(API_URL.java:243) ~[test-classes/:?]
	at com.MOFapi.MOFapi.Fetchvalid_SingleService_ValidServiceid(MOFapi.java:4891) ~[test-classes/:?]
	at jdk.internal.reflect.DirectMethodHandleAccessor.invoke(DirectMethodHandleAccessor.java:103) ~[?:?]
	at java.lang.reflect.Method.invoke(Method.java:580) ~[?:?]
	at org.testng.internal.MethodInvocationHelper.invokeMethod(MethodInvocationHelper.java:124) ~[testng-6.14.3.jar:?]
	at org.testng.internal.Invoker.invokeMethod(Invoker.java:583) ~[testng-6.14.3.jar:?]
	at org.testng.internal.Invoker.invokeTestMethod(Invoker.java:719) ~[testng-6.14.3.jar:?]
	at org.testng.internal.Invoker.invokeTestMethods(Invoker.java:989) ~[testng-6.14.3.jar:?]
	at org.testng.internal.TestMethodWorker.invokeTestMethods(TestMethodWorker.java:125) ~[testng-6.14.3.jar:?]
	at org.testng.internal.TestMethodWorker.run(TestMethodWorker.java:109) ~[testng-6.14.3.jar:?]
	at org.testng.TestRunner.privateRun(TestRunner.java:648) ~[testng-6.14.3.jar:?]
	at org.testng.TestRunner.run(TestRunner.java:505) ~[testng-6.14.3.jar:?]
	at org.testng.SuiteRunner.runTest(SuiteRunner.java:455) ~[testng-6.14.3.jar:?]
	at org.testng.SuiteRunner.runSequentially(SuiteRunner.java:450) ~[testng-6.14.3.jar:?]
	at org.testng.SuiteRunner.privateRun(SuiteRunner.java:415) ~[testng-6.14.3.jar:?]
	at org.testng.SuiteRunner.run(SuiteRunner.java:364) ~[testng-6.14.3.jar:?]
	at org.testng.SuiteRunnerWorker.runSuite(SuiteRunnerWorker.java:52) ~[testng-6.14.3.jar:?]
	at org.testng.SuiteRunnerWorker.run(SuiteRunnerWorker.java:84) ~[testng-6.14.3.jar:?]
	at org.testng.TestNG.runSuitesSequentially(TestNG.java:1208) ~[testng-6.14.3.jar:?]
	at org.testng.TestNG.runSuitesLocally(TestNG.java:1137) ~[testng-6.14.3.jar:?]
	at org.testng.TestNG.runSuites(TestNG.java:1049) ~[testng-6.14.3.jar:?]
	at org.testng.TestNG.run(TestNG.java:1017) ~[testng-6.14.3.jar:?]
	at org.apache.maven.surefire.testng.TestNGExecutor.run(TestNGExecutor.java:308) ~[surefire-testng-3.3.0.jar:3.3.0]
	at org.apache.maven.surefire.testng.TestNGXmlTestSuite.execute(TestNGXmlTestSuite.java:71) ~[surefire-testng-3.3.0.jar:3.3.0]
	at org.apache.maven.surefire.testng.TestNGProvider.invoke(TestNGProvider.java:113) ~[surefire-testng-3.3.0.jar:3.3.0]
	at org.apache.maven.surefire.booter.ForkedBooter.runSuitesInProcess(ForkedBooter.java:385) ~[surefire-booter-3.3.0.jar:3.3.0]
	at org.apache.maven.surefire.booter.ForkedBooter.execute(ForkedBooter.java:162) ~[surefire-booter-3.3.0.jar:3.3.0]
	at org.apache.maven.surefire.booter.ForkedBooter.run(ForkedBooter.java:507) ~[surefire-booter-3.3.0.jar:3.3.0]
	at org.apache.maven.surefire.booter.ForkedBooter.main(ForkedBooter.java:495) ~[surefire-booter-3.3.0.jar:3.3.0]
17:05:54.272 [main] ERROR org.apache.poi.openxml4j.opc.PackageRelationshipCollection - Cannot convert mailto:ALPA@#$%^245234534 in a valid relationship URI-> dummy-URI used
java.net.URISyntaxException: Malformed escape pair at index 14: mailto:ALPA@#$%^245234534
	at java.net.URI$Parser.fail(URI.java:2995) ~[?:?]
	at java.net.URI$Parser.scanEscape(URI.java:3123) ~[?:?]
	at java.net.URI$Parser.scan(URI.java:3146) ~[?:?]
	at java.net.URI$Parser.checkChars(URI.java:3164) ~[?:?]
	at java.net.URI$Parser.parse(URI.java:3210) ~[?:?]
	at java.net.URI.<init>(URI.java:645) ~[?:?]
	at org.apache.poi.openxml4j.opc.PackagingURIHelper.toURI(PackagingURIHelper.java:723) ~[poi-ooxml-5.2.2.jar:5.2.2]
	at org.apache.poi.openxml4j.opc.PackageRelationshipCollection.parseRelationshipsPart(PackageRelationshipCollection.java:358) ~[poi-ooxml-5.2.2.jar:5.2.2]
	at org.apache.poi.openxml4j.opc.PackageRelationshipCollection.<init>(PackageRelationshipCollection.java:160) ~[poi-ooxml-5.2.2.jar:5.2.2]
	at org.apache.poi.openxml4j.opc.PackageRelationshipCollection.<init>(PackageRelationshipCollection.java:130) ~[poi-ooxml-5.2.2.jar:5.2.2]
	at org.apache.poi.openxml4j.opc.PackagePart.loadRelationships(PackagePart.java:565) ~[poi-ooxml-5.2.2.jar:5.2.2]
	at org.apache.poi.openxml4j.opc.OPCPackage.getParts(OPCPackage.java:745) ~[poi-ooxml-5.2.2.jar:5.2.2]
	at org.apache.poi.openxml4j.opc.OPCPackage.open(OPCPackage.java:315) ~[poi-ooxml-5.2.2.jar:5.2.2]
	at org.apache.poi.ooxml.util.PackageHelper.open(PackageHelper.java:59) ~[poi-ooxml-5.2.2.jar:5.2.2]
	at org.apache.poi.xssf.usermodel.XSSFWorkbook.<init>(XSSFWorkbook.java:289) ~[poi-ooxml-5.2.2.jar:5.2.2]
	at org.apache.poi.xssf.usermodel.XSSFWorkbook.<init>(XSSFWorkbook.java:285) ~[poi-ooxml-5.2.2.jar:5.2.2]
	at com.MOFutility.API_Excelutilities.readServiceIdFromExcel(API_Excelutilities.java:20) ~[test-classes/:?]
	at com.MOF.constants.API_URL.<clinit>(API_URL.java:244) ~[test-classes/:?]
	at com.MOFapi.MOFapi.Fetchvalid_SingleService_ValidServiceid(MOFapi.java:4891) ~[test-classes/:?]
	at jdk.internal.reflect.DirectMethodHandleAccessor.invoke(DirectMethodHandleAccessor.java:103) ~[?:?]
	at java.lang.reflect.Method.invoke(Method.java:580) ~[?:?]
	at org.testng.internal.MethodInvocationHelper.invokeMethod(MethodInvocationHelper.java:124) ~[testng-6.14.3.jar:?]
	at org.testng.internal.Invoker.invokeMethod(Invoker.java:583) ~[testng-6.14.3.jar:?]
	at org.testng.internal.Invoker.invokeTestMethod(Invoker.java:719) ~[testng-6.14.3.jar:?]
	at org.testng.internal.Invoker.invokeTestMethods(Invoker.java:989) ~[testng-6.14.3.jar:?]
	at org.testng.internal.TestMethodWorker.invokeTestMethods(TestMethodWorker.java:125) ~[testng-6.14.3.jar:?]
	at org.testng.internal.TestMethodWorker.run(TestMethodWorker.java:109) ~[testng-6.14.3.jar:?]
	at org.testng.TestRunner.privateRun(TestRunner.java:648) ~[testng-6.14.3.jar:?]
	at org.testng.TestRunner.run(TestRunner.java:505) ~[testng-6.14.3.jar:?]
	at org.testng.SuiteRunner.runTest(SuiteRunner.java:455) ~[testng-6.14.3.jar:?]
	at org.testng.SuiteRunner.runSequentially(SuiteRunner.java:450) ~[testng-6.14.3.jar:?]
	at org.testng.SuiteRunner.privateRun(SuiteRunner.java:415) ~[testng-6.14.3.jar:?]
	at org.testng.SuiteRunner.run(SuiteRunner.java:364) ~[testng-6.14.3.jar:?]
	at org.testng.SuiteRunnerWorker.runSuite(SuiteRunnerWorker.java:52) ~[testng-6.14.3.jar:?]
	at org.testng.SuiteRunnerWorker.run(SuiteRunnerWorker.java:84) ~[testng-6.14.3.jar:?]
	at org.testng.TestNG.runSuitesSequentially(TestNG.java:1208) ~[testng-6.14.3.jar:?]
	at org.testng.TestNG.runSuitesLocally(TestNG.java:1137) ~[testng-6.14.3.jar:?]
	at org.testng.TestNG.runSuites(TestNG.java:1049) ~[testng-6.14.3.jar:?]
	at org.testng.TestNG.run(TestNG.java:1017) ~[testng-6.14.3.jar:?]
	at org.apache.maven.surefire.testng.TestNGExecutor.run(TestNGExecutor.java:308) ~[surefire-testng-3.3.0.jar:3.3.0]
	at org.apache.maven.surefire.testng.TestNGXmlTestSuite.execute(TestNGXmlTestSuite.java:71) ~[surefire-testng-3.3.0.jar:3.3.0]
	at org.apache.maven.surefire.testng.TestNGProvider.invoke(TestNGProvider.java:113) ~[surefire-testng-3.3.0.jar:3.3.0]
	at org.apache.maven.surefire.booter.ForkedBooter.runSuitesInProcess(ForkedBooter.java:385) ~[surefire-booter-3.3.0.jar:3.3.0]
	at org.apache.maven.surefire.booter.ForkedBooter.execute(ForkedBooter.java:162) ~[surefire-booter-3.3.0.jar:3.3.0]
	at org.apache.maven.surefire.booter.ForkedBooter.run(ForkedBooter.java:507) ~[surefire-booter-3.3.0.jar:3.3.0]
	at org.apache.maven.surefire.booter.ForkedBooter.main(ForkedBooter.java:495) ~[surefire-booter-3.3.0.jar:3.3.0]
17:05:54.273 [main] ERROR org.apache.poi.openxml4j.opc.PackageRelationshipCollection - Cannot convert mailto:ALPHAAAAAA@@@@@!@##$$$%12344 in a valid relationship URI-> dummy-URI used
java.net.URISyntaxException: Illegal character in fragment at index 25: mailto:ALPHAAAAAA@@@@@!@##$$$%12344
	at java.net.URI$Parser.fail(URI.java:2995) ~[?:?]
	at java.net.URI$Parser.checkChars(URI.java:3166) ~[?:?]
	at java.net.URI$Parser.parse(URI.java:3210) ~[?:?]
	at java.net.URI.<init>(URI.java:645) ~[?:?]
	at org.apache.poi.openxml4j.opc.PackagingURIHelper.toURI(PackagingURIHelper.java:723) ~[poi-ooxml-5.2.2.jar:5.2.2]
	at org.apache.poi.openxml4j.opc.PackageRelationshipCollection.parseRelationshipsPart(PackageRelationshipCollection.java:358) ~[poi-ooxml-5.2.2.jar:5.2.2]
	at org.apache.poi.openxml4j.opc.PackageRelationshipCollection.<init>(PackageRelationshipCollection.java:160) ~[poi-ooxml-5.2.2.jar:5.2.2]
	at org.apache.poi.openxml4j.opc.PackageRelationshipCollection.<init>(PackageRelationshipCollection.java:130) ~[poi-ooxml-5.2.2.jar:5.2.2]
	at org.apache.poi.openxml4j.opc.PackagePart.loadRelationships(PackagePart.java:565) ~[poi-ooxml-5.2.2.jar:5.2.2]
	at org.apache.poi.openxml4j.opc.OPCPackage.getParts(OPCPackage.java:745) ~[poi-ooxml-5.2.2.jar:5.2.2]
	at org.apache.poi.openxml4j.opc.OPCPackage.open(OPCPackage.java:315) ~[poi-ooxml-5.2.2.jar:5.2.2]
	at org.apache.poi.ooxml.util.PackageHelper.open(PackageHelper.java:59) ~[poi-ooxml-5.2.2.jar:5.2.2]
	at org.apache.poi.xssf.usermodel.XSSFWorkbook.<init>(XSSFWorkbook.java:289) ~[poi-ooxml-5.2.2.jar:5.2.2]
	at org.apache.poi.xssf.usermodel.XSSFWorkbook.<init>(XSSFWorkbook.java:285) ~[poi-ooxml-5.2.2.jar:5.2.2]
	at com.MOFutility.API_Excelutilities.readServiceIdFromExcel(API_Excelutilities.java:20) ~[test-classes/:?]
	at com.MOF.constants.API_URL.<clinit>(API_URL.java:244) ~[test-classes/:?]
	at com.MOFapi.MOFapi.Fetchvalid_SingleService_ValidServiceid(MOFapi.java:4891) ~[test-classes/:?]
	at jdk.internal.reflect.DirectMethodHandleAccessor.invoke(DirectMethodHandleAccessor.java:103) ~[?:?]
	at java.lang.reflect.Method.invoke(Method.java:580) ~[?:?]
	at org.testng.internal.MethodInvocationHelper.invokeMethod(MethodInvocationHelper.java:124) ~[testng-6.14.3.jar:?]
	at org.testng.internal.Invoker.invokeMethod(Invoker.java:583) ~[testng-6.14.3.jar:?]
	at org.testng.internal.Invoker.invokeTestMethod(Invoker.java:719) ~[testng-6.14.3.jar:?]
	at org.testng.internal.Invoker.invokeTestMethods(Invoker.java:989) ~[testng-6.14.3.jar:?]
	at org.testng.internal.TestMethodWorker.invokeTestMethods(TestMethodWorker.java:125) ~[testng-6.14.3.jar:?]
	at org.testng.internal.TestMethodWorker.run(TestMethodWorker.java:109) ~[testng-6.14.3.jar:?]
	at org.testng.TestRunner.privateRun(TestRunner.java:648) ~[testng-6.14.3.jar:?]
	at org.testng.TestRunner.run(TestRunner.java:505) ~[testng-6.14.3.jar:?]
	at org.testng.SuiteRunner.runTest(SuiteRunner.java:455) ~[testng-6.14.3.jar:?]
	at org.testng.SuiteRunner.runSequentially(SuiteRunner.java:450) ~[testng-6.14.3.jar:?]
	at org.testng.SuiteRunner.privateRun(SuiteRunner.java:415) ~[testng-6.14.3.jar:?]
	at org.testng.SuiteRunner.run(SuiteRunner.java:364) ~[testng-6.14.3.jar:?]
	at org.testng.SuiteRunnerWorker.runSuite(SuiteRunnerWorker.java:52) ~[testng-6.14.3.jar:?]
	at org.testng.SuiteRunnerWorker.run(SuiteRunnerWorker.java:84) ~[testng-6.14.3.jar:?]
	at org.testng.TestNG.runSuitesSequentially(TestNG.java:1208) ~[testng-6.14.3.jar:?]
	at org.testng.TestNG.runSuitesLocally(TestNG.java:1137) ~[testng-6.14.3.jar:?]
	at org.testng.TestNG.runSuites(TestNG.java:1049) ~[testng-6.14.3.jar:?]
	at org.testng.TestNG.run(TestNG.java:1017) ~[testng-6.14.3.jar:?]
	at org.apache.maven.surefire.testng.TestNGExecutor.run(TestNGExecutor.java:308) ~[surefire-testng-3.3.0.jar:3.3.0]
	at org.apache.maven.surefire.testng.TestNGXmlTestSuite.execute(TestNGXmlTestSuite.java:71) ~[surefire-testng-3.3.0.jar:3.3.0]
	at org.apache.maven.surefire.testng.TestNGProvider.invoke(TestNGProvider.java:113) ~[surefire-testng-3.3.0.jar:3.3.0]
	at org.apache.maven.surefire.booter.ForkedBooter.runSuitesInProcess(ForkedBooter.java:385) ~[surefire-booter-3.3.0.jar:3.3.0]
	at org.apache.maven.surefire.booter.ForkedBooter.execute(ForkedBooter.java:162) ~[surefire-booter-3.3.0.jar:3.3.0]
	at org.apache.maven.surefire.booter.ForkedBooter.run(ForkedBooter.java:507) ~[surefire-booter-3.3.0.jar:3.3.0]
	at org.apache.maven.surefire.booter.ForkedBooter.main(ForkedBooter.java:495) ~[surefire-booter-3.3.0.jar:3.3.0]
17:05:54.274 [main] ERROR org.apache.poi.openxml4j.opc.PackageRelationshipCollection - Cannot convert mailto:2343456378912@#&^*gvadhfbjnf in a valid relationship URI-> dummy-URI used
java.net.URISyntaxException: Illegal character in fragment at index 23: mailto:2343456378912@#&^*gvadhfbjnf
	at java.net.URI$Parser.fail(URI.java:2995) ~[?:?]
	at java.net.URI$Parser.checkChars(URI.java:3166) ~[?:?]
	at java.net.URI$Parser.parse(URI.java:3210) ~[?:?]
	at java.net.URI.<init>(URI.java:645) ~[?:?]
	at org.apache.poi.openxml4j.opc.PackagingURIHelper.toURI(PackagingURIHelper.java:723) ~[poi-ooxml-5.2.2.jar:5.2.2]
	at org.apache.poi.openxml4j.opc.PackageRelationshipCollection.parseRelationshipsPart(PackageRelationshipCollection.java:358) ~[poi-ooxml-5.2.2.jar:5.2.2]
	at org.apache.poi.openxml4j.opc.PackageRelationshipCollection.<init>(PackageRelationshipCollection.java:160) ~[poi-ooxml-5.2.2.jar:5.2.2]
	at org.apache.poi.openxml4j.opc.PackageRelationshipCollection.<init>(PackageRelationshipCollection.java:130) ~[poi-ooxml-5.2.2.jar:5.2.2]
	at org.apache.poi.openxml4j.opc.PackagePart.loadRelationships(PackagePart.java:565) ~[poi-ooxml-5.2.2.jar:5.2.2]
	at org.apache.poi.openxml4j.opc.OPCPackage.getParts(OPCPackage.java:745) ~[poi-ooxml-5.2.2.jar:5.2.2]
	at org.apache.poi.openxml4j.opc.OPCPackage.open(OPCPackage.java:315) ~[poi-ooxml-5.2.2.jar:5.2.2]
	at org.apache.poi.ooxml.util.PackageHelper.open(PackageHelper.java:59) ~[poi-ooxml-5.2.2.jar:5.2.2]
	at org.apache.poi.xssf.usermodel.XSSFWorkbook.<init>(XSSFWorkbook.java:289) ~[poi-ooxml-5.2.2.jar:5.2.2]
	at org.apache.poi.xssf.usermodel.XSSFWorkbook.<init>(XSSFWorkbook.java:285) ~[poi-ooxml-5.2.2.jar:5.2.2]
	at com.MOFutility.API_Excelutilities.readServiceIdFromExcel(API_Excelutilities.java:20) ~[test-classes/:?]
	at com.MOF.constants.API_URL.<clinit>(API_URL.java:244) ~[test-classes/:?]
	at com.MOFapi.MOFapi.Fetchvalid_SingleService_ValidServiceid(MOFapi.java:4891) ~[test-classes/:?]
	at jdk.internal.reflect.DirectMethodHandleAccessor.invoke(DirectMethodHandleAccessor.java:103) ~[?:?]
	at java.lang.reflect.Method.invoke(Method.java:580) ~[?:?]
	at org.testng.internal.MethodInvocationHelper.invokeMethod(MethodInvocationHelper.java:124) ~[testng-6.14.3.jar:?]
	at org.testng.internal.Invoker.invokeMethod(Invoker.java:583) ~[testng-6.14.3.jar:?]
	at org.testng.internal.Invoker.invokeTestMethod(Invoker.java:719) ~[testng-6.14.3.jar:?]
	at org.testng.internal.Invoker.invokeTestMethods(Invoker.java:989) ~[testng-6.14.3.jar:?]
	at org.testng.internal.TestMethodWorker.invokeTestMethods(TestMethodWorker.java:125) ~[testng-6.14.3.jar:?]
	at org.testng.internal.TestMethodWorker.run(TestMethodWorker.java:109) ~[testng-6.14.3.jar:?]
	at org.testng.TestRunner.privateRun(TestRunner.java:648) ~[testng-6.14.3.jar:?]
	at org.testng.TestRunner.run(TestRunner.java:505) ~[testng-6.14.3.jar:?]
	at org.testng.SuiteRunner.runTest(SuiteRunner.java:455) ~[testng-6.14.3.jar:?]
	at org.testng.SuiteRunner.runSequentially(SuiteRunner.java:450) ~[testng-6.14.3.jar:?]
	at org.testng.SuiteRunner.privateRun(SuiteRunner.java:415) ~[testng-6.14.3.jar:?]
	at org.testng.SuiteRunner.run(SuiteRunner.java:364) ~[testng-6.14.3.jar:?]
	at org.testng.SuiteRunnerWorker.runSuite(SuiteRunnerWorker.java:52) ~[testng-6.14.3.jar:?]
	at org.testng.SuiteRunnerWorker.run(SuiteRunnerWorker.java:84) ~[testng-6.14.3.jar:?]
	at org.testng.TestNG.runSuitesSequentially(TestNG.java:1208) ~[testng-6.14.3.jar:?]
	at org.testng.TestNG.runSuitesLocally(TestNG.java:1137) ~[testng-6.14.3.jar:?]
	at org.testng.TestNG.runSuites(TestNG.java:1049) ~[testng-6.14.3.jar:?]
	at org.testng.TestNG.run(TestNG.java:1017) ~[testng-6.14.3.jar:?]
	at org.apache.maven.surefire.testng.TestNGExecutor.run(TestNGExecutor.java:308) ~[surefire-testng-3.3.0.jar:3.3.0]
	at org.apache.maven.surefire.testng.TestNGXmlTestSuite.execute(TestNGXmlTestSuite.java:71) ~[surefire-testng-3.3.0.jar:3.3.0]
	at org.apache.maven.surefire.testng.TestNGProvider.invoke(TestNGProvider.java:113) ~[surefire-testng-3.3.0.jar:3.3.0]
	at org.apache.maven.surefire.booter.ForkedBooter.runSuitesInProcess(ForkedBooter.java:385) ~[surefire-booter-3.3.0.jar:3.3.0]
	at org.apache.maven.surefire.booter.ForkedBooter.execute(ForkedBooter.java:162) ~[surefire-booter-3.3.0.jar:3.3.0]
	at org.apache.maven.surefire.booter.ForkedBooter.run(ForkedBooter.java:507) ~[surefire-booter-3.3.0.jar:3.3.0]
	at org.apache.maven.surefire.booter.ForkedBooter.main(ForkedBooter.java:495) ~[surefire-booter-3.3.0.jar:3.3.0]
17:05:54.295 [main] ERROR org.apache.poi.openxml4j.opc.PackageRelationshipCollection - Cannot convert mailto:ALPA@#$%^245234534 in a valid relationship URI-> dummy-URI used
java.net.URISyntaxException: Malformed escape pair at index 14: mailto:ALPA@#$%^245234534
	at java.net.URI$Parser.fail(URI.java:2995) ~[?:?]
	at java.net.URI$Parser.scanEscape(URI.java:3123) ~[?:?]
	at java.net.URI$Parser.scan(URI.java:3146) ~[?:?]
	at java.net.URI$Parser.checkChars(URI.java:3164) ~[?:?]
	at java.net.URI$Parser.parse(URI.java:3210) ~[?:?]
	at java.net.URI.<init>(URI.java:645) ~[?:?]
	at org.apache.poi.openxml4j.opc.PackagingURIHelper.toURI(PackagingURIHelper.java:723) ~[poi-ooxml-5.2.2.jar:5.2.2]
	at org.apache.poi.openxml4j.opc.PackageRelationshipCollection.parseRelationshipsPart(PackageRelationshipCollection.java:358) ~[poi-ooxml-5.2.2.jar:5.2.2]
	at org.apache.poi.openxml4j.opc.PackageRelationshipCollection.<init>(PackageRelationshipCollection.java:160) ~[poi-ooxml-5.2.2.jar:5.2.2]
	at org.apache.poi.openxml4j.opc.PackageRelationshipCollection.<init>(PackageRelationshipCollection.java:130) ~[poi-ooxml-5.2.2.jar:5.2.2]
	at org.apache.poi.openxml4j.opc.PackagePart.loadRelationships(PackagePart.java:565) ~[poi-ooxml-5.2.2.jar:5.2.2]
	at org.apache.poi.openxml4j.opc.OPCPackage.getParts(OPCPackage.java:745) ~[poi-ooxml-5.2.2.jar:5.2.2]
	at org.apache.poi.openxml4j.opc.OPCPackage.open(OPCPackage.java:315) ~[poi-ooxml-5.2.2.jar:5.2.2]
	at org.apache.poi.ooxml.util.PackageHelper.open(PackageHelper.java:59) ~[poi-ooxml-5.2.2.jar:5.2.2]
	at org.apache.poi.xssf.usermodel.XSSFWorkbook.<init>(XSSFWorkbook.java:289) ~[poi-ooxml-5.2.2.jar:5.2.2]
	at org.apache.poi.xssf.usermodel.XSSFWorkbook.<init>(XSSFWorkbook.java:285) ~[poi-ooxml-5.2.2.jar:5.2.2]
	at com.MOFutility.API_Excelutilities.readServiceIdFromExcel(API_Excelutilities.java:20) ~[test-classes/:?]
	at com.MOF.constants.API_URL.<clinit>(API_URL.java:245) ~[test-classes/:?]
	at com.MOFapi.MOFapi.Fetchvalid_SingleService_ValidServiceid(MOFapi.java:4891) ~[test-classes/:?]
	at jdk.internal.reflect.DirectMethodHandleAccessor.invoke(DirectMethodHandleAccessor.java:103) ~[?:?]
	at java.lang.reflect.Method.invoke(Method.java:580) ~[?:?]
	at org.testng.internal.MethodInvocationHelper.invokeMethod(MethodInvocationHelper.java:124) ~[testng-6.14.3.jar:?]
	at org.testng.internal.Invoker.invokeMethod(Invoker.java:583) ~[testng-6.14.3.jar:?]
	at org.testng.internal.Invoker.invokeTestMethod(Invoker.java:719) ~[testng-6.14.3.jar:?]
	at org.testng.internal.Invoker.invokeTestMethods(Invoker.java:989) ~[testng-6.14.3.jar:?]
	at org.testng.internal.TestMethodWorker.invokeTestMethods(TestMethodWorker.java:125) ~[testng-6.14.3.jar:?]
	at org.testng.internal.TestMethodWorker.run(TestMethodWorker.java:109) ~[testng-6.14.3.jar:?]
	at org.testng.TestRunner.privateRun(TestRunner.java:648) ~[testng-6.14.3.jar:?]
	at org.testng.TestRunner.run(TestRunner.java:505) ~[testng-6.14.3.jar:?]
	at org.testng.SuiteRunner.runTest(SuiteRunner.java:455) ~[testng-6.14.3.jar:?]
	at org.testng.SuiteRunner.runSequentially(SuiteRunner.java:450) ~[testng-6.14.3.jar:?]
	at org.testng.SuiteRunner.privateRun(SuiteRunner.java:415) ~[testng-6.14.3.jar:?]
	at org.testng.SuiteRunner.run(SuiteRunner.java:364) ~[testng-6.14.3.jar:?]
	at org.testng.SuiteRunnerWorker.runSuite(SuiteRunnerWorker.java:52) ~[testng-6.14.3.jar:?]
	at org.testng.SuiteRunnerWorker.run(SuiteRunnerWorker.java:84) ~[testng-6.14.3.jar:?]
	at org.testng.TestNG.runSuitesSequentially(TestNG.java:1208) ~[testng-6.14.3.jar:?]
	at org.testng.TestNG.runSuitesLocally(TestNG.java:1137) ~[testng-6.14.3.jar:?]
	at org.testng.TestNG.runSuites(TestNG.java:1049) ~[testng-6.14.3.jar:?]
	at org.testng.TestNG.run(TestNG.java:1017) ~[testng-6.14.3.jar:?]
	at org.apache.maven.surefire.testng.TestNGExecutor.run(TestNGExecutor.java:308) ~[surefire-testng-3.3.0.jar:3.3.0]
	at org.apache.maven.surefire.testng.TestNGXmlTestSuite.execute(TestNGXmlTestSuite.java:71) ~[surefire-testng-3.3.0.jar:3.3.0]
	at org.apache.maven.surefire.testng.TestNGProvider.invoke(TestNGProvider.java:113) ~[surefire-testng-3.3.0.jar:3.3.0]
	at org.apache.maven.surefire.booter.ForkedBooter.runSuitesInProcess(ForkedBooter.java:385) ~[surefire-booter-3.3.0.jar:3.3.0]
	at org.apache.maven.surefire.booter.ForkedBooter.execute(ForkedBooter.java:162) ~[surefire-booter-3.3.0.jar:3.3.0]
	at org.apache.maven.surefire.booter.ForkedBooter.run(ForkedBooter.java:507) ~[surefire-booter-3.3.0.jar:3.3.0]
	at org.apache.maven.surefire.booter.ForkedBooter.main(ForkedBooter.java:495) ~[surefire-booter-3.3.0.jar:3.3.0]
17:05:54.296 [main] ERROR org.apache.poi.openxml4j.opc.PackageRelationshipCollection - Cannot convert mailto:ALPHAAAAAA@@@@@!@##$$$%12344 in a valid relationship URI-> dummy-URI used
java.net.URISyntaxException: Illegal character in fragment at index 25: mailto:ALPHAAAAAA@@@@@!@##$$$%12344
	at java.net.URI$Parser.fail(URI.java:2995) ~[?:?]
	at java.net.URI$Parser.checkChars(URI.java:3166) ~[?:?]
	at java.net.URI$Parser.parse(URI.java:3210) ~[?:?]
	at java.net.URI.<init>(URI.java:645) ~[?:?]
	at org.apache.poi.openxml4j.opc.PackagingURIHelper.toURI(PackagingURIHelper.java:723) ~[poi-ooxml-5.2.2.jar:5.2.2]
	at org.apache.poi.openxml4j.opc.PackageRelationshipCollection.parseRelationshipsPart(PackageRelationshipCollection.java:358) ~[poi-ooxml-5.2.2.jar:5.2.2]
	at org.apache.poi.openxml4j.opc.PackageRelationshipCollection.<init>(PackageRelationshipCollection.java:160) ~[poi-ooxml-5.2.2.jar:5.2.2]
	at org.apache.poi.openxml4j.opc.PackageRelationshipCollection.<init>(PackageRelationshipCollection.java:130) ~[poi-ooxml-5.2.2.jar:5.2.2]
	at org.apache.poi.openxml4j.opc.PackagePart.loadRelationships(PackagePart.java:565) ~[poi-ooxml-5.2.2.jar:5.2.2]
	at org.apache.poi.openxml4j.opc.OPCPackage.getParts(OPCPackage.java:745) ~[poi-ooxml-5.2.2.jar:5.2.2]
	at org.apache.poi.openxml4j.opc.OPCPackage.open(OPCPackage.java:315) ~[poi-ooxml-5.2.2.jar:5.2.2]
	at org.apache.poi.ooxml.util.PackageHelper.open(PackageHelper.java:59) ~[poi-ooxml-5.2.2.jar:5.2.2]
	at org.apache.poi.xssf.usermodel.XSSFWorkbook.<init>(XSSFWorkbook.java:289) ~[poi-ooxml-5.2.2.jar:5.2.2]
	at org.apache.poi.xssf.usermodel.XSSFWorkbook.<init>(XSSFWorkbook.java:285) ~[poi-ooxml-5.2.2.jar:5.2.2]
	at com.MOFutility.API_Excelutilities.readServiceIdFromExcel(API_Excelutilities.java:20) ~[test-classes/:?]
	at com.MOF.constants.API_URL.<clinit>(API_URL.java:245) ~[test-classes/:?]
	at com.MOFapi.MOFapi.Fetchvalid_SingleService_ValidServiceid(MOFapi.java:4891) ~[test-classes/:?]
	at jdk.internal.reflect.DirectMethodHandleAccessor.invoke(DirectMethodHandleAccessor.java:103) ~[?:?]
	at java.lang.reflect.Method.invoke(Method.java:580) ~[?:?]
	at org.testng.internal.MethodInvocationHelper.invokeMethod(MethodInvocationHelper.java:124) ~[testng-6.14.3.jar:?]
	at org.testng.internal.Invoker.invokeMethod(Invoker.java:583) ~[testng-6.14.3.jar:?]
	at org.testng.internal.Invoker.invokeTestMethod(Invoker.java:719) ~[testng-6.14.3.jar:?]
	at org.testng.internal.Invoker.invokeTestMethods(Invoker.java:989) ~[testng-6.14.3.jar:?]
	at org.testng.internal.TestMethodWorker.invokeTestMethods(TestMethodWorker.java:125) ~[testng-6.14.3.jar:?]
	at org.testng.internal.TestMethodWorker.run(TestMethodWorker.java:109) ~[testng-6.14.3.jar:?]
	at org.testng.TestRunner.privateRun(TestRunner.java:648) ~[testng-6.14.3.jar:?]
	at org.testng.TestRunner.run(TestRunner.java:505) ~[testng-6.14.3.jar:?]
	at org.testng.SuiteRunner.runTest(SuiteRunner.java:455) ~[testng-6.14.3.jar:?]
	at org.testng.SuiteRunner.runSequentially(SuiteRunner.java:450) ~[testng-6.14.3.jar:?]
	at org.testng.SuiteRunner.privateRun(SuiteRunner.java:415) ~[testng-6.14.3.jar:?]
	at org.testng.SuiteRunner.run(SuiteRunner.java:364) ~[testng-6.14.3.jar:?]
	at org.testng.SuiteRunnerWorker.runSuite(SuiteRunnerWorker.java:52) ~[testng-6.14.3.jar:?]
	at org.testng.SuiteRunnerWorker.run(SuiteRunnerWorker.java:84) ~[testng-6.14.3.jar:?]
	at org.testng.TestNG.runSuitesSequentially(TestNG.java:1208) ~[testng-6.14.3.jar:?]
	at org.testng.TestNG.runSuitesLocally(TestNG.java:1137) ~[testng-6.14.3.jar:?]
	at org.testng.TestNG.runSuites(TestNG.java:1049) ~[testng-6.14.3.jar:?]
	at org.testng.TestNG.run(TestNG.java:1017) ~[testng-6.14.3.jar:?]
	at org.apache.maven.surefire.testng.TestNGExecutor.run(TestNGExecutor.java:308) ~[surefire-testng-3.3.0.jar:3.3.0]
	at org.apache.maven.surefire.testng.TestNGXmlTestSuite.execute(TestNGXmlTestSuite.java:71) ~[surefire-testng-3.3.0.jar:3.3.0]
	at org.apache.maven.surefire.testng.TestNGProvider.invoke(TestNGProvider.java:113) ~[surefire-testng-3.3.0.jar:3.3.0]
	at org.apache.maven.surefire.booter.ForkedBooter.runSuitesInProcess(ForkedBooter.java:385) ~[surefire-booter-3.3.0.jar:3.3.0]
	at org.apache.maven.surefire.booter.ForkedBooter.execute(ForkedBooter.java:162) ~[surefire-booter-3.3.0.jar:3.3.0]
	at org.apache.maven.surefire.booter.ForkedBooter.run(ForkedBooter.java:507) ~[surefire-booter-3.3.0.jar:3.3.0]
	at org.apache.maven.surefire.booter.ForkedBooter.main(ForkedBooter.java:495) ~[surefire-booter-3.3.0.jar:3.3.0]
17:05:54.297 [main] ERROR org.apache.poi.openxml4j.opc.PackageRelationshipCollection - Cannot convert mailto:2343456378912@#&^*gvadhfbjnf in a valid relationship URI-> dummy-URI used
java.net.URISyntaxException: Illegal character in fragment at index 23: mailto:2343456378912@#&^*gvadhfbjnf
	at java.net.URI$Parser.fail(URI.java:2995) ~[?:?]
	at java.net.URI$Parser.checkChars(URI.java:3166) ~[?:?]
	at java.net.URI$Parser.parse(URI.java:3210) ~[?:?]
	at java.net.URI.<init>(URI.java:645) ~[?:?]
	at org.apache.poi.openxml4j.opc.PackagingURIHelper.toURI(PackagingURIHelper.java:723) ~[poi-ooxml-5.2.2.jar:5.2.2]
	at org.apache.poi.openxml4j.opc.PackageRelationshipCollection.parseRelationshipsPart(PackageRelationshipCollection.java:358) ~[poi-ooxml-5.2.2.jar:5.2.2]
	at org.apache.poi.openxml4j.opc.PackageRelationshipCollection.<init>(PackageRelationshipCollection.java:160) ~[poi-ooxml-5.2.2.jar:5.2.2]
	at org.apache.poi.openxml4j.opc.PackageRelationshipCollection.<init>(PackageRelationshipCollection.java:130) ~[poi-ooxml-5.2.2.jar:5.2.2]
	at org.apache.poi.openxml4j.opc.PackagePart.loadRelationships(PackagePart.java:565) ~[poi-ooxml-5.2.2.jar:5.2.2]
	at org.apache.poi.openxml4j.opc.OPCPackage.getParts(OPCPackage.java:745) ~[poi-ooxml-5.2.2.jar:5.2.2]
	at org.apache.poi.openxml4j.opc.OPCPackage.open(OPCPackage.java:315) ~[poi-ooxml-5.2.2.jar:5.2.2]
	at org.apache.poi.ooxml.util.PackageHelper.open(PackageHelper.java:59) ~[poi-ooxml-5.2.2.jar:5.2.2]
	at org.apache.poi.xssf.usermodel.XSSFWorkbook.<init>(XSSFWorkbook.java:289) ~[poi-ooxml-5.2.2.jar:5.2.2]
	at org.apache.poi.xssf.usermodel.XSSFWorkbook.<init>(XSSFWorkbook.java:285) ~[poi-ooxml-5.2.2.jar:5.2.2]
	at com.MOFutility.API_Excelutilities.readServiceIdFromExcel(API_Excelutilities.java:20) ~[test-classes/:?]
	at com.MOF.constants.API_URL.<clinit>(API_URL.java:245) ~[test-classes/:?]
	at com.MOFapi.MOFapi.Fetchvalid_SingleService_ValidServiceid(MOFapi.java:4891) ~[test-classes/:?]
	at jdk.internal.reflect.DirectMethodHandleAccessor.invoke(DirectMethodHandleAccessor.java:103) ~[?:?]
	at java.lang.reflect.Method.invoke(Method.java:580) ~[?:?]
	at org.testng.internal.MethodInvocationHelper.invokeMethod(MethodInvocationHelper.java:124) ~[testng-6.14.3.jar:?]
	at org.testng.internal.Invoker.invokeMethod(Invoker.java:583) ~[testng-6.14.3.jar:?]
	at org.testng.internal.Invoker.invokeTestMethod(Invoker.java:719) ~[testng-6.14.3.jar:?]
	at org.testng.internal.Invoker.invokeTestMethods(Invoker.java:989) ~[testng-6.14.3.jar:?]
	at org.testng.internal.TestMethodWorker.invokeTestMethods(TestMethodWorker.java:125) ~[testng-6.14.3.jar:?]
	at org.testng.internal.TestMethodWorker.run(TestMethodWorker.java:109) ~[testng-6.14.3.jar:?]
	at org.testng.TestRunner.privateRun(TestRunner.java:648) ~[testng-6.14.3.jar:?]
	at org.testng.TestRunner.run(TestRunner.java:505) ~[testng-6.14.3.jar:?]
	at org.testng.SuiteRunner.runTest(SuiteRunner.java:455) ~[testng-6.14.3.jar:?]
	at org.testng.SuiteRunner.runSequentially(SuiteRunner.java:450) ~[testng-6.14.3.jar:?]
	at org.testng.SuiteRunner.privateRun(SuiteRunner.java:415) ~[testng-6.14.3.jar:?]
	at org.testng.SuiteRunner.run(SuiteRunner.java:364) ~[testng-6.14.3.jar:?]
	at org.testng.SuiteRunnerWorker.runSuite(SuiteRunnerWorker.java:52) ~[testng-6.14.3.jar:?]
	at org.testng.SuiteRunnerWorker.run(SuiteRunnerWorker.java:84) ~[testng-6.14.3.jar:?]
	at org.testng.TestNG.runSuitesSequentially(TestNG.java:1208) ~[testng-6.14.3.jar:?]
	at org.testng.TestNG.runSuitesLocally(TestNG.java:1137) ~[testng-6.14.3.jar:?]
	at org.testng.TestNG.runSuites(TestNG.java:1049) ~[testng-6.14.3.jar:?]
	at org.testng.TestNG.run(TestNG.java:1017) ~[testng-6.14.3.jar:?]
	at org.apache.maven.surefire.testng.TestNGExecutor.run(TestNGExecutor.java:308) ~[surefire-testng-3.3.0.jar:3.3.0]
	at org.apache.maven.surefire.testng.TestNGXmlTestSuite.execute(TestNGXmlTestSuite.java:71) ~[surefire-testng-3.3.0.jar:3.3.0]
	at org.apache.maven.surefire.testng.TestNGProvider.invoke(TestNGProvider.java:113) ~[surefire-testng-3.3.0.jar:3.3.0]
	at org.apache.maven.surefire.booter.ForkedBooter.runSuitesInProcess(ForkedBooter.java:385) ~[surefire-booter-3.3.0.jar:3.3.0]
	at org.apache.maven.surefire.booter.ForkedBooter.execute(ForkedBooter.java:162) ~[surefire-booter-3.3.0.jar:3.3.0]
	at org.apache.maven.surefire.booter.ForkedBooter.run(ForkedBooter.java:507) ~[surefire-booter-3.3.0.jar:3.3.0]
	at org.apache.maven.surefire.booter.ForkedBooter.main(ForkedBooter.java:495) ~[surefire-booter-3.3.0.jar:3.3.0]
17:05:54.320 [main] ERROR org.apache.poi.openxml4j.opc.PackageRelationshipCollection - Cannot convert mailto:ALPA@#$%^245234534 in a valid relationship URI-> dummy-URI used
java.net.URISyntaxException: Malformed escape pair at index 14: mailto:ALPA@#$%^245234534
	at java.net.URI$Parser.fail(URI.java:2995) ~[?:?]
	at java.net.URI$Parser.scanEscape(URI.java:3123) ~[?:?]
	at java.net.URI$Parser.scan(URI.java:3146) ~[?:?]
	at java.net.URI$Parser.checkChars(URI.java:3164) ~[?:?]
	at java.net.URI$Parser.parse(URI.java:3210) ~[?:?]
	at java.net.URI.<init>(URI.java:645) ~[?:?]
	at org.apache.poi.openxml4j.opc.PackagingURIHelper.toURI(PackagingURIHelper.java:723) ~[poi-ooxml-5.2.2.jar:5.2.2]
	at org.apache.poi.openxml4j.opc.PackageRelationshipCollection.parseRelationshipsPart(PackageRelationshipCollection.java:358) ~[poi-ooxml-5.2.2.jar:5.2.2]
	at org.apache.poi.openxml4j.opc.PackageRelationshipCollection.<init>(PackageRelationshipCollection.java:160) ~[poi-ooxml-5.2.2.jar:5.2.2]
	at org.apache.poi.openxml4j.opc.PackageRelationshipCollection.<init>(PackageRelationshipCollection.java:130) ~[poi-ooxml-5.2.2.jar:5.2.2]
	at org.apache.poi.openxml4j.opc.PackagePart.loadRelationships(PackagePart.java:565) ~[poi-ooxml-5.2.2.jar:5.2.2]
	at org.apache.poi.openxml4j.opc.OPCPackage.getParts(OPCPackage.java:745) ~[poi-ooxml-5.2.2.jar:5.2.2]
	at org.apache.poi.openxml4j.opc.OPCPackage.open(OPCPackage.java:315) ~[poi-ooxml-5.2.2.jar:5.2.2]
	at org.apache.poi.ooxml.util.PackageHelper.open(PackageHelper.java:59) ~[poi-ooxml-5.2.2.jar:5.2.2]
	at org.apache.poi.xssf.usermodel.XSSFWorkbook.<init>(XSSFWorkbook.java:289) ~[poi-ooxml-5.2.2.jar:5.2.2]
	at org.apache.poi.xssf.usermodel.XSSFWorkbook.<init>(XSSFWorkbook.java:285) ~[poi-ooxml-5.2.2.jar:5.2.2]
	at com.MOFutility.API_Excelutilities.readServiceIdFromExcel(API_Excelutilities.java:20) ~[test-classes/:?]
	at com.MOF.constants.API_URL.<clinit>(API_URL.java:246) ~[test-classes/:?]
	at com.MOFapi.MOFapi.Fetchvalid_SingleService_ValidServiceid(MOFapi.java:4891) ~[test-classes/:?]
	at jdk.internal.reflect.DirectMethodHandleAccessor.invoke(DirectMethodHandleAccessor.java:103) ~[?:?]
	at java.lang.reflect.Method.invoke(Method.java:580) ~[?:?]
	at org.testng.internal.MethodInvocationHelper.invokeMethod(MethodInvocationHelper.java:124) ~[testng-6.14.3.jar:?]
	at org.testng.internal.Invoker.invokeMethod(Invoker.java:583) ~[testng-6.14.3.jar:?]
	at org.testng.internal.Invoker.invokeTestMethod(Invoker.java:719) ~[testng-6.14.3.jar:?]
	at org.testng.internal.Invoker.invokeTestMethods(Invoker.java:989) ~[testng-6.14.3.jar:?]
	at org.testng.internal.TestMethodWorker.invokeTestMethods(TestMethodWorker.java:125) ~[testng-6.14.3.jar:?]
	at org.testng.internal.TestMethodWorker.run(TestMethodWorker.java:109) ~[testng-6.14.3.jar:?]
	at org.testng.TestRunner.privateRun(TestRunner.java:648) ~[testng-6.14.3.jar:?]
	at org.testng.TestRunner.run(TestRunner.java:505) ~[testng-6.14.3.jar:?]
	at org.testng.SuiteRunner.runTest(SuiteRunner.java:455) ~[testng-6.14.3.jar:?]
	at org.testng.SuiteRunner.runSequentially(SuiteRunner.java:450) ~[testng-6.14.3.jar:?]
	at org.testng.SuiteRunner.privateRun(SuiteRunner.java:415) ~[testng-6.14.3.jar:?]
	at org.testng.SuiteRunner.run(SuiteRunner.java:364) ~[testng-6.14.3.jar:?]
	at org.testng.SuiteRunnerWorker.runSuite(SuiteRunnerWorker.java:52) ~[testng-6.14.3.jar:?]
	at org.testng.SuiteRunnerWorker.run(SuiteRunnerWorker.java:84) ~[testng-6.14.3.jar:?]
	at org.testng.TestNG.runSuitesSequentially(TestNG.java:1208) ~[testng-6.14.3.jar:?]
	at org.testng.TestNG.runSuitesLocally(TestNG.java:1137) ~[testng-6.14.3.jar:?]
	at org.testng.TestNG.runSuites(TestNG.java:1049) ~[testng-6.14.3.jar:?]
	at org.testng.TestNG.run(TestNG.java:1017) ~[testng-6.14.3.jar:?]
	at org.apache.maven.surefire.testng.TestNGExecutor.run(TestNGExecutor.java:308) ~[surefire-testng-3.3.0.jar:3.3.0]
	at org.apache.maven.surefire.testng.TestNGXmlTestSuite.execute(TestNGXmlTestSuite.java:71) ~[surefire-testng-3.3.0.jar:3.3.0]
	at org.apache.maven.surefire.testng.TestNGProvider.invoke(TestNGProvider.java:113) ~[surefire-testng-3.3.0.jar:3.3.0]
	at org.apache.maven.surefire.booter.ForkedBooter.runSuitesInProcess(ForkedBooter.java:385) ~[surefire-booter-3.3.0.jar:3.3.0]
	at org.apache.maven.surefire.booter.ForkedBooter.execute(ForkedBooter.java:162) ~[surefire-booter-3.3.0.jar:3.3.0]
	at org.apache.maven.surefire.booter.ForkedBooter.run(ForkedBooter.java:507) ~[surefire-booter-3.3.0.jar:3.3.0]
	at org.apache.maven.surefire.booter.ForkedBooter.main(ForkedBooter.java:495) ~[surefire-booter-3.3.0.jar:3.3.0]
17:05:54.321 [main] ERROR org.apache.poi.openxml4j.opc.PackageRelationshipCollection - Cannot convert mailto:ALPHAAAAAA@@@@@!@##$$$%12344 in a valid relationship URI-> dummy-URI used
java.net.URISyntaxException: Illegal character in fragment at index 25: mailto:ALPHAAAAAA@@@@@!@##$$$%12344
	at java.net.URI$Parser.fail(URI.java:2995) ~[?:?]
	at java.net.URI$Parser.checkChars(URI.java:3166) ~[?:?]
	at java.net.URI$Parser.parse(URI.java:3210) ~[?:?]
	at java.net.URI.<init>(URI.java:645) ~[?:?]
	at org.apache.poi.openxml4j.opc.PackagingURIHelper.toURI(PackagingURIHelper.java:723) ~[poi-ooxml-5.2.2.jar:5.2.2]
	at org.apache.poi.openxml4j.opc.PackageRelationshipCollection.parseRelationshipsPart(PackageRelationshipCollection.java:358) ~[poi-ooxml-5.2.2.jar:5.2.2]
	at org.apache.poi.openxml4j.opc.PackageRelationshipCollection.<init>(PackageRelationshipCollection.java:160) ~[poi-ooxml-5.2.2.jar:5.2.2]
	at org.apache.poi.openxml4j.opc.PackageRelationshipCollection.<init>(PackageRelationshipCollection.java:130) ~[poi-ooxml-5.2.2.jar:5.2.2]
	at org.apache.poi.openxml4j.opc.PackagePart.loadRelationships(PackagePart.java:565) ~[poi-ooxml-5.2.2.jar:5.2.2]
	at org.apache.poi.openxml4j.opc.OPCPackage.getParts(OPCPackage.java:745) ~[poi-ooxml-5.2.2.jar:5.2.2]
	at org.apache.poi.openxml4j.opc.OPCPackage.open(OPCPackage.java:315) ~[poi-ooxml-5.2.2.jar:5.2.2]
	at org.apache.poi.ooxml.util.PackageHelper.open(PackageHelper.java:59) ~[poi-ooxml-5.2.2.jar:5.2.2]
	at org.apache.poi.xssf.usermodel.XSSFWorkbook.<init>(XSSFWorkbook.java:289) ~[poi-ooxml-5.2.2.jar:5.2.2]
	at org.apache.poi.xssf.usermodel.XSSFWorkbook.<init>(XSSFWorkbook.java:285) ~[poi-ooxml-5.2.2.jar:5.2.2]
	at com.MOFutility.API_Excelutilities.readServiceIdFromExcel(API_Excelutilities.java:20) ~[test-classes/:?]
	at com.MOF.constants.API_URL.<clinit>(API_URL.java:246) ~[test-classes/:?]
	at com.MOFapi.MOFapi.Fetchvalid_SingleService_ValidServiceid(MOFapi.java:4891) ~[test-classes/:?]
	at jdk.internal.reflect.DirectMethodHandleAccessor.invoke(DirectMethodHandleAccessor.java:103) ~[?:?]
	at java.lang.reflect.Method.invoke(Method.java:580) ~[?:?]
	at org.testng.internal.MethodInvocationHelper.invokeMethod(MethodInvocationHelper.java:124) ~[testng-6.14.3.jar:?]
	at org.testng.internal.Invoker.invokeMethod(Invoker.java:583) ~[testng-6.14.3.jar:?]
	at org.testng.internal.Invoker.invokeTestMethod(Invoker.java:719) ~[testng-6.14.3.jar:?]
	at org.testng.internal.Invoker.invokeTestMethods(Invoker.java:989) ~[testng-6.14.3.jar:?]
	at org.testng.internal.TestMethodWorker.invokeTestMethods(TestMethodWorker.java:125) ~[testng-6.14.3.jar:?]
	at org.testng.internal.TestMethodWorker.run(TestMethodWorker.java:109) ~[testng-6.14.3.jar:?]
	at org.testng.TestRunner.privateRun(TestRunner.java:648) ~[testng-6.14.3.jar:?]
	at org.testng.TestRunner.run(TestRunner.java:505) ~[testng-6.14.3.jar:?]
	at org.testng.SuiteRunner.runTest(SuiteRunner.java:455) ~[testng-6.14.3.jar:?]
	at org.testng.SuiteRunner.runSequentially(SuiteRunner.java:450) ~[testng-6.14.3.jar:?]
	at org.testng.SuiteRunner.privateRun(SuiteRunner.java:415) ~[testng-6.14.3.jar:?]
	at org.testng.SuiteRunner.run(SuiteRunner.java:364) ~[testng-6.14.3.jar:?]
	at org.testng.SuiteRunnerWorker.runSuite(SuiteRunnerWorker.java:52) ~[testng-6.14.3.jar:?]
	at org.testng.SuiteRunnerWorker.run(SuiteRunnerWorker.java:84) ~[testng-6.14.3.jar:?]
	at org.testng.TestNG.runSuitesSequentially(TestNG.java:1208) ~[testng-6.14.3.jar:?]
	at org.testng.TestNG.runSuitesLocally(TestNG.java:1137) ~[testng-6.14.3.jar:?]
	at org.testng.TestNG.runSuites(TestNG.java:1049) ~[testng-6.14.3.jar:?]
	at org.testng.TestNG.run(TestNG.java:1017) ~[testng-6.14.3.jar:?]
	at org.apache.maven.surefire.testng.TestNGExecutor.run(TestNGExecutor.java:308) ~[surefire-testng-3.3.0.jar:3.3.0]
	at org.apache.maven.surefire.testng.TestNGXmlTestSuite.execute(TestNGXmlTestSuite.java:71) ~[surefire-testng-3.3.0.jar:3.3.0]
	at org.apache.maven.surefire.testng.TestNGProvider.invoke(TestNGProvider.java:113) ~[surefire-testng-3.3.0.jar:3.3.0]
	at org.apache.maven.surefire.booter.ForkedBooter.runSuitesInProcess(ForkedBooter.java:385) ~[surefire-booter-3.3.0.jar:3.3.0]
	at org.apache.maven.surefire.booter.ForkedBooter.execute(ForkedBooter.java:162) ~[surefire-booter-3.3.0.jar:3.3.0]
	at org.apache.maven.surefire.booter.ForkedBooter.run(ForkedBooter.java:507) ~[surefire-booter-3.3.0.jar:3.3.0]
	at org.apache.maven.surefire.booter.ForkedBooter.main(ForkedBooter.java:495) ~[surefire-booter-3.3.0.jar:3.3.0]
17:05:54.322 [main] ERROR org.apache.poi.openxml4j.opc.PackageRelationshipCollection - Cannot convert mailto:2343456378912@#&^*gvadhfbjnf in a valid relationship URI-> dummy-URI used
java.net.URISyntaxException: Illegal character in fragment at index 23: mailto:2343456378912@#&^*gvadhfbjnf
	at java.net.URI$Parser.fail(URI.java:2995) ~[?:?]
	at java.net.URI$Parser.checkChars(URI.java:3166) ~[?:?]
	at java.net.URI$Parser.parse(URI.java:3210) ~[?:?]
	at java.net.URI.<init>(URI.java:645) ~[?:?]
	at org.apache.poi.openxml4j.opc.PackagingURIHelper.toURI(PackagingURIHelper.java:723) ~[poi-ooxml-5.2.2.jar:5.2.2]
	at org.apache.poi.openxml4j.opc.PackageRelationshipCollection.parseRelationshipsPart(PackageRelationshipCollection.java:358) ~[poi-ooxml-5.2.2.jar:5.2.2]
	at org.apache.poi.openxml4j.opc.PackageRelationshipCollection.<init>(PackageRelationshipCollection.java:160) ~[poi-ooxml-5.2.2.jar:5.2.2]
	at org.apache.poi.openxml4j.opc.PackageRelationshipCollection.<init>(PackageRelationshipCollection.java:130) ~[poi-ooxml-5.2.2.jar:5.2.2]
	at org.apache.poi.openxml4j.opc.PackagePart.loadRelationships(PackagePart.java:565) ~[poi-ooxml-5.2.2.jar:5.2.2]
	at org.apache.poi.openxml4j.opc.OPCPackage.getParts(OPCPackage.java:745) ~[poi-ooxml-5.2.2.jar:5.2.2]
	at org.apache.poi.openxml4j.opc.OPCPackage.open(OPCPackage.java:315) ~[poi-ooxml-5.2.2.jar:5.2.2]
	at org.apache.poi.ooxml.util.PackageHelper.open(PackageHelper.java:59) ~[poi-ooxml-5.2.2.jar:5.2.2]
	at org.apache.poi.xssf.usermodel.XSSFWorkbook.<init>(XSSFWorkbook.java:289) ~[poi-ooxml-5.2.2.jar:5.2.2]
	at org.apache.poi.xssf.usermodel.XSSFWorkbook.<init>(XSSFWorkbook.java:285) ~[poi-ooxml-5.2.2.jar:5.2.2]
	at com.MOFutility.API_Excelutilities.readServiceIdFromExcel(API_Excelutilities.java:20) ~[test-classes/:?]
	at com.MOF.constants.API_URL.<clinit>(API_URL.java:246) ~[test-classes/:?]
	at com.MOFapi.MOFapi.Fetchvalid_SingleService_ValidServiceid(MOFapi.java:4891) ~[test-classes/:?]
	at jdk.internal.reflect.DirectMethodHandleAccessor.invoke(DirectMethodHandleAccessor.java:103) ~[?:?]
	at java.lang.reflect.Method.invoke(Method.java:580) ~[?:?]
	at org.testng.internal.MethodInvocationHelper.invokeMethod(MethodInvocationHelper.java:124) ~[testng-6.14.3.jar:?]
	at org.testng.internal.Invoker.invokeMethod(Invoker.java:583) ~[testng-6.14.3.jar:?]
	at org.testng.internal.Invoker.invokeTestMethod(Invoker.java:719) ~[testng-6.14.3.jar:?]
	at org.testng.internal.Invoker.invokeTestMethods(Invoker.java:989) ~[testng-6.14.3.jar:?]
	at org.testng.internal.TestMethodWorker.invokeTestMethods(TestMethodWorker.java:125) ~[testng-6.14.3.jar:?]
	at org.testng.internal.TestMethodWorker.run(TestMethodWorker.java:109) ~[testng-6.14.3.jar:?]
	at org.testng.TestRunner.privateRun(TestRunner.java:648) ~[testng-6.14.3.jar:?]
	at org.testng.TestRunner.run(TestRunner.java:505) ~[testng-6.14.3.jar:?]
	at org.testng.SuiteRunner.runTest(SuiteRunner.java:455) ~[testng-6.14.3.jar:?]
	at org.testng.SuiteRunner.runSequentially(SuiteRunner.java:450) ~[testng-6.14.3.jar:?]
	at org.testng.SuiteRunner.privateRun(SuiteRunner.java:415) ~[testng-6.14.3.jar:?]
	at org.testng.SuiteRunner.run(SuiteRunner.java:364) ~[testng-6.14.3.jar:?]
	at org.testng.SuiteRunnerWorker.runSuite(SuiteRunnerWorker.java:52) ~[testng-6.14.3.jar:?]
	at org.testng.SuiteRunnerWorker.run(SuiteRunnerWorker.java:84) ~[testng-6.14.3.jar:?]
	at org.testng.TestNG.runSuitesSequentially(TestNG.java:1208) ~[testng-6.14.3.jar:?]
	at org.testng.TestNG.runSuitesLocally(TestNG.java:1137) ~[testng-6.14.3.jar:?]
	at org.testng.TestNG.runSuites(TestNG.java:1049) ~[testng-6.14.3.jar:?]
	at org.testng.TestNG.run(TestNG.java:1017) ~[testng-6.14.3.jar:?]
	at org.apache.maven.surefire.testng.TestNGExecutor.run(TestNGExecutor.java:308) ~[surefire-testng-3.3.0.jar:3.3.0]
	at org.apache.maven.surefire.testng.TestNGXmlTestSuite.execute(TestNGXmlTestSuite.java:71) ~[surefire-testng-3.3.0.jar:3.3.0]
	at org.apache.maven.surefire.testng.TestNGProvider.invoke(TestNGProvider.java:113) ~[surefire-testng-3.3.0.jar:3.3.0]
	at org.apache.maven.surefire.booter.ForkedBooter.runSuitesInProcess(ForkedBooter.java:385) ~[surefire-booter-3.3.0.jar:3.3.0]
	at org.apache.maven.surefire.booter.ForkedBooter.execute(ForkedBooter.java:162) ~[surefire-booter-3.3.0.jar:3.3.0]
	at org.apache.maven.surefire.booter.ForkedBooter.run(ForkedBooter.java:507) ~[surefire-booter-3.3.0.jar:3.3.0]
	at org.apache.maven.surefire.booter.ForkedBooter.main(ForkedBooter.java:495) ~[surefire-booter-3.3.0.jar:3.3.0]
17:05:54.342 [main] ERROR org.apache.poi.openxml4j.opc.PackageRelationshipCollection - Cannot convert mailto:ALPA@#$%^245234534 in a valid relationship URI-> dummy-URI used
java.net.URISyntaxException: Malformed escape pair at index 14: mailto:ALPA@#$%^245234534
	at java.net.URI$Parser.fail(URI.java:2995) ~[?:?]
	at java.net.URI$Parser.scanEscape(URI.java:3123) ~[?:?]
	at java.net.URI$Parser.scan(URI.java:3146) ~[?:?]
	at java.net.URI$Parser.checkChars(URI.java:3164) ~[?:?]
	at java.net.URI$Parser.parse(URI.java:3210) ~[?:?]
	at java.net.URI.<init>(URI.java:645) ~[?:?]
	at org.apache.poi.openxml4j.opc.PackagingURIHelper.toURI(PackagingURIHelper.java:723) ~[poi-ooxml-5.2.2.jar:5.2.2]
	at org.apache.poi.openxml4j.opc.PackageRelationshipCollection.parseRelationshipsPart(PackageRelationshipCollection.java:358) ~[poi-ooxml-5.2.2.jar:5.2.2]
	at org.apache.poi.openxml4j.opc.PackageRelationshipCollection.<init>(PackageRelationshipCollection.java:160) ~[poi-ooxml-5.2.2.jar:5.2.2]
	at org.apache.poi.openxml4j.opc.PackageRelationshipCollection.<init>(PackageRelationshipCollection.java:130) ~[poi-ooxml-5.2.2.jar:5.2.2]
	at org.apache.poi.openxml4j.opc.PackagePart.loadRelationships(PackagePart.java:565) ~[poi-ooxml-5.2.2.jar:5.2.2]
	at org.apache.poi.openxml4j.opc.OPCPackage.getParts(OPCPackage.java:745) ~[poi-ooxml-5.2.2.jar:5.2.2]
	at org.apache.poi.openxml4j.opc.OPCPackage.open(OPCPackage.java:315) ~[poi-ooxml-5.2.2.jar:5.2.2]
	at org.apache.poi.ooxml.util.PackageHelper.open(PackageHelper.java:59) ~[poi-ooxml-5.2.2.jar:5.2.2]
	at org.apache.poi.xssf.usermodel.XSSFWorkbook.<init>(XSSFWorkbook.java:289) ~[poi-ooxml-5.2.2.jar:5.2.2]
	at org.apache.poi.xssf.usermodel.XSSFWorkbook.<init>(XSSFWorkbook.java:285) ~[poi-ooxml-5.2.2.jar:5.2.2]
	at com.MOFutility.API_Excelutilities.readServiceIdFromExcel(API_Excelutilities.java:20) ~[test-classes/:?]
	at com.MOF.constants.API_URL.<clinit>(API_URL.java:247) ~[test-classes/:?]
	at com.MOFapi.MOFapi.Fetchvalid_SingleService_ValidServiceid(MOFapi.java:4891) ~[test-classes/:?]
	at jdk.internal.reflect.DirectMethodHandleAccessor.invoke(DirectMethodHandleAccessor.java:103) ~[?:?]
	at java.lang.reflect.Method.invoke(Method.java:580) ~[?:?]
	at org.testng.internal.MethodInvocationHelper.invokeMethod(MethodInvocationHelper.java:124) ~[testng-6.14.3.jar:?]
	at org.testng.internal.Invoker.invokeMethod(Invoker.java:583) ~[testng-6.14.3.jar:?]
	at org.testng.internal.Invoker.invokeTestMethod(Invoker.java:719) ~[testng-6.14.3.jar:?]
	at org.testng.internal.Invoker.invokeTestMethods(Invoker.java:989) ~[testng-6.14.3.jar:?]
	at org.testng.internal.TestMethodWorker.invokeTestMethods(TestMethodWorker.java:125) ~[testng-6.14.3.jar:?]
	at org.testng.internal.TestMethodWorker.run(TestMethodWorker.java:109) ~[testng-6.14.3.jar:?]
	at org.testng.TestRunner.privateRun(TestRunner.java:648) ~[testng-6.14.3.jar:?]
	at org.testng.TestRunner.run(TestRunner.java:505) ~[testng-6.14.3.jar:?]
	at org.testng.SuiteRunner.runTest(SuiteRunner.java:455) ~[testng-6.14.3.jar:?]
	at org.testng.SuiteRunner.runSequentially(SuiteRunner.java:450) ~[testng-6.14.3.jar:?]
	at org.testng.SuiteRunner.privateRun(SuiteRunner.java:415) ~[testng-6.14.3.jar:?]
	at org.testng.SuiteRunner.run(SuiteRunner.java:364) ~[testng-6.14.3.jar:?]
	at org.testng.SuiteRunnerWorker.runSuite(SuiteRunnerWorker.java:52) ~[testng-6.14.3.jar:?]
	at org.testng.SuiteRunnerWorker.run(SuiteRunnerWorker.java:84) ~[testng-6.14.3.jar:?]
	at org.testng.TestNG.runSuitesSequentially(TestNG.java:1208) ~[testng-6.14.3.jar:?]
	at org.testng.TestNG.runSuitesLocally(TestNG.java:1137) ~[testng-6.14.3.jar:?]
	at org.testng.TestNG.runSuites(TestNG.java:1049) ~[testng-6.14.3.jar:?]
	at org.testng.TestNG.run(TestNG.java:1017) ~[testng-6.14.3.jar:?]
	at org.apache.maven.surefire.testng.TestNGExecutor.run(TestNGExecutor.java:308) ~[surefire-testng-3.3.0.jar:3.3.0]
	at org.apache.maven.surefire.testng.TestNGXmlTestSuite.execute(TestNGXmlTestSuite.java:71) ~[surefire-testng-3.3.0.jar:3.3.0]
	at org.apache.maven.surefire.testng.TestNGProvider.invoke(TestNGProvider.java:113) ~[surefire-testng-3.3.0.jar:3.3.0]
	at org.apache.maven.surefire.booter.ForkedBooter.runSuitesInProcess(ForkedBooter.java:385) ~[surefire-booter-3.3.0.jar:3.3.0]
	at org.apache.maven.surefire.booter.ForkedBooter.execute(ForkedBooter.java:162) ~[surefire-booter-3.3.0.jar:3.3.0]
	at org.apache.maven.surefire.booter.ForkedBooter.run(ForkedBooter.java:507) ~[surefire-booter-3.3.0.jar:3.3.0]
	at org.apache.maven.surefire.booter.ForkedBooter.main(ForkedBooter.java:495) ~[surefire-booter-3.3.0.jar:3.3.0]
17:05:54.343 [main] ERROR org.apache.poi.openxml4j.opc.PackageRelationshipCollection - Cannot convert mailto:ALPHAAAAAA@@@@@!@##$$$%12344 in a valid relationship URI-> dummy-URI used
java.net.URISyntaxException: Illegal character in fragment at index 25: mailto:ALPHAAAAAA@@@@@!@##$$$%12344
	at java.net.URI$Parser.fail(URI.java:2995) ~[?:?]
	at java.net.URI$Parser.checkChars(URI.java:3166) ~[?:?]
	at java.net.URI$Parser.parse(URI.java:3210) ~[?:?]
	at java.net.URI.<init>(URI.java:645) ~[?:?]
	at org.apache.poi.openxml4j.opc.PackagingURIHelper.toURI(PackagingURIHelper.java:723) ~[poi-ooxml-5.2.2.jar:5.2.2]
	at org.apache.poi.openxml4j.opc.PackageRelationshipCollection.parseRelationshipsPart(PackageRelationshipCollection.java:358) ~[poi-ooxml-5.2.2.jar:5.2.2]
	at org.apache.poi.openxml4j.opc.PackageRelationshipCollection.<init>(PackageRelationshipCollection.java:160) ~[poi-ooxml-5.2.2.jar:5.2.2]
	at org.apache.poi.openxml4j.opc.PackageRelationshipCollection.<init>(PackageRelationshipCollection.java:130) ~[poi-ooxml-5.2.2.jar:5.2.2]
	at org.apache.poi.openxml4j.opc.PackagePart.loadRelationships(PackagePart.java:565) ~[poi-ooxml-5.2.2.jar:5.2.2]
	at org.apache.poi.openxml4j.opc.OPCPackage.getParts(OPCPackage.java:745) ~[poi-ooxml-5.2.2.jar:5.2.2]
	at org.apache.poi.openxml4j.opc.OPCPackage.open(OPCPackage.java:315) ~[poi-ooxml-5.2.2.jar:5.2.2]
	at org.apache.poi.ooxml.util.PackageHelper.open(PackageHelper.java:59) ~[poi-ooxml-5.2.2.jar:5.2.2]
	at org.apache.poi.xssf.usermodel.XSSFWorkbook.<init>(XSSFWorkbook.java:289) ~[poi-ooxml-5.2.2.jar:5.2.2]
	at org.apache.poi.xssf.usermodel.XSSFWorkbook.<init>(XSSFWorkbook.java:285) ~[poi-ooxml-5.2.2.jar:5.2.2]
	at com.MOFutility.API_Excelutilities.readServiceIdFromExcel(API_Excelutilities.java:20) ~[test-classes/:?]
	at com.MOF.constants.API_URL.<clinit>(API_URL.java:247) ~[test-classes/:?]
	at com.MOFapi.MOFapi.Fetchvalid_SingleService_ValidServiceid(MOFapi.java:4891) ~[test-classes/:?]
	at jdk.internal.reflect.DirectMethodHandleAccessor.invoke(DirectMethodHandleAccessor.java:103) ~[?:?]
	at java.lang.reflect.Method.invoke(Method.java:580) ~[?:?]
	at org.testng.internal.MethodInvocationHelper.invokeMethod(MethodInvocationHelper.java:124) ~[testng-6.14.3.jar:?]
	at org.testng.internal.Invoker.invokeMethod(Invoker.java:583) ~[testng-6.14.3.jar:?]
	at org.testng.internal.Invoker.invokeTestMethod(Invoker.java:719) ~[testng-6.14.3.jar:?]
	at org.testng.internal.Invoker.invokeTestMethods(Invoker.java:989) ~[testng-6.14.3.jar:?]
	at org.testng.internal.TestMethodWorker.invokeTestMethods(TestMethodWorker.java:125) ~[testng-6.14.3.jar:?]
	at org.testng.internal.TestMethodWorker.run(TestMethodWorker.java:109) ~[testng-6.14.3.jar:?]
	at org.testng.TestRunner.privateRun(TestRunner.java:648) ~[testng-6.14.3.jar:?]
	at org.testng.TestRunner.run(TestRunner.java:505) ~[testng-6.14.3.jar:?]
	at org.testng.SuiteRunner.runTest(SuiteRunner.java:455) ~[testng-6.14.3.jar:?]
	at org.testng.SuiteRunner.runSequentially(SuiteRunner.java:450) ~[testng-6.14.3.jar:?]
	at org.testng.SuiteRunner.privateRun(SuiteRunner.java:415) ~[testng-6.14.3.jar:?]
	at org.testng.SuiteRunner.run(SuiteRunner.java:364) ~[testng-6.14.3.jar:?]
	at org.testng.SuiteRunnerWorker.runSuite(SuiteRunnerWorker.java:52) ~[testng-6.14.3.jar:?]
	at org.testng.SuiteRunnerWorker.run(SuiteRunnerWorker.java:84) ~[testng-6.14.3.jar:?]
	at org.testng.TestNG.runSuitesSequentially(TestNG.java:1208) ~[testng-6.14.3.jar:?]
	at org.testng.TestNG.runSuitesLocally(TestNG.java:1137) ~[testng-6.14.3.jar:?]
	at org.testng.TestNG.runSuites(TestNG.java:1049) ~[testng-6.14.3.jar:?]
	at org.testng.TestNG.run(TestNG.java:1017) ~[testng-6.14.3.jar:?]
	at org.apache.maven.surefire.testng.TestNGExecutor.run(TestNGExecutor.java:308) ~[surefire-testng-3.3.0.jar:3.3.0]
	at org.apache.maven.surefire.testng.TestNGXmlTestSuite.execute(TestNGXmlTestSuite.java:71) ~[surefire-testng-3.3.0.jar:3.3.0]
	at org.apache.maven.surefire.testng.TestNGProvider.invoke(TestNGProvider.java:113) ~[surefire-testng-3.3.0.jar:3.3.0]
	at org.apache.maven.surefire.booter.ForkedBooter.runSuitesInProcess(ForkedBooter.java:385) ~[surefire-booter-3.3.0.jar:3.3.0]
	at org.apache.maven.surefire.booter.ForkedBooter.execute(ForkedBooter.java:162) ~[surefire-booter-3.3.0.jar:3.3.0]
	at org.apache.maven.surefire.booter.ForkedBooter.run(ForkedBooter.java:507) ~[surefire-booter-3.3.0.jar:3.3.0]
	at org.apache.maven.surefire.booter.ForkedBooter.main(ForkedBooter.java:495) ~[surefire-booter-3.3.0.jar:3.3.0]
17:05:54.344 [main] ERROR org.apache.poi.openxml4j.opc.PackageRelationshipCollection - Cannot convert mailto:2343456378912@#&^*gvadhfbjnf in a valid relationship URI-> dummy-URI used
java.net.URISyntaxException: Illegal character in fragment at index 23: mailto:2343456378912@#&^*gvadhfbjnf
	at java.net.URI$Parser.fail(URI.java:2995) ~[?:?]
	at java.net.URI$Parser.checkChars(URI.java:3166) ~[?:?]
	at java.net.URI$Parser.parse(URI.java:3210) ~[?:?]
	at java.net.URI.<init>(URI.java:645) ~[?:?]
	at org.apache.poi.openxml4j.opc.PackagingURIHelper.toURI(PackagingURIHelper.java:723) ~[poi-ooxml-5.2.2.jar:5.2.2]
	at org.apache.poi.openxml4j.opc.PackageRelationshipCollection.parseRelationshipsPart(PackageRelationshipCollection.java:358) ~[poi-ooxml-5.2.2.jar:5.2.2]
	at org.apache.poi.openxml4j.opc.PackageRelationshipCollection.<init>(PackageRelationshipCollection.java:160) ~[poi-ooxml-5.2.2.jar:5.2.2]
	at org.apache.poi.openxml4j.opc.PackageRelationshipCollection.<init>(PackageRelationshipCollection.java:130) ~[poi-ooxml-5.2.2.jar:5.2.2]
	at org.apache.poi.openxml4j.opc.PackagePart.loadRelationships(PackagePart.java:565) ~[poi-ooxml-5.2.2.jar:5.2.2]
	at org.apache.poi.openxml4j.opc.OPCPackage.getParts(OPCPackage.java:745) ~[poi-ooxml-5.2.2.jar:5.2.2]
	at org.apache.poi.openxml4j.opc.OPCPackage.open(OPCPackage.java:315) ~[poi-ooxml-5.2.2.jar:5.2.2]
	at org.apache.poi.ooxml.util.PackageHelper.open(PackageHelper.java:59) ~[poi-ooxml-5.2.2.jar:5.2.2]
	at org.apache.poi.xssf.usermodel.XSSFWorkbook.<init>(XSSFWorkbook.java:289) ~[poi-ooxml-5.2.2.jar:5.2.2]
	at org.apache.poi.xssf.usermodel.XSSFWorkbook.<init>(XSSFWorkbook.java:285) ~[poi-ooxml-5.2.2.jar:5.2.2]
	at com.MOFutility.API_Excelutilities.readServiceIdFromExcel(API_Excelutilities.java:20) ~[test-classes/:?]
	at com.MOF.constants.API_URL.<clinit>(API_URL.java:247) ~[test-classes/:?]
	at com.MOFapi.MOFapi.Fetchvalid_SingleService_ValidServiceid(MOFapi.java:4891) ~[test-classes/:?]
	at jdk.internal.reflect.DirectMethodHandleAccessor.invoke(DirectMethodHandleAccessor.java:103) ~[?:?]
	at java.lang.reflect.Method.invoke(Method.java:580) ~[?:?]
	at org.testng.internal.MethodInvocationHelper.invokeMethod(MethodInvocationHelper.java:124) ~[testng-6.14.3.jar:?]
	at org.testng.internal.Invoker.invokeMethod(Invoker.java:583) ~[testng-6.14.3.jar:?]
	at org.testng.internal.Invoker.invokeTestMethod(Invoker.java:719) ~[testng-6.14.3.jar:?]
	at org.testng.internal.Invoker.invokeTestMethods(Invoker.java:989) ~[testng-6.14.3.jar:?]
	at org.testng.internal.TestMethodWorker.invokeTestMethods(TestMethodWorker.java:125) ~[testng-6.14.3.jar:?]
	at org.testng.internal.TestMethodWorker.run(TestMethodWorker.java:109) ~[testng-6.14.3.jar:?]
	at org.testng.TestRunner.privateRun(TestRunner.java:648) ~[testng-6.14.3.jar:?]
	at org.testng.TestRunner.run(TestRunner.java:505) ~[testng-6.14.3.jar:?]
	at org.testng.SuiteRunner.runTest(SuiteRunner.java:455) ~[testng-6.14.3.jar:?]
	at org.testng.SuiteRunner.runSequentially(SuiteRunner.java:450) ~[testng-6.14.3.jar:?]
	at org.testng.SuiteRunner.privateRun(SuiteRunner.java:415) ~[testng-6.14.3.jar:?]
	at org.testng.SuiteRunner.run(SuiteRunner.java:364) ~[testng-6.14.3.jar:?]
	at org.testng.SuiteRunnerWorker.runSuite(SuiteRunnerWorker.java:52) ~[testng-6.14.3.jar:?]
	at org.testng.SuiteRunnerWorker.run(SuiteRunnerWorker.java:84) ~[testng-6.14.3.jar:?]
	at org.testng.TestNG.runSuitesSequentially(TestNG.java:1208) ~[testng-6.14.3.jar:?]
	at org.testng.TestNG.runSuitesLocally(TestNG.java:1137) ~[testng-6.14.3.jar:?]
	at org.testng.TestNG.runSuites(TestNG.java:1049) ~[testng-6.14.3.jar:?]
	at org.testng.TestNG.run(TestNG.java:1017) ~[testng-6.14.3.jar:?]
	at org.apache.maven.surefire.testng.TestNGExecutor.run(TestNGExecutor.java:308) ~[surefire-testng-3.3.0.jar:3.3.0]
	at org.apache.maven.surefire.testng.TestNGXmlTestSuite.execute(TestNGXmlTestSuite.java:71) ~[surefire-testng-3.3.0.jar:3.3.0]
	at org.apache.maven.surefire.testng.TestNGProvider.invoke(TestNGProvider.java:113) ~[surefire-testng-3.3.0.jar:3.3.0]
	at org.apache.maven.surefire.booter.ForkedBooter.runSuitesInProcess(ForkedBooter.java:385) ~[surefire-booter-3.3.0.jar:3.3.0]
	at org.apache.maven.surefire.booter.ForkedBooter.execute(ForkedBooter.java:162) ~[surefire-booter-3.3.0.jar:3.3.0]
	at org.apache.maven.surefire.booter.ForkedBooter.run(ForkedBooter.java:507) ~[surefire-booter-3.3.0.jar:3.3.0]
	at org.apache.maven.surefire.booter.ForkedBooter.main(ForkedBooter.java:495) ~[surefire-booter-3.3.0.jar:3.3.0]
17:05:54.363 [main] ERROR org.apache.poi.openxml4j.opc.PackageRelationshipCollection - Cannot convert mailto:ALPA@#$%^245234534 in a valid relationship URI-> dummy-URI used
java.net.URISyntaxException: Malformed escape pair at index 14: mailto:ALPA@#$%^245234534
	at java.net.URI$Parser.fail(URI.java:2995) ~[?:?]
	at java.net.URI$Parser.scanEscape(URI.java:3123) ~[?:?]
	at java.net.URI$Parser.scan(URI.java:3146) ~[?:?]
	at java.net.URI$Parser.checkChars(URI.java:3164) ~[?:?]
	at java.net.URI$Parser.parse(URI.java:3210) ~[?:?]
	at java.net.URI.<init>(URI.java:645) ~[?:?]
	at org.apache.poi.openxml4j.opc.PackagingURIHelper.toURI(PackagingURIHelper.java:723) ~[poi-ooxml-5.2.2.jar:5.2.2]
	at org.apache.poi.openxml4j.opc.PackageRelationshipCollection.parseRelationshipsPart(PackageRelationshipCollection.java:358) ~[poi-ooxml-5.2.2.jar:5.2.2]
	at org.apache.poi.openxml4j.opc.PackageRelationshipCollection.<init>(PackageRelationshipCollection.java:160) ~[poi-ooxml-5.2.2.jar:5.2.2]
	at org.apache.poi.openxml4j.opc.PackageRelationshipCollection.<init>(PackageRelationshipCollection.java:130) ~[poi-ooxml-5.2.2.jar:5.2.2]
	at org.apache.poi.openxml4j.opc.PackagePart.loadRelationships(PackagePart.java:565) ~[poi-ooxml-5.2.2.jar:5.2.2]
	at org.apache.poi.openxml4j.opc.OPCPackage.getParts(OPCPackage.java:745) ~[poi-ooxml-5.2.2.jar:5.2.2]
	at org.apache.poi.openxml4j.opc.OPCPackage.open(OPCPackage.java:315) ~[poi-ooxml-5.2.2.jar:5.2.2]
	at org.apache.poi.ooxml.util.PackageHelper.open(PackageHelper.java:59) ~[poi-ooxml-5.2.2.jar:5.2.2]
	at org.apache.poi.xssf.usermodel.XSSFWorkbook.<init>(XSSFWorkbook.java:289) ~[poi-ooxml-5.2.2.jar:5.2.2]
	at org.apache.poi.xssf.usermodel.XSSFWorkbook.<init>(XSSFWorkbook.java:285) ~[poi-ooxml-5.2.2.jar:5.2.2]
	at com.MOFutility.API_Excelutilities.readServiceIdFromExcel(API_Excelutilities.java:20) ~[test-classes/:?]
	at com.MOF.constants.API_URL.<clinit>(API_URL.java:249) ~[test-classes/:?]
	at com.MOFapi.MOFapi.Fetchvalid_SingleService_ValidServiceid(MOFapi.java:4891) ~[test-classes/:?]
	at jdk.internal.reflect.DirectMethodHandleAccessor.invoke(DirectMethodHandleAccessor.java:103) ~[?:?]
	at java.lang.reflect.Method.invoke(Method.java:580) ~[?:?]
	at org.testng.internal.MethodInvocationHelper.invokeMethod(MethodInvocationHelper.java:124) ~[testng-6.14.3.jar:?]
	at org.testng.internal.Invoker.invokeMethod(Invoker.java:583) ~[testng-6.14.3.jar:?]
	at org.testng.internal.Invoker.invokeTestMethod(Invoker.java:719) ~[testng-6.14.3.jar:?]
	at org.testng.internal.Invoker.invokeTestMethods(Invoker.java:989) ~[testng-6.14.3.jar:?]
	at org.testng.internal.TestMethodWorker.invokeTestMethods(TestMethodWorker.java:125) ~[testng-6.14.3.jar:?]
	at org.testng.internal.TestMethodWorker.run(TestMethodWorker.java:109) ~[testng-6.14.3.jar:?]
	at org.testng.TestRunner.privateRun(TestRunner.java:648) ~[testng-6.14.3.jar:?]
	at org.testng.TestRunner.run(TestRunner.java:505) ~[testng-6.14.3.jar:?]
	at org.testng.SuiteRunner.runTest(SuiteRunner.java:455) ~[testng-6.14.3.jar:?]
	at org.testng.SuiteRunner.runSequentially(SuiteRunner.java:450) ~[testng-6.14.3.jar:?]
	at org.testng.SuiteRunner.privateRun(SuiteRunner.java:415) ~[testng-6.14.3.jar:?]
	at org.testng.SuiteRunner.run(SuiteRunner.java:364) ~[testng-6.14.3.jar:?]
	at org.testng.SuiteRunnerWorker.runSuite(SuiteRunnerWorker.java:52) ~[testng-6.14.3.jar:?]
	at org.testng.SuiteRunnerWorker.run(SuiteRunnerWorker.java:84) ~[testng-6.14.3.jar:?]
	at org.testng.TestNG.runSuitesSequentially(TestNG.java:1208) ~[testng-6.14.3.jar:?]
	at org.testng.TestNG.runSuitesLocally(TestNG.java:1137) ~[testng-6.14.3.jar:?]
	at org.testng.TestNG.runSuites(TestNG.java:1049) ~[testng-6.14.3.jar:?]
	at org.testng.TestNG.run(TestNG.java:1017) ~[testng-6.14.3.jar:?]
	at org.apache.maven.surefire.testng.TestNGExecutor.run(TestNGExecutor.java:308) ~[surefire-testng-3.3.0.jar:3.3.0]
	at org.apache.maven.surefire.testng.TestNGXmlTestSuite.execute(TestNGXmlTestSuite.java:71) ~[surefire-testng-3.3.0.jar:3.3.0]
	at org.apache.maven.surefire.testng.TestNGProvider.invoke(TestNGProvider.java:113) ~[surefire-testng-3.3.0.jar:3.3.0]
	at org.apache.maven.surefire.booter.ForkedBooter.runSuitesInProcess(ForkedBooter.java:385) ~[surefire-booter-3.3.0.jar:3.3.0]
	at org.apache.maven.surefire.booter.ForkedBooter.execute(ForkedBooter.java:162) ~[surefire-booter-3.3.0.jar:3.3.0]
	at org.apache.maven.surefire.booter.ForkedBooter.run(ForkedBooter.java:507) ~[surefire-booter-3.3.0.jar:3.3.0]
	at org.apache.maven.surefire.booter.ForkedBooter.main(ForkedBooter.java:495) ~[surefire-booter-3.3.0.jar:3.3.0]
17:05:54.364 [main] ERROR org.apache.poi.openxml4j.opc.PackageRelationshipCollection - Cannot convert mailto:ALPHAAAAAA@@@@@!@##$$$%12344 in a valid relationship URI-> dummy-URI used
java.net.URISyntaxException: Illegal character in fragment at index 25: mailto:ALPHAAAAAA@@@@@!@##$$$%12344
	at java.net.URI$Parser.fail(URI.java:2995) ~[?:?]
	at java.net.URI$Parser.checkChars(URI.java:3166) ~[?:?]
	at java.net.URI$Parser.parse(URI.java:3210) ~[?:?]
	at java.net.URI.<init>(URI.java:645) ~[?:?]
	at org.apache.poi.openxml4j.opc.PackagingURIHelper.toURI(PackagingURIHelper.java:723) ~[poi-ooxml-5.2.2.jar:5.2.2]
	at org.apache.poi.openxml4j.opc.PackageRelationshipCollection.parseRelationshipsPart(PackageRelationshipCollection.java:358) ~[poi-ooxml-5.2.2.jar:5.2.2]
	at org.apache.poi.openxml4j.opc.PackageRelationshipCollection.<init>(PackageRelationshipCollection.java:160) ~[poi-ooxml-5.2.2.jar:5.2.2]
	at org.apache.poi.openxml4j.opc.PackageRelationshipCollection.<init>(PackageRelationshipCollection.java:130) ~[poi-ooxml-5.2.2.jar:5.2.2]
	at org.apache.poi.openxml4j.opc.PackagePart.loadRelationships(PackagePart.java:565) ~[poi-ooxml-5.2.2.jar:5.2.2]
	at org.apache.poi.openxml4j.opc.OPCPackage.getParts(OPCPackage.java:745) ~[poi-ooxml-5.2.2.jar:5.2.2]
	at org.apache.poi.openxml4j.opc.OPCPackage.open(OPCPackage.java:315) ~[poi-ooxml-5.2.2.jar:5.2.2]
	at org.apache.poi.ooxml.util.PackageHelper.open(PackageHelper.java:59) ~[poi-ooxml-5.2.2.jar:5.2.2]
	at org.apache.poi.xssf.usermodel.XSSFWorkbook.<init>(XSSFWorkbook.java:289) ~[poi-ooxml-5.2.2.jar:5.2.2]
	at org.apache.poi.xssf.usermodel.XSSFWorkbook.<init>(XSSFWorkbook.java:285) ~[poi-ooxml-5.2.2.jar:5.2.2]
	at com.MOFutility.API_Excelutilities.readServiceIdFromExcel(API_Excelutilities.java:20) ~[test-classes/:?]
	at com.MOF.constants.API_URL.<clinit>(API_URL.java:249) ~[test-classes/:?]
	at com.MOFapi.MOFapi.Fetchvalid_SingleService_ValidServiceid(MOFapi.java:4891) ~[test-classes/:?]
	at jdk.internal.reflect.DirectMethodHandleAccessor.invoke(DirectMethodHandleAccessor.java:103) ~[?:?]
	at java.lang.reflect.Method.invoke(Method.java:580) ~[?:?]
	at org.testng.internal.MethodInvocationHelper.invokeMethod(MethodInvocationHelper.java:124) ~[testng-6.14.3.jar:?]
	at org.testng.internal.Invoker.invokeMethod(Invoker.java:583) ~[testng-6.14.3.jar:?]
	at org.testng.internal.Invoker.invokeTestMethod(Invoker.java:719) ~[testng-6.14.3.jar:?]
	at org.testng.internal.Invoker.invokeTestMethods(Invoker.java:989) ~[testng-6.14.3.jar:?]
	at org.testng.internal.TestMethodWorker.invokeTestMethods(TestMethodWorker.java:125) ~[testng-6.14.3.jar:?]
	at org.testng.internal.TestMethodWorker.run(TestMethodWorker.java:109) ~[testng-6.14.3.jar:?]
	at org.testng.TestRunner.privateRun(TestRunner.java:648) ~[testng-6.14.3.jar:?]
	at org.testng.TestRunner.run(TestRunner.java:505) ~[testng-6.14.3.jar:?]
	at org.testng.SuiteRunner.runTest(SuiteRunner.java:455) ~[testng-6.14.3.jar:?]
	at org.testng.SuiteRunner.runSequentially(SuiteRunner.java:450) ~[testng-6.14.3.jar:?]
	at org.testng.SuiteRunner.privateRun(SuiteRunner.java:415) ~[testng-6.14.3.jar:?]
	at org.testng.SuiteRunner.run(SuiteRunner.java:364) ~[testng-6.14.3.jar:?]
	at org.testng.SuiteRunnerWorker.runSuite(SuiteRunnerWorker.java:52) ~[testng-6.14.3.jar:?]
	at org.testng.SuiteRunnerWorker.run(SuiteRunnerWorker.java:84) ~[testng-6.14.3.jar:?]
	at org.testng.TestNG.runSuitesSequentially(TestNG.java:1208) ~[testng-6.14.3.jar:?]
	at org.testng.TestNG.runSuitesLocally(TestNG.java:1137) ~[testng-6.14.3.jar:?]
	at org.testng.TestNG.runSuites(TestNG.java:1049) ~[testng-6.14.3.jar:?]
	at org.testng.TestNG.run(TestNG.java:1017) ~[testng-6.14.3.jar:?]
	at org.apache.maven.surefire.testng.TestNGExecutor.run(TestNGExecutor.java:308) ~[surefire-testng-3.3.0.jar:3.3.0]
	at org.apache.maven.surefire.testng.TestNGXmlTestSuite.execute(TestNGXmlTestSuite.java:71) ~[surefire-testng-3.3.0.jar:3.3.0]
	at org.apache.maven.surefire.testng.TestNGProvider.invoke(TestNGProvider.java:113) ~[surefire-testng-3.3.0.jar:3.3.0]
	at org.apache.maven.surefire.booter.ForkedBooter.runSuitesInProcess(ForkedBooter.java:385) ~[surefire-booter-3.3.0.jar:3.3.0]
	at org.apache.maven.surefire.booter.ForkedBooter.execute(ForkedBooter.java:162) ~[surefire-booter-3.3.0.jar:3.3.0]
	at org.apache.maven.surefire.booter.ForkedBooter.run(ForkedBooter.java:507) ~[surefire-booter-3.3.0.jar:3.3.0]
	at org.apache.maven.surefire.booter.ForkedBooter.main(ForkedBooter.java:495) ~[surefire-booter-3.3.0.jar:3.3.0]
17:05:54.365 [main] ERROR org.apache.poi.openxml4j.opc.PackageRelationshipCollection - Cannot convert mailto:2343456378912@#&^*gvadhfbjnf in a valid relationship URI-> dummy-URI used
java.net.URISyntaxException: Illegal character in fragment at index 23: mailto:2343456378912@#&^*gvadhfbjnf
	at java.net.URI$Parser.fail(URI.java:2995) ~[?:?]
	at java.net.URI$Parser.checkChars(URI.java:3166) ~[?:?]
	at java.net.URI$Parser.parse(URI.java:3210) ~[?:?]
	at java.net.URI.<init>(URI.java:645) ~[?:?]
	at org.apache.poi.openxml4j.opc.PackagingURIHelper.toURI(PackagingURIHelper.java:723) ~[poi-ooxml-5.2.2.jar:5.2.2]
	at org.apache.poi.openxml4j.opc.PackageRelationshipCollection.parseRelationshipsPart(PackageRelationshipCollection.java:358) ~[poi-ooxml-5.2.2.jar:5.2.2]
	at org.apache.poi.openxml4j.opc.PackageRelationshipCollection.<init>(PackageRelationshipCollection.java:160) ~[poi-ooxml-5.2.2.jar:5.2.2]
	at org.apache.poi.openxml4j.opc.PackageRelationshipCollection.<init>(PackageRelationshipCollection.java:130) ~[poi-ooxml-5.2.2.jar:5.2.2]
	at org.apache.poi.openxml4j.opc.PackagePart.loadRelationships(PackagePart.java:565) ~[poi-ooxml-5.2.2.jar:5.2.2]
	at org.apache.poi.openxml4j.opc.OPCPackage.getParts(OPCPackage.java:745) ~[poi-ooxml-5.2.2.jar:5.2.2]
	at org.apache.poi.openxml4j.opc.OPCPackage.open(OPCPackage.java:315) ~[poi-ooxml-5.2.2.jar:5.2.2]
	at org.apache.poi.ooxml.util.PackageHelper.open(PackageHelper.java:59) ~[poi-ooxml-5.2.2.jar:5.2.2]
	at org.apache.poi.xssf.usermodel.XSSFWorkbook.<init>(XSSFWorkbook.java:289) ~[poi-ooxml-5.2.2.jar:5.2.2]
	at org.apache.poi.xssf.usermodel.XSSFWorkbook.<init>(XSSFWorkbook.java:285) ~[poi-ooxml-5.2.2.jar:5.2.2]
	at com.MOFutility.API_Excelutilities.readServiceIdFromExcel(API_Excelutilities.java:20) ~[test-classes/:?]
	at com.MOF.constants.API_URL.<clinit>(API_URL.java:249) ~[test-classes/:?]
	at com.MOFapi.MOFapi.Fetchvalid_SingleService_ValidServiceid(MOFapi.java:4891) ~[test-classes/:?]
	at jdk.internal.reflect.DirectMethodHandleAccessor.invoke(DirectMethodHandleAccessor.java:103) ~[?:?]
	at java.lang.reflect.Method.invoke(Method.java:580) ~[?:?]
	at org.testng.internal.MethodInvocationHelper.invokeMethod(MethodInvocationHelper.java:124) ~[testng-6.14.3.jar:?]
	at org.testng.internal.Invoker.invokeMethod(Invoker.java:583) ~[testng-6.14.3.jar:?]
	at org.testng.internal.Invoker.invokeTestMethod(Invoker.java:719) ~[testng-6.14.3.jar:?]
	at org.testng.internal.Invoker.invokeTestMethods(Invoker.java:989) ~[testng-6.14.3.jar:?]
	at org.testng.internal.TestMethodWorker.invokeTestMethods(TestMethodWorker.java:125) ~[testng-6.14.3.jar:?]
	at org.testng.internal.TestMethodWorker.run(TestMethodWorker.java:109) ~[testng-6.14.3.jar:?]
	at org.testng.TestRunner.privateRun(TestRunner.java:648) ~[testng-6.14.3.jar:?]
	at org.testng.TestRunner.run(TestRunner.java:505) ~[testng-6.14.3.jar:?]
	at org.testng.SuiteRunner.runTest(SuiteRunner.java:455) ~[testng-6.14.3.jar:?]
	at org.testng.SuiteRunner.runSequentially(SuiteRunner.java:450) ~[testng-6.14.3.jar:?]
	at org.testng.SuiteRunner.privateRun(SuiteRunner.java:415) ~[testng-6.14.3.jar:?]
	at org.testng.SuiteRunner.run(SuiteRunner.java:364) ~[testng-6.14.3.jar:?]
	at org.testng.SuiteRunnerWorker.runSuite(SuiteRunnerWorker.java:52) ~[testng-6.14.3.jar:?]
	at org.testng.SuiteRunnerWorker.run(SuiteRunnerWorker.java:84) ~[testng-6.14.3.jar:?]
	at org.testng.TestNG.runSuitesSequentially(TestNG.java:1208) ~[testng-6.14.3.jar:?]
	at org.testng.TestNG.runSuitesLocally(TestNG.java:1137) ~[testng-6.14.3.jar:?]
	at org.testng.TestNG.runSuites(TestNG.java:1049) ~[testng-6.14.3.jar:?]
	at org.testng.TestNG.run(TestNG.java:1017) ~[testng-6.14.3.jar:?]
	at org.apache.maven.surefire.testng.TestNGExecutor.run(TestNGExecutor.java:308) ~[surefire-testng-3.3.0.jar:3.3.0]
	at org.apache.maven.surefire.testng.TestNGXmlTestSuite.execute(TestNGXmlTestSuite.java:71) ~[surefire-testng-3.3.0.jar:3.3.0]
	at org.apache.maven.surefire.testng.TestNGProvider.invoke(TestNGProvider.java:113) ~[surefire-testng-3.3.0.jar:3.3.0]
	at org.apache.maven.surefire.booter.ForkedBooter.runSuitesInProcess(ForkedBooter.java:385) ~[surefire-booter-3.3.0.jar:3.3.0]
	at org.apache.maven.surefire.booter.ForkedBooter.execute(ForkedBooter.java:162) ~[surefire-booter-3.3.0.jar:3.3.0]
	at org.apache.maven.surefire.booter.ForkedBooter.run(ForkedBooter.java:507) ~[surefire-booter-3.3.0.jar:3.3.0]
	at org.apache.maven.surefire.booter.ForkedBooter.main(ForkedBooter.java:495) ~[surefire-booter-3.3.0.jar:3.3.0]
17:05:54.386 [main] ERROR org.apache.poi.openxml4j.opc.PackageRelationshipCollection - Cannot convert mailto:ALPA@#$%^245234534 in a valid relationship URI-> dummy-URI used
java.net.URISyntaxException: Malformed escape pair at index 14: mailto:ALPA@#$%^245234534
	at java.net.URI$Parser.fail(URI.java:2995) ~[?:?]
	at java.net.URI$Parser.scanEscape(URI.java:3123) ~[?:?]
	at java.net.URI$Parser.scan(URI.java:3146) ~[?:?]
	at java.net.URI$Parser.checkChars(URI.java:3164) ~[?:?]
	at java.net.URI$Parser.parse(URI.java:3210) ~[?:?]
	at java.net.URI.<init>(URI.java:645) ~[?:?]
	at org.apache.poi.openxml4j.opc.PackagingURIHelper.toURI(PackagingURIHelper.java:723) ~[poi-ooxml-5.2.2.jar:5.2.2]
	at org.apache.poi.openxml4j.opc.PackageRelationshipCollection.parseRelationshipsPart(PackageRelationshipCollection.java:358) ~[poi-ooxml-5.2.2.jar:5.2.2]
	at org.apache.poi.openxml4j.opc.PackageRelationshipCollection.<init>(PackageRelationshipCollection.java:160) ~[poi-ooxml-5.2.2.jar:5.2.2]
	at org.apache.poi.openxml4j.opc.PackageRelationshipCollection.<init>(PackageRelationshipCollection.java:130) ~[poi-ooxml-5.2.2.jar:5.2.2]
	at org.apache.poi.openxml4j.opc.PackagePart.loadRelationships(PackagePart.java:565) ~[poi-ooxml-5.2.2.jar:5.2.2]
	at org.apache.poi.openxml4j.opc.OPCPackage.getParts(OPCPackage.java:745) ~[poi-ooxml-5.2.2.jar:5.2.2]
	at org.apache.poi.openxml4j.opc.OPCPackage.open(OPCPackage.java:315) ~[poi-ooxml-5.2.2.jar:5.2.2]
	at org.apache.poi.ooxml.util.PackageHelper.open(PackageHelper.java:59) ~[poi-ooxml-5.2.2.jar:5.2.2]
	at org.apache.poi.xssf.usermodel.XSSFWorkbook.<init>(XSSFWorkbook.java:289) ~[poi-ooxml-5.2.2.jar:5.2.2]
	at org.apache.poi.xssf.usermodel.XSSFWorkbook.<init>(XSSFWorkbook.java:285) ~[poi-ooxml-5.2.2.jar:5.2.2]
	at com.MOFutility.API_Excelutilities.readServiceIdFromExcel(API_Excelutilities.java:20) ~[test-classes/:?]
	at com.MOF.constants.API_URL.<clinit>(API_URL.java:250) ~[test-classes/:?]
	at com.MOFapi.MOFapi.Fetchvalid_SingleService_ValidServiceid(MOFapi.java:4891) ~[test-classes/:?]
	at jdk.internal.reflect.DirectMethodHandleAccessor.invoke(DirectMethodHandleAccessor.java:103) ~[?:?]
	at java.lang.reflect.Method.invoke(Method.java:580) ~[?:?]
	at org.testng.internal.MethodInvocationHelper.invokeMethod(MethodInvocationHelper.java:124) ~[testng-6.14.3.jar:?]
	at org.testng.internal.Invoker.invokeMethod(Invoker.java:583) ~[testng-6.14.3.jar:?]
	at org.testng.internal.Invoker.invokeTestMethod(Invoker.java:719) ~[testng-6.14.3.jar:?]
	at org.testng.internal.Invoker.invokeTestMethods(Invoker.java:989) ~[testng-6.14.3.jar:?]
	at org.testng.internal.TestMethodWorker.invokeTestMethods(TestMethodWorker.java:125) ~[testng-6.14.3.jar:?]
	at org.testng.internal.TestMethodWorker.run(TestMethodWorker.java:109) ~[testng-6.14.3.jar:?]
	at org.testng.TestRunner.privateRun(TestRunner.java:648) ~[testng-6.14.3.jar:?]
	at org.testng.TestRunner.run(TestRunner.java:505) ~[testng-6.14.3.jar:?]
	at org.testng.SuiteRunner.runTest(SuiteRunner.java:455) ~[testng-6.14.3.jar:?]
	at org.testng.SuiteRunner.runSequentially(SuiteRunner.java:450) ~[testng-6.14.3.jar:?]
	at org.testng.SuiteRunner.privateRun(SuiteRunner.java:415) ~[testng-6.14.3.jar:?]
	at org.testng.SuiteRunner.run(SuiteRunner.java:364) ~[testng-6.14.3.jar:?]
	at org.testng.SuiteRunnerWorker.runSuite(SuiteRunnerWorker.java:52) ~[testng-6.14.3.jar:?]
	at org.testng.SuiteRunnerWorker.run(SuiteRunnerWorker.java:84) ~[testng-6.14.3.jar:?]
	at org.testng.TestNG.runSuitesSequentially(TestNG.java:1208) ~[testng-6.14.3.jar:?]
	at org.testng.TestNG.runSuitesLocally(TestNG.java:1137) ~[testng-6.14.3.jar:?]
	at org.testng.TestNG.runSuites(TestNG.java:1049) ~[testng-6.14.3.jar:?]
	at org.testng.TestNG.run(TestNG.java:1017) ~[testng-6.14.3.jar:?]
	at org.apache.maven.surefire.testng.TestNGExecutor.run(TestNGExecutor.java:308) ~[surefire-testng-3.3.0.jar:3.3.0]
	at org.apache.maven.surefire.testng.TestNGXmlTestSuite.execute(TestNGXmlTestSuite.java:71) ~[surefire-testng-3.3.0.jar:3.3.0]
	at org.apache.maven.surefire.testng.TestNGProvider.invoke(TestNGProvider.java:113) ~[surefire-testng-3.3.0.jar:3.3.0]
	at org.apache.maven.surefire.booter.ForkedBooter.runSuitesInProcess(ForkedBooter.java:385) ~[surefire-booter-3.3.0.jar:3.3.0]
	at org.apache.maven.surefire.booter.ForkedBooter.execute(ForkedBooter.java:162) ~[surefire-booter-3.3.0.jar:3.3.0]
	at org.apache.maven.surefire.booter.ForkedBooter.run(ForkedBooter.java:507) ~[surefire-booter-3.3.0.jar:3.3.0]
	at org.apache.maven.surefire.booter.ForkedBooter.main(ForkedBooter.java:495) ~[surefire-booter-3.3.0.jar:3.3.0]
17:05:54.387 [main] ERROR org.apache.poi.openxml4j.opc.PackageRelationshipCollection - Cannot convert mailto:ALPHAAAAAA@@@@@!@##$$$%12344 in a valid relationship URI-> dummy-URI used
java.net.URISyntaxException: Illegal character in fragment at index 25: mailto:ALPHAAAAAA@@@@@!@##$$$%12344
	at java.net.URI$Parser.fail(URI.java:2995) ~[?:?]
	at java.net.URI$Parser.checkChars(URI.java:3166) ~[?:?]
	at java.net.URI$Parser.parse(URI.java:3210) ~[?:?]
	at java.net.URI.<init>(URI.java:645) ~[?:?]
	at org.apache.poi.openxml4j.opc.PackagingURIHelper.toURI(PackagingURIHelper.java:723) ~[poi-ooxml-5.2.2.jar:5.2.2]
	at org.apache.poi.openxml4j.opc.PackageRelationshipCollection.parseRelationshipsPart(PackageRelationshipCollection.java:358) ~[poi-ooxml-5.2.2.jar:5.2.2]
	at org.apache.poi.openxml4j.opc.PackageRelationshipCollection.<init>(PackageRelationshipCollection.java:160) ~[poi-ooxml-5.2.2.jar:5.2.2]
	at org.apache.poi.openxml4j.opc.PackageRelationshipCollection.<init>(PackageRelationshipCollection.java:130) ~[poi-ooxml-5.2.2.jar:5.2.2]
	at org.apache.poi.openxml4j.opc.PackagePart.loadRelationships(PackagePart.java:565) ~[poi-ooxml-5.2.2.jar:5.2.2]
	at org.apache.poi.openxml4j.opc.OPCPackage.getParts(OPCPackage.java:745) ~[poi-ooxml-5.2.2.jar:5.2.2]
	at org.apache.poi.openxml4j.opc.OPCPackage.open(OPCPackage.java:315) ~[poi-ooxml-5.2.2.jar:5.2.2]
	at org.apache.poi.ooxml.util.PackageHelper.open(PackageHelper.java:59) ~[poi-ooxml-5.2.2.jar:5.2.2]
	at org.apache.poi.xssf.usermodel.XSSFWorkbook.<init>(XSSFWorkbook.java:289) ~[poi-ooxml-5.2.2.jar:5.2.2]
	at org.apache.poi.xssf.usermodel.XSSFWorkbook.<init>(XSSFWorkbook.java:285) ~[poi-ooxml-5.2.2.jar:5.2.2]
	at com.MOFutility.API_Excelutilities.readServiceIdFromExcel(API_Excelutilities.java:20) ~[test-classes/:?]
	at com.MOF.constants.API_URL.<clinit>(API_URL.java:250) ~[test-classes/:?]
	at com.MOFapi.MOFapi.Fetchvalid_SingleService_ValidServiceid(MOFapi.java:4891) ~[test-classes/:?]
	at jdk.internal.reflect.DirectMethodHandleAccessor.invoke(DirectMethodHandleAccessor.java:103) ~[?:?]
	at java.lang.reflect.Method.invoke(Method.java:580) ~[?:?]
	at org.testng.internal.MethodInvocationHelper.invokeMethod(MethodInvocationHelper.java:124) ~[testng-6.14.3.jar:?]
	at org.testng.internal.Invoker.invokeMethod(Invoker.java:583) ~[testng-6.14.3.jar:?]
	at org.testng.internal.Invoker.invokeTestMethod(Invoker.java:719) ~[testng-6.14.3.jar:?]
	at org.testng.internal.Invoker.invokeTestMethods(Invoker.java:989) ~[testng-6.14.3.jar:?]
	at org.testng.internal.TestMethodWorker.invokeTestMethods(TestMethodWorker.java:125) ~[testng-6.14.3.jar:?]
	at org.testng.internal.TestMethodWorker.run(TestMethodWorker.java:109) ~[testng-6.14.3.jar:?]
	at org.testng.TestRunner.privateRun(TestRunner.java:648) ~[testng-6.14.3.jar:?]
	at org.testng.TestRunner.run(TestRunner.java:505) ~[testng-6.14.3.jar:?]
	at org.testng.SuiteRunner.runTest(SuiteRunner.java:455) ~[testng-6.14.3.jar:?]
	at org.testng.SuiteRunner.runSequentially(SuiteRunner.java:450) ~[testng-6.14.3.jar:?]
	at org.testng.SuiteRunner.privateRun(SuiteRunner.java:415) ~[testng-6.14.3.jar:?]
	at org.testng.SuiteRunner.run(SuiteRunner.java:364) ~[testng-6.14.3.jar:?]
	at org.testng.SuiteRunnerWorker.runSuite(SuiteRunnerWorker.java:52) ~[testng-6.14.3.jar:?]
	at org.testng.SuiteRunnerWorker.run(SuiteRunnerWorker.java:84) ~[testng-6.14.3.jar:?]
	at org.testng.TestNG.runSuitesSequentially(TestNG.java:1208) ~[testng-6.14.3.jar:?]
	at org.testng.TestNG.runSuitesLocally(TestNG.java:1137) ~[testng-6.14.3.jar:?]
	at org.testng.TestNG.runSuites(TestNG.java:1049) ~[testng-6.14.3.jar:?]
	at org.testng.TestNG.run(TestNG.java:1017) ~[testng-6.14.3.jar:?]
	at org.apache.maven.surefire.testng.TestNGExecutor.run(TestNGExecutor.java:308) ~[surefire-testng-3.3.0.jar:3.3.0]
	at org.apache.maven.surefire.testng.TestNGXmlTestSuite.execute(TestNGXmlTestSuite.java:71) ~[surefire-testng-3.3.0.jar:3.3.0]
	at org.apache.maven.surefire.testng.TestNGProvider.invoke(TestNGProvider.java:113) ~[surefire-testng-3.3.0.jar:3.3.0]
	at org.apache.maven.surefire.booter.ForkedBooter.runSuitesInProcess(ForkedBooter.java:385) ~[surefire-booter-3.3.0.jar:3.3.0]
	at org.apache.maven.surefire.booter.ForkedBooter.execute(ForkedBooter.java:162) ~[surefire-booter-3.3.0.jar:3.3.0]
	at org.apache.maven.surefire.booter.ForkedBooter.run(ForkedBooter.java:507) ~[surefire-booter-3.3.0.jar:3.3.0]
	at org.apache.maven.surefire.booter.ForkedBooter.main(ForkedBooter.java:495) ~[surefire-booter-3.3.0.jar:3.3.0]
17:05:54.388 [main] ERROR org.apache.poi.openxml4j.opc.PackageRelationshipCollection - Cannot convert mailto:2343456378912@#&^*gvadhfbjnf in a valid relationship URI-> dummy-URI used
java.net.URISyntaxException: Illegal character in fragment at index 23: mailto:2343456378912@#&^*gvadhfbjnf
	at java.net.URI$Parser.fail(URI.java:2995) ~[?:?]
	at java.net.URI$Parser.checkChars(URI.java:3166) ~[?:?]
	at java.net.URI$Parser.parse(URI.java:3210) ~[?:?]
	at java.net.URI.<init>(URI.java:645) ~[?:?]
	at org.apache.poi.openxml4j.opc.PackagingURIHelper.toURI(PackagingURIHelper.java:723) ~[poi-ooxml-5.2.2.jar:5.2.2]
	at org.apache.poi.openxml4j.opc.PackageRelationshipCollection.parseRelationshipsPart(PackageRelationshipCollection.java:358) ~[poi-ooxml-5.2.2.jar:5.2.2]
	at org.apache.poi.openxml4j.opc.PackageRelationshipCollection.<init>(PackageRelationshipCollection.java:160) ~[poi-ooxml-5.2.2.jar:5.2.2]
	at org.apache.poi.openxml4j.opc.PackageRelationshipCollection.<init>(PackageRelationshipCollection.java:130) ~[poi-ooxml-5.2.2.jar:5.2.2]
	at org.apache.poi.openxml4j.opc.PackagePart.loadRelationships(PackagePart.java:565) ~[poi-ooxml-5.2.2.jar:5.2.2]
	at org.apache.poi.openxml4j.opc.OPCPackage.getParts(OPCPackage.java:745) ~[poi-ooxml-5.2.2.jar:5.2.2]
	at org.apache.poi.openxml4j.opc.OPCPackage.open(OPCPackage.java:315) ~[poi-ooxml-5.2.2.jar:5.2.2]
	at org.apache.poi.ooxml.util.PackageHelper.open(PackageHelper.java:59) ~[poi-ooxml-5.2.2.jar:5.2.2]
	at org.apache.poi.xssf.usermodel.XSSFWorkbook.<init>(XSSFWorkbook.java:289) ~[poi-ooxml-5.2.2.jar:5.2.2]
	at org.apache.poi.xssf.usermodel.XSSFWorkbook.<init>(XSSFWorkbook.java:285) ~[poi-ooxml-5.2.2.jar:5.2.2]
	at com.MOFutility.API_Excelutilities.readServiceIdFromExcel(API_Excelutilities.java:20) ~[test-classes/:?]
	at com.MOF.constants.API_URL.<clinit>(API_URL.java:250) ~[test-classes/:?]
	at com.MOFapi.MOFapi.Fetchvalid_SingleService_ValidServiceid(MOFapi.java:4891) ~[test-classes/:?]
	at jdk.internal.reflect.DirectMethodHandleAccessor.invoke(DirectMethodHandleAccessor.java:103) ~[?:?]
	at java.lang.reflect.Method.invoke(Method.java:580) ~[?:?]
	at org.testng.internal.MethodInvocationHelper.invokeMethod(MethodInvocationHelper.java:124) ~[testng-6.14.3.jar:?]
	at org.testng.internal.Invoker.invokeMethod(Invoker.java:583) ~[testng-6.14.3.jar:?]
	at org.testng.internal.Invoker.invokeTestMethod(Invoker.java:719) ~[testng-6.14.3.jar:?]
	at org.testng.internal.Invoker.invokeTestMethods(Invoker.java:989) ~[testng-6.14.3.jar:?]
	at org.testng.internal.TestMethodWorker.invokeTestMethods(TestMethodWorker.java:125) ~[testng-6.14.3.jar:?]
	at org.testng.internal.TestMethodWorker.run(TestMethodWorker.java:109) ~[testng-6.14.3.jar:?]
	at org.testng.TestRunner.privateRun(TestRunner.java:648) ~[testng-6.14.3.jar:?]
	at org.testng.TestRunner.run(TestRunner.java:505) ~[testng-6.14.3.jar:?]
	at org.testng.SuiteRunner.runTest(SuiteRunner.java:455) ~[testng-6.14.3.jar:?]
	at org.testng.SuiteRunner.runSequentially(SuiteRunner.java:450) ~[testng-6.14.3.jar:?]
	at org.testng.SuiteRunner.privateRun(SuiteRunner.java:415) ~[testng-6.14.3.jar:?]
	at org.testng.SuiteRunner.run(SuiteRunner.java:364) ~[testng-6.14.3.jar:?]
	at org.testng.SuiteRunnerWorker.runSuite(SuiteRunnerWorker.java:52) ~[testng-6.14.3.jar:?]
	at org.testng.SuiteRunnerWorker.run(SuiteRunnerWorker.java:84) ~[testng-6.14.3.jar:?]
	at org.testng.TestNG.runSuitesSequentially(TestNG.java:1208) ~[testng-6.14.3.jar:?]
	at org.testng.TestNG.runSuitesLocally(TestNG.java:1137) ~[testng-6.14.3.jar:?]
	at org.testng.TestNG.runSuites(TestNG.java:1049) ~[testng-6.14.3.jar:?]
	at org.testng.TestNG.run(TestNG.java:1017) ~[testng-6.14.3.jar:?]
	at org.apache.maven.surefire.testng.TestNGExecutor.run(TestNGExecutor.java:308) ~[surefire-testng-3.3.0.jar:3.3.0]
	at org.apache.maven.surefire.testng.TestNGXmlTestSuite.execute(TestNGXmlTestSuite.java:71) ~[surefire-testng-3.3.0.jar:3.3.0]
	at org.apache.maven.surefire.testng.TestNGProvider.invoke(TestNGProvider.java:113) ~[surefire-testng-3.3.0.jar:3.3.0]
	at org.apache.maven.surefire.booter.ForkedBooter.runSuitesInProcess(ForkedBooter.java:385) ~[surefire-booter-3.3.0.jar:3.3.0]
	at org.apache.maven.surefire.booter.ForkedBooter.execute(ForkedBooter.java:162) ~[surefire-booter-3.3.0.jar:3.3.0]
	at org.apache.maven.surefire.booter.ForkedBooter.run(ForkedBooter.java:507) ~[surefire-booter-3.3.0.jar:3.3.0]
	at org.apache.maven.surefire.booter.ForkedBooter.main(ForkedBooter.java:495) ~[surefire-booter-3.3.0.jar:3.3.0]
17:05:54.407 [main] ERROR org.apache.poi.openxml4j.opc.PackageRelationshipCollection - Cannot convert mailto:ALPA@#$%^245234534 in a valid relationship URI-> dummy-URI used
java.net.URISyntaxException: Malformed escape pair at index 14: mailto:ALPA@#$%^245234534
	at java.net.URI$Parser.fail(URI.java:2995) ~[?:?]
	at java.net.URI$Parser.scanEscape(URI.java:3123) ~[?:?]
	at java.net.URI$Parser.scan(URI.java:3146) ~[?:?]
	at java.net.URI$Parser.checkChars(URI.java:3164) ~[?:?]
	at java.net.URI$Parser.parse(URI.java:3210) ~[?:?]
	at java.net.URI.<init>(URI.java:645) ~[?:?]
	at org.apache.poi.openxml4j.opc.PackagingURIHelper.toURI(PackagingURIHelper.java:723) ~[poi-ooxml-5.2.2.jar:5.2.2]
	at org.apache.poi.openxml4j.opc.PackageRelationshipCollection.parseRelationshipsPart(PackageRelationshipCollection.java:358) ~[poi-ooxml-5.2.2.jar:5.2.2]
	at org.apache.poi.openxml4j.opc.PackageRelationshipCollection.<init>(PackageRelationshipCollection.java:160) ~[poi-ooxml-5.2.2.jar:5.2.2]
	at org.apache.poi.openxml4j.opc.PackageRelationshipCollection.<init>(PackageRelationshipCollection.java:130) ~[poi-ooxml-5.2.2.jar:5.2.2]
	at org.apache.poi.openxml4j.opc.PackagePart.loadRelationships(PackagePart.java:565) ~[poi-ooxml-5.2.2.jar:5.2.2]
	at org.apache.poi.openxml4j.opc.OPCPackage.getParts(OPCPackage.java:745) ~[poi-ooxml-5.2.2.jar:5.2.2]
	at org.apache.poi.openxml4j.opc.OPCPackage.open(OPCPackage.java:315) ~[poi-ooxml-5.2.2.jar:5.2.2]
	at org.apache.poi.ooxml.util.PackageHelper.open(PackageHelper.java:59) ~[poi-ooxml-5.2.2.jar:5.2.2]
	at org.apache.poi.xssf.usermodel.XSSFWorkbook.<init>(XSSFWorkbook.java:289) ~[poi-ooxml-5.2.2.jar:5.2.2]
	at org.apache.poi.xssf.usermodel.XSSFWorkbook.<init>(XSSFWorkbook.java:285) ~[poi-ooxml-5.2.2.jar:5.2.2]
	at com.MOFutility.API_Excelutilities.readServiceIdFromExcel(API_Excelutilities.java:20) ~[test-classes/:?]
	at com.MOF.constants.API_URL.<clinit>(API_URL.java:251) ~[test-classes/:?]
	at com.MOFapi.MOFapi.Fetchvalid_SingleService_ValidServiceid(MOFapi.java:4891) ~[test-classes/:?]
	at jdk.internal.reflect.DirectMethodHandleAccessor.invoke(DirectMethodHandleAccessor.java:103) ~[?:?]
	at java.lang.reflect.Method.invoke(Method.java:580) ~[?:?]
	at org.testng.internal.MethodInvocationHelper.invokeMethod(MethodInvocationHelper.java:124) ~[testng-6.14.3.jar:?]
	at org.testng.internal.Invoker.invokeMethod(Invoker.java:583) ~[testng-6.14.3.jar:?]
	at org.testng.internal.Invoker.invokeTestMethod(Invoker.java:719) ~[testng-6.14.3.jar:?]
	at org.testng.internal.Invoker.invokeTestMethods(Invoker.java:989) ~[testng-6.14.3.jar:?]
	at org.testng.internal.TestMethodWorker.invokeTestMethods(TestMethodWorker.java:125) ~[testng-6.14.3.jar:?]
	at org.testng.internal.TestMethodWorker.run(TestMethodWorker.java:109) ~[testng-6.14.3.jar:?]
	at org.testng.TestRunner.privateRun(TestRunner.java:648) ~[testng-6.14.3.jar:?]
	at org.testng.TestRunner.run(TestRunner.java:505) ~[testng-6.14.3.jar:?]
	at org.testng.SuiteRunner.runTest(SuiteRunner.java:455) ~[testng-6.14.3.jar:?]
	at org.testng.SuiteRunner.runSequentially(SuiteRunner.java:450) ~[testng-6.14.3.jar:?]
	at org.testng.SuiteRunner.privateRun(SuiteRunner.java:415) ~[testng-6.14.3.jar:?]
	at org.testng.SuiteRunner.run(SuiteRunner.java:364) ~[testng-6.14.3.jar:?]
	at org.testng.SuiteRunnerWorker.runSuite(SuiteRunnerWorker.java:52) ~[testng-6.14.3.jar:?]
	at org.testng.SuiteRunnerWorker.run(SuiteRunnerWorker.java:84) ~[testng-6.14.3.jar:?]
	at org.testng.TestNG.runSuitesSequentially(TestNG.java:1208) ~[testng-6.14.3.jar:?]
	at org.testng.TestNG.runSuitesLocally(TestNG.java:1137) ~[testng-6.14.3.jar:?]
	at org.testng.TestNG.runSuites(TestNG.java:1049) ~[testng-6.14.3.jar:?]
	at org.testng.TestNG.run(TestNG.java:1017) ~[testng-6.14.3.jar:?]
	at org.apache.maven.surefire.testng.TestNGExecutor.run(TestNGExecutor.java:308) ~[surefire-testng-3.3.0.jar:3.3.0]
	at org.apache.maven.surefire.testng.TestNGXmlTestSuite.execute(TestNGXmlTestSuite.java:71) ~[surefire-testng-3.3.0.jar:3.3.0]
	at org.apache.maven.surefire.testng.TestNGProvider.invoke(TestNGProvider.java:113) ~[surefire-testng-3.3.0.jar:3.3.0]
	at org.apache.maven.surefire.booter.ForkedBooter.runSuitesInProcess(ForkedBooter.java:385) ~[surefire-booter-3.3.0.jar:3.3.0]
	at org.apache.maven.surefire.booter.ForkedBooter.execute(ForkedBooter.java:162) ~[surefire-booter-3.3.0.jar:3.3.0]
	at org.apache.maven.surefire.booter.ForkedBooter.run(ForkedBooter.java:507) ~[surefire-booter-3.3.0.jar:3.3.0]
	at org.apache.maven.surefire.booter.ForkedBooter.main(ForkedBooter.java:495) ~[surefire-booter-3.3.0.jar:3.3.0]
17:05:54.407 [main] ERROR org.apache.poi.openxml4j.opc.PackageRelationshipCollection - Cannot convert mailto:ALPHAAAAAA@@@@@!@##$$$%12344 in a valid relationship URI-> dummy-URI used
java.net.URISyntaxException: Illegal character in fragment at index 25: mailto:ALPHAAAAAA@@@@@!@##$$$%12344
	at java.net.URI$Parser.fail(URI.java:2995) ~[?:?]
	at java.net.URI$Parser.checkChars(URI.java:3166) ~[?:?]
	at java.net.URI$Parser.parse(URI.java:3210) ~[?:?]
	at java.net.URI.<init>(URI.java:645) ~[?:?]
	at org.apache.poi.openxml4j.opc.PackagingURIHelper.toURI(PackagingURIHelper.java:723) ~[poi-ooxml-5.2.2.jar:5.2.2]
	at org.apache.poi.openxml4j.opc.PackageRelationshipCollection.parseRelationshipsPart(PackageRelationshipCollection.java:358) ~[poi-ooxml-5.2.2.jar:5.2.2]
	at org.apache.poi.openxml4j.opc.PackageRelationshipCollection.<init>(PackageRelationshipCollection.java:160) ~[poi-ooxml-5.2.2.jar:5.2.2]
	at org.apache.poi.openxml4j.opc.PackageRelationshipCollection.<init>(PackageRelationshipCollection.java:130) ~[poi-ooxml-5.2.2.jar:5.2.2]
	at org.apache.poi.openxml4j.opc.PackagePart.loadRelationships(PackagePart.java:565) ~[poi-ooxml-5.2.2.jar:5.2.2]
	at org.apache.poi.openxml4j.opc.OPCPackage.getParts(OPCPackage.java:745) ~[poi-ooxml-5.2.2.jar:5.2.2]
	at org.apache.poi.openxml4j.opc.OPCPackage.open(OPCPackage.java:315) ~[poi-ooxml-5.2.2.jar:5.2.2]
	at org.apache.poi.ooxml.util.PackageHelper.open(PackageHelper.java:59) ~[poi-ooxml-5.2.2.jar:5.2.2]
	at org.apache.poi.xssf.usermodel.XSSFWorkbook.<init>(XSSFWorkbook.java:289) ~[poi-ooxml-5.2.2.jar:5.2.2]
	at org.apache.poi.xssf.usermodel.XSSFWorkbook.<init>(XSSFWorkbook.java:285) ~[poi-ooxml-5.2.2.jar:5.2.2]
	at com.MOFutility.API_Excelutilities.readServiceIdFromExcel(API_Excelutilities.java:20) ~[test-classes/:?]
	at com.MOF.constants.API_URL.<clinit>(API_URL.java:251) ~[test-classes/:?]
	at com.MOFapi.MOFapi.Fetchvalid_SingleService_ValidServiceid(MOFapi.java:4891) ~[test-classes/:?]
	at jdk.internal.reflect.DirectMethodHandleAccessor.invoke(DirectMethodHandleAccessor.java:103) ~[?:?]
	at java.lang.reflect.Method.invoke(Method.java:580) ~[?:?]
	at org.testng.internal.MethodInvocationHelper.invokeMethod(MethodInvocationHelper.java:124) ~[testng-6.14.3.jar:?]
	at org.testng.internal.Invoker.invokeMethod(Invoker.java:583) ~[testng-6.14.3.jar:?]
	at org.testng.internal.Invoker.invokeTestMethod(Invoker.java:719) ~[testng-6.14.3.jar:?]
	at org.testng.internal.Invoker.invokeTestMethods(Invoker.java:989) ~[testng-6.14.3.jar:?]
	at org.testng.internal.TestMethodWorker.invokeTestMethods(TestMethodWorker.java:125) ~[testng-6.14.3.jar:?]
	at org.testng.internal.TestMethodWorker.run(TestMethodWorker.java:109) ~[testng-6.14.3.jar:?]
	at org.testng.TestRunner.privateRun(TestRunner.java:648) ~[testng-6.14.3.jar:?]
	at org.testng.TestRunner.run(TestRunner.java:505) ~[testng-6.14.3.jar:?]
	at org.testng.SuiteRunner.runTest(SuiteRunner.java:455) ~[testng-6.14.3.jar:?]
	at org.testng.SuiteRunner.runSequentially(SuiteRunner.java:450) ~[testng-6.14.3.jar:?]
	at org.testng.SuiteRunner.privateRun(SuiteRunner.java:415) ~[testng-6.14.3.jar:?]
	at org.testng.SuiteRunner.run(SuiteRunner.java:364) ~[testng-6.14.3.jar:?]
	at org.testng.SuiteRunnerWorker.runSuite(SuiteRunnerWorker.java:52) ~[testng-6.14.3.jar:?]
	at org.testng.SuiteRunnerWorker.run(SuiteRunnerWorker.java:84) ~[testng-6.14.3.jar:?]
	at org.testng.TestNG.runSuitesSequentially(TestNG.java:1208) ~[testng-6.14.3.jar:?]
	at org.testng.TestNG.runSuitesLocally(TestNG.java:1137) ~[testng-6.14.3.jar:?]
	at org.testng.TestNG.runSuites(TestNG.java:1049) ~[testng-6.14.3.jar:?]
	at org.testng.TestNG.run(TestNG.java:1017) ~[testng-6.14.3.jar:?]
	at org.apache.maven.surefire.testng.TestNGExecutor.run(TestNGExecutor.java:308) ~[surefire-testng-3.3.0.jar:3.3.0]
	at org.apache.maven.surefire.testng.TestNGXmlTestSuite.execute(TestNGXmlTestSuite.java:71) ~[surefire-testng-3.3.0.jar:3.3.0]
	at org.apache.maven.surefire.testng.TestNGProvider.invoke(TestNGProvider.java:113) ~[surefire-testng-3.3.0.jar:3.3.0]
	at org.apache.maven.surefire.booter.ForkedBooter.runSuitesInProcess(ForkedBooter.java:385) ~[surefire-booter-3.3.0.jar:3.3.0]
	at org.apache.maven.surefire.booter.ForkedBooter.execute(ForkedBooter.java:162) ~[surefire-booter-3.3.0.jar:3.3.0]
	at org.apache.maven.surefire.booter.ForkedBooter.run(ForkedBooter.java:507) ~[surefire-booter-3.3.0.jar:3.3.0]
	at org.apache.maven.surefire.booter.ForkedBooter.main(ForkedBooter.java:495) ~[surefire-booter-3.3.0.jar:3.3.0]
17:05:54.408 [main] ERROR org.apache.poi.openxml4j.opc.PackageRelationshipCollection - Cannot convert mailto:2343456378912@#&^*gvadhfbjnf in a valid relationship URI-> dummy-URI used
java.net.URISyntaxException: Illegal character in fragment at index 23: mailto:2343456378912@#&^*gvadhfbjnf
	at java.net.URI$Parser.fail(URI.java:2995) ~[?:?]
	at java.net.URI$Parser.checkChars(URI.java:3166) ~[?:?]
	at java.net.URI$Parser.parse(URI.java:3210) ~[?:?]
	at java.net.URI.<init>(URI.java:645) ~[?:?]
	at org.apache.poi.openxml4j.opc.PackagingURIHelper.toURI(PackagingURIHelper.java:723) ~[poi-ooxml-5.2.2.jar:5.2.2]
	at org.apache.poi.openxml4j.opc.PackageRelationshipCollection.parseRelationshipsPart(PackageRelationshipCollection.java:358) ~[poi-ooxml-5.2.2.jar:5.2.2]
	at org.apache.poi.openxml4j.opc.PackageRelationshipCollection.<init>(PackageRelationshipCollection.java:160) ~[poi-ooxml-5.2.2.jar:5.2.2]
	at org.apache.poi.openxml4j.opc.PackageRelationshipCollection.<init>(PackageRelationshipCollection.java:130) ~[poi-ooxml-5.2.2.jar:5.2.2]
	at org.apache.poi.openxml4j.opc.PackagePart.loadRelationships(PackagePart.java:565) ~[poi-ooxml-5.2.2.jar:5.2.2]
	at org.apache.poi.openxml4j.opc.OPCPackage.getParts(OPCPackage.java:745) ~[poi-ooxml-5.2.2.jar:5.2.2]
	at org.apache.poi.openxml4j.opc.OPCPackage.open(OPCPackage.java:315) ~[poi-ooxml-5.2.2.jar:5.2.2]
	at org.apache.poi.ooxml.util.PackageHelper.open(PackageHelper.java:59) ~[poi-ooxml-5.2.2.jar:5.2.2]
	at org.apache.poi.xssf.usermodel.XSSFWorkbook.<init>(XSSFWorkbook.java:289) ~[poi-ooxml-5.2.2.jar:5.2.2]
	at org.apache.poi.xssf.usermodel.XSSFWorkbook.<init>(XSSFWorkbook.java:285) ~[poi-ooxml-5.2.2.jar:5.2.2]
	at com.MOFutility.API_Excelutilities.readServiceIdFromExcel(API_Excelutilities.java:20) ~[test-classes/:?]
	at com.MOF.constants.API_URL.<clinit>(API_URL.java:251) ~[test-classes/:?]
	at com.MOFapi.MOFapi.Fetchvalid_SingleService_ValidServiceid(MOFapi.java:4891) ~[test-classes/:?]
	at jdk.internal.reflect.DirectMethodHandleAccessor.invoke(DirectMethodHandleAccessor.java:103) ~[?:?]
	at java.lang.reflect.Method.invoke(Method.java:580) ~[?:?]
	at org.testng.internal.MethodInvocationHelper.invokeMethod(MethodInvocationHelper.java:124) ~[testng-6.14.3.jar:?]
	at org.testng.internal.Invoker.invokeMethod(Invoker.java:583) ~[testng-6.14.3.jar:?]
	at org.testng.internal.Invoker.invokeTestMethod(Invoker.java:719) ~[testng-6.14.3.jar:?]
	at org.testng.internal.Invoker.invokeTestMethods(Invoker.java:989) ~[testng-6.14.3.jar:?]
	at org.testng.internal.TestMethodWorker.invokeTestMethods(TestMethodWorker.java:125) ~[testng-6.14.3.jar:?]
	at org.testng.internal.TestMethodWorker.run(TestMethodWorker.java:109) ~[testng-6.14.3.jar:?]
	at org.testng.TestRunner.privateRun(TestRunner.java:648) ~[testng-6.14.3.jar:?]
	at org.testng.TestRunner.run(TestRunner.java:505) ~[testng-6.14.3.jar:?]
	at org.testng.SuiteRunner.runTest(SuiteRunner.java:455) ~[testng-6.14.3.jar:?]
	at org.testng.SuiteRunner.runSequentially(SuiteRunner.java:450) ~[testng-6.14.3.jar:?]
	at org.testng.SuiteRunner.privateRun(SuiteRunner.java:415) ~[testng-6.14.3.jar:?]
	at org.testng.SuiteRunner.run(SuiteRunner.java:364) ~[testng-6.14.3.jar:?]
	at org.testng.SuiteRunnerWorker.runSuite(SuiteRunnerWorker.java:52) ~[testng-6.14.3.jar:?]
	at org.testng.SuiteRunnerWorker.run(SuiteRunnerWorker.java:84) ~[testng-6.14.3.jar:?]
	at org.testng.TestNG.runSuitesSequentially(TestNG.java:1208) ~[testng-6.14.3.jar:?]
	at org.testng.TestNG.runSuitesLocally(TestNG.java:1137) ~[testng-6.14.3.jar:?]
	at org.testng.TestNG.runSuites(TestNG.java:1049) ~[testng-6.14.3.jar:?]
	at org.testng.TestNG.run(TestNG.java:1017) ~[testng-6.14.3.jar:?]
	at org.apache.maven.surefire.testng.TestNGExecutor.run(TestNGExecutor.java:308) ~[surefire-testng-3.3.0.jar:3.3.0]
	at org.apache.maven.surefire.testng.TestNGXmlTestSuite.execute(TestNGXmlTestSuite.java:71) ~[surefire-testng-3.3.0.jar:3.3.0]
	at org.apache.maven.surefire.testng.TestNGProvider.invoke(TestNGProvider.java:113) ~[surefire-testng-3.3.0.jar:3.3.0]
	at org.apache.maven.surefire.booter.ForkedBooter.runSuitesInProcess(ForkedBooter.java:385) ~[surefire-booter-3.3.0.jar:3.3.0]
	at org.apache.maven.surefire.booter.ForkedBooter.execute(ForkedBooter.java:162) ~[surefire-booter-3.3.0.jar:3.3.0]
	at org.apache.maven.surefire.booter.ForkedBooter.run(ForkedBooter.java:507) ~[surefire-booter-3.3.0.jar:3.3.0]
	at org.apache.maven.surefire.booter.ForkedBooter.main(ForkedBooter.java:495) ~[surefire-booter-3.3.0.jar:3.3.0]
17:05:54.433 [main] ERROR org.apache.poi.openxml4j.opc.PackageRelationshipCollection - Cannot convert mailto:ALPA@#$%^245234534 in a valid relationship URI-> dummy-URI used
java.net.URISyntaxException: Malformed escape pair at index 14: mailto:ALPA@#$%^245234534
	at java.net.URI$Parser.fail(URI.java:2995) ~[?:?]
	at java.net.URI$Parser.scanEscape(URI.java:3123) ~[?:?]
	at java.net.URI$Parser.scan(URI.java:3146) ~[?:?]
	at java.net.URI$Parser.checkChars(URI.java:3164) ~[?:?]
	at java.net.URI$Parser.parse(URI.java:3210) ~[?:?]
	at java.net.URI.<init>(URI.java:645) ~[?:?]
	at org.apache.poi.openxml4j.opc.PackagingURIHelper.toURI(PackagingURIHelper.java:723) ~[poi-ooxml-5.2.2.jar:5.2.2]
	at org.apache.poi.openxml4j.opc.PackageRelationshipCollection.parseRelationshipsPart(PackageRelationshipCollection.java:358) ~[poi-ooxml-5.2.2.jar:5.2.2]
	at org.apache.poi.openxml4j.opc.PackageRelationshipCollection.<init>(PackageRelationshipCollection.java:160) ~[poi-ooxml-5.2.2.jar:5.2.2]
	at org.apache.poi.openxml4j.opc.PackageRelationshipCollection.<init>(PackageRelationshipCollection.java:130) ~[poi-ooxml-5.2.2.jar:5.2.2]
	at org.apache.poi.openxml4j.opc.PackagePart.loadRelationships(PackagePart.java:565) ~[poi-ooxml-5.2.2.jar:5.2.2]
	at org.apache.poi.openxml4j.opc.OPCPackage.getParts(OPCPackage.java:745) ~[poi-ooxml-5.2.2.jar:5.2.2]
	at org.apache.poi.openxml4j.opc.OPCPackage.open(OPCPackage.java:315) ~[poi-ooxml-5.2.2.jar:5.2.2]
	at org.apache.poi.ooxml.util.PackageHelper.open(PackageHelper.java:59) ~[poi-ooxml-5.2.2.jar:5.2.2]
	at org.apache.poi.xssf.usermodel.XSSFWorkbook.<init>(XSSFWorkbook.java:289) ~[poi-ooxml-5.2.2.jar:5.2.2]
	at org.apache.poi.xssf.usermodel.XSSFWorkbook.<init>(XSSFWorkbook.java:285) ~[poi-ooxml-5.2.2.jar:5.2.2]
	at com.MOFutility.API_Excelutilities.readServiceIdFromExcel(API_Excelutilities.java:20) ~[test-classes/:?]
	at com.MOF.constants.API_URL.<clinit>(API_URL.java:252) ~[test-classes/:?]
	at com.MOFapi.MOFapi.Fetchvalid_SingleService_ValidServiceid(MOFapi.java:4891) ~[test-classes/:?]
	at jdk.internal.reflect.DirectMethodHandleAccessor.invoke(DirectMethodHandleAccessor.java:103) ~[?:?]
	at java.lang.reflect.Method.invoke(Method.java:580) ~[?:?]
	at org.testng.internal.MethodInvocationHelper.invokeMethod(MethodInvocationHelper.java:124) ~[testng-6.14.3.jar:?]
	at org.testng.internal.Invoker.invokeMethod(Invoker.java:583) ~[testng-6.14.3.jar:?]
	at org.testng.internal.Invoker.invokeTestMethod(Invoker.java:719) ~[testng-6.14.3.jar:?]
	at org.testng.internal.Invoker.invokeTestMethods(Invoker.java:989) ~[testng-6.14.3.jar:?]
	at org.testng.internal.TestMethodWorker.invokeTestMethods(TestMethodWorker.java:125) ~[testng-6.14.3.jar:?]
	at org.testng.internal.TestMethodWorker.run(TestMethodWorker.java:109) ~[testng-6.14.3.jar:?]
	at org.testng.TestRunner.privateRun(TestRunner.java:648) ~[testng-6.14.3.jar:?]
	at org.testng.TestRunner.run(TestRunner.java:505) ~[testng-6.14.3.jar:?]
	at org.testng.SuiteRunner.runTest(SuiteRunner.java:455) ~[testng-6.14.3.jar:?]
	at org.testng.SuiteRunner.runSequentially(SuiteRunner.java:450) ~[testng-6.14.3.jar:?]
	at org.testng.SuiteRunner.privateRun(SuiteRunner.java:415) ~[testng-6.14.3.jar:?]
	at org.testng.SuiteRunner.run(SuiteRunner.java:364) ~[testng-6.14.3.jar:?]
	at org.testng.SuiteRunnerWorker.runSuite(SuiteRunnerWorker.java:52) ~[testng-6.14.3.jar:?]
	at org.testng.SuiteRunnerWorker.run(SuiteRunnerWorker.java:84) ~[testng-6.14.3.jar:?]
	at org.testng.TestNG.runSuitesSequentially(TestNG.java:1208) ~[testng-6.14.3.jar:?]
	at org.testng.TestNG.runSuitesLocally(TestNG.java:1137) ~[testng-6.14.3.jar:?]
	at org.testng.TestNG.runSuites(TestNG.java:1049) ~[testng-6.14.3.jar:?]
	at org.testng.TestNG.run(TestNG.java:1017) ~[testng-6.14.3.jar:?]
	at org.apache.maven.surefire.testng.TestNGExecutor.run(TestNGExecutor.java:308) ~[surefire-testng-3.3.0.jar:3.3.0]
	at org.apache.maven.surefire.testng.TestNGXmlTestSuite.execute(TestNGXmlTestSuite.java:71) ~[surefire-testng-3.3.0.jar:3.3.0]
	at org.apache.maven.surefire.testng.TestNGProvider.invoke(TestNGProvider.java:113) ~[surefire-testng-3.3.0.jar:3.3.0]
	at org.apache.maven.surefire.booter.ForkedBooter.runSuitesInProcess(ForkedBooter.java:385) ~[surefire-booter-3.3.0.jar:3.3.0]
	at org.apache.maven.surefire.booter.ForkedBooter.execute(ForkedBooter.java:162) ~[surefire-booter-3.3.0.jar:3.3.0]
	at org.apache.maven.surefire.booter.ForkedBooter.run(ForkedBooter.java:507) ~[surefire-booter-3.3.0.jar:3.3.0]
	at org.apache.maven.surefire.booter.ForkedBooter.main(ForkedBooter.java:495) ~[surefire-booter-3.3.0.jar:3.3.0]
17:05:54.434 [main] ERROR org.apache.poi.openxml4j.opc.PackageRelationshipCollection - Cannot convert mailto:ALPHAAAAAA@@@@@!@##$$$%12344 in a valid relationship URI-> dummy-URI used
java.net.URISyntaxException: Illegal character in fragment at index 25: mailto:ALPHAAAAAA@@@@@!@##$$$%12344
	at java.net.URI$Parser.fail(URI.java:2995) ~[?:?]
	at java.net.URI$Parser.checkChars(URI.java:3166) ~[?:?]
	at java.net.URI$Parser.parse(URI.java:3210) ~[?:?]
	at java.net.URI.<init>(URI.java:645) ~[?:?]
	at org.apache.poi.openxml4j.opc.PackagingURIHelper.toURI(PackagingURIHelper.java:723) ~[poi-ooxml-5.2.2.jar:5.2.2]
	at org.apache.poi.openxml4j.opc.PackageRelationshipCollection.parseRelationshipsPart(PackageRelationshipCollection.java:358) ~[poi-ooxml-5.2.2.jar:5.2.2]
	at org.apache.poi.openxml4j.opc.PackageRelationshipCollection.<init>(PackageRelationshipCollection.java:160) ~[poi-ooxml-5.2.2.jar:5.2.2]
	at org.apache.poi.openxml4j.opc.PackageRelationshipCollection.<init>(PackageRelationshipCollection.java:130) ~[poi-ooxml-5.2.2.jar:5.2.2]
	at org.apache.poi.openxml4j.opc.PackagePart.loadRelationships(PackagePart.java:565) ~[poi-ooxml-5.2.2.jar:5.2.2]
	at org.apache.poi.openxml4j.opc.OPCPackage.getParts(OPCPackage.java:745) ~[poi-ooxml-5.2.2.jar:5.2.2]
	at org.apache.poi.openxml4j.opc.OPCPackage.open(OPCPackage.java:315) ~[poi-ooxml-5.2.2.jar:5.2.2]
	at org.apache.poi.ooxml.util.PackageHelper.open(PackageHelper.java:59) ~[poi-ooxml-5.2.2.jar:5.2.2]
	at org.apache.poi.xssf.usermodel.XSSFWorkbook.<init>(XSSFWorkbook.java:289) ~[poi-ooxml-5.2.2.jar:5.2.2]
	at org.apache.poi.xssf.usermodel.XSSFWorkbook.<init>(XSSFWorkbook.java:285) ~[poi-ooxml-5.2.2.jar:5.2.2]
	at com.MOFutility.API_Excelutilities.readServiceIdFromExcel(API_Excelutilities.java:20) ~[test-classes/:?]
	at com.MOF.constants.API_URL.<clinit>(API_URL.java:252) ~[test-classes/:?]
	at com.MOFapi.MOFapi.Fetchvalid_SingleService_ValidServiceid(MOFapi.java:4891) ~[test-classes/:?]
	at jdk.internal.reflect.DirectMethodHandleAccessor.invoke(DirectMethodHandleAccessor.java:103) ~[?:?]
	at java.lang.reflect.Method.invoke(Method.java:580) ~[?:?]
	at org.testng.internal.MethodInvocationHelper.invokeMethod(MethodInvocationHelper.java:124) ~[testng-6.14.3.jar:?]
	at org.testng.internal.Invoker.invokeMethod(Invoker.java:583) ~[testng-6.14.3.jar:?]
	at org.testng.internal.Invoker.invokeTestMethod(Invoker.java:719) ~[testng-6.14.3.jar:?]
	at org.testng.internal.Invoker.invokeTestMethods(Invoker.java:989) ~[testng-6.14.3.jar:?]
	at org.testng.internal.TestMethodWorker.invokeTestMethods(TestMethodWorker.java:125) ~[testng-6.14.3.jar:?]
	at org.testng.internal.TestMethodWorker.run(TestMethodWorker.java:109) ~[testng-6.14.3.jar:?]
	at org.testng.TestRunner.privateRun(TestRunner.java:648) ~[testng-6.14.3.jar:?]
	at org.testng.TestRunner.run(TestRunner.java:505) ~[testng-6.14.3.jar:?]
	at org.testng.SuiteRunner.runTest(SuiteRunner.java:455) ~[testng-6.14.3.jar:?]
	at org.testng.SuiteRunner.runSequentially(SuiteRunner.java:450) ~[testng-6.14.3.jar:?]
	at org.testng.SuiteRunner.privateRun(SuiteRunner.java:415) ~[testng-6.14.3.jar:?]
	at org.testng.SuiteRunner.run(SuiteRunner.java:364) ~[testng-6.14.3.jar:?]
	at org.testng.SuiteRunnerWorker.runSuite(SuiteRunnerWorker.java:52) ~[testng-6.14.3.jar:?]
	at org.testng.SuiteRunnerWorker.run(SuiteRunnerWorker.java:84) ~[testng-6.14.3.jar:?]
	at org.testng.TestNG.runSuitesSequentially(TestNG.java:1208) ~[testng-6.14.3.jar:?]
	at org.testng.TestNG.runSuitesLocally(TestNG.java:1137) ~[testng-6.14.3.jar:?]
	at org.testng.TestNG.runSuites(TestNG.java:1049) ~[testng-6.14.3.jar:?]
	at org.testng.TestNG.run(TestNG.java:1017) ~[testng-6.14.3.jar:?]
	at org.apache.maven.surefire.testng.TestNGExecutor.run(TestNGExecutor.java:308) ~[surefire-testng-3.3.0.jar:3.3.0]
	at org.apache.maven.surefire.testng.TestNGXmlTestSuite.execute(TestNGXmlTestSuite.java:71) ~[surefire-testng-3.3.0.jar:3.3.0]
	at org.apache.maven.surefire.testng.TestNGProvider.invoke(TestNGProvider.java:113) ~[surefire-testng-3.3.0.jar:3.3.0]
	at org.apache.maven.surefire.booter.ForkedBooter.runSuitesInProcess(ForkedBooter.java:385) ~[surefire-booter-3.3.0.jar:3.3.0]
	at org.apache.maven.surefire.booter.ForkedBooter.execute(ForkedBooter.java:162) ~[surefire-booter-3.3.0.jar:3.3.0]
	at org.apache.maven.surefire.booter.ForkedBooter.run(ForkedBooter.java:507) ~[surefire-booter-3.3.0.jar:3.3.0]
	at org.apache.maven.surefire.booter.ForkedBooter.main(ForkedBooter.java:495) ~[surefire-booter-3.3.0.jar:3.3.0]
17:05:54.435 [main] ERROR org.apache.poi.openxml4j.opc.PackageRelationshipCollection - Cannot convert mailto:2343456378912@#&^*gvadhfbjnf in a valid relationship URI-> dummy-URI used
java.net.URISyntaxException: Illegal character in fragment at index 23: mailto:2343456378912@#&^*gvadhfbjnf
	at java.net.URI$Parser.fail(URI.java:2995) ~[?:?]
	at java.net.URI$Parser.checkChars(URI.java:3166) ~[?:?]
	at java.net.URI$Parser.parse(URI.java:3210) ~[?:?]
	at java.net.URI.<init>(URI.java:645) ~[?:?]
	at org.apache.poi.openxml4j.opc.PackagingURIHelper.toURI(PackagingURIHelper.java:723) ~[poi-ooxml-5.2.2.jar:5.2.2]
	at org.apache.poi.openxml4j.opc.PackageRelationshipCollection.parseRelationshipsPart(PackageRelationshipCollection.java:358) ~[poi-ooxml-5.2.2.jar:5.2.2]
	at org.apache.poi.openxml4j.opc.PackageRelationshipCollection.<init>(PackageRelationshipCollection.java:160) ~[poi-ooxml-5.2.2.jar:5.2.2]
	at org.apache.poi.openxml4j.opc.PackageRelationshipCollection.<init>(PackageRelationshipCollection.java:130) ~[poi-ooxml-5.2.2.jar:5.2.2]
	at org.apache.poi.openxml4j.opc.PackagePart.loadRelationships(PackagePart.java:565) ~[poi-ooxml-5.2.2.jar:5.2.2]
	at org.apache.poi.openxml4j.opc.OPCPackage.getParts(OPCPackage.java:745) ~[poi-ooxml-5.2.2.jar:5.2.2]
	at org.apache.poi.openxml4j.opc.OPCPackage.open(OPCPackage.java:315) ~[poi-ooxml-5.2.2.jar:5.2.2]
	at org.apache.poi.ooxml.util.PackageHelper.open(PackageHelper.java:59) ~[poi-ooxml-5.2.2.jar:5.2.2]
	at org.apache.poi.xssf.usermodel.XSSFWorkbook.<init>(XSSFWorkbook.java:289) ~[poi-ooxml-5.2.2.jar:5.2.2]
	at org.apache.poi.xssf.usermodel.XSSFWorkbook.<init>(XSSFWorkbook.java:285) ~[poi-ooxml-5.2.2.jar:5.2.2]
	at com.MOFutility.API_Excelutilities.readServiceIdFromExcel(API_Excelutilities.java:20) ~[test-classes/:?]
	at com.MOF.constants.API_URL.<clinit>(API_URL.java:252) ~[test-classes/:?]
	at com.MOFapi.MOFapi.Fetchvalid_SingleService_ValidServiceid(MOFapi.java:4891) ~[test-classes/:?]
	at jdk.internal.reflect.DirectMethodHandleAccessor.invoke(DirectMethodHandleAccessor.java:103) ~[?:?]
	at java.lang.reflect.Method.invoke(Method.java:580) ~[?:?]
	at org.testng.internal.MethodInvocationHelper.invokeMethod(MethodInvocationHelper.java:124) ~[testng-6.14.3.jar:?]
	at org.testng.internal.Invoker.invokeMethod(Invoker.java:583) ~[testng-6.14.3.jar:?]
	at org.testng.internal.Invoker.invokeTestMethod(Invoker.java:719) ~[testng-6.14.3.jar:?]
	at org.testng.internal.Invoker.invokeTestMethods(Invoker.java:989) ~[testng-6.14.3.jar:?]
	at org.testng.internal.TestMethodWorker.invokeTestMethods(TestMethodWorker.java:125) ~[testng-6.14.3.jar:?]
	at org.testng.internal.TestMethodWorker.run(TestMethodWorker.java:109) ~[testng-6.14.3.jar:?]
	at org.testng.TestRunner.privateRun(TestRunner.java:648) ~[testng-6.14.3.jar:?]
	at org.testng.TestRunner.run(TestRunner.java:505) ~[testng-6.14.3.jar:?]
	at org.testng.SuiteRunner.runTest(SuiteRunner.java:455) ~[testng-6.14.3.jar:?]
	at org.testng.SuiteRunner.runSequentially(SuiteRunner.java:450) ~[testng-6.14.3.jar:?]
	at org.testng.SuiteRunner.privateRun(SuiteRunner.java:415) ~[testng-6.14.3.jar:?]
	at org.testng.SuiteRunner.run(SuiteRunner.java:364) ~[testng-6.14.3.jar:?]
	at org.testng.SuiteRunnerWorker.runSuite(SuiteRunnerWorker.java:52) ~[testng-6.14.3.jar:?]
	at org.testng.SuiteRunnerWorker.run(SuiteRunnerWorker.java:84) ~[testng-6.14.3.jar:?]
	at org.testng.TestNG.runSuitesSequentially(TestNG.java:1208) ~[testng-6.14.3.jar:?]
	at org.testng.TestNG.runSuitesLocally(TestNG.java:1137) ~[testng-6.14.3.jar:?]
	at org.testng.TestNG.runSuites(TestNG.java:1049) ~[testng-6.14.3.jar:?]
	at org.testng.TestNG.run(TestNG.java:1017) ~[testng-6.14.3.jar:?]
	at org.apache.maven.surefire.testng.TestNGExecutor.run(TestNGExecutor.java:308) ~[surefire-testng-3.3.0.jar:3.3.0]
	at org.apache.maven.surefire.testng.TestNGXmlTestSuite.execute(TestNGXmlTestSuite.java:71) ~[surefire-testng-3.3.0.jar:3.3.0]
	at org.apache.maven.surefire.testng.TestNGProvider.invoke(TestNGProvider.java:113) ~[surefire-testng-3.3.0.jar:3.3.0]
	at org.apache.maven.surefire.booter.ForkedBooter.runSuitesInProcess(ForkedBooter.java:385) ~[surefire-booter-3.3.0.jar:3.3.0]
	at org.apache.maven.surefire.booter.ForkedBooter.execute(ForkedBooter.java:162) ~[surefire-booter-3.3.0.jar:3.3.0]
	at org.apache.maven.surefire.booter.ForkedBooter.run(ForkedBooter.java:507) ~[surefire-booter-3.3.0.jar:3.3.0]
	at org.apache.maven.surefire.booter.ForkedBooter.main(ForkedBooter.java:495) ~[surefire-booter-3.3.0.jar:3.3.0]
17:05:54.456 [main] ERROR org.apache.poi.openxml4j.opc.PackageRelationshipCollection - Cannot convert mailto:ALPA@#$%^245234534 in a valid relationship URI-> dummy-URI used
java.net.URISyntaxException: Malformed escape pair at index 14: mailto:ALPA@#$%^245234534
	at java.net.URI$Parser.fail(URI.java:2995) ~[?:?]
	at java.net.URI$Parser.scanEscape(URI.java:3123) ~[?:?]
	at java.net.URI$Parser.scan(URI.java:3146) ~[?:?]
	at java.net.URI$Parser.checkChars(URI.java:3164) ~[?:?]
	at java.net.URI$Parser.parse(URI.java:3210) ~[?:?]
	at java.net.URI.<init>(URI.java:645) ~[?:?]
	at org.apache.poi.openxml4j.opc.PackagingURIHelper.toURI(PackagingURIHelper.java:723) ~[poi-ooxml-5.2.2.jar:5.2.2]
	at org.apache.poi.openxml4j.opc.PackageRelationshipCollection.parseRelationshipsPart(PackageRelationshipCollection.java:358) ~[poi-ooxml-5.2.2.jar:5.2.2]
	at org.apache.poi.openxml4j.opc.PackageRelationshipCollection.<init>(PackageRelationshipCollection.java:160) ~[poi-ooxml-5.2.2.jar:5.2.2]
	at org.apache.poi.openxml4j.opc.PackageRelationshipCollection.<init>(PackageRelationshipCollection.java:130) ~[poi-ooxml-5.2.2.jar:5.2.2]
	at org.apache.poi.openxml4j.opc.PackagePart.loadRelationships(PackagePart.java:565) ~[poi-ooxml-5.2.2.jar:5.2.2]
	at org.apache.poi.openxml4j.opc.OPCPackage.getParts(OPCPackage.java:745) ~[poi-ooxml-5.2.2.jar:5.2.2]
	at org.apache.poi.openxml4j.opc.OPCPackage.open(OPCPackage.java:315) ~[poi-ooxml-5.2.2.jar:5.2.2]
	at org.apache.poi.ooxml.util.PackageHelper.open(PackageHelper.java:59) ~[poi-ooxml-5.2.2.jar:5.2.2]
	at org.apache.poi.xssf.usermodel.XSSFWorkbook.<init>(XSSFWorkbook.java:289) ~[poi-ooxml-5.2.2.jar:5.2.2]
	at org.apache.poi.xssf.usermodel.XSSFWorkbook.<init>(XSSFWorkbook.java:285) ~[poi-ooxml-5.2.2.jar:5.2.2]
	at com.MOFutility.API_Excelutilities.readServiceIdFromExcel(API_Excelutilities.java:20) ~[test-classes/:?]
	at com.MOF.constants.API_URL.<clinit>(API_URL.java:253) ~[test-classes/:?]
	at com.MOFapi.MOFapi.Fetchvalid_SingleService_ValidServiceid(MOFapi.java:4891) ~[test-classes/:?]
	at jdk.internal.reflect.DirectMethodHandleAccessor.invoke(DirectMethodHandleAccessor.java:103) ~[?:?]
	at java.lang.reflect.Method.invoke(Method.java:580) ~[?:?]
	at org.testng.internal.MethodInvocationHelper.invokeMethod(MethodInvocationHelper.java:124) ~[testng-6.14.3.jar:?]
	at org.testng.internal.Invoker.invokeMethod(Invoker.java:583) ~[testng-6.14.3.jar:?]
	at org.testng.internal.Invoker.invokeTestMethod(Invoker.java:719) ~[testng-6.14.3.jar:?]
	at org.testng.internal.Invoker.invokeTestMethods(Invoker.java:989) ~[testng-6.14.3.jar:?]
	at org.testng.internal.TestMethodWorker.invokeTestMethods(TestMethodWorker.java:125) ~[testng-6.14.3.jar:?]
	at org.testng.internal.TestMethodWorker.run(TestMethodWorker.java:109) ~[testng-6.14.3.jar:?]
	at org.testng.TestRunner.privateRun(TestRunner.java:648) ~[testng-6.14.3.jar:?]
	at org.testng.TestRunner.run(TestRunner.java:505) ~[testng-6.14.3.jar:?]
	at org.testng.SuiteRunner.runTest(SuiteRunner.java:455) ~[testng-6.14.3.jar:?]
	at org.testng.SuiteRunner.runSequentially(SuiteRunner.java:450) ~[testng-6.14.3.jar:?]
	at org.testng.SuiteRunner.privateRun(SuiteRunner.java:415) ~[testng-6.14.3.jar:?]
	at org.testng.SuiteRunner.run(SuiteRunner.java:364) ~[testng-6.14.3.jar:?]
	at org.testng.SuiteRunnerWorker.runSuite(SuiteRunnerWorker.java:52) ~[testng-6.14.3.jar:?]
	at org.testng.SuiteRunnerWorker.run(SuiteRunnerWorker.java:84) ~[testng-6.14.3.jar:?]
	at org.testng.TestNG.runSuitesSequentially(TestNG.java:1208) ~[testng-6.14.3.jar:?]
	at org.testng.TestNG.runSuitesLocally(TestNG.java:1137) ~[testng-6.14.3.jar:?]
	at org.testng.TestNG.runSuites(TestNG.java:1049) ~[testng-6.14.3.jar:?]
	at org.testng.TestNG.run(TestNG.java:1017) ~[testng-6.14.3.jar:?]
	at org.apache.maven.surefire.testng.TestNGExecutor.run(TestNGExecutor.java:308) ~[surefire-testng-3.3.0.jar:3.3.0]
	at org.apache.maven.surefire.testng.TestNGXmlTestSuite.execute(TestNGXmlTestSuite.java:71) ~[surefire-testng-3.3.0.jar:3.3.0]
	at org.apache.maven.surefire.testng.TestNGProvider.invoke(TestNGProvider.java:113) ~[surefire-testng-3.3.0.jar:3.3.0]
	at org.apache.maven.surefire.booter.ForkedBooter.runSuitesInProcess(ForkedBooter.java:385) ~[surefire-booter-3.3.0.jar:3.3.0]
	at org.apache.maven.surefire.booter.ForkedBooter.execute(ForkedBooter.java:162) ~[surefire-booter-3.3.0.jar:3.3.0]
	at org.apache.maven.surefire.booter.ForkedBooter.run(ForkedBooter.java:507) ~[surefire-booter-3.3.0.jar:3.3.0]
	at org.apache.maven.surefire.booter.ForkedBooter.main(ForkedBooter.java:495) ~[surefire-booter-3.3.0.jar:3.3.0]
17:05:54.457 [main] ERROR org.apache.poi.openxml4j.opc.PackageRelationshipCollection - Cannot convert mailto:ALPHAAAAAA@@@@@!@##$$$%12344 in a valid relationship URI-> dummy-URI used
java.net.URISyntaxException: Illegal character in fragment at index 25: mailto:ALPHAAAAAA@@@@@!@##$$$%12344
	at java.net.URI$Parser.fail(URI.java:2995) ~[?:?]
	at java.net.URI$Parser.checkChars(URI.java:3166) ~[?:?]
	at java.net.URI$Parser.parse(URI.java:3210) ~[?:?]
	at java.net.URI.<init>(URI.java:645) ~[?:?]
	at org.apache.poi.openxml4j.opc.PackagingURIHelper.toURI(PackagingURIHelper.java:723) ~[poi-ooxml-5.2.2.jar:5.2.2]
	at org.apache.poi.openxml4j.opc.PackageRelationshipCollection.parseRelationshipsPart(PackageRelationshipCollection.java:358) ~[poi-ooxml-5.2.2.jar:5.2.2]
	at org.apache.poi.openxml4j.opc.PackageRelationshipCollection.<init>(PackageRelationshipCollection.java:160) ~[poi-ooxml-5.2.2.jar:5.2.2]
	at org.apache.poi.openxml4j.opc.PackageRelationshipCollection.<init>(PackageRelationshipCollection.java:130) ~[poi-ooxml-5.2.2.jar:5.2.2]
	at org.apache.poi.openxml4j.opc.PackagePart.loadRelationships(PackagePart.java:565) ~[poi-ooxml-5.2.2.jar:5.2.2]
	at org.apache.poi.openxml4j.opc.OPCPackage.getParts(OPCPackage.java:745) ~[poi-ooxml-5.2.2.jar:5.2.2]
	at org.apache.poi.openxml4j.opc.OPCPackage.open(OPCPackage.java:315) ~[poi-ooxml-5.2.2.jar:5.2.2]
	at org.apache.poi.ooxml.util.PackageHelper.open(PackageHelper.java:59) ~[poi-ooxml-5.2.2.jar:5.2.2]
	at org.apache.poi.xssf.usermodel.XSSFWorkbook.<init>(XSSFWorkbook.java:289) ~[poi-ooxml-5.2.2.jar:5.2.2]
	at org.apache.poi.xssf.usermodel.XSSFWorkbook.<init>(XSSFWorkbook.java:285) ~[poi-ooxml-5.2.2.jar:5.2.2]
	at com.MOFutility.API_Excelutilities.readServiceIdFromExcel(API_Excelutilities.java:20) ~[test-classes/:?]
	at com.MOF.constants.API_URL.<clinit>(API_URL.java:253) ~[test-classes/:?]
	at com.MOFapi.MOFapi.Fetchvalid_SingleService_ValidServiceid(MOFapi.java:4891) ~[test-classes/:?]
	at jdk.internal.reflect.DirectMethodHandleAccessor.invoke(DirectMethodHandleAccessor.java:103) ~[?:?]
	at java.lang.reflect.Method.invoke(Method.java:580) ~[?:?]
	at org.testng.internal.MethodInvocationHelper.invokeMethod(MethodInvocationHelper.java:124) ~[testng-6.14.3.jar:?]
	at org.testng.internal.Invoker.invokeMethod(Invoker.java:583) ~[testng-6.14.3.jar:?]
	at org.testng.internal.Invoker.invokeTestMethod(Invoker.java:719) ~[testng-6.14.3.jar:?]
	at org.testng.internal.Invoker.invokeTestMethods(Invoker.java:989) ~[testng-6.14.3.jar:?]
	at org.testng.internal.TestMethodWorker.invokeTestMethods(TestMethodWorker.java:125) ~[testng-6.14.3.jar:?]
	at org.testng.internal.TestMethodWorker.run(TestMethodWorker.java:109) ~[testng-6.14.3.jar:?]
	at org.testng.TestRunner.privateRun(TestRunner.java:648) ~[testng-6.14.3.jar:?]
	at org.testng.TestRunner.run(TestRunner.java:505) ~[testng-6.14.3.jar:?]
	at org.testng.SuiteRunner.runTest(SuiteRunner.java:455) ~[testng-6.14.3.jar:?]
	at org.testng.SuiteRunner.runSequentially(SuiteRunner.java:450) ~[testng-6.14.3.jar:?]
	at org.testng.SuiteRunner.privateRun(SuiteRunner.java:415) ~[testng-6.14.3.jar:?]
	at org.testng.SuiteRunner.run(SuiteRunner.java:364) ~[testng-6.14.3.jar:?]
	at org.testng.SuiteRunnerWorker.runSuite(SuiteRunnerWorker.java:52) ~[testng-6.14.3.jar:?]
	at org.testng.SuiteRunnerWorker.run(SuiteRunnerWorker.java:84) ~[testng-6.14.3.jar:?]
	at org.testng.TestNG.runSuitesSequentially(TestNG.java:1208) ~[testng-6.14.3.jar:?]
	at org.testng.TestNG.runSuitesLocally(TestNG.java:1137) ~[testng-6.14.3.jar:?]
	at org.testng.TestNG.runSuites(TestNG.java:1049) ~[testng-6.14.3.jar:?]
	at org.testng.TestNG.run(TestNG.java:1017) ~[testng-6.14.3.jar:?]
	at org.apache.maven.surefire.testng.TestNGExecutor.run(TestNGExecutor.java:308) ~[surefire-testng-3.3.0.jar:3.3.0]
	at org.apache.maven.surefire.testng.TestNGXmlTestSuite.execute(TestNGXmlTestSuite.java:71) ~[surefire-testng-3.3.0.jar:3.3.0]
	at org.apache.maven.surefire.testng.TestNGProvider.invoke(TestNGProvider.java:113) ~[surefire-testng-3.3.0.jar:3.3.0]
	at org.apache.maven.surefire.booter.ForkedBooter.runSuitesInProcess(ForkedBooter.java:385) ~[surefire-booter-3.3.0.jar:3.3.0]
	at org.apache.maven.surefire.booter.ForkedBooter.execute(ForkedBooter.java:162) ~[surefire-booter-3.3.0.jar:3.3.0]
	at org.apache.maven.surefire.booter.ForkedBooter.run(ForkedBooter.java:507) ~[surefire-booter-3.3.0.jar:3.3.0]
	at org.apache.maven.surefire.booter.ForkedBooter.main(ForkedBooter.java:495) ~[surefire-booter-3.3.0.jar:3.3.0]
17:05:54.458 [main] ERROR org.apache.poi.openxml4j.opc.PackageRelationshipCollection - Cannot convert mailto:2343456378912@#&^*gvadhfbjnf in a valid relationship URI-> dummy-URI used
java.net.URISyntaxException: Illegal character in fragment at index 23: mailto:2343456378912@#&^*gvadhfbjnf
	at java.net.URI$Parser.fail(URI.java:2995) ~[?:?]
	at java.net.URI$Parser.checkChars(URI.java:3166) ~[?:?]
	at java.net.URI$Parser.parse(URI.java:3210) ~[?:?]
	at java.net.URI.<init>(URI.java:645) ~[?:?]
	at org.apache.poi.openxml4j.opc.PackagingURIHelper.toURI(PackagingURIHelper.java:723) ~[poi-ooxml-5.2.2.jar:5.2.2]
	at org.apache.poi.openxml4j.opc.PackageRelationshipCollection.parseRelationshipsPart(PackageRelationshipCollection.java:358) ~[poi-ooxml-5.2.2.jar:5.2.2]
	at org.apache.poi.openxml4j.opc.PackageRelationshipCollection.<init>(PackageRelationshipCollection.java:160) ~[poi-ooxml-5.2.2.jar:5.2.2]
	at org.apache.poi.openxml4j.opc.PackageRelationshipCollection.<init>(PackageRelationshipCollection.java:130) ~[poi-ooxml-5.2.2.jar:5.2.2]
	at org.apache.poi.openxml4j.opc.PackagePart.loadRelationships(PackagePart.java:565) ~[poi-ooxml-5.2.2.jar:5.2.2]
	at org.apache.poi.openxml4j.opc.OPCPackage.getParts(OPCPackage.java:745) ~[poi-ooxml-5.2.2.jar:5.2.2]
	at org.apache.poi.openxml4j.opc.OPCPackage.open(OPCPackage.java:315) ~[poi-ooxml-5.2.2.jar:5.2.2]
	at org.apache.poi.ooxml.util.PackageHelper.open(PackageHelper.java:59) ~[poi-ooxml-5.2.2.jar:5.2.2]
	at org.apache.poi.xssf.usermodel.XSSFWorkbook.<init>(XSSFWorkbook.java:289) ~[poi-ooxml-5.2.2.jar:5.2.2]
	at org.apache.poi.xssf.usermodel.XSSFWorkbook.<init>(XSSFWorkbook.java:285) ~[poi-ooxml-5.2.2.jar:5.2.2]
	at com.MOFutility.API_Excelutilities.readServiceIdFromExcel(API_Excelutilities.java:20) ~[test-classes/:?]
	at com.MOF.constants.API_URL.<clinit>(API_URL.java:253) ~[test-classes/:?]
	at com.MOFapi.MOFapi.Fetchvalid_SingleService_ValidServiceid(MOFapi.java:4891) ~[test-classes/:?]
	at jdk.internal.reflect.DirectMethodHandleAccessor.invoke(DirectMethodHandleAccessor.java:103) ~[?:?]
	at java.lang.reflect.Method.invoke(Method.java:580) ~[?:?]
	at org.testng.internal.MethodInvocationHelper.invokeMethod(MethodInvocationHelper.java:124) ~[testng-6.14.3.jar:?]
	at org.testng.internal.Invoker.invokeMethod(Invoker.java:583) ~[testng-6.14.3.jar:?]
	at org.testng.internal.Invoker.invokeTestMethod(Invoker.java:719) ~[testng-6.14.3.jar:?]
	at org.testng.internal.Invoker.invokeTestMethods(Invoker.java:989) ~[testng-6.14.3.jar:?]
	at org.testng.internal.TestMethodWorker.invokeTestMethods(TestMethodWorker.java:125) ~[testng-6.14.3.jar:?]
	at org.testng.internal.TestMethodWorker.run(TestMethodWorker.java:109) ~[testng-6.14.3.jar:?]
	at org.testng.TestRunner.privateRun(TestRunner.java:648) ~[testng-6.14.3.jar:?]
	at org.testng.TestRunner.run(TestRunner.java:505) ~[testng-6.14.3.jar:?]
	at org.testng.SuiteRunner.runTest(SuiteRunner.java:455) ~[testng-6.14.3.jar:?]
	at org.testng.SuiteRunner.runSequentially(SuiteRunner.java:450) ~[testng-6.14.3.jar:?]
	at org.testng.SuiteRunner.privateRun(SuiteRunner.java:415) ~[testng-6.14.3.jar:?]
	at org.testng.SuiteRunner.run(SuiteRunner.java:364) ~[testng-6.14.3.jar:?]
	at org.testng.SuiteRunnerWorker.runSuite(SuiteRunnerWorker.java:52) ~[testng-6.14.3.jar:?]
	at org.testng.SuiteRunnerWorker.run(SuiteRunnerWorker.java:84) ~[testng-6.14.3.jar:?]
	at org.testng.TestNG.runSuitesSequentially(TestNG.java:1208) ~[testng-6.14.3.jar:?]
	at org.testng.TestNG.runSuitesLocally(TestNG.java:1137) ~[testng-6.14.3.jar:?]
	at org.testng.TestNG.runSuites(TestNG.java:1049) ~[testng-6.14.3.jar:?]
	at org.testng.TestNG.run(TestNG.java:1017) ~[testng-6.14.3.jar:?]
	at org.apache.maven.surefire.testng.TestNGExecutor.run(TestNGExecutor.java:308) ~[surefire-testng-3.3.0.jar:3.3.0]
	at org.apache.maven.surefire.testng.TestNGXmlTestSuite.execute(TestNGXmlTestSuite.java:71) ~[surefire-testng-3.3.0.jar:3.3.0]
	at org.apache.maven.surefire.testng.TestNGProvider.invoke(TestNGProvider.java:113) ~[surefire-testng-3.3.0.jar:3.3.0]
	at org.apache.maven.surefire.booter.ForkedBooter.runSuitesInProcess(ForkedBooter.java:385) ~[surefire-booter-3.3.0.jar:3.3.0]
	at org.apache.maven.surefire.booter.ForkedBooter.execute(ForkedBooter.java:162) ~[surefire-booter-3.3.0.jar:3.3.0]
	at org.apache.maven.surefire.booter.ForkedBooter.run(ForkedBooter.java:507) ~[surefire-booter-3.3.0.jar:3.3.0]
	at org.apache.maven.surefire.booter.ForkedBooter.main(ForkedBooter.java:495) ~[surefire-booter-3.3.0.jar:3.3.0]
17:05:54.476 [main] ERROR org.apache.poi.openxml4j.opc.PackageRelationshipCollection - Cannot convert mailto:ALPA@#$%^245234534 in a valid relationship URI-> dummy-URI used
java.net.URISyntaxException: Malformed escape pair at index 14: mailto:ALPA@#$%^245234534
	at java.net.URI$Parser.fail(URI.java:2995) ~[?:?]
	at java.net.URI$Parser.scanEscape(URI.java:3123) ~[?:?]
	at java.net.URI$Parser.scan(URI.java:3146) ~[?:?]
	at java.net.URI$Parser.checkChars(URI.java:3164) ~[?:?]
	at java.net.URI$Parser.parse(URI.java:3210) ~[?:?]
	at java.net.URI.<init>(URI.java:645) ~[?:?]
	at org.apache.poi.openxml4j.opc.PackagingURIHelper.toURI(PackagingURIHelper.java:723) ~[poi-ooxml-5.2.2.jar:5.2.2]
	at org.apache.poi.openxml4j.opc.PackageRelationshipCollection.parseRelationshipsPart(PackageRelationshipCollection.java:358) ~[poi-ooxml-5.2.2.jar:5.2.2]
	at org.apache.poi.openxml4j.opc.PackageRelationshipCollection.<init>(PackageRelationshipCollection.java:160) ~[poi-ooxml-5.2.2.jar:5.2.2]
	at org.apache.poi.openxml4j.opc.PackageRelationshipCollection.<init>(PackageRelationshipCollection.java:130) ~[poi-ooxml-5.2.2.jar:5.2.2]
	at org.apache.poi.openxml4j.opc.PackagePart.loadRelationships(PackagePart.java:565) ~[poi-ooxml-5.2.2.jar:5.2.2]
	at org.apache.poi.openxml4j.opc.OPCPackage.getParts(OPCPackage.java:745) ~[poi-ooxml-5.2.2.jar:5.2.2]
	at org.apache.poi.openxml4j.opc.OPCPackage.open(OPCPackage.java:315) ~[poi-ooxml-5.2.2.jar:5.2.2]
	at org.apache.poi.ooxml.util.PackageHelper.open(PackageHelper.java:59) ~[poi-ooxml-5.2.2.jar:5.2.2]
	at org.apache.poi.xssf.usermodel.XSSFWorkbook.<init>(XSSFWorkbook.java:289) ~[poi-ooxml-5.2.2.jar:5.2.2]
	at org.apache.poi.xssf.usermodel.XSSFWorkbook.<init>(XSSFWorkbook.java:285) ~[poi-ooxml-5.2.2.jar:5.2.2]
	at com.MOFutility.API_Excelutilities.readServiceIdFromExcel(API_Excelutilities.java:20) ~[test-classes/:?]
	at com.MOF.constants.API_URL.<clinit>(API_URL.java:254) ~[test-classes/:?]
	at com.MOFapi.MOFapi.Fetchvalid_SingleService_ValidServiceid(MOFapi.java:4891) ~[test-classes/:?]
	at jdk.internal.reflect.DirectMethodHandleAccessor.invoke(DirectMethodHandleAccessor.java:103) ~[?:?]
	at java.lang.reflect.Method.invoke(Method.java:580) ~[?:?]
	at org.testng.internal.MethodInvocationHelper.invokeMethod(MethodInvocationHelper.java:124) ~[testng-6.14.3.jar:?]
	at org.testng.internal.Invoker.invokeMethod(Invoker.java:583) ~[testng-6.14.3.jar:?]
	at org.testng.internal.Invoker.invokeTestMethod(Invoker.java:719) ~[testng-6.14.3.jar:?]
	at org.testng.internal.Invoker.invokeTestMethods(Invoker.java:989) ~[testng-6.14.3.jar:?]
	at org.testng.internal.TestMethodWorker.invokeTestMethods(TestMethodWorker.java:125) ~[testng-6.14.3.jar:?]
	at org.testng.internal.TestMethodWorker.run(TestMethodWorker.java:109) ~[testng-6.14.3.jar:?]
	at org.testng.TestRunner.privateRun(TestRunner.java:648) ~[testng-6.14.3.jar:?]
	at org.testng.TestRunner.run(TestRunner.java:505) ~[testng-6.14.3.jar:?]
	at org.testng.SuiteRunner.runTest(SuiteRunner.java:455) ~[testng-6.14.3.jar:?]
	at org.testng.SuiteRunner.runSequentially(SuiteRunner.java:450) ~[testng-6.14.3.jar:?]
	at org.testng.SuiteRunner.privateRun(SuiteRunner.java:415) ~[testng-6.14.3.jar:?]
	at org.testng.SuiteRunner.run(SuiteRunner.java:364) ~[testng-6.14.3.jar:?]
	at org.testng.SuiteRunnerWorker.runSuite(SuiteRunnerWorker.java:52) ~[testng-6.14.3.jar:?]
	at org.testng.SuiteRunnerWorker.run(SuiteRunnerWorker.java:84) ~[testng-6.14.3.jar:?]
	at org.testng.TestNG.runSuitesSequentially(TestNG.java:1208) ~[testng-6.14.3.jar:?]
	at org.testng.TestNG.runSuitesLocally(TestNG.java:1137) ~[testng-6.14.3.jar:?]
	at org.testng.TestNG.runSuites(TestNG.java:1049) ~[testng-6.14.3.jar:?]
	at org.testng.TestNG.run(TestNG.java:1017) ~[testng-6.14.3.jar:?]
	at org.apache.maven.surefire.testng.TestNGExecutor.run(TestNGExecutor.java:308) ~[surefire-testng-3.3.0.jar:3.3.0]
	at org.apache.maven.surefire.testng.TestNGXmlTestSuite.execute(TestNGXmlTestSuite.java:71) ~[surefire-testng-3.3.0.jar:3.3.0]
	at org.apache.maven.surefire.testng.TestNGProvider.invoke(TestNGProvider.java:113) ~[surefire-testng-3.3.0.jar:3.3.0]
	at org.apache.maven.surefire.booter.ForkedBooter.runSuitesInProcess(ForkedBooter.java:385) ~[surefire-booter-3.3.0.jar:3.3.0]
	at org.apache.maven.surefire.booter.ForkedBooter.execute(ForkedBooter.java:162) ~[surefire-booter-3.3.0.jar:3.3.0]
	at org.apache.maven.surefire.booter.ForkedBooter.run(ForkedBooter.java:507) ~[surefire-booter-3.3.0.jar:3.3.0]
	at org.apache.maven.surefire.booter.ForkedBooter.main(ForkedBooter.java:495) ~[surefire-booter-3.3.0.jar:3.3.0]
17:05:54.478 [main] ERROR org.apache.poi.openxml4j.opc.PackageRelationshipCollection - Cannot convert mailto:ALPHAAAAAA@@@@@!@##$$$%12344 in a valid relationship URI-> dummy-URI used
java.net.URISyntaxException: Illegal character in fragment at index 25: mailto:ALPHAAAAAA@@@@@!@##$$$%12344
	at java.net.URI$Parser.fail(URI.java:2995) ~[?:?]
	at java.net.URI$Parser.checkChars(URI.java:3166) ~[?:?]
	at java.net.URI$Parser.parse(URI.java:3210) ~[?:?]
	at java.net.URI.<init>(URI.java:645) ~[?:?]
	at org.apache.poi.openxml4j.opc.PackagingURIHelper.toURI(PackagingURIHelper.java:723) ~[poi-ooxml-5.2.2.jar:5.2.2]
	at org.apache.poi.openxml4j.opc.PackageRelationshipCollection.parseRelationshipsPart(PackageRelationshipCollection.java:358) ~[poi-ooxml-5.2.2.jar:5.2.2]
	at org.apache.poi.openxml4j.opc.PackageRelationshipCollection.<init>(PackageRelationshipCollection.java:160) ~[poi-ooxml-5.2.2.jar:5.2.2]
	at org.apache.poi.openxml4j.opc.PackageRelationshipCollection.<init>(PackageRelationshipCollection.java:130) ~[poi-ooxml-5.2.2.jar:5.2.2]
	at org.apache.poi.openxml4j.opc.PackagePart.loadRelationships(PackagePart.java:565) ~[poi-ooxml-5.2.2.jar:5.2.2]
	at org.apache.poi.openxml4j.opc.OPCPackage.getParts(OPCPackage.java:745) ~[poi-ooxml-5.2.2.jar:5.2.2]
	at org.apache.poi.openxml4j.opc.OPCPackage.open(OPCPackage.java:315) ~[poi-ooxml-5.2.2.jar:5.2.2]
	at org.apache.poi.ooxml.util.PackageHelper.open(PackageHelper.java:59) ~[poi-ooxml-5.2.2.jar:5.2.2]
	at org.apache.poi.xssf.usermodel.XSSFWorkbook.<init>(XSSFWorkbook.java:289) ~[poi-ooxml-5.2.2.jar:5.2.2]
	at org.apache.poi.xssf.usermodel.XSSFWorkbook.<init>(XSSFWorkbook.java:285) ~[poi-ooxml-5.2.2.jar:5.2.2]
	at com.MOFutility.API_Excelutilities.readServiceIdFromExcel(API_Excelutilities.java:20) ~[test-classes/:?]
	at com.MOF.constants.API_URL.<clinit>(API_URL.java:254) ~[test-classes/:?]
	at com.MOFapi.MOFapi.Fetchvalid_SingleService_ValidServiceid(MOFapi.java:4891) ~[test-classes/:?]
	at jdk.internal.reflect.DirectMethodHandleAccessor.invoke(DirectMethodHandleAccessor.java:103) ~[?:?]
	at java.lang.reflect.Method.invoke(Method.java:580) ~[?:?]
	at org.testng.internal.MethodInvocationHelper.invokeMethod(MethodInvocationHelper.java:124) ~[testng-6.14.3.jar:?]
	at org.testng.internal.Invoker.invokeMethod(Invoker.java:583) ~[testng-6.14.3.jar:?]
	at org.testng.internal.Invoker.invokeTestMethod(Invoker.java:719) ~[testng-6.14.3.jar:?]
	at org.testng.internal.Invoker.invokeTestMethods(Invoker.java:989) ~[testng-6.14.3.jar:?]
	at org.testng.internal.TestMethodWorker.invokeTestMethods(TestMethodWorker.java:125) ~[testng-6.14.3.jar:?]
	at org.testng.internal.TestMethodWorker.run(TestMethodWorker.java:109) ~[testng-6.14.3.jar:?]
	at org.testng.TestRunner.privateRun(TestRunner.java:648) ~[testng-6.14.3.jar:?]
	at org.testng.TestRunner.run(TestRunner.java:505) ~[testng-6.14.3.jar:?]
	at org.testng.SuiteRunner.runTest(SuiteRunner.java:455) ~[testng-6.14.3.jar:?]
	at org.testng.SuiteRunner.runSequentially(SuiteRunner.java:450) ~[testng-6.14.3.jar:?]
	at org.testng.SuiteRunner.privateRun(SuiteRunner.java:415) ~[testng-6.14.3.jar:?]
	at org.testng.SuiteRunner.run(SuiteRunner.java:364) ~[testng-6.14.3.jar:?]
	at org.testng.SuiteRunnerWorker.runSuite(SuiteRunnerWorker.java:52) ~[testng-6.14.3.jar:?]
	at org.testng.SuiteRunnerWorker.run(SuiteRunnerWorker.java:84) ~[testng-6.14.3.jar:?]
	at org.testng.TestNG.runSuitesSequentially(TestNG.java:1208) ~[testng-6.14.3.jar:?]
	at org.testng.TestNG.runSuitesLocally(TestNG.java:1137) ~[testng-6.14.3.jar:?]
	at org.testng.TestNG.runSuites(TestNG.java:1049) ~[testng-6.14.3.jar:?]
	at org.testng.TestNG.run(TestNG.java:1017) ~[testng-6.14.3.jar:?]
	at org.apache.maven.surefire.testng.TestNGExecutor.run(TestNGExecutor.java:308) ~[surefire-testng-3.3.0.jar:3.3.0]
	at org.apache.maven.surefire.testng.TestNGXmlTestSuite.execute(TestNGXmlTestSuite.java:71) ~[surefire-testng-3.3.0.jar:3.3.0]
	at org.apache.maven.surefire.testng.TestNGProvider.invoke(TestNGProvider.java:113) ~[surefire-testng-3.3.0.jar:3.3.0]
	at org.apache.maven.surefire.booter.ForkedBooter.runSuitesInProcess(ForkedBooter.java:385) ~[surefire-booter-3.3.0.jar:3.3.0]
	at org.apache.maven.surefire.booter.ForkedBooter.execute(ForkedBooter.java:162) ~[surefire-booter-3.3.0.jar:3.3.0]
	at org.apache.maven.surefire.booter.ForkedBooter.run(ForkedBooter.java:507) ~[surefire-booter-3.3.0.jar:3.3.0]
	at org.apache.maven.surefire.booter.ForkedBooter.main(ForkedBooter.java:495) ~[surefire-booter-3.3.0.jar:3.3.0]
17:05:54.479 [main] ERROR org.apache.poi.openxml4j.opc.PackageRelationshipCollection - Cannot convert mailto:2343456378912@#&^*gvadhfbjnf in a valid relationship URI-> dummy-URI used
java.net.URISyntaxException: Illegal character in fragment at index 23: mailto:2343456378912@#&^*gvadhfbjnf
	at java.net.URI$Parser.fail(URI.java:2995) ~[?:?]
	at java.net.URI$Parser.checkChars(URI.java:3166) ~[?:?]
	at java.net.URI$Parser.parse(URI.java:3210) ~[?:?]
	at java.net.URI.<init>(URI.java:645) ~[?:?]
	at org.apache.poi.openxml4j.opc.PackagingURIHelper.toURI(PackagingURIHelper.java:723) ~[poi-ooxml-5.2.2.jar:5.2.2]
	at org.apache.poi.openxml4j.opc.PackageRelationshipCollection.parseRelationshipsPart(PackageRelationshipCollection.java:358) ~[poi-ooxml-5.2.2.jar:5.2.2]
	at org.apache.poi.openxml4j.opc.PackageRelationshipCollection.<init>(PackageRelationshipCollection.java:160) ~[poi-ooxml-5.2.2.jar:5.2.2]
	at org.apache.poi.openxml4j.opc.PackageRelationshipCollection.<init>(PackageRelationshipCollection.java:130) ~[poi-ooxml-5.2.2.jar:5.2.2]
	at org.apache.poi.openxml4j.opc.PackagePart.loadRelationships(PackagePart.java:565) ~[poi-ooxml-5.2.2.jar:5.2.2]
	at org.apache.poi.openxml4j.opc.OPCPackage.getParts(OPCPackage.java:745) ~[poi-ooxml-5.2.2.jar:5.2.2]
	at org.apache.poi.openxml4j.opc.OPCPackage.open(OPCPackage.java:315) ~[poi-ooxml-5.2.2.jar:5.2.2]
	at org.apache.poi.ooxml.util.PackageHelper.open(PackageHelper.java:59) ~[poi-ooxml-5.2.2.jar:5.2.2]
	at org.apache.poi.xssf.usermodel.XSSFWorkbook.<init>(XSSFWorkbook.java:289) ~[poi-ooxml-5.2.2.jar:5.2.2]
	at org.apache.poi.xssf.usermodel.XSSFWorkbook.<init>(XSSFWorkbook.java:285) ~[poi-ooxml-5.2.2.jar:5.2.2]
	at com.MOFutility.API_Excelutilities.readServiceIdFromExcel(API_Excelutilities.java:20) ~[test-classes/:?]
	at com.MOF.constants.API_URL.<clinit>(API_URL.java:254) ~[test-classes/:?]
	at com.MOFapi.MOFapi.Fetchvalid_SingleService_ValidServiceid(MOFapi.java:4891) ~[test-classes/:?]
	at jdk.internal.reflect.DirectMethodHandleAccessor.invoke(DirectMethodHandleAccessor.java:103) ~[?:?]
	at java.lang.reflect.Method.invoke(Method.java:580) ~[?:?]
	at org.testng.internal.MethodInvocationHelper.invokeMethod(MethodInvocationHelper.java:124) ~[testng-6.14.3.jar:?]
	at org.testng.internal.Invoker.invokeMethod(Invoker.java:583) ~[testng-6.14.3.jar:?]
	at org.testng.internal.Invoker.invokeTestMethod(Invoker.java:719) ~[testng-6.14.3.jar:?]
	at org.testng.internal.Invoker.invokeTestMethods(Invoker.java:989) ~[testng-6.14.3.jar:?]
	at org.testng.internal.TestMethodWorker.invokeTestMethods(TestMethodWorker.java:125) ~[testng-6.14.3.jar:?]
	at org.testng.internal.TestMethodWorker.run(TestMethodWorker.java:109) ~[testng-6.14.3.jar:?]
	at org.testng.TestRunner.privateRun(TestRunner.java:648) ~[testng-6.14.3.jar:?]
	at org.testng.TestRunner.run(TestRunner.java:505) ~[testng-6.14.3.jar:?]
	at org.testng.SuiteRunner.runTest(SuiteRunner.java:455) ~[testng-6.14.3.jar:?]
	at org.testng.SuiteRunner.runSequentially(SuiteRunner.java:450) ~[testng-6.14.3.jar:?]
	at org.testng.SuiteRunner.privateRun(SuiteRunner.java:415) ~[testng-6.14.3.jar:?]
	at org.testng.SuiteRunner.run(SuiteRunner.java:364) ~[testng-6.14.3.jar:?]
	at org.testng.SuiteRunnerWorker.runSuite(SuiteRunnerWorker.java:52) ~[testng-6.14.3.jar:?]
	at org.testng.SuiteRunnerWorker.run(SuiteRunnerWorker.java:84) ~[testng-6.14.3.jar:?]
	at org.testng.TestNG.runSuitesSequentially(TestNG.java:1208) ~[testng-6.14.3.jar:?]
	at org.testng.TestNG.runSuitesLocally(TestNG.java:1137) ~[testng-6.14.3.jar:?]
	at org.testng.TestNG.runSuites(TestNG.java:1049) ~[testng-6.14.3.jar:?]
	at org.testng.TestNG.run(TestNG.java:1017) ~[testng-6.14.3.jar:?]
	at org.apache.maven.surefire.testng.TestNGExecutor.run(TestNGExecutor.java:308) ~[surefire-testng-3.3.0.jar:3.3.0]
	at org.apache.maven.surefire.testng.TestNGXmlTestSuite.execute(TestNGXmlTestSuite.java:71) ~[surefire-testng-3.3.0.jar:3.3.0]
	at org.apache.maven.surefire.testng.TestNGProvider.invoke(TestNGProvider.java:113) ~[surefire-testng-3.3.0.jar:3.3.0]
	at org.apache.maven.surefire.booter.ForkedBooter.runSuitesInProcess(ForkedBooter.java:385) ~[surefire-booter-3.3.0.jar:3.3.0]
	at org.apache.maven.surefire.booter.ForkedBooter.execute(ForkedBooter.java:162) ~[surefire-booter-3.3.0.jar:3.3.0]
	at org.apache.maven.surefire.booter.ForkedBooter.run(ForkedBooter.java:507) ~[surefire-booter-3.3.0.jar:3.3.0]
	at org.apache.maven.surefire.booter.ForkedBooter.main(ForkedBooter.java:495) ~[surefire-booter-3.3.0.jar:3.3.0]
17:05:54.498 [main] ERROR org.apache.poi.openxml4j.opc.PackageRelationshipCollection - Cannot convert mailto:ALPA@#$%^245234534 in a valid relationship URI-> dummy-URI used
java.net.URISyntaxException: Malformed escape pair at index 14: mailto:ALPA@#$%^245234534
	at java.net.URI$Parser.fail(URI.java:2995) ~[?:?]
	at java.net.URI$Parser.scanEscape(URI.java:3123) ~[?:?]
	at java.net.URI$Parser.scan(URI.java:3146) ~[?:?]
	at java.net.URI$Parser.checkChars(URI.java:3164) ~[?:?]
	at java.net.URI$Parser.parse(URI.java:3210) ~[?:?]
	at java.net.URI.<init>(URI.java:645) ~[?:?]
	at org.apache.poi.openxml4j.opc.PackagingURIHelper.toURI(PackagingURIHelper.java:723) ~[poi-ooxml-5.2.2.jar:5.2.2]
	at org.apache.poi.openxml4j.opc.PackageRelationshipCollection.parseRelationshipsPart(PackageRelationshipCollection.java:358) ~[poi-ooxml-5.2.2.jar:5.2.2]
	at org.apache.poi.openxml4j.opc.PackageRelationshipCollection.<init>(PackageRelationshipCollection.java:160) ~[poi-ooxml-5.2.2.jar:5.2.2]
	at org.apache.poi.openxml4j.opc.PackageRelationshipCollection.<init>(PackageRelationshipCollection.java:130) ~[poi-ooxml-5.2.2.jar:5.2.2]
	at org.apache.poi.openxml4j.opc.PackagePart.loadRelationships(PackagePart.java:565) ~[poi-ooxml-5.2.2.jar:5.2.2]
	at org.apache.poi.openxml4j.opc.OPCPackage.getParts(OPCPackage.java:745) ~[poi-ooxml-5.2.2.jar:5.2.2]
	at org.apache.poi.openxml4j.opc.OPCPackage.open(OPCPackage.java:315) ~[poi-ooxml-5.2.2.jar:5.2.2]
	at org.apache.poi.ooxml.util.PackageHelper.open(PackageHelper.java:59) ~[poi-ooxml-5.2.2.jar:5.2.2]
	at org.apache.poi.xssf.usermodel.XSSFWorkbook.<init>(XSSFWorkbook.java:289) ~[poi-ooxml-5.2.2.jar:5.2.2]
	at org.apache.poi.xssf.usermodel.XSSFWorkbook.<init>(XSSFWorkbook.java:285) ~[poi-ooxml-5.2.2.jar:5.2.2]
	at com.MOFutility.API_Excelutilities.readServiceIdFromExcel(API_Excelutilities.java:20) ~[test-classes/:?]
	at com.MOF.constants.API_URL.<clinit>(API_URL.java:255) ~[test-classes/:?]
	at com.MOFapi.MOFapi.Fetchvalid_SingleService_ValidServiceid(MOFapi.java:4891) ~[test-classes/:?]
	at jdk.internal.reflect.DirectMethodHandleAccessor.invoke(DirectMethodHandleAccessor.java:103) ~[?:?]
	at java.lang.reflect.Method.invoke(Method.java:580) ~[?:?]
	at org.testng.internal.MethodInvocationHelper.invokeMethod(MethodInvocationHelper.java:124) ~[testng-6.14.3.jar:?]
	at org.testng.internal.Invoker.invokeMethod(Invoker.java:583) ~[testng-6.14.3.jar:?]
	at org.testng.internal.Invoker.invokeTestMethod(Invoker.java:719) ~[testng-6.14.3.jar:?]
	at org.testng.internal.Invoker.invokeTestMethods(Invoker.java:989) ~[testng-6.14.3.jar:?]
	at org.testng.internal.TestMethodWorker.invokeTestMethods(TestMethodWorker.java:125) ~[testng-6.14.3.jar:?]
	at org.testng.internal.TestMethodWorker.run(TestMethodWorker.java:109) ~[testng-6.14.3.jar:?]
	at org.testng.TestRunner.privateRun(TestRunner.java:648) ~[testng-6.14.3.jar:?]
	at org.testng.TestRunner.run(TestRunner.java:505) ~[testng-6.14.3.jar:?]
	at org.testng.SuiteRunner.runTest(SuiteRunner.java:455) ~[testng-6.14.3.jar:?]
	at org.testng.SuiteRunner.runSequentially(SuiteRunner.java:450) ~[testng-6.14.3.jar:?]
	at org.testng.SuiteRunner.privateRun(SuiteRunner.java:415) ~[testng-6.14.3.jar:?]
	at org.testng.SuiteRunner.run(SuiteRunner.java:364) ~[testng-6.14.3.jar:?]
	at org.testng.SuiteRunnerWorker.runSuite(SuiteRunnerWorker.java:52) ~[testng-6.14.3.jar:?]
	at org.testng.SuiteRunnerWorker.run(SuiteRunnerWorker.java:84) ~[testng-6.14.3.jar:?]
	at org.testng.TestNG.runSuitesSequentially(TestNG.java:1208) ~[testng-6.14.3.jar:?]
	at org.testng.TestNG.runSuitesLocally(TestNG.java:1137) ~[testng-6.14.3.jar:?]
	at org.testng.TestNG.runSuites(TestNG.java:1049) ~[testng-6.14.3.jar:?]
	at org.testng.TestNG.run(TestNG.java:1017) ~[testng-6.14.3.jar:?]
	at org.apache.maven.surefire.testng.TestNGExecutor.run(TestNGExecutor.java:308) ~[surefire-testng-3.3.0.jar:3.3.0]
	at org.apache.maven.surefire.testng.TestNGXmlTestSuite.execute(TestNGXmlTestSuite.java:71) ~[surefire-testng-3.3.0.jar:3.3.0]
	at org.apache.maven.surefire.testng.TestNGProvider.invoke(TestNGProvider.java:113) ~[surefire-testng-3.3.0.jar:3.3.0]
	at org.apache.maven.surefire.booter.ForkedBooter.runSuitesInProcess(ForkedBooter.java:385) ~[surefire-booter-3.3.0.jar:3.3.0]
	at org.apache.maven.surefire.booter.ForkedBooter.execute(ForkedBooter.java:162) ~[surefire-booter-3.3.0.jar:3.3.0]
	at org.apache.maven.surefire.booter.ForkedBooter.run(ForkedBooter.java:507) ~[surefire-booter-3.3.0.jar:3.3.0]
	at org.apache.maven.surefire.booter.ForkedBooter.main(ForkedBooter.java:495) ~[surefire-booter-3.3.0.jar:3.3.0]
17:05:54.499 [main] ERROR org.apache.poi.openxml4j.opc.PackageRelationshipCollection - Cannot convert mailto:ALPHAAAAAA@@@@@!@##$$$%12344 in a valid relationship URI-> dummy-URI used
java.net.URISyntaxException: Illegal character in fragment at index 25: mailto:ALPHAAAAAA@@@@@!@##$$$%12344
	at java.net.URI$Parser.fail(URI.java:2995) ~[?:?]
	at java.net.URI$Parser.checkChars(URI.java:3166) ~[?:?]
	at java.net.URI$Parser.parse(URI.java:3210) ~[?:?]
	at java.net.URI.<init>(URI.java:645) ~[?:?]
	at org.apache.poi.openxml4j.opc.PackagingURIHelper.toURI(PackagingURIHelper.java:723) ~[poi-ooxml-5.2.2.jar:5.2.2]
	at org.apache.poi.openxml4j.opc.PackageRelationshipCollection.parseRelationshipsPart(PackageRelationshipCollection.java:358) ~[poi-ooxml-5.2.2.jar:5.2.2]
	at org.apache.poi.openxml4j.opc.PackageRelationshipCollection.<init>(PackageRelationshipCollection.java:160) ~[poi-ooxml-5.2.2.jar:5.2.2]
	at org.apache.poi.openxml4j.opc.PackageRelationshipCollection.<init>(PackageRelationshipCollection.java:130) ~[poi-ooxml-5.2.2.jar:5.2.2]
	at org.apache.poi.openxml4j.opc.PackagePart.loadRelationships(PackagePart.java:565) ~[poi-ooxml-5.2.2.jar:5.2.2]
	at org.apache.poi.openxml4j.opc.OPCPackage.getParts(OPCPackage.java:745) ~[poi-ooxml-5.2.2.jar:5.2.2]
	at org.apache.poi.openxml4j.opc.OPCPackage.open(OPCPackage.java:315) ~[poi-ooxml-5.2.2.jar:5.2.2]
	at org.apache.poi.ooxml.util.PackageHelper.open(PackageHelper.java:59) ~[poi-ooxml-5.2.2.jar:5.2.2]
	at org.apache.poi.xssf.usermodel.XSSFWorkbook.<init>(XSSFWorkbook.java:289) ~[poi-ooxml-5.2.2.jar:5.2.2]
	at org.apache.poi.xssf.usermodel.XSSFWorkbook.<init>(XSSFWorkbook.java:285) ~[poi-ooxml-5.2.2.jar:5.2.2]
	at com.MOFutility.API_Excelutilities.readServiceIdFromExcel(API_Excelutilities.java:20) ~[test-classes/:?]
	at com.MOF.constants.API_URL.<clinit>(API_URL.java:255) ~[test-classes/:?]
	at com.MOFapi.MOFapi.Fetchvalid_SingleService_ValidServiceid(MOFapi.java:4891) ~[test-classes/:?]
	at jdk.internal.reflect.DirectMethodHandleAccessor.invoke(DirectMethodHandleAccessor.java:103) ~[?:?]
	at java.lang.reflect.Method.invoke(Method.java:580) ~[?:?]
	at org.testng.internal.MethodInvocationHelper.invokeMethod(MethodInvocationHelper.java:124) ~[testng-6.14.3.jar:?]
	at org.testng.internal.Invoker.invokeMethod(Invoker.java:583) ~[testng-6.14.3.jar:?]
	at org.testng.internal.Invoker.invokeTestMethod(Invoker.java:719) ~[testng-6.14.3.jar:?]
	at org.testng.internal.Invoker.invokeTestMethods(Invoker.java:989) ~[testng-6.14.3.jar:?]
	at org.testng.internal.TestMethodWorker.invokeTestMethods(TestMethodWorker.java:125) ~[testng-6.14.3.jar:?]
	at org.testng.internal.TestMethodWorker.run(TestMethodWorker.java:109) ~[testng-6.14.3.jar:?]
	at org.testng.TestRunner.privateRun(TestRunner.java:648) ~[testng-6.14.3.jar:?]
	at org.testng.TestRunner.run(TestRunner.java:505) ~[testng-6.14.3.jar:?]
	at org.testng.SuiteRunner.runTest(SuiteRunner.java:455) ~[testng-6.14.3.jar:?]
	at org.testng.SuiteRunner.runSequentially(SuiteRunner.java:450) ~[testng-6.14.3.jar:?]
	at org.testng.SuiteRunner.privateRun(SuiteRunner.java:415) ~[testng-6.14.3.jar:?]
	at org.testng.SuiteRunner.run(SuiteRunner.java:364) ~[testng-6.14.3.jar:?]
	at org.testng.SuiteRunnerWorker.runSuite(SuiteRunnerWorker.java:52) ~[testng-6.14.3.jar:?]
	at org.testng.SuiteRunnerWorker.run(SuiteRunnerWorker.java:84) ~[testng-6.14.3.jar:?]
	at org.testng.TestNG.runSuitesSequentially(TestNG.java:1208) ~[testng-6.14.3.jar:?]
	at org.testng.TestNG.runSuitesLocally(TestNG.java:1137) ~[testng-6.14.3.jar:?]
	at org.testng.TestNG.runSuites(TestNG.java:1049) ~[testng-6.14.3.jar:?]
	at org.testng.TestNG.run(TestNG.java:1017) ~[testng-6.14.3.jar:?]
	at org.apache.maven.surefire.testng.TestNGExecutor.run(TestNGExecutor.java:308) ~[surefire-testng-3.3.0.jar:3.3.0]
	at org.apache.maven.surefire.testng.TestNGXmlTestSuite.execute(TestNGXmlTestSuite.java:71) ~[surefire-testng-3.3.0.jar:3.3.0]
	at org.apache.maven.surefire.testng.TestNGProvider.invoke(TestNGProvider.java:113) ~[surefire-testng-3.3.0.jar:3.3.0]
	at org.apache.maven.surefire.booter.ForkedBooter.runSuitesInProcess(ForkedBooter.java:385) ~[surefire-booter-3.3.0.jar:3.3.0]
	at org.apache.maven.surefire.booter.ForkedBooter.execute(ForkedBooter.java:162) ~[surefire-booter-3.3.0.jar:3.3.0]
	at org.apache.maven.surefire.booter.ForkedBooter.run(ForkedBooter.java:507) ~[surefire-booter-3.3.0.jar:3.3.0]
	at org.apache.maven.surefire.booter.ForkedBooter.main(ForkedBooter.java:495) ~[surefire-booter-3.3.0.jar:3.3.0]
17:05:54.500 [main] ERROR org.apache.poi.openxml4j.opc.PackageRelationshipCollection - Cannot convert mailto:2343456378912@#&^*gvadhfbjnf in a valid relationship URI-> dummy-URI used
java.net.URISyntaxException: Illegal character in fragment at index 23: mailto:2343456378912@#&^*gvadhfbjnf
	at java.net.URI$Parser.fail(URI.java:2995) ~[?:?]
	at java.net.URI$Parser.checkChars(URI.java:3166) ~[?:?]
	at java.net.URI$Parser.parse(URI.java:3210) ~[?:?]
	at java.net.URI.<init>(URI.java:645) ~[?:?]
	at org.apache.poi.openxml4j.opc.PackagingURIHelper.toURI(PackagingURIHelper.java:723) ~[poi-ooxml-5.2.2.jar:5.2.2]
	at org.apache.poi.openxml4j.opc.PackageRelationshipCollection.parseRelationshipsPart(PackageRelationshipCollection.java:358) ~[poi-ooxml-5.2.2.jar:5.2.2]
	at org.apache.poi.openxml4j.opc.PackageRelationshipCollection.<init>(PackageRelationshipCollection.java:160) ~[poi-ooxml-5.2.2.jar:5.2.2]
	at org.apache.poi.openxml4j.opc.PackageRelationshipCollection.<init>(PackageRelationshipCollection.java:130) ~[poi-ooxml-5.2.2.jar:5.2.2]
	at org.apache.poi.openxml4j.opc.PackagePart.loadRelationships(PackagePart.java:565) ~[poi-ooxml-5.2.2.jar:5.2.2]
	at org.apache.poi.openxml4j.opc.OPCPackage.getParts(OPCPackage.java:745) ~[poi-ooxml-5.2.2.jar:5.2.2]
	at org.apache.poi.openxml4j.opc.OPCPackage.open(OPCPackage.java:315) ~[poi-ooxml-5.2.2.jar:5.2.2]
	at org.apache.poi.ooxml.util.PackageHelper.open(PackageHelper.java:59) ~[poi-ooxml-5.2.2.jar:5.2.2]
	at org.apache.poi.xssf.usermodel.XSSFWorkbook.<init>(XSSFWorkbook.java:289) ~[poi-ooxml-5.2.2.jar:5.2.2]
	at org.apache.poi.xssf.usermodel.XSSFWorkbook.<init>(XSSFWorkbook.java:285) ~[poi-ooxml-5.2.2.jar:5.2.2]
	at com.MOFutility.API_Excelutilities.readServiceIdFromExcel(API_Excelutilities.java:20) ~[test-classes/:?]
	at com.MOF.constants.API_URL.<clinit>(API_URL.java:255) ~[test-classes/:?]
	at com.MOFapi.MOFapi.Fetchvalid_SingleService_ValidServiceid(MOFapi.java:4891) ~[test-classes/:?]
	at jdk.internal.reflect.DirectMethodHandleAccessor.invoke(DirectMethodHandleAccessor.java:103) ~[?:?]
	at java.lang.reflect.Method.invoke(Method.java:580) ~[?:?]
	at org.testng.internal.MethodInvocationHelper.invokeMethod(MethodInvocationHelper.java:124) ~[testng-6.14.3.jar:?]
	at org.testng.internal.Invoker.invokeMethod(Invoker.java:583) ~[testng-6.14.3.jar:?]
	at org.testng.internal.Invoker.invokeTestMethod(Invoker.java:719) ~[testng-6.14.3.jar:?]
	at org.testng.internal.Invoker.invokeTestMethods(Invoker.java:989) ~[testng-6.14.3.jar:?]
	at org.testng.internal.TestMethodWorker.invokeTestMethods(TestMethodWorker.java:125) ~[testng-6.14.3.jar:?]
	at org.testng.internal.TestMethodWorker.run(TestMethodWorker.java:109) ~[testng-6.14.3.jar:?]
	at org.testng.TestRunner.privateRun(TestRunner.java:648) ~[testng-6.14.3.jar:?]
	at org.testng.TestRunner.run(TestRunner.java:505) ~[testng-6.14.3.jar:?]
	at org.testng.SuiteRunner.runTest(SuiteRunner.java:455) ~[testng-6.14.3.jar:?]
	at org.testng.SuiteRunner.runSequentially(SuiteRunner.java:450) ~[testng-6.14.3.jar:?]
	at org.testng.SuiteRunner.privateRun(SuiteRunner.java:415) ~[testng-6.14.3.jar:?]
	at org.testng.SuiteRunner.run(SuiteRunner.java:364) ~[testng-6.14.3.jar:?]
	at org.testng.SuiteRunnerWorker.runSuite(SuiteRunnerWorker.java:52) ~[testng-6.14.3.jar:?]
	at org.testng.SuiteRunnerWorker.run(SuiteRunnerWorker.java:84) ~[testng-6.14.3.jar:?]
	at org.testng.TestNG.runSuitesSequentially(TestNG.java:1208) ~[testng-6.14.3.jar:?]
	at org.testng.TestNG.runSuitesLocally(TestNG.java:1137) ~[testng-6.14.3.jar:?]
	at org.testng.TestNG.runSuites(TestNG.java:1049) ~[testng-6.14.3.jar:?]
	at org.testng.TestNG.run(TestNG.java:1017) ~[testng-6.14.3.jar:?]
	at org.apache.maven.surefire.testng.TestNGExecutor.run(TestNGExecutor.java:308) ~[surefire-testng-3.3.0.jar:3.3.0]
	at org.apache.maven.surefire.testng.TestNGXmlTestSuite.execute(TestNGXmlTestSuite.java:71) ~[surefire-testng-3.3.0.jar:3.3.0]
	at org.apache.maven.surefire.testng.TestNGProvider.invoke(TestNGProvider.java:113) ~[surefire-testng-3.3.0.jar:3.3.0]
	at org.apache.maven.surefire.booter.ForkedBooter.runSuitesInProcess(ForkedBooter.java:385) ~[surefire-booter-3.3.0.jar:3.3.0]
	at org.apache.maven.surefire.booter.ForkedBooter.execute(ForkedBooter.java:162) ~[surefire-booter-3.3.0.jar:3.3.0]
	at org.apache.maven.surefire.booter.ForkedBooter.run(ForkedBooter.java:507) ~[surefire-booter-3.3.0.jar:3.3.0]
	at org.apache.maven.surefire.booter.ForkedBooter.main(ForkedBooter.java:495) ~[surefire-booter-3.3.0.jar:3.3.0]
17:05:54.519 [main] ERROR org.apache.poi.openxml4j.opc.PackageRelationshipCollection - Cannot convert mailto:ALPA@#$%^245234534 in a valid relationship URI-> dummy-URI used
java.net.URISyntaxException: Malformed escape pair at index 14: mailto:ALPA@#$%^245234534
	at java.net.URI$Parser.fail(URI.java:2995) ~[?:?]
	at java.net.URI$Parser.scanEscape(URI.java:3123) ~[?:?]
	at java.net.URI$Parser.scan(URI.java:3146) ~[?:?]
	at java.net.URI$Parser.checkChars(URI.java:3164) ~[?:?]
	at java.net.URI$Parser.parse(URI.java:3210) ~[?:?]
	at java.net.URI.<init>(URI.java:645) ~[?:?]
	at org.apache.poi.openxml4j.opc.PackagingURIHelper.toURI(PackagingURIHelper.java:723) ~[poi-ooxml-5.2.2.jar:5.2.2]
	at org.apache.poi.openxml4j.opc.PackageRelationshipCollection.parseRelationshipsPart(PackageRelationshipCollection.java:358) ~[poi-ooxml-5.2.2.jar:5.2.2]
	at org.apache.poi.openxml4j.opc.PackageRelationshipCollection.<init>(PackageRelationshipCollection.java:160) ~[poi-ooxml-5.2.2.jar:5.2.2]
	at org.apache.poi.openxml4j.opc.PackageRelationshipCollection.<init>(PackageRelationshipCollection.java:130) ~[poi-ooxml-5.2.2.jar:5.2.2]
	at org.apache.poi.openxml4j.opc.PackagePart.loadRelationships(PackagePart.java:565) ~[poi-ooxml-5.2.2.jar:5.2.2]
	at org.apache.poi.openxml4j.opc.OPCPackage.getParts(OPCPackage.java:745) ~[poi-ooxml-5.2.2.jar:5.2.2]
	at org.apache.poi.openxml4j.opc.OPCPackage.open(OPCPackage.java:315) ~[poi-ooxml-5.2.2.jar:5.2.2]
	at org.apache.poi.ooxml.util.PackageHelper.open(PackageHelper.java:59) ~[poi-ooxml-5.2.2.jar:5.2.2]
	at org.apache.poi.xssf.usermodel.XSSFWorkbook.<init>(XSSFWorkbook.java:289) ~[poi-ooxml-5.2.2.jar:5.2.2]
	at org.apache.poi.xssf.usermodel.XSSFWorkbook.<init>(XSSFWorkbook.java:285) ~[poi-ooxml-5.2.2.jar:5.2.2]
	at com.MOFutility.API_Excelutilities.readServiceIdFromExcel(API_Excelutilities.java:20) ~[test-classes/:?]
	at com.MOF.constants.API_URL.<clinit>(API_URL.java:256) ~[test-classes/:?]
	at com.MOFapi.MOFapi.Fetchvalid_SingleService_ValidServiceid(MOFapi.java:4891) ~[test-classes/:?]
	at jdk.internal.reflect.DirectMethodHandleAccessor.invoke(DirectMethodHandleAccessor.java:103) ~[?:?]
	at java.lang.reflect.Method.invoke(Method.java:580) ~[?:?]
	at org.testng.internal.MethodInvocationHelper.invokeMethod(MethodInvocationHelper.java:124) ~[testng-6.14.3.jar:?]
	at org.testng.internal.Invoker.invokeMethod(Invoker.java:583) ~[testng-6.14.3.jar:?]
	at org.testng.internal.Invoker.invokeTestMethod(Invoker.java:719) ~[testng-6.14.3.jar:?]
	at org.testng.internal.Invoker.invokeTestMethods(Invoker.java:989) ~[testng-6.14.3.jar:?]
	at org.testng.internal.TestMethodWorker.invokeTestMethods(TestMethodWorker.java:125) ~[testng-6.14.3.jar:?]
	at org.testng.internal.TestMethodWorker.run(TestMethodWorker.java:109) ~[testng-6.14.3.jar:?]
	at org.testng.TestRunner.privateRun(TestRunner.java:648) ~[testng-6.14.3.jar:?]
	at org.testng.TestRunner.run(TestRunner.java:505) ~[testng-6.14.3.jar:?]
	at org.testng.SuiteRunner.runTest(SuiteRunner.java:455) ~[testng-6.14.3.jar:?]
	at org.testng.SuiteRunner.runSequentially(SuiteRunner.java:450) ~[testng-6.14.3.jar:?]
	at org.testng.SuiteRunner.privateRun(SuiteRunner.java:415) ~[testng-6.14.3.jar:?]
	at org.testng.SuiteRunner.run(SuiteRunner.java:364) ~[testng-6.14.3.jar:?]
	at org.testng.SuiteRunnerWorker.runSuite(SuiteRunnerWorker.java:52) ~[testng-6.14.3.jar:?]
	at org.testng.SuiteRunnerWorker.run(SuiteRunnerWorker.java:84) ~[testng-6.14.3.jar:?]
	at org.testng.TestNG.runSuitesSequentially(TestNG.java:1208) ~[testng-6.14.3.jar:?]
	at org.testng.TestNG.runSuitesLocally(TestNG.java:1137) ~[testng-6.14.3.jar:?]
	at org.testng.TestNG.runSuites(TestNG.java:1049) ~[testng-6.14.3.jar:?]
	at org.testng.TestNG.run(TestNG.java:1017) ~[testng-6.14.3.jar:?]
	at org.apache.maven.surefire.testng.TestNGExecutor.run(TestNGExecutor.java:308) ~[surefire-testng-3.3.0.jar:3.3.0]
	at org.apache.maven.surefire.testng.TestNGXmlTestSuite.execute(TestNGXmlTestSuite.java:71) ~[surefire-testng-3.3.0.jar:3.3.0]
	at org.apache.maven.surefire.testng.TestNGProvider.invoke(TestNGProvider.java:113) ~[surefire-testng-3.3.0.jar:3.3.0]
	at org.apache.maven.surefire.booter.ForkedBooter.runSuitesInProcess(ForkedBooter.java:385) ~[surefire-booter-3.3.0.jar:3.3.0]
	at org.apache.maven.surefire.booter.ForkedBooter.execute(ForkedBooter.java:162) ~[surefire-booter-3.3.0.jar:3.3.0]
	at org.apache.maven.surefire.booter.ForkedBooter.run(ForkedBooter.java:507) ~[surefire-booter-3.3.0.jar:3.3.0]
	at org.apache.maven.surefire.booter.ForkedBooter.main(ForkedBooter.java:495) ~[surefire-booter-3.3.0.jar:3.3.0]
17:05:54.520 [main] ERROR org.apache.poi.openxml4j.opc.PackageRelationshipCollection - Cannot convert mailto:ALPHAAAAAA@@@@@!@##$$$%12344 in a valid relationship URI-> dummy-URI used
java.net.URISyntaxException: Illegal character in fragment at index 25: mailto:ALPHAAAAAA@@@@@!@##$$$%12344
	at java.net.URI$Parser.fail(URI.java:2995) ~[?:?]
	at java.net.URI$Parser.checkChars(URI.java:3166) ~[?:?]
	at java.net.URI$Parser.parse(URI.java:3210) ~[?:?]
	at java.net.URI.<init>(URI.java:645) ~[?:?]
	at org.apache.poi.openxml4j.opc.PackagingURIHelper.toURI(PackagingURIHelper.java:723) ~[poi-ooxml-5.2.2.jar:5.2.2]
	at org.apache.poi.openxml4j.opc.PackageRelationshipCollection.parseRelationshipsPart(PackageRelationshipCollection.java:358) ~[poi-ooxml-5.2.2.jar:5.2.2]
	at org.apache.poi.openxml4j.opc.PackageRelationshipCollection.<init>(PackageRelationshipCollection.java:160) ~[poi-ooxml-5.2.2.jar:5.2.2]
	at org.apache.poi.openxml4j.opc.PackageRelationshipCollection.<init>(PackageRelationshipCollection.java:130) ~[poi-ooxml-5.2.2.jar:5.2.2]
	at org.apache.poi.openxml4j.opc.PackagePart.loadRelationships(PackagePart.java:565) ~[poi-ooxml-5.2.2.jar:5.2.2]
	at org.apache.poi.openxml4j.opc.OPCPackage.getParts(OPCPackage.java:745) ~[poi-ooxml-5.2.2.jar:5.2.2]
	at org.apache.poi.openxml4j.opc.OPCPackage.open(OPCPackage.java:315) ~[poi-ooxml-5.2.2.jar:5.2.2]
	at org.apache.poi.ooxml.util.PackageHelper.open(PackageHelper.java:59) ~[poi-ooxml-5.2.2.jar:5.2.2]
	at org.apache.poi.xssf.usermodel.XSSFWorkbook.<init>(XSSFWorkbook.java:289) ~[poi-ooxml-5.2.2.jar:5.2.2]
	at org.apache.poi.xssf.usermodel.XSSFWorkbook.<init>(XSSFWorkbook.java:285) ~[poi-ooxml-5.2.2.jar:5.2.2]
	at com.MOFutility.API_Excelutilities.readServiceIdFromExcel(API_Excelutilities.java:20) ~[test-classes/:?]
	at com.MOF.constants.API_URL.<clinit>(API_URL.java:256) ~[test-classes/:?]
	at com.MOFapi.MOFapi.Fetchvalid_SingleService_ValidServiceid(MOFapi.java:4891) ~[test-classes/:?]
	at jdk.internal.reflect.DirectMethodHandleAccessor.invoke(DirectMethodHandleAccessor.java:103) ~[?:?]
	at java.lang.reflect.Method.invoke(Method.java:580) ~[?:?]
	at org.testng.internal.MethodInvocationHelper.invokeMethod(MethodInvocationHelper.java:124) ~[testng-6.14.3.jar:?]
	at org.testng.internal.Invoker.invokeMethod(Invoker.java:583) ~[testng-6.14.3.jar:?]
	at org.testng.internal.Invoker.invokeTestMethod(Invoker.java:719) ~[testng-6.14.3.jar:?]
	at org.testng.internal.Invoker.invokeTestMethods(Invoker.java:989) ~[testng-6.14.3.jar:?]
	at org.testng.internal.TestMethodWorker.invokeTestMethods(TestMethodWorker.java:125) ~[testng-6.14.3.jar:?]
	at org.testng.internal.TestMethodWorker.run(TestMethodWorker.java:109) ~[testng-6.14.3.jar:?]
	at org.testng.TestRunner.privateRun(TestRunner.java:648) ~[testng-6.14.3.jar:?]
	at org.testng.TestRunner.run(TestRunner.java:505) ~[testng-6.14.3.jar:?]
	at org.testng.SuiteRunner.runTest(SuiteRunner.java:455) ~[testng-6.14.3.jar:?]
	at org.testng.SuiteRunner.runSequentially(SuiteRunner.java:450) ~[testng-6.14.3.jar:?]
	at org.testng.SuiteRunner.privateRun(SuiteRunner.java:415) ~[testng-6.14.3.jar:?]
	at org.testng.SuiteRunner.run(SuiteRunner.java:364) ~[testng-6.14.3.jar:?]
	at org.testng.SuiteRunnerWorker.runSuite(SuiteRunnerWorker.java:52) ~[testng-6.14.3.jar:?]
	at org.testng.SuiteRunnerWorker.run(SuiteRunnerWorker.java:84) ~[testng-6.14.3.jar:?]
	at org.testng.TestNG.runSuitesSequentially(TestNG.java:1208) ~[testng-6.14.3.jar:?]
	at org.testng.TestNG.runSuitesLocally(TestNG.java:1137) ~[testng-6.14.3.jar:?]
	at org.testng.TestNG.runSuites(TestNG.java:1049) ~[testng-6.14.3.jar:?]
	at org.testng.TestNG.run(TestNG.java:1017) ~[testng-6.14.3.jar:?]
	at org.apache.maven.surefire.testng.TestNGExecutor.run(TestNGExecutor.java:308) ~[surefire-testng-3.3.0.jar:3.3.0]
	at org.apache.maven.surefire.testng.TestNGXmlTestSuite.execute(TestNGXmlTestSuite.java:71) ~[surefire-testng-3.3.0.jar:3.3.0]
	at org.apache.maven.surefire.testng.TestNGProvider.invoke(TestNGProvider.java:113) ~[surefire-testng-3.3.0.jar:3.3.0]
	at org.apache.maven.surefire.booter.ForkedBooter.runSuitesInProcess(ForkedBooter.java:385) ~[surefire-booter-3.3.0.jar:3.3.0]
	at org.apache.maven.surefire.booter.ForkedBooter.execute(ForkedBooter.java:162) ~[surefire-booter-3.3.0.jar:3.3.0]
	at org.apache.maven.surefire.booter.ForkedBooter.run(ForkedBooter.java:507) ~[surefire-booter-3.3.0.jar:3.3.0]
	at org.apache.maven.surefire.booter.ForkedBooter.main(ForkedBooter.java:495) ~[surefire-booter-3.3.0.jar:3.3.0]
17:05:54.521 [main] ERROR org.apache.poi.openxml4j.opc.PackageRelationshipCollection - Cannot convert mailto:2343456378912@#&^*gvadhfbjnf in a valid relationship URI-> dummy-URI used
java.net.URISyntaxException: Illegal character in fragment at index 23: mailto:2343456378912@#&^*gvadhfbjnf
	at java.net.URI$Parser.fail(URI.java:2995) ~[?:?]
	at java.net.URI$Parser.checkChars(URI.java:3166) ~[?:?]
	at java.net.URI$Parser.parse(URI.java:3210) ~[?:?]
	at java.net.URI.<init>(URI.java:645) ~[?:?]
	at org.apache.poi.openxml4j.opc.PackagingURIHelper.toURI(PackagingURIHelper.java:723) ~[poi-ooxml-5.2.2.jar:5.2.2]
	at org.apache.poi.openxml4j.opc.PackageRelationshipCollection.parseRelationshipsPart(PackageRelationshipCollection.java:358) ~[poi-ooxml-5.2.2.jar:5.2.2]
	at org.apache.poi.openxml4j.opc.PackageRelationshipCollection.<init>(PackageRelationshipCollection.java:160) ~[poi-ooxml-5.2.2.jar:5.2.2]
	at org.apache.poi.openxml4j.opc.PackageRelationshipCollection.<init>(PackageRelationshipCollection.java:130) ~[poi-ooxml-5.2.2.jar:5.2.2]
	at org.apache.poi.openxml4j.opc.PackagePart.loadRelationships(PackagePart.java:565) ~[poi-ooxml-5.2.2.jar:5.2.2]
	at org.apache.poi.openxml4j.opc.OPCPackage.getParts(OPCPackage.java:745) ~[poi-ooxml-5.2.2.jar:5.2.2]
	at org.apache.poi.openxml4j.opc.OPCPackage.open(OPCPackage.java:315) ~[poi-ooxml-5.2.2.jar:5.2.2]
	at org.apache.poi.ooxml.util.PackageHelper.open(PackageHelper.java:59) ~[poi-ooxml-5.2.2.jar:5.2.2]
	at org.apache.poi.xssf.usermodel.XSSFWorkbook.<init>(XSSFWorkbook.java:289) ~[poi-ooxml-5.2.2.jar:5.2.2]
	at org.apache.poi.xssf.usermodel.XSSFWorkbook.<init>(XSSFWorkbook.java:285) ~[poi-ooxml-5.2.2.jar:5.2.2]
	at com.MOFutility.API_Excelutilities.readServiceIdFromExcel(API_Excelutilities.java:20) ~[test-classes/:?]
	at com.MOF.constants.API_URL.<clinit>(API_URL.java:256) ~[test-classes/:?]
	at com.MOFapi.MOFapi.Fetchvalid_SingleService_ValidServiceid(MOFapi.java:4891) ~[test-classes/:?]
	at jdk.internal.reflect.DirectMethodHandleAccessor.invoke(DirectMethodHandleAccessor.java:103) ~[?:?]
	at java.lang.reflect.Method.invoke(Method.java:580) ~[?:?]
	at org.testng.internal.MethodInvocationHelper.invokeMethod(MethodInvocationHelper.java:124) ~[testng-6.14.3.jar:?]
	at org.testng.internal.Invoker.invokeMethod(Invoker.java:583) ~[testng-6.14.3.jar:?]
	at org.testng.internal.Invoker.invokeTestMethod(Invoker.java:719) ~[testng-6.14.3.jar:?]
	at org.testng.internal.Invoker.invokeTestMethods(Invoker.java:989) ~[testng-6.14.3.jar:?]
	at org.testng.internal.TestMethodWorker.invokeTestMethods(TestMethodWorker.java:125) ~[testng-6.14.3.jar:?]
	at org.testng.internal.TestMethodWorker.run(TestMethodWorker.java:109) ~[testng-6.14.3.jar:?]
	at org.testng.TestRunner.privateRun(TestRunner.java:648) ~[testng-6.14.3.jar:?]
	at org.testng.TestRunner.run(TestRunner.java:505) ~[testng-6.14.3.jar:?]
	at org.testng.SuiteRunner.runTest(SuiteRunner.java:455) ~[testng-6.14.3.jar:?]
	at org.testng.SuiteRunner.runSequentially(SuiteRunner.java:450) ~[testng-6.14.3.jar:?]
	at org.testng.SuiteRunner.privateRun(SuiteRunner.java:415) ~[testng-6.14.3.jar:?]
	at org.testng.SuiteRunner.run(SuiteRunner.java:364) ~[testng-6.14.3.jar:?]
	at org.testng.SuiteRunnerWorker.runSuite(SuiteRunnerWorker.java:52) ~[testng-6.14.3.jar:?]
	at org.testng.SuiteRunnerWorker.run(SuiteRunnerWorker.java:84) ~[testng-6.14.3.jar:?]
	at org.testng.TestNG.runSuitesSequentially(TestNG.java:1208) ~[testng-6.14.3.jar:?]
	at org.testng.TestNG.runSuitesLocally(TestNG.java:1137) ~[testng-6.14.3.jar:?]
	at org.testng.TestNG.runSuites(TestNG.java:1049) ~[testng-6.14.3.jar:?]
	at org.testng.TestNG.run(TestNG.java:1017) ~[testng-6.14.3.jar:?]
	at org.apache.maven.surefire.testng.TestNGExecutor.run(TestNGExecutor.java:308) ~[surefire-testng-3.3.0.jar:3.3.0]
	at org.apache.maven.surefire.testng.TestNGXmlTestSuite.execute(TestNGXmlTestSuite.java:71) ~[surefire-testng-3.3.0.jar:3.3.0]
	at org.apache.maven.surefire.testng.TestNGProvider.invoke(TestNGProvider.java:113) ~[surefire-testng-3.3.0.jar:3.3.0]
	at org.apache.maven.surefire.booter.ForkedBooter.runSuitesInProcess(ForkedBooter.java:385) ~[surefire-booter-3.3.0.jar:3.3.0]
	at org.apache.maven.surefire.booter.ForkedBooter.execute(ForkedBooter.java:162) ~[surefire-booter-3.3.0.jar:3.3.0]
	at org.apache.maven.surefire.booter.ForkedBooter.run(ForkedBooter.java:507) ~[surefire-booter-3.3.0.jar:3.3.0]
	at org.apache.maven.surefire.booter.ForkedBooter.main(ForkedBooter.java:495) ~[surefire-booter-3.3.0.jar:3.3.0]
17:05:54.547 [main] ERROR org.apache.poi.openxml4j.opc.PackageRelationshipCollection - Cannot convert mailto:ALPA@#$%^245234534 in a valid relationship URI-> dummy-URI used
java.net.URISyntaxException: Malformed escape pair at index 14: mailto:ALPA@#$%^245234534
	at java.net.URI$Parser.fail(URI.java:2995) ~[?:?]
	at java.net.URI$Parser.scanEscape(URI.java:3123) ~[?:?]
	at java.net.URI$Parser.scan(URI.java:3146) ~[?:?]
	at java.net.URI$Parser.checkChars(URI.java:3164) ~[?:?]
	at java.net.URI$Parser.parse(URI.java:3210) ~[?:?]
	at java.net.URI.<init>(URI.java:645) ~[?:?]
	at org.apache.poi.openxml4j.opc.PackagingURIHelper.toURI(PackagingURIHelper.java:723) ~[poi-ooxml-5.2.2.jar:5.2.2]
	at org.apache.poi.openxml4j.opc.PackageRelationshipCollection.parseRelationshipsPart(PackageRelationshipCollection.java:358) ~[poi-ooxml-5.2.2.jar:5.2.2]
	at org.apache.poi.openxml4j.opc.PackageRelationshipCollection.<init>(PackageRelationshipCollection.java:160) ~[poi-ooxml-5.2.2.jar:5.2.2]
	at org.apache.poi.openxml4j.opc.PackageRelationshipCollection.<init>(PackageRelationshipCollection.java:130) ~[poi-ooxml-5.2.2.jar:5.2.2]
	at org.apache.poi.openxml4j.opc.PackagePart.loadRelationships(PackagePart.java:565) ~[poi-ooxml-5.2.2.jar:5.2.2]
	at org.apache.poi.openxml4j.opc.OPCPackage.getParts(OPCPackage.java:745) ~[poi-ooxml-5.2.2.jar:5.2.2]
	at org.apache.poi.openxml4j.opc.OPCPackage.open(OPCPackage.java:315) ~[poi-ooxml-5.2.2.jar:5.2.2]
	at org.apache.poi.ooxml.util.PackageHelper.open(PackageHelper.java:59) ~[poi-ooxml-5.2.2.jar:5.2.2]
	at org.apache.poi.xssf.usermodel.XSSFWorkbook.<init>(XSSFWorkbook.java:289) ~[poi-ooxml-5.2.2.jar:5.2.2]
	at org.apache.poi.xssf.usermodel.XSSFWorkbook.<init>(XSSFWorkbook.java:285) ~[poi-ooxml-5.2.2.jar:5.2.2]
	at com.MOFutility.API_Excelutilities.readServiceIdFromExcel(API_Excelutilities.java:20) ~[test-classes/:?]
	at com.MOF.constants.API_URL.<clinit>(API_URL.java:258) ~[test-classes/:?]
	at com.MOFapi.MOFapi.Fetchvalid_SingleService_ValidServiceid(MOFapi.java:4891) ~[test-classes/:?]
	at jdk.internal.reflect.DirectMethodHandleAccessor.invoke(DirectMethodHandleAccessor.java:103) ~[?:?]
	at java.lang.reflect.Method.invoke(Method.java:580) ~[?:?]
	at org.testng.internal.MethodInvocationHelper.invokeMethod(MethodInvocationHelper.java:124) ~[testng-6.14.3.jar:?]
	at org.testng.internal.Invoker.invokeMethod(Invoker.java:583) ~[testng-6.14.3.jar:?]
	at org.testng.internal.Invoker.invokeTestMethod(Invoker.java:719) ~[testng-6.14.3.jar:?]
	at org.testng.internal.Invoker.invokeTestMethods(Invoker.java:989) ~[testng-6.14.3.jar:?]
	at org.testng.internal.TestMethodWorker.invokeTestMethods(TestMethodWorker.java:125) ~[testng-6.14.3.jar:?]
	at org.testng.internal.TestMethodWorker.run(TestMethodWorker.java:109) ~[testng-6.14.3.jar:?]
	at org.testng.TestRunner.privateRun(TestRunner.java:648) ~[testng-6.14.3.jar:?]
	at org.testng.TestRunner.run(TestRunner.java:505) ~[testng-6.14.3.jar:?]
	at org.testng.SuiteRunner.runTest(SuiteRunner.java:455) ~[testng-6.14.3.jar:?]
	at org.testng.SuiteRunner.runSequentially(SuiteRunner.java:450) ~[testng-6.14.3.jar:?]
	at org.testng.SuiteRunner.privateRun(SuiteRunner.java:415) ~[testng-6.14.3.jar:?]
	at org.testng.SuiteRunner.run(SuiteRunner.java:364) ~[testng-6.14.3.jar:?]
	at org.testng.SuiteRunnerWorker.runSuite(SuiteRunnerWorker.java:52) ~[testng-6.14.3.jar:?]
	at org.testng.SuiteRunnerWorker.run(SuiteRunnerWorker.java:84) ~[testng-6.14.3.jar:?]
	at org.testng.TestNG.runSuitesSequentially(TestNG.java:1208) ~[testng-6.14.3.jar:?]
	at org.testng.TestNG.runSuitesLocally(TestNG.java:1137) ~[testng-6.14.3.jar:?]
	at org.testng.TestNG.runSuites(TestNG.java:1049) ~[testng-6.14.3.jar:?]
	at org.testng.TestNG.run(TestNG.java:1017) ~[testng-6.14.3.jar:?]
	at org.apache.maven.surefire.testng.TestNGExecutor.run(TestNGExecutor.java:308) ~[surefire-testng-3.3.0.jar:3.3.0]
	at org.apache.maven.surefire.testng.TestNGXmlTestSuite.execute(TestNGXmlTestSuite.java:71) ~[surefire-testng-3.3.0.jar:3.3.0]
	at org.apache.maven.surefire.testng.TestNGProvider.invoke(TestNGProvider.java:113) ~[surefire-testng-3.3.0.jar:3.3.0]
	at org.apache.maven.surefire.booter.ForkedBooter.runSuitesInProcess(ForkedBooter.java:385) ~[surefire-booter-3.3.0.jar:3.3.0]
	at org.apache.maven.surefire.booter.ForkedBooter.execute(ForkedBooter.java:162) ~[surefire-booter-3.3.0.jar:3.3.0]
	at org.apache.maven.surefire.booter.ForkedBooter.run(ForkedBooter.java:507) ~[surefire-booter-3.3.0.jar:3.3.0]
	at org.apache.maven.surefire.booter.ForkedBooter.main(ForkedBooter.java:495) ~[surefire-booter-3.3.0.jar:3.3.0]
17:05:54.548 [main] ERROR org.apache.poi.openxml4j.opc.PackageRelationshipCollection - Cannot convert mailto:ALPHAAAAAA@@@@@!@##$$$%12344 in a valid relationship URI-> dummy-URI used
java.net.URISyntaxException: Illegal character in fragment at index 25: mailto:ALPHAAAAAA@@@@@!@##$$$%12344
	at java.net.URI$Parser.fail(URI.java:2995) ~[?:?]
	at java.net.URI$Parser.checkChars(URI.java:3166) ~[?:?]
	at java.net.URI$Parser.parse(URI.java:3210) ~[?:?]
	at java.net.URI.<init>(URI.java:645) ~[?:?]
	at org.apache.poi.openxml4j.opc.PackagingURIHelper.toURI(PackagingURIHelper.java:723) ~[poi-ooxml-5.2.2.jar:5.2.2]
	at org.apache.poi.openxml4j.opc.PackageRelationshipCollection.parseRelationshipsPart(PackageRelationshipCollection.java:358) ~[poi-ooxml-5.2.2.jar:5.2.2]
	at org.apache.poi.openxml4j.opc.PackageRelationshipCollection.<init>(PackageRelationshipCollection.java:160) ~[poi-ooxml-5.2.2.jar:5.2.2]
	at org.apache.poi.openxml4j.opc.PackageRelationshipCollection.<init>(PackageRelationshipCollection.java:130) ~[poi-ooxml-5.2.2.jar:5.2.2]
	at org.apache.poi.openxml4j.opc.PackagePart.loadRelationships(PackagePart.java:565) ~[poi-ooxml-5.2.2.jar:5.2.2]
	at org.apache.poi.openxml4j.opc.OPCPackage.getParts(OPCPackage.java:745) ~[poi-ooxml-5.2.2.jar:5.2.2]
	at org.apache.poi.openxml4j.opc.OPCPackage.open(OPCPackage.java:315) ~[poi-ooxml-5.2.2.jar:5.2.2]
	at org.apache.poi.ooxml.util.PackageHelper.open(PackageHelper.java:59) ~[poi-ooxml-5.2.2.jar:5.2.2]
	at org.apache.poi.xssf.usermodel.XSSFWorkbook.<init>(XSSFWorkbook.java:289) ~[poi-ooxml-5.2.2.jar:5.2.2]
	at org.apache.poi.xssf.usermodel.XSSFWorkbook.<init>(XSSFWorkbook.java:285) ~[poi-ooxml-5.2.2.jar:5.2.2]
	at com.MOFutility.API_Excelutilities.readServiceIdFromExcel(API_Excelutilities.java:20) ~[test-classes/:?]
	at com.MOF.constants.API_URL.<clinit>(API_URL.java:258) ~[test-classes/:?]
	at com.MOFapi.MOFapi.Fetchvalid_SingleService_ValidServiceid(MOFapi.java:4891) ~[test-classes/:?]
	at jdk.internal.reflect.DirectMethodHandleAccessor.invoke(DirectMethodHandleAccessor.java:103) ~[?:?]
	at java.lang.reflect.Method.invoke(Method.java:580) ~[?:?]
	at org.testng.internal.MethodInvocationHelper.invokeMethod(MethodInvocationHelper.java:124) ~[testng-6.14.3.jar:?]
	at org.testng.internal.Invoker.invokeMethod(Invoker.java:583) ~[testng-6.14.3.jar:?]
	at org.testng.internal.Invoker.invokeTestMethod(Invoker.java:719) ~[testng-6.14.3.jar:?]
	at org.testng.internal.Invoker.invokeTestMethods(Invoker.java:989) ~[testng-6.14.3.jar:?]
	at org.testng.internal.TestMethodWorker.invokeTestMethods(TestMethodWorker.java:125) ~[testng-6.14.3.jar:?]
	at org.testng.internal.TestMethodWorker.run(TestMethodWorker.java:109) ~[testng-6.14.3.jar:?]
	at org.testng.TestRunner.privateRun(TestRunner.java:648) ~[testng-6.14.3.jar:?]
	at org.testng.TestRunner.run(TestRunner.java:505) ~[testng-6.14.3.jar:?]
	at org.testng.SuiteRunner.runTest(SuiteRunner.java:455) ~[testng-6.14.3.jar:?]
	at org.testng.SuiteRunner.runSequentially(SuiteRunner.java:450) ~[testng-6.14.3.jar:?]
	at org.testng.SuiteRunner.privateRun(SuiteRunner.java:415) ~[testng-6.14.3.jar:?]
	at org.testng.SuiteRunner.run(SuiteRunner.java:364) ~[testng-6.14.3.jar:?]
	at org.testng.SuiteRunnerWorker.runSuite(SuiteRunnerWorker.java:52) ~[testng-6.14.3.jar:?]
	at org.testng.SuiteRunnerWorker.run(SuiteRunnerWorker.java:84) ~[testng-6.14.3.jar:?]
	at org.testng.TestNG.runSuitesSequentially(TestNG.java:1208) ~[testng-6.14.3.jar:?]
	at org.testng.TestNG.runSuitesLocally(TestNG.java:1137) ~[testng-6.14.3.jar:?]
	at org.testng.TestNG.runSuites(TestNG.java:1049) ~[testng-6.14.3.jar:?]
	at org.testng.TestNG.run(TestNG.java:1017) ~[testng-6.14.3.jar:?]
	at org.apache.maven.surefire.testng.TestNGExecutor.run(TestNGExecutor.java:308) ~[surefire-testng-3.3.0.jar:3.3.0]
	at org.apache.maven.surefire.testng.TestNGXmlTestSuite.execute(TestNGXmlTestSuite.java:71) ~[surefire-testng-3.3.0.jar:3.3.0]
	at org.apache.maven.surefire.testng.TestNGProvider.invoke(TestNGProvider.java:113) ~[surefire-testng-3.3.0.jar:3.3.0]
	at org.apache.maven.surefire.booter.ForkedBooter.runSuitesInProcess(ForkedBooter.java:385) ~[surefire-booter-3.3.0.jar:3.3.0]
	at org.apache.maven.surefire.booter.ForkedBooter.execute(ForkedBooter.java:162) ~[surefire-booter-3.3.0.jar:3.3.0]
	at org.apache.maven.surefire.booter.ForkedBooter.run(ForkedBooter.java:507) ~[surefire-booter-3.3.0.jar:3.3.0]
	at org.apache.maven.surefire.booter.ForkedBooter.main(ForkedBooter.java:495) ~[surefire-booter-3.3.0.jar:3.3.0]
17:05:54.549 [main] ERROR org.apache.poi.openxml4j.opc.PackageRelationshipCollection - Cannot convert mailto:2343456378912@#&^*gvadhfbjnf in a valid relationship URI-> dummy-URI used
java.net.URISyntaxException: Illegal character in fragment at index 23: mailto:2343456378912@#&^*gvadhfbjnf
	at java.net.URI$Parser.fail(URI.java:2995) ~[?:?]
	at java.net.URI$Parser.checkChars(URI.java:3166) ~[?:?]
	at java.net.URI$Parser.parse(URI.java:3210) ~[?:?]
	at java.net.URI.<init>(URI.java:645) ~[?:?]
	at org.apache.poi.openxml4j.opc.PackagingURIHelper.toURI(PackagingURIHelper.java:723) ~[poi-ooxml-5.2.2.jar:5.2.2]
	at org.apache.poi.openxml4j.opc.PackageRelationshipCollection.parseRelationshipsPart(PackageRelationshipCollection.java:358) ~[poi-ooxml-5.2.2.jar:5.2.2]
	at org.apache.poi.openxml4j.opc.PackageRelationshipCollection.<init>(PackageRelationshipCollection.java:160) ~[poi-ooxml-5.2.2.jar:5.2.2]
	at org.apache.poi.openxml4j.opc.PackageRelationshipCollection.<init>(PackageRelationshipCollection.java:130) ~[poi-ooxml-5.2.2.jar:5.2.2]
	at org.apache.poi.openxml4j.opc.PackagePart.loadRelationships(PackagePart.java:565) ~[poi-ooxml-5.2.2.jar:5.2.2]
	at org.apache.poi.openxml4j.opc.OPCPackage.getParts(OPCPackage.java:745) ~[poi-ooxml-5.2.2.jar:5.2.2]
	at org.apache.poi.openxml4j.opc.OPCPackage.open(OPCPackage.java:315) ~[poi-ooxml-5.2.2.jar:5.2.2]
	at org.apache.poi.ooxml.util.PackageHelper.open(PackageHelper.java:59) ~[poi-ooxml-5.2.2.jar:5.2.2]
	at org.apache.poi.xssf.usermodel.XSSFWorkbook.<init>(XSSFWorkbook.java:289) ~[poi-ooxml-5.2.2.jar:5.2.2]
	at org.apache.poi.xssf.usermodel.XSSFWorkbook.<init>(XSSFWorkbook.java:285) ~[poi-ooxml-5.2.2.jar:5.2.2]
	at com.MOFutility.API_Excelutilities.readServiceIdFromExcel(API_Excelutilities.java:20) ~[test-classes/:?]
	at com.MOF.constants.API_URL.<clinit>(API_URL.java:258) ~[test-classes/:?]
	at com.MOFapi.MOFapi.Fetchvalid_SingleService_ValidServiceid(MOFapi.java:4891) ~[test-classes/:?]
	at jdk.internal.reflect.DirectMethodHandleAccessor.invoke(DirectMethodHandleAccessor.java:103) ~[?:?]
	at java.lang.reflect.Method.invoke(Method.java:580) ~[?:?]
	at org.testng.internal.MethodInvocationHelper.invokeMethod(MethodInvocationHelper.java:124) ~[testng-6.14.3.jar:?]
	at org.testng.internal.Invoker.invokeMethod(Invoker.java:583) ~[testng-6.14.3.jar:?]
	at org.testng.internal.Invoker.invokeTestMethod(Invoker.java:719) ~[testng-6.14.3.jar:?]
	at org.testng.internal.Invoker.invokeTestMethods(Invoker.java:989) ~[testng-6.14.3.jar:?]
	at org.testng.internal.TestMethodWorker.invokeTestMethods(TestMethodWorker.java:125) ~[testng-6.14.3.jar:?]
	at org.testng.internal.TestMethodWorker.run(TestMethodWorker.java:109) ~[testng-6.14.3.jar:?]
	at org.testng.TestRunner.privateRun(TestRunner.java:648) ~[testng-6.14.3.jar:?]
	at org.testng.TestRunner.run(TestRunner.java:505) ~[testng-6.14.3.jar:?]
	at org.testng.SuiteRunner.runTest(SuiteRunner.java:455) ~[testng-6.14.3.jar:?]
	at org.testng.SuiteRunner.runSequentially(SuiteRunner.java:450) ~[testng-6.14.3.jar:?]
	at org.testng.SuiteRunner.privateRun(SuiteRunner.java:415) ~[testng-6.14.3.jar:?]
	at org.testng.SuiteRunner.run(SuiteRunner.java:364) ~[testng-6.14.3.jar:?]
	at org.testng.SuiteRunnerWorker.runSuite(SuiteRunnerWorker.java:52) ~[testng-6.14.3.jar:?]
	at org.testng.SuiteRunnerWorker.run(SuiteRunnerWorker.java:84) ~[testng-6.14.3.jar:?]
	at org.testng.TestNG.runSuitesSequentially(TestNG.java:1208) ~[testng-6.14.3.jar:?]
	at org.testng.TestNG.runSuitesLocally(TestNG.java:1137) ~[testng-6.14.3.jar:?]
	at org.testng.TestNG.runSuites(TestNG.java:1049) ~[testng-6.14.3.jar:?]
	at org.testng.TestNG.run(TestNG.java:1017) ~[testng-6.14.3.jar:?]
	at org.apache.maven.surefire.testng.TestNGExecutor.run(TestNGExecutor.java:308) ~[surefire-testng-3.3.0.jar:3.3.0]
	at org.apache.maven.surefire.testng.TestNGXmlTestSuite.execute(TestNGXmlTestSuite.java:71) ~[surefire-testng-3.3.0.jar:3.3.0]
	at org.apache.maven.surefire.testng.TestNGProvider.invoke(TestNGProvider.java:113) ~[surefire-testng-3.3.0.jar:3.3.0]
	at org.apache.maven.surefire.booter.ForkedBooter.runSuitesInProcess(ForkedBooter.java:385) ~[surefire-booter-3.3.0.jar:3.3.0]
	at org.apache.maven.surefire.booter.ForkedBooter.execute(ForkedBooter.java:162) ~[surefire-booter-3.3.0.jar:3.3.0]
	at org.apache.maven.surefire.booter.ForkedBooter.run(ForkedBooter.java:507) ~[surefire-booter-3.3.0.jar:3.3.0]
	at org.apache.maven.surefire.booter.ForkedBooter.main(ForkedBooter.java:495) ~[surefire-booter-3.3.0.jar:3.3.0]
17:05:54.571 [main] ERROR org.apache.poi.openxml4j.opc.PackageRelationshipCollection - Cannot convert mailto:ALPA@#$%^245234534 in a valid relationship URI-> dummy-URI used
java.net.URISyntaxException: Malformed escape pair at index 14: mailto:ALPA@#$%^245234534
	at java.net.URI$Parser.fail(URI.java:2995) ~[?:?]
	at java.net.URI$Parser.scanEscape(URI.java:3123) ~[?:?]
	at java.net.URI$Parser.scan(URI.java:3146) ~[?:?]
	at java.net.URI$Parser.checkChars(URI.java:3164) ~[?:?]
	at java.net.URI$Parser.parse(URI.java:3210) ~[?:?]
	at java.net.URI.<init>(URI.java:645) ~[?:?]
	at org.apache.poi.openxml4j.opc.PackagingURIHelper.toURI(PackagingURIHelper.java:723) ~[poi-ooxml-5.2.2.jar:5.2.2]
	at org.apache.poi.openxml4j.opc.PackageRelationshipCollection.parseRelationshipsPart(PackageRelationshipCollection.java:358) ~[poi-ooxml-5.2.2.jar:5.2.2]
	at org.apache.poi.openxml4j.opc.PackageRelationshipCollection.<init>(PackageRelationshipCollection.java:160) ~[poi-ooxml-5.2.2.jar:5.2.2]
	at org.apache.poi.openxml4j.opc.PackageRelationshipCollection.<init>(PackageRelationshipCollection.java:130) ~[poi-ooxml-5.2.2.jar:5.2.2]
	at org.apache.poi.openxml4j.opc.PackagePart.loadRelationships(PackagePart.java:565) ~[poi-ooxml-5.2.2.jar:5.2.2]
	at org.apache.poi.openxml4j.opc.OPCPackage.getParts(OPCPackage.java:745) ~[poi-ooxml-5.2.2.jar:5.2.2]
	at org.apache.poi.openxml4j.opc.OPCPackage.open(OPCPackage.java:315) ~[poi-ooxml-5.2.2.jar:5.2.2]
	at org.apache.poi.ooxml.util.PackageHelper.open(PackageHelper.java:59) ~[poi-ooxml-5.2.2.jar:5.2.2]
	at org.apache.poi.xssf.usermodel.XSSFWorkbook.<init>(XSSFWorkbook.java:289) ~[poi-ooxml-5.2.2.jar:5.2.2]
	at org.apache.poi.xssf.usermodel.XSSFWorkbook.<init>(XSSFWorkbook.java:285) ~[poi-ooxml-5.2.2.jar:5.2.2]
	at com.MOFutility.API_Excelutilities.readServiceIdFromExcel(API_Excelutilities.java:20) ~[test-classes/:?]
	at com.MOF.constants.API_URL.<clinit>(API_URL.java:259) ~[test-classes/:?]
	at com.MOFapi.MOFapi.Fetchvalid_SingleService_ValidServiceid(MOFapi.java:4891) ~[test-classes/:?]
	at jdk.internal.reflect.DirectMethodHandleAccessor.invoke(DirectMethodHandleAccessor.java:103) ~[?:?]
	at java.lang.reflect.Method.invoke(Method.java:580) ~[?:?]
	at org.testng.internal.MethodInvocationHelper.invokeMethod(MethodInvocationHelper.java:124) ~[testng-6.14.3.jar:?]
	at org.testng.internal.Invoker.invokeMethod(Invoker.java:583) ~[testng-6.14.3.jar:?]
	at org.testng.internal.Invoker.invokeTestMethod(Invoker.java:719) ~[testng-6.14.3.jar:?]
	at org.testng.internal.Invoker.invokeTestMethods(Invoker.java:989) ~[testng-6.14.3.jar:?]
	at org.testng.internal.TestMethodWorker.invokeTestMethods(TestMethodWorker.java:125) ~[testng-6.14.3.jar:?]
	at org.testng.internal.TestMethodWorker.run(TestMethodWorker.java:109) ~[testng-6.14.3.jar:?]
	at org.testng.TestRunner.privateRun(TestRunner.java:648) ~[testng-6.14.3.jar:?]
	at org.testng.TestRunner.run(TestRunner.java:505) ~[testng-6.14.3.jar:?]
	at org.testng.SuiteRunner.runTest(SuiteRunner.java:455) ~[testng-6.14.3.jar:?]
	at org.testng.SuiteRunner.runSequentially(SuiteRunner.java:450) ~[testng-6.14.3.jar:?]
	at org.testng.SuiteRunner.privateRun(SuiteRunner.java:415) ~[testng-6.14.3.jar:?]
	at org.testng.SuiteRunner.run(SuiteRunner.java:364) ~[testng-6.14.3.jar:?]
	at org.testng.SuiteRunnerWorker.runSuite(SuiteRunnerWorker.java:52) ~[testng-6.14.3.jar:?]
	at org.testng.SuiteRunnerWorker.run(SuiteRunnerWorker.java:84) ~[testng-6.14.3.jar:?]
	at org.testng.TestNG.runSuitesSequentially(TestNG.java:1208) ~[testng-6.14.3.jar:?]
	at org.testng.TestNG.runSuitesLocally(TestNG.java:1137) ~[testng-6.14.3.jar:?]
	at org.testng.TestNG.runSuites(TestNG.java:1049) ~[testng-6.14.3.jar:?]
	at org.testng.TestNG.run(TestNG.java:1017) ~[testng-6.14.3.jar:?]
	at org.apache.maven.surefire.testng.TestNGExecutor.run(TestNGExecutor.java:308) ~[surefire-testng-3.3.0.jar:3.3.0]
	at org.apache.maven.surefire.testng.TestNGXmlTestSuite.execute(TestNGXmlTestSuite.java:71) ~[surefire-testng-3.3.0.jar:3.3.0]
	at org.apache.maven.surefire.testng.TestNGProvider.invoke(TestNGProvider.java:113) ~[surefire-testng-3.3.0.jar:3.3.0]
	at org.apache.maven.surefire.booter.ForkedBooter.runSuitesInProcess(ForkedBooter.java:385) ~[surefire-booter-3.3.0.jar:3.3.0]
	at org.apache.maven.surefire.booter.ForkedBooter.execute(ForkedBooter.java:162) ~[surefire-booter-3.3.0.jar:3.3.0]
	at org.apache.maven.surefire.booter.ForkedBooter.run(ForkedBooter.java:507) ~[surefire-booter-3.3.0.jar:3.3.0]
	at org.apache.maven.surefire.booter.ForkedBooter.main(ForkedBooter.java:495) ~[surefire-booter-3.3.0.jar:3.3.0]
17:05:54.572 [main] ERROR org.apache.poi.openxml4j.opc.PackageRelationshipCollection - Cannot convert mailto:ALPHAAAAAA@@@@@!@##$$$%12344 in a valid relationship URI-> dummy-URI used
java.net.URISyntaxException: Illegal character in fragment at index 25: mailto:ALPHAAAAAA@@@@@!@##$$$%12344
	at java.net.URI$Parser.fail(URI.java:2995) ~[?:?]
	at java.net.URI$Parser.checkChars(URI.java:3166) ~[?:?]
	at java.net.URI$Parser.parse(URI.java:3210) ~[?:?]
	at java.net.URI.<init>(URI.java:645) ~[?:?]
	at org.apache.poi.openxml4j.opc.PackagingURIHelper.toURI(PackagingURIHelper.java:723) ~[poi-ooxml-5.2.2.jar:5.2.2]
	at org.apache.poi.openxml4j.opc.PackageRelationshipCollection.parseRelationshipsPart(PackageRelationshipCollection.java:358) ~[poi-ooxml-5.2.2.jar:5.2.2]
	at org.apache.poi.openxml4j.opc.PackageRelationshipCollection.<init>(PackageRelationshipCollection.java:160) ~[poi-ooxml-5.2.2.jar:5.2.2]
	at org.apache.poi.openxml4j.opc.PackageRelationshipCollection.<init>(PackageRelationshipCollection.java:130) ~[poi-ooxml-5.2.2.jar:5.2.2]
	at org.apache.poi.openxml4j.opc.PackagePart.loadRelationships(PackagePart.java:565) ~[poi-ooxml-5.2.2.jar:5.2.2]
	at org.apache.poi.openxml4j.opc.OPCPackage.getParts(OPCPackage.java:745) ~[poi-ooxml-5.2.2.jar:5.2.2]
	at org.apache.poi.openxml4j.opc.OPCPackage.open(OPCPackage.java:315) ~[poi-ooxml-5.2.2.jar:5.2.2]
	at org.apache.poi.ooxml.util.PackageHelper.open(PackageHelper.java:59) ~[poi-ooxml-5.2.2.jar:5.2.2]
	at org.apache.poi.xssf.usermodel.XSSFWorkbook.<init>(XSSFWorkbook.java:289) ~[poi-ooxml-5.2.2.jar:5.2.2]
	at org.apache.poi.xssf.usermodel.XSSFWorkbook.<init>(XSSFWorkbook.java:285) ~[poi-ooxml-5.2.2.jar:5.2.2]
	at com.MOFutility.API_Excelutilities.readServiceIdFromExcel(API_Excelutilities.java:20) ~[test-classes/:?]
	at com.MOF.constants.API_URL.<clinit>(API_URL.java:259) ~[test-classes/:?]
	at com.MOFapi.MOFapi.Fetchvalid_SingleService_ValidServiceid(MOFapi.java:4891) ~[test-classes/:?]
	at jdk.internal.reflect.DirectMethodHandleAccessor.invoke(DirectMethodHandleAccessor.java:103) ~[?:?]
	at java.lang.reflect.Method.invoke(Method.java:580) ~[?:?]
	at org.testng.internal.MethodInvocationHelper.invokeMethod(MethodInvocationHelper.java:124) ~[testng-6.14.3.jar:?]
	at org.testng.internal.Invoker.invokeMethod(Invoker.java:583) ~[testng-6.14.3.jar:?]
	at org.testng.internal.Invoker.invokeTestMethod(Invoker.java:719) ~[testng-6.14.3.jar:?]
	at org.testng.internal.Invoker.invokeTestMethods(Invoker.java:989) ~[testng-6.14.3.jar:?]
	at org.testng.internal.TestMethodWorker.invokeTestMethods(TestMethodWorker.java:125) ~[testng-6.14.3.jar:?]
	at org.testng.internal.TestMethodWorker.run(TestMethodWorker.java:109) ~[testng-6.14.3.jar:?]
	at org.testng.TestRunner.privateRun(TestRunner.java:648) ~[testng-6.14.3.jar:?]
	at org.testng.TestRunner.run(TestRunner.java:505) ~[testng-6.14.3.jar:?]
	at org.testng.SuiteRunner.runTest(SuiteRunner.java:455) ~[testng-6.14.3.jar:?]
	at org.testng.SuiteRunner.runSequentially(SuiteRunner.java:450) ~[testng-6.14.3.jar:?]
	at org.testng.SuiteRunner.privateRun(SuiteRunner.java:415) ~[testng-6.14.3.jar:?]
	at org.testng.SuiteRunner.run(SuiteRunner.java:364) ~[testng-6.14.3.jar:?]
	at org.testng.SuiteRunnerWorker.runSuite(SuiteRunnerWorker.java:52) ~[testng-6.14.3.jar:?]
	at org.testng.SuiteRunnerWorker.run(SuiteRunnerWorker.java:84) ~[testng-6.14.3.jar:?]
	at org.testng.TestNG.runSuitesSequentially(TestNG.java:1208) ~[testng-6.14.3.jar:?]
	at org.testng.TestNG.runSuitesLocally(TestNG.java:1137) ~[testng-6.14.3.jar:?]
	at org.testng.TestNG.runSuites(TestNG.java:1049) ~[testng-6.14.3.jar:?]
	at org.testng.TestNG.run(TestNG.java:1017) ~[testng-6.14.3.jar:?]
	at org.apache.maven.surefire.testng.TestNGExecutor.run(TestNGExecutor.java:308) ~[surefire-testng-3.3.0.jar:3.3.0]
	at org.apache.maven.surefire.testng.TestNGXmlTestSuite.execute(TestNGXmlTestSuite.java:71) ~[surefire-testng-3.3.0.jar:3.3.0]
	at org.apache.maven.surefire.testng.TestNGProvider.invoke(TestNGProvider.java:113) ~[surefire-testng-3.3.0.jar:3.3.0]
	at org.apache.maven.surefire.booter.ForkedBooter.runSuitesInProcess(ForkedBooter.java:385) ~[surefire-booter-3.3.0.jar:3.3.0]
	at org.apache.maven.surefire.booter.ForkedBooter.execute(ForkedBooter.java:162) ~[surefire-booter-3.3.0.jar:3.3.0]
	at org.apache.maven.surefire.booter.ForkedBooter.run(ForkedBooter.java:507) ~[surefire-booter-3.3.0.jar:3.3.0]
	at org.apache.maven.surefire.booter.ForkedBooter.main(ForkedBooter.java:495) ~[surefire-booter-3.3.0.jar:3.3.0]
17:05:54.573 [main] ERROR org.apache.poi.openxml4j.opc.PackageRelationshipCollection - Cannot convert mailto:2343456378912@#&^*gvadhfbjnf in a valid relationship URI-> dummy-URI used
java.net.URISyntaxException: Illegal character in fragment at index 23: mailto:2343456378912@#&^*gvadhfbjnf
	at java.net.URI$Parser.fail(URI.java:2995) ~[?:?]
	at java.net.URI$Parser.checkChars(URI.java:3166) ~[?:?]
	at java.net.URI$Parser.parse(URI.java:3210) ~[?:?]
	at java.net.URI.<init>(URI.java:645) ~[?:?]
	at org.apache.poi.openxml4j.opc.PackagingURIHelper.toURI(PackagingURIHelper.java:723) ~[poi-ooxml-5.2.2.jar:5.2.2]
	at org.apache.poi.openxml4j.opc.PackageRelationshipCollection.parseRelationshipsPart(PackageRelationshipCollection.java:358) ~[poi-ooxml-5.2.2.jar:5.2.2]
	at org.apache.poi.openxml4j.opc.PackageRelationshipCollection.<init>(PackageRelationshipCollection.java:160) ~[poi-ooxml-5.2.2.jar:5.2.2]
	at org.apache.poi.openxml4j.opc.PackageRelationshipCollection.<init>(PackageRelationshipCollection.java:130) ~[poi-ooxml-5.2.2.jar:5.2.2]
	at org.apache.poi.openxml4j.opc.PackagePart.loadRelationships(PackagePart.java:565) ~[poi-ooxml-5.2.2.jar:5.2.2]
	at org.apache.poi.openxml4j.opc.OPCPackage.getParts(OPCPackage.java:745) ~[poi-ooxml-5.2.2.jar:5.2.2]
	at org.apache.poi.openxml4j.opc.OPCPackage.open(OPCPackage.java:315) ~[poi-ooxml-5.2.2.jar:5.2.2]
	at org.apache.poi.ooxml.util.PackageHelper.open(PackageHelper.java:59) ~[poi-ooxml-5.2.2.jar:5.2.2]
	at org.apache.poi.xssf.usermodel.XSSFWorkbook.<init>(XSSFWorkbook.java:289) ~[poi-ooxml-5.2.2.jar:5.2.2]
	at org.apache.poi.xssf.usermodel.XSSFWorkbook.<init>(XSSFWorkbook.java:285) ~[poi-ooxml-5.2.2.jar:5.2.2]
	at com.MOFutility.API_Excelutilities.readServiceIdFromExcel(API_Excelutilities.java:20) ~[test-classes/:?]
	at com.MOF.constants.API_URL.<clinit>(API_URL.java:259) ~[test-classes/:?]
	at com.MOFapi.MOFapi.Fetchvalid_SingleService_ValidServiceid(MOFapi.java:4891) ~[test-classes/:?]
	at jdk.internal.reflect.DirectMethodHandleAccessor.invoke(DirectMethodHandleAccessor.java:103) ~[?:?]
	at java.lang.reflect.Method.invoke(Method.java:580) ~[?:?]
	at org.testng.internal.MethodInvocationHelper.invokeMethod(MethodInvocationHelper.java:124) ~[testng-6.14.3.jar:?]
	at org.testng.internal.Invoker.invokeMethod(Invoker.java:583) ~[testng-6.14.3.jar:?]
	at org.testng.internal.Invoker.invokeTestMethod(Invoker.java:719) ~[testng-6.14.3.jar:?]
	at org.testng.internal.Invoker.invokeTestMethods(Invoker.java:989) ~[testng-6.14.3.jar:?]
	at org.testng.internal.TestMethodWorker.invokeTestMethods(TestMethodWorker.java:125) ~[testng-6.14.3.jar:?]
	at org.testng.internal.TestMethodWorker.run(TestMethodWorker.java:109) ~[testng-6.14.3.jar:?]
	at org.testng.TestRunner.privateRun(TestRunner.java:648) ~[testng-6.14.3.jar:?]
	at org.testng.TestRunner.run(TestRunner.java:505) ~[testng-6.14.3.jar:?]
	at org.testng.SuiteRunner.runTest(SuiteRunner.java:455) ~[testng-6.14.3.jar:?]
	at org.testng.SuiteRunner.runSequentially(SuiteRunner.java:450) ~[testng-6.14.3.jar:?]
	at org.testng.SuiteRunner.privateRun(SuiteRunner.java:415) ~[testng-6.14.3.jar:?]
	at org.testng.SuiteRunner.run(SuiteRunner.java:364) ~[testng-6.14.3.jar:?]
	at org.testng.SuiteRunnerWorker.runSuite(SuiteRunnerWorker.java:52) ~[testng-6.14.3.jar:?]
	at org.testng.SuiteRunnerWorker.run(SuiteRunnerWorker.java:84) ~[testng-6.14.3.jar:?]
	at org.testng.TestNG.runSuitesSequentially(TestNG.java:1208) ~[testng-6.14.3.jar:?]
	at org.testng.TestNG.runSuitesLocally(TestNG.java:1137) ~[testng-6.14.3.jar:?]
	at org.testng.TestNG.runSuites(TestNG.java:1049) ~[testng-6.14.3.jar:?]
	at org.testng.TestNG.run(TestNG.java:1017) ~[testng-6.14.3.jar:?]
	at org.apache.maven.surefire.testng.TestNGExecutor.run(TestNGExecutor.java:308) ~[surefire-testng-3.3.0.jar:3.3.0]
	at org.apache.maven.surefire.testng.TestNGXmlTestSuite.execute(TestNGXmlTestSuite.java:71) ~[surefire-testng-3.3.0.jar:3.3.0]
	at org.apache.maven.surefire.testng.TestNGProvider.invoke(TestNGProvider.java:113) ~[surefire-testng-3.3.0.jar:3.3.0]
	at org.apache.maven.surefire.booter.ForkedBooter.runSuitesInProcess(ForkedBooter.java:385) ~[surefire-booter-3.3.0.jar:3.3.0]
	at org.apache.maven.surefire.booter.ForkedBooter.execute(ForkedBooter.java:162) ~[surefire-booter-3.3.0.jar:3.3.0]
	at org.apache.maven.surefire.booter.ForkedBooter.run(ForkedBooter.java:507) ~[surefire-booter-3.3.0.jar:3.3.0]
	at org.apache.maven.surefire.booter.ForkedBooter.main(ForkedBooter.java:495) ~[surefire-booter-3.3.0.jar:3.3.0]
17:05:54.591 [main] ERROR org.apache.poi.openxml4j.opc.PackageRelationshipCollection - Cannot convert mailto:ALPA@#$%^245234534 in a valid relationship URI-> dummy-URI used
java.net.URISyntaxException: Malformed escape pair at index 14: mailto:ALPA@#$%^245234534
	at java.net.URI$Parser.fail(URI.java:2995) ~[?:?]
	at java.net.URI$Parser.scanEscape(URI.java:3123) ~[?:?]
	at java.net.URI$Parser.scan(URI.java:3146) ~[?:?]
	at java.net.URI$Parser.checkChars(URI.java:3164) ~[?:?]
	at java.net.URI$Parser.parse(URI.java:3210) ~[?:?]
	at java.net.URI.<init>(URI.java:645) ~[?:?]
	at org.apache.poi.openxml4j.opc.PackagingURIHelper.toURI(PackagingURIHelper.java:723) ~[poi-ooxml-5.2.2.jar:5.2.2]
	at org.apache.poi.openxml4j.opc.PackageRelationshipCollection.parseRelationshipsPart(PackageRelationshipCollection.java:358) ~[poi-ooxml-5.2.2.jar:5.2.2]
	at org.apache.poi.openxml4j.opc.PackageRelationshipCollection.<init>(PackageRelationshipCollection.java:160) ~[poi-ooxml-5.2.2.jar:5.2.2]
	at org.apache.poi.openxml4j.opc.PackageRelationshipCollection.<init>(PackageRelationshipCollection.java:130) ~[poi-ooxml-5.2.2.jar:5.2.2]
	at org.apache.poi.openxml4j.opc.PackagePart.loadRelationships(PackagePart.java:565) ~[poi-ooxml-5.2.2.jar:5.2.2]
	at org.apache.poi.openxml4j.opc.OPCPackage.getParts(OPCPackage.java:745) ~[poi-ooxml-5.2.2.jar:5.2.2]
	at org.apache.poi.openxml4j.opc.OPCPackage.open(OPCPackage.java:315) ~[poi-ooxml-5.2.2.jar:5.2.2]
	at org.apache.poi.ooxml.util.PackageHelper.open(PackageHelper.java:59) ~[poi-ooxml-5.2.2.jar:5.2.2]
	at org.apache.poi.xssf.usermodel.XSSFWorkbook.<init>(XSSFWorkbook.java:289) ~[poi-ooxml-5.2.2.jar:5.2.2]
	at org.apache.poi.xssf.usermodel.XSSFWorkbook.<init>(XSSFWorkbook.java:285) ~[poi-ooxml-5.2.2.jar:5.2.2]
	at com.MOFutility.API_Excelutilities.readServiceIdFromExcel(API_Excelutilities.java:20) ~[test-classes/:?]
	at com.MOF.constants.API_URL.<clinit>(API_URL.java:260) ~[test-classes/:?]
	at com.MOFapi.MOFapi.Fetchvalid_SingleService_ValidServiceid(MOFapi.java:4891) ~[test-classes/:?]
	at jdk.internal.reflect.DirectMethodHandleAccessor.invoke(DirectMethodHandleAccessor.java:103) ~[?:?]
	at java.lang.reflect.Method.invoke(Method.java:580) ~[?:?]
	at org.testng.internal.MethodInvocationHelper.invokeMethod(MethodInvocationHelper.java:124) ~[testng-6.14.3.jar:?]
	at org.testng.internal.Invoker.invokeMethod(Invoker.java:583) ~[testng-6.14.3.jar:?]
	at org.testng.internal.Invoker.invokeTestMethod(Invoker.java:719) ~[testng-6.14.3.jar:?]
	at org.testng.internal.Invoker.invokeTestMethods(Invoker.java:989) ~[testng-6.14.3.jar:?]
	at org.testng.internal.TestMethodWorker.invokeTestMethods(TestMethodWorker.java:125) ~[testng-6.14.3.jar:?]
	at org.testng.internal.TestMethodWorker.run(TestMethodWorker.java:109) ~[testng-6.14.3.jar:?]
	at org.testng.TestRunner.privateRun(TestRunner.java:648) ~[testng-6.14.3.jar:?]
	at org.testng.TestRunner.run(TestRunner.java:505) ~[testng-6.14.3.jar:?]
	at org.testng.SuiteRunner.runTest(SuiteRunner.java:455) ~[testng-6.14.3.jar:?]
	at org.testng.SuiteRunner.runSequentially(SuiteRunner.java:450) ~[testng-6.14.3.jar:?]
	at org.testng.SuiteRunner.privateRun(SuiteRunner.java:415) ~[testng-6.14.3.jar:?]
	at org.testng.SuiteRunner.run(SuiteRunner.java:364) ~[testng-6.14.3.jar:?]
	at org.testng.SuiteRunnerWorker.runSuite(SuiteRunnerWorker.java:52) ~[testng-6.14.3.jar:?]
	at org.testng.SuiteRunnerWorker.run(SuiteRunnerWorker.java:84) ~[testng-6.14.3.jar:?]
	at org.testng.TestNG.runSuitesSequentially(TestNG.java:1208) ~[testng-6.14.3.jar:?]
	at org.testng.TestNG.runSuitesLocally(TestNG.java:1137) ~[testng-6.14.3.jar:?]
	at org.testng.TestNG.runSuites(TestNG.java:1049) ~[testng-6.14.3.jar:?]
	at org.testng.TestNG.run(TestNG.java:1017) ~[testng-6.14.3.jar:?]
	at org.apache.maven.surefire.testng.TestNGExecutor.run(TestNGExecutor.java:308) ~[surefire-testng-3.3.0.jar:3.3.0]
	at org.apache.maven.surefire.testng.TestNGXmlTestSuite.execute(TestNGXmlTestSuite.java:71) ~[surefire-testng-3.3.0.jar:3.3.0]
	at org.apache.maven.surefire.testng.TestNGProvider.invoke(TestNGProvider.java:113) ~[surefire-testng-3.3.0.jar:3.3.0]
	at org.apache.maven.surefire.booter.ForkedBooter.runSuitesInProcess(ForkedBooter.java:385) ~[surefire-booter-3.3.0.jar:3.3.0]
	at org.apache.maven.surefire.booter.ForkedBooter.execute(ForkedBooter.java:162) ~[surefire-booter-3.3.0.jar:3.3.0]
	at org.apache.maven.surefire.booter.ForkedBooter.run(ForkedBooter.java:507) ~[surefire-booter-3.3.0.jar:3.3.0]
	at org.apache.maven.surefire.booter.ForkedBooter.main(ForkedBooter.java:495) ~[surefire-booter-3.3.0.jar:3.3.0]
17:05:54.592 [main] ERROR org.apache.poi.openxml4j.opc.PackageRelationshipCollection - Cannot convert mailto:ALPHAAAAAA@@@@@!@##$$$%12344 in a valid relationship URI-> dummy-URI used
java.net.URISyntaxException: Illegal character in fragment at index 25: mailto:ALPHAAAAAA@@@@@!@##$$$%12344
	at java.net.URI$Parser.fail(URI.java:2995) ~[?:?]
	at java.net.URI$Parser.checkChars(URI.java:3166) ~[?:?]
	at java.net.URI$Parser.parse(URI.java:3210) ~[?:?]
	at java.net.URI.<init>(URI.java:645) ~[?:?]
	at org.apache.poi.openxml4j.opc.PackagingURIHelper.toURI(PackagingURIHelper.java:723) ~[poi-ooxml-5.2.2.jar:5.2.2]
	at org.apache.poi.openxml4j.opc.PackageRelationshipCollection.parseRelationshipsPart(PackageRelationshipCollection.java:358) ~[poi-ooxml-5.2.2.jar:5.2.2]
	at org.apache.poi.openxml4j.opc.PackageRelationshipCollection.<init>(PackageRelationshipCollection.java:160) ~[poi-ooxml-5.2.2.jar:5.2.2]
	at org.apache.poi.openxml4j.opc.PackageRelationshipCollection.<init>(PackageRelationshipCollection.java:130) ~[poi-ooxml-5.2.2.jar:5.2.2]
	at org.apache.poi.openxml4j.opc.PackagePart.loadRelationships(PackagePart.java:565) ~[poi-ooxml-5.2.2.jar:5.2.2]
	at org.apache.poi.openxml4j.opc.OPCPackage.getParts(OPCPackage.java:745) ~[poi-ooxml-5.2.2.jar:5.2.2]
	at org.apache.poi.openxml4j.opc.OPCPackage.open(OPCPackage.java:315) ~[poi-ooxml-5.2.2.jar:5.2.2]
	at org.apache.poi.ooxml.util.PackageHelper.open(PackageHelper.java:59) ~[poi-ooxml-5.2.2.jar:5.2.2]
	at org.apache.poi.xssf.usermodel.XSSFWorkbook.<init>(XSSFWorkbook.java:289) ~[poi-ooxml-5.2.2.jar:5.2.2]
	at org.apache.poi.xssf.usermodel.XSSFWorkbook.<init>(XSSFWorkbook.java:285) ~[poi-ooxml-5.2.2.jar:5.2.2]
	at com.MOFutility.API_Excelutilities.readServiceIdFromExcel(API_Excelutilities.java:20) ~[test-classes/:?]
	at com.MOF.constants.API_URL.<clinit>(API_URL.java:260) ~[test-classes/:?]
	at com.MOFapi.MOFapi.Fetchvalid_SingleService_ValidServiceid(MOFapi.java:4891) ~[test-classes/:?]
	at jdk.internal.reflect.DirectMethodHandleAccessor.invoke(DirectMethodHandleAccessor.java:103) ~[?:?]
	at java.lang.reflect.Method.invoke(Method.java:580) ~[?:?]
	at org.testng.internal.MethodInvocationHelper.invokeMethod(MethodInvocationHelper.java:124) ~[testng-6.14.3.jar:?]
	at org.testng.internal.Invoker.invokeMethod(Invoker.java:583) ~[testng-6.14.3.jar:?]
	at org.testng.internal.Invoker.invokeTestMethod(Invoker.java:719) ~[testng-6.14.3.jar:?]
	at org.testng.internal.Invoker.invokeTestMethods(Invoker.java:989) ~[testng-6.14.3.jar:?]
	at org.testng.internal.TestMethodWorker.invokeTestMethods(TestMethodWorker.java:125) ~[testng-6.14.3.jar:?]
	at org.testng.internal.TestMethodWorker.run(TestMethodWorker.java:109) ~[testng-6.14.3.jar:?]
	at org.testng.TestRunner.privateRun(TestRunner.java:648) ~[testng-6.14.3.jar:?]
	at org.testng.TestRunner.run(TestRunner.java:505) ~[testng-6.14.3.jar:?]
	at org.testng.SuiteRunner.runTest(SuiteRunner.java:455) ~[testng-6.14.3.jar:?]
	at org.testng.SuiteRunner.runSequentially(SuiteRunner.java:450) ~[testng-6.14.3.jar:?]
	at org.testng.SuiteRunner.privateRun(SuiteRunner.java:415) ~[testng-6.14.3.jar:?]
	at org.testng.SuiteRunner.run(SuiteRunner.java:364) ~[testng-6.14.3.jar:?]
	at org.testng.SuiteRunnerWorker.runSuite(SuiteRunnerWorker.java:52) ~[testng-6.14.3.jar:?]
	at org.testng.SuiteRunnerWorker.run(SuiteRunnerWorker.java:84) ~[testng-6.14.3.jar:?]
	at org.testng.TestNG.runSuitesSequentially(TestNG.java:1208) ~[testng-6.14.3.jar:?]
	at org.testng.TestNG.runSuitesLocally(TestNG.java:1137) ~[testng-6.14.3.jar:?]
	at org.testng.TestNG.runSuites(TestNG.java:1049) ~[testng-6.14.3.jar:?]
	at org.testng.TestNG.run(TestNG.java:1017) ~[testng-6.14.3.jar:?]
	at org.apache.maven.surefire.testng.TestNGExecutor.run(TestNGExecutor.java:308) ~[surefire-testng-3.3.0.jar:3.3.0]
	at org.apache.maven.surefire.testng.TestNGXmlTestSuite.execute(TestNGXmlTestSuite.java:71) ~[surefire-testng-3.3.0.jar:3.3.0]
	at org.apache.maven.surefire.testng.TestNGProvider.invoke(TestNGProvider.java:113) ~[surefire-testng-3.3.0.jar:3.3.0]
	at org.apache.maven.surefire.booter.ForkedBooter.runSuitesInProcess(ForkedBooter.java:385) ~[surefire-booter-3.3.0.jar:3.3.0]
	at org.apache.maven.surefire.booter.ForkedBooter.execute(ForkedBooter.java:162) ~[surefire-booter-3.3.0.jar:3.3.0]
	at org.apache.maven.surefire.booter.ForkedBooter.run(ForkedBooter.java:507) ~[surefire-booter-3.3.0.jar:3.3.0]
	at org.apache.maven.surefire.booter.ForkedBooter.main(ForkedBooter.java:495) ~[surefire-booter-3.3.0.jar:3.3.0]
17:05:54.593 [main] ERROR org.apache.poi.openxml4j.opc.PackageRelationshipCollection - Cannot convert mailto:2343456378912@#&^*gvadhfbjnf in a valid relationship URI-> dummy-URI used
java.net.URISyntaxException: Illegal character in fragment at index 23: mailto:2343456378912@#&^*gvadhfbjnf
	at java.net.URI$Parser.fail(URI.java:2995) ~[?:?]
	at java.net.URI$Parser.checkChars(URI.java:3166) ~[?:?]
	at java.net.URI$Parser.parse(URI.java:3210) ~[?:?]
	at java.net.URI.<init>(URI.java:645) ~[?:?]
	at org.apache.poi.openxml4j.opc.PackagingURIHelper.toURI(PackagingURIHelper.java:723) ~[poi-ooxml-5.2.2.jar:5.2.2]
	at org.apache.poi.openxml4j.opc.PackageRelationshipCollection.parseRelationshipsPart(PackageRelationshipCollection.java:358) ~[poi-ooxml-5.2.2.jar:5.2.2]
	at org.apache.poi.openxml4j.opc.PackageRelationshipCollection.<init>(PackageRelationshipCollection.java:160) ~[poi-ooxml-5.2.2.jar:5.2.2]
	at org.apache.poi.openxml4j.opc.PackageRelationshipCollection.<init>(PackageRelationshipCollection.java:130) ~[poi-ooxml-5.2.2.jar:5.2.2]
	at org.apache.poi.openxml4j.opc.PackagePart.loadRelationships(PackagePart.java:565) ~[poi-ooxml-5.2.2.jar:5.2.2]
	at org.apache.poi.openxml4j.opc.OPCPackage.getParts(OPCPackage.java:745) ~[poi-ooxml-5.2.2.jar:5.2.2]
	at org.apache.poi.openxml4j.opc.OPCPackage.open(OPCPackage.java:315) ~[poi-ooxml-5.2.2.jar:5.2.2]
	at org.apache.poi.ooxml.util.PackageHelper.open(PackageHelper.java:59) ~[poi-ooxml-5.2.2.jar:5.2.2]
	at org.apache.poi.xssf.usermodel.XSSFWorkbook.<init>(XSSFWorkbook.java:289) ~[poi-ooxml-5.2.2.jar:5.2.2]
	at org.apache.poi.xssf.usermodel.XSSFWorkbook.<init>(XSSFWorkbook.java:285) ~[poi-ooxml-5.2.2.jar:5.2.2]
	at com.MOFutility.API_Excelutilities.readServiceIdFromExcel(API_Excelutilities.java:20) ~[test-classes/:?]
	at com.MOF.constants.API_URL.<clinit>(API_URL.java:260) ~[test-classes/:?]
	at com.MOFapi.MOFapi.Fetchvalid_SingleService_ValidServiceid(MOFapi.java:4891) ~[test-classes/:?]
	at jdk.internal.reflect.DirectMethodHandleAccessor.invoke(DirectMethodHandleAccessor.java:103) ~[?:?]
	at java.lang.reflect.Method.invoke(Method.java:580) ~[?:?]
	at org.testng.internal.MethodInvocationHelper.invokeMethod(MethodInvocationHelper.java:124) ~[testng-6.14.3.jar:?]
	at org.testng.internal.Invoker.invokeMethod(Invoker.java:583) ~[testng-6.14.3.jar:?]
	at org.testng.internal.Invoker.invokeTestMethod(Invoker.java:719) ~[testng-6.14.3.jar:?]
	at org.testng.internal.Invoker.invokeTestMethods(Invoker.java:989) ~[testng-6.14.3.jar:?]
	at org.testng.internal.TestMethodWorker.invokeTestMethods(TestMethodWorker.java:125) ~[testng-6.14.3.jar:?]
	at org.testng.internal.TestMethodWorker.run(TestMethodWorker.java:109) ~[testng-6.14.3.jar:?]
	at org.testng.TestRunner.privateRun(TestRunner.java:648) ~[testng-6.14.3.jar:?]
	at org.testng.TestRunner.run(TestRunner.java:505) ~[testng-6.14.3.jar:?]
	at org.testng.SuiteRunner.runTest(SuiteRunner.java:455) ~[testng-6.14.3.jar:?]
	at org.testng.SuiteRunner.runSequentially(SuiteRunner.java:450) ~[testng-6.14.3.jar:?]
	at org.testng.SuiteRunner.privateRun(SuiteRunner.java:415) ~[testng-6.14.3.jar:?]
	at org.testng.SuiteRunner.run(SuiteRunner.java:364) ~[testng-6.14.3.jar:?]
	at org.testng.SuiteRunnerWorker.runSuite(SuiteRunnerWorker.java:52) ~[testng-6.14.3.jar:?]
	at org.testng.SuiteRunnerWorker.run(SuiteRunnerWorker.java:84) ~[testng-6.14.3.jar:?]
	at org.testng.TestNG.runSuitesSequentially(TestNG.java:1208) ~[testng-6.14.3.jar:?]
	at org.testng.TestNG.runSuitesLocally(TestNG.java:1137) ~[testng-6.14.3.jar:?]
	at org.testng.TestNG.runSuites(TestNG.java:1049) ~[testng-6.14.3.jar:?]
	at org.testng.TestNG.run(TestNG.java:1017) ~[testng-6.14.3.jar:?]
	at org.apache.maven.surefire.testng.TestNGExecutor.run(TestNGExecutor.java:308) ~[surefire-testng-3.3.0.jar:3.3.0]
	at org.apache.maven.surefire.testng.TestNGXmlTestSuite.execute(TestNGXmlTestSuite.java:71) ~[surefire-testng-3.3.0.jar:3.3.0]
	at org.apache.maven.surefire.testng.TestNGProvider.invoke(TestNGProvider.java:113) ~[surefire-testng-3.3.0.jar:3.3.0]
	at org.apache.maven.surefire.booter.ForkedBooter.runSuitesInProcess(ForkedBooter.java:385) ~[surefire-booter-3.3.0.jar:3.3.0]
	at org.apache.maven.surefire.booter.ForkedBooter.execute(ForkedBooter.java:162) ~[surefire-booter-3.3.0.jar:3.3.0]
	at org.apache.maven.surefire.booter.ForkedBooter.run(ForkedBooter.java:507) ~[surefire-booter-3.3.0.jar:3.3.0]
	at org.apache.maven.surefire.booter.ForkedBooter.main(ForkedBooter.java:495) ~[surefire-booter-3.3.0.jar:3.3.0]
17:05:54.625 [main] ERROR org.apache.poi.openxml4j.opc.PackageRelationshipCollection - Cannot convert mailto:ALPA@#$%^245234534 in a valid relationship URI-> dummy-URI used
java.net.URISyntaxException: Malformed escape pair at index 14: mailto:ALPA@#$%^245234534
	at java.net.URI$Parser.fail(URI.java:2995) ~[?:?]
	at java.net.URI$Parser.scanEscape(URI.java:3123) ~[?:?]
	at java.net.URI$Parser.scan(URI.java:3146) ~[?:?]
	at java.net.URI$Parser.checkChars(URI.java:3164) ~[?:?]
	at java.net.URI$Parser.parse(URI.java:3210) ~[?:?]
	at java.net.URI.<init>(URI.java:645) ~[?:?]
	at org.apache.poi.openxml4j.opc.PackagingURIHelper.toURI(PackagingURIHelper.java:723) ~[poi-ooxml-5.2.2.jar:5.2.2]
	at org.apache.poi.openxml4j.opc.PackageRelationshipCollection.parseRelationshipsPart(PackageRelationshipCollection.java:358) ~[poi-ooxml-5.2.2.jar:5.2.2]
	at org.apache.poi.openxml4j.opc.PackageRelationshipCollection.<init>(PackageRelationshipCollection.java:160) ~[poi-ooxml-5.2.2.jar:5.2.2]
	at org.apache.poi.openxml4j.opc.PackageRelationshipCollection.<init>(PackageRelationshipCollection.java:130) ~[poi-ooxml-5.2.2.jar:5.2.2]
	at org.apache.poi.openxml4j.opc.PackagePart.loadRelationships(PackagePart.java:565) ~[poi-ooxml-5.2.2.jar:5.2.2]
	at org.apache.poi.openxml4j.opc.OPCPackage.getParts(OPCPackage.java:745) ~[poi-ooxml-5.2.2.jar:5.2.2]
	at org.apache.poi.openxml4j.opc.OPCPackage.open(OPCPackage.java:315) ~[poi-ooxml-5.2.2.jar:5.2.2]
	at org.apache.poi.ooxml.util.PackageHelper.open(PackageHelper.java:59) ~[poi-ooxml-5.2.2.jar:5.2.2]
	at org.apache.poi.xssf.usermodel.XSSFWorkbook.<init>(XSSFWorkbook.java:289) ~[poi-ooxml-5.2.2.jar:5.2.2]
	at org.apache.poi.xssf.usermodel.XSSFWorkbook.<init>(XSSFWorkbook.java:285) ~[poi-ooxml-5.2.2.jar:5.2.2]
	at com.MOFutility.API_Excelutilities.readServiceIdFromExcel(API_Excelutilities.java:20) ~[test-classes/:?]
	at com.MOF.constants.API_URL.<clinit>(API_URL.java:261) ~[test-classes/:?]
	at com.MOFapi.MOFapi.Fetchvalid_SingleService_ValidServiceid(MOFapi.java:4891) ~[test-classes/:?]
	at jdk.internal.reflect.DirectMethodHandleAccessor.invoke(DirectMethodHandleAccessor.java:103) ~[?:?]
	at java.lang.reflect.Method.invoke(Method.java:580) ~[?:?]
	at org.testng.internal.MethodInvocationHelper.invokeMethod(MethodInvocationHelper.java:124) ~[testng-6.14.3.jar:?]
	at org.testng.internal.Invoker.invokeMethod(Invoker.java:583) ~[testng-6.14.3.jar:?]
	at org.testng.internal.Invoker.invokeTestMethod(Invoker.java:719) ~[testng-6.14.3.jar:?]
	at org.testng.internal.Invoker.invokeTestMethods(Invoker.java:989) ~[testng-6.14.3.jar:?]
	at org.testng.internal.TestMethodWorker.invokeTestMethods(TestMethodWorker.java:125) ~[testng-6.14.3.jar:?]
	at org.testng.internal.TestMethodWorker.run(TestMethodWorker.java:109) ~[testng-6.14.3.jar:?]
	at org.testng.TestRunner.privateRun(TestRunner.java:648) ~[testng-6.14.3.jar:?]
	at org.testng.TestRunner.run(TestRunner.java:505) ~[testng-6.14.3.jar:?]
	at org.testng.SuiteRunner.runTest(SuiteRunner.java:455) ~[testng-6.14.3.jar:?]
	at org.testng.SuiteRunner.runSequentially(SuiteRunner.java:450) ~[testng-6.14.3.jar:?]
	at org.testng.SuiteRunner.privateRun(SuiteRunner.java:415) ~[testng-6.14.3.jar:?]
	at org.testng.SuiteRunner.run(SuiteRunner.java:364) ~[testng-6.14.3.jar:?]
	at org.testng.SuiteRunnerWorker.runSuite(SuiteRunnerWorker.java:52) ~[testng-6.14.3.jar:?]
	at org.testng.SuiteRunnerWorker.run(SuiteRunnerWorker.java:84) ~[testng-6.14.3.jar:?]
	at org.testng.TestNG.runSuitesSequentially(TestNG.java:1208) ~[testng-6.14.3.jar:?]
	at org.testng.TestNG.runSuitesLocally(TestNG.java:1137) ~[testng-6.14.3.jar:?]
	at org.testng.TestNG.runSuites(TestNG.java:1049) ~[testng-6.14.3.jar:?]
	at org.testng.TestNG.run(TestNG.java:1017) ~[testng-6.14.3.jar:?]
	at org.apache.maven.surefire.testng.TestNGExecutor.run(TestNGExecutor.java:308) ~[surefire-testng-3.3.0.jar:3.3.0]
	at org.apache.maven.surefire.testng.TestNGXmlTestSuite.execute(TestNGXmlTestSuite.java:71) ~[surefire-testng-3.3.0.jar:3.3.0]
	at org.apache.maven.surefire.testng.TestNGProvider.invoke(TestNGProvider.java:113) ~[surefire-testng-3.3.0.jar:3.3.0]
	at org.apache.maven.surefire.booter.ForkedBooter.runSuitesInProcess(ForkedBooter.java:385) ~[surefire-booter-3.3.0.jar:3.3.0]
	at org.apache.maven.surefire.booter.ForkedBooter.execute(ForkedBooter.java:162) ~[surefire-booter-3.3.0.jar:3.3.0]
	at org.apache.maven.surefire.booter.ForkedBooter.run(ForkedBooter.java:507) ~[surefire-booter-3.3.0.jar:3.3.0]
	at org.apache.maven.surefire.booter.ForkedBooter.main(ForkedBooter.java:495) ~[surefire-booter-3.3.0.jar:3.3.0]
17:05:54.626 [main] ERROR org.apache.poi.openxml4j.opc.PackageRelationshipCollection - Cannot convert mailto:ALPHAAAAAA@@@@@!@##$$$%12344 in a valid relationship URI-> dummy-URI used
java.net.URISyntaxException: Illegal character in fragment at index 25: mailto:ALPHAAAAAA@@@@@!@##$$$%12344
	at java.net.URI$Parser.fail(URI.java:2995) ~[?:?]
	at java.net.URI$Parser.checkChars(URI.java:3166) ~[?:?]
	at java.net.URI$Parser.parse(URI.java:3210) ~[?:?]
	at java.net.URI.<init>(URI.java:645) ~[?:?]
	at org.apache.poi.openxml4j.opc.PackagingURIHelper.toURI(PackagingURIHelper.java:723) ~[poi-ooxml-5.2.2.jar:5.2.2]
	at org.apache.poi.openxml4j.opc.PackageRelationshipCollection.parseRelationshipsPart(PackageRelationshipCollection.java:358) ~[poi-ooxml-5.2.2.jar:5.2.2]
	at org.apache.poi.openxml4j.opc.PackageRelationshipCollection.<init>(PackageRelationshipCollection.java:160) ~[poi-ooxml-5.2.2.jar:5.2.2]
	at org.apache.poi.openxml4j.opc.PackageRelationshipCollection.<init>(PackageRelationshipCollection.java:130) ~[poi-ooxml-5.2.2.jar:5.2.2]
	at org.apache.poi.openxml4j.opc.PackagePart.loadRelationships(PackagePart.java:565) ~[poi-ooxml-5.2.2.jar:5.2.2]
	at org.apache.poi.openxml4j.opc.OPCPackage.getParts(OPCPackage.java:745) ~[poi-ooxml-5.2.2.jar:5.2.2]
	at org.apache.poi.openxml4j.opc.OPCPackage.open(OPCPackage.java:315) ~[poi-ooxml-5.2.2.jar:5.2.2]
	at org.apache.poi.ooxml.util.PackageHelper.open(PackageHelper.java:59) ~[poi-ooxml-5.2.2.jar:5.2.2]
	at org.apache.poi.xssf.usermodel.XSSFWorkbook.<init>(XSSFWorkbook.java:289) ~[poi-ooxml-5.2.2.jar:5.2.2]
	at org.apache.poi.xssf.usermodel.XSSFWorkbook.<init>(XSSFWorkbook.java:285) ~[poi-ooxml-5.2.2.jar:5.2.2]
	at com.MOFutility.API_Excelutilities.readServiceIdFromExcel(API_Excelutilities.java:20) ~[test-classes/:?]
	at com.MOF.constants.API_URL.<clinit>(API_URL.java:261) ~[test-classes/:?]
	at com.MOFapi.MOFapi.Fetchvalid_SingleService_ValidServiceid(MOFapi.java:4891) ~[test-classes/:?]
	at jdk.internal.reflect.DirectMethodHandleAccessor.invoke(DirectMethodHandleAccessor.java:103) ~[?:?]
	at java.lang.reflect.Method.invoke(Method.java:580) ~[?:?]
	at org.testng.internal.MethodInvocationHelper.invokeMethod(MethodInvocationHelper.java:124) ~[testng-6.14.3.jar:?]
	at org.testng.internal.Invoker.invokeMethod(Invoker.java:583) ~[testng-6.14.3.jar:?]
	at org.testng.internal.Invoker.invokeTestMethod(Invoker.java:719) ~[testng-6.14.3.jar:?]
	at org.testng.internal.Invoker.invokeTestMethods(Invoker.java:989) ~[testng-6.14.3.jar:?]
	at org.testng.internal.TestMethodWorker.invokeTestMethods(TestMethodWorker.java:125) ~[testng-6.14.3.jar:?]
	at org.testng.internal.TestMethodWorker.run(TestMethodWorker.java:109) ~[testng-6.14.3.jar:?]
	at org.testng.TestRunner.privateRun(TestRunner.java:648) ~[testng-6.14.3.jar:?]
	at org.testng.TestRunner.run(TestRunner.java:505) ~[testng-6.14.3.jar:?]
	at org.testng.SuiteRunner.runTest(SuiteRunner.java:455) ~[testng-6.14.3.jar:?]
	at org.testng.SuiteRunner.runSequentially(SuiteRunner.java:450) ~[testng-6.14.3.jar:?]
	at org.testng.SuiteRunner.privateRun(SuiteRunner.java:415) ~[testng-6.14.3.jar:?]
	at org.testng.SuiteRunner.run(SuiteRunner.java:364) ~[testng-6.14.3.jar:?]
	at org.testng.SuiteRunnerWorker.runSuite(SuiteRunnerWorker.java:52) ~[testng-6.14.3.jar:?]
	at org.testng.SuiteRunnerWorker.run(SuiteRunnerWorker.java:84) ~[testng-6.14.3.jar:?]
	at org.testng.TestNG.runSuitesSequentially(TestNG.java:1208) ~[testng-6.14.3.jar:?]
	at org.testng.TestNG.runSuitesLocally(TestNG.java:1137) ~[testng-6.14.3.jar:?]
	at org.testng.TestNG.runSuites(TestNG.java:1049) ~[testng-6.14.3.jar:?]
	at org.testng.TestNG.run(TestNG.java:1017) ~[testng-6.14.3.jar:?]
	at org.apache.maven.surefire.testng.TestNGExecutor.run(TestNGExecutor.java:308) ~[surefire-testng-3.3.0.jar:3.3.0]
	at org.apache.maven.surefire.testng.TestNGXmlTestSuite.execute(TestNGXmlTestSuite.java:71) ~[surefire-testng-3.3.0.jar:3.3.0]
	at org.apache.maven.surefire.testng.TestNGProvider.invoke(TestNGProvider.java:113) ~[surefire-testng-3.3.0.jar:3.3.0]
	at org.apache.maven.surefire.booter.ForkedBooter.runSuitesInProcess(ForkedBooter.java:385) ~[surefire-booter-3.3.0.jar:3.3.0]
	at org.apache.maven.surefire.booter.ForkedBooter.execute(ForkedBooter.java:162) ~[surefire-booter-3.3.0.jar:3.3.0]
	at org.apache.maven.surefire.booter.ForkedBooter.run(ForkedBooter.java:507) ~[surefire-booter-3.3.0.jar:3.3.0]
	at org.apache.maven.surefire.booter.ForkedBooter.main(ForkedBooter.java:495) ~[surefire-booter-3.3.0.jar:3.3.0]
17:05:54.627 [main] ERROR org.apache.poi.openxml4j.opc.PackageRelationshipCollection - Cannot convert mailto:2343456378912@#&^*gvadhfbjnf in a valid relationship URI-> dummy-URI used
java.net.URISyntaxException: Illegal character in fragment at index 23: mailto:2343456378912@#&^*gvadhfbjnf
	at java.net.URI$Parser.fail(URI.java:2995) ~[?:?]
	at java.net.URI$Parser.checkChars(URI.java:3166) ~[?:?]
	at java.net.URI$Parser.parse(URI.java:3210) ~[?:?]
	at java.net.URI.<init>(URI.java:645) ~[?:?]
	at org.apache.poi.openxml4j.opc.PackagingURIHelper.toURI(PackagingURIHelper.java:723) ~[poi-ooxml-5.2.2.jar:5.2.2]
	at org.apache.poi.openxml4j.opc.PackageRelationshipCollection.parseRelationshipsPart(PackageRelationshipCollection.java:358) ~[poi-ooxml-5.2.2.jar:5.2.2]
	at org.apache.poi.openxml4j.opc.PackageRelationshipCollection.<init>(PackageRelationshipCollection.java:160) ~[poi-ooxml-5.2.2.jar:5.2.2]
	at org.apache.poi.openxml4j.opc.PackageRelationshipCollection.<init>(PackageRelationshipCollection.java:130) ~[poi-ooxml-5.2.2.jar:5.2.2]
	at org.apache.poi.openxml4j.opc.PackagePart.loadRelationships(PackagePart.java:565) ~[poi-ooxml-5.2.2.jar:5.2.2]
	at org.apache.poi.openxml4j.opc.OPCPackage.getParts(OPCPackage.java:745) ~[poi-ooxml-5.2.2.jar:5.2.2]
	at org.apache.poi.openxml4j.opc.OPCPackage.open(OPCPackage.java:315) ~[poi-ooxml-5.2.2.jar:5.2.2]
	at org.apache.poi.ooxml.util.PackageHelper.open(PackageHelper.java:59) ~[poi-ooxml-5.2.2.jar:5.2.2]
	at org.apache.poi.xssf.usermodel.XSSFWorkbook.<init>(XSSFWorkbook.java:289) ~[poi-ooxml-5.2.2.jar:5.2.2]
	at org.apache.poi.xssf.usermodel.XSSFWorkbook.<init>(XSSFWorkbook.java:285) ~[poi-ooxml-5.2.2.jar:5.2.2]
	at com.MOFutility.API_Excelutilities.readServiceIdFromExcel(API_Excelutilities.java:20) ~[test-classes/:?]
	at com.MOF.constants.API_URL.<clinit>(API_URL.java:261) ~[test-classes/:?]
	at com.MOFapi.MOFapi.Fetchvalid_SingleService_ValidServiceid(MOFapi.java:4891) ~[test-classes/:?]
	at jdk.internal.reflect.DirectMethodHandleAccessor.invoke(DirectMethodHandleAccessor.java:103) ~[?:?]
	at java.lang.reflect.Method.invoke(Method.java:580) ~[?:?]
	at org.testng.internal.MethodInvocationHelper.invokeMethod(MethodInvocationHelper.java:124) ~[testng-6.14.3.jar:?]
	at org.testng.internal.Invoker.invokeMethod(Invoker.java:583) ~[testng-6.14.3.jar:?]
	at org.testng.internal.Invoker.invokeTestMethod(Invoker.java:719) ~[testng-6.14.3.jar:?]
	at org.testng.internal.Invoker.invokeTestMethods(Invoker.java:989) ~[testng-6.14.3.jar:?]
	at org.testng.internal.TestMethodWorker.invokeTestMethods(TestMethodWorker.java:125) ~[testng-6.14.3.jar:?]
	at org.testng.internal.TestMethodWorker.run(TestMethodWorker.java:109) ~[testng-6.14.3.jar:?]
	at org.testng.TestRunner.privateRun(TestRunner.java:648) ~[testng-6.14.3.jar:?]
	at org.testng.TestRunner.run(TestRunner.java:505) ~[testng-6.14.3.jar:?]
	at org.testng.SuiteRunner.runTest(SuiteRunner.java:455) ~[testng-6.14.3.jar:?]
	at org.testng.SuiteRunner.runSequentially(SuiteRunner.java:450) ~[testng-6.14.3.jar:?]
	at org.testng.SuiteRunner.privateRun(SuiteRunner.java:415) ~[testng-6.14.3.jar:?]
	at org.testng.SuiteRunner.run(SuiteRunner.java:364) ~[testng-6.14.3.jar:?]
	at org.testng.SuiteRunnerWorker.runSuite(SuiteRunnerWorker.java:52) ~[testng-6.14.3.jar:?]
	at org.testng.SuiteRunnerWorker.run(SuiteRunnerWorker.java:84) ~[testng-6.14.3.jar:?]
	at org.testng.TestNG.runSuitesSequentially(TestNG.java:1208) ~[testng-6.14.3.jar:?]
	at org.testng.TestNG.runSuitesLocally(TestNG.java:1137) ~[testng-6.14.3.jar:?]
	at org.testng.TestNG.runSuites(TestNG.java:1049) ~[testng-6.14.3.jar:?]
	at org.testng.TestNG.run(TestNG.java:1017) ~[testng-6.14.3.jar:?]
	at org.apache.maven.surefire.testng.TestNGExecutor.run(TestNGExecutor.java:308) ~[surefire-testng-3.3.0.jar:3.3.0]
	at org.apache.maven.surefire.testng.TestNGXmlTestSuite.execute(TestNGXmlTestSuite.java:71) ~[surefire-testng-3.3.0.jar:3.3.0]
	at org.apache.maven.surefire.testng.TestNGProvider.invoke(TestNGProvider.java:113) ~[surefire-testng-3.3.0.jar:3.3.0]
	at org.apache.maven.surefire.booter.ForkedBooter.runSuitesInProcess(ForkedBooter.java:385) ~[surefire-booter-3.3.0.jar:3.3.0]
	at org.apache.maven.surefire.booter.ForkedBooter.execute(ForkedBooter.java:162) ~[surefire-booter-3.3.0.jar:3.3.0]
	at org.apache.maven.surefire.booter.ForkedBooter.run(ForkedBooter.java:507) ~[surefire-booter-3.3.0.jar:3.3.0]
	at org.apache.maven.surefire.booter.ForkedBooter.main(ForkedBooter.java:495) ~[surefire-booter-3.3.0.jar:3.3.0]
17:05:54.652 [main] ERROR org.apache.poi.openxml4j.opc.PackageRelationshipCollection - Cannot convert mailto:ALPA@#$%^245234534 in a valid relationship URI-> dummy-URI used
java.net.URISyntaxException: Malformed escape pair at index 14: mailto:ALPA@#$%^245234534
	at java.net.URI$Parser.fail(URI.java:2995) ~[?:?]
	at java.net.URI$Parser.scanEscape(URI.java:3123) ~[?:?]
	at java.net.URI$Parser.scan(URI.java:3146) ~[?:?]
	at java.net.URI$Parser.checkChars(URI.java:3164) ~[?:?]
	at java.net.URI$Parser.parse(URI.java:3210) ~[?:?]
	at java.net.URI.<init>(URI.java:645) ~[?:?]
	at org.apache.poi.openxml4j.opc.PackagingURIHelper.toURI(PackagingURIHelper.java:723) ~[poi-ooxml-5.2.2.jar:5.2.2]
	at org.apache.poi.openxml4j.opc.PackageRelationshipCollection.parseRelationshipsPart(PackageRelationshipCollection.java:358) ~[poi-ooxml-5.2.2.jar:5.2.2]
	at org.apache.poi.openxml4j.opc.PackageRelationshipCollection.<init>(PackageRelationshipCollection.java:160) ~[poi-ooxml-5.2.2.jar:5.2.2]
	at org.apache.poi.openxml4j.opc.PackageRelationshipCollection.<init>(PackageRelationshipCollection.java:130) ~[poi-ooxml-5.2.2.jar:5.2.2]
	at org.apache.poi.openxml4j.opc.PackagePart.loadRelationships(PackagePart.java:565) ~[poi-ooxml-5.2.2.jar:5.2.2]
	at org.apache.poi.openxml4j.opc.OPCPackage.getParts(OPCPackage.java:745) ~[poi-ooxml-5.2.2.jar:5.2.2]
	at org.apache.poi.openxml4j.opc.OPCPackage.open(OPCPackage.java:315) ~[poi-ooxml-5.2.2.jar:5.2.2]
	at org.apache.poi.ooxml.util.PackageHelper.open(PackageHelper.java:59) ~[poi-ooxml-5.2.2.jar:5.2.2]
	at org.apache.poi.xssf.usermodel.XSSFWorkbook.<init>(XSSFWorkbook.java:289) ~[poi-ooxml-5.2.2.jar:5.2.2]
	at org.apache.poi.xssf.usermodel.XSSFWorkbook.<init>(XSSFWorkbook.java:285) ~[poi-ooxml-5.2.2.jar:5.2.2]
	at com.MOFutility.API_Excelutilities.readServiceIdFromExcel(API_Excelutilities.java:20) ~[test-classes/:?]
	at com.MOF.constants.API_URL.<clinit>(API_URL.java:262) ~[test-classes/:?]
	at com.MOFapi.MOFapi.Fetchvalid_SingleService_ValidServiceid(MOFapi.java:4891) ~[test-classes/:?]
	at jdk.internal.reflect.DirectMethodHandleAccessor.invoke(DirectMethodHandleAccessor.java:103) ~[?:?]
	at java.lang.reflect.Method.invoke(Method.java:580) ~[?:?]
	at org.testng.internal.MethodInvocationHelper.invokeMethod(MethodInvocationHelper.java:124) ~[testng-6.14.3.jar:?]
	at org.testng.internal.Invoker.invokeMethod(Invoker.java:583) ~[testng-6.14.3.jar:?]
	at org.testng.internal.Invoker.invokeTestMethod(Invoker.java:719) ~[testng-6.14.3.jar:?]
	at org.testng.internal.Invoker.invokeTestMethods(Invoker.java:989) ~[testng-6.14.3.jar:?]
	at org.testng.internal.TestMethodWorker.invokeTestMethods(TestMethodWorker.java:125) ~[testng-6.14.3.jar:?]
	at org.testng.internal.TestMethodWorker.run(TestMethodWorker.java:109) ~[testng-6.14.3.jar:?]
	at org.testng.TestRunner.privateRun(TestRunner.java:648) ~[testng-6.14.3.jar:?]
	at org.testng.TestRunner.run(TestRunner.java:505) ~[testng-6.14.3.jar:?]
	at org.testng.SuiteRunner.runTest(SuiteRunner.java:455) ~[testng-6.14.3.jar:?]
	at org.testng.SuiteRunner.runSequentially(SuiteRunner.java:450) ~[testng-6.14.3.jar:?]
	at org.testng.SuiteRunner.privateRun(SuiteRunner.java:415) ~[testng-6.14.3.jar:?]
	at org.testng.SuiteRunner.run(SuiteRunner.java:364) ~[testng-6.14.3.jar:?]
	at org.testng.SuiteRunnerWorker.runSuite(SuiteRunnerWorker.java:52) ~[testng-6.14.3.jar:?]
	at org.testng.SuiteRunnerWorker.run(SuiteRunnerWorker.java:84) ~[testng-6.14.3.jar:?]
	at org.testng.TestNG.runSuitesSequentially(TestNG.java:1208) ~[testng-6.14.3.jar:?]
	at org.testng.TestNG.runSuitesLocally(TestNG.java:1137) ~[testng-6.14.3.jar:?]
	at org.testng.TestNG.runSuites(TestNG.java:1049) ~[testng-6.14.3.jar:?]
	at org.testng.TestNG.run(TestNG.java:1017) ~[testng-6.14.3.jar:?]
	at org.apache.maven.surefire.testng.TestNGExecutor.run(TestNGExecutor.java:308) ~[surefire-testng-3.3.0.jar:3.3.0]
	at org.apache.maven.surefire.testng.TestNGXmlTestSuite.execute(TestNGXmlTestSuite.java:71) ~[surefire-testng-3.3.0.jar:3.3.0]
	at org.apache.maven.surefire.testng.TestNGProvider.invoke(TestNGProvider.java:113) ~[surefire-testng-3.3.0.jar:3.3.0]
	at org.apache.maven.surefire.booter.ForkedBooter.runSuitesInProcess(ForkedBooter.java:385) ~[surefire-booter-3.3.0.jar:3.3.0]
	at org.apache.maven.surefire.booter.ForkedBooter.execute(ForkedBooter.java:162) ~[surefire-booter-3.3.0.jar:3.3.0]
	at org.apache.maven.surefire.booter.ForkedBooter.run(ForkedBooter.java:507) ~[surefire-booter-3.3.0.jar:3.3.0]
	at org.apache.maven.surefire.booter.ForkedBooter.main(ForkedBooter.java:495) ~[surefire-booter-3.3.0.jar:3.3.0]
17:05:54.653 [main] ERROR org.apache.poi.openxml4j.opc.PackageRelationshipCollection - Cannot convert mailto:ALPHAAAAAA@@@@@!@##$$$%12344 in a valid relationship URI-> dummy-URI used
java.net.URISyntaxException: Illegal character in fragment at index 25: mailto:ALPHAAAAAA@@@@@!@##$$$%12344
	at java.net.URI$Parser.fail(URI.java:2995) ~[?:?]
	at java.net.URI$Parser.checkChars(URI.java:3166) ~[?:?]
	at java.net.URI$Parser.parse(URI.java:3210) ~[?:?]
	at java.net.URI.<init>(URI.java:645) ~[?:?]
	at org.apache.poi.openxml4j.opc.PackagingURIHelper.toURI(PackagingURIHelper.java:723) ~[poi-ooxml-5.2.2.jar:5.2.2]
	at org.apache.poi.openxml4j.opc.PackageRelationshipCollection.parseRelationshipsPart(PackageRelationshipCollection.java:358) ~[poi-ooxml-5.2.2.jar:5.2.2]
	at org.apache.poi.openxml4j.opc.PackageRelationshipCollection.<init>(PackageRelationshipCollection.java:160) ~[poi-ooxml-5.2.2.jar:5.2.2]
	at org.apache.poi.openxml4j.opc.PackageRelationshipCollection.<init>(PackageRelationshipCollection.java:130) ~[poi-ooxml-5.2.2.jar:5.2.2]
	at org.apache.poi.openxml4j.opc.PackagePart.loadRelationships(PackagePart.java:565) ~[poi-ooxml-5.2.2.jar:5.2.2]
	at org.apache.poi.openxml4j.opc.OPCPackage.getParts(OPCPackage.java:745) ~[poi-ooxml-5.2.2.jar:5.2.2]
	at org.apache.poi.openxml4j.opc.OPCPackage.open(OPCPackage.java:315) ~[poi-ooxml-5.2.2.jar:5.2.2]
	at org.apache.poi.ooxml.util.PackageHelper.open(PackageHelper.java:59) ~[poi-ooxml-5.2.2.jar:5.2.2]
	at org.apache.poi.xssf.usermodel.XSSFWorkbook.<init>(XSSFWorkbook.java:289) ~[poi-ooxml-5.2.2.jar:5.2.2]
	at org.apache.poi.xssf.usermodel.XSSFWorkbook.<init>(XSSFWorkbook.java:285) ~[poi-ooxml-5.2.2.jar:5.2.2]
	at com.MOFutility.API_Excelutilities.readServiceIdFromExcel(API_Excelutilities.java:20) ~[test-classes/:?]
	at com.MOF.constants.API_URL.<clinit>(API_URL.java:262) ~[test-classes/:?]
	at com.MOFapi.MOFapi.Fetchvalid_SingleService_ValidServiceid(MOFapi.java:4891) ~[test-classes/:?]
	at jdk.internal.reflect.DirectMethodHandleAccessor.invoke(DirectMethodHandleAccessor.java:103) ~[?:?]
	at java.lang.reflect.Method.invoke(Method.java:580) ~[?:?]
	at org.testng.internal.MethodInvocationHelper.invokeMethod(MethodInvocationHelper.java:124) ~[testng-6.14.3.jar:?]
	at org.testng.internal.Invoker.invokeMethod(Invoker.java:583) ~[testng-6.14.3.jar:?]
	at org.testng.internal.Invoker.invokeTestMethod(Invoker.java:719) ~[testng-6.14.3.jar:?]
	at org.testng.internal.Invoker.invokeTestMethods(Invoker.java:989) ~[testng-6.14.3.jar:?]
	at org.testng.internal.TestMethodWorker.invokeTestMethods(TestMethodWorker.java:125) ~[testng-6.14.3.jar:?]
	at org.testng.internal.TestMethodWorker.run(TestMethodWorker.java:109) ~[testng-6.14.3.jar:?]
	at org.testng.TestRunner.privateRun(TestRunner.java:648) ~[testng-6.14.3.jar:?]
	at org.testng.TestRunner.run(TestRunner.java:505) ~[testng-6.14.3.jar:?]
	at org.testng.SuiteRunner.runTest(SuiteRunner.java:455) ~[testng-6.14.3.jar:?]
	at org.testng.SuiteRunner.runSequentially(SuiteRunner.java:450) ~[testng-6.14.3.jar:?]
	at org.testng.SuiteRunner.privateRun(SuiteRunner.java:415) ~[testng-6.14.3.jar:?]
	at org.testng.SuiteRunner.run(SuiteRunner.java:364) ~[testng-6.14.3.jar:?]
	at org.testng.SuiteRunnerWorker.runSuite(SuiteRunnerWorker.java:52) ~[testng-6.14.3.jar:?]
	at org.testng.SuiteRunnerWorker.run(SuiteRunnerWorker.java:84) ~[testng-6.14.3.jar:?]
	at org.testng.TestNG.runSuitesSequentially(TestNG.java:1208) ~[testng-6.14.3.jar:?]
	at org.testng.TestNG.runSuitesLocally(TestNG.java:1137) ~[testng-6.14.3.jar:?]
	at org.testng.TestNG.runSuites(TestNG.java:1049) ~[testng-6.14.3.jar:?]
	at org.testng.TestNG.run(TestNG.java:1017) ~[testng-6.14.3.jar:?]
	at org.apache.maven.surefire.testng.TestNGExecutor.run(TestNGExecutor.java:308) ~[surefire-testng-3.3.0.jar:3.3.0]
	at org.apache.maven.surefire.testng.TestNGXmlTestSuite.execute(TestNGXmlTestSuite.java:71) ~[surefire-testng-3.3.0.jar:3.3.0]
	at org.apache.maven.surefire.testng.TestNGProvider.invoke(TestNGProvider.java:113) ~[surefire-testng-3.3.0.jar:3.3.0]
	at org.apache.maven.surefire.booter.ForkedBooter.runSuitesInProcess(ForkedBooter.java:385) ~[surefire-booter-3.3.0.jar:3.3.0]
	at org.apache.maven.surefire.booter.ForkedBooter.execute(ForkedBooter.java:162) ~[surefire-booter-3.3.0.jar:3.3.0]
	at org.apache.maven.surefire.booter.ForkedBooter.run(ForkedBooter.java:507) ~[surefire-booter-3.3.0.jar:3.3.0]
	at org.apache.maven.surefire.booter.ForkedBooter.main(ForkedBooter.java:495) ~[surefire-booter-3.3.0.jar:3.3.0]
17:05:54.653 [main] ERROR org.apache.poi.openxml4j.opc.PackageRelationshipCollection - Cannot convert mailto:2343456378912@#&^*gvadhfbjnf in a valid relationship URI-> dummy-URI used
java.net.URISyntaxException: Illegal character in fragment at index 23: mailto:2343456378912@#&^*gvadhfbjnf
	at java.net.URI$Parser.fail(URI.java:2995) ~[?:?]
	at java.net.URI$Parser.checkChars(URI.java:3166) ~[?:?]
	at java.net.URI$Parser.parse(URI.java:3210) ~[?:?]
	at java.net.URI.<init>(URI.java:645) ~[?:?]
	at org.apache.poi.openxml4j.opc.PackagingURIHelper.toURI(PackagingURIHelper.java:723) ~[poi-ooxml-5.2.2.jar:5.2.2]
	at org.apache.poi.openxml4j.opc.PackageRelationshipCollection.parseRelationshipsPart(PackageRelationshipCollection.java:358) ~[poi-ooxml-5.2.2.jar:5.2.2]
	at org.apache.poi.openxml4j.opc.PackageRelationshipCollection.<init>(PackageRelationshipCollection.java:160) ~[poi-ooxml-5.2.2.jar:5.2.2]
	at org.apache.poi.openxml4j.opc.PackageRelationshipCollection.<init>(PackageRelationshipCollection.java:130) ~[poi-ooxml-5.2.2.jar:5.2.2]
	at org.apache.poi.openxml4j.opc.PackagePart.loadRelationships(PackagePart.java:565) ~[poi-ooxml-5.2.2.jar:5.2.2]
	at org.apache.poi.openxml4j.opc.OPCPackage.getParts(OPCPackage.java:745) ~[poi-ooxml-5.2.2.jar:5.2.2]
	at org.apache.poi.openxml4j.opc.OPCPackage.open(OPCPackage.java:315) ~[poi-ooxml-5.2.2.jar:5.2.2]
	at org.apache.poi.ooxml.util.PackageHelper.open(PackageHelper.java:59) ~[poi-ooxml-5.2.2.jar:5.2.2]
	at org.apache.poi.xssf.usermodel.XSSFWorkbook.<init>(XSSFWorkbook.java:289) ~[poi-ooxml-5.2.2.jar:5.2.2]
	at org.apache.poi.xssf.usermodel.XSSFWorkbook.<init>(XSSFWorkbook.java:285) ~[poi-ooxml-5.2.2.jar:5.2.2]
	at com.MOFutility.API_Excelutilities.readServiceIdFromExcel(API_Excelutilities.java:20) ~[test-classes/:?]
	at com.MOF.constants.API_URL.<clinit>(API_URL.java:262) ~[test-classes/:?]
	at com.MOFapi.MOFapi.Fetchvalid_SingleService_ValidServiceid(MOFapi.java:4891) ~[test-classes/:?]
	at jdk.internal.reflect.DirectMethodHandleAccessor.invoke(DirectMethodHandleAccessor.java:103) ~[?:?]
	at java.lang.reflect.Method.invoke(Method.java:580) ~[?:?]
	at org.testng.internal.MethodInvocationHelper.invokeMethod(MethodInvocationHelper.java:124) ~[testng-6.14.3.jar:?]
	at org.testng.internal.Invoker.invokeMethod(Invoker.java:583) ~[testng-6.14.3.jar:?]
	at org.testng.internal.Invoker.invokeTestMethod(Invoker.java:719) ~[testng-6.14.3.jar:?]
	at org.testng.internal.Invoker.invokeTestMethods(Invoker.java:989) ~[testng-6.14.3.jar:?]
	at org.testng.internal.TestMethodWorker.invokeTestMethods(TestMethodWorker.java:125) ~[testng-6.14.3.jar:?]
	at org.testng.internal.TestMethodWorker.run(TestMethodWorker.java:109) ~[testng-6.14.3.jar:?]
	at org.testng.TestRunner.privateRun(TestRunner.java:648) ~[testng-6.14.3.jar:?]
	at org.testng.TestRunner.run(TestRunner.java:505) ~[testng-6.14.3.jar:?]
	at org.testng.SuiteRunner.runTest(SuiteRunner.java:455) ~[testng-6.14.3.jar:?]
	at org.testng.SuiteRunner.runSequentially(SuiteRunner.java:450) ~[testng-6.14.3.jar:?]
	at org.testng.SuiteRunner.privateRun(SuiteRunner.java:415) ~[testng-6.14.3.jar:?]
	at org.testng.SuiteRunner.run(SuiteRunner.java:364) ~[testng-6.14.3.jar:?]
	at org.testng.SuiteRunnerWorker.runSuite(SuiteRunnerWorker.java:52) ~[testng-6.14.3.jar:?]
	at org.testng.SuiteRunnerWorker.run(SuiteRunnerWorker.java:84) ~[testng-6.14.3.jar:?]
	at org.testng.TestNG.runSuitesSequentially(TestNG.java:1208) ~[testng-6.14.3.jar:?]
	at org.testng.TestNG.runSuitesLocally(TestNG.java:1137) ~[testng-6.14.3.jar:?]
	at org.testng.TestNG.runSuites(TestNG.java:1049) ~[testng-6.14.3.jar:?]
	at org.testng.TestNG.run(TestNG.java:1017) ~[testng-6.14.3.jar:?]
	at org.apache.maven.surefire.testng.TestNGExecutor.run(TestNGExecutor.java:308) ~[surefire-testng-3.3.0.jar:3.3.0]
	at org.apache.maven.surefire.testng.TestNGXmlTestSuite.execute(TestNGXmlTestSuite.java:71) ~[surefire-testng-3.3.0.jar:3.3.0]
	at org.apache.maven.surefire.testng.TestNGProvider.invoke(TestNGProvider.java:113) ~[surefire-testng-3.3.0.jar:3.3.0]
	at org.apache.maven.surefire.booter.ForkedBooter.runSuitesInProcess(ForkedBooter.java:385) ~[surefire-booter-3.3.0.jar:3.3.0]
	at org.apache.maven.surefire.booter.ForkedBooter.execute(ForkedBooter.java:162) ~[surefire-booter-3.3.0.jar:3.3.0]
	at org.apache.maven.surefire.booter.ForkedBooter.run(ForkedBooter.java:507) ~[surefire-booter-3.3.0.jar:3.3.0]
	at org.apache.maven.surefire.booter.ForkedBooter.main(ForkedBooter.java:495) ~[surefire-booter-3.3.0.jar:3.3.0]
17:05:54.675 [main] ERROR org.apache.poi.openxml4j.opc.PackageRelationshipCollection - Cannot convert mailto:ALPA@#$%^245234534 in a valid relationship URI-> dummy-URI used
java.net.URISyntaxException: Malformed escape pair at index 14: mailto:ALPA@#$%^245234534
	at java.net.URI$Parser.fail(URI.java:2995) ~[?:?]
	at java.net.URI$Parser.scanEscape(URI.java:3123) ~[?:?]
	at java.net.URI$Parser.scan(URI.java:3146) ~[?:?]
	at java.net.URI$Parser.checkChars(URI.java:3164) ~[?:?]
	at java.net.URI$Parser.parse(URI.java:3210) ~[?:?]
	at java.net.URI.<init>(URI.java:645) ~[?:?]
	at org.apache.poi.openxml4j.opc.PackagingURIHelper.toURI(PackagingURIHelper.java:723) ~[poi-ooxml-5.2.2.jar:5.2.2]
	at org.apache.poi.openxml4j.opc.PackageRelationshipCollection.parseRelationshipsPart(PackageRelationshipCollection.java:358) ~[poi-ooxml-5.2.2.jar:5.2.2]
	at org.apache.poi.openxml4j.opc.PackageRelationshipCollection.<init>(PackageRelationshipCollection.java:160) ~[poi-ooxml-5.2.2.jar:5.2.2]
	at org.apache.poi.openxml4j.opc.PackageRelationshipCollection.<init>(PackageRelationshipCollection.java:130) ~[poi-ooxml-5.2.2.jar:5.2.2]
	at org.apache.poi.openxml4j.opc.PackagePart.loadRelationships(PackagePart.java:565) ~[poi-ooxml-5.2.2.jar:5.2.2]
	at org.apache.poi.openxml4j.opc.OPCPackage.getParts(OPCPackage.java:745) ~[poi-ooxml-5.2.2.jar:5.2.2]
	at org.apache.poi.openxml4j.opc.OPCPackage.open(OPCPackage.java:315) ~[poi-ooxml-5.2.2.jar:5.2.2]
	at org.apache.poi.ooxml.util.PackageHelper.open(PackageHelper.java:59) ~[poi-ooxml-5.2.2.jar:5.2.2]
	at org.apache.poi.xssf.usermodel.XSSFWorkbook.<init>(XSSFWorkbook.java:289) ~[poi-ooxml-5.2.2.jar:5.2.2]
	at org.apache.poi.xssf.usermodel.XSSFWorkbook.<init>(XSSFWorkbook.java:285) ~[poi-ooxml-5.2.2.jar:5.2.2]
	at com.MOFutility.API_Excelutilities.readServiceIdFromExcel(API_Excelutilities.java:20) ~[test-classes/:?]
	at com.MOF.constants.API_URL.<clinit>(API_URL.java:263) ~[test-classes/:?]
	at com.MOFapi.MOFapi.Fetchvalid_SingleService_ValidServiceid(MOFapi.java:4891) ~[test-classes/:?]
	at jdk.internal.reflect.DirectMethodHandleAccessor.invoke(DirectMethodHandleAccessor.java:103) ~[?:?]
	at java.lang.reflect.Method.invoke(Method.java:580) ~[?:?]
	at org.testng.internal.MethodInvocationHelper.invokeMethod(MethodInvocationHelper.java:124) ~[testng-6.14.3.jar:?]
	at org.testng.internal.Invoker.invokeMethod(Invoker.java:583) ~[testng-6.14.3.jar:?]
	at org.testng.internal.Invoker.invokeTestMethod(Invoker.java:719) ~[testng-6.14.3.jar:?]
	at org.testng.internal.Invoker.invokeTestMethods(Invoker.java:989) ~[testng-6.14.3.jar:?]
	at org.testng.internal.TestMethodWorker.invokeTestMethods(TestMethodWorker.java:125) ~[testng-6.14.3.jar:?]
	at org.testng.internal.TestMethodWorker.run(TestMethodWorker.java:109) ~[testng-6.14.3.jar:?]
	at org.testng.TestRunner.privateRun(TestRunner.java:648) ~[testng-6.14.3.jar:?]
	at org.testng.TestRunner.run(TestRunner.java:505) ~[testng-6.14.3.jar:?]
	at org.testng.SuiteRunner.runTest(SuiteRunner.java:455) ~[testng-6.14.3.jar:?]
	at org.testng.SuiteRunner.runSequentially(SuiteRunner.java:450) ~[testng-6.14.3.jar:?]
	at org.testng.SuiteRunner.privateRun(SuiteRunner.java:415) ~[testng-6.14.3.jar:?]
	at org.testng.SuiteRunner.run(SuiteRunner.java:364) ~[testng-6.14.3.jar:?]
	at org.testng.SuiteRunnerWorker.runSuite(SuiteRunnerWorker.java:52) ~[testng-6.14.3.jar:?]
	at org.testng.SuiteRunnerWorker.run(SuiteRunnerWorker.java:84) ~[testng-6.14.3.jar:?]
	at org.testng.TestNG.runSuitesSequentially(TestNG.java:1208) ~[testng-6.14.3.jar:?]
	at org.testng.TestNG.runSuitesLocally(TestNG.java:1137) ~[testng-6.14.3.jar:?]
	at org.testng.TestNG.runSuites(TestNG.java:1049) ~[testng-6.14.3.jar:?]
	at org.testng.TestNG.run(TestNG.java:1017) ~[testng-6.14.3.jar:?]
	at org.apache.maven.surefire.testng.TestNGExecutor.run(TestNGExecutor.java:308) ~[surefire-testng-3.3.0.jar:3.3.0]
	at org.apache.maven.surefire.testng.TestNGXmlTestSuite.execute(TestNGXmlTestSuite.java:71) ~[surefire-testng-3.3.0.jar:3.3.0]
	at org.apache.maven.surefire.testng.TestNGProvider.invoke(TestNGProvider.java:113) ~[surefire-testng-3.3.0.jar:3.3.0]
	at org.apache.maven.surefire.booter.ForkedBooter.runSuitesInProcess(ForkedBooter.java:385) ~[surefire-booter-3.3.0.jar:3.3.0]
	at org.apache.maven.surefire.booter.ForkedBooter.execute(ForkedBooter.java:162) ~[surefire-booter-3.3.0.jar:3.3.0]
	at org.apache.maven.surefire.booter.ForkedBooter.run(ForkedBooter.java:507) ~[surefire-booter-3.3.0.jar:3.3.0]
	at org.apache.maven.surefire.booter.ForkedBooter.main(ForkedBooter.java:495) ~[surefire-booter-3.3.0.jar:3.3.0]
17:05:54.675 [main] ERROR org.apache.poi.openxml4j.opc.PackageRelationshipCollection - Cannot convert mailto:ALPHAAAAAA@@@@@!@##$$$%12344 in a valid relationship URI-> dummy-URI used
java.net.URISyntaxException: Illegal character in fragment at index 25: mailto:ALPHAAAAAA@@@@@!@##$$$%12344
	at java.net.URI$Parser.fail(URI.java:2995) ~[?:?]
	at java.net.URI$Parser.checkChars(URI.java:3166) ~[?:?]
	at java.net.URI$Parser.parse(URI.java:3210) ~[?:?]
	at java.net.URI.<init>(URI.java:645) ~[?:?]
	at org.apache.poi.openxml4j.opc.PackagingURIHelper.toURI(PackagingURIHelper.java:723) ~[poi-ooxml-5.2.2.jar:5.2.2]
	at org.apache.poi.openxml4j.opc.PackageRelationshipCollection.parseRelationshipsPart(PackageRelationshipCollection.java:358) ~[poi-ooxml-5.2.2.jar:5.2.2]
	at org.apache.poi.openxml4j.opc.PackageRelationshipCollection.<init>(PackageRelationshipCollection.java:160) ~[poi-ooxml-5.2.2.jar:5.2.2]
	at org.apache.poi.openxml4j.opc.PackageRelationshipCollection.<init>(PackageRelationshipCollection.java:130) ~[poi-ooxml-5.2.2.jar:5.2.2]
	at org.apache.poi.openxml4j.opc.PackagePart.loadRelationships(PackagePart.java:565) ~[poi-ooxml-5.2.2.jar:5.2.2]
	at org.apache.poi.openxml4j.opc.OPCPackage.getParts(OPCPackage.java:745) ~[poi-ooxml-5.2.2.jar:5.2.2]
	at org.apache.poi.openxml4j.opc.OPCPackage.open(OPCPackage.java:315) ~[poi-ooxml-5.2.2.jar:5.2.2]
	at org.apache.poi.ooxml.util.PackageHelper.open(PackageHelper.java:59) ~[poi-ooxml-5.2.2.jar:5.2.2]
	at org.apache.poi.xssf.usermodel.XSSFWorkbook.<init>(XSSFWorkbook.java:289) ~[poi-ooxml-5.2.2.jar:5.2.2]
	at org.apache.poi.xssf.usermodel.XSSFWorkbook.<init>(XSSFWorkbook.java:285) ~[poi-ooxml-5.2.2.jar:5.2.2]
	at com.MOFutility.API_Excelutilities.readServiceIdFromExcel(API_Excelutilities.java:20) ~[test-classes/:?]
	at com.MOF.constants.API_URL.<clinit>(API_URL.java:263) ~[test-classes/:?]
	at com.MOFapi.MOFapi.Fetchvalid_SingleService_ValidServiceid(MOFapi.java:4891) ~[test-classes/:?]
	at jdk.internal.reflect.DirectMethodHandleAccessor.invoke(DirectMethodHandleAccessor.java:103) ~[?:?]
	at java.lang.reflect.Method.invoke(Method.java:580) ~[?:?]
	at org.testng.internal.MethodInvocationHelper.invokeMethod(MethodInvocationHelper.java:124) ~[testng-6.14.3.jar:?]
	at org.testng.internal.Invoker.invokeMethod(Invoker.java:583) ~[testng-6.14.3.jar:?]
	at org.testng.internal.Invoker.invokeTestMethod(Invoker.java:719) ~[testng-6.14.3.jar:?]
	at org.testng.internal.Invoker.invokeTestMethods(Invoker.java:989) ~[testng-6.14.3.jar:?]
	at org.testng.internal.TestMethodWorker.invokeTestMethods(TestMethodWorker.java:125) ~[testng-6.14.3.jar:?]
	at org.testng.internal.TestMethodWorker.run(TestMethodWorker.java:109) ~[testng-6.14.3.jar:?]
	at org.testng.TestRunner.privateRun(TestRunner.java:648) ~[testng-6.14.3.jar:?]
	at org.testng.TestRunner.run(TestRunner.java:505) ~[testng-6.14.3.jar:?]
	at org.testng.SuiteRunner.runTest(SuiteRunner.java:455) ~[testng-6.14.3.jar:?]
	at org.testng.SuiteRunner.runSequentially(SuiteRunner.java:450) ~[testng-6.14.3.jar:?]
	at org.testng.SuiteRunner.privateRun(SuiteRunner.java:415) ~[testng-6.14.3.jar:?]
	at org.testng.SuiteRunner.run(SuiteRunner.java:364) ~[testng-6.14.3.jar:?]
	at org.testng.SuiteRunnerWorker.runSuite(SuiteRunnerWorker.java:52) ~[testng-6.14.3.jar:?]
	at org.testng.SuiteRunnerWorker.run(SuiteRunnerWorker.java:84) ~[testng-6.14.3.jar:?]
	at org.testng.TestNG.runSuitesSequentially(TestNG.java:1208) ~[testng-6.14.3.jar:?]
	at org.testng.TestNG.runSuitesLocally(TestNG.java:1137) ~[testng-6.14.3.jar:?]
	at org.testng.TestNG.runSuites(TestNG.java:1049) ~[testng-6.14.3.jar:?]
	at org.testng.TestNG.run(TestNG.java:1017) ~[testng-6.14.3.jar:?]
	at org.apache.maven.surefire.testng.TestNGExecutor.run(TestNGExecutor.java:308) ~[surefire-testng-3.3.0.jar:3.3.0]
	at org.apache.maven.surefire.testng.TestNGXmlTestSuite.execute(TestNGXmlTestSuite.java:71) ~[surefire-testng-3.3.0.jar:3.3.0]
	at org.apache.maven.surefire.testng.TestNGProvider.invoke(TestNGProvider.java:113) ~[surefire-testng-3.3.0.jar:3.3.0]
	at org.apache.maven.surefire.booter.ForkedBooter.runSuitesInProcess(ForkedBooter.java:385) ~[surefire-booter-3.3.0.jar:3.3.0]
	at org.apache.maven.surefire.booter.ForkedBooter.execute(ForkedBooter.java:162) ~[surefire-booter-3.3.0.jar:3.3.0]
	at org.apache.maven.surefire.booter.ForkedBooter.run(ForkedBooter.java:507) ~[surefire-booter-3.3.0.jar:3.3.0]
	at org.apache.maven.surefire.booter.ForkedBooter.main(ForkedBooter.java:495) ~[surefire-booter-3.3.0.jar:3.3.0]
17:05:54.676 [main] ERROR org.apache.poi.openxml4j.opc.PackageRelationshipCollection - Cannot convert mailto:2343456378912@#&^*gvadhfbjnf in a valid relationship URI-> dummy-URI used
java.net.URISyntaxException: Illegal character in fragment at index 23: mailto:2343456378912@#&^*gvadhfbjnf
	at java.net.URI$Parser.fail(URI.java:2995) ~[?:?]
	at java.net.URI$Parser.checkChars(URI.java:3166) ~[?:?]
	at java.net.URI$Parser.parse(URI.java:3210) ~[?:?]
	at java.net.URI.<init>(URI.java:645) ~[?:?]
	at org.apache.poi.openxml4j.opc.PackagingURIHelper.toURI(PackagingURIHelper.java:723) ~[poi-ooxml-5.2.2.jar:5.2.2]
	at org.apache.poi.openxml4j.opc.PackageRelationshipCollection.parseRelationshipsPart(PackageRelationshipCollection.java:358) ~[poi-ooxml-5.2.2.jar:5.2.2]
	at org.apache.poi.openxml4j.opc.PackageRelationshipCollection.<init>(PackageRelationshipCollection.java:160) ~[poi-ooxml-5.2.2.jar:5.2.2]
	at org.apache.poi.openxml4j.opc.PackageRelationshipCollection.<init>(PackageRelationshipCollection.java:130) ~[poi-ooxml-5.2.2.jar:5.2.2]
	at org.apache.poi.openxml4j.opc.PackagePart.loadRelationships(PackagePart.java:565) ~[poi-ooxml-5.2.2.jar:5.2.2]
	at org.apache.poi.openxml4j.opc.OPCPackage.getParts(OPCPackage.java:745) ~[poi-ooxml-5.2.2.jar:5.2.2]
	at org.apache.poi.openxml4j.opc.OPCPackage.open(OPCPackage.java:315) ~[poi-ooxml-5.2.2.jar:5.2.2]
	at org.apache.poi.ooxml.util.PackageHelper.open(PackageHelper.java:59) ~[poi-ooxml-5.2.2.jar:5.2.2]
	at org.apache.poi.xssf.usermodel.XSSFWorkbook.<init>(XSSFWorkbook.java:289) ~[poi-ooxml-5.2.2.jar:5.2.2]
	at org.apache.poi.xssf.usermodel.XSSFWorkbook.<init>(XSSFWorkbook.java:285) ~[poi-ooxml-5.2.2.jar:5.2.2]
	at com.MOFutility.API_Excelutilities.readServiceIdFromExcel(API_Excelutilities.java:20) ~[test-classes/:?]
	at com.MOF.constants.API_URL.<clinit>(API_URL.java:263) ~[test-classes/:?]
	at com.MOFapi.MOFapi.Fetchvalid_SingleService_ValidServiceid(MOFapi.java:4891) ~[test-classes/:?]
	at jdk.internal.reflect.DirectMethodHandleAccessor.invoke(DirectMethodHandleAccessor.java:103) ~[?:?]
	at java.lang.reflect.Method.invoke(Method.java:580) ~[?:?]
	at org.testng.internal.MethodInvocationHelper.invokeMethod(MethodInvocationHelper.java:124) ~[testng-6.14.3.jar:?]
	at org.testng.internal.Invoker.invokeMethod(Invoker.java:583) ~[testng-6.14.3.jar:?]
	at org.testng.internal.Invoker.invokeTestMethod(Invoker.java:719) ~[testng-6.14.3.jar:?]
	at org.testng.internal.Invoker.invokeTestMethods(Invoker.java:989) ~[testng-6.14.3.jar:?]
	at org.testng.internal.TestMethodWorker.invokeTestMethods(TestMethodWorker.java:125) ~[testng-6.14.3.jar:?]
	at org.testng.internal.TestMethodWorker.run(TestMethodWorker.java:109) ~[testng-6.14.3.jar:?]
	at org.testng.TestRunner.privateRun(TestRunner.java:648) ~[testng-6.14.3.jar:?]
	at org.testng.TestRunner.run(TestRunner.java:505) ~[testng-6.14.3.jar:?]
	at org.testng.SuiteRunner.runTest(SuiteRunner.java:455) ~[testng-6.14.3.jar:?]
	at org.testng.SuiteRunner.runSequentially(SuiteRunner.java:450) ~[testng-6.14.3.jar:?]
	at org.testng.SuiteRunner.privateRun(SuiteRunner.java:415) ~[testng-6.14.3.jar:?]
	at org.testng.SuiteRunner.run(SuiteRunner.java:364) ~[testng-6.14.3.jar:?]
	at org.testng.SuiteRunnerWorker.runSuite(SuiteRunnerWorker.java:52) ~[testng-6.14.3.jar:?]
	at org.testng.SuiteRunnerWorker.run(SuiteRunnerWorker.java:84) ~[testng-6.14.3.jar:?]
	at org.testng.TestNG.runSuitesSequentially(TestNG.java:1208) ~[testng-6.14.3.jar:?]
	at org.testng.TestNG.runSuitesLocally(TestNG.java:1137) ~[testng-6.14.3.jar:?]
	at org.testng.TestNG.runSuites(TestNG.java:1049) ~[testng-6.14.3.jar:?]
	at org.testng.TestNG.run(TestNG.java:1017) ~[testng-6.14.3.jar:?]
	at org.apache.maven.surefire.testng.TestNGExecutor.run(TestNGExecutor.java:308) ~[surefire-testng-3.3.0.jar:3.3.0]
	at org.apache.maven.surefire.testng.TestNGXmlTestSuite.execute(TestNGXmlTestSuite.java:71) ~[surefire-testng-3.3.0.jar:3.3.0]
	at org.apache.maven.surefire.testng.TestNGProvider.invoke(TestNGProvider.java:113) ~[surefire-testng-3.3.0.jar:3.3.0]
	at org.apache.maven.surefire.booter.ForkedBooter.runSuitesInProcess(ForkedBooter.java:385) ~[surefire-booter-3.3.0.jar:3.3.0]
	at org.apache.maven.surefire.booter.ForkedBooter.execute(ForkedBooter.java:162) ~[surefire-booter-3.3.0.jar:3.3.0]
	at org.apache.maven.surefire.booter.ForkedBooter.run(ForkedBooter.java:507) ~[surefire-booter-3.3.0.jar:3.3.0]
	at org.apache.maven.surefire.booter.ForkedBooter.main(ForkedBooter.java:495) ~[surefire-booter-3.3.0.jar:3.3.0]
17:05:54.699 [main] ERROR org.apache.poi.openxml4j.opc.PackageRelationshipCollection - Cannot convert mailto:ALPA@#$%^245234534 in a valid relationship URI-> dummy-URI used
java.net.URISyntaxException: Malformed escape pair at index 14: mailto:ALPA@#$%^245234534
	at java.net.URI$Parser.fail(URI.java:2995) ~[?:?]
	at java.net.URI$Parser.scanEscape(URI.java:3123) ~[?:?]
	at java.net.URI$Parser.scan(URI.java:3146) ~[?:?]
	at java.net.URI$Parser.checkChars(URI.java:3164) ~[?:?]
	at java.net.URI$Parser.parse(URI.java:3210) ~[?:?]
	at java.net.URI.<init>(URI.java:645) ~[?:?]
	at org.apache.poi.openxml4j.opc.PackagingURIHelper.toURI(PackagingURIHelper.java:723) ~[poi-ooxml-5.2.2.jar:5.2.2]
	at org.apache.poi.openxml4j.opc.PackageRelationshipCollection.parseRelationshipsPart(PackageRelationshipCollection.java:358) ~[poi-ooxml-5.2.2.jar:5.2.2]
	at org.apache.poi.openxml4j.opc.PackageRelationshipCollection.<init>(PackageRelationshipCollection.java:160) ~[poi-ooxml-5.2.2.jar:5.2.2]
	at org.apache.poi.openxml4j.opc.PackageRelationshipCollection.<init>(PackageRelationshipCollection.java:130) ~[poi-ooxml-5.2.2.jar:5.2.2]
	at org.apache.poi.openxml4j.opc.PackagePart.loadRelationships(PackagePart.java:565) ~[poi-ooxml-5.2.2.jar:5.2.2]
	at org.apache.poi.openxml4j.opc.OPCPackage.getParts(OPCPackage.java:745) ~[poi-ooxml-5.2.2.jar:5.2.2]
	at org.apache.poi.openxml4j.opc.OPCPackage.open(OPCPackage.java:315) ~[poi-ooxml-5.2.2.jar:5.2.2]
	at org.apache.poi.ooxml.util.PackageHelper.open(PackageHelper.java:59) ~[poi-ooxml-5.2.2.jar:5.2.2]
	at org.apache.poi.xssf.usermodel.XSSFWorkbook.<init>(XSSFWorkbook.java:289) ~[poi-ooxml-5.2.2.jar:5.2.2]
	at org.apache.poi.xssf.usermodel.XSSFWorkbook.<init>(XSSFWorkbook.java:285) ~[poi-ooxml-5.2.2.jar:5.2.2]
	at com.MOFutility.API_Excelutilities.readServiceIdFromExcel(API_Excelutilities.java:20) ~[test-classes/:?]
	at com.MOF.constants.API_URL.<clinit>(API_URL.java:264) ~[test-classes/:?]
	at com.MOFapi.MOFapi.Fetchvalid_SingleService_ValidServiceid(MOFapi.java:4891) ~[test-classes/:?]
	at jdk.internal.reflect.DirectMethodHandleAccessor.invoke(DirectMethodHandleAccessor.java:103) ~[?:?]
	at java.lang.reflect.Method.invoke(Method.java:580) ~[?:?]
	at org.testng.internal.MethodInvocationHelper.invokeMethod(MethodInvocationHelper.java:124) ~[testng-6.14.3.jar:?]
	at org.testng.internal.Invoker.invokeMethod(Invoker.java:583) ~[testng-6.14.3.jar:?]
	at org.testng.internal.Invoker.invokeTestMethod(Invoker.java:719) ~[testng-6.14.3.jar:?]
	at org.testng.internal.Invoker.invokeTestMethods(Invoker.java:989) ~[testng-6.14.3.jar:?]
	at org.testng.internal.TestMethodWorker.invokeTestMethods(TestMethodWorker.java:125) ~[testng-6.14.3.jar:?]
	at org.testng.internal.TestMethodWorker.run(TestMethodWorker.java:109) ~[testng-6.14.3.jar:?]
	at org.testng.TestRunner.privateRun(TestRunner.java:648) ~[testng-6.14.3.jar:?]
	at org.testng.TestRunner.run(TestRunner.java:505) ~[testng-6.14.3.jar:?]
	at org.testng.SuiteRunner.runTest(SuiteRunner.java:455) ~[testng-6.14.3.jar:?]
	at org.testng.SuiteRunner.runSequentially(SuiteRunner.java:450) ~[testng-6.14.3.jar:?]
	at org.testng.SuiteRunner.privateRun(SuiteRunner.java:415) ~[testng-6.14.3.jar:?]
	at org.testng.SuiteRunner.run(SuiteRunner.java:364) ~[testng-6.14.3.jar:?]
	at org.testng.SuiteRunnerWorker.runSuite(SuiteRunnerWorker.java:52) ~[testng-6.14.3.jar:?]
	at org.testng.SuiteRunnerWorker.run(SuiteRunnerWorker.java:84) ~[testng-6.14.3.jar:?]
	at org.testng.TestNG.runSuitesSequentially(TestNG.java:1208) ~[testng-6.14.3.jar:?]
	at org.testng.TestNG.runSuitesLocally(TestNG.java:1137) ~[testng-6.14.3.jar:?]
	at org.testng.TestNG.runSuites(TestNG.java:1049) ~[testng-6.14.3.jar:?]
	at org.testng.TestNG.run(TestNG.java:1017) ~[testng-6.14.3.jar:?]
	at org.apache.maven.surefire.testng.TestNGExecutor.run(TestNGExecutor.java:308) ~[surefire-testng-3.3.0.jar:3.3.0]
	at org.apache.maven.surefire.testng.TestNGXmlTestSuite.execute(TestNGXmlTestSuite.java:71) ~[surefire-testng-3.3.0.jar:3.3.0]
	at org.apache.maven.surefire.testng.TestNGProvider.invoke(TestNGProvider.java:113) ~[surefire-testng-3.3.0.jar:3.3.0]
	at org.apache.maven.surefire.booter.ForkedBooter.runSuitesInProcess(ForkedBooter.java:385) ~[surefire-booter-3.3.0.jar:3.3.0]
	at org.apache.maven.surefire.booter.ForkedBooter.execute(ForkedBooter.java:162) ~[surefire-booter-3.3.0.jar:3.3.0]
	at org.apache.maven.surefire.booter.ForkedBooter.run(ForkedBooter.java:507) ~[surefire-booter-3.3.0.jar:3.3.0]
	at org.apache.maven.surefire.booter.ForkedBooter.main(ForkedBooter.java:495) ~[surefire-booter-3.3.0.jar:3.3.0]
17:05:54.700 [main] ERROR org.apache.poi.openxml4j.opc.PackageRelationshipCollection - Cannot convert mailto:ALPHAAAAAA@@@@@!@##$$$%12344 in a valid relationship URI-> dummy-URI used
java.net.URISyntaxException: Illegal character in fragment at index 25: mailto:ALPHAAAAAA@@@@@!@##$$$%12344
	at java.net.URI$Parser.fail(URI.java:2995) ~[?:?]
	at java.net.URI$Parser.checkChars(URI.java:3166) ~[?:?]
	at java.net.URI$Parser.parse(URI.java:3210) ~[?:?]
	at java.net.URI.<init>(URI.java:645) ~[?:?]
	at org.apache.poi.openxml4j.opc.PackagingURIHelper.toURI(PackagingURIHelper.java:723) ~[poi-ooxml-5.2.2.jar:5.2.2]
	at org.apache.poi.openxml4j.opc.PackageRelationshipCollection.parseRelationshipsPart(PackageRelationshipCollection.java:358) ~[poi-ooxml-5.2.2.jar:5.2.2]
	at org.apache.poi.openxml4j.opc.PackageRelationshipCollection.<init>(PackageRelationshipCollection.java:160) ~[poi-ooxml-5.2.2.jar:5.2.2]
	at org.apache.poi.openxml4j.opc.PackageRelationshipCollection.<init>(PackageRelationshipCollection.java:130) ~[poi-ooxml-5.2.2.jar:5.2.2]
	at org.apache.poi.openxml4j.opc.PackagePart.loadRelationships(PackagePart.java:565) ~[poi-ooxml-5.2.2.jar:5.2.2]
	at org.apache.poi.openxml4j.opc.OPCPackage.getParts(OPCPackage.java:745) ~[poi-ooxml-5.2.2.jar:5.2.2]
	at org.apache.poi.openxml4j.opc.OPCPackage.open(OPCPackage.java:315) ~[poi-ooxml-5.2.2.jar:5.2.2]
	at org.apache.poi.ooxml.util.PackageHelper.open(PackageHelper.java:59) ~[poi-ooxml-5.2.2.jar:5.2.2]
	at org.apache.poi.xssf.usermodel.XSSFWorkbook.<init>(XSSFWorkbook.java:289) ~[poi-ooxml-5.2.2.jar:5.2.2]
	at org.apache.poi.xssf.usermodel.XSSFWorkbook.<init>(XSSFWorkbook.java:285) ~[poi-ooxml-5.2.2.jar:5.2.2]
	at com.MOFutility.API_Excelutilities.readServiceIdFromExcel(API_Excelutilities.java:20) ~[test-classes/:?]
	at com.MOF.constants.API_URL.<clinit>(API_URL.java:264) ~[test-classes/:?]
	at com.MOFapi.MOFapi.Fetchvalid_SingleService_ValidServiceid(MOFapi.java:4891) ~[test-classes/:?]
	at jdk.internal.reflect.DirectMethodHandleAccessor.invoke(DirectMethodHandleAccessor.java:103) ~[?:?]
	at java.lang.reflect.Method.invoke(Method.java:580) ~[?:?]
	at org.testng.internal.MethodInvocationHelper.invokeMethod(MethodInvocationHelper.java:124) ~[testng-6.14.3.jar:?]
	at org.testng.internal.Invoker.invokeMethod(Invoker.java:583) ~[testng-6.14.3.jar:?]
	at org.testng.internal.Invoker.invokeTestMethod(Invoker.java:719) ~[testng-6.14.3.jar:?]
	at org.testng.internal.Invoker.invokeTestMethods(Invoker.java:989) ~[testng-6.14.3.jar:?]
	at org.testng.internal.TestMethodWorker.invokeTestMethods(TestMethodWorker.java:125) ~[testng-6.14.3.jar:?]
	at org.testng.internal.TestMethodWorker.run(TestMethodWorker.java:109) ~[testng-6.14.3.jar:?]
	at org.testng.TestRunner.privateRun(TestRunner.java:648) ~[testng-6.14.3.jar:?]
	at org.testng.TestRunner.run(TestRunner.java:505) ~[testng-6.14.3.jar:?]
	at org.testng.SuiteRunner.runTest(SuiteRunner.java:455) ~[testng-6.14.3.jar:?]
	at org.testng.SuiteRunner.runSequentially(SuiteRunner.java:450) ~[testng-6.14.3.jar:?]
	at org.testng.SuiteRunner.privateRun(SuiteRunner.java:415) ~[testng-6.14.3.jar:?]
	at org.testng.SuiteRunner.run(SuiteRunner.java:364) ~[testng-6.14.3.jar:?]
	at org.testng.SuiteRunnerWorker.runSuite(SuiteRunnerWorker.java:52) ~[testng-6.14.3.jar:?]
	at org.testng.SuiteRunnerWorker.run(SuiteRunnerWorker.java:84) ~[testng-6.14.3.jar:?]
	at org.testng.TestNG.runSuitesSequentially(TestNG.java:1208) ~[testng-6.14.3.jar:?]
	at org.testng.TestNG.runSuitesLocally(TestNG.java:1137) ~[testng-6.14.3.jar:?]
	at org.testng.TestNG.runSuites(TestNG.java:1049) ~[testng-6.14.3.jar:?]
	at org.testng.TestNG.run(TestNG.java:1017) ~[testng-6.14.3.jar:?]
	at org.apache.maven.surefire.testng.TestNGExecutor.run(TestNGExecutor.java:308) ~[surefire-testng-3.3.0.jar:3.3.0]
	at org.apache.maven.surefire.testng.TestNGXmlTestSuite.execute(TestNGXmlTestSuite.java:71) ~[surefire-testng-3.3.0.jar:3.3.0]
	at org.apache.maven.surefire.testng.TestNGProvider.invoke(TestNGProvider.java:113) ~[surefire-testng-3.3.0.jar:3.3.0]
	at org.apache.maven.surefire.booter.ForkedBooter.runSuitesInProcess(ForkedBooter.java:385) ~[surefire-booter-3.3.0.jar:3.3.0]
	at org.apache.maven.surefire.booter.ForkedBooter.execute(ForkedBooter.java:162) ~[surefire-booter-3.3.0.jar:3.3.0]
	at org.apache.maven.surefire.booter.ForkedBooter.run(ForkedBooter.java:507) ~[surefire-booter-3.3.0.jar:3.3.0]
	at org.apache.maven.surefire.booter.ForkedBooter.main(ForkedBooter.java:495) ~[surefire-booter-3.3.0.jar:3.3.0]
17:05:54.700 [main] ERROR org.apache.poi.openxml4j.opc.PackageRelationshipCollection - Cannot convert mailto:2343456378912@#&^*gvadhfbjnf in a valid relationship URI-> dummy-URI used
java.net.URISyntaxException: Illegal character in fragment at index 23: mailto:2343456378912@#&^*gvadhfbjnf
	at java.net.URI$Parser.fail(URI.java:2995) ~[?:?]
	at java.net.URI$Parser.checkChars(URI.java:3166) ~[?:?]
	at java.net.URI$Parser.parse(URI.java:3210) ~[?:?]
	at java.net.URI.<init>(URI.java:645) ~[?:?]
	at org.apache.poi.openxml4j.opc.PackagingURIHelper.toURI(PackagingURIHelper.java:723) ~[poi-ooxml-5.2.2.jar:5.2.2]
	at org.apache.poi.openxml4j.opc.PackageRelationshipCollection.parseRelationshipsPart(PackageRelationshipCollection.java:358) ~[poi-ooxml-5.2.2.jar:5.2.2]
	at org.apache.poi.openxml4j.opc.PackageRelationshipCollection.<init>(PackageRelationshipCollection.java:160) ~[poi-ooxml-5.2.2.jar:5.2.2]
	at org.apache.poi.openxml4j.opc.PackageRelationshipCollection.<init>(PackageRelationshipCollection.java:130) ~[poi-ooxml-5.2.2.jar:5.2.2]
	at org.apache.poi.openxml4j.opc.PackagePart.loadRelationships(PackagePart.java:565) ~[poi-ooxml-5.2.2.jar:5.2.2]
	at org.apache.poi.openxml4j.opc.OPCPackage.getParts(OPCPackage.java:745) ~[poi-ooxml-5.2.2.jar:5.2.2]
	at org.apache.poi.openxml4j.opc.OPCPackage.open(OPCPackage.java:315) ~[poi-ooxml-5.2.2.jar:5.2.2]
	at org.apache.poi.ooxml.util.PackageHelper.open(PackageHelper.java:59) ~[poi-ooxml-5.2.2.jar:5.2.2]
	at org.apache.poi.xssf.usermodel.XSSFWorkbook.<init>(XSSFWorkbook.java:289) ~[poi-ooxml-5.2.2.jar:5.2.2]
	at org.apache.poi.xssf.usermodel.XSSFWorkbook.<init>(XSSFWorkbook.java:285) ~[poi-ooxml-5.2.2.jar:5.2.2]
	at com.MOFutility.API_Excelutilities.readServiceIdFromExcel(API_Excelutilities.java:20) ~[test-classes/:?]
	at com.MOF.constants.API_URL.<clinit>(API_URL.java:264) ~[test-classes/:?]
	at com.MOFapi.MOFapi.Fetchvalid_SingleService_ValidServiceid(MOFapi.java:4891) ~[test-classes/:?]
	at jdk.internal.reflect.DirectMethodHandleAccessor.invoke(DirectMethodHandleAccessor.java:103) ~[?:?]
	at java.lang.reflect.Method.invoke(Method.java:580) ~[?:?]
	at org.testng.internal.MethodInvocationHelper.invokeMethod(MethodInvocationHelper.java:124) ~[testng-6.14.3.jar:?]
	at org.testng.internal.Invoker.invokeMethod(Invoker.java:583) ~[testng-6.14.3.jar:?]
	at org.testng.internal.Invoker.invokeTestMethod(Invoker.java:719) ~[testng-6.14.3.jar:?]
	at org.testng.internal.Invoker.invokeTestMethods(Invoker.java:989) ~[testng-6.14.3.jar:?]
	at org.testng.internal.TestMethodWorker.invokeTestMethods(TestMethodWorker.java:125) ~[testng-6.14.3.jar:?]
	at org.testng.internal.TestMethodWorker.run(TestMethodWorker.java:109) ~[testng-6.14.3.jar:?]
	at org.testng.TestRunner.privateRun(TestRunner.java:648) ~[testng-6.14.3.jar:?]
	at org.testng.TestRunner.run(TestRunner.java:505) ~[testng-6.14.3.jar:?]
	at org.testng.SuiteRunner.runTest(SuiteRunner.java:455) ~[testng-6.14.3.jar:?]
	at org.testng.SuiteRunner.runSequentially(SuiteRunner.java:450) ~[testng-6.14.3.jar:?]
	at org.testng.SuiteRunner.privateRun(SuiteRunner.java:415) ~[testng-6.14.3.jar:?]
	at org.testng.SuiteRunner.run(SuiteRunner.java:364) ~[testng-6.14.3.jar:?]
	at org.testng.SuiteRunnerWorker.runSuite(SuiteRunnerWorker.java:52) ~[testng-6.14.3.jar:?]
	at org.testng.SuiteRunnerWorker.run(SuiteRunnerWorker.java:84) ~[testng-6.14.3.jar:?]
	at org.testng.TestNG.runSuitesSequentially(TestNG.java:1208) ~[testng-6.14.3.jar:?]
	at org.testng.TestNG.runSuitesLocally(TestNG.java:1137) ~[testng-6.14.3.jar:?]
	at org.testng.TestNG.runSuites(TestNG.java:1049) ~[testng-6.14.3.jar:?]
	at org.testng.TestNG.run(TestNG.java:1017) ~[testng-6.14.3.jar:?]
	at org.apache.maven.surefire.testng.TestNGExecutor.run(TestNGExecutor.java:308) ~[surefire-testng-3.3.0.jar:3.3.0]
	at org.apache.maven.surefire.testng.TestNGXmlTestSuite.execute(TestNGXmlTestSuite.java:71) ~[surefire-testng-3.3.0.jar:3.3.0]
	at org.apache.maven.surefire.testng.TestNGProvider.invoke(TestNGProvider.java:113) ~[surefire-testng-3.3.0.jar:3.3.0]
	at org.apache.maven.surefire.booter.ForkedBooter.runSuitesInProcess(ForkedBooter.java:385) ~[surefire-booter-3.3.0.jar:3.3.0]
	at org.apache.maven.surefire.booter.ForkedBooter.execute(ForkedBooter.java:162) ~[surefire-booter-3.3.0.jar:3.3.0]
	at org.apache.maven.surefire.booter.ForkedBooter.run(ForkedBooter.java:507) ~[surefire-booter-3.3.0.jar:3.3.0]
	at org.apache.maven.surefire.booter.ForkedBooter.main(ForkedBooter.java:495) ~[surefire-booter-3.3.0.jar:3.3.0]
17:05:54.720 [main] ERROR org.apache.poi.openxml4j.opc.PackageRelationshipCollection - Cannot convert mailto:ALPA@#$%^245234534 in a valid relationship URI-> dummy-URI used
java.net.URISyntaxException: Malformed escape pair at index 14: mailto:ALPA@#$%^245234534
	at java.net.URI$Parser.fail(URI.java:2995) ~[?:?]
	at java.net.URI$Parser.scanEscape(URI.java:3123) ~[?:?]
	at java.net.URI$Parser.scan(URI.java:3146) ~[?:?]
	at java.net.URI$Parser.checkChars(URI.java:3164) ~[?:?]
	at java.net.URI$Parser.parse(URI.java:3210) ~[?:?]
	at java.net.URI.<init>(URI.java:645) ~[?:?]
	at org.apache.poi.openxml4j.opc.PackagingURIHelper.toURI(PackagingURIHelper.java:723) ~[poi-ooxml-5.2.2.jar:5.2.2]
	at org.apache.poi.openxml4j.opc.PackageRelationshipCollection.parseRelationshipsPart(PackageRelationshipCollection.java:358) ~[poi-ooxml-5.2.2.jar:5.2.2]
	at org.apache.poi.openxml4j.opc.PackageRelationshipCollection.<init>(PackageRelationshipCollection.java:160) ~[poi-ooxml-5.2.2.jar:5.2.2]
	at org.apache.poi.openxml4j.opc.PackageRelationshipCollection.<init>(PackageRelationshipCollection.java:130) ~[poi-ooxml-5.2.2.jar:5.2.2]
	at org.apache.poi.openxml4j.opc.PackagePart.loadRelationships(PackagePart.java:565) ~[poi-ooxml-5.2.2.jar:5.2.2]
	at org.apache.poi.openxml4j.opc.OPCPackage.getParts(OPCPackage.java:745) ~[poi-ooxml-5.2.2.jar:5.2.2]
	at org.apache.poi.openxml4j.opc.OPCPackage.open(OPCPackage.java:315) ~[poi-ooxml-5.2.2.jar:5.2.2]
	at org.apache.poi.ooxml.util.PackageHelper.open(PackageHelper.java:59) ~[poi-ooxml-5.2.2.jar:5.2.2]
	at org.apache.poi.xssf.usermodel.XSSFWorkbook.<init>(XSSFWorkbook.java:289) ~[poi-ooxml-5.2.2.jar:5.2.2]
	at org.apache.poi.xssf.usermodel.XSSFWorkbook.<init>(XSSFWorkbook.java:285) ~[poi-ooxml-5.2.2.jar:5.2.2]
	at com.MOFutility.API_Excelutilities.readServiceIdFromExcel(API_Excelutilities.java:20) ~[test-classes/:?]
	at com.MOF.constants.API_URL.<clinit>(API_URL.java:265) ~[test-classes/:?]
	at com.MOFapi.MOFapi.Fetchvalid_SingleService_ValidServiceid(MOFapi.java:4891) ~[test-classes/:?]
	at jdk.internal.reflect.DirectMethodHandleAccessor.invoke(DirectMethodHandleAccessor.java:103) ~[?:?]
	at java.lang.reflect.Method.invoke(Method.java:580) ~[?:?]
	at org.testng.internal.MethodInvocationHelper.invokeMethod(MethodInvocationHelper.java:124) ~[testng-6.14.3.jar:?]
	at org.testng.internal.Invoker.invokeMethod(Invoker.java:583) ~[testng-6.14.3.jar:?]
	at org.testng.internal.Invoker.invokeTestMethod(Invoker.java:719) ~[testng-6.14.3.jar:?]
	at org.testng.internal.Invoker.invokeTestMethods(Invoker.java:989) ~[testng-6.14.3.jar:?]
	at org.testng.internal.TestMethodWorker.invokeTestMethods(TestMethodWorker.java:125) ~[testng-6.14.3.jar:?]
	at org.testng.internal.TestMethodWorker.run(TestMethodWorker.java:109) ~[testng-6.14.3.jar:?]
	at org.testng.TestRunner.privateRun(TestRunner.java:648) ~[testng-6.14.3.jar:?]
	at org.testng.TestRunner.run(TestRunner.java:505) ~[testng-6.14.3.jar:?]
	at org.testng.SuiteRunner.runTest(SuiteRunner.java:455) ~[testng-6.14.3.jar:?]
	at org.testng.SuiteRunner.runSequentially(SuiteRunner.java:450) ~[testng-6.14.3.jar:?]
	at org.testng.SuiteRunner.privateRun(SuiteRunner.java:415) ~[testng-6.14.3.jar:?]
	at org.testng.SuiteRunner.run(SuiteRunner.java:364) ~[testng-6.14.3.jar:?]
	at org.testng.SuiteRunnerWorker.runSuite(SuiteRunnerWorker.java:52) ~[testng-6.14.3.jar:?]
	at org.testng.SuiteRunnerWorker.run(SuiteRunnerWorker.java:84) ~[testng-6.14.3.jar:?]
	at org.testng.TestNG.runSuitesSequentially(TestNG.java:1208) ~[testng-6.14.3.jar:?]
	at org.testng.TestNG.runSuitesLocally(TestNG.java:1137) ~[testng-6.14.3.jar:?]
	at org.testng.TestNG.runSuites(TestNG.java:1049) ~[testng-6.14.3.jar:?]
	at org.testng.TestNG.run(TestNG.java:1017) ~[testng-6.14.3.jar:?]
	at org.apache.maven.surefire.testng.TestNGExecutor.run(TestNGExecutor.java:308) ~[surefire-testng-3.3.0.jar:3.3.0]
	at org.apache.maven.surefire.testng.TestNGXmlTestSuite.execute(TestNGXmlTestSuite.java:71) ~[surefire-testng-3.3.0.jar:3.3.0]
	at org.apache.maven.surefire.testng.TestNGProvider.invoke(TestNGProvider.java:113) ~[surefire-testng-3.3.0.jar:3.3.0]
	at org.apache.maven.surefire.booter.ForkedBooter.runSuitesInProcess(ForkedBooter.java:385) ~[surefire-booter-3.3.0.jar:3.3.0]
	at org.apache.maven.surefire.booter.ForkedBooter.execute(ForkedBooter.java:162) ~[surefire-booter-3.3.0.jar:3.3.0]
	at org.apache.maven.surefire.booter.ForkedBooter.run(ForkedBooter.java:507) ~[surefire-booter-3.3.0.jar:3.3.0]
	at org.apache.maven.surefire.booter.ForkedBooter.main(ForkedBooter.java:495) ~[surefire-booter-3.3.0.jar:3.3.0]
17:05:54.721 [main] ERROR org.apache.poi.openxml4j.opc.PackageRelationshipCollection - Cannot convert mailto:ALPHAAAAAA@@@@@!@##$$$%12344 in a valid relationship URI-> dummy-URI used
java.net.URISyntaxException: Illegal character in fragment at index 25: mailto:ALPHAAAAAA@@@@@!@##$$$%12344
	at java.net.URI$Parser.fail(URI.java:2995) ~[?:?]
	at java.net.URI$Parser.checkChars(URI.java:3166) ~[?:?]
	at java.net.URI$Parser.parse(URI.java:3210) ~[?:?]
	at java.net.URI.<init>(URI.java:645) ~[?:?]
	at org.apache.poi.openxml4j.opc.PackagingURIHelper.toURI(PackagingURIHelper.java:723) ~[poi-ooxml-5.2.2.jar:5.2.2]
	at org.apache.poi.openxml4j.opc.PackageRelationshipCollection.parseRelationshipsPart(PackageRelationshipCollection.java:358) ~[poi-ooxml-5.2.2.jar:5.2.2]
	at org.apache.poi.openxml4j.opc.PackageRelationshipCollection.<init>(PackageRelationshipCollection.java:160) ~[poi-ooxml-5.2.2.jar:5.2.2]
	at org.apache.poi.openxml4j.opc.PackageRelationshipCollection.<init>(PackageRelationshipCollection.java:130) ~[poi-ooxml-5.2.2.jar:5.2.2]
	at org.apache.poi.openxml4j.opc.PackagePart.loadRelationships(PackagePart.java:565) ~[poi-ooxml-5.2.2.jar:5.2.2]
	at org.apache.poi.openxml4j.opc.OPCPackage.getParts(OPCPackage.java:745) ~[poi-ooxml-5.2.2.jar:5.2.2]
	at org.apache.poi.openxml4j.opc.OPCPackage.open(OPCPackage.java:315) ~[poi-ooxml-5.2.2.jar:5.2.2]
	at org.apache.poi.ooxml.util.PackageHelper.open(PackageHelper.java:59) ~[poi-ooxml-5.2.2.jar:5.2.2]
	at org.apache.poi.xssf.usermodel.XSSFWorkbook.<init>(XSSFWorkbook.java:289) ~[poi-ooxml-5.2.2.jar:5.2.2]
	at org.apache.poi.xssf.usermodel.XSSFWorkbook.<init>(XSSFWorkbook.java:285) ~[poi-ooxml-5.2.2.jar:5.2.2]
	at com.MOFutility.API_Excelutilities.readServiceIdFromExcel(API_Excelutilities.java:20) ~[test-classes/:?]
	at com.MOF.constants.API_URL.<clinit>(API_URL.java:265) ~[test-classes/:?]
	at com.MOFapi.MOFapi.Fetchvalid_SingleService_ValidServiceid(MOFapi.java:4891) ~[test-classes/:?]
	at jdk.internal.reflect.DirectMethodHandleAccessor.invoke(DirectMethodHandleAccessor.java:103) ~[?:?]
	at java.lang.reflect.Method.invoke(Method.java:580) ~[?:?]
	at org.testng.internal.MethodInvocationHelper.invokeMethod(MethodInvocationHelper.java:124) ~[testng-6.14.3.jar:?]
	at org.testng.internal.Invoker.invokeMethod(Invoker.java:583) ~[testng-6.14.3.jar:?]
	at org.testng.internal.Invoker.invokeTestMethod(Invoker.java:719) ~[testng-6.14.3.jar:?]
	at org.testng.internal.Invoker.invokeTestMethods(Invoker.java:989) ~[testng-6.14.3.jar:?]
	at org.testng.internal.TestMethodWorker.invokeTestMethods(TestMethodWorker.java:125) ~[testng-6.14.3.jar:?]
	at org.testng.internal.TestMethodWorker.run(TestMethodWorker.java:109) ~[testng-6.14.3.jar:?]
	at org.testng.TestRunner.privateRun(TestRunner.java:648) ~[testng-6.14.3.jar:?]
	at org.testng.TestRunner.run(TestRunner.java:505) ~[testng-6.14.3.jar:?]
	at org.testng.SuiteRunner.runTest(SuiteRunner.java:455) ~[testng-6.14.3.jar:?]
	at org.testng.SuiteRunner.runSequentially(SuiteRunner.java:450) ~[testng-6.14.3.jar:?]
	at org.testng.SuiteRunner.privateRun(SuiteRunner.java:415) ~[testng-6.14.3.jar:?]
	at org.testng.SuiteRunner.run(SuiteRunner.java:364) ~[testng-6.14.3.jar:?]
	at org.testng.SuiteRunnerWorker.runSuite(SuiteRunnerWorker.java:52) ~[testng-6.14.3.jar:?]
	at org.testng.SuiteRunnerWorker.run(SuiteRunnerWorker.java:84) ~[testng-6.14.3.jar:?]
	at org.testng.TestNG.runSuitesSequentially(TestNG.java:1208) ~[testng-6.14.3.jar:?]
	at org.testng.TestNG.runSuitesLocally(TestNG.java:1137) ~[testng-6.14.3.jar:?]
	at org.testng.TestNG.runSuites(TestNG.java:1049) ~[testng-6.14.3.jar:?]
	at org.testng.TestNG.run(TestNG.java:1017) ~[testng-6.14.3.jar:?]
	at org.apache.maven.surefire.testng.TestNGExecutor.run(TestNGExecutor.java:308) ~[surefire-testng-3.3.0.jar:3.3.0]
	at org.apache.maven.surefire.testng.TestNGXmlTestSuite.execute(TestNGXmlTestSuite.java:71) ~[surefire-testng-3.3.0.jar:3.3.0]
	at org.apache.maven.surefire.testng.TestNGProvider.invoke(TestNGProvider.java:113) ~[surefire-testng-3.3.0.jar:3.3.0]
	at org.apache.maven.surefire.booter.ForkedBooter.runSuitesInProcess(ForkedBooter.java:385) ~[surefire-booter-3.3.0.jar:3.3.0]
	at org.apache.maven.surefire.booter.ForkedBooter.execute(ForkedBooter.java:162) ~[surefire-booter-3.3.0.jar:3.3.0]
	at org.apache.maven.surefire.booter.ForkedBooter.run(ForkedBooter.java:507) ~[surefire-booter-3.3.0.jar:3.3.0]
	at org.apache.maven.surefire.booter.ForkedBooter.main(ForkedBooter.java:495) ~[surefire-booter-3.3.0.jar:3.3.0]
17:05:54.721 [main] ERROR org.apache.poi.openxml4j.opc.PackageRelationshipCollection - Cannot convert mailto:2343456378912@#&^*gvadhfbjnf in a valid relationship URI-> dummy-URI used
java.net.URISyntaxException: Illegal character in fragment at index 23: mailto:2343456378912@#&^*gvadhfbjnf
	at java.net.URI$Parser.fail(URI.java:2995) ~[?:?]
	at java.net.URI$Parser.checkChars(URI.java:3166) ~[?:?]
	at java.net.URI$Parser.parse(URI.java:3210) ~[?:?]
	at java.net.URI.<init>(URI.java:645) ~[?:?]
	at org.apache.poi.openxml4j.opc.PackagingURIHelper.toURI(PackagingURIHelper.java:723) ~[poi-ooxml-5.2.2.jar:5.2.2]
	at org.apache.poi.openxml4j.opc.PackageRelationshipCollection.parseRelationshipsPart(PackageRelationshipCollection.java:358) ~[poi-ooxml-5.2.2.jar:5.2.2]
	at org.apache.poi.openxml4j.opc.PackageRelationshipCollection.<init>(PackageRelationshipCollection.java:160) ~[poi-ooxml-5.2.2.jar:5.2.2]
	at org.apache.poi.openxml4j.opc.PackageRelationshipCollection.<init>(PackageRelationshipCollection.java:130) ~[poi-ooxml-5.2.2.jar:5.2.2]
	at org.apache.poi.openxml4j.opc.PackagePart.loadRelationships(PackagePart.java:565) ~[poi-ooxml-5.2.2.jar:5.2.2]
	at org.apache.poi.openxml4j.opc.OPCPackage.getParts(OPCPackage.java:745) ~[poi-ooxml-5.2.2.jar:5.2.2]
	at org.apache.poi.openxml4j.opc.OPCPackage.open(OPCPackage.java:315) ~[poi-ooxml-5.2.2.jar:5.2.2]
	at org.apache.poi.ooxml.util.PackageHelper.open(PackageHelper.java:59) ~[poi-ooxml-5.2.2.jar:5.2.2]
	at org.apache.poi.xssf.usermodel.XSSFWorkbook.<init>(XSSFWorkbook.java:289) ~[poi-ooxml-5.2.2.jar:5.2.2]
	at org.apache.poi.xssf.usermodel.XSSFWorkbook.<init>(XSSFWorkbook.java:285) ~[poi-ooxml-5.2.2.jar:5.2.2]
	at com.MOFutility.API_Excelutilities.readServiceIdFromExcel(API_Excelutilities.java:20) ~[test-classes/:?]
	at com.MOF.constants.API_URL.<clinit>(API_URL.java:265) ~[test-classes/:?]
	at com.MOFapi.MOFapi.Fetchvalid_SingleService_ValidServiceid(MOFapi.java:4891) ~[test-classes/:?]
	at jdk.internal.reflect.DirectMethodHandleAccessor.invoke(DirectMethodHandleAccessor.java:103) ~[?:?]
	at java.lang.reflect.Method.invoke(Method.java:580) ~[?:?]
	at org.testng.internal.MethodInvocationHelper.invokeMethod(MethodInvocationHelper.java:124) ~[testng-6.14.3.jar:?]
	at org.testng.internal.Invoker.invokeMethod(Invoker.java:583) ~[testng-6.14.3.jar:?]
	at org.testng.internal.Invoker.invokeTestMethod(Invoker.java:719) ~[testng-6.14.3.jar:?]
	at org.testng.internal.Invoker.invokeTestMethods(Invoker.java:989) ~[testng-6.14.3.jar:?]
	at org.testng.internal.TestMethodWorker.invokeTestMethods(TestMethodWorker.java:125) ~[testng-6.14.3.jar:?]
	at org.testng.internal.TestMethodWorker.run(TestMethodWorker.java:109) ~[testng-6.14.3.jar:?]
	at org.testng.TestRunner.privateRun(TestRunner.java:648) ~[testng-6.14.3.jar:?]
	at org.testng.TestRunner.run(TestRunner.java:505) ~[testng-6.14.3.jar:?]
	at org.testng.SuiteRunner.runTest(SuiteRunner.java:455) ~[testng-6.14.3.jar:?]
	at org.testng.SuiteRunner.runSequentially(SuiteRunner.java:450) ~[testng-6.14.3.jar:?]
	at org.testng.SuiteRunner.privateRun(SuiteRunner.java:415) ~[testng-6.14.3.jar:?]
	at org.testng.SuiteRunner.run(SuiteRunner.java:364) ~[testng-6.14.3.jar:?]
	at org.testng.SuiteRunnerWorker.runSuite(SuiteRunnerWorker.java:52) ~[testng-6.14.3.jar:?]
	at org.testng.SuiteRunnerWorker.run(SuiteRunnerWorker.java:84) ~[testng-6.14.3.jar:?]
	at org.testng.TestNG.runSuitesSequentially(TestNG.java:1208) ~[testng-6.14.3.jar:?]
	at org.testng.TestNG.runSuitesLocally(TestNG.java:1137) ~[testng-6.14.3.jar:?]
	at org.testng.TestNG.runSuites(TestNG.java:1049) ~[testng-6.14.3.jar:?]
	at org.testng.TestNG.run(TestNG.java:1017) ~[testng-6.14.3.jar:?]
	at org.apache.maven.surefire.testng.TestNGExecutor.run(TestNGExecutor.java:308) ~[surefire-testng-3.3.0.jar:3.3.0]
	at org.apache.maven.surefire.testng.TestNGXmlTestSuite.execute(TestNGXmlTestSuite.java:71) ~[surefire-testng-3.3.0.jar:3.3.0]
	at org.apache.maven.surefire.testng.TestNGProvider.invoke(TestNGProvider.java:113) ~[surefire-testng-3.3.0.jar:3.3.0]
	at org.apache.maven.surefire.booter.ForkedBooter.runSuitesInProcess(ForkedBooter.java:385) ~[surefire-booter-3.3.0.jar:3.3.0]
	at org.apache.maven.surefire.booter.ForkedBooter.execute(ForkedBooter.java:162) ~[surefire-booter-3.3.0.jar:3.3.0]
	at org.apache.maven.surefire.booter.ForkedBooter.run(ForkedBooter.java:507) ~[surefire-booter-3.3.0.jar:3.3.0]
	at org.apache.maven.surefire.booter.ForkedBooter.main(ForkedBooter.java:495) ~[surefire-booter-3.3.0.jar:3.3.0]
17:05:54.743 [main] ERROR org.apache.poi.openxml4j.opc.PackageRelationshipCollection - Cannot convert mailto:ALPA@#$%^245234534 in a valid relationship URI-> dummy-URI used
java.net.URISyntaxException: Malformed escape pair at index 14: mailto:ALPA@#$%^245234534
	at java.net.URI$Parser.fail(URI.java:2995) ~[?:?]
	at java.net.URI$Parser.scanEscape(URI.java:3123) ~[?:?]
	at java.net.URI$Parser.scan(URI.java:3146) ~[?:?]
	at java.net.URI$Parser.checkChars(URI.java:3164) ~[?:?]
	at java.net.URI$Parser.parse(URI.java:3210) ~[?:?]
	at java.net.URI.<init>(URI.java:645) ~[?:?]
	at org.apache.poi.openxml4j.opc.PackagingURIHelper.toURI(PackagingURIHelper.java:723) ~[poi-ooxml-5.2.2.jar:5.2.2]
	at org.apache.poi.openxml4j.opc.PackageRelationshipCollection.parseRelationshipsPart(PackageRelationshipCollection.java:358) ~[poi-ooxml-5.2.2.jar:5.2.2]
	at org.apache.poi.openxml4j.opc.PackageRelationshipCollection.<init>(PackageRelationshipCollection.java:160) ~[poi-ooxml-5.2.2.jar:5.2.2]
	at org.apache.poi.openxml4j.opc.PackageRelationshipCollection.<init>(PackageRelationshipCollection.java:130) ~[poi-ooxml-5.2.2.jar:5.2.2]
	at org.apache.poi.openxml4j.opc.PackagePart.loadRelationships(PackagePart.java:565) ~[poi-ooxml-5.2.2.jar:5.2.2]
	at org.apache.poi.openxml4j.opc.OPCPackage.getParts(OPCPackage.java:745) ~[poi-ooxml-5.2.2.jar:5.2.2]
	at org.apache.poi.openxml4j.opc.OPCPackage.open(OPCPackage.java:315) ~[poi-ooxml-5.2.2.jar:5.2.2]
	at org.apache.poi.ooxml.util.PackageHelper.open(PackageHelper.java:59) ~[poi-ooxml-5.2.2.jar:5.2.2]
	at org.apache.poi.xssf.usermodel.XSSFWorkbook.<init>(XSSFWorkbook.java:289) ~[poi-ooxml-5.2.2.jar:5.2.2]
	at org.apache.poi.xssf.usermodel.XSSFWorkbook.<init>(XSSFWorkbook.java:285) ~[poi-ooxml-5.2.2.jar:5.2.2]
	at com.MOFutility.API_Excelutilities.readServiceIdFromExcel(API_Excelutilities.java:20) ~[test-classes/:?]
	at com.MOF.constants.API_URL.<clinit>(API_URL.java:267) ~[test-classes/:?]
	at com.MOFapi.MOFapi.Fetchvalid_SingleService_ValidServiceid(MOFapi.java:4891) ~[test-classes/:?]
	at jdk.internal.reflect.DirectMethodHandleAccessor.invoke(DirectMethodHandleAccessor.java:103) ~[?:?]
	at java.lang.reflect.Method.invoke(Method.java:580) ~[?:?]
	at org.testng.internal.MethodInvocationHelper.invokeMethod(MethodInvocationHelper.java:124) ~[testng-6.14.3.jar:?]
	at org.testng.internal.Invoker.invokeMethod(Invoker.java:583) ~[testng-6.14.3.jar:?]
	at org.testng.internal.Invoker.invokeTestMethod(Invoker.java:719) ~[testng-6.14.3.jar:?]
	at org.testng.internal.Invoker.invokeTestMethods(Invoker.java:989) ~[testng-6.14.3.jar:?]
	at org.testng.internal.TestMethodWorker.invokeTestMethods(TestMethodWorker.java:125) ~[testng-6.14.3.jar:?]
	at org.testng.internal.TestMethodWorker.run(TestMethodWorker.java:109) ~[testng-6.14.3.jar:?]
	at org.testng.TestRunner.privateRun(TestRunner.java:648) ~[testng-6.14.3.jar:?]
	at org.testng.TestRunner.run(TestRunner.java:505) ~[testng-6.14.3.jar:?]
	at org.testng.SuiteRunner.runTest(SuiteRunner.java:455) ~[testng-6.14.3.jar:?]
	at org.testng.SuiteRunner.runSequentially(SuiteRunner.java:450) ~[testng-6.14.3.jar:?]
	at org.testng.SuiteRunner.privateRun(SuiteRunner.java:415) ~[testng-6.14.3.jar:?]
	at org.testng.SuiteRunner.run(SuiteRunner.java:364) ~[testng-6.14.3.jar:?]
	at org.testng.SuiteRunnerWorker.runSuite(SuiteRunnerWorker.java:52) ~[testng-6.14.3.jar:?]
	at org.testng.SuiteRunnerWorker.run(SuiteRunnerWorker.java:84) ~[testng-6.14.3.jar:?]
	at org.testng.TestNG.runSuitesSequentially(TestNG.java:1208) ~[testng-6.14.3.jar:?]
	at org.testng.TestNG.runSuitesLocally(TestNG.java:1137) ~[testng-6.14.3.jar:?]
	at org.testng.TestNG.runSuites(TestNG.java:1049) ~[testng-6.14.3.jar:?]
	at org.testng.TestNG.run(TestNG.java:1017) ~[testng-6.14.3.jar:?]
	at org.apache.maven.surefire.testng.TestNGExecutor.run(TestNGExecutor.java:308) ~[surefire-testng-3.3.0.jar:3.3.0]
	at org.apache.maven.surefire.testng.TestNGXmlTestSuite.execute(TestNGXmlTestSuite.java:71) ~[surefire-testng-3.3.0.jar:3.3.0]
	at org.apache.maven.surefire.testng.TestNGProvider.invoke(TestNGProvider.java:113) ~[surefire-testng-3.3.0.jar:3.3.0]
	at org.apache.maven.surefire.booter.ForkedBooter.runSuitesInProcess(ForkedBooter.java:385) ~[surefire-booter-3.3.0.jar:3.3.0]
	at org.apache.maven.surefire.booter.ForkedBooter.execute(ForkedBooter.java:162) ~[surefire-booter-3.3.0.jar:3.3.0]
	at org.apache.maven.surefire.booter.ForkedBooter.run(ForkedBooter.java:507) ~[surefire-booter-3.3.0.jar:3.3.0]
	at org.apache.maven.surefire.booter.ForkedBooter.main(ForkedBooter.java:495) ~[surefire-booter-3.3.0.jar:3.3.0]
17:05:54.743 [main] ERROR org.apache.poi.openxml4j.opc.PackageRelationshipCollection - Cannot convert mailto:ALPHAAAAAA@@@@@!@##$$$%12344 in a valid relationship URI-> dummy-URI used
java.net.URISyntaxException: Illegal character in fragment at index 25: mailto:ALPHAAAAAA@@@@@!@##$$$%12344
	at java.net.URI$Parser.fail(URI.java:2995) ~[?:?]
	at java.net.URI$Parser.checkChars(URI.java:3166) ~[?:?]
	at java.net.URI$Parser.parse(URI.java:3210) ~[?:?]
	at java.net.URI.<init>(URI.java:645) ~[?:?]
	at org.apache.poi.openxml4j.opc.PackagingURIHelper.toURI(PackagingURIHelper.java:723) ~[poi-ooxml-5.2.2.jar:5.2.2]
	at org.apache.poi.openxml4j.opc.PackageRelationshipCollection.parseRelationshipsPart(PackageRelationshipCollection.java:358) ~[poi-ooxml-5.2.2.jar:5.2.2]
	at org.apache.poi.openxml4j.opc.PackageRelationshipCollection.<init>(PackageRelationshipCollection.java:160) ~[poi-ooxml-5.2.2.jar:5.2.2]
	at org.apache.poi.openxml4j.opc.PackageRelationshipCollection.<init>(PackageRelationshipCollection.java:130) ~[poi-ooxml-5.2.2.jar:5.2.2]
	at org.apache.poi.openxml4j.opc.PackagePart.loadRelationships(PackagePart.java:565) ~[poi-ooxml-5.2.2.jar:5.2.2]
	at org.apache.poi.openxml4j.opc.OPCPackage.getParts(OPCPackage.java:745) ~[poi-ooxml-5.2.2.jar:5.2.2]
	at org.apache.poi.openxml4j.opc.OPCPackage.open(OPCPackage.java:315) ~[poi-ooxml-5.2.2.jar:5.2.2]
	at org.apache.poi.ooxml.util.PackageHelper.open(PackageHelper.java:59) ~[poi-ooxml-5.2.2.jar:5.2.2]
	at org.apache.poi.xssf.usermodel.XSSFWorkbook.<init>(XSSFWorkbook.java:289) ~[poi-ooxml-5.2.2.jar:5.2.2]
	at org.apache.poi.xssf.usermodel.XSSFWorkbook.<init>(XSSFWorkbook.java:285) ~[poi-ooxml-5.2.2.jar:5.2.2]
	at com.MOFutility.API_Excelutilities.readServiceIdFromExcel(API_Excelutilities.java:20) ~[test-classes/:?]
	at com.MOF.constants.API_URL.<clinit>(API_URL.java:267) ~[test-classes/:?]
	at com.MOFapi.MOFapi.Fetchvalid_SingleService_ValidServiceid(MOFapi.java:4891) ~[test-classes/:?]
	at jdk.internal.reflect.DirectMethodHandleAccessor.invoke(DirectMethodHandleAccessor.java:103) ~[?:?]
	at java.lang.reflect.Method.invoke(Method.java:580) ~[?:?]
	at org.testng.internal.MethodInvocationHelper.invokeMethod(MethodInvocationHelper.java:124) ~[testng-6.14.3.jar:?]
	at org.testng.internal.Invoker.invokeMethod(Invoker.java:583) ~[testng-6.14.3.jar:?]
	at org.testng.internal.Invoker.invokeTestMethod(Invoker.java:719) ~[testng-6.14.3.jar:?]
	at org.testng.internal.Invoker.invokeTestMethods(Invoker.java:989) ~[testng-6.14.3.jar:?]
	at org.testng.internal.TestMethodWorker.invokeTestMethods(TestMethodWorker.java:125) ~[testng-6.14.3.jar:?]
	at org.testng.internal.TestMethodWorker.run(TestMethodWorker.java:109) ~[testng-6.14.3.jar:?]
	at org.testng.TestRunner.privateRun(TestRunner.java:648) ~[testng-6.14.3.jar:?]
	at org.testng.TestRunner.run(TestRunner.java:505) ~[testng-6.14.3.jar:?]
	at org.testng.SuiteRunner.runTest(SuiteRunner.java:455) ~[testng-6.14.3.jar:?]
	at org.testng.SuiteRunner.runSequentially(SuiteRunner.java:450) ~[testng-6.14.3.jar:?]
	at org.testng.SuiteRunner.privateRun(SuiteRunner.java:415) ~[testng-6.14.3.jar:?]
	at org.testng.SuiteRunner.run(SuiteRunner.java:364) ~[testng-6.14.3.jar:?]
	at org.testng.SuiteRunnerWorker.runSuite(SuiteRunnerWorker.java:52) ~[testng-6.14.3.jar:?]
	at org.testng.SuiteRunnerWorker.run(SuiteRunnerWorker.java:84) ~[testng-6.14.3.jar:?]
	at org.testng.TestNG.runSuitesSequentially(TestNG.java:1208) ~[testng-6.14.3.jar:?]
	at org.testng.TestNG.runSuitesLocally(TestNG.java:1137) ~[testng-6.14.3.jar:?]
	at org.testng.TestNG.runSuites(TestNG.java:1049) ~[testng-6.14.3.jar:?]
	at org.testng.TestNG.run(TestNG.java:1017) ~[testng-6.14.3.jar:?]
	at org.apache.maven.surefire.testng.TestNGExecutor.run(TestNGExecutor.java:308) ~[surefire-testng-3.3.0.jar:3.3.0]
	at org.apache.maven.surefire.testng.TestNGXmlTestSuite.execute(TestNGXmlTestSuite.java:71) ~[surefire-testng-3.3.0.jar:3.3.0]
	at org.apache.maven.surefire.testng.TestNGProvider.invoke(TestNGProvider.java:113) ~[surefire-testng-3.3.0.jar:3.3.0]
	at org.apache.maven.surefire.booter.ForkedBooter.runSuitesInProcess(ForkedBooter.java:385) ~[surefire-booter-3.3.0.jar:3.3.0]
	at org.apache.maven.surefire.booter.ForkedBooter.execute(ForkedBooter.java:162) ~[surefire-booter-3.3.0.jar:3.3.0]
	at org.apache.maven.surefire.booter.ForkedBooter.run(ForkedBooter.java:507) ~[surefire-booter-3.3.0.jar:3.3.0]
	at org.apache.maven.surefire.booter.ForkedBooter.main(ForkedBooter.java:495) ~[surefire-booter-3.3.0.jar:3.3.0]
17:05:54.745 [main] ERROR org.apache.poi.openxml4j.opc.PackageRelationshipCollection - Cannot convert mailto:2343456378912@#&^*gvadhfbjnf in a valid relationship URI-> dummy-URI used
java.net.URISyntaxException: Illegal character in fragment at index 23: mailto:2343456378912@#&^*gvadhfbjnf
	at java.net.URI$Parser.fail(URI.java:2995) ~[?:?]
	at java.net.URI$Parser.checkChars(URI.java:3166) ~[?:?]
	at java.net.URI$Parser.parse(URI.java:3210) ~[?:?]
	at java.net.URI.<init>(URI.java:645) ~[?:?]
	at org.apache.poi.openxml4j.opc.PackagingURIHelper.toURI(PackagingURIHelper.java:723) ~[poi-ooxml-5.2.2.jar:5.2.2]
	at org.apache.poi.openxml4j.opc.PackageRelationshipCollection.parseRelationshipsPart(PackageRelationshipCollection.java:358) ~[poi-ooxml-5.2.2.jar:5.2.2]
	at org.apache.poi.openxml4j.opc.PackageRelationshipCollection.<init>(PackageRelationshipCollection.java:160) ~[poi-ooxml-5.2.2.jar:5.2.2]
	at org.apache.poi.openxml4j.opc.PackageRelationshipCollection.<init>(PackageRelationshipCollection.java:130) ~[poi-ooxml-5.2.2.jar:5.2.2]
	at org.apache.poi.openxml4j.opc.PackagePart.loadRelationships(PackagePart.java:565) ~[poi-ooxml-5.2.2.jar:5.2.2]
	at org.apache.poi.openxml4j.opc.OPCPackage.getParts(OPCPackage.java:745) ~[poi-ooxml-5.2.2.jar:5.2.2]
	at org.apache.poi.openxml4j.opc.OPCPackage.open(OPCPackage.java:315) ~[poi-ooxml-5.2.2.jar:5.2.2]
	at org.apache.poi.ooxml.util.PackageHelper.open(PackageHelper.java:59) ~[poi-ooxml-5.2.2.jar:5.2.2]
	at org.apache.poi.xssf.usermodel.XSSFWorkbook.<init>(XSSFWorkbook.java:289) ~[poi-ooxml-5.2.2.jar:5.2.2]
	at org.apache.poi.xssf.usermodel.XSSFWorkbook.<init>(XSSFWorkbook.java:285) ~[poi-ooxml-5.2.2.jar:5.2.2]
	at com.MOFutility.API_Excelutilities.readServiceIdFromExcel(API_Excelutilities.java:20) ~[test-classes/:?]
	at com.MOF.constants.API_URL.<clinit>(API_URL.java:267) ~[test-classes/:?]
	at com.MOFapi.MOFapi.Fetchvalid_SingleService_ValidServiceid(MOFapi.java:4891) ~[test-classes/:?]
	at jdk.internal.reflect.DirectMethodHandleAccessor.invoke(DirectMethodHandleAccessor.java:103) ~[?:?]
	at java.lang.reflect.Method.invoke(Method.java:580) ~[?:?]
	at org.testng.internal.MethodInvocationHelper.invokeMethod(MethodInvocationHelper.java:124) ~[testng-6.14.3.jar:?]
	at org.testng.internal.Invoker.invokeMethod(Invoker.java:583) ~[testng-6.14.3.jar:?]
	at org.testng.internal.Invoker.invokeTestMethod(Invoker.java:719) ~[testng-6.14.3.jar:?]
	at org.testng.internal.Invoker.invokeTestMethods(Invoker.java:989) ~[testng-6.14.3.jar:?]
	at org.testng.internal.TestMethodWorker.invokeTestMethods(TestMethodWorker.java:125) ~[testng-6.14.3.jar:?]
	at org.testng.internal.TestMethodWorker.run(TestMethodWorker.java:109) ~[testng-6.14.3.jar:?]
	at org.testng.TestRunner.privateRun(TestRunner.java:648) ~[testng-6.14.3.jar:?]
	at org.testng.TestRunner.run(TestRunner.java:505) ~[testng-6.14.3.jar:?]
	at org.testng.SuiteRunner.runTest(SuiteRunner.java:455) ~[testng-6.14.3.jar:?]
	at org.testng.SuiteRunner.runSequentially(SuiteRunner.java:450) ~[testng-6.14.3.jar:?]
	at org.testng.SuiteRunner.privateRun(SuiteRunner.java:415) ~[testng-6.14.3.jar:?]
	at org.testng.SuiteRunner.run(SuiteRunner.java:364) ~[testng-6.14.3.jar:?]
	at org.testng.SuiteRunnerWorker.runSuite(SuiteRunnerWorker.java:52) ~[testng-6.14.3.jar:?]
	at org.testng.SuiteRunnerWorker.run(SuiteRunnerWorker.java:84) ~[testng-6.14.3.jar:?]
	at org.testng.TestNG.runSuitesSequentially(TestNG.java:1208) ~[testng-6.14.3.jar:?]
	at org.testng.TestNG.runSuitesLocally(TestNG.java:1137) ~[testng-6.14.3.jar:?]
	at org.testng.TestNG.runSuites(TestNG.java:1049) ~[testng-6.14.3.jar:?]
	at org.testng.TestNG.run(TestNG.java:1017) ~[testng-6.14.3.jar:?]
	at org.apache.maven.surefire.testng.TestNGExecutor.run(TestNGExecutor.java:308) ~[surefire-testng-3.3.0.jar:3.3.0]
	at org.apache.maven.surefire.testng.TestNGXmlTestSuite.execute(TestNGXmlTestSuite.java:71) ~[surefire-testng-3.3.0.jar:3.3.0]
	at org.apache.maven.surefire.testng.TestNGProvider.invoke(TestNGProvider.java:113) ~[surefire-testng-3.3.0.jar:3.3.0]
	at org.apache.maven.surefire.booter.ForkedBooter.runSuitesInProcess(ForkedBooter.java:385) ~[surefire-booter-3.3.0.jar:3.3.0]
	at org.apache.maven.surefire.booter.ForkedBooter.execute(ForkedBooter.java:162) ~[surefire-booter-3.3.0.jar:3.3.0]
	at org.apache.maven.surefire.booter.ForkedBooter.run(ForkedBooter.java:507) ~[surefire-booter-3.3.0.jar:3.3.0]
	at org.apache.maven.surefire.booter.ForkedBooter.main(ForkedBooter.java:495) ~[surefire-booter-3.3.0.jar:3.3.0]
17:05:54.776 [main] ERROR org.apache.poi.openxml4j.opc.PackageRelationshipCollection - Cannot convert mailto:ALPA@#$%^245234534 in a valid relationship URI-> dummy-URI used
java.net.URISyntaxException: Malformed escape pair at index 14: mailto:ALPA@#$%^245234534
	at java.net.URI$Parser.fail(URI.java:2995) ~[?:?]
	at java.net.URI$Parser.scanEscape(URI.java:3123) ~[?:?]
	at java.net.URI$Parser.scan(URI.java:3146) ~[?:?]
	at java.net.URI$Parser.checkChars(URI.java:3164) ~[?:?]
	at java.net.URI$Parser.parse(URI.java:3210) ~[?:?]
	at java.net.URI.<init>(URI.java:645) ~[?:?]
	at org.apache.poi.openxml4j.opc.PackagingURIHelper.toURI(PackagingURIHelper.java:723) ~[poi-ooxml-5.2.2.jar:5.2.2]
	at org.apache.poi.openxml4j.opc.PackageRelationshipCollection.parseRelationshipsPart(PackageRelationshipCollection.java:358) ~[poi-ooxml-5.2.2.jar:5.2.2]
	at org.apache.poi.openxml4j.opc.PackageRelationshipCollection.<init>(PackageRelationshipCollection.java:160) ~[poi-ooxml-5.2.2.jar:5.2.2]
	at org.apache.poi.openxml4j.opc.PackageRelationshipCollection.<init>(PackageRelationshipCollection.java:130) ~[poi-ooxml-5.2.2.jar:5.2.2]
	at org.apache.poi.openxml4j.opc.PackagePart.loadRelationships(PackagePart.java:565) ~[poi-ooxml-5.2.2.jar:5.2.2]
	at org.apache.poi.openxml4j.opc.OPCPackage.getParts(OPCPackage.java:745) ~[poi-ooxml-5.2.2.jar:5.2.2]
	at org.apache.poi.openxml4j.opc.OPCPackage.open(OPCPackage.java:315) ~[poi-ooxml-5.2.2.jar:5.2.2]
	at org.apache.poi.ooxml.util.PackageHelper.open(PackageHelper.java:59) ~[poi-ooxml-5.2.2.jar:5.2.2]
	at org.apache.poi.xssf.usermodel.XSSFWorkbook.<init>(XSSFWorkbook.java:289) ~[poi-ooxml-5.2.2.jar:5.2.2]
	at org.apache.poi.xssf.usermodel.XSSFWorkbook.<init>(XSSFWorkbook.java:285) ~[poi-ooxml-5.2.2.jar:5.2.2]
	at com.MOFutility.API_Excelutilities.readServiceIdFromExcel(API_Excelutilities.java:20) ~[test-classes/:?]
	at com.MOF.constants.API_URL.<clinit>(API_URL.java:268) ~[test-classes/:?]
	at com.MOFapi.MOFapi.Fetchvalid_SingleService_ValidServiceid(MOFapi.java:4891) ~[test-classes/:?]
	at jdk.internal.reflect.DirectMethodHandleAccessor.invoke(DirectMethodHandleAccessor.java:103) ~[?:?]
	at java.lang.reflect.Method.invoke(Method.java:580) ~[?:?]
	at org.testng.internal.MethodInvocationHelper.invokeMethod(MethodInvocationHelper.java:124) ~[testng-6.14.3.jar:?]
	at org.testng.internal.Invoker.invokeMethod(Invoker.java:583) ~[testng-6.14.3.jar:?]
	at org.testng.internal.Invoker.invokeTestMethod(Invoker.java:719) ~[testng-6.14.3.jar:?]
	at org.testng.internal.Invoker.invokeTestMethods(Invoker.java:989) ~[testng-6.14.3.jar:?]
	at org.testng.internal.TestMethodWorker.invokeTestMethods(TestMethodWorker.java:125) ~[testng-6.14.3.jar:?]
	at org.testng.internal.TestMethodWorker.run(TestMethodWorker.java:109) ~[testng-6.14.3.jar:?]
	at org.testng.TestRunner.privateRun(TestRunner.java:648) ~[testng-6.14.3.jar:?]
	at org.testng.TestRunner.run(TestRunner.java:505) ~[testng-6.14.3.jar:?]
	at org.testng.SuiteRunner.runTest(SuiteRunner.java:455) ~[testng-6.14.3.jar:?]
	at org.testng.SuiteRunner.runSequentially(SuiteRunner.java:450) ~[testng-6.14.3.jar:?]
	at org.testng.SuiteRunner.privateRun(SuiteRunner.java:415) ~[testng-6.14.3.jar:?]
	at org.testng.SuiteRunner.run(SuiteRunner.java:364) ~[testng-6.14.3.jar:?]
	at org.testng.SuiteRunnerWorker.runSuite(SuiteRunnerWorker.java:52) ~[testng-6.14.3.jar:?]
	at org.testng.SuiteRunnerWorker.run(SuiteRunnerWorker.java:84) ~[testng-6.14.3.jar:?]
	at org.testng.TestNG.runSuitesSequentially(TestNG.java:1208) ~[testng-6.14.3.jar:?]
	at org.testng.TestNG.runSuitesLocally(TestNG.java:1137) ~[testng-6.14.3.jar:?]
	at org.testng.TestNG.runSuites(TestNG.java:1049) ~[testng-6.14.3.jar:?]
	at org.testng.TestNG.run(TestNG.java:1017) ~[testng-6.14.3.jar:?]
	at org.apache.maven.surefire.testng.TestNGExecutor.run(TestNGExecutor.java:308) ~[surefire-testng-3.3.0.jar:3.3.0]
	at org.apache.maven.surefire.testng.TestNGXmlTestSuite.execute(TestNGXmlTestSuite.java:71) ~[surefire-testng-3.3.0.jar:3.3.0]
	at org.apache.maven.surefire.testng.TestNGProvider.invoke(TestNGProvider.java:113) ~[surefire-testng-3.3.0.jar:3.3.0]
	at org.apache.maven.surefire.booter.ForkedBooter.runSuitesInProcess(ForkedBooter.java:385) ~[surefire-booter-3.3.0.jar:3.3.0]
	at org.apache.maven.surefire.booter.ForkedBooter.execute(ForkedBooter.java:162) ~[surefire-booter-3.3.0.jar:3.3.0]
	at org.apache.maven.surefire.booter.ForkedBooter.run(ForkedBooter.java:507) ~[surefire-booter-3.3.0.jar:3.3.0]
	at org.apache.maven.surefire.booter.ForkedBooter.main(ForkedBooter.java:495) ~[surefire-booter-3.3.0.jar:3.3.0]
17:05:54.777 [main] ERROR org.apache.poi.openxml4j.opc.PackageRelationshipCollection - Cannot convert mailto:ALPHAAAAAA@@@@@!@##$$$%12344 in a valid relationship URI-> dummy-URI used
java.net.URISyntaxException: Illegal character in fragment at index 25: mailto:ALPHAAAAAA@@@@@!@##$$$%12344
	at java.net.URI$Parser.fail(URI.java:2995) ~[?:?]
	at java.net.URI$Parser.checkChars(URI.java:3166) ~[?:?]
	at java.net.URI$Parser.parse(URI.java:3210) ~[?:?]
	at java.net.URI.<init>(URI.java:645) ~[?:?]
	at org.apache.poi.openxml4j.opc.PackagingURIHelper.toURI(PackagingURIHelper.java:723) ~[poi-ooxml-5.2.2.jar:5.2.2]
	at org.apache.poi.openxml4j.opc.PackageRelationshipCollection.parseRelationshipsPart(PackageRelationshipCollection.java:358) ~[poi-ooxml-5.2.2.jar:5.2.2]
	at org.apache.poi.openxml4j.opc.PackageRelationshipCollection.<init>(PackageRelationshipCollection.java:160) ~[poi-ooxml-5.2.2.jar:5.2.2]
	at org.apache.poi.openxml4j.opc.PackageRelationshipCollection.<init>(PackageRelationshipCollection.java:130) ~[poi-ooxml-5.2.2.jar:5.2.2]
	at org.apache.poi.openxml4j.opc.PackagePart.loadRelationships(PackagePart.java:565) ~[poi-ooxml-5.2.2.jar:5.2.2]
	at org.apache.poi.openxml4j.opc.OPCPackage.getParts(OPCPackage.java:745) ~[poi-ooxml-5.2.2.jar:5.2.2]
	at org.apache.poi.openxml4j.opc.OPCPackage.open(OPCPackage.java:315) ~[poi-ooxml-5.2.2.jar:5.2.2]
	at org.apache.poi.ooxml.util.PackageHelper.open(PackageHelper.java:59) ~[poi-ooxml-5.2.2.jar:5.2.2]
	at org.apache.poi.xssf.usermodel.XSSFWorkbook.<init>(XSSFWorkbook.java:289) ~[poi-ooxml-5.2.2.jar:5.2.2]
	at org.apache.poi.xssf.usermodel.XSSFWorkbook.<init>(XSSFWorkbook.java:285) ~[poi-ooxml-5.2.2.jar:5.2.2]
	at com.MOFutility.API_Excelutilities.readServiceIdFromExcel(API_Excelutilities.java:20) ~[test-classes/:?]
	at com.MOF.constants.API_URL.<clinit>(API_URL.java:268) ~[test-classes/:?]
	at com.MOFapi.MOFapi.Fetchvalid_SingleService_ValidServiceid(MOFapi.java:4891) ~[test-classes/:?]
	at jdk.internal.reflect.DirectMethodHandleAccessor.invoke(DirectMethodHandleAccessor.java:103) ~[?:?]
	at java.lang.reflect.Method.invoke(Method.java:580) ~[?:?]
	at org.testng.internal.MethodInvocationHelper.invokeMethod(MethodInvocationHelper.java:124) ~[testng-6.14.3.jar:?]
	at org.testng.internal.Invoker.invokeMethod(Invoker.java:583) ~[testng-6.14.3.jar:?]
	at org.testng.internal.Invoker.invokeTestMethod(Invoker.java:719) ~[testng-6.14.3.jar:?]
	at org.testng.internal.Invoker.invokeTestMethods(Invoker.java:989) ~[testng-6.14.3.jar:?]
	at org.testng.internal.TestMethodWorker.invokeTestMethods(TestMethodWorker.java:125) ~[testng-6.14.3.jar:?]
	at org.testng.internal.TestMethodWorker.run(TestMethodWorker.java:109) ~[testng-6.14.3.jar:?]
	at org.testng.TestRunner.privateRun(TestRunner.java:648) ~[testng-6.14.3.jar:?]
	at org.testng.TestRunner.run(TestRunner.java:505) ~[testng-6.14.3.jar:?]
	at org.testng.SuiteRunner.runTest(SuiteRunner.java:455) ~[testng-6.14.3.jar:?]
	at org.testng.SuiteRunner.runSequentially(SuiteRunner.java:450) ~[testng-6.14.3.jar:?]
	at org.testng.SuiteRunner.privateRun(SuiteRunner.java:415) ~[testng-6.14.3.jar:?]
	at org.testng.SuiteRunner.run(SuiteRunner.java:364) ~[testng-6.14.3.jar:?]
	at org.testng.SuiteRunnerWorker.runSuite(SuiteRunnerWorker.java:52) ~[testng-6.14.3.jar:?]
	at org.testng.SuiteRunnerWorker.run(SuiteRunnerWorker.java:84) ~[testng-6.14.3.jar:?]
	at org.testng.TestNG.runSuitesSequentially(TestNG.java:1208) ~[testng-6.14.3.jar:?]
	at org.testng.TestNG.runSuitesLocally(TestNG.java:1137) ~[testng-6.14.3.jar:?]
	at org.testng.TestNG.runSuites(TestNG.java:1049) ~[testng-6.14.3.jar:?]
	at org.testng.TestNG.run(TestNG.java:1017) ~[testng-6.14.3.jar:?]
	at org.apache.maven.surefire.testng.TestNGExecutor.run(TestNGExecutor.java:308) ~[surefire-testng-3.3.0.jar:3.3.0]
	at org.apache.maven.surefire.testng.TestNGXmlTestSuite.execute(TestNGXmlTestSuite.java:71) ~[surefire-testng-3.3.0.jar:3.3.0]
	at org.apache.maven.surefire.testng.TestNGProvider.invoke(TestNGProvider.java:113) ~[surefire-testng-3.3.0.jar:3.3.0]
	at org.apache.maven.surefire.booter.ForkedBooter.runSuitesInProcess(ForkedBooter.java:385) ~[surefire-booter-3.3.0.jar:3.3.0]
	at org.apache.maven.surefire.booter.ForkedBooter.execute(ForkedBooter.java:162) ~[surefire-booter-3.3.0.jar:3.3.0]
	at org.apache.maven.surefire.booter.ForkedBooter.run(ForkedBooter.java:507) ~[surefire-booter-3.3.0.jar:3.3.0]
	at org.apache.maven.surefire.booter.ForkedBooter.main(ForkedBooter.java:495) ~[surefire-booter-3.3.0.jar:3.3.0]
17:05:54.777 [main] ERROR org.apache.poi.openxml4j.opc.PackageRelationshipCollection - Cannot convert mailto:2343456378912@#&^*gvadhfbjnf in a valid relationship URI-> dummy-URI used
java.net.URISyntaxException: Illegal character in fragment at index 23: mailto:2343456378912@#&^*gvadhfbjnf
	at java.net.URI$Parser.fail(URI.java:2995) ~[?:?]
	at java.net.URI$Parser.checkChars(URI.java:3166) ~[?:?]
	at java.net.URI$Parser.parse(URI.java:3210) ~[?:?]
	at java.net.URI.<init>(URI.java:645) ~[?:?]
	at org.apache.poi.openxml4j.opc.PackagingURIHelper.toURI(PackagingURIHelper.java:723) ~[poi-ooxml-5.2.2.jar:5.2.2]
	at org.apache.poi.openxml4j.opc.PackageRelationshipCollection.parseRelationshipsPart(PackageRelationshipCollection.java:358) ~[poi-ooxml-5.2.2.jar:5.2.2]
	at org.apache.poi.openxml4j.opc.PackageRelationshipCollection.<init>(PackageRelationshipCollection.java:160) ~[poi-ooxml-5.2.2.jar:5.2.2]
	at org.apache.poi.openxml4j.opc.PackageRelationshipCollection.<init>(PackageRelationshipCollection.java:130) ~[poi-ooxml-5.2.2.jar:5.2.2]
	at org.apache.poi.openxml4j.opc.PackagePart.loadRelationships(PackagePart.java:565) ~[poi-ooxml-5.2.2.jar:5.2.2]
	at org.apache.poi.openxml4j.opc.OPCPackage.getParts(OPCPackage.java:745) ~[poi-ooxml-5.2.2.jar:5.2.2]
	at org.apache.poi.openxml4j.opc.OPCPackage.open(OPCPackage.java:315) ~[poi-ooxml-5.2.2.jar:5.2.2]
	at org.apache.poi.ooxml.util.PackageHelper.open(PackageHelper.java:59) ~[poi-ooxml-5.2.2.jar:5.2.2]
	at org.apache.poi.xssf.usermodel.XSSFWorkbook.<init>(XSSFWorkbook.java:289) ~[poi-ooxml-5.2.2.jar:5.2.2]
	at org.apache.poi.xssf.usermodel.XSSFWorkbook.<init>(XSSFWorkbook.java:285) ~[poi-ooxml-5.2.2.jar:5.2.2]
	at com.MOFutility.API_Excelutilities.readServiceIdFromExcel(API_Excelutilities.java:20) ~[test-classes/:?]
	at com.MOF.constants.API_URL.<clinit>(API_URL.java:268) ~[test-classes/:?]
	at com.MOFapi.MOFapi.Fetchvalid_SingleService_ValidServiceid(MOFapi.java:4891) ~[test-classes/:?]
	at jdk.internal.reflect.DirectMethodHandleAccessor.invoke(DirectMethodHandleAccessor.java:103) ~[?:?]
	at java.lang.reflect.Method.invoke(Method.java:580) ~[?:?]
	at org.testng.internal.MethodInvocationHelper.invokeMethod(MethodInvocationHelper.java:124) ~[testng-6.14.3.jar:?]
	at org.testng.internal.Invoker.invokeMethod(Invoker.java:583) ~[testng-6.14.3.jar:?]
	at org.testng.internal.Invoker.invokeTestMethod(Invoker.java:719) ~[testng-6.14.3.jar:?]
	at org.testng.internal.Invoker.invokeTestMethods(Invoker.java:989) ~[testng-6.14.3.jar:?]
	at org.testng.internal.TestMethodWorker.invokeTestMethods(TestMethodWorker.java:125) ~[testng-6.14.3.jar:?]
	at org.testng.internal.TestMethodWorker.run(TestMethodWorker.java:109) ~[testng-6.14.3.jar:?]
	at org.testng.TestRunner.privateRun(TestRunner.java:648) ~[testng-6.14.3.jar:?]
	at org.testng.TestRunner.run(TestRunner.java:505) ~[testng-6.14.3.jar:?]
	at org.testng.SuiteRunner.runTest(SuiteRunner.java:455) ~[testng-6.14.3.jar:?]
	at org.testng.SuiteRunner.runSequentially(SuiteRunner.java:450) ~[testng-6.14.3.jar:?]
	at org.testng.SuiteRunner.privateRun(SuiteRunner.java:415) ~[testng-6.14.3.jar:?]
	at org.testng.SuiteRunner.run(SuiteRunner.java:364) ~[testng-6.14.3.jar:?]
	at org.testng.SuiteRunnerWorker.runSuite(SuiteRunnerWorker.java:52) ~[testng-6.14.3.jar:?]
	at org.testng.SuiteRunnerWorker.run(SuiteRunnerWorker.java:84) ~[testng-6.14.3.jar:?]
	at org.testng.TestNG.runSuitesSequentially(TestNG.java:1208) ~[testng-6.14.3.jar:?]
	at org.testng.TestNG.runSuitesLocally(TestNG.java:1137) ~[testng-6.14.3.jar:?]
	at org.testng.TestNG.runSuites(TestNG.java:1049) ~[testng-6.14.3.jar:?]
	at org.testng.TestNG.run(TestNG.java:1017) ~[testng-6.14.3.jar:?]
	at org.apache.maven.surefire.testng.TestNGExecutor.run(TestNGExecutor.java:308) ~[surefire-testng-3.3.0.jar:3.3.0]
	at org.apache.maven.surefire.testng.TestNGXmlTestSuite.execute(TestNGXmlTestSuite.java:71) ~[surefire-testng-3.3.0.jar:3.3.0]
	at org.apache.maven.surefire.testng.TestNGProvider.invoke(TestNGProvider.java:113) ~[surefire-testng-3.3.0.jar:3.3.0]
	at org.apache.maven.surefire.booter.ForkedBooter.runSuitesInProcess(ForkedBooter.java:385) ~[surefire-booter-3.3.0.jar:3.3.0]
	at org.apache.maven.surefire.booter.ForkedBooter.execute(ForkedBooter.java:162) ~[surefire-booter-3.3.0.jar:3.3.0]
	at org.apache.maven.surefire.booter.ForkedBooter.run(ForkedBooter.java:507) ~[surefire-booter-3.3.0.jar:3.3.0]
	at org.apache.maven.surefire.booter.ForkedBooter.main(ForkedBooter.java:495) ~[surefire-booter-3.3.0.jar:3.3.0]
17:05:54.803 [main] ERROR org.apache.poi.openxml4j.opc.PackageRelationshipCollection - Cannot convert mailto:ALPA@#$%^245234534 in a valid relationship URI-> dummy-URI used
java.net.URISyntaxException: Malformed escape pair at index 14: mailto:ALPA@#$%^245234534
	at java.net.URI$Parser.fail(URI.java:2995) ~[?:?]
	at java.net.URI$Parser.scanEscape(URI.java:3123) ~[?:?]
	at java.net.URI$Parser.scan(URI.java:3146) ~[?:?]
	at java.net.URI$Parser.checkChars(URI.java:3164) ~[?:?]
	at java.net.URI$Parser.parse(URI.java:3210) ~[?:?]
	at java.net.URI.<init>(URI.java:645) ~[?:?]
	at org.apache.poi.openxml4j.opc.PackagingURIHelper.toURI(PackagingURIHelper.java:723) ~[poi-ooxml-5.2.2.jar:5.2.2]
	at org.apache.poi.openxml4j.opc.PackageRelationshipCollection.parseRelationshipsPart(PackageRelationshipCollection.java:358) ~[poi-ooxml-5.2.2.jar:5.2.2]
	at org.apache.poi.openxml4j.opc.PackageRelationshipCollection.<init>(PackageRelationshipCollection.java:160) ~[poi-ooxml-5.2.2.jar:5.2.2]
	at org.apache.poi.openxml4j.opc.PackageRelationshipCollection.<init>(PackageRelationshipCollection.java:130) ~[poi-ooxml-5.2.2.jar:5.2.2]
	at org.apache.poi.openxml4j.opc.PackagePart.loadRelationships(PackagePart.java:565) ~[poi-ooxml-5.2.2.jar:5.2.2]
	at org.apache.poi.openxml4j.opc.OPCPackage.getParts(OPCPackage.java:745) ~[poi-ooxml-5.2.2.jar:5.2.2]
	at org.apache.poi.openxml4j.opc.OPCPackage.open(OPCPackage.java:315) ~[poi-ooxml-5.2.2.jar:5.2.2]
	at org.apache.poi.ooxml.util.PackageHelper.open(PackageHelper.java:59) ~[poi-ooxml-5.2.2.jar:5.2.2]
	at org.apache.poi.xssf.usermodel.XSSFWorkbook.<init>(XSSFWorkbook.java:289) ~[poi-ooxml-5.2.2.jar:5.2.2]
	at org.apache.poi.xssf.usermodel.XSSFWorkbook.<init>(XSSFWorkbook.java:285) ~[poi-ooxml-5.2.2.jar:5.2.2]
	at com.MOFutility.API_Excelutilities.readServiceIdFromExcel(API_Excelutilities.java:20) ~[test-classes/:?]
	at com.MOF.constants.API_URL.<clinit>(API_URL.java:269) ~[test-classes/:?]
	at com.MOFapi.MOFapi.Fetchvalid_SingleService_ValidServiceid(MOFapi.java:4891) ~[test-classes/:?]
	at jdk.internal.reflect.DirectMethodHandleAccessor.invoke(DirectMethodHandleAccessor.java:103) ~[?:?]
	at java.lang.reflect.Method.invoke(Method.java:580) ~[?:?]
	at org.testng.internal.MethodInvocationHelper.invokeMethod(MethodInvocationHelper.java:124) ~[testng-6.14.3.jar:?]
	at org.testng.internal.Invoker.invokeMethod(Invoker.java:583) ~[testng-6.14.3.jar:?]
	at org.testng.internal.Invoker.invokeTestMethod(Invoker.java:719) ~[testng-6.14.3.jar:?]
	at org.testng.internal.Invoker.invokeTestMethods(Invoker.java:989) ~[testng-6.14.3.jar:?]
	at org.testng.internal.TestMethodWorker.invokeTestMethods(TestMethodWorker.java:125) ~[testng-6.14.3.jar:?]
	at org.testng.internal.TestMethodWorker.run(TestMethodWorker.java:109) ~[testng-6.14.3.jar:?]
	at org.testng.TestRunner.privateRun(TestRunner.java:648) ~[testng-6.14.3.jar:?]
	at org.testng.TestRunner.run(TestRunner.java:505) ~[testng-6.14.3.jar:?]
	at org.testng.SuiteRunner.runTest(SuiteRunner.java:455) ~[testng-6.14.3.jar:?]
	at org.testng.SuiteRunner.runSequentially(SuiteRunner.java:450) ~[testng-6.14.3.jar:?]
	at org.testng.SuiteRunner.privateRun(SuiteRunner.java:415) ~[testng-6.14.3.jar:?]
	at org.testng.SuiteRunner.run(SuiteRunner.java:364) ~[testng-6.14.3.jar:?]
	at org.testng.SuiteRunnerWorker.runSuite(SuiteRunnerWorker.java:52) ~[testng-6.14.3.jar:?]
	at org.testng.SuiteRunnerWorker.run(SuiteRunnerWorker.java:84) ~[testng-6.14.3.jar:?]
	at org.testng.TestNG.runSuitesSequentially(TestNG.java:1208) ~[testng-6.14.3.jar:?]
	at org.testng.TestNG.runSuitesLocally(TestNG.java:1137) ~[testng-6.14.3.jar:?]
	at org.testng.TestNG.runSuites(TestNG.java:1049) ~[testng-6.14.3.jar:?]
	at org.testng.TestNG.run(TestNG.java:1017) ~[testng-6.14.3.jar:?]
	at org.apache.maven.surefire.testng.TestNGExecutor.run(TestNGExecutor.java:308) ~[surefire-testng-3.3.0.jar:3.3.0]
	at org.apache.maven.surefire.testng.TestNGXmlTestSuite.execute(TestNGXmlTestSuite.java:71) ~[surefire-testng-3.3.0.jar:3.3.0]
	at org.apache.maven.surefire.testng.TestNGProvider.invoke(TestNGProvider.java:113) ~[surefire-testng-3.3.0.jar:3.3.0]
	at org.apache.maven.surefire.booter.ForkedBooter.runSuitesInProcess(ForkedBooter.java:385) ~[surefire-booter-3.3.0.jar:3.3.0]
	at org.apache.maven.surefire.booter.ForkedBooter.execute(ForkedBooter.java:162) ~[surefire-booter-3.3.0.jar:3.3.0]
	at org.apache.maven.surefire.booter.ForkedBooter.run(ForkedBooter.java:507) ~[surefire-booter-3.3.0.jar:3.3.0]
	at org.apache.maven.surefire.booter.ForkedBooter.main(ForkedBooter.java:495) ~[surefire-booter-3.3.0.jar:3.3.0]
17:05:54.805 [main] ERROR org.apache.poi.openxml4j.opc.PackageRelationshipCollection - Cannot convert mailto:ALPHAAAAAA@@@@@!@##$$$%12344 in a valid relationship URI-> dummy-URI used
java.net.URISyntaxException: Illegal character in fragment at index 25: mailto:ALPHAAAAAA@@@@@!@##$$$%12344
	at java.net.URI$Parser.fail(URI.java:2995) ~[?:?]
	at java.net.URI$Parser.checkChars(URI.java:3166) ~[?:?]
	at java.net.URI$Parser.parse(URI.java:3210) ~[?:?]
	at java.net.URI.<init>(URI.java:645) ~[?:?]
	at org.apache.poi.openxml4j.opc.PackagingURIHelper.toURI(PackagingURIHelper.java:723) ~[poi-ooxml-5.2.2.jar:5.2.2]
	at org.apache.poi.openxml4j.opc.PackageRelationshipCollection.parseRelationshipsPart(PackageRelationshipCollection.java:358) ~[poi-ooxml-5.2.2.jar:5.2.2]
	at org.apache.poi.openxml4j.opc.PackageRelationshipCollection.<init>(PackageRelationshipCollection.java:160) ~[poi-ooxml-5.2.2.jar:5.2.2]
	at org.apache.poi.openxml4j.opc.PackageRelationshipCollection.<init>(PackageRelationshipCollection.java:130) ~[poi-ooxml-5.2.2.jar:5.2.2]
	at org.apache.poi.openxml4j.opc.PackagePart.loadRelationships(PackagePart.java:565) ~[poi-ooxml-5.2.2.jar:5.2.2]
	at org.apache.poi.openxml4j.opc.OPCPackage.getParts(OPCPackage.java:745) ~[poi-ooxml-5.2.2.jar:5.2.2]
	at org.apache.poi.openxml4j.opc.OPCPackage.open(OPCPackage.java:315) ~[poi-ooxml-5.2.2.jar:5.2.2]
	at org.apache.poi.ooxml.util.PackageHelper.open(PackageHelper.java:59) ~[poi-ooxml-5.2.2.jar:5.2.2]
	at org.apache.poi.xssf.usermodel.XSSFWorkbook.<init>(XSSFWorkbook.java:289) ~[poi-ooxml-5.2.2.jar:5.2.2]
	at org.apache.poi.xssf.usermodel.XSSFWorkbook.<init>(XSSFWorkbook.java:285) ~[poi-ooxml-5.2.2.jar:5.2.2]
	at com.MOFutility.API_Excelutilities.readServiceIdFromExcel(API_Excelutilities.java:20) ~[test-classes/:?]
	at com.MOF.constants.API_URL.<clinit>(API_URL.java:269) ~[test-classes/:?]
	at com.MOFapi.MOFapi.Fetchvalid_SingleService_ValidServiceid(MOFapi.java:4891) ~[test-classes/:?]
	at jdk.internal.reflect.DirectMethodHandleAccessor.invoke(DirectMethodHandleAccessor.java:103) ~[?:?]
	at java.lang.reflect.Method.invoke(Method.java:580) ~[?:?]
	at org.testng.internal.MethodInvocationHelper.invokeMethod(MethodInvocationHelper.java:124) ~[testng-6.14.3.jar:?]
	at org.testng.internal.Invoker.invokeMethod(Invoker.java:583) ~[testng-6.14.3.jar:?]
	at org.testng.internal.Invoker.invokeTestMethod(Invoker.java:719) ~[testng-6.14.3.jar:?]
	at org.testng.internal.Invoker.invokeTestMethods(Invoker.java:989) ~[testng-6.14.3.jar:?]
	at org.testng.internal.TestMethodWorker.invokeTestMethods(TestMethodWorker.java:125) ~[testng-6.14.3.jar:?]
	at org.testng.internal.TestMethodWorker.run(TestMethodWorker.java:109) ~[testng-6.14.3.jar:?]
	at org.testng.TestRunner.privateRun(TestRunner.java:648) ~[testng-6.14.3.jar:?]
	at org.testng.TestRunner.run(TestRunner.java:505) ~[testng-6.14.3.jar:?]
	at org.testng.SuiteRunner.runTest(SuiteRunner.java:455) ~[testng-6.14.3.jar:?]
	at org.testng.SuiteRunner.runSequentially(SuiteRunner.java:450) ~[testng-6.14.3.jar:?]
	at org.testng.SuiteRunner.privateRun(SuiteRunner.java:415) ~[testng-6.14.3.jar:?]
	at org.testng.SuiteRunner.run(SuiteRunner.java:364) ~[testng-6.14.3.jar:?]
	at org.testng.SuiteRunnerWorker.runSuite(SuiteRunnerWorker.java:52) ~[testng-6.14.3.jar:?]
	at org.testng.SuiteRunnerWorker.run(SuiteRunnerWorker.java:84) ~[testng-6.14.3.jar:?]
	at org.testng.TestNG.runSuitesSequentially(TestNG.java:1208) ~[testng-6.14.3.jar:?]
	at org.testng.TestNG.runSuitesLocally(TestNG.java:1137) ~[testng-6.14.3.jar:?]
	at org.testng.TestNG.runSuites(TestNG.java:1049) ~[testng-6.14.3.jar:?]
	at org.testng.TestNG.run(TestNG.java:1017) ~[testng-6.14.3.jar:?]
	at org.apache.maven.surefire.testng.TestNGExecutor.run(TestNGExecutor.java:308) ~[surefire-testng-3.3.0.jar:3.3.0]
	at org.apache.maven.surefire.testng.TestNGXmlTestSuite.execute(TestNGXmlTestSuite.java:71) ~[surefire-testng-3.3.0.jar:3.3.0]
	at org.apache.maven.surefire.testng.TestNGProvider.invoke(TestNGProvider.java:113) ~[surefire-testng-3.3.0.jar:3.3.0]
	at org.apache.maven.surefire.booter.ForkedBooter.runSuitesInProcess(ForkedBooter.java:385) ~[surefire-booter-3.3.0.jar:3.3.0]
	at org.apache.maven.surefire.booter.ForkedBooter.execute(ForkedBooter.java:162) ~[surefire-booter-3.3.0.jar:3.3.0]
	at org.apache.maven.surefire.booter.ForkedBooter.run(ForkedBooter.java:507) ~[surefire-booter-3.3.0.jar:3.3.0]
	at org.apache.maven.surefire.booter.ForkedBooter.main(ForkedBooter.java:495) ~[surefire-booter-3.3.0.jar:3.3.0]
17:05:54.805 [main] ERROR org.apache.poi.openxml4j.opc.PackageRelationshipCollection - Cannot convert mailto:2343456378912@#&^*gvadhfbjnf in a valid relationship URI-> dummy-URI used
java.net.URISyntaxException: Illegal character in fragment at index 23: mailto:2343456378912@#&^*gvadhfbjnf
	at java.net.URI$Parser.fail(URI.java:2995) ~[?:?]
	at java.net.URI$Parser.checkChars(URI.java:3166) ~[?:?]
	at java.net.URI$Parser.parse(URI.java:3210) ~[?:?]
	at java.net.URI.<init>(URI.java:645) ~[?:?]
	at org.apache.poi.openxml4j.opc.PackagingURIHelper.toURI(PackagingURIHelper.java:723) ~[poi-ooxml-5.2.2.jar:5.2.2]
	at org.apache.poi.openxml4j.opc.PackageRelationshipCollection.parseRelationshipsPart(PackageRelationshipCollection.java:358) ~[poi-ooxml-5.2.2.jar:5.2.2]
	at org.apache.poi.openxml4j.opc.PackageRelationshipCollection.<init>(PackageRelationshipCollection.java:160) ~[poi-ooxml-5.2.2.jar:5.2.2]
	at org.apache.poi.openxml4j.opc.PackageRelationshipCollection.<init>(PackageRelationshipCollection.java:130) ~[poi-ooxml-5.2.2.jar:5.2.2]
	at org.apache.poi.openxml4j.opc.PackagePart.loadRelationships(PackagePart.java:565) ~[poi-ooxml-5.2.2.jar:5.2.2]
	at org.apache.poi.openxml4j.opc.OPCPackage.getParts(OPCPackage.java:745) ~[poi-ooxml-5.2.2.jar:5.2.2]
	at org.apache.poi.openxml4j.opc.OPCPackage.open(OPCPackage.java:315) ~[poi-ooxml-5.2.2.jar:5.2.2]
	at org.apache.poi.ooxml.util.PackageHelper.open(PackageHelper.java:59) ~[poi-ooxml-5.2.2.jar:5.2.2]
	at org.apache.poi.xssf.usermodel.XSSFWorkbook.<init>(XSSFWorkbook.java:289) ~[poi-ooxml-5.2.2.jar:5.2.2]
	at org.apache.poi.xssf.usermodel.XSSFWorkbook.<init>(XSSFWorkbook.java:285) ~[poi-ooxml-5.2.2.jar:5.2.2]
	at com.MOFutility.API_Excelutilities.readServiceIdFromExcel(API_Excelutilities.java:20) ~[test-classes/:?]
	at com.MOF.constants.API_URL.<clinit>(API_URL.java:269) ~[test-classes/:?]
	at com.MOFapi.MOFapi.Fetchvalid_SingleService_ValidServiceid(MOFapi.java:4891) ~[test-classes/:?]
	at jdk.internal.reflect.DirectMethodHandleAccessor.invoke(DirectMethodHandleAccessor.java:103) ~[?:?]
	at java.lang.reflect.Method.invoke(Method.java:580) ~[?:?]
	at org.testng.internal.MethodInvocationHelper.invokeMethod(MethodInvocationHelper.java:124) ~[testng-6.14.3.jar:?]
	at org.testng.internal.Invoker.invokeMethod(Invoker.java:583) ~[testng-6.14.3.jar:?]
	at org.testng.internal.Invoker.invokeTestMethod(Invoker.java:719) ~[testng-6.14.3.jar:?]
	at org.testng.internal.Invoker.invokeTestMethods(Invoker.java:989) ~[testng-6.14.3.jar:?]
	at org.testng.internal.TestMethodWorker.invokeTestMethods(TestMethodWorker.java:125) ~[testng-6.14.3.jar:?]
	at org.testng.internal.TestMethodWorker.run(TestMethodWorker.java:109) ~[testng-6.14.3.jar:?]
	at org.testng.TestRunner.privateRun(TestRunner.java:648) ~[testng-6.14.3.jar:?]
	at org.testng.TestRunner.run(TestRunner.java:505) ~[testng-6.14.3.jar:?]
	at org.testng.SuiteRunner.runTest(SuiteRunner.java:455) ~[testng-6.14.3.jar:?]
	at org.testng.SuiteRunner.runSequentially(SuiteRunner.java:450) ~[testng-6.14.3.jar:?]
	at org.testng.SuiteRunner.privateRun(SuiteRunner.java:415) ~[testng-6.14.3.jar:?]
	at org.testng.SuiteRunner.run(SuiteRunner.java:364) ~[testng-6.14.3.jar:?]
	at org.testng.SuiteRunnerWorker.runSuite(SuiteRunnerWorker.java:52) ~[testng-6.14.3.jar:?]
	at org.testng.SuiteRunnerWorker.run(SuiteRunnerWorker.java:84) ~[testng-6.14.3.jar:?]
	at org.testng.TestNG.runSuitesSequentially(TestNG.java:1208) ~[testng-6.14.3.jar:?]
	at org.testng.TestNG.runSuitesLocally(TestNG.java:1137) ~[testng-6.14.3.jar:?]
	at org.testng.TestNG.runSuites(TestNG.java:1049) ~[testng-6.14.3.jar:?]
	at org.testng.TestNG.run(TestNG.java:1017) ~[testng-6.14.3.jar:?]
	at org.apache.maven.surefire.testng.TestNGExecutor.run(TestNGExecutor.java:308) ~[surefire-testng-3.3.0.jar:3.3.0]
	at org.apache.maven.surefire.testng.TestNGXmlTestSuite.execute(TestNGXmlTestSuite.java:71) ~[surefire-testng-3.3.0.jar:3.3.0]
	at org.apache.maven.surefire.testng.TestNGProvider.invoke(TestNGProvider.java:113) ~[surefire-testng-3.3.0.jar:3.3.0]
	at org.apache.maven.surefire.booter.ForkedBooter.runSuitesInProcess(ForkedBooter.java:385) ~[surefire-booter-3.3.0.jar:3.3.0]
	at org.apache.maven.surefire.booter.ForkedBooter.execute(ForkedBooter.java:162) ~[surefire-booter-3.3.0.jar:3.3.0]
	at org.apache.maven.surefire.booter.ForkedBooter.run(ForkedBooter.java:507) ~[surefire-booter-3.3.0.jar:3.3.0]
	at org.apache.maven.surefire.booter.ForkedBooter.main(ForkedBooter.java:495) ~[surefire-booter-3.3.0.jar:3.3.0]
17:05:54.827 [main] ERROR org.apache.poi.openxml4j.opc.PackageRelationshipCollection - Cannot convert mailto:ALPA@#$%^245234534 in a valid relationship URI-> dummy-URI used
java.net.URISyntaxException: Malformed escape pair at index 14: mailto:ALPA@#$%^245234534
	at java.net.URI$Parser.fail(URI.java:2995) ~[?:?]
	at java.net.URI$Parser.scanEscape(URI.java:3123) ~[?:?]
	at java.net.URI$Parser.scan(URI.java:3146) ~[?:?]
	at java.net.URI$Parser.checkChars(URI.java:3164) ~[?:?]
	at java.net.URI$Parser.parse(URI.java:3210) ~[?:?]
	at java.net.URI.<init>(URI.java:645) ~[?:?]
	at org.apache.poi.openxml4j.opc.PackagingURIHelper.toURI(PackagingURIHelper.java:723) ~[poi-ooxml-5.2.2.jar:5.2.2]
	at org.apache.poi.openxml4j.opc.PackageRelationshipCollection.parseRelationshipsPart(PackageRelationshipCollection.java:358) ~[poi-ooxml-5.2.2.jar:5.2.2]
	at org.apache.poi.openxml4j.opc.PackageRelationshipCollection.<init>(PackageRelationshipCollection.java:160) ~[poi-ooxml-5.2.2.jar:5.2.2]
	at org.apache.poi.openxml4j.opc.PackageRelationshipCollection.<init>(PackageRelationshipCollection.java:130) ~[poi-ooxml-5.2.2.jar:5.2.2]
	at org.apache.poi.openxml4j.opc.PackagePart.loadRelationships(PackagePart.java:565) ~[poi-ooxml-5.2.2.jar:5.2.2]
	at org.apache.poi.openxml4j.opc.OPCPackage.getParts(OPCPackage.java:745) ~[poi-ooxml-5.2.2.jar:5.2.2]
	at org.apache.poi.openxml4j.opc.OPCPackage.open(OPCPackage.java:315) ~[poi-ooxml-5.2.2.jar:5.2.2]
	at org.apache.poi.ooxml.util.PackageHelper.open(PackageHelper.java:59) ~[poi-ooxml-5.2.2.jar:5.2.2]
	at org.apache.poi.xssf.usermodel.XSSFWorkbook.<init>(XSSFWorkbook.java:289) ~[poi-ooxml-5.2.2.jar:5.2.2]
	at org.apache.poi.xssf.usermodel.XSSFWorkbook.<init>(XSSFWorkbook.java:285) ~[poi-ooxml-5.2.2.jar:5.2.2]
	at com.MOFutility.API_Excelutilities.readServiceIdFromExcel(API_Excelutilities.java:20) ~[test-classes/:?]
	at com.MOF.constants.API_URL.<clinit>(API_URL.java:270) ~[test-classes/:?]
	at com.MOFapi.MOFapi.Fetchvalid_SingleService_ValidServiceid(MOFapi.java:4891) ~[test-classes/:?]
	at jdk.internal.reflect.DirectMethodHandleAccessor.invoke(DirectMethodHandleAccessor.java:103) ~[?:?]
	at java.lang.reflect.Method.invoke(Method.java:580) ~[?:?]
	at org.testng.internal.MethodInvocationHelper.invokeMethod(MethodInvocationHelper.java:124) ~[testng-6.14.3.jar:?]
	at org.testng.internal.Invoker.invokeMethod(Invoker.java:583) ~[testng-6.14.3.jar:?]
	at org.testng.internal.Invoker.invokeTestMethod(Invoker.java:719) ~[testng-6.14.3.jar:?]
	at org.testng.internal.Invoker.invokeTestMethods(Invoker.java:989) ~[testng-6.14.3.jar:?]
	at org.testng.internal.TestMethodWorker.invokeTestMethods(TestMethodWorker.java:125) ~[testng-6.14.3.jar:?]
	at org.testng.internal.TestMethodWorker.run(TestMethodWorker.java:109) ~[testng-6.14.3.jar:?]
	at org.testng.TestRunner.privateRun(TestRunner.java:648) ~[testng-6.14.3.jar:?]
	at org.testng.TestRunner.run(TestRunner.java:505) ~[testng-6.14.3.jar:?]
	at org.testng.SuiteRunner.runTest(SuiteRunner.java:455) ~[testng-6.14.3.jar:?]
	at org.testng.SuiteRunner.runSequentially(SuiteRunner.java:450) ~[testng-6.14.3.jar:?]
	at org.testng.SuiteRunner.privateRun(SuiteRunner.java:415) ~[testng-6.14.3.jar:?]
	at org.testng.SuiteRunner.run(SuiteRunner.java:364) ~[testng-6.14.3.jar:?]
	at org.testng.SuiteRunnerWorker.runSuite(SuiteRunnerWorker.java:52) ~[testng-6.14.3.jar:?]
	at org.testng.SuiteRunnerWorker.run(SuiteRunnerWorker.java:84) ~[testng-6.14.3.jar:?]
	at org.testng.TestNG.runSuitesSequentially(TestNG.java:1208) ~[testng-6.14.3.jar:?]
	at org.testng.TestNG.runSuitesLocally(TestNG.java:1137) ~[testng-6.14.3.jar:?]
	at org.testng.TestNG.runSuites(TestNG.java:1049) ~[testng-6.14.3.jar:?]
	at org.testng.TestNG.run(TestNG.java:1017) ~[testng-6.14.3.jar:?]
	at org.apache.maven.surefire.testng.TestNGExecutor.run(TestNGExecutor.java:308) ~[surefire-testng-3.3.0.jar:3.3.0]
	at org.apache.maven.surefire.testng.TestNGXmlTestSuite.execute(TestNGXmlTestSuite.java:71) ~[surefire-testng-3.3.0.jar:3.3.0]
	at org.apache.maven.surefire.testng.TestNGProvider.invoke(TestNGProvider.java:113) ~[surefire-testng-3.3.0.jar:3.3.0]
	at org.apache.maven.surefire.booter.ForkedBooter.runSuitesInProcess(ForkedBooter.java:385) ~[surefire-booter-3.3.0.jar:3.3.0]
	at org.apache.maven.surefire.booter.ForkedBooter.execute(ForkedBooter.java:162) ~[surefire-booter-3.3.0.jar:3.3.0]
	at org.apache.maven.surefire.booter.ForkedBooter.run(ForkedBooter.java:507) ~[surefire-booter-3.3.0.jar:3.3.0]
	at org.apache.maven.surefire.booter.ForkedBooter.main(ForkedBooter.java:495) ~[surefire-booter-3.3.0.jar:3.3.0]
17:05:54.827 [main] ERROR org.apache.poi.openxml4j.opc.PackageRelationshipCollection - Cannot convert mailto:ALPHAAAAAA@@@@@!@##$$$%12344 in a valid relationship URI-> dummy-URI used
java.net.URISyntaxException: Illegal character in fragment at index 25: mailto:ALPHAAAAAA@@@@@!@##$$$%12344
	at java.net.URI$Parser.fail(URI.java:2995) ~[?:?]
	at java.net.URI$Parser.checkChars(URI.java:3166) ~[?:?]
	at java.net.URI$Parser.parse(URI.java:3210) ~[?:?]
	at java.net.URI.<init>(URI.java:645) ~[?:?]
	at org.apache.poi.openxml4j.opc.PackagingURIHelper.toURI(PackagingURIHelper.java:723) ~[poi-ooxml-5.2.2.jar:5.2.2]
	at org.apache.poi.openxml4j.opc.PackageRelationshipCollection.parseRelationshipsPart(PackageRelationshipCollection.java:358) ~[poi-ooxml-5.2.2.jar:5.2.2]
	at org.apache.poi.openxml4j.opc.PackageRelationshipCollection.<init>(PackageRelationshipCollection.java:160) ~[poi-ooxml-5.2.2.jar:5.2.2]
	at org.apache.poi.openxml4j.opc.PackageRelationshipCollection.<init>(PackageRelationshipCollection.java:130) ~[poi-ooxml-5.2.2.jar:5.2.2]
	at org.apache.poi.openxml4j.opc.PackagePart.loadRelationships(PackagePart.java:565) ~[poi-ooxml-5.2.2.jar:5.2.2]
	at org.apache.poi.openxml4j.opc.OPCPackage.getParts(OPCPackage.java:745) ~[poi-ooxml-5.2.2.jar:5.2.2]
	at org.apache.poi.openxml4j.opc.OPCPackage.open(OPCPackage.java:315) ~[poi-ooxml-5.2.2.jar:5.2.2]
	at org.apache.poi.ooxml.util.PackageHelper.open(PackageHelper.java:59) ~[poi-ooxml-5.2.2.jar:5.2.2]
	at org.apache.poi.xssf.usermodel.XSSFWorkbook.<init>(XSSFWorkbook.java:289) ~[poi-ooxml-5.2.2.jar:5.2.2]
	at org.apache.poi.xssf.usermodel.XSSFWorkbook.<init>(XSSFWorkbook.java:285) ~[poi-ooxml-5.2.2.jar:5.2.2]
	at com.MOFutility.API_Excelutilities.readServiceIdFromExcel(API_Excelutilities.java:20) ~[test-classes/:?]
	at com.MOF.constants.API_URL.<clinit>(API_URL.java:270) ~[test-classes/:?]
	at com.MOFapi.MOFapi.Fetchvalid_SingleService_ValidServiceid(MOFapi.java:4891) ~[test-classes/:?]
	at jdk.internal.reflect.DirectMethodHandleAccessor.invoke(DirectMethodHandleAccessor.java:103) ~[?:?]
	at java.lang.reflect.Method.invoke(Method.java:580) ~[?:?]
	at org.testng.internal.MethodInvocationHelper.invokeMethod(MethodInvocationHelper.java:124) ~[testng-6.14.3.jar:?]
	at org.testng.internal.Invoker.invokeMethod(Invoker.java:583) ~[testng-6.14.3.jar:?]
	at org.testng.internal.Invoker.invokeTestMethod(Invoker.java:719) ~[testng-6.14.3.jar:?]
	at org.testng.internal.Invoker.invokeTestMethods(Invoker.java:989) ~[testng-6.14.3.jar:?]
	at org.testng.internal.TestMethodWorker.invokeTestMethods(TestMethodWorker.java:125) ~[testng-6.14.3.jar:?]
	at org.testng.internal.TestMethodWorker.run(TestMethodWorker.java:109) ~[testng-6.14.3.jar:?]
	at org.testng.TestRunner.privateRun(TestRunner.java:648) ~[testng-6.14.3.jar:?]
	at org.testng.TestRunner.run(TestRunner.java:505) ~[testng-6.14.3.jar:?]
	at org.testng.SuiteRunner.runTest(SuiteRunner.java:455) ~[testng-6.14.3.jar:?]
	at org.testng.SuiteRunner.runSequentially(SuiteRunner.java:450) ~[testng-6.14.3.jar:?]
	at org.testng.SuiteRunner.privateRun(SuiteRunner.java:415) ~[testng-6.14.3.jar:?]
	at org.testng.SuiteRunner.run(SuiteRunner.java:364) ~[testng-6.14.3.jar:?]
	at org.testng.SuiteRunnerWorker.runSuite(SuiteRunnerWorker.java:52) ~[testng-6.14.3.jar:?]
	at org.testng.SuiteRunnerWorker.run(SuiteRunnerWorker.java:84) ~[testng-6.14.3.jar:?]
	at org.testng.TestNG.runSuitesSequentially(TestNG.java:1208) ~[testng-6.14.3.jar:?]
	at org.testng.TestNG.runSuitesLocally(TestNG.java:1137) ~[testng-6.14.3.jar:?]
	at org.testng.TestNG.runSuites(TestNG.java:1049) ~[testng-6.14.3.jar:?]
	at org.testng.TestNG.run(TestNG.java:1017) ~[testng-6.14.3.jar:?]
	at org.apache.maven.surefire.testng.TestNGExecutor.run(TestNGExecutor.java:308) ~[surefire-testng-3.3.0.jar:3.3.0]
	at org.apache.maven.surefire.testng.TestNGXmlTestSuite.execute(TestNGXmlTestSuite.java:71) ~[surefire-testng-3.3.0.jar:3.3.0]
	at org.apache.maven.surefire.testng.TestNGProvider.invoke(TestNGProvider.java:113) ~[surefire-testng-3.3.0.jar:3.3.0]
	at org.apache.maven.surefire.booter.ForkedBooter.runSuitesInProcess(ForkedBooter.java:385) ~[surefire-booter-3.3.0.jar:3.3.0]
	at org.apache.maven.surefire.booter.ForkedBooter.execute(ForkedBooter.java:162) ~[surefire-booter-3.3.0.jar:3.3.0]
	at org.apache.maven.surefire.booter.ForkedBooter.run(ForkedBooter.java:507) ~[surefire-booter-3.3.0.jar:3.3.0]
	at org.apache.maven.surefire.booter.ForkedBooter.main(ForkedBooter.java:495) ~[surefire-booter-3.3.0.jar:3.3.0]
17:05:54.828 [main] ERROR org.apache.poi.openxml4j.opc.PackageRelationshipCollection - Cannot convert mailto:2343456378912@#&^*gvadhfbjnf in a valid relationship URI-> dummy-URI used
java.net.URISyntaxException: Illegal character in fragment at index 23: mailto:2343456378912@#&^*gvadhfbjnf
	at java.net.URI$Parser.fail(URI.java:2995) ~[?:?]
	at java.net.URI$Parser.checkChars(URI.java:3166) ~[?:?]
	at java.net.URI$Parser.parse(URI.java:3210) ~[?:?]
	at java.net.URI.<init>(URI.java:645) ~[?:?]
	at org.apache.poi.openxml4j.opc.PackagingURIHelper.toURI(PackagingURIHelper.java:723) ~[poi-ooxml-5.2.2.jar:5.2.2]
	at org.apache.poi.openxml4j.opc.PackageRelationshipCollection.parseRelationshipsPart(PackageRelationshipCollection.java:358) ~[poi-ooxml-5.2.2.jar:5.2.2]
	at org.apache.poi.openxml4j.opc.PackageRelationshipCollection.<init>(PackageRelationshipCollection.java:160) ~[poi-ooxml-5.2.2.jar:5.2.2]
	at org.apache.poi.openxml4j.opc.PackageRelationshipCollection.<init>(PackageRelationshipCollection.java:130) ~[poi-ooxml-5.2.2.jar:5.2.2]
	at org.apache.poi.openxml4j.opc.PackagePart.loadRelationships(PackagePart.java:565) ~[poi-ooxml-5.2.2.jar:5.2.2]
	at org.apache.poi.openxml4j.opc.OPCPackage.getParts(OPCPackage.java:745) ~[poi-ooxml-5.2.2.jar:5.2.2]
	at org.apache.poi.openxml4j.opc.OPCPackage.open(OPCPackage.java:315) ~[poi-ooxml-5.2.2.jar:5.2.2]
	at org.apache.poi.ooxml.util.PackageHelper.open(PackageHelper.java:59) ~[poi-ooxml-5.2.2.jar:5.2.2]
	at org.apache.poi.xssf.usermodel.XSSFWorkbook.<init>(XSSFWorkbook.java:289) ~[poi-ooxml-5.2.2.jar:5.2.2]
	at org.apache.poi.xssf.usermodel.XSSFWorkbook.<init>(XSSFWorkbook.java:285) ~[poi-ooxml-5.2.2.jar:5.2.2]
	at com.MOFutility.API_Excelutilities.readServiceIdFromExcel(API_Excelutilities.java:20) ~[test-classes/:?]
	at com.MOF.constants.API_URL.<clinit>(API_URL.java:270) ~[test-classes/:?]
	at com.MOFapi.MOFapi.Fetchvalid_SingleService_ValidServiceid(MOFapi.java:4891) ~[test-classes/:?]
	at jdk.internal.reflect.DirectMethodHandleAccessor.invoke(DirectMethodHandleAccessor.java:103) ~[?:?]
	at java.lang.reflect.Method.invoke(Method.java:580) ~[?:?]
	at org.testng.internal.MethodInvocationHelper.invokeMethod(MethodInvocationHelper.java:124) ~[testng-6.14.3.jar:?]
	at org.testng.internal.Invoker.invokeMethod(Invoker.java:583) ~[testng-6.14.3.jar:?]
	at org.testng.internal.Invoker.invokeTestMethod(Invoker.java:719) ~[testng-6.14.3.jar:?]
	at org.testng.internal.Invoker.invokeTestMethods(Invoker.java:989) ~[testng-6.14.3.jar:?]
	at org.testng.internal.TestMethodWorker.invokeTestMethods(TestMethodWorker.java:125) ~[testng-6.14.3.jar:?]
	at org.testng.internal.TestMethodWorker.run(TestMethodWorker.java:109) ~[testng-6.14.3.jar:?]
	at org.testng.TestRunner.privateRun(TestRunner.java:648) ~[testng-6.14.3.jar:?]
	at org.testng.TestRunner.run(TestRunner.java:505) ~[testng-6.14.3.jar:?]
	at org.testng.SuiteRunner.runTest(SuiteRunner.java:455) ~[testng-6.14.3.jar:?]
	at org.testng.SuiteRunner.runSequentially(SuiteRunner.java:450) ~[testng-6.14.3.jar:?]
	at org.testng.SuiteRunner.privateRun(SuiteRunner.java:415) ~[testng-6.14.3.jar:?]
	at org.testng.SuiteRunner.run(SuiteRunner.java:364) ~[testng-6.14.3.jar:?]
	at org.testng.SuiteRunnerWorker.runSuite(SuiteRunnerWorker.java:52) ~[testng-6.14.3.jar:?]
	at org.testng.SuiteRunnerWorker.run(SuiteRunnerWorker.java:84) ~[testng-6.14.3.jar:?]
	at org.testng.TestNG.runSuitesSequentially(TestNG.java:1208) ~[testng-6.14.3.jar:?]
	at org.testng.TestNG.runSuitesLocally(TestNG.java:1137) ~[testng-6.14.3.jar:?]
	at org.testng.TestNG.runSuites(TestNG.java:1049) ~[testng-6.14.3.jar:?]
	at org.testng.TestNG.run(TestNG.java:1017) ~[testng-6.14.3.jar:?]
	at org.apache.maven.surefire.testng.TestNGExecutor.run(TestNGExecutor.java:308) ~[surefire-testng-3.3.0.jar:3.3.0]
	at org.apache.maven.surefire.testng.TestNGXmlTestSuite.execute(TestNGXmlTestSuite.java:71) ~[surefire-testng-3.3.0.jar:3.3.0]
	at org.apache.maven.surefire.testng.TestNGProvider.invoke(TestNGProvider.java:113) ~[surefire-testng-3.3.0.jar:3.3.0]
	at org.apache.maven.surefire.booter.ForkedBooter.runSuitesInProcess(ForkedBooter.java:385) ~[surefire-booter-3.3.0.jar:3.3.0]
	at org.apache.maven.surefire.booter.ForkedBooter.execute(ForkedBooter.java:162) ~[surefire-booter-3.3.0.jar:3.3.0]
	at org.apache.maven.surefire.booter.ForkedBooter.run(ForkedBooter.java:507) ~[surefire-booter-3.3.0.jar:3.3.0]
	at org.apache.maven.surefire.booter.ForkedBooter.main(ForkedBooter.java:495) ~[surefire-booter-3.3.0.jar:3.3.0]
17:05:54.845 [main] ERROR org.apache.poi.openxml4j.opc.PackageRelationshipCollection - Cannot convert mailto:ALPA@#$%^245234534 in a valid relationship URI-> dummy-URI used
java.net.URISyntaxException: Malformed escape pair at index 14: mailto:ALPA@#$%^245234534
	at java.net.URI$Parser.fail(URI.java:2995) ~[?:?]
	at java.net.URI$Parser.scanEscape(URI.java:3123) ~[?:?]
	at java.net.URI$Parser.scan(URI.java:3146) ~[?:?]
	at java.net.URI$Parser.checkChars(URI.java:3164) ~[?:?]
	at java.net.URI$Parser.parse(URI.java:3210) ~[?:?]
	at java.net.URI.<init>(URI.java:645) ~[?:?]
	at org.apache.poi.openxml4j.opc.PackagingURIHelper.toURI(PackagingURIHelper.java:723) ~[poi-ooxml-5.2.2.jar:5.2.2]
	at org.apache.poi.openxml4j.opc.PackageRelationshipCollection.parseRelationshipsPart(PackageRelationshipCollection.java:358) ~[poi-ooxml-5.2.2.jar:5.2.2]
	at org.apache.poi.openxml4j.opc.PackageRelationshipCollection.<init>(PackageRelationshipCollection.java:160) ~[poi-ooxml-5.2.2.jar:5.2.2]
	at org.apache.poi.openxml4j.opc.PackageRelationshipCollection.<init>(PackageRelationshipCollection.java:130) ~[poi-ooxml-5.2.2.jar:5.2.2]
	at org.apache.poi.openxml4j.opc.PackagePart.loadRelationships(PackagePart.java:565) ~[poi-ooxml-5.2.2.jar:5.2.2]
	at org.apache.poi.openxml4j.opc.OPCPackage.getParts(OPCPackage.java:745) ~[poi-ooxml-5.2.2.jar:5.2.2]
	at org.apache.poi.openxml4j.opc.OPCPackage.open(OPCPackage.java:315) ~[poi-ooxml-5.2.2.jar:5.2.2]
	at org.apache.poi.ooxml.util.PackageHelper.open(PackageHelper.java:59) ~[poi-ooxml-5.2.2.jar:5.2.2]
	at org.apache.poi.xssf.usermodel.XSSFWorkbook.<init>(XSSFWorkbook.java:289) ~[poi-ooxml-5.2.2.jar:5.2.2]
	at org.apache.poi.xssf.usermodel.XSSFWorkbook.<init>(XSSFWorkbook.java:285) ~[poi-ooxml-5.2.2.jar:5.2.2]
	at com.MOFutility.API_Excelutilities.readServiceIdFromExcel(API_Excelutilities.java:20) ~[test-classes/:?]
	at com.MOF.constants.API_URL.<clinit>(API_URL.java:271) ~[test-classes/:?]
	at com.MOFapi.MOFapi.Fetchvalid_SingleService_ValidServiceid(MOFapi.java:4891) ~[test-classes/:?]
	at jdk.internal.reflect.DirectMethodHandleAccessor.invoke(DirectMethodHandleAccessor.java:103) ~[?:?]
	at java.lang.reflect.Method.invoke(Method.java:580) ~[?:?]
	at org.testng.internal.MethodInvocationHelper.invokeMethod(MethodInvocationHelper.java:124) ~[testng-6.14.3.jar:?]
	at org.testng.internal.Invoker.invokeMethod(Invoker.java:583) ~[testng-6.14.3.jar:?]
	at org.testng.internal.Invoker.invokeTestMethod(Invoker.java:719) ~[testng-6.14.3.jar:?]
	at org.testng.internal.Invoker.invokeTestMethods(Invoker.java:989) ~[testng-6.14.3.jar:?]
	at org.testng.internal.TestMethodWorker.invokeTestMethods(TestMethodWorker.java:125) ~[testng-6.14.3.jar:?]
	at org.testng.internal.TestMethodWorker.run(TestMethodWorker.java:109) ~[testng-6.14.3.jar:?]
	at org.testng.TestRunner.privateRun(TestRunner.java:648) ~[testng-6.14.3.jar:?]
	at org.testng.TestRunner.run(TestRunner.java:505) ~[testng-6.14.3.jar:?]
	at org.testng.SuiteRunner.runTest(SuiteRunner.java:455) ~[testng-6.14.3.jar:?]
	at org.testng.SuiteRunner.runSequentially(SuiteRunner.java:450) ~[testng-6.14.3.jar:?]
	at org.testng.SuiteRunner.privateRun(SuiteRunner.java:415) ~[testng-6.14.3.jar:?]
	at org.testng.SuiteRunner.run(SuiteRunner.java:364) ~[testng-6.14.3.jar:?]
	at org.testng.SuiteRunnerWorker.runSuite(SuiteRunnerWorker.java:52) ~[testng-6.14.3.jar:?]
	at org.testng.SuiteRunnerWorker.run(SuiteRunnerWorker.java:84) ~[testng-6.14.3.jar:?]
	at org.testng.TestNG.runSuitesSequentially(TestNG.java:1208) ~[testng-6.14.3.jar:?]
	at org.testng.TestNG.runSuitesLocally(TestNG.java:1137) ~[testng-6.14.3.jar:?]
	at org.testng.TestNG.runSuites(TestNG.java:1049) ~[testng-6.14.3.jar:?]
	at org.testng.TestNG.run(TestNG.java:1017) ~[testng-6.14.3.jar:?]
	at org.apache.maven.surefire.testng.TestNGExecutor.run(TestNGExecutor.java:308) ~[surefire-testng-3.3.0.jar:3.3.0]
	at org.apache.maven.surefire.testng.TestNGXmlTestSuite.execute(TestNGXmlTestSuite.java:71) ~[surefire-testng-3.3.0.jar:3.3.0]
	at org.apache.maven.surefire.testng.TestNGProvider.invoke(TestNGProvider.java:113) ~[surefire-testng-3.3.0.jar:3.3.0]
	at org.apache.maven.surefire.booter.ForkedBooter.runSuitesInProcess(ForkedBooter.java:385) ~[surefire-booter-3.3.0.jar:3.3.0]
	at org.apache.maven.surefire.booter.ForkedBooter.execute(ForkedBooter.java:162) ~[surefire-booter-3.3.0.jar:3.3.0]
	at org.apache.maven.surefire.booter.ForkedBooter.run(ForkedBooter.java:507) ~[surefire-booter-3.3.0.jar:3.3.0]
	at org.apache.maven.surefire.booter.ForkedBooter.main(ForkedBooter.java:495) ~[surefire-booter-3.3.0.jar:3.3.0]
17:05:54.846 [main] ERROR org.apache.poi.openxml4j.opc.PackageRelationshipCollection - Cannot convert mailto:ALPHAAAAAA@@@@@!@##$$$%12344 in a valid relationship URI-> dummy-URI used
java.net.URISyntaxException: Illegal character in fragment at index 25: mailto:ALPHAAAAAA@@@@@!@##$$$%12344
	at java.net.URI$Parser.fail(URI.java:2995) ~[?:?]
	at java.net.URI$Parser.checkChars(URI.java:3166) ~[?:?]
	at java.net.URI$Parser.parse(URI.java:3210) ~[?:?]
	at java.net.URI.<init>(URI.java:645) ~[?:?]
	at org.apache.poi.openxml4j.opc.PackagingURIHelper.toURI(PackagingURIHelper.java:723) ~[poi-ooxml-5.2.2.jar:5.2.2]
	at org.apache.poi.openxml4j.opc.PackageRelationshipCollection.parseRelationshipsPart(PackageRelationshipCollection.java:358) ~[poi-ooxml-5.2.2.jar:5.2.2]
	at org.apache.poi.openxml4j.opc.PackageRelationshipCollection.<init>(PackageRelationshipCollection.java:160) ~[poi-ooxml-5.2.2.jar:5.2.2]
	at org.apache.poi.openxml4j.opc.PackageRelationshipCollection.<init>(PackageRelationshipCollection.java:130) ~[poi-ooxml-5.2.2.jar:5.2.2]
	at org.apache.poi.openxml4j.opc.PackagePart.loadRelationships(PackagePart.java:565) ~[poi-ooxml-5.2.2.jar:5.2.2]
	at org.apache.poi.openxml4j.opc.OPCPackage.getParts(OPCPackage.java:745) ~[poi-ooxml-5.2.2.jar:5.2.2]
	at org.apache.poi.openxml4j.opc.OPCPackage.open(OPCPackage.java:315) ~[poi-ooxml-5.2.2.jar:5.2.2]
	at org.apache.poi.ooxml.util.PackageHelper.open(PackageHelper.java:59) ~[poi-ooxml-5.2.2.jar:5.2.2]
	at org.apache.poi.xssf.usermodel.XSSFWorkbook.<init>(XSSFWorkbook.java:289) ~[poi-ooxml-5.2.2.jar:5.2.2]
	at org.apache.poi.xssf.usermodel.XSSFWorkbook.<init>(XSSFWorkbook.java:285) ~[poi-ooxml-5.2.2.jar:5.2.2]
	at com.MOFutility.API_Excelutilities.readServiceIdFromExcel(API_Excelutilities.java:20) ~[test-classes/:?]
	at com.MOF.constants.API_URL.<clinit>(API_URL.java:271) ~[test-classes/:?]
	at com.MOFapi.MOFapi.Fetchvalid_SingleService_ValidServiceid(MOFapi.java:4891) ~[test-classes/:?]
	at jdk.internal.reflect.DirectMethodHandleAccessor.invoke(DirectMethodHandleAccessor.java:103) ~[?:?]
	at java.lang.reflect.Method.invoke(Method.java:580) ~[?:?]
	at org.testng.internal.MethodInvocationHelper.invokeMethod(MethodInvocationHelper.java:124) ~[testng-6.14.3.jar:?]
	at org.testng.internal.Invoker.invokeMethod(Invoker.java:583) ~[testng-6.14.3.jar:?]
	at org.testng.internal.Invoker.invokeTestMethod(Invoker.java:719) ~[testng-6.14.3.jar:?]
	at org.testng.internal.Invoker.invokeTestMethods(Invoker.java:989) ~[testng-6.14.3.jar:?]
	at org.testng.internal.TestMethodWorker.invokeTestMethods(TestMethodWorker.java:125) ~[testng-6.14.3.jar:?]
	at org.testng.internal.TestMethodWorker.run(TestMethodWorker.java:109) ~[testng-6.14.3.jar:?]
	at org.testng.TestRunner.privateRun(TestRunner.java:648) ~[testng-6.14.3.jar:?]
	at org.testng.TestRunner.run(TestRunner.java:505) ~[testng-6.14.3.jar:?]
	at org.testng.SuiteRunner.runTest(SuiteRunner.java:455) ~[testng-6.14.3.jar:?]
	at org.testng.SuiteRunner.runSequentially(SuiteRunner.java:450) ~[testng-6.14.3.jar:?]
	at org.testng.SuiteRunner.privateRun(SuiteRunner.java:415) ~[testng-6.14.3.jar:?]
	at org.testng.SuiteRunner.run(SuiteRunner.java:364) ~[testng-6.14.3.jar:?]
	at org.testng.SuiteRunnerWorker.runSuite(SuiteRunnerWorker.java:52) ~[testng-6.14.3.jar:?]
	at org.testng.SuiteRunnerWorker.run(SuiteRunnerWorker.java:84) ~[testng-6.14.3.jar:?]
	at org.testng.TestNG.runSuitesSequentially(TestNG.java:1208) ~[testng-6.14.3.jar:?]
	at org.testng.TestNG.runSuitesLocally(TestNG.java:1137) ~[testng-6.14.3.jar:?]
	at org.testng.TestNG.runSuites(TestNG.java:1049) ~[testng-6.14.3.jar:?]
	at org.testng.TestNG.run(TestNG.java:1017) ~[testng-6.14.3.jar:?]
	at org.apache.maven.surefire.testng.TestNGExecutor.run(TestNGExecutor.java:308) ~[surefire-testng-3.3.0.jar:3.3.0]
	at org.apache.maven.surefire.testng.TestNGXmlTestSuite.execute(TestNGXmlTestSuite.java:71) ~[surefire-testng-3.3.0.jar:3.3.0]
	at org.apache.maven.surefire.testng.TestNGProvider.invoke(TestNGProvider.java:113) ~[surefire-testng-3.3.0.jar:3.3.0]
	at org.apache.maven.surefire.booter.ForkedBooter.runSuitesInProcess(ForkedBooter.java:385) ~[surefire-booter-3.3.0.jar:3.3.0]
	at org.apache.maven.surefire.booter.ForkedBooter.execute(ForkedBooter.java:162) ~[surefire-booter-3.3.0.jar:3.3.0]
	at org.apache.maven.surefire.booter.ForkedBooter.run(ForkedBooter.java:507) ~[surefire-booter-3.3.0.jar:3.3.0]
	at org.apache.maven.surefire.booter.ForkedBooter.main(ForkedBooter.java:495) ~[surefire-booter-3.3.0.jar:3.3.0]
17:05:54.846 [main] ERROR org.apache.poi.openxml4j.opc.PackageRelationshipCollection - Cannot convert mailto:2343456378912@#&^*gvadhfbjnf in a valid relationship URI-> dummy-URI used
java.net.URISyntaxException: Illegal character in fragment at index 23: mailto:2343456378912@#&^*gvadhfbjnf
	at java.net.URI$Parser.fail(URI.java:2995) ~[?:?]
	at java.net.URI$Parser.checkChars(URI.java:3166) ~[?:?]
	at java.net.URI$Parser.parse(URI.java:3210) ~[?:?]
	at java.net.URI.<init>(URI.java:645) ~[?:?]
	at org.apache.poi.openxml4j.opc.PackagingURIHelper.toURI(PackagingURIHelper.java:723) ~[poi-ooxml-5.2.2.jar:5.2.2]
	at org.apache.poi.openxml4j.opc.PackageRelationshipCollection.parseRelationshipsPart(PackageRelationshipCollection.java:358) ~[poi-ooxml-5.2.2.jar:5.2.2]
	at org.apache.poi.openxml4j.opc.PackageRelationshipCollection.<init>(PackageRelationshipCollection.java:160) ~[poi-ooxml-5.2.2.jar:5.2.2]
	at org.apache.poi.openxml4j.opc.PackageRelationshipCollection.<init>(PackageRelationshipCollection.java:130) ~[poi-ooxml-5.2.2.jar:5.2.2]
	at org.apache.poi.openxml4j.opc.PackagePart.loadRelationships(PackagePart.java:565) ~[poi-ooxml-5.2.2.jar:5.2.2]
	at org.apache.poi.openxml4j.opc.OPCPackage.getParts(OPCPackage.java:745) ~[poi-ooxml-5.2.2.jar:5.2.2]
	at org.apache.poi.openxml4j.opc.OPCPackage.open(OPCPackage.java:315) ~[poi-ooxml-5.2.2.jar:5.2.2]
	at org.apache.poi.ooxml.util.PackageHelper.open(PackageHelper.java:59) ~[poi-ooxml-5.2.2.jar:5.2.2]
	at org.apache.poi.xssf.usermodel.XSSFWorkbook.<init>(XSSFWorkbook.java:289) ~[poi-ooxml-5.2.2.jar:5.2.2]
	at org.apache.poi.xssf.usermodel.XSSFWorkbook.<init>(XSSFWorkbook.java:285) ~[poi-ooxml-5.2.2.jar:5.2.2]
	at com.MOFutility.API_Excelutilities.readServiceIdFromExcel(API_Excelutilities.java:20) ~[test-classes/:?]
	at com.MOF.constants.API_URL.<clinit>(API_URL.java:271) ~[test-classes/:?]
	at com.MOFapi.MOFapi.Fetchvalid_SingleService_ValidServiceid(MOFapi.java:4891) ~[test-classes/:?]
	at jdk.internal.reflect.DirectMethodHandleAccessor.invoke(DirectMethodHandleAccessor.java:103) ~[?:?]
	at java.lang.reflect.Method.invoke(Method.java:580) ~[?:?]
	at org.testng.internal.MethodInvocationHelper.invokeMethod(MethodInvocationHelper.java:124) ~[testng-6.14.3.jar:?]
	at org.testng.internal.Invoker.invokeMethod(Invoker.java:583) ~[testng-6.14.3.jar:?]
	at org.testng.internal.Invoker.invokeTestMethod(Invoker.java:719) ~[testng-6.14.3.jar:?]
	at org.testng.internal.Invoker.invokeTestMethods(Invoker.java:989) ~[testng-6.14.3.jar:?]
	at org.testng.internal.TestMethodWorker.invokeTestMethods(TestMethodWorker.java:125) ~[testng-6.14.3.jar:?]
	at org.testng.internal.TestMethodWorker.run(TestMethodWorker.java:109) ~[testng-6.14.3.jar:?]
	at org.testng.TestRunner.privateRun(TestRunner.java:648) ~[testng-6.14.3.jar:?]
	at org.testng.TestRunner.run(TestRunner.java:505) ~[testng-6.14.3.jar:?]
	at org.testng.SuiteRunner.runTest(SuiteRunner.java:455) ~[testng-6.14.3.jar:?]
	at org.testng.SuiteRunner.runSequentially(SuiteRunner.java:450) ~[testng-6.14.3.jar:?]
	at org.testng.SuiteRunner.privateRun(SuiteRunner.java:415) ~[testng-6.14.3.jar:?]
	at org.testng.SuiteRunner.run(SuiteRunner.java:364) ~[testng-6.14.3.jar:?]
	at org.testng.SuiteRunnerWorker.runSuite(SuiteRunnerWorker.java:52) ~[testng-6.14.3.jar:?]
	at org.testng.SuiteRunnerWorker.run(SuiteRunnerWorker.java:84) ~[testng-6.14.3.jar:?]
	at org.testng.TestNG.runSuitesSequentially(TestNG.java:1208) ~[testng-6.14.3.jar:?]
	at org.testng.TestNG.runSuitesLocally(TestNG.java:1137) ~[testng-6.14.3.jar:?]
	at org.testng.TestNG.runSuites(TestNG.java:1049) ~[testng-6.14.3.jar:?]
	at org.testng.TestNG.run(TestNG.java:1017) ~[testng-6.14.3.jar:?]
	at org.apache.maven.surefire.testng.TestNGExecutor.run(TestNGExecutor.java:308) ~[surefire-testng-3.3.0.jar:3.3.0]
	at org.apache.maven.surefire.testng.TestNGXmlTestSuite.execute(TestNGXmlTestSuite.java:71) ~[surefire-testng-3.3.0.jar:3.3.0]
	at org.apache.maven.surefire.testng.TestNGProvider.invoke(TestNGProvider.java:113) ~[surefire-testng-3.3.0.jar:3.3.0]
	at org.apache.maven.surefire.booter.ForkedBooter.runSuitesInProcess(ForkedBooter.java:385) ~[surefire-booter-3.3.0.jar:3.3.0]
	at org.apache.maven.surefire.booter.ForkedBooter.execute(ForkedBooter.java:162) ~[surefire-booter-3.3.0.jar:3.3.0]
	at org.apache.maven.surefire.booter.ForkedBooter.run(ForkedBooter.java:507) ~[surefire-booter-3.3.0.jar:3.3.0]
	at org.apache.maven.surefire.booter.ForkedBooter.main(ForkedBooter.java:495) ~[surefire-booter-3.3.0.jar:3.3.0]
17:05:54.866 [main] ERROR org.apache.poi.openxml4j.opc.PackageRelationshipCollection - Cannot convert mailto:ALPA@#$%^245234534 in a valid relationship URI-> dummy-URI used
java.net.URISyntaxException: Malformed escape pair at index 14: mailto:ALPA@#$%^245234534
	at java.net.URI$Parser.fail(URI.java:2995) ~[?:?]
	at java.net.URI$Parser.scanEscape(URI.java:3123) ~[?:?]
	at java.net.URI$Parser.scan(URI.java:3146) ~[?:?]
	at java.net.URI$Parser.checkChars(URI.java:3164) ~[?:?]
	at java.net.URI$Parser.parse(URI.java:3210) ~[?:?]
	at java.net.URI.<init>(URI.java:645) ~[?:?]
	at org.apache.poi.openxml4j.opc.PackagingURIHelper.toURI(PackagingURIHelper.java:723) ~[poi-ooxml-5.2.2.jar:5.2.2]
	at org.apache.poi.openxml4j.opc.PackageRelationshipCollection.parseRelationshipsPart(PackageRelationshipCollection.java:358) ~[poi-ooxml-5.2.2.jar:5.2.2]
	at org.apache.poi.openxml4j.opc.PackageRelationshipCollection.<init>(PackageRelationshipCollection.java:160) ~[poi-ooxml-5.2.2.jar:5.2.2]
	at org.apache.poi.openxml4j.opc.PackageRelationshipCollection.<init>(PackageRelationshipCollection.java:130) ~[poi-ooxml-5.2.2.jar:5.2.2]
	at org.apache.poi.openxml4j.opc.PackagePart.loadRelationships(PackagePart.java:565) ~[poi-ooxml-5.2.2.jar:5.2.2]
	at org.apache.poi.openxml4j.opc.OPCPackage.getParts(OPCPackage.java:745) ~[poi-ooxml-5.2.2.jar:5.2.2]
	at org.apache.poi.openxml4j.opc.OPCPackage.open(OPCPackage.java:315) ~[poi-ooxml-5.2.2.jar:5.2.2]
	at org.apache.poi.ooxml.util.PackageHelper.open(PackageHelper.java:59) ~[poi-ooxml-5.2.2.jar:5.2.2]
	at org.apache.poi.xssf.usermodel.XSSFWorkbook.<init>(XSSFWorkbook.java:289) ~[poi-ooxml-5.2.2.jar:5.2.2]
	at org.apache.poi.xssf.usermodel.XSSFWorkbook.<init>(XSSFWorkbook.java:285) ~[poi-ooxml-5.2.2.jar:5.2.2]
	at com.MOFutility.API_Excelutilities.readServiceIdFromExcel(API_Excelutilities.java:20) ~[test-classes/:?]
	at com.MOF.constants.API_URL.<clinit>(API_URL.java:272) ~[test-classes/:?]
	at com.MOFapi.MOFapi.Fetchvalid_SingleService_ValidServiceid(MOFapi.java:4891) ~[test-classes/:?]
	at jdk.internal.reflect.DirectMethodHandleAccessor.invoke(DirectMethodHandleAccessor.java:103) ~[?:?]
	at java.lang.reflect.Method.invoke(Method.java:580) ~[?:?]
	at org.testng.internal.MethodInvocationHelper.invokeMethod(MethodInvocationHelper.java:124) ~[testng-6.14.3.jar:?]
	at org.testng.internal.Invoker.invokeMethod(Invoker.java:583) ~[testng-6.14.3.jar:?]
	at org.testng.internal.Invoker.invokeTestMethod(Invoker.java:719) ~[testng-6.14.3.jar:?]
	at org.testng.internal.Invoker.invokeTestMethods(Invoker.java:989) ~[testng-6.14.3.jar:?]
	at org.testng.internal.TestMethodWorker.invokeTestMethods(TestMethodWorker.java:125) ~[testng-6.14.3.jar:?]
	at org.testng.internal.TestMethodWorker.run(TestMethodWorker.java:109) ~[testng-6.14.3.jar:?]
	at org.testng.TestRunner.privateRun(TestRunner.java:648) ~[testng-6.14.3.jar:?]
	at org.testng.TestRunner.run(TestRunner.java:505) ~[testng-6.14.3.jar:?]
	at org.testng.SuiteRunner.runTest(SuiteRunner.java:455) ~[testng-6.14.3.jar:?]
	at org.testng.SuiteRunner.runSequentially(SuiteRunner.java:450) ~[testng-6.14.3.jar:?]
	at org.testng.SuiteRunner.privateRun(SuiteRunner.java:415) ~[testng-6.14.3.jar:?]
	at org.testng.SuiteRunner.run(SuiteRunner.java:364) ~[testng-6.14.3.jar:?]
	at org.testng.SuiteRunnerWorker.runSuite(SuiteRunnerWorker.java:52) ~[testng-6.14.3.jar:?]
	at org.testng.SuiteRunnerWorker.run(SuiteRunnerWorker.java:84) ~[testng-6.14.3.jar:?]
	at org.testng.TestNG.runSuitesSequentially(TestNG.java:1208) ~[testng-6.14.3.jar:?]
	at org.testng.TestNG.runSuitesLocally(TestNG.java:1137) ~[testng-6.14.3.jar:?]
	at org.testng.TestNG.runSuites(TestNG.java:1049) ~[testng-6.14.3.jar:?]
	at org.testng.TestNG.run(TestNG.java:1017) ~[testng-6.14.3.jar:?]
	at org.apache.maven.surefire.testng.TestNGExecutor.run(TestNGExecutor.java:308) ~[surefire-testng-3.3.0.jar:3.3.0]
	at org.apache.maven.surefire.testng.TestNGXmlTestSuite.execute(TestNGXmlTestSuite.java:71) ~[surefire-testng-3.3.0.jar:3.3.0]
	at org.apache.maven.surefire.testng.TestNGProvider.invoke(TestNGProvider.java:113) ~[surefire-testng-3.3.0.jar:3.3.0]
	at org.apache.maven.surefire.booter.ForkedBooter.runSuitesInProcess(ForkedBooter.java:385) ~[surefire-booter-3.3.0.jar:3.3.0]
	at org.apache.maven.surefire.booter.ForkedBooter.execute(ForkedBooter.java:162) ~[surefire-booter-3.3.0.jar:3.3.0]
	at org.apache.maven.surefire.booter.ForkedBooter.run(ForkedBooter.java:507) ~[surefire-booter-3.3.0.jar:3.3.0]
	at org.apache.maven.surefire.booter.ForkedBooter.main(ForkedBooter.java:495) ~[surefire-booter-3.3.0.jar:3.3.0]
17:05:54.867 [main] ERROR org.apache.poi.openxml4j.opc.PackageRelationshipCollection - Cannot convert mailto:ALPHAAAAAA@@@@@!@##$$$%12344 in a valid relationship URI-> dummy-URI used
java.net.URISyntaxException: Illegal character in fragment at index 25: mailto:ALPHAAAAAA@@@@@!@##$$$%12344
	at java.net.URI$Parser.fail(URI.java:2995) ~[?:?]
	at java.net.URI$Parser.checkChars(URI.java:3166) ~[?:?]
	at java.net.URI$Parser.parse(URI.java:3210) ~[?:?]
	at java.net.URI.<init>(URI.java:645) ~[?:?]
	at org.apache.poi.openxml4j.opc.PackagingURIHelper.toURI(PackagingURIHelper.java:723) ~[poi-ooxml-5.2.2.jar:5.2.2]
	at org.apache.poi.openxml4j.opc.PackageRelationshipCollection.parseRelationshipsPart(PackageRelationshipCollection.java:358) ~[poi-ooxml-5.2.2.jar:5.2.2]
	at org.apache.poi.openxml4j.opc.PackageRelationshipCollection.<init>(PackageRelationshipCollection.java:160) ~[poi-ooxml-5.2.2.jar:5.2.2]
	at org.apache.poi.openxml4j.opc.PackageRelationshipCollection.<init>(PackageRelationshipCollection.java:130) ~[poi-ooxml-5.2.2.jar:5.2.2]
	at org.apache.poi.openxml4j.opc.PackagePart.loadRelationships(PackagePart.java:565) ~[poi-ooxml-5.2.2.jar:5.2.2]
	at org.apache.poi.openxml4j.opc.OPCPackage.getParts(OPCPackage.java:745) ~[poi-ooxml-5.2.2.jar:5.2.2]
	at org.apache.poi.openxml4j.opc.OPCPackage.open(OPCPackage.java:315) ~[poi-ooxml-5.2.2.jar:5.2.2]
	at org.apache.poi.ooxml.util.PackageHelper.open(PackageHelper.java:59) ~[poi-ooxml-5.2.2.jar:5.2.2]
	at org.apache.poi.xssf.usermodel.XSSFWorkbook.<init>(XSSFWorkbook.java:289) ~[poi-ooxml-5.2.2.jar:5.2.2]
	at org.apache.poi.xssf.usermodel.XSSFWorkbook.<init>(XSSFWorkbook.java:285) ~[poi-ooxml-5.2.2.jar:5.2.2]
	at com.MOFutility.API_Excelutilities.readServiceIdFromExcel(API_Excelutilities.java:20) ~[test-classes/:?]
	at com.MOF.constants.API_URL.<clinit>(API_URL.java:272) ~[test-classes/:?]
	at com.MOFapi.MOFapi.Fetchvalid_SingleService_ValidServiceid(MOFapi.java:4891) ~[test-classes/:?]
	at jdk.internal.reflect.DirectMethodHandleAccessor.invoke(DirectMethodHandleAccessor.java:103) ~[?:?]
	at java.lang.reflect.Method.invoke(Method.java:580) ~[?:?]
	at org.testng.internal.MethodInvocationHelper.invokeMethod(MethodInvocationHelper.java:124) ~[testng-6.14.3.jar:?]
	at org.testng.internal.Invoker.invokeMethod(Invoker.java:583) ~[testng-6.14.3.jar:?]
	at org.testng.internal.Invoker.invokeTestMethod(Invoker.java:719) ~[testng-6.14.3.jar:?]
	at org.testng.internal.Invoker.invokeTestMethods(Invoker.java:989) ~[testng-6.14.3.jar:?]
	at org.testng.internal.TestMethodWorker.invokeTestMethods(TestMethodWorker.java:125) ~[testng-6.14.3.jar:?]
	at org.testng.internal.TestMethodWorker.run(TestMethodWorker.java:109) ~[testng-6.14.3.jar:?]
	at org.testng.TestRunner.privateRun(TestRunner.java:648) ~[testng-6.14.3.jar:?]
	at org.testng.TestRunner.run(TestRunner.java:505) ~[testng-6.14.3.jar:?]
	at org.testng.SuiteRunner.runTest(SuiteRunner.java:455) ~[testng-6.14.3.jar:?]
	at org.testng.SuiteRunner.runSequentially(SuiteRunner.java:450) ~[testng-6.14.3.jar:?]
	at org.testng.SuiteRunner.privateRun(SuiteRunner.java:415) ~[testng-6.14.3.jar:?]
	at org.testng.SuiteRunner.run(SuiteRunner.java:364) ~[testng-6.14.3.jar:?]
	at org.testng.SuiteRunnerWorker.runSuite(SuiteRunnerWorker.java:52) ~[testng-6.14.3.jar:?]
	at org.testng.SuiteRunnerWorker.run(SuiteRunnerWorker.java:84) ~[testng-6.14.3.jar:?]
	at org.testng.TestNG.runSuitesSequentially(TestNG.java:1208) ~[testng-6.14.3.jar:?]
	at org.testng.TestNG.runSuitesLocally(TestNG.java:1137) ~[testng-6.14.3.jar:?]
	at org.testng.TestNG.runSuites(TestNG.java:1049) ~[testng-6.14.3.jar:?]
	at org.testng.TestNG.run(TestNG.java:1017) ~[testng-6.14.3.jar:?]
	at org.apache.maven.surefire.testng.TestNGExecutor.run(TestNGExecutor.java:308) ~[surefire-testng-3.3.0.jar:3.3.0]
	at org.apache.maven.surefire.testng.TestNGXmlTestSuite.execute(TestNGXmlTestSuite.java:71) ~[surefire-testng-3.3.0.jar:3.3.0]
	at org.apache.maven.surefire.testng.TestNGProvider.invoke(TestNGProvider.java:113) ~[surefire-testng-3.3.0.jar:3.3.0]
	at org.apache.maven.surefire.booter.ForkedBooter.runSuitesInProcess(ForkedBooter.java:385) ~[surefire-booter-3.3.0.jar:3.3.0]
	at org.apache.maven.surefire.booter.ForkedBooter.execute(ForkedBooter.java:162) ~[surefire-booter-3.3.0.jar:3.3.0]
	at org.apache.maven.surefire.booter.ForkedBooter.run(ForkedBooter.java:507) ~[surefire-booter-3.3.0.jar:3.3.0]
	at org.apache.maven.surefire.booter.ForkedBooter.main(ForkedBooter.java:495) ~[surefire-booter-3.3.0.jar:3.3.0]
17:05:54.868 [main] ERROR org.apache.poi.openxml4j.opc.PackageRelationshipCollection - Cannot convert mailto:2343456378912@#&^*gvadhfbjnf in a valid relationship URI-> dummy-URI used
java.net.URISyntaxException: Illegal character in fragment at index 23: mailto:2343456378912@#&^*gvadhfbjnf
	at java.net.URI$Parser.fail(URI.java:2995) ~[?:?]
	at java.net.URI$Parser.checkChars(URI.java:3166) ~[?:?]
	at java.net.URI$Parser.parse(URI.java:3210) ~[?:?]
	at java.net.URI.<init>(URI.java:645) ~[?:?]
	at org.apache.poi.openxml4j.opc.PackagingURIHelper.toURI(PackagingURIHelper.java:723) ~[poi-ooxml-5.2.2.jar:5.2.2]
	at org.apache.poi.openxml4j.opc.PackageRelationshipCollection.parseRelationshipsPart(PackageRelationshipCollection.java:358) ~[poi-ooxml-5.2.2.jar:5.2.2]
	at org.apache.poi.openxml4j.opc.PackageRelationshipCollection.<init>(PackageRelationshipCollection.java:160) ~[poi-ooxml-5.2.2.jar:5.2.2]
	at org.apache.poi.openxml4j.opc.PackageRelationshipCollection.<init>(PackageRelationshipCollection.java:130) ~[poi-ooxml-5.2.2.jar:5.2.2]
	at org.apache.poi.openxml4j.opc.PackagePart.loadRelationships(PackagePart.java:565) ~[poi-ooxml-5.2.2.jar:5.2.2]
	at org.apache.poi.openxml4j.opc.OPCPackage.getParts(OPCPackage.java:745) ~[poi-ooxml-5.2.2.jar:5.2.2]
	at org.apache.poi.openxml4j.opc.OPCPackage.open(OPCPackage.java:315) ~[poi-ooxml-5.2.2.jar:5.2.2]
	at org.apache.poi.ooxml.util.PackageHelper.open(PackageHelper.java:59) ~[poi-ooxml-5.2.2.jar:5.2.2]
	at org.apache.poi.xssf.usermodel.XSSFWorkbook.<init>(XSSFWorkbook.java:289) ~[poi-ooxml-5.2.2.jar:5.2.2]
	at org.apache.poi.xssf.usermodel.XSSFWorkbook.<init>(XSSFWorkbook.java:285) ~[poi-ooxml-5.2.2.jar:5.2.2]
	at com.MOFutility.API_Excelutilities.readServiceIdFromExcel(API_Excelutilities.java:20) ~[test-classes/:?]
	at com.MOF.constants.API_URL.<clinit>(API_URL.java:272) ~[test-classes/:?]
	at com.MOFapi.MOFapi.Fetchvalid_SingleService_ValidServiceid(MOFapi.java:4891) ~[test-classes/:?]
	at jdk.internal.reflect.DirectMethodHandleAccessor.invoke(DirectMethodHandleAccessor.java:103) ~[?:?]
	at java.lang.reflect.Method.invoke(Method.java:580) ~[?:?]
	at org.testng.internal.MethodInvocationHelper.invokeMethod(MethodInvocationHelper.java:124) ~[testng-6.14.3.jar:?]
	at org.testng.internal.Invoker.invokeMethod(Invoker.java:583) ~[testng-6.14.3.jar:?]
	at org.testng.internal.Invoker.invokeTestMethod(Invoker.java:719) ~[testng-6.14.3.jar:?]
	at org.testng.internal.Invoker.invokeTestMethods(Invoker.java:989) ~[testng-6.14.3.jar:?]
	at org.testng.internal.TestMethodWorker.invokeTestMethods(TestMethodWorker.java:125) ~[testng-6.14.3.jar:?]
	at org.testng.internal.TestMethodWorker.run(TestMethodWorker.java:109) ~[testng-6.14.3.jar:?]
	at org.testng.TestRunner.privateRun(TestRunner.java:648) ~[testng-6.14.3.jar:?]
	at org.testng.TestRunner.run(TestRunner.java:505) ~[testng-6.14.3.jar:?]
	at org.testng.SuiteRunner.runTest(SuiteRunner.java:455) ~[testng-6.14.3.jar:?]
	at org.testng.SuiteRunner.runSequentially(SuiteRunner.java:450) ~[testng-6.14.3.jar:?]
	at org.testng.SuiteRunner.privateRun(SuiteRunner.java:415) ~[testng-6.14.3.jar:?]
	at org.testng.SuiteRunner.run(SuiteRunner.java:364) ~[testng-6.14.3.jar:?]
	at org.testng.SuiteRunnerWorker.runSuite(SuiteRunnerWorker.java:52) ~[testng-6.14.3.jar:?]
	at org.testng.SuiteRunnerWorker.run(SuiteRunnerWorker.java:84) ~[testng-6.14.3.jar:?]
	at org.testng.TestNG.runSuitesSequentially(TestNG.java:1208) ~[testng-6.14.3.jar:?]
	at org.testng.TestNG.runSuitesLocally(TestNG.java:1137) ~[testng-6.14.3.jar:?]
	at org.testng.TestNG.runSuites(TestNG.java:1049) ~[testng-6.14.3.jar:?]
	at org.testng.TestNG.run(TestNG.java:1017) ~[testng-6.14.3.jar:?]
	at org.apache.maven.surefire.testng.TestNGExecutor.run(TestNGExecutor.java:308) ~[surefire-testng-3.3.0.jar:3.3.0]
	at org.apache.maven.surefire.testng.TestNGXmlTestSuite.execute(TestNGXmlTestSuite.java:71) ~[surefire-testng-3.3.0.jar:3.3.0]
	at org.apache.maven.surefire.testng.TestNGProvider.invoke(TestNGProvider.java:113) ~[surefire-testng-3.3.0.jar:3.3.0]
	at org.apache.maven.surefire.booter.ForkedBooter.runSuitesInProcess(ForkedBooter.java:385) ~[surefire-booter-3.3.0.jar:3.3.0]
	at org.apache.maven.surefire.booter.ForkedBooter.execute(ForkedBooter.java:162) ~[surefire-booter-3.3.0.jar:3.3.0]
	at org.apache.maven.surefire.booter.ForkedBooter.run(ForkedBooter.java:507) ~[surefire-booter-3.3.0.jar:3.3.0]
	at org.apache.maven.surefire.booter.ForkedBooter.main(ForkedBooter.java:495) ~[surefire-booter-3.3.0.jar:3.3.0]
17:05:54.886 [main] ERROR org.apache.poi.openxml4j.opc.PackageRelationshipCollection - Cannot convert mailto:ALPA@#$%^245234534 in a valid relationship URI-> dummy-URI used
java.net.URISyntaxException: Malformed escape pair at index 14: mailto:ALPA@#$%^245234534
	at java.net.URI$Parser.fail(URI.java:2995) ~[?:?]
	at java.net.URI$Parser.scanEscape(URI.java:3123) ~[?:?]
	at java.net.URI$Parser.scan(URI.java:3146) ~[?:?]
	at java.net.URI$Parser.checkChars(URI.java:3164) ~[?:?]
	at java.net.URI$Parser.parse(URI.java:3210) ~[?:?]
	at java.net.URI.<init>(URI.java:645) ~[?:?]
	at org.apache.poi.openxml4j.opc.PackagingURIHelper.toURI(PackagingURIHelper.java:723) ~[poi-ooxml-5.2.2.jar:5.2.2]
	at org.apache.poi.openxml4j.opc.PackageRelationshipCollection.parseRelationshipsPart(PackageRelationshipCollection.java:358) ~[poi-ooxml-5.2.2.jar:5.2.2]
	at org.apache.poi.openxml4j.opc.PackageRelationshipCollection.<init>(PackageRelationshipCollection.java:160) ~[poi-ooxml-5.2.2.jar:5.2.2]
	at org.apache.poi.openxml4j.opc.PackageRelationshipCollection.<init>(PackageRelationshipCollection.java:130) ~[poi-ooxml-5.2.2.jar:5.2.2]
	at org.apache.poi.openxml4j.opc.PackagePart.loadRelationships(PackagePart.java:565) ~[poi-ooxml-5.2.2.jar:5.2.2]
	at org.apache.poi.openxml4j.opc.OPCPackage.getParts(OPCPackage.java:745) ~[poi-ooxml-5.2.2.jar:5.2.2]
	at org.apache.poi.openxml4j.opc.OPCPackage.open(OPCPackage.java:315) ~[poi-ooxml-5.2.2.jar:5.2.2]
	at org.apache.poi.ooxml.util.PackageHelper.open(PackageHelper.java:59) ~[poi-ooxml-5.2.2.jar:5.2.2]
	at org.apache.poi.xssf.usermodel.XSSFWorkbook.<init>(XSSFWorkbook.java:289) ~[poi-ooxml-5.2.2.jar:5.2.2]
	at org.apache.poi.xssf.usermodel.XSSFWorkbook.<init>(XSSFWorkbook.java:285) ~[poi-ooxml-5.2.2.jar:5.2.2]
	at com.MOFutility.API_Excelutilities.readServiceIdFromExcel(API_Excelutilities.java:20) ~[test-classes/:?]
	at com.MOF.constants.API_URL.<clinit>(API_URL.java:273) ~[test-classes/:?]
	at com.MOFapi.MOFapi.Fetchvalid_SingleService_ValidServiceid(MOFapi.java:4891) ~[test-classes/:?]
	at jdk.internal.reflect.DirectMethodHandleAccessor.invoke(DirectMethodHandleAccessor.java:103) ~[?:?]
	at java.lang.reflect.Method.invoke(Method.java:580) ~[?:?]
	at org.testng.internal.MethodInvocationHelper.invokeMethod(MethodInvocationHelper.java:124) ~[testng-6.14.3.jar:?]
	at org.testng.internal.Invoker.invokeMethod(Invoker.java:583) ~[testng-6.14.3.jar:?]
	at org.testng.internal.Invoker.invokeTestMethod(Invoker.java:719) ~[testng-6.14.3.jar:?]
	at org.testng.internal.Invoker.invokeTestMethods(Invoker.java:989) ~[testng-6.14.3.jar:?]
	at org.testng.internal.TestMethodWorker.invokeTestMethods(TestMethodWorker.java:125) ~[testng-6.14.3.jar:?]
	at org.testng.internal.TestMethodWorker.run(TestMethodWorker.java:109) ~[testng-6.14.3.jar:?]
	at org.testng.TestRunner.privateRun(TestRunner.java:648) ~[testng-6.14.3.jar:?]
	at org.testng.TestRunner.run(TestRunner.java:505) ~[testng-6.14.3.jar:?]
	at org.testng.SuiteRunner.runTest(SuiteRunner.java:455) ~[testng-6.14.3.jar:?]
	at org.testng.SuiteRunner.runSequentially(SuiteRunner.java:450) ~[testng-6.14.3.jar:?]
	at org.testng.SuiteRunner.privateRun(SuiteRunner.java:415) ~[testng-6.14.3.jar:?]
	at org.testng.SuiteRunner.run(SuiteRunner.java:364) ~[testng-6.14.3.jar:?]
	at org.testng.SuiteRunnerWorker.runSuite(SuiteRunnerWorker.java:52) ~[testng-6.14.3.jar:?]
	at org.testng.SuiteRunnerWorker.run(SuiteRunnerWorker.java:84) ~[testng-6.14.3.jar:?]
	at org.testng.TestNG.runSuitesSequentially(TestNG.java:1208) ~[testng-6.14.3.jar:?]
	at org.testng.TestNG.runSuitesLocally(TestNG.java:1137) ~[testng-6.14.3.jar:?]
	at org.testng.TestNG.runSuites(TestNG.java:1049) ~[testng-6.14.3.jar:?]
	at org.testng.TestNG.run(TestNG.java:1017) ~[testng-6.14.3.jar:?]
	at org.apache.maven.surefire.testng.TestNGExecutor.run(TestNGExecutor.java:308) ~[surefire-testng-3.3.0.jar:3.3.0]
	at org.apache.maven.surefire.testng.TestNGXmlTestSuite.execute(TestNGXmlTestSuite.java:71) ~[surefire-testng-3.3.0.jar:3.3.0]
	at org.apache.maven.surefire.testng.TestNGProvider.invoke(TestNGProvider.java:113) ~[surefire-testng-3.3.0.jar:3.3.0]
	at org.apache.maven.surefire.booter.ForkedBooter.runSuitesInProcess(ForkedBooter.java:385) ~[surefire-booter-3.3.0.jar:3.3.0]
	at org.apache.maven.surefire.booter.ForkedBooter.execute(ForkedBooter.java:162) ~[surefire-booter-3.3.0.jar:3.3.0]
	at org.apache.maven.surefire.booter.ForkedBooter.run(ForkedBooter.java:507) ~[surefire-booter-3.3.0.jar:3.3.0]
	at org.apache.maven.surefire.booter.ForkedBooter.main(ForkedBooter.java:495) ~[surefire-booter-3.3.0.jar:3.3.0]
17:05:54.887 [main] ERROR org.apache.poi.openxml4j.opc.PackageRelationshipCollection - Cannot convert mailto:ALPHAAAAAA@@@@@!@##$$$%12344 in a valid relationship URI-> dummy-URI used
java.net.URISyntaxException: Illegal character in fragment at index 25: mailto:ALPHAAAAAA@@@@@!@##$$$%12344
	at java.net.URI$Parser.fail(URI.java:2995) ~[?:?]
	at java.net.URI$Parser.checkChars(URI.java:3166) ~[?:?]
	at java.net.URI$Parser.parse(URI.java:3210) ~[?:?]
	at java.net.URI.<init>(URI.java:645) ~[?:?]
	at org.apache.poi.openxml4j.opc.PackagingURIHelper.toURI(PackagingURIHelper.java:723) ~[poi-ooxml-5.2.2.jar:5.2.2]
	at org.apache.poi.openxml4j.opc.PackageRelationshipCollection.parseRelationshipsPart(PackageRelationshipCollection.java:358) ~[poi-ooxml-5.2.2.jar:5.2.2]
	at org.apache.poi.openxml4j.opc.PackageRelationshipCollection.<init>(PackageRelationshipCollection.java:160) ~[poi-ooxml-5.2.2.jar:5.2.2]
	at org.apache.poi.openxml4j.opc.PackageRelationshipCollection.<init>(PackageRelationshipCollection.java:130) ~[poi-ooxml-5.2.2.jar:5.2.2]
	at org.apache.poi.openxml4j.opc.PackagePart.loadRelationships(PackagePart.java:565) ~[poi-ooxml-5.2.2.jar:5.2.2]
	at org.apache.poi.openxml4j.opc.OPCPackage.getParts(OPCPackage.java:745) ~[poi-ooxml-5.2.2.jar:5.2.2]
	at org.apache.poi.openxml4j.opc.OPCPackage.open(OPCPackage.java:315) ~[poi-ooxml-5.2.2.jar:5.2.2]
	at org.apache.poi.ooxml.util.PackageHelper.open(PackageHelper.java:59) ~[poi-ooxml-5.2.2.jar:5.2.2]
	at org.apache.poi.xssf.usermodel.XSSFWorkbook.<init>(XSSFWorkbook.java:289) ~[poi-ooxml-5.2.2.jar:5.2.2]
	at org.apache.poi.xssf.usermodel.XSSFWorkbook.<init>(XSSFWorkbook.java:285) ~[poi-ooxml-5.2.2.jar:5.2.2]
	at com.MOFutility.API_Excelutilities.readServiceIdFromExcel(API_Excelutilities.java:20) ~[test-classes/:?]
	at com.MOF.constants.API_URL.<clinit>(API_URL.java:273) ~[test-classes/:?]
	at com.MOFapi.MOFapi.Fetchvalid_SingleService_ValidServiceid(MOFapi.java:4891) ~[test-classes/:?]
	at jdk.internal.reflect.DirectMethodHandleAccessor.invoke(DirectMethodHandleAccessor.java:103) ~[?:?]
	at java.lang.reflect.Method.invoke(Method.java:580) ~[?:?]
	at org.testng.internal.MethodInvocationHelper.invokeMethod(MethodInvocationHelper.java:124) ~[testng-6.14.3.jar:?]
	at org.testng.internal.Invoker.invokeMethod(Invoker.java:583) ~[testng-6.14.3.jar:?]
	at org.testng.internal.Invoker.invokeTestMethod(Invoker.java:719) ~[testng-6.14.3.jar:?]
	at org.testng.internal.Invoker.invokeTestMethods(Invoker.java:989) ~[testng-6.14.3.jar:?]
	at org.testng.internal.TestMethodWorker.invokeTestMethods(TestMethodWorker.java:125) ~[testng-6.14.3.jar:?]
	at org.testng.internal.TestMethodWorker.run(TestMethodWorker.java:109) ~[testng-6.14.3.jar:?]
	at org.testng.TestRunner.privateRun(TestRunner.java:648) ~[testng-6.14.3.jar:?]
	at org.testng.TestRunner.run(TestRunner.java:505) ~[testng-6.14.3.jar:?]
	at org.testng.SuiteRunner.runTest(SuiteRunner.java:455) ~[testng-6.14.3.jar:?]
	at org.testng.SuiteRunner.runSequentially(SuiteRunner.java:450) ~[testng-6.14.3.jar:?]
	at org.testng.SuiteRunner.privateRun(SuiteRunner.java:415) ~[testng-6.14.3.jar:?]
	at org.testng.SuiteRunner.run(SuiteRunner.java:364) ~[testng-6.14.3.jar:?]
	at org.testng.SuiteRunnerWorker.runSuite(SuiteRunnerWorker.java:52) ~[testng-6.14.3.jar:?]
	at org.testng.SuiteRunnerWorker.run(SuiteRunnerWorker.java:84) ~[testng-6.14.3.jar:?]
	at org.testng.TestNG.runSuitesSequentially(TestNG.java:1208) ~[testng-6.14.3.jar:?]
	at org.testng.TestNG.runSuitesLocally(TestNG.java:1137) ~[testng-6.14.3.jar:?]
	at org.testng.TestNG.runSuites(TestNG.java:1049) ~[testng-6.14.3.jar:?]
	at org.testng.TestNG.run(TestNG.java:1017) ~[testng-6.14.3.jar:?]
	at org.apache.maven.surefire.testng.TestNGExecutor.run(TestNGExecutor.java:308) ~[surefire-testng-3.3.0.jar:3.3.0]
	at org.apache.maven.surefire.testng.TestNGXmlTestSuite.execute(TestNGXmlTestSuite.java:71) ~[surefire-testng-3.3.0.jar:3.3.0]
	at org.apache.maven.surefire.testng.TestNGProvider.invoke(TestNGProvider.java:113) ~[surefire-testng-3.3.0.jar:3.3.0]
	at org.apache.maven.surefire.booter.ForkedBooter.runSuitesInProcess(ForkedBooter.java:385) ~[surefire-booter-3.3.0.jar:3.3.0]
	at org.apache.maven.surefire.booter.ForkedBooter.execute(ForkedBooter.java:162) ~[surefire-booter-3.3.0.jar:3.3.0]
	at org.apache.maven.surefire.booter.ForkedBooter.run(ForkedBooter.java:507) ~[surefire-booter-3.3.0.jar:3.3.0]
	at org.apache.maven.surefire.booter.ForkedBooter.main(ForkedBooter.java:495) ~[surefire-booter-3.3.0.jar:3.3.0]
17:05:54.888 [main] ERROR org.apache.poi.openxml4j.opc.PackageRelationshipCollection - Cannot convert mailto:2343456378912@#&^*gvadhfbjnf in a valid relationship URI-> dummy-URI used
java.net.URISyntaxException: Illegal character in fragment at index 23: mailto:2343456378912@#&^*gvadhfbjnf
	at java.net.URI$Parser.fail(URI.java:2995) ~[?:?]
	at java.net.URI$Parser.checkChars(URI.java:3166) ~[?:?]
	at java.net.URI$Parser.parse(URI.java:3210) ~[?:?]
	at java.net.URI.<init>(URI.java:645) ~[?:?]
	at org.apache.poi.openxml4j.opc.PackagingURIHelper.toURI(PackagingURIHelper.java:723) ~[poi-ooxml-5.2.2.jar:5.2.2]
	at org.apache.poi.openxml4j.opc.PackageRelationshipCollection.parseRelationshipsPart(PackageRelationshipCollection.java:358) ~[poi-ooxml-5.2.2.jar:5.2.2]
	at org.apache.poi.openxml4j.opc.PackageRelationshipCollection.<init>(PackageRelationshipCollection.java:160) ~[poi-ooxml-5.2.2.jar:5.2.2]
	at org.apache.poi.openxml4j.opc.PackageRelationshipCollection.<init>(PackageRelationshipCollection.java:130) ~[poi-ooxml-5.2.2.jar:5.2.2]
	at org.apache.poi.openxml4j.opc.PackagePart.loadRelationships(PackagePart.java:565) ~[poi-ooxml-5.2.2.jar:5.2.2]
	at org.apache.poi.openxml4j.opc.OPCPackage.getParts(OPCPackage.java:745) ~[poi-ooxml-5.2.2.jar:5.2.2]
	at org.apache.poi.openxml4j.opc.OPCPackage.open(OPCPackage.java:315) ~[poi-ooxml-5.2.2.jar:5.2.2]
	at org.apache.poi.ooxml.util.PackageHelper.open(PackageHelper.java:59) ~[poi-ooxml-5.2.2.jar:5.2.2]
	at org.apache.poi.xssf.usermodel.XSSFWorkbook.<init>(XSSFWorkbook.java:289) ~[poi-ooxml-5.2.2.jar:5.2.2]
	at org.apache.poi.xssf.usermodel.XSSFWorkbook.<init>(XSSFWorkbook.java:285) ~[poi-ooxml-5.2.2.jar:5.2.2]
	at com.MOFutility.API_Excelutilities.readServiceIdFromExcel(API_Excelutilities.java:20) ~[test-classes/:?]
	at com.MOF.constants.API_URL.<clinit>(API_URL.java:273) ~[test-classes/:?]
	at com.MOFapi.MOFapi.Fetchvalid_SingleService_ValidServiceid(MOFapi.java:4891) ~[test-classes/:?]
	at jdk.internal.reflect.DirectMethodHandleAccessor.invoke(DirectMethodHandleAccessor.java:103) ~[?:?]
	at java.lang.reflect.Method.invoke(Method.java:580) ~[?:?]
	at org.testng.internal.MethodInvocationHelper.invokeMethod(MethodInvocationHelper.java:124) ~[testng-6.14.3.jar:?]
	at org.testng.internal.Invoker.invokeMethod(Invoker.java:583) ~[testng-6.14.3.jar:?]
	at org.testng.internal.Invoker.invokeTestMethod(Invoker.java:719) ~[testng-6.14.3.jar:?]
	at org.testng.internal.Invoker.invokeTestMethods(Invoker.java:989) ~[testng-6.14.3.jar:?]
	at org.testng.internal.TestMethodWorker.invokeTestMethods(TestMethodWorker.java:125) ~[testng-6.14.3.jar:?]
	at org.testng.internal.TestMethodWorker.run(TestMethodWorker.java:109) ~[testng-6.14.3.jar:?]
	at org.testng.TestRunner.privateRun(TestRunner.java:648) ~[testng-6.14.3.jar:?]
	at org.testng.TestRunner.run(TestRunner.java:505) ~[testng-6.14.3.jar:?]
	at org.testng.SuiteRunner.runTest(SuiteRunner.java:455) ~[testng-6.14.3.jar:?]
	at org.testng.SuiteRunner.runSequentially(SuiteRunner.java:450) ~[testng-6.14.3.jar:?]
	at org.testng.SuiteRunner.privateRun(SuiteRunner.java:415) ~[testng-6.14.3.jar:?]
	at org.testng.SuiteRunner.run(SuiteRunner.java:364) ~[testng-6.14.3.jar:?]
	at org.testng.SuiteRunnerWorker.runSuite(SuiteRunnerWorker.java:52) ~[testng-6.14.3.jar:?]
	at org.testng.SuiteRunnerWorker.run(SuiteRunnerWorker.java:84) ~[testng-6.14.3.jar:?]
	at org.testng.TestNG.runSuitesSequentially(TestNG.java:1208) ~[testng-6.14.3.jar:?]
	at org.testng.TestNG.runSuitesLocally(TestNG.java:1137) ~[testng-6.14.3.jar:?]
	at org.testng.TestNG.runSuites(TestNG.java:1049) ~[testng-6.14.3.jar:?]
	at org.testng.TestNG.run(TestNG.java:1017) ~[testng-6.14.3.jar:?]
	at org.apache.maven.surefire.testng.TestNGExecutor.run(TestNGExecutor.java:308) ~[surefire-testng-3.3.0.jar:3.3.0]
	at org.apache.maven.surefire.testng.TestNGXmlTestSuite.execute(TestNGXmlTestSuite.java:71) ~[surefire-testng-3.3.0.jar:3.3.0]
	at org.apache.maven.surefire.testng.TestNGProvider.invoke(TestNGProvider.java:113) ~[surefire-testng-3.3.0.jar:3.3.0]
	at org.apache.maven.surefire.booter.ForkedBooter.runSuitesInProcess(ForkedBooter.java:385) ~[surefire-booter-3.3.0.jar:3.3.0]
	at org.apache.maven.surefire.booter.ForkedBooter.execute(ForkedBooter.java:162) ~[surefire-booter-3.3.0.jar:3.3.0]
	at org.apache.maven.surefire.booter.ForkedBooter.run(ForkedBooter.java:507) ~[surefire-booter-3.3.0.jar:3.3.0]
	at org.apache.maven.surefire.booter.ForkedBooter.main(ForkedBooter.java:495) ~[surefire-booter-3.3.0.jar:3.3.0]
17:05:54.905 [main] ERROR org.apache.poi.openxml4j.opc.PackageRelationshipCollection - Cannot convert mailto:ALPA@#$%^245234534 in a valid relationship URI-> dummy-URI used
java.net.URISyntaxException: Malformed escape pair at index 14: mailto:ALPA@#$%^245234534
	at java.net.URI$Parser.fail(URI.java:2995) ~[?:?]
	at java.net.URI$Parser.scanEscape(URI.java:3123) ~[?:?]
	at java.net.URI$Parser.scan(URI.java:3146) ~[?:?]
	at java.net.URI$Parser.checkChars(URI.java:3164) ~[?:?]
	at java.net.URI$Parser.parse(URI.java:3210) ~[?:?]
	at java.net.URI.<init>(URI.java:645) ~[?:?]
	at org.apache.poi.openxml4j.opc.PackagingURIHelper.toURI(PackagingURIHelper.java:723) ~[poi-ooxml-5.2.2.jar:5.2.2]
	at org.apache.poi.openxml4j.opc.PackageRelationshipCollection.parseRelationshipsPart(PackageRelationshipCollection.java:358) ~[poi-ooxml-5.2.2.jar:5.2.2]
	at org.apache.poi.openxml4j.opc.PackageRelationshipCollection.<init>(PackageRelationshipCollection.java:160) ~[poi-ooxml-5.2.2.jar:5.2.2]
	at org.apache.poi.openxml4j.opc.PackageRelationshipCollection.<init>(PackageRelationshipCollection.java:130) ~[poi-ooxml-5.2.2.jar:5.2.2]
	at org.apache.poi.openxml4j.opc.PackagePart.loadRelationships(PackagePart.java:565) ~[poi-ooxml-5.2.2.jar:5.2.2]
	at org.apache.poi.openxml4j.opc.OPCPackage.getParts(OPCPackage.java:745) ~[poi-ooxml-5.2.2.jar:5.2.2]
	at org.apache.poi.openxml4j.opc.OPCPackage.open(OPCPackage.java:315) ~[poi-ooxml-5.2.2.jar:5.2.2]
	at org.apache.poi.ooxml.util.PackageHelper.open(PackageHelper.java:59) ~[poi-ooxml-5.2.2.jar:5.2.2]
	at org.apache.poi.xssf.usermodel.XSSFWorkbook.<init>(XSSFWorkbook.java:289) ~[poi-ooxml-5.2.2.jar:5.2.2]
	at org.apache.poi.xssf.usermodel.XSSFWorkbook.<init>(XSSFWorkbook.java:285) ~[poi-ooxml-5.2.2.jar:5.2.2]
	at com.MOFutility.API_Excelutilities.readServiceIdFromExcel(API_Excelutilities.java:20) ~[test-classes/:?]
	at com.MOF.constants.API_URL.<clinit>(API_URL.java:274) ~[test-classes/:?]
	at com.MOFapi.MOFapi.Fetchvalid_SingleService_ValidServiceid(MOFapi.java:4891) ~[test-classes/:?]
	at jdk.internal.reflect.DirectMethodHandleAccessor.invoke(DirectMethodHandleAccessor.java:103) ~[?:?]
	at java.lang.reflect.Method.invoke(Method.java:580) ~[?:?]
	at org.testng.internal.MethodInvocationHelper.invokeMethod(MethodInvocationHelper.java:124) ~[testng-6.14.3.jar:?]
	at org.testng.internal.Invoker.invokeMethod(Invoker.java:583) ~[testng-6.14.3.jar:?]
	at org.testng.internal.Invoker.invokeTestMethod(Invoker.java:719) ~[testng-6.14.3.jar:?]
	at org.testng.internal.Invoker.invokeTestMethods(Invoker.java:989) ~[testng-6.14.3.jar:?]
	at org.testng.internal.TestMethodWorker.invokeTestMethods(TestMethodWorker.java:125) ~[testng-6.14.3.jar:?]
	at org.testng.internal.TestMethodWorker.run(TestMethodWorker.java:109) ~[testng-6.14.3.jar:?]
	at org.testng.TestRunner.privateRun(TestRunner.java:648) ~[testng-6.14.3.jar:?]
	at org.testng.TestRunner.run(TestRunner.java:505) ~[testng-6.14.3.jar:?]
	at org.testng.SuiteRunner.runTest(SuiteRunner.java:455) ~[testng-6.14.3.jar:?]
	at org.testng.SuiteRunner.runSequentially(SuiteRunner.java:450) ~[testng-6.14.3.jar:?]
	at org.testng.SuiteRunner.privateRun(SuiteRunner.java:415) ~[testng-6.14.3.jar:?]
	at org.testng.SuiteRunner.run(SuiteRunner.java:364) ~[testng-6.14.3.jar:?]
	at org.testng.SuiteRunnerWorker.runSuite(SuiteRunnerWorker.java:52) ~[testng-6.14.3.jar:?]
	at org.testng.SuiteRunnerWorker.run(SuiteRunnerWorker.java:84) ~[testng-6.14.3.jar:?]
	at org.testng.TestNG.runSuitesSequentially(TestNG.java:1208) ~[testng-6.14.3.jar:?]
	at org.testng.TestNG.runSuitesLocally(TestNG.java:1137) ~[testng-6.14.3.jar:?]
	at org.testng.TestNG.runSuites(TestNG.java:1049) ~[testng-6.14.3.jar:?]
	at org.testng.TestNG.run(TestNG.java:1017) ~[testng-6.14.3.jar:?]
	at org.apache.maven.surefire.testng.TestNGExecutor.run(TestNGExecutor.java:308) ~[surefire-testng-3.3.0.jar:3.3.0]
	at org.apache.maven.surefire.testng.TestNGXmlTestSuite.execute(TestNGXmlTestSuite.java:71) ~[surefire-testng-3.3.0.jar:3.3.0]
	at org.apache.maven.surefire.testng.TestNGProvider.invoke(TestNGProvider.java:113) ~[surefire-testng-3.3.0.jar:3.3.0]
	at org.apache.maven.surefire.booter.ForkedBooter.runSuitesInProcess(ForkedBooter.java:385) ~[surefire-booter-3.3.0.jar:3.3.0]
	at org.apache.maven.surefire.booter.ForkedBooter.execute(ForkedBooter.java:162) ~[surefire-booter-3.3.0.jar:3.3.0]
	at org.apache.maven.surefire.booter.ForkedBooter.run(ForkedBooter.java:507) ~[surefire-booter-3.3.0.jar:3.3.0]
	at org.apache.maven.surefire.booter.ForkedBooter.main(ForkedBooter.java:495) ~[surefire-booter-3.3.0.jar:3.3.0]
17:05:54.906 [main] ERROR org.apache.poi.openxml4j.opc.PackageRelationshipCollection - Cannot convert mailto:ALPHAAAAAA@@@@@!@##$$$%12344 in a valid relationship URI-> dummy-URI used
java.net.URISyntaxException: Illegal character in fragment at index 25: mailto:ALPHAAAAAA@@@@@!@##$$$%12344
	at java.net.URI$Parser.fail(URI.java:2995) ~[?:?]
	at java.net.URI$Parser.checkChars(URI.java:3166) ~[?:?]
	at java.net.URI$Parser.parse(URI.java:3210) ~[?:?]
	at java.net.URI.<init>(URI.java:645) ~[?:?]
	at org.apache.poi.openxml4j.opc.PackagingURIHelper.toURI(PackagingURIHelper.java:723) ~[poi-ooxml-5.2.2.jar:5.2.2]
	at org.apache.poi.openxml4j.opc.PackageRelationshipCollection.parseRelationshipsPart(PackageRelationshipCollection.java:358) ~[poi-ooxml-5.2.2.jar:5.2.2]
	at org.apache.poi.openxml4j.opc.PackageRelationshipCollection.<init>(PackageRelationshipCollection.java:160) ~[poi-ooxml-5.2.2.jar:5.2.2]
	at org.apache.poi.openxml4j.opc.PackageRelationshipCollection.<init>(PackageRelationshipCollection.java:130) ~[poi-ooxml-5.2.2.jar:5.2.2]
	at org.apache.poi.openxml4j.opc.PackagePart.loadRelationships(PackagePart.java:565) ~[poi-ooxml-5.2.2.jar:5.2.2]
	at org.apache.poi.openxml4j.opc.OPCPackage.getParts(OPCPackage.java:745) ~[poi-ooxml-5.2.2.jar:5.2.2]
	at org.apache.poi.openxml4j.opc.OPCPackage.open(OPCPackage.java:315) ~[poi-ooxml-5.2.2.jar:5.2.2]
	at org.apache.poi.ooxml.util.PackageHelper.open(PackageHelper.java:59) ~[poi-ooxml-5.2.2.jar:5.2.2]
	at org.apache.poi.xssf.usermodel.XSSFWorkbook.<init>(XSSFWorkbook.java:289) ~[poi-ooxml-5.2.2.jar:5.2.2]
	at org.apache.poi.xssf.usermodel.XSSFWorkbook.<init>(XSSFWorkbook.java:285) ~[poi-ooxml-5.2.2.jar:5.2.2]
	at com.MOFutility.API_Excelutilities.readServiceIdFromExcel(API_Excelutilities.java:20) ~[test-classes/:?]
	at com.MOF.constants.API_URL.<clinit>(API_URL.java:274) ~[test-classes/:?]
	at com.MOFapi.MOFapi.Fetchvalid_SingleService_ValidServiceid(MOFapi.java:4891) ~[test-classes/:?]
	at jdk.internal.reflect.DirectMethodHandleAccessor.invoke(DirectMethodHandleAccessor.java:103) ~[?:?]
	at java.lang.reflect.Method.invoke(Method.java:580) ~[?:?]
	at org.testng.internal.MethodInvocationHelper.invokeMethod(MethodInvocationHelper.java:124) ~[testng-6.14.3.jar:?]
	at org.testng.internal.Invoker.invokeMethod(Invoker.java:583) ~[testng-6.14.3.jar:?]
	at org.testng.internal.Invoker.invokeTestMethod(Invoker.java:719) ~[testng-6.14.3.jar:?]
	at org.testng.internal.Invoker.invokeTestMethods(Invoker.java:989) ~[testng-6.14.3.jar:?]
	at org.testng.internal.TestMethodWorker.invokeTestMethods(TestMethodWorker.java:125) ~[testng-6.14.3.jar:?]
	at org.testng.internal.TestMethodWorker.run(TestMethodWorker.java:109) ~[testng-6.14.3.jar:?]
	at org.testng.TestRunner.privateRun(TestRunner.java:648) ~[testng-6.14.3.jar:?]
	at org.testng.TestRunner.run(TestRunner.java:505) ~[testng-6.14.3.jar:?]
	at org.testng.SuiteRunner.runTest(SuiteRunner.java:455) ~[testng-6.14.3.jar:?]
	at org.testng.SuiteRunner.runSequentially(SuiteRunner.java:450) ~[testng-6.14.3.jar:?]
	at org.testng.SuiteRunner.privateRun(SuiteRunner.java:415) ~[testng-6.14.3.jar:?]
	at org.testng.SuiteRunner.run(SuiteRunner.java:364) ~[testng-6.14.3.jar:?]
	at org.testng.SuiteRunnerWorker.runSuite(SuiteRunnerWorker.java:52) ~[testng-6.14.3.jar:?]
	at org.testng.SuiteRunnerWorker.run(SuiteRunnerWorker.java:84) ~[testng-6.14.3.jar:?]
	at org.testng.TestNG.runSuitesSequentially(TestNG.java:1208) ~[testng-6.14.3.jar:?]
	at org.testng.TestNG.runSuitesLocally(TestNG.java:1137) ~[testng-6.14.3.jar:?]
	at org.testng.TestNG.runSuites(TestNG.java:1049) ~[testng-6.14.3.jar:?]
	at org.testng.TestNG.run(TestNG.java:1017) ~[testng-6.14.3.jar:?]
	at org.apache.maven.surefire.testng.TestNGExecutor.run(TestNGExecutor.java:308) ~[surefire-testng-3.3.0.jar:3.3.0]
	at org.apache.maven.surefire.testng.TestNGXmlTestSuite.execute(TestNGXmlTestSuite.java:71) ~[surefire-testng-3.3.0.jar:3.3.0]
	at org.apache.maven.surefire.testng.TestNGProvider.invoke(TestNGProvider.java:113) ~[surefire-testng-3.3.0.jar:3.3.0]
	at org.apache.maven.surefire.booter.ForkedBooter.runSuitesInProcess(ForkedBooter.java:385) ~[surefire-booter-3.3.0.jar:3.3.0]
	at org.apache.maven.surefire.booter.ForkedBooter.execute(ForkedBooter.java:162) ~[surefire-booter-3.3.0.jar:3.3.0]
	at org.apache.maven.surefire.booter.ForkedBooter.run(ForkedBooter.java:507) ~[surefire-booter-3.3.0.jar:3.3.0]
	at org.apache.maven.surefire.booter.ForkedBooter.main(ForkedBooter.java:495) ~[surefire-booter-3.3.0.jar:3.3.0]
17:05:54.907 [main] ERROR org.apache.poi.openxml4j.opc.PackageRelationshipCollection - Cannot convert mailto:2343456378912@#&^*gvadhfbjnf in a valid relationship URI-> dummy-URI used
java.net.URISyntaxException: Illegal character in fragment at index 23: mailto:2343456378912@#&^*gvadhfbjnf
	at java.net.URI$Parser.fail(URI.java:2995) ~[?:?]
	at java.net.URI$Parser.checkChars(URI.java:3166) ~[?:?]
	at java.net.URI$Parser.parse(URI.java:3210) ~[?:?]
	at java.net.URI.<init>(URI.java:645) ~[?:?]
	at org.apache.poi.openxml4j.opc.PackagingURIHelper.toURI(PackagingURIHelper.java:723) ~[poi-ooxml-5.2.2.jar:5.2.2]
	at org.apache.poi.openxml4j.opc.PackageRelationshipCollection.parseRelationshipsPart(PackageRelationshipCollection.java:358) ~[poi-ooxml-5.2.2.jar:5.2.2]
	at org.apache.poi.openxml4j.opc.PackageRelationshipCollection.<init>(PackageRelationshipCollection.java:160) ~[poi-ooxml-5.2.2.jar:5.2.2]
	at org.apache.poi.openxml4j.opc.PackageRelationshipCollection.<init>(PackageRelationshipCollection.java:130) ~[poi-ooxml-5.2.2.jar:5.2.2]
	at org.apache.poi.openxml4j.opc.PackagePart.loadRelationships(PackagePart.java:565) ~[poi-ooxml-5.2.2.jar:5.2.2]
	at org.apache.poi.openxml4j.opc.OPCPackage.getParts(OPCPackage.java:745) ~[poi-ooxml-5.2.2.jar:5.2.2]
	at org.apache.poi.openxml4j.opc.OPCPackage.open(OPCPackage.java:315) ~[poi-ooxml-5.2.2.jar:5.2.2]
	at org.apache.poi.ooxml.util.PackageHelper.open(PackageHelper.java:59) ~[poi-ooxml-5.2.2.jar:5.2.2]
	at org.apache.poi.xssf.usermodel.XSSFWorkbook.<init>(XSSFWorkbook.java:289) ~[poi-ooxml-5.2.2.jar:5.2.2]
	at org.apache.poi.xssf.usermodel.XSSFWorkbook.<init>(XSSFWorkbook.java:285) ~[poi-ooxml-5.2.2.jar:5.2.2]
	at com.MOFutility.API_Excelutilities.readServiceIdFromExcel(API_Excelutilities.java:20) ~[test-classes/:?]
	at com.MOF.constants.API_URL.<clinit>(API_URL.java:274) ~[test-classes/:?]
	at com.MOFapi.MOFapi.Fetchvalid_SingleService_ValidServiceid(MOFapi.java:4891) ~[test-classes/:?]
	at jdk.internal.reflect.DirectMethodHandleAccessor.invoke(DirectMethodHandleAccessor.java:103) ~[?:?]
	at java.lang.reflect.Method.invoke(Method.java:580) ~[?:?]
	at org.testng.internal.MethodInvocationHelper.invokeMethod(MethodInvocationHelper.java:124) ~[testng-6.14.3.jar:?]
	at org.testng.internal.Invoker.invokeMethod(Invoker.java:583) ~[testng-6.14.3.jar:?]
	at org.testng.internal.Invoker.invokeTestMethod(Invoker.java:719) ~[testng-6.14.3.jar:?]
	at org.testng.internal.Invoker.invokeTestMethods(Invoker.java:989) ~[testng-6.14.3.jar:?]
	at org.testng.internal.TestMethodWorker.invokeTestMethods(TestMethodWorker.java:125) ~[testng-6.14.3.jar:?]
	at org.testng.internal.TestMethodWorker.run(TestMethodWorker.java:109) ~[testng-6.14.3.jar:?]
	at org.testng.TestRunner.privateRun(TestRunner.java:648) ~[testng-6.14.3.jar:?]
	at org.testng.TestRunner.run(TestRunner.java:505) ~[testng-6.14.3.jar:?]
	at org.testng.SuiteRunner.runTest(SuiteRunner.java:455) ~[testng-6.14.3.jar:?]
	at org.testng.SuiteRunner.runSequentially(SuiteRunner.java:450) ~[testng-6.14.3.jar:?]
	at org.testng.SuiteRunner.privateRun(SuiteRunner.java:415) ~[testng-6.14.3.jar:?]
	at org.testng.SuiteRunner.run(SuiteRunner.java:364) ~[testng-6.14.3.jar:?]
	at org.testng.SuiteRunnerWorker.runSuite(SuiteRunnerWorker.java:52) ~[testng-6.14.3.jar:?]
	at org.testng.SuiteRunnerWorker.run(SuiteRunnerWorker.java:84) ~[testng-6.14.3.jar:?]
	at org.testng.TestNG.runSuitesSequentially(TestNG.java:1208) ~[testng-6.14.3.jar:?]
	at org.testng.TestNG.runSuitesLocally(TestNG.java:1137) ~[testng-6.14.3.jar:?]
	at org.testng.TestNG.runSuites(TestNG.java:1049) ~[testng-6.14.3.jar:?]
	at org.testng.TestNG.run(TestNG.java:1017) ~[testng-6.14.3.jar:?]
	at org.apache.maven.surefire.testng.TestNGExecutor.run(TestNGExecutor.java:308) ~[surefire-testng-3.3.0.jar:3.3.0]
	at org.apache.maven.surefire.testng.TestNGXmlTestSuite.execute(TestNGXmlTestSuite.java:71) ~[surefire-testng-3.3.0.jar:3.3.0]
	at org.apache.maven.surefire.testng.TestNGProvider.invoke(TestNGProvider.java:113) ~[surefire-testng-3.3.0.jar:3.3.0]
	at org.apache.maven.surefire.booter.ForkedBooter.runSuitesInProcess(ForkedBooter.java:385) ~[surefire-booter-3.3.0.jar:3.3.0]
	at org.apache.maven.surefire.booter.ForkedBooter.execute(ForkedBooter.java:162) ~[surefire-booter-3.3.0.jar:3.3.0]
	at org.apache.maven.surefire.booter.ForkedBooter.run(ForkedBooter.java:507) ~[surefire-booter-3.3.0.jar:3.3.0]
	at org.apache.maven.surefire.booter.ForkedBooter.main(ForkedBooter.java:495) ~[surefire-booter-3.3.0.jar:3.3.0]
Exception: javax.net.ssl.SSLHandshakeException: PKIX path building failed: sun.security.provider.certpath.SunCertPathBuilderException: unable to find valid certification path to requested target
]]></system-out>
    <system-err><![CDATA[SLF4J(W): No SLF4J providers were found.
SLF4J(W): Defaulting to no-operation (NOP) logger implementation
SLF4J(W): See https://www.slf4j.org/codes.html#noProviders for further details.
]]></system-err>
  </testcase>
  <testcase name="GetServiceInquiry" classname="com.MOFapi.MOFapi" time="0.043">
    <system-out><![CDATA[Fetching all services using Valid EntityID
Exception: javax.net.ssl.SSLHandshakeException: PKIX path building failed: sun.security.provider.certpath.SunCertPathBuilderException: unable to find valid certification path to requested target
]]></system-out>
  </testcase>
  <testcase name="MinEntityid_GetServiceInquiry" classname="com.MOFapi.MOFapi" time="0.035">
    <system-out><![CDATA[Fetching all services using MinEntityid_GetServiceInquiry
Exception: javax.net.ssl.SSLHandshakeException: PKIX path building failed: sun.security.provider.certpath.SunCertPathBuilderException: unable to find valid certification path to requested target
]]></system-out>
  </testcase>
  <testcase name="SpecialCharacterEntityID_GetServiceInquiry" classname="com.MOFapi.MOFapi" time="0.007">
    <system-out><![CDATA[Fetching all services using SpecialCharacterEntityID_GetServiceInquiry
]]></system-out>
  </testcase>
  <testcase name="maxEntityID_GetServiceInquiry" classname="com.MOFapi.MOFapi" time="0.032">
    <system-out><![CDATA[Fetching all services using maxEntityID_GetServiceInquiry
Exception: javax.net.ssl.SSLHandshakeException: PKIX path building failed: sun.security.provider.certpath.SunCertPathBuilderException: unable to find valid certification path to requested target
]]></system-out>
  </testcase>
  <testcase name="AlphaNumericEntityID_GetServiceInquiry" classname="com.MOFapi.MOFapi" time="0.036">
    <system-out><![CDATA[Fetching all services using AlphaNumericEntityID_GetServiceInquiry
Exception: javax.net.ssl.SSLHandshakeException: PKIX path building failed: sun.security.provider.certpath.SunCertPathBuilderException: unable to find valid certification path to requested target
]]></system-out>
  </testcase>
  <testcase name="FetchSingleService_InvalidServiceid" classname="com.MOFapi.MOFapi" time="0.039">
    <system-out><![CDATA[Fetching single services using Invalid Serviceid
Exception: javax.net.ssl.SSLHandshakeException: PKIX path building failed: sun.security.provider.certpath.SunCertPathBuilderException: unable to find valid certification path to requested target
]]></system-out>
  </testcase>
  <testcase name="InvalidGetServiceInquiry" classname="com.MOFapi.MOFapi" time="0.07">
    <system-out><![CDATA[Fetching all services using Invalid EntityID
Exception: javax.net.ssl.SSLHandshakeException: PKIX path building failed: sun.security.provider.certpath.SunCertPathBuilderException: unable to find valid certification path to requested target
]]></system-out>
  </testcase>
  <testcase name="BlankEntityID_GetServiceInquiry" classname="com.MOFapi.MOFapi" time="0.08">
    <system-out><![CDATA[Fetching all services using BlankEntityID_GetServiceInquiry
]]></system-out>
  </testcase>
  <testcase name="FetchSingleService_MaxServiceid" classname="com.MOFapi.MOFapi" time="0.459">
    <system-out><![CDATA[Fetching single services using Max Serviceid
Exception: javax.net.ssl.SSLHandshakeException: PKIX path building failed: sun.security.provider.certpath.SunCertPathBuilderException: unable to find valid certification path to requested target
]]></system-out>
  </testcase>
  <testcase name="DecimalEntityID_GetServiceInquiry" classname="com.MOFapi.MOFapi" time="0.042">
    <system-out><![CDATA[Fetching all services using DecimalEntityID_GetServiceInquiry
Exception: javax.net.ssl.SSLHandshakeException: PKIX path building failed: sun.security.provider.certpath.SunCertPathBuilderException: unable to find valid certification path to requested target
]]></system-out>
  </testcase>
  <testcase name="FetchSingleService_MinServiceid" classname="com.MOFapi.MOFapi" time="0.043">
    <system-out><![CDATA[Fetching single services using Min Serviceid
Exception: javax.net.ssl.SSLHandshakeException: PKIX path building failed: sun.security.provider.certpath.SunCertPathBuilderException: unable to find valid certification path to requested target
]]></system-out>
  </testcase>
  <testcase name="FetchSingleService_BlankServiceid" classname="com.MOFapi.MOFapi" time="0.038">
    <system-out><![CDATA[Fetching single services using Blank Serviceid
Exception: javax.net.ssl.SSLHandshakeException: PKIX path building failed: sun.security.provider.certpath.SunCertPathBuilderException: unable to find valid certification path to requested target
]]></system-out>
  </testcase>
  <testcase name="PostServiceInquiry_BlankServiceId" classname="com.MOFapi.MOFapi" time="0.094">
    <system-out><![CDATA[Post Service Inquiry InvalidServiceId using data from Excel
URL: https://10.44.79.145:9090/servicecatalogue/ECOM/1031152844/inquiry
PostServiceInquiry_BlankServiceId Request Body: {
    "serviceId": "null",
    "uniqueId": "2222222",
    "quantity": 2
}
Exception: javax.net.ssl.SSLHandshakeException: PKIX path building failed: sun.security.provider.certpath.SunCertPathBuilderException: unable to find valid certification path to requested target
]]></system-out>
  </testcase>
  <testcase name="PostServiceInquiry_InvalidServiceId" classname="com.MOFapi.MOFapi" time="0.042">
    <system-out><![CDATA[Post Service Inquiry InvalidServiceId using data from Excel
URL: https://10.44.79.145:9090/servicecatalogue/ECOM/1031152844/inquiry
PostServiceInquiry_InvalidServiceId Request Body: {
    "serviceId": "103412160",
    "uniqueId": "2222222",
    "quantity": 2
}
Exception: javax.net.ssl.SSLHandshakeException: PKIX path building failed: sun.security.provider.certpath.SunCertPathBuilderException: unable to find valid certification path to requested target
]]></system-out>
  </testcase>
  <testcase name="PostServiceInquiry_MaxServiceId" classname="com.MOFapi.MOFapi" time="0.032">
    <system-out><![CDATA[Post Service Inquiry InvalidServiceId using data from Excel
URL: https://10.44.79.145:9090/servicecatalogue/ECOM/1031152844/inquiry
PostServiceInquiry_InvalidServiceId Request Body: {
    "serviceId": "10341211601034121160",
    "uniqueId": "2222222",
    "quantity": 2
}
Exception: javax.net.ssl.SSLHandshakeException: PKIX path building failed: sun.security.provider.certpath.SunCertPathBuilderException: unable to find valid certification path to requested target
]]></system-out>
  </testcase>
  <testcase name="PostServiceInquiry_MinServiceId" classname="com.MOFapi.MOFapi" time="0.032">
    <system-out><![CDATA[Post Service Inquiry InvalidServiceId using data from Excel
URL: https://10.44.79.145:9090/servicecatalogue/ECOM/1031152844/inquiry
PostServiceInquiry_MinServiceId Request Body: {
    "serviceId": "1",
    "uniqueId": "2222222",
    "quantity": 2
}
Exception: javax.net.ssl.SSLHandshakeException: PKIX path building failed: sun.security.provider.certpath.SunCertPathBuilderException: unable to find valid certification path to requested target
]]></system-out>
  </testcase>
  <testcase name="PostServiceInquiry_ValidServiceId" classname="com.MOFapi.MOFapi" time="0.036">
    <system-out><![CDATA[Posting service inquiry using data from Excel
URL: https://10.44.79.145:9090/servicecatalogue/ECOM/1031152844/inquiry
Post Service Inquiry ValidServiceId Request Body: {
    "serviceId": "1034121160",
    "uniqueId": "2222222",
    "quantity": 2
}
Exception: javax.net.ssl.SSLHandshakeException: PKIX path building failed: sun.security.provider.certpath.SunCertPathBuilderException: unable to find valid certification path to requested target
]]></system-out>
  </testcase>
  <testcase name="FetchSingleService_SpecialCharacterServiceid" classname="com.MOFapi.MOFapi" time="0.005">
    <system-out><![CDATA[Fetching single services using Special Character Serviceid
Exception: java.net.URISyntaxException: Malformed escape pair at index 72: https://10.44.79.145:9090/servicecatalogue/ECOM/1031152844/service/10@#$%^1160
]]></system-out>
  </testcase>
  <testcase name="PostServiceInquiry_SpecialCharacterServiceid" classname="com.MOFapi.MOFapi" time="0.038">
    <system-out><![CDATA[Post Service Inquiry SpecialCharacterServiceid using data from Excel
URL: https://10.44.79.145:9090/servicecatalogue/ECOM/1031152844/inquiry
PostServiceInquiry_SpecialCharacterServiceid Request Body: {
    "serviceId": "10@#$%^1160",
    "uniqueId": "2222222",
    "quantity": 2
}
Exception: javax.net.ssl.SSLHandshakeException: PKIX path building failed: sun.security.provider.certpath.SunCertPathBuilderException: unable to find valid certification path to requested target
]]></system-out>
  </testcase>
  <testcase name="FetchSingleService_AlphaNumericServiceid" classname="com.MOFapi.MOFapi" time="0.047">
    <system-out><![CDATA[Fetching single services using Alpha Numeric Serviceid
Exception: javax.net.ssl.SSLHandshakeException: PKIX path building failed: sun.security.provider.certpath.SunCertPathBuilderException: unable to find valid certification path to requested target
]]></system-out>
  </testcase>
  <testcase name="PostServiceInquiry_AlphaNumericServiceid" classname="com.MOFapi.MOFapi" time="0.035">
    <system-out><![CDATA[Post Service Inquiry AlphaNumericServiceid using data from Excel
URL: https://10.44.79.145:9090/servicecatalogue/ECOM/1031152844/inquiry
PostServiceInquiry_AlphaNumericServiceid Request Body: {
    "serviceId": "10QWER121160",
    "uniqueId": "2222222",
    "quantity": 2
}
Exception: javax.net.ssl.SSLHandshakeException: PKIX path building failed: sun.security.provider.certpath.SunCertPathBuilderException: unable to find valid certification path to requested target
]]></system-out>
  </testcase>
  <testcase name="FetchSingleService_DecimalServiceid" classname="com.MOFapi.MOFapi" time="0.032">
    <system-out><![CDATA[Fetching single services using Decimal Serviceid
Exception: javax.net.ssl.SSLHandshakeException: PKIX path building failed: sun.security.provider.certpath.SunCertPathBuilderException: unable to find valid certification path to requested target
]]></system-out>
  </testcase>
  <testcase name="PostServiceInquiry_DecimalServiceid" classname="com.MOFapi.MOFapi" time="0.036">
    <system-out><![CDATA[Post Service Inquiry DecimalServiceid using data from Excel
URL: https://10.44.79.145:9090/servicecatalogue/ECOM/1031152844/inquiry
PostServiceInquiry_DecimalServiceid Request Body: {
    "serviceId": "1034.121160",
    "uniqueId": "2222222",
    "quantity": 2
}
Exception: javax.net.ssl.SSLHandshakeException: PKIX path building failed: sun.security.provider.certpath.SunCertPathBuilderException: unable to find valid certification path to requested target
]]></system-out>
  </testcase>
  <testcase name="PostServiceInquiry_ValidUniqueID" classname="com.MOFapi.MOFapi" time="0.037">
    <system-out><![CDATA[Post Service Inquiry ValidUniqueID using data from Excel
URL: https://10.44.79.145:9090/servicecatalogue/ECOM/1031152844/inquiry
PostServiceInquiry_ValidUniqueID Request Body: {
    "serviceId": "1034121160",
    "uniqueId": "2222222",
    "quantity": 2
}
Exception: javax.net.ssl.SSLHandshakeException: PKIX path building failed: sun.security.provider.certpath.SunCertPathBuilderException: unable to find valid certification path to requested target
]]></system-out>
  </testcase>
  <testcase name="PostServiceInquiry_InvalidUniqueID" classname="com.MOFapi.MOFapi" time="0.031">
    <system-out><![CDATA[Post Service Inquiry InvalidUniqueID using data from Excel
URL: https://10.44.79.145:9090/servicecatalogue/ECOM/1031152844/inquiry
PostServiceInquiry_InvalidUniqueID Request Body: {
    "serviceId": "1034121160",
    "uniqueId": "6253gsdfi$%^%^&*",
    "quantity": 2
}
Exception: javax.net.ssl.SSLHandshakeException: PKIX path building failed: sun.security.provider.certpath.SunCertPathBuilderException: unable to find valid certification path to requested target
]]></system-out>
  </testcase>
  <testcase name="PostServiceInquiry_MaxUniqueID" classname="com.MOFapi.MOFapi" time="0.042">
    <system-out><![CDATA[Post Service Inquiry MaxUniqueID using data from Excel
URL: https://10.44.79.145:9090/servicecatalogue/ECOM/1031152844/inquiry
PostServiceInquiry_MaxUniqueID Request Body: {
    "serviceId": "1034121160",
    "uniqueId": "345768967544376788654677886578688989898989898988888888888888",
    "quantity": 2
}
Exception: javax.net.ssl.SSLHandshakeException: PKIX path building failed: sun.security.provider.certpath.SunCertPathBuilderException: unable to find valid certification path to requested target
]]></system-out>
  </testcase>
  <testcase name="PostServiceInquiry_MinUniqueID" classname="com.MOFapi.MOFapi" time="0.035">
    <system-out><![CDATA[Post Service Inquiry MinUniqueID using data from Excel
URL: https://10.44.79.145:9090/servicecatalogue/ECOM/1031152844/inquiry
PostServiceInquiry_MinUniqueID Request Body: {
    "serviceId": "1034121160",
    "uniqueId": "1",
    "quantity": 2
}
Exception: javax.net.ssl.SSLHandshakeException: PKIX path building failed: sun.security.provider.certpath.SunCertPathBuilderException: unable to find valid certification path to requested target
]]></system-out>
  </testcase>
  <testcase name="PostServiceInquiry_BlankUniqueID" classname="com.MOFapi.MOFapi" time="0.025">
    <system-out><![CDATA[Post Service Inquiry BlankUniqueID using data from Excel
URL: https://10.44.79.145:9090/servicecatalogue/ECOM/1031152844/inquiry
PostServiceInquiry_BlankUniqueID Request Body: {
    "serviceId": "1034121160",
    "uniqueId": "null",
    "quantity": 2
}
Exception: javax.net.ssl.SSLHandshakeException: PKIX path building failed: sun.security.provider.certpath.SunCertPathBuilderException: unable to find valid certification path to requested target
]]></system-out>
  </testcase>
  <testcase name="PostServiceInquiry_SpecialCharacterUniqueID" classname="com.MOFapi.MOFapi" time="0.046">
    <system-out><![CDATA[Post Service Inquiry SpecialCharacterUniqueID using data from Excel
URL: https://10.44.79.145:9090/servicecatalogue/ECOM/1031152844/inquiry
PostServiceInquiry_SpecialCharacterUniqueID Request Body: {
    "serviceId": "1034121160",
    "uniqueId": "@#$&^*(((&^",
    "quantity": 2
}
Exception: javax.net.ssl.SSLHandshakeException: PKIX path building failed: sun.security.provider.certpath.SunCertPathBuilderException: unable to find valid certification path to requested target
]]></system-out>
  </testcase>
  <testcase name="PostServiceInquiry_AlphaNumericUniqueID" classname="com.MOFapi.MOFapi" time="0.038">
    <system-out><![CDATA[Post Service Inquiry AlphaNumericUniqueID using data from Excel
URL: https://10.44.79.145:9090/servicecatalogue/ECOM/1031152844/inquiry
PostServiceInquiry_AlphaNumericUniqueID Request Body: {
    "serviceId": "1034121160",
    "uniqueId": "QWSDQW234567",
    "quantity": 2
}
Exception: javax.net.ssl.SSLHandshakeException: PKIX path building failed: sun.security.provider.certpath.SunCertPathBuilderException: unable to find valid certification path to requested target
]]></system-out>
  </testcase>
  <testcase name="PostServiceInquiry_DecimalUniqueID" classname="com.MOFapi.MOFapi" time="0.036">
    <system-out><![CDATA[Post Service Inquiry DecimalUniqueID using data from Excel
URL: https://10.44.79.145:9090/servicecatalogue/ECOM/1031152844/inquiry
PostServiceInquiry_DecimalUniqueID Request Body: {
    "serviceId": "1034121160",
    "uniqueId": "45123.1254",
    "quantity": 2
}
Exception: javax.net.ssl.SSLHandshakeException: PKIX path building failed: sun.security.provider.certpath.SunCertPathBuilderException: unable to find valid certification path to requested target
]]></system-out>
  </testcase>
  <testcase name="PostServiceInquiry_ValidQuantity" classname="com.MOFapi.MOFapi" time="0.041">
    <system-out><![CDATA[Post Service Inquiry ValidQuantity using data from Excel
URL: https://10.44.79.145:9090/servicecatalogue/ECOM/1031152844/inquiry
PostServiceInquiry_ValidQuantity Request Body: {
    "serviceId": "1034121160",
    "uniqueId": "2222222",
    "quantity": 2
}
Exception: javax.net.ssl.SSLHandshakeException: PKIX path building failed: sun.security.provider.certpath.SunCertPathBuilderException: unable to find valid certification path to requested target
]]></system-out>
  </testcase>
  <testcase name="PostServiceInquiry_InvalidQuantity" classname="com.MOFapi.MOFapi" time="0.033">
    <system-out><![CDATA[Post Service Inquiry InvalidQuantity using data from Excel
URL: https://10.44.79.145:9090/servicecatalogue/ECOM/1031152844/inquiry
PostServiceInquiry_InvalidQuantity Request Body: {
    "serviceId": "1034121160",
    "uniqueId": "2222222",
    "quantity": "QWER12"
}
Exception: javax.net.ssl.SSLHandshakeException: PKIX path building failed: sun.security.provider.certpath.SunCertPathBuilderException: unable to find valid certification path to requested target
]]></system-out>
  </testcase>
  <testcase name="PostServiceInquiry_MaxQuantity" classname="com.MOFapi.MOFapi" time="0.03">
    <system-out><![CDATA[Post Service Inquiry MaxQuantity using data from Excel
URL: https://10.44.79.145:9090/servicecatalogue/ECOM/1031152844/inquiry
PostServiceInquiry_MaxQuantity Request Body: {
    "serviceId": "1034121160",
    "uniqueId": "2222222",
    "quantity": 11111111111111111
}
Exception: javax.net.ssl.SSLHandshakeException: PKIX path building failed: sun.security.provider.certpath.SunCertPathBuilderException: unable to find valid certification path to requested target
]]></system-out>
  </testcase>
  <testcase name="PostServiceInquiry_MinQuantity" classname="com.MOFapi.MOFapi" time="0.027">
    <system-out><![CDATA[Post Service Inquiry MinQuantity using data from Excel
URL: https://10.44.79.145:9090/servicecatalogue/ECOM/1031152844/inquiry
PostServiceInquiry_MinQuantity Request Body: {
    "serviceId": "1034121160",
    "uniqueId": "2222222",
    "quantity": 1
}
Exception: javax.net.ssl.SSLHandshakeException: PKIX path building failed: sun.security.provider.certpath.SunCertPathBuilderException: unable to find valid certification path to requested target
]]></system-out>
  </testcase>
  <testcase name="PostServiceInquiry_BlankQuantity" classname="com.MOFapi.MOFapi" time="0.026">
    <system-out><![CDATA[Post Service Inquiry BlankQuantity using data from Excel
URL: https://10.44.79.145:9090/servicecatalogue/ECOM/1031152844/inquiry
PostServiceInquiry_BlankQuantity Request Body: {
    "serviceId": "1034121160",
    "uniqueId": "2222222",
    "quantity": "null"
}
Exception: javax.net.ssl.SSLHandshakeException: PKIX path building failed: sun.security.provider.certpath.SunCertPathBuilderException: unable to find valid certification path to requested target
]]></system-out>
  </testcase>
  <testcase name="PostServiceInquiry_SpecialCharacterQuantity" classname="com.MOFapi.MOFapi" time="0.022">
    <system-out><![CDATA[Post Service Inquiry SpecialCharacterQuantity using data from Excel
URL: https://10.44.79.145:9090/servicecatalogue/ECOM/1031152844/inquiry
PostServiceInquiry_SpecialCharacterQuantity Request Body: {
    "serviceId": "1034121160",
    "uniqueId": "2222222",
    "quantity": "@#$"
}
Exception: javax.net.ssl.SSLHandshakeException: PKIX path building failed: sun.security.provider.certpath.SunCertPathBuilderException: unable to find valid certification path to requested target
]]></system-out>
  </testcase>
  <testcase name="PostServiceInquiry_AlphaNumericQuantity" classname="com.MOFapi.MOFapi" time="0.03">
    <system-out><![CDATA[Post Service Inquiry AlphaNumericQuantity using data from Excel
URL: https://10.44.79.145:9090/servicecatalogue/ECOM/1031152844/inquiry
PostServiceInquiry_AlphaNumericQuantity Request Body: {
    "serviceId": "1034121160",
    "uniqueId": "2222222",
    "quantity": "XSD!@#23"
}
Exception: javax.net.ssl.SSLHandshakeException: PKIX path building failed: sun.security.provider.certpath.SunCertPathBuilderException: unable to find valid certification path to requested target
]]></system-out>
  </testcase>
  <testcase name="PostServiceInquiry_DecimalQuantity" classname="com.MOFapi.MOFapi" time="0.03">
    <system-out><![CDATA[Post Service Inquiry DecimalQuantity using data from Excel
URL: https://10.44.79.145:9090/servicecatalogue/ECOM/1031152844/inquiry
PostServiceInquiry_DecimalQuantity Request Body: {
    "serviceId": "1034121160",
    "uniqueId": "2222222",
    "quantity": 1.1
}
Exception: javax.net.ssl.SSLHandshakeException: PKIX path building failed: sun.security.provider.certpath.SunCertPathBuilderException: unable to find valid certification path to requested target
]]></system-out>
  </testcase>
  <testcase name="PostServiceInquiry_ValidServiceidDynamic" classname="com.MOFapi.MOFapi" time="0.031">
    <system-out><![CDATA[Post Service Inquiry ValidServiceidDynamic using data from Excel
URL: https://10.44.79.145:9090/servicecatalogue/ECOM/1031152844/inquiry
PostServiceInquiry_ValidServiceidDynamic Request Body: {
    "serviceId": "657894303",
    "uniqueId": "2222222",
    "quantity": 2,
    "serviceAmount": 100
}
Exception: javax.net.ssl.SSLHandshakeException: PKIX path building failed: sun.security.provider.certpath.SunCertPathBuilderException: unable to find valid certification path to requested target
]]></system-out>
  </testcase>
  <testcase name="PostServiceInquiry_ValidAmount" classname="com.MOFapi.MOFapi" time="0.021">
    <system-out><![CDATA[Post Service Inquiry ValidAmount using data from Excel
PostServiceInquiry_ValidAmount Request Body: {
    "serviceId": "657894303",
    "uniqueId": "2222222",
    "quantity": 2,
    "serviceAmount": 100
}
Exception: javax.net.ssl.SSLHandshakeException: PKIX path building failed: sun.security.provider.certpath.SunCertPathBuilderException: unable to find valid certification path to requested target
]]></system-out>
  </testcase>
  <testcase name="PostServiceInquiry_InvalidAmount" classname="com.MOFapi.MOFapi" time="0.026">
    <system-out><![CDATA[Post Service Inquiry InvalidAmount using data from Excel
PostServiceInquiry_InvalidAmount Request Body: {
    "serviceId": "657894303",
    "uniqueId": "2222222",
    "quantity": 2,
    "serviceAmount": "12.67.678"
}
Exception: javax.net.ssl.SSLHandshakeException: PKIX path building failed: sun.security.provider.certpath.SunCertPathBuilderException: unable to find valid certification path to requested target
]]></system-out>
  </testcase>
  <testcase name="PostServiceInquiry_MaxAmount" classname="com.MOFapi.MOFapi" time="0.025">
    <system-out><![CDATA[Post Service Inquiry MaxAmount using data from Excel
PostServiceInquiry_MaxAmount Request Body: {
    "serviceId": "657894303",
    "uniqueId": "2222222",
    "quantity": 2,
    "serviceAmount": 100000000000000000000000000000000000000000000000000
}
Exception: javax.net.ssl.SSLHandshakeException: PKIX path building failed: sun.security.provider.certpath.SunCertPathBuilderException: unable to find valid certification path to requested target
]]></system-out>
  </testcase>
  <testcase name="PostServiceInquiry_MinAmount" classname="com.MOFapi.MOFapi" time="0.034">
    <system-out><![CDATA[Post Service Inquiry MinAmount using data from Excel
PostServiceInquiry_MinAmount Request Body: {
    "serviceId": "657894303",
    "uniqueId": "2222222",
    "quantity": 2,
    "serviceAmount": 0.1
}
Exception: javax.net.ssl.SSLHandshakeException: PKIX path building failed: sun.security.provider.certpath.SunCertPathBuilderException: unable to find valid certification path to requested target
]]></system-out>
  </testcase>
  <testcase name="PostServiceInquiry_BlankAmount" classname="com.MOFapi.MOFapi" time="0.028">
    <system-out><![CDATA[Post Service Inquiry BlankAmount using data from Excel
PostServiceInquiry_BlankAmount Request Body: {
    "serviceId": "657894303",
    "uniqueId": "2222222",
    "quantity": 2,
    "serviceAmount": "" 
}
Exception: javax.net.ssl.SSLHandshakeException: PKIX path building failed: sun.security.provider.certpath.SunCertPathBuilderException: unable to find valid certification path to requested target
]]></system-out>
  </testcase>
  <testcase name="PostServiceInquiry_SpecialCharacterAmount" classname="com.MOFapi.MOFapi" time="0.03">
    <system-out><![CDATA[Post Service Inquiry SpecialCharacterAmount using data from Excel
PostServiceInquiry_SpecialCharacterAmount Request Body: {
    "serviceId": "657894303",
    "uniqueId": "2222222",
    "quantity": 2,
    "serviceAmount": "@#$%^"
}
Exception: javax.net.ssl.SSLHandshakeException: PKIX path building failed: sun.security.provider.certpath.SunCertPathBuilderException: unable to find valid certification path to requested target
]]></system-out>
  </testcase>
  <testcase name="PostServiceInquiry_AlphaNumericAmount" classname="com.MOFapi.MOFapi" time="0.031">
    <system-out><![CDATA[Post Service Inquiry AlphaNumericAmount using data from Excel
PostServiceInquiry_AlphaNumericAmount Request Body: {
    "serviceId": "657894303",
    "uniqueId": "2222222",
    "quantity": 2,
    "serviceAmount": "WERT234"
}
Exception: javax.net.ssl.SSLHandshakeException: PKIX path building failed: sun.security.provider.certpath.SunCertPathBuilderException: unable to find valid certification path to requested target
]]></system-out>
  </testcase>
  <testcase name="PostServiceInquiry_DecimalAmount" classname="com.MOFapi.MOFapi" time="0.021">
    <system-out><![CDATA[Post Service Inquiry DecimalAmount using data from Excel
PostServiceInquiry_DecimalAmount Request Body: {
    "serviceId": "657894303",
    "uniqueId": "2222222",
    "quantity": 2,
    "serviceAmount": 212.1212
}
Exception: javax.net.ssl.SSLHandshakeException: PKIX path building failed: sun.security.provider.certpath.SunCertPathBuilderException: unable to find valid certification path to requested target
]]></system-out>
  </testcase>
  <testcase name="Transactionstatus_ValidCatalogueTransactionId" classname="com.MOFapi.MOFapi" time="0.039">
    <system-out><![CDATA[Transactionstatus_ValidCatalogueTransactionId using data from Excel
Transactionstatus_ValidCatalogueTransactionId Request Body: {
    "uniqueId": "2222222",
    "catalogueTransactionId": "91417a6a-b808-43db-abe9-188fcecf3954",
    "acqTransactionstatus": "CAPTURED",
    "acqErrorCode": "VALID",
    "acqErrorText": "VALID",
    "acqRRN": "100",
    "cardName": "VALID",
    "acqTransactionId": "2222222",
    "acqTransactionAmount": 100,
    "acqPaymentMode": "VALID"
}
Exception: javax.net.ssl.SSLHandshakeException: PKIX path building failed: sun.security.provider.certpath.SunCertPathBuilderException: unable to find valid certification path to requested target
]]></system-out>
  </testcase>
  <testcase name="Transactionstatus_InvalidCatalogueTransactionId" classname="com.MOFapi.MOFapi" time="0.032">
    <system-out><![CDATA[Transactionstatus_InvalidCatalogueTransactionId using data from Excel
Transactionstatus_InvalidCatalogueTransactionId Request Body: {
    "uniqueId": "2222222",
    "catalogueTransactionId": "a60f681b-8b83-4195-aaca4df4",
    "acqTransactionstatus": "CAPTURED",
    "acqErrorCode": "VALID",
    "acqErrorText": "VALID",
    "acqRRN": "100",
    "cardName": "VALID",
    "acqTransactionId": "2222222",
    "acqTransactionAmount": 100,
    "acqPaymentMode": "VALID"
}
Exception: javax.net.ssl.SSLHandshakeException: PKIX path building failed: sun.security.provider.certpath.SunCertPathBuilderException: unable to find valid certification path to requested target
]]></system-out>
  </testcase>
  <testcase name="Transactionstatus_MaxCatalogueTransactionId" classname="com.MOFapi.MOFapi" time="0.053">
    <system-out><![CDATA[Transactionstatus_MaxCatalogueTransactionId using data from Excel
Transactionstatus_MaxCatalogueTransactionId Request Body: {
    "uniqueId": "2222222",
    "catalogueTransactionId": "a60f681b-8b83-4195-a1d0-d6ab5aca4df4-a60f681b-8b83-4195-a1d0-d6ab5aca4df4",
    "acqTransactionstatus": "CAPTURED",
    "acqErrorCode": "VALID",
    "acqErrorText": "VALID",
    "acqRRN": "100",
    "cardName": "VALID",
    "acqTransactionId": "2222222",
    "acqTransactionAmount": 100,
    "acqPaymentMode": "VALID"
}
Exception: javax.net.ssl.SSLHandshakeException: PKIX path building failed: sun.security.provider.certpath.SunCertPathBuilderException: unable to find valid certification path to requested target
]]></system-out>
  </testcase>
  <testcase name="Transactionstatus_MinCatalogueTransactionId" classname="com.MOFapi.MOFapi" time="0.017">
    <system-out><![CDATA[Transactionstatus_MinCatalogueTransactionId using data from Excel
Transactionstatus_MinCatalogueTransactionId Request Body: {
    "uniqueId": "2222222",
    "catalogueTransactionId": "1",
    "acqTransactionstatus": "CAPTURED",
    "acqErrorCode": "VALID",
    "acqErrorText": "VALID",
    "acqRRN": "100",
    "cardName": "VALID",
    "acqTransactionId": "2222222",
    "acqTransactionAmount": 100,
    "acqPaymentMode": "VALID"
}
Exception: javax.net.ssl.SSLHandshakeException: PKIX path building failed: sun.security.provider.certpath.SunCertPathBuilderException: unable to find valid certification path to requested target
]]></system-out>
  </testcase>
  <testcase name="Transactionstatus_SpecialCharacterCatalogueTransactionId" classname="com.MOFapi.MOFapi" time="0.035">
    <system-out><![CDATA[Transactionstatus_SpecialCharacterCatalogueTransactionId using data from Excel
Transactionstatus_SpecialCharacterCatalogueTransactionId Request Body: {
    "uniqueId": "2222222",
    "catalogueTransactionId": "a60f681b-8b8@@@@@@@@@@aca4df4",
    "acqTransactionstatus": "CAPTURED",
    "acqErrorCode": "VALID",
    "acqErrorText": "VALID",
    "acqRRN": "100",
    "cardName": "VALID",
    "acqTransactionId": "2222222",
    "acqTransactionAmount": 100,
    "acqPaymentMode": "VALID"
}
Exception: javax.net.ssl.SSLHandshakeException: PKIX path building failed: sun.security.provider.certpath.SunCertPathBuilderException: unable to find valid certification path to requested target
]]></system-out>
  </testcase>
  <testcase name="Transactionstatus_AlphaNumericCatalogueTransactionId" classname="com.MOFapi.MOFapi" time="0.031">
    <system-out><![CDATA[Transactionstatus_AlphaNumericCatalogueTransactionId using data from Excel
Transactionstatus_AlphaNumericCatalogueTransactionId Request Body: {
    "uniqueId": "2222222",
    "catalogueTransactionId": "a60f681b-8b8@@@@@@@@@@aca4df4",
    "acqTransactionstatus": "CAPTURED",
    "acqErrorCode": "VALID",
    "acqErrorText": "VALID",
    "acqRRN": "100",
    "cardName": "VALID",
    "acqTransactionId": "2222222",
    "acqTransactionAmount": 100,
    "acqPaymentMode": "VALID"
}
Exception: javax.net.ssl.SSLHandshakeException: PKIX path building failed: sun.security.provider.certpath.SunCertPathBuilderException: unable to find valid certification path to requested target
]]></system-out>
  </testcase>
  <testcase name="Transactionstatus_BlankCatalogueTransactionId" classname="com.MOFapi.MOFapi" time="0.029">
    <system-out><![CDATA[Transactionstatus_BlankCatalogueTransactionId using data from Excel
Transactionstatus_BlankCatalogueTransactionId Request Body: {
    "uniqueId": "2222222",
    "catalogueTransactionId": "  ",
    "acqTransactionstatus": "CAPTURED",
    "acqErrorCode": "VALID",
    "acqErrorText": "VALID",
    "acqRRN": "100",
    "cardName": "VALID",
    "acqTransactionId": "2222222",
    "acqTransactionAmount": 100,
    "acqPaymentMode": "VALID"
}
Exception: javax.net.ssl.SSLHandshakeException: PKIX path building failed: sun.security.provider.certpath.SunCertPathBuilderException: unable to find valid certification path to requested target
]]></system-out>
  </testcase>
  <testcase name="Transactionstatus_DecimalCatalogueTransactionId" classname="com.MOFapi.MOFapi" time="0.036">
    <system-out><![CDATA[Transactionstatus_DecimalCatalogueTransactionId using data from Excel
Transactionstatus_DecimalCatalogueTransactionId Request Body: {
    "uniqueId": "2222222",
    "catalogueTransactionId": "a60f681b-8b83.4195-a1d0-d6ab5aca4df4",
    "acqTransactionstatus": "CAPTURED",
    "acqErrorCode": "VALID",
    "acqErrorText": "VALID",
    "acqRRN": "100",
    "cardName": "VALID",
    "acqTransactionId": "2222222",
    "acqTransactionAmount": 100,
    "acqPaymentMode": "VALID"
}
Exception: javax.net.ssl.SSLHandshakeException: PKIX path building failed: sun.security.provider.certpath.SunCertPathBuilderException: unable to find valid certification path to requested target
]]></system-out>
  </testcase>
  <testcase name="Transactionstatus_InvalidAcqTransactionstatus" classname="com.MOFapi.MOFapi" time="0.032">
    <system-out><![CDATA[Transactionstatus_ValidAcqTransactionstatus using data from Excel
Transactionstatus_ValidAcqTransactionstatus Request Body: {
    "uniqueId": "2222222",
    "catalogueTransactionId": "91417a6a-b808-43db-abe9-188fcecf3954",
    "acqTransactionstatus": "NOT CAPTURED",
    "acqErrorCode": "VALID",
    "acqErrorText": "VALID",
    "acqRRN": "100",
    "cardName": "VALID",
    "acqTransactionId": "2222222",
    "acqTransactionAmount": 100,
    "acqPaymentMode": "VALID"
}
Exception: javax.net.ssl.SSLHandshakeException: PKIX path building failed: sun.security.provider.certpath.SunCertPathBuilderException: unable to find valid certification path to requested target
]]></system-out>
  </testcase>
  <testcase name="Transactionstatus_ValidAcqTransactionstatus" classname="com.MOFapi.MOFapi" time="0.026">
    <system-out><![CDATA[Transactionstatus_ValidAcqTransactionstatus using data from Excel
Transactionstatus_ValidAcqTransactionstatus Request Body: {
    "uniqueId": "2222222",
    "catalogueTransactionId": "91417a6a-b808-43db-abe9-188fcecf3954",
    "acqTransactionstatus": "CAPTURED",
    "acqErrorCode": "VALID",
    "acqErrorText": "VALID",
    "acqRRN": "100",
    "cardName": "VALID",
    "acqTransactionId": "2222222",
    "acqTransactionAmount": 100,
    "acqPaymentMode": "VALID"
}
Exception: javax.net.ssl.SSLHandshakeException: PKIX path building failed: sun.security.provider.certpath.SunCertPathBuilderException: unable to find valid certification path to requested target
]]></system-out>
  </testcase>
  <testcase name="Transactionstatus_MaxAcqTransactionstatus" classname="com.MOFapi.MOFapi" time="0.027">
    <system-out><![CDATA[Transactionstatus_MaxAcqTransactionstatus using data from Excel
Transactionstatus_MaxAcqTransactionstatus Request Body: {
    "uniqueId": "2222222",
    "catalogueTransactionId": "91417a6a-b808-43db-abe9-188fcecf3954",
    "acqTransactionstatus": "NOT CAPTUREDCAPTUREDCAPTUREDCAPTUREDCAPTUREDCAPTUREDCAPTUREDCAPTUREDCAPTUREDCAPTURED",
    "acqErrorCode": "VALID",
    "acqErrorText": "VALID",
    "acqRRN": "100",
    "cardName": "VALID",
    "acqTransactionId": "2222222",
    "acqTransactionAmount": 100,
    "acqPaymentMode": "VALID"
}
Exception: javax.net.ssl.SSLHandshakeException: PKIX path building failed: sun.security.provider.certpath.SunCertPathBuilderException: unable to find valid certification path to requested target
]]></system-out>
  </testcase>
  <testcase name="Transactionstatus_MinAcqTransactionstatus" classname="com.MOFapi.MOFapi" time="0.031">
    <system-out><![CDATA[Transactionstatus_MinAcqTransactionstatus using data from Excel
Transactionstatus_MinAcqTransactionstatus Request Body: {
    "uniqueId": "2222222",
    "catalogueTransactionId": "91417a6a-b808-43db-abe9-188fcecf3954",
    "acqTransactionstatus": "C",
    "acqErrorCode": "VALID",
    "acqErrorText": "VALID",
    "acqRRN": "100",
    "cardName": "VALID",
    "acqTransactionId": "2222222",
    "acqTransactionAmount": 100,
    "acqPaymentMode": "VALID"
}
Exception: javax.net.ssl.SSLHandshakeException: PKIX path building failed: sun.security.provider.certpath.SunCertPathBuilderException: unable to find valid certification path to requested target
]]></system-out>
  </testcase>
  <testcase name="Transactionstatus_SpecialCharacterAcqTransactionstatus" classname="com.MOFapi.MOFapi" time="0.03">
    <system-out><![CDATA[Transactionstatus_SpecialCharacterAcqTransactionstatus using data from Excel
Transactionstatus_SpecialCharacterAcqTransactionstatus Request Body: {
    "uniqueId": "2222222",
    "catalogueTransactionId": "91417a6a-b808-43db-abe9-188fcecf3954",
    "acqTransactionstatus": "@#$%^&#$@%^&$%^&",
    "acqErrorCode": "VALID",
    "acqErrorText": "VALID",
    "acqRRN": "100",
    "cardName": "VALID",
    "acqTransactionId": "2222222",
    "acqTransactionAmount": 100,
    "acqPaymentMode": "VALID"
}
Exception: javax.net.ssl.SSLHandshakeException: PKIX path building failed: sun.security.provider.certpath.SunCertPathBuilderException: unable to find valid certification path to requested target
]]></system-out>
  </testcase>
  <testcase name="Transactionstatus_AlphaNumericAcqTransactionstatus" classname="com.MOFapi.MOFapi" time="0.019">
    <system-out><![CDATA[Transactionstatus_AlphaNumericAcqTransactionstatus using data from Excel
Transactionstatus_AlphaNumericAcqTransactionstatus Request Body: {
    "uniqueId": "2222222",
    "catalogueTransactionId": "91417a6a-b808-43db-abe9-188fcecf3954",
    "acqTransactionstatus": "CAPTURED123",
    "acqErrorCode": "VALID",
    "acqErrorText": "VALID",
    "acqRRN": "100",
    "cardName": "VALID",
    "acqTransactionId": "2222222",
    "acqTransactionAmount": 100,
    "acqPaymentMode": "VALID"
}
Exception: javax.net.ssl.SSLHandshakeException: PKIX path building failed: sun.security.provider.certpath.SunCertPathBuilderException: unable to find valid certification path to requested target
]]></system-out>
  </testcase>
  <testcase name="Transactionstatus_BlankAcqTransactionstatus" classname="com.MOFapi.MOFapi" time="0.028">
    <system-out><![CDATA[Transactionstatus_BlankAcqTransactionstatus using data from Excel
Transactionstatus_BlankAcqTransactionstatus Request Body: {
    "uniqueId": "2222222",
    "catalogueTransactionId": "91417a6a-b808-43db-abe9-188fcecf3954",
    "acqTransactionstatus": "" ,
    "acqErrorCode": "VALID",
    "acqErrorText": "VALID",
    "acqRRN": "100",
    "cardName": "VALID",
    "acqTransactionId": "2222222",
    "acqTransactionAmount": 100,
    "acqPaymentMode": "VALID"
}
Exception: javax.net.ssl.SSLHandshakeException: PKIX path building failed: sun.security.provider.certpath.SunCertPathBuilderException: unable to find valid certification path to requested target
]]></system-out>
  </testcase>
  <testcase name="Transactionstatus_DecimalAcqTransactionstatus" classname="com.MOFapi.MOFapi" time="0.024">
    <system-out><![CDATA[Transactionstatus_DecimalAcqTransactionstatus using data from Excel
Transactionstatus_DecimalAcqTransactionstatus Request Body: {
    "uniqueId": "2222222",
    "catalogueTransactionId": "91417a6a-b808-43db-abe9-188fcecf3954",
    "acqTransactionstatus": "CAP.TURED",
    "acqErrorCode": "VALID",
    "acqErrorText": "VALID",
    "acqRRN": "100",
    "cardName": "VALID",
    "acqTransactionId": "2222222",
    "acqTransactionAmount": 100,
    "acqPaymentMode": "VALID"
}
Exception: javax.net.ssl.SSLHandshakeException: PKIX path building failed: sun.security.provider.certpath.SunCertPathBuilderException: unable to find valid certification path to requested target
]]></system-out>
  </testcase>
  <testcase name="Transactionstatus_ValidAcqErrorCode" classname="com.MOFapi.MOFapi" time="0.035">
    <system-out><![CDATA[Transactionstatus_ValidAcqErrorCode using data from Excel
Transactionstatus_ValidAcqErrorCode Request Body: {
    "uniqueId": "2222222",
    "catalogueTransactionId": "91417a6a-b808-43db-abe9-188fcecf3954",
    "acqTransactionstatus": "CAPTURED",
    "acqErrorCode": "VALID",
    "acqErrorText": "VALID",
    "acqRRN": "100",
    "cardName": "VALID",
    "acqTransactionId": "2222222",
    "acqTransactionAmount": 100,
    "acqPaymentMode": "VALID"
}
Exception: javax.net.ssl.SSLHandshakeException: PKIX path building failed: sun.security.provider.certpath.SunCertPathBuilderException: unable to find valid certification path to requested target
]]></system-out>
  </testcase>
  <testcase name="Transactionstatus_InvalidAcqErrorCode" classname="com.MOFapi.MOFapi" time="0.023">
    <system-out><![CDATA[Transactionstatus_InvalidAcqErrorCode using data from Excel
Transactionstatus_InvalidAcqErrorCode Request Body: {
    "uniqueId": "2222222",
    "catalogueTransactionId": "91417a6a-b808-43db-abe9-188fcecf3954",
    "acqTransactionstatus": "CAPTURED",
    "acqErrorCode": "2343456378912@#&^*gvadhfbjnf",
    "acqErrorText": "VALID",
    "acqRRN": "100",
    "cardName": "VALID",
    "acqTransactionId": "2222222",
    "acqTransactionAmount": 100,
    "acqPaymentMode": "VALID"
}
Exception: javax.net.ssl.SSLHandshakeException: PKIX path building failed: sun.security.provider.certpath.SunCertPathBuilderException: unable to find valid certification path to requested target
]]></system-out>
  </testcase>
  <testcase name="Transactionstatus_MaxAcqErrorCode" classname="com.MOFapi.MOFapi" time="0.026">
    <system-out><![CDATA[Transactionstatus_MaxAcqErrorCode using data from Excel
Transactionstatus_MaxAcqErrorCode Request Body: {
    "uniqueId": "2222222",
    "catalogueTransactionId": "91417a6a-b808-43db-abe9-188fcecf3954",
    "acqTransactionstatus": "CAPTURED",
    "acqErrorCode": "MAXXXXXXXXXXXXXXXXXXXXXXXXXXXXXXXXXXXXXXXXXXXXXXXXXXXXXXXXXXXXXXXXXXX",
    "acqErrorText": "VALID",
    "acqRRN": "100",
    "cardName": "VALID",
    "acqTransactionId": "2222222",
    "acqTransactionAmount": 100,
    "acqPaymentMode": "VALID"
}
Exception: javax.net.ssl.SSLHandshakeException: PKIX path building failed: sun.security.provider.certpath.SunCertPathBuilderException: unable to find valid certification path to requested target
]]></system-out>
  </testcase>
  <testcase name="Transactionstatus_MinAcqErrorCode" classname="com.MOFapi.MOFapi" time="0.027">
    <system-out><![CDATA[Transactionstatus_MinAcqErrorCode using data from Excel
Transactionstatus_MinAcqErrorCode Request Body: {
    "uniqueId": "2222222",
    "catalogueTransactionId": "91417a6a-b808-43db-abe9-188fcecf3954",
    "acqTransactionstatus": "CAPTURED",
    "acqErrorCode": "1.0",
    "acqErrorText": "VALID",
    "acqRRN": "100",
    "cardName": "VALID",
    "acqTransactionId": "2222222",
    "acqTransactionAmount": 100,
    "acqPaymentMode": "VALID"
}
Exception: javax.net.ssl.SSLHandshakeException: PKIX path building failed: sun.security.provider.certpath.SunCertPathBuilderException: unable to find valid certification path to requested target
]]></system-out>
  </testcase>
  <testcase name="Transactionstatus_SpecialCharacterAcqErrorCode" classname="com.MOFapi.MOFapi" time="0.024">
    <system-out><![CDATA[Transactionstatus_SpecialCharacterAcqErrorCode using data from Excel
Transactionstatus_SpecialCharacterAcqErrorCode Request Body: {
    "uniqueId": "2222222",
    "catalogueTransactionId": "91417a6a-b808-43db-abe9-188fcecf3954",
    "acqTransactionstatus": "CAPTURED",
    "acqErrorCode": "@#$%^&*#$%^&*(#$%^&*(",
    "acqErrorText": "VALID",
    "acqRRN": "100",
    "cardName": "VALID",
    "acqTransactionId": "2222222",
    "acqTransactionAmount": 100,
    "acqPaymentMode": "VALID"
}
Exception: javax.net.ssl.SSLHandshakeException: PKIX path building failed: sun.security.provider.certpath.SunCertPathBuilderException: unable to find valid certification path to requested target
]]></system-out>
  </testcase>
  <testcase name="Transactionstatus_BlankAcqErrorCode" classname="com.MOFapi.MOFapi" time="0.03">
    <system-out><![CDATA[Transactionstatus_BlankAcqErrorCode using data from Excel
Transactionstatus_BlankAcqErrorCode Request Body: {
    "uniqueId": "2222222",
    "catalogueTransactionId": "91417a6a-b808-43db-abe9-188fcecf3954",
    "acqTransactionstatus": "CAPTURED",
    "acqErrorCode": "null",
    "acqErrorText": "VALID",
    "acqRRN": "100",
    "cardName": "VALID",
    "acqTransactionId": "2222222",
    "acqTransactionAmount": 100,
    "acqPaymentMode": "VALID"
}
Exception: javax.net.ssl.SSLHandshakeException: PKIX path building failed: sun.security.provider.certpath.SunCertPathBuilderException: unable to find valid certification path to requested target
]]></system-out>
  </testcase>
  <testcase name="Transactionstatus_DecimalAcqErrorCode" classname="com.MOFapi.MOFapi" time="0.036">
    <system-out><![CDATA[Transactionstatus_DecimalAcqErrorCode using data from Excel
Transactionstatus_DecimalAcqErrorCode Request Body: {
    "uniqueId": "2222222",
    "catalogueTransactionId": "91417a6a-b808-43db-abe9-188fcecf3954",
    "acqTransactionstatus": "CAPTURED",
    "acqErrorCode": "1.2",
    "acqErrorText": "VALID",
    "acqRRN": "100",
    "cardName": "VALID",
    "acqTransactionId": "2222222",
    "acqTransactionAmount": 100,
    "acqPaymentMode": "VALID"
}
Exception: javax.net.ssl.SSLHandshakeException: PKIX path building failed: sun.security.provider.certpath.SunCertPathBuilderException: unable to find valid certification path to requested target
]]></system-out>
  </testcase>
  <testcase name="InquiryList_InvalidAmount" classname="com.MOFapi.MOFapi" time="0.026">
    <system-out><![CDATA[InquiryList_InvalidAmount using data from Excel
InquiryList_InvalidAmount Request Body: {
    "uniqueId": "2222222",
    "serviceList": [
        {
            "serviceId": "1034121160",
            "quantity": 2
        },
        {
            "serviceId": "657894303",
            "serviceAmount": 12.67.678,
            "quantity": 2
        }
    ]
}
Exception: javax.net.ssl.SSLHandshakeException: PKIX path building failed: sun.security.provider.certpath.SunCertPathBuilderException: unable to find valid certification path to requested target
]]></system-out>
  </testcase>
  <testcase name="InquiryList_InvalidQuantity" classname="com.MOFapi.MOFapi" time="0.03">
    <system-out><![CDATA[InquiryList_InvalidQuantity using data from Excel
InquiryList_InvalidQuantity Request Body: {
    "uniqueId": "2222222",
    "serviceList": [
        {
            "serviceId": "1034121160",
            "quantity": QWER12
        },
        {
            "serviceId": "657894303",
            "serviceAmount": 100,
            "quantity": 2
        }
    ]
}
Exception: javax.net.ssl.SSLHandshakeException: PKIX path building failed: sun.security.provider.certpath.SunCertPathBuilderException: unable to find valid certification path to requested target
]]></system-out>
  </testcase>
  <testcase name="InquiryList_InvalidUniqueID" classname="com.MOFapi.MOFapi" time="0.024">
    <system-out><![CDATA[InquiryList_InvalidUniqueID using data from Excel
InquiryList_InvalidUniqueID Request Body: {
    "uniqueId": "6253gsdfi$%^%^&*",
    "serviceList": [
        {
            "serviceId": "1034121160",
            "quantity": 2
        },
        {
            "serviceId": "657894303",
            "serviceAmount": 100,
            "quantity": 2
        }
    ]
}
Exception: javax.net.ssl.SSLHandshakeException: PKIX path building failed: sun.security.provider.certpath.SunCertPathBuilderException: unable to find valid certification path to requested target
]]></system-out>
  </testcase>
  <testcase name="InquiryList_Valid" classname="com.MOFapi.MOFapi" time="0.025">
    <system-out><![CDATA[InquiryList_Valid using data from Excel
InquiryList_Valid Request Body: {
    "uniqueId": "2222222",
    "serviceList": [
        {
            "serviceId": "1034121160",
            "quantity": 2
        },
        {
            "serviceId": "657894303",
            "serviceAmount": 100,
            "quantity": 2
        }
    ]
}
Exception: javax.net.ssl.SSLHandshakeException: PKIX path building failed: sun.security.provider.certpath.SunCertPathBuilderException: unable to find valid certification path to requested target
]]></system-out>
  </testcase>
  <testcase name="Transactionstatus_AlphaNumericAcqErrorCode" classname="com.MOFapi.MOFapi" time="0.022">
    <system-out><![CDATA[Transactionstatus_AlphaNumericAcqErrorCode using data from Excel
Transactionstatus_AlphaNumericAcqErrorCode Request Body: {
    "uniqueId": "2222222",
    "catalogueTransactionId": "91417a6a-b808-43db-abe9-188fcecf3954",
    "acqTransactionstatus": "CAPTURED",
    "acqErrorCode": "ALPHAAAAAA@@@@@!@##$$$%12344",
    "acqErrorText": "VALID",
    "acqRRN": "100",
    "cardName": "VALID",
    "acqTransactionId": "2222222",
    "acqTransactionAmount": 100,
    "acqPaymentMode": "VALID"
}
Exception: javax.net.ssl.SSLHandshakeException: PKIX path building failed: sun.security.provider.certpath.SunCertPathBuilderException: unable to find valid certification path to requested target
]]></system-out>
  </testcase>
  <testcase name="Transactionstatus_ValidAcqPaymentMode" classname="com.MOFapi.MOFapi" time="0.027">
    <system-out><![CDATA[Transactionstatus_ValidAcqPaymentMode using data from Excel
Transactionstatus_ValidAcqPaymentMode Request Body: {
    "uniqueId": "2222222",
    "catalogueTransactionId": "91417a6a-b808-43db-abe9-188fcecf3954",
    "acqTransactionstatus": "CAPTURED",
    "acqErrorCode": "VALID",
    "acqErrorText": "VALID",
    "acqRRN": "100",
    "cardName": "VALID",
    "acqTransactionId": "2222222",
    "acqTransactionAmount": 100,
    "acqPaymentMode": "VALID"
}
Exception: javax.net.ssl.SSLHandshakeException: PKIX path building failed: sun.security.provider.certpath.SunCertPathBuilderException: unable to find valid certification path to requested target
]]></system-out>
  </testcase>
  <testcase name="Transactionstatus_ValidAcqRRN" classname="com.MOFapi.MOFapi" time="0.018">
    <system-out><![CDATA[Transactionstatus_ValidAcqRRN using data from Excel
Transactionstatus_ValidAcqRRN Request Body: {
    "uniqueId": "2222222",
    "catalogueTransactionId": "91417a6a-b808-43db-abe9-188fcecf3954",
    "acqTransactionstatus": "CAPTURED",
    "acqErrorCode": "VALID",
    "acqErrorText": "VALID",
    "acqRRN": "100",
    "cardName": "VALID",
    "acqTransactionId": "2222222",
    "acqTransactionAmount": 100,
    "acqPaymentMode": "VALID"
}
Exception: javax.net.ssl.SSLHandshakeException: PKIX path building failed: sun.security.provider.certpath.SunCertPathBuilderException: unable to find valid certification path to requested target
]]></system-out>
  </testcase>
  <testcase name="Transactionstatus_ValidAcqTransactionAmount" classname="com.MOFapi.MOFapi" time="0.024">
    <system-out><![CDATA[Transactionstatus_ValidAcqTransactionAmount using data from Excel
Transactionstatus_ValidAcqTransactionAmount Request Body: {
    "uniqueId": "2222222",
    "catalogueTransactionId": "91417a6a-b808-43db-abe9-188fcecf3954",
    "acqTransactionstatus": "CAPTURED",
    "acqErrorCode": "VALID",
    "acqErrorText": "VALID",
    "acqRRN": "100",
    "cardName": "VALID",
    "acqTransactionId": "2222222",
    "acqTransactionAmount": 100,
    "acqPaymentMode": "VALID"
}
Exception: javax.net.ssl.SSLHandshakeException: PKIX path building failed: sun.security.provider.certpath.SunCertPathBuilderException: unable to find valid certification path to requested target
]]></system-out>
  </testcase>
  <testcase name="Transactionstatus_ValidAcqTransactionId" classname="com.MOFapi.MOFapi" time="0.021">
    <system-out><![CDATA[Transactionstatus_ValidAcqTransactionId using data from Excel
Transactionstatus_ValidAcqTransactionId Request Body: {
    "uniqueId": "2222222",
    "catalogueTransactionId": "91417a6a-b808-43db-abe9-188fcecf3954",
    "acqTransactionstatus": "CAPTURED",
    "acqErrorCode": "VALID",
    "acqErrorText": "VALID",
    "acqRRN": "100",
    "cardName": "VALID",
    "acqTransactionId": "2222222",
    "acqTransactionAmount": 100,
    "acqPaymentMode": "VALID"
}
Exception: javax.net.ssl.SSLHandshakeException: PKIX path building failed: sun.security.provider.certpath.SunCertPathBuilderException: unable to find valid certification path to requested target
]]></system-out>
  </testcase>
  <testcase name="Transactionstatus_ValidCardName" classname="com.MOFapi.MOFapi" time="0.021">
    <system-out><![CDATA[Transactionstatus_ValidCardName using data from Excel
Transactionstatus_ValidCardName Request Body: {
    "uniqueId": "2222222",
    "catalogueTransactionId": "91417a6a-b808-43db-abe9-188fcecf3954",
    "acqTransactionstatus": "CAPTURED",
    "acqErrorCode": "VALID",
    "acqErrorText": "VALID",
    "acqRRN": "100",
    "cardName": "VALID",
    "acqTransactionId": "2222222",
    "acqTransactionAmount": 100,
    "acqPaymentMode": "VALID"
}
Exception: javax.net.ssl.SSLHandshakeException: PKIX path building failed: sun.security.provider.certpath.SunCertPathBuilderException: unable to find valid certification path to requested target
]]></system-out>
  </testcase>
  <testcase name="Transactionstatus_InvalidAcqPaymentMode" classname="com.MOFapi.MOFapi" time="0.02">
    <system-out><![CDATA[Transactionstatus_InvalidAcqPaymentMode using data from Excel
Transactionstatus_InvalidAcqPaymentMode Request Body: {
    "uniqueId": "2222222",
    "catalogueTransactionId": "91417a6a-b808-43db-abe9-188fcecf3954",
    "acqTransactionstatus": "CAPTURED",
    "acqErrorCode": "VALID",
    "acqErrorText": "VALID",
    "acqRRN": "100",
    "cardName": "VALID",
    "acqTransactionId": "2222222",
    "acqTransactionAmount": 100,
    "acqPaymentMode": "2343456378912@#&^*gvadhfbjnf"
}
Exception: javax.net.ssl.SSLHandshakeException: PKIX path building failed: sun.security.provider.certpath.SunCertPathBuilderException: unable to find valid certification path to requested target
]]></system-out>
  </testcase>
  <testcase name="Transactionstatus_InvalidAcqRRN" classname="com.MOFapi.MOFapi" time="0.018">
    <system-out><![CDATA[Transactionstatus_InvalidAcqRRN using data from Excel
Transactionstatus_InvalidAcqRRN Request Body: {
    "uniqueId": "2222222",
    "catalogueTransactionId": "91417a6a-b808-43db-abe9-188fcecf3954",
    "acqTransactionstatus": "CAPTURED",
    "acqErrorCode": "2343456378912@#&^*gvadhfbjnf",
    "acqErrorText": "VALID",
    "acqRRN": "12.67.678",
    "cardName": "VALID",
    "acqTransactionId": "2222222",
    "acqTransactionAmount": 100,
    "acqPaymentMode": "VALID"
}
Exception: javax.net.ssl.SSLHandshakeException: PKIX path building failed: sun.security.provider.certpath.SunCertPathBuilderException: unable to find valid certification path to requested target
]]></system-out>
  </testcase>
  <testcase name="Transactionstatus_InvalidAcqTransactionAmount" classname="com.MOFapi.MOFapi" time="0.02">
    <system-out><![CDATA[Transactionstatus_InvalidAcqTransactionAmount using data from Excel
Transactionstatus_InvalidAcqTransactionAmount Request Body: {
    "uniqueId": "2222222",
    "catalogueTransactionId": "91417a6a-b808-43db-abe9-188fcecf3954",
    "acqTransactionstatus": "CAPTURED",
    "acqErrorCode": "VALID",
    "acqErrorText": "VALID",
    "acqRRN": "100",
    "cardName": "VALID",
    "acqTransactionId": "2222222",
    "acqTransactionAmount": "12.67.678",
    "acqPaymentMode": "VALID"
}
Exception: javax.net.ssl.SSLHandshakeException: PKIX path building failed: sun.security.provider.certpath.SunCertPathBuilderException: unable to find valid certification path to requested target
]]></system-out>
  </testcase>
  <testcase name="Transactionstatus_InvalidAcqTransactionId" classname="com.MOFapi.MOFapi" time="0.024">
    <system-out><![CDATA[Transactionstatus_InvalidAcqTransactionId using data from Excel
Transactionstatus_InvalidAcqTransactionId Request Body: {
    "uniqueId": "2222222",
    "catalogueTransactionId": "91417a6a-b808-43db-abe9-188fcecf3954",
    "acqTransactionstatus": "CAPTURED",
    "acqErrorCode": "VALID",
    "acqErrorText": "VALID",
    "acqRRN": "100",
    "cardName": "VALID",
    "acqTransactionId": "6253gsdfi$%^%^&*",
    "acqTransactionAmount": 100,
    "acqPaymentMode": "VALID"
}
Exception: javax.net.ssl.SSLHandshakeException: PKIX path building failed: sun.security.provider.certpath.SunCertPathBuilderException: unable to find valid certification path to requested target
]]></system-out>
  </testcase>
  <testcase name="Transactionstatus_InvalidCardName" classname="com.MOFapi.MOFapi" time="0.023">
    <system-out><![CDATA[Transactionstatus_InvalidCardName using data from Excel
Transactionstatus_InvalidCardName Request Body: {
    "uniqueId": "2222222",
    "catalogueTransactionId": "91417a6a-b808-43db-abe9-188fcecf3954",
    "acqTransactionstatus": "CAPTURED",
    "acqErrorCode": "VALID",
    "acqErrorText": "VALID",
    "acqRRN": "100",
    "cardName": "2343456378912@#&^*gvadhfbjnf",
    "acqTransactionId": "2222222",
    "acqTransactionAmount": 100,
    "acqPaymentMode": "VALID"
}
Exception: javax.net.ssl.SSLHandshakeException: PKIX path building failed: sun.security.provider.certpath.SunCertPathBuilderException: unable to find valid certification path to requested target
]]></system-out>
  </testcase>
  <testcase name="Transactionstatus_ValidAcqErrorText" classname="com.MOFapi.MOFapi" time="0.04">
    <system-out><![CDATA[Transactionstatus_ValidAcqErrorText using data from Excel
Transactionstatus_ValidAcqErrorText Request Body: {
    "uniqueId": "2222222",
    "catalogueTransactionId": "91417a6a-b808-43db-abe9-188fcecf3954",
    "acqTransactionstatus": "CAPTURED",
    "acqErrorText": "VALID",
    "acqRRN": "100",
    "cardName": "VALID",
    "acqTransactionId": "2222222",
    "acqTransactionAmount": 100,
    "acqPaymentMode": "VALID"
}
Exception: javax.net.ssl.SSLHandshakeException: PKIX path building failed: sun.security.provider.certpath.SunCertPathBuilderException: unable to find valid certification path to requested target
]]></system-out>
  </testcase>
  <testcase name="Transactionstatus_InvalidAcqErrorText" classname="com.MOFapi.MOFapi" time="0.034">
    <system-out><![CDATA[Transactionstatus_InvalidAcqErrorText using data from Excel
Transactionstatus_InvalidAcqErrorText Request Body: {
    "uniqueId": "2222222",
    "catalogueTransactionId": "91417a6a-b808-43db-abe9-188fcecf3954",
    "acqTransactionstatus": "CAPTURED",
    "acqErrorText": "2343456378912@#&^*gvadhfbjnf",
    "acqRRN": "100",
    "cardName": "VALID",
    "acqTransactionId": "2222222",
    "acqTransactionAmount": 100,
    "acqPaymentMode": "VALID"
}
Exception: javax.net.ssl.SSLHandshakeException: PKIX path building failed: sun.security.provider.certpath.SunCertPathBuilderException: unable to find valid certification path to requested target
]]></system-out>
  </testcase>
  <testcase name="Transactionstatus_MaxAcqPaymentMode" classname="com.MOFapi.MOFapi" time="0.021">
    <system-out><![CDATA[Transactionstatus_MaxAcqPaymentMode using data from Excel
Transactionstatus_MaxAcqPaymentMode Request Body: {
    "uniqueId": "2222222",
    "catalogueTransactionId": "91417a6a-b808-43db-abe9-188fcecf3954",
    "acqTransactionstatus": "CAPTURED",
    "acqErrorCode": "VALID",
    "acqErrorText": "VALID",
    "acqRRN": "100",
    "cardName": "VALID",
    "acqTransactionId": "2222222",
    "acqTransactionAmount": 100,
    "acqPaymentMode": "MAXXXXXXXXXXXXXXXXXXXXXXXXXXXXXXXXXXXXXXXXXXXXXXXXXXXXXXXXXXXXXXXXXXX"
}
Exception: javax.net.ssl.SSLHandshakeException: PKIX path building failed: sun.security.provider.certpath.SunCertPathBuilderException: unable to find valid certification path to requested target
]]></system-out>
  </testcase>
  <testcase name="Transactionstatus_MaxAcqRRN" classname="com.MOFapi.MOFapi" time="0.017">
    <system-out><![CDATA[Transactionstatus_MaxAcqRRN using data from Excel
Transactionstatus_MaxAcqRRN Request Body: {
    "uniqueId": "2222222",
    "catalogueTransactionId": "91417a6a-b808-43db-abe9-188fcecf3954",
    "acqTransactionstatus": "CAPTURED",
    "acqErrorCode": "VALID",
    "acqErrorText": "VALID",
    "acqRRN": "10000000000000000000000000000000000000000000000000000000000000000000000000",
    "cardName": "VALID",
    "acqTransactionId": "2222222",
    "acqTransactionAmount": 100,
    "acqPaymentMode": "VALID"
}
Exception: javax.net.ssl.SSLHandshakeException: PKIX path building failed: sun.security.provider.certpath.SunCertPathBuilderException: unable to find valid certification path to requested target
]]></system-out>
  </testcase>
  <testcase name="Transactionstatus_MaxAcqTransactionAmount" classname="com.MOFapi.MOFapi" time="0.018">
    <system-out><![CDATA[Transactionstatus_MaxAcqTransactionAmount using data from Excel
Transactionstatus_MaxAcqTransactionAmount Request Body: {
    "uniqueId": "2222222",
    "catalogueTransactionId": "91417a6a-b808-43db-abe9-188fcecf3954",
    "acqTransactionstatus": "CAPTURED",
    "acqErrorCode": "VALID",
    "acqErrorText": "VALID",
    "acqRRN": "100",
    "cardName": "VALID",
    "acqTransactionId": "2222222",
    "acqTransactionAmount": 100000000000000000000000000000000000000000000000000,
    "acqPaymentMode": "VALID"
}
Exception: javax.net.ssl.SSLHandshakeException: PKIX path building failed: sun.security.provider.certpath.SunCertPathBuilderException: unable to find valid certification path to requested target
]]></system-out>
  </testcase>
  <testcase name="Transactionstatus_MaxAcqTransactionId" classname="com.MOFapi.MOFapi" time="0.017">
    <system-out><![CDATA[Transactionstatus_MaxAcqTransactionId using data from Excel
Transactionstatus_MaxAcqTransactionId Request Body: {
    "uniqueId": "2222222",
    "catalogueTransactionId": "91417a6a-b808-43db-abe9-188fcecf3954",
    "acqTransactionstatus": "CAPTURED",
    "acqErrorCode": "VALID",
    "acqErrorText": "VALID",
    "acqRRN": "100",
    "cardName": "VALID",
    "acqTransactionId": "345768967544376788654677886578688989898989898988888888888888",
    "acqTransactionAmount": 100,
    "acqPaymentMode": "VALID"
}
Exception: javax.net.ssl.SSLHandshakeException: PKIX path building failed: sun.security.provider.certpath.SunCertPathBuilderException: unable to find valid certification path to requested target
]]></system-out>
  </testcase>
  <testcase name="Transactionstatus_MaxCardName" classname="com.MOFapi.MOFapi" time="0.023">
    <system-out><![CDATA[Transactionstatus_MaxCardName using data from Excel
Transactionstatus_MaxCardName Request Body: {
    "uniqueId": "2222222",
    "catalogueTransactionId": "91417a6a-b808-43db-abe9-188fcecf3954",
    "acqTransactionstatus": "CAPTURED",
    "acqErrorCode": "VALID",
    "acqErrorText": "VALID",
    "acqRRN": "100",
    "cardName": "MAXXXXXXXXXXXXXXXXXXXXXXXXXXXXXXXXXXXXXXXXXXXXXMAXXXXXXXXXXXXXXXXXXXXXXXXXXXXXXXXXXXXXXXXXX",
    "acqTransactionId": "2222222",
    "acqTransactionAmount": 100,
    "acqPaymentMode": "VALID"
}
Exception: javax.net.ssl.SSLHandshakeException: PKIX path building failed: sun.security.provider.certpath.SunCertPathBuilderException: unable to find valid certification path to requested target
]]></system-out>
  </testcase>
  <testcase name="Transactionstatus_MaxAcqErrorText" classname="com.MOFapi.MOFapi" time="0.02">
    <system-out><![CDATA[Transactionstatus_MaxAcqErrorText using data from Excel
Transactionstatus_MaxAcqErrorText Request Body: {
    "uniqueId": "2222222",
    "catalogueTransactionId": "91417a6a-b808-43db-abe9-188fcecf3954",
    "acqTransactionstatus": "CAPTURED",
    "acqErrorText": "MAXXXXXXXXXXXXXXXXXXXXXXXXXXXXXXXXXXXXXXXXXXXXXMAXXXXXXXXXXXXXXXXXXXXXXXXXXXXXXXXXXXXXXXXXX",
    "acqRRN": "100",
    "cardName": "VALID",
    "acqTransactionId": "2222222",
    "acqTransactionAmount": 100,
    "acqPaymentMode": "VALID"
}
Exception: javax.net.ssl.SSLHandshakeException: PKIX path building failed: sun.security.provider.certpath.SunCertPathBuilderException: unable to find valid certification path to requested target
]]></system-out>
  </testcase>
  <testcase name="Transactionstatus_MinAcqPaymentMode" classname="com.MOFapi.MOFapi" time="0.016">
    <system-out><![CDATA[Transactionstatus_MinAcqPaymentMode using data from Excel
Transactionstatus_MinAcqPaymentMode Request Body: {
    "uniqueId": "2222222",
    "catalogueTransactionId": "91417a6a-b808-43db-abe9-188fcecf3954",
    "acqTransactionstatus": "CAPTURED",
    "acqErrorCode": "VALID",
    "acqErrorText": "VALID",
    "acqRRN": "100",
    "cardName": "VALID",
    "acqTransactionId": "2222222",
    "acqTransactionAmount": 100,
    "acqPaymentMode": "1"
}
Exception: javax.net.ssl.SSLHandshakeException: PKIX path building failed: sun.security.provider.certpath.SunCertPathBuilderException: unable to find valid certification path to requested target
]]></system-out>
  </testcase>
  <testcase name="Transactionstatus_MinAcqRRN" classname="com.MOFapi.MOFapi" time="0.02">
    <system-out><![CDATA[Transactionstatus_MinAcqRRN using data from Excel
Transactionstatus_MinAcqRRN Request Body: {
    "uniqueId": "2222222",
    "catalogueTransactionId": "91417a6a-b808-43db-abe9-188fcecf3954",
    "acqTransactionstatus": "CAPTURED",
    "acqErrorCode": "VALID",
    "acqErrorText": "VALID",
    "acqRRN": "0.1",
    "cardName": "VALID",
    "acqTransactionId": "2222222",
    "acqTransactionAmount": 100,
    "acqPaymentMode": "VALID"
}
Exception: javax.net.ssl.SSLHandshakeException: PKIX path building failed: sun.security.provider.certpath.SunCertPathBuilderException: unable to find valid certification path to requested target
]]></system-out>
  </testcase>
  <testcase name="Transactionstatus_MinAcqTransactionAmount" classname="com.MOFapi.MOFapi" time="0.018">
    <system-out><![CDATA[Transactionstatus_MinAcqTransactionAmount using data from Excel
Transactionstatus_MinAcqTransactionAmount Request Body: {
    "uniqueId": "2222222",
    "catalogueTransactionId": "91417a6a-b808-43db-abe9-188fcecf3954",
    "acqTransactionstatus": "CAPTURED",
    "acqErrorCode": "VALID",
    "acqErrorText": "VALID",
    "acqRRN": "100",
    "cardName": "VALID",
    "acqTransactionId": "2222222",
    "acqTransactionAmount": 0.1,
    "acqPaymentMode": "VALID"
}
Exception: javax.net.ssl.SSLHandshakeException: PKIX path building failed: sun.security.provider.certpath.SunCertPathBuilderException: unable to find valid certification path to requested target
]]></system-out>
  </testcase>
  <testcase name="Transactionstatus_MinAcqTransactionId" classname="com.MOFapi.MOFapi" time="0.019">
    <system-out><![CDATA[Transactionstatus_MinAcqTransactionId using data from Excel
Transactionstatus_MinAcqTransactionId Request Body: {
    "uniqueId": "2222222",
    "catalogueTransactionId": "91417a6a-b808-43db-abe9-188fcecf3954",
    "acqTransactionstatus": "CAPTURED",
    "acqErrorCode": "VALID",
    "acqErrorText": "VALID",
    "acqRRN": "100",
    "cardName": "VALID",
    "acqTransactionId": "1",
    "acqTransactionAmount": 100,
    "acqPaymentMode": "VALID"
}
Exception: javax.net.ssl.SSLHandshakeException: PKIX path building failed: sun.security.provider.certpath.SunCertPathBuilderException: unable to find valid certification path to requested target
]]></system-out>
  </testcase>
  <testcase name="Transactionstatus_MinCardName" classname="com.MOFapi.MOFapi" time="0.021">
    <system-out><![CDATA[Transactionstatus_MinCardName using data from Excel
Transactionstatus_MinCardName Request Body: {
    "uniqueId": "2222222",
    "catalogueTransactionId": "91417a6a-b808-43db-abe9-188fcecf3954",
    "acqTransactionstatus": "CAPTURED",
    "acqErrorCode": "VALID",
    "acqErrorText": "VALID",
    "acqRRN": "100",
    "cardName": "1",
    "acqTransactionId": "2222222",
    "acqTransactionAmount": 100,
    "acqPaymentMode": "VALID"
}
Exception: javax.net.ssl.SSLHandshakeException: PKIX path building failed: sun.security.provider.certpath.SunCertPathBuilderException: unable to find valid certification path to requested target
]]></system-out>
  </testcase>
  <testcase name="Transactionstatus_MinAcqErrorText" classname="com.MOFapi.MOFapi" time="0.021">
    <system-out><![CDATA[Transactionstatus_MinAcqErrorText using data from Excel
Transactionstatus_MinAcqErrorText Request Body: {
    "uniqueId": "2222222",
    "catalogueTransactionId": "91417a6a-b808-43db-abe9-188fcecf3954",
    "acqTransactionstatus": "CAPTURED",
    "acqErrorText": "1",
    "acqRRN": "100",
    "cardName": "VALID",
    "acqTransactionId": "2222222",
    "acqTransactionAmount": 100,
    "acqPaymentMode": "VALID"
}
Exception: javax.net.ssl.SSLHandshakeException: PKIX path building failed: sun.security.provider.certpath.SunCertPathBuilderException: unable to find valid certification path to requested target
]]></system-out>
  </testcase>
  <testcase name="Transactionstatus_SpecialCharacterAcqPaymentMode" classname="com.MOFapi.MOFapi" time="0.017">
    <system-out><![CDATA[Transactionstatus_SpecialCharacterAcqPaymentMode using data from Excel
Transactionstatus_SpecialCharacterAcqPaymentMode Request Body: {
    "uniqueId": "2222222",
    "catalogueTransactionId": "91417a6a-b808-43db-abe9-188fcecf3954",
    "acqTransactionstatus": "CAPTURED",
    "acqErrorCode": "VALID",
    "acqErrorText": "VALID",
    "acqRRN": "100",
    "cardName": "VALID",
    "acqTransactionId": "2222222",
    "acqTransactionAmount": 100,
    "acqPaymentMode": "@#$%^&*#$%^&*(#$%^&*("
}
Exception: javax.net.ssl.SSLHandshakeException: PKIX path building failed: sun.security.provider.certpath.SunCertPathBuilderException: unable to find valid certification path to requested target
]]></system-out>
  </testcase>
  <testcase name="Transactionstatus_SpecialCharacterAcqRRN" classname="com.MOFapi.MOFapi" time="0.022">
    <system-out><![CDATA[Transactionstatus_SpecialCharacterAcqRRN using data from Excel
Transactionstatus_SpecialCharacterAcqRRN Request Body: {
    "uniqueId": "2222222",
    "catalogueTransactionId": "91417a6a-b808-43db-abe9-188fcecf3954",
    "acqTransactionstatus": "CAPTURED",
    "acqErrorCode": "VALID",
    "acqErrorText": "VALID",
    "acqRRN": "@#$%^",
    "cardName": "VALID",
    "acqTransactionId": "2222222",
    "acqTransactionAmount": 100,
    "acqPaymentMode": "VALID"
}
Exception: javax.net.ssl.SSLHandshakeException: PKIX path building failed: sun.security.provider.certpath.SunCertPathBuilderException: unable to find valid certification path to requested target
]]></system-out>
  </testcase>
  <testcase name="Transactionstatus_SpecialCharacterAcqTransactionAmount" classname="com.MOFapi.MOFapi" time="0.023">
    <system-out><![CDATA[Transactionstatus_SpecialCharacterAcqTransactionAmount using data from Excel
Transactionstatus_SpecialCharacterAcqTransactionAmount Request Body: {
    "uniqueId": "2222222",
    "catalogueTransactionId": "91417a6a-b808-43db-abe9-188fcecf3954",
    "acqTransactionstatus": "CAPTURED",
    "acqErrorCode": "VALID",
    "acqErrorText": "VALID",
    "acqRRN": "100",
    "cardName": "VALID",
    "acqTransactionId": "2222222",
    "acqTransactionAmount": "@#$%^",
    "acqPaymentMode": "VALID"
}
Exception: javax.net.ssl.SSLHandshakeException: PKIX path building failed: sun.security.provider.certpath.SunCertPathBuilderException: unable to find valid certification path to requested target
]]></system-out>
  </testcase>
  <testcase name="Transactionstatus_SpecialCharacterAcqTransactionId" classname="com.MOFapi.MOFapi" time="0.03">
    <system-out><![CDATA[Transactionstatus_SpecialCharacterAcqTransactionId using data from Excel
Transactionstatus_SpecialCharacterAcqTransactionId Request Body: {
    "uniqueId": "2222222",
    "catalogueTransactionId": "91417a6a-b808-43db-abe9-188fcecf3954",
    "acqTransactionstatus": "CAPTURED",
    "acqErrorCode": "VALID",
    "acqErrorText": "VALID",
    "acqRRN": "100",
    "cardName": "VALID",
    "acqTransactionId": "@#$@$%#$%#$%#",
    "acqTransactionAmount": 100,
    "acqPaymentMode": "VALID"
}
Exception: javax.net.ssl.SSLHandshakeException: PKIX path building failed: sun.security.provider.certpath.SunCertPathBuilderException: unable to find valid certification path to requested target
]]></system-out>
  </testcase>
  <testcase name="Transactionstatus_SpecialCharacterCardName" classname="com.MOFapi.MOFapi" time="0.024">
    <system-out><![CDATA[Transactionstatus_SpecialCharacterCardName using data from Excel
Transactionstatus_SpecialCharacterCardName Request Body: {
    "uniqueId": "2222222",
    "catalogueTransactionId": "91417a6a-b808-43db-abe9-188fcecf3954",
    "acqTransactionstatus": "CAPTURED",
    "acqErrorCode": "VALID",
    "acqErrorText": "VALID",
    "acqRRN": "100",
    "cardName": "@#$%^&*#$%^&*(#$%^&*(",
    "acqTransactionId": "2222222",
    "acqTransactionAmount": 100,
    "acqPaymentMode": "VALID"
}
Exception: javax.net.ssl.SSLHandshakeException: PKIX path building failed: sun.security.provider.certpath.SunCertPathBuilderException: unable to find valid certification path to requested target
]]></system-out>
  </testcase>
  <testcase name="Transactionstatus_AlphaNumericAcqPaymentMode" classname="com.MOFapi.MOFapi" time="0.024">
    <system-out><![CDATA[Transactionstatus_AlphaNumericAcqPaymentMode using data from Excel
Transactionstatus_AlphaNumericAcqPaymentMode Request Body: {
    "uniqueId": "2222222",
    "catalogueTransactionId": "91417a6a-b808-43db-abe9-188fcecf3954",
    "acqTransactionstatus": "CAPTURED",
    "acqErrorCode": "VALID",
    "acqErrorText": "VALID",
    "acqRRN": "100",
    "cardName": "VALID",
    "acqTransactionId": "2222222",
    "acqTransactionAmount": 100,
    "acqPaymentMode": "ALPHAAAAAA@@@@@!@##$$$%12344"
}
Exception: javax.net.ssl.SSLHandshakeException: PKIX path building failed: sun.security.provider.certpath.SunCertPathBuilderException: unable to find valid certification path to requested target
]]></system-out>
  </testcase>
  <testcase name="Transactionstatus_AlphaNumericAcqRRN" classname="com.MOFapi.MOFapi" time="0.016">
    <system-out><![CDATA[Transactionstatus_AlphaNumericAcqRRN using data from Excel
Transactionstatus_AlphaNumericAcqRRN Request Body: {
    "uniqueId": "2222222",
    "catalogueTransactionId": "91417a6a-b808-43db-abe9-188fcecf3954",
    "acqTransactionstatus": "CAPTURED",
    "acqErrorCode": "VALID",
    "acqErrorText": "VALID",
    "acqRRN": "ALP!@#$233254",
    "cardName": "VALID",
    "acqTransactionId": "2222222",
    "acqTransactionAmount": 100,
    "acqPaymentMode": "VALID"
}
Exception: javax.net.ssl.SSLHandshakeException: PKIX path building failed: sun.security.provider.certpath.SunCertPathBuilderException: unable to find valid certification path to requested target
]]></system-out>
  </testcase>
  <testcase name="Transactionstatus_AlphaNumericAcqTransactionAmount" classname="com.MOFapi.MOFapi" time="0.02">
    <system-out><![CDATA[Transactionstatus_AlphaNumericAcqTransactionAmount using data from Excel
Transactionstatus_AlphaNumericAcqTransactionAmount Request Body: {
    "uniqueId": "2222222",
    "catalogueTransactionId": "91417a6a-b808-43db-abe9-188fcecf3954",
    "acqTransactionstatus": "CAPTURED",
    "acqErrorCode": "VALID",
    "acqErrorText": "VALID",
    "acqRRN": "100",
    "cardName": "VALID",
    "acqTransactionId": "2222222",
    "acqTransactionAmount": "ALPA@#$%^245234534",
    "acqPaymentMode": "VALID"
}
Exception: javax.net.ssl.SSLHandshakeException: PKIX path building failed: sun.security.provider.certpath.SunCertPathBuilderException: unable to find valid certification path to requested target
]]></system-out>
  </testcase>
  <testcase name="Transactionstatus_AlphaNumericAcqTransactionId" classname="com.MOFapi.MOFapi" time="0.017">
    <system-out><![CDATA[Transactionstatus_AlphaNumericAcqTransactionId using data from Excel
Transactionstatus_AlphaNumericAcqTransactionId Request Body: {
    "uniqueId": "2222222",
    "catalogueTransactionId": "91417a6a-b808-43db-abe9-188fcecf3954",
    "acqTransactionstatus": "CAPTURED",
    "acqErrorCode": "VALID",
    "acqErrorText": "VALID",
    "acqRRN": "100",
    "cardName": "VALID",
    "acqTransactionId": "QWSDQW234567",
    "acqTransactionAmount": 100,
    "acqPaymentMode": "VALID"
}
Exception: javax.net.ssl.SSLHandshakeException: PKIX path building failed: sun.security.provider.certpath.SunCertPathBuilderException: unable to find valid certification path to requested target
]]></system-out>
  </testcase>
  <testcase name="Transactionstatus_AlphaNumericCardName" classname="com.MOFapi.MOFapi" time="0.014">
    <system-out><![CDATA[Transactionstatus_AlphaNumericCardName using data from Excel
Transactionstatus_AlphaNumericCardName Request Body: {
    "uniqueId": "2222222",
    "catalogueTransactionId": "91417a6a-b808-43db-abe9-188fcecf3954",
    "acqTransactionstatus": "CAPTURED",
    "acqErrorCode": "VALID",
    "acqErrorText": "VALID",
    "acqRRN": "100",
    "cardName": "ALPHAAAAAA@@@@@!@##$$$%12344",
    "acqTransactionId": "2222222",
    "acqTransactionAmount": 100,
    "acqPaymentMode": "VALID"
}
Exception: javax.net.ssl.SSLHandshakeException: PKIX path building failed: sun.security.provider.certpath.SunCertPathBuilderException: unable to find valid certification path to requested target
]]></system-out>
  </testcase>
  <testcase name="Transactionstatus_SpecialCharacterAcqErrorText" classname="com.MOFapi.MOFapi" time="0.017">
    <system-out><![CDATA[Transactionstatus_SpecialCharacterAcqErrorText using data from Excel
Transactionstatus_SpecialCharacterAcqErrorText Request Body: {
    "uniqueId": "2222222",
    "catalogueTransactionId": "91417a6a-b808-43db-abe9-188fcecf3954",
    "acqTransactionstatus": "CAPTURED",
    "acqErrorText": "@#$%^&*#$%^&*(#$%^&*(",
    "acqRRN": "100",
    "cardName": "VALID",
    "acqTransactionId": "2222222",
    "acqTransactionAmount": 100,
    "acqPaymentMode": "VALID"
}
Exception: javax.net.ssl.SSLHandshakeException: PKIX path building failed: sun.security.provider.certpath.SunCertPathBuilderException: unable to find valid certification path to requested target
]]></system-out>
  </testcase>
  <testcase name="Transactionstatus_AlphaNumericAcqErrorText" classname="com.MOFapi.MOFapi" time="0.015">
    <system-out><![CDATA[Transactionstatus_AlphaNumericAcqErrorText using data from Excel
Transactionstatus_AlphaNumericAcqErrorText Request Body: {
    "uniqueId": "2222222",
    "catalogueTransactionId": "91417a6a-b808-43db-abe9-188fcecf3954",
    "acqTransactionstatus": "CAPTURED",
    "acqErrorText": "ALPHAAAAAA@@@@@!@##$$$%12344",
    "acqRRN": "100",
    "cardName": "VALID",
    "acqTransactionId": "2222222",
    "acqTransactionAmount": 100,
    "acqPaymentMode": "VALID"
}
Exception: javax.net.ssl.SSLHandshakeException: PKIX path building failed: sun.security.provider.certpath.SunCertPathBuilderException: unable to find valid certification path to requested target
]]></system-out>
  </testcase>
  <testcase name="Transactionstatus_BlankAcqPaymentMode" classname="com.MOFapi.MOFapi" time="0.019">
    <system-out><![CDATA[Transactionstatus_BlankAcqPaymentMode using data from Excel
Transactionstatus_BlankAcqPaymentMode Request Body: {
    "uniqueId": "2222222",
    "catalogueTransactionId": "91417a6a-b808-43db-abe9-188fcecf3954",
    "acqTransactionstatus": "CAPTURED",
    "acqErrorCode": "VALID",
    "acqErrorText": "VALID",
    "acqRRN": "100",
    "cardName": "VALID",
    "acqTransactionId": "2222222",
    "acqTransactionAmount": 100,
    "acqPaymentMode": "null"
}
Exception: javax.net.ssl.SSLHandshakeException: PKIX path building failed: sun.security.provider.certpath.SunCertPathBuilderException: unable to find valid certification path to requested target
]]></system-out>
  </testcase>
  <testcase name="Transactionstatus_BlankAcqRRN" classname="com.MOFapi.MOFapi" time="0.015">
    <system-out><![CDATA[Transactionstatus_BlankAcqRRN using data from Excel
Transactionstatus_BlankAcqRRN Request Body: {
    "uniqueId": "2222222",
    "catalogueTransactionId": "91417a6a-b808-43db-abe9-188fcecf3954",
    "acqTransactionstatus": "CAPTURED",
    "acqErrorCode": "VALID",
    "acqErrorText": "VALID",
    "acqRRN": "null",
    "cardName": "VALID",
    "acqTransactionId": "2222222",
    "acqTransactionAmount": 100,
    "acqPaymentMode": "VALID"
}
Exception: javax.net.ssl.SSLHandshakeException: PKIX path building failed: sun.security.provider.certpath.SunCertPathBuilderException: unable to find valid certification path to requested target
]]></system-out>
  </testcase>
  <testcase name="Transactionstatus_BlankAcqTransactionAmount" classname="com.MOFapi.MOFapi" time="0.021">
    <system-out><![CDATA[Transactionstatus_BlankAcqTransactionAmount using data from Excel
Transactionstatus_BlankAcqTransactionAmount Request Body: {
    "uniqueId": "2222222",
    "catalogueTransactionId": "91417a6a-b808-43db-abe9-188fcecf3954",
    "acqTransactionstatus": "CAPTURED",
    "acqErrorCode": "VALID",
    "acqErrorText": "VALID",
    "acqRRN": "100",
    "cardName": "VALID",
    "acqTransactionId": "2222222",
    "acqTransactionAmount": "null",
    "acqPaymentMode": "VALID"
}
Exception: javax.net.ssl.SSLHandshakeException: PKIX path building failed: sun.security.provider.certpath.SunCertPathBuilderException: unable to find valid certification path to requested target
]]></system-out>
  </testcase>
  <testcase name="Transactionstatus_BlankAcqTransactionId" classname="com.MOFapi.MOFapi" time="0.02">
    <system-out><![CDATA[Transactionstatus_BlankAcqTransactionId using data from Excel
Transactionstatus_BlankAcqTransactionId Request Body: {
    "uniqueId": "2222222",
    "catalogueTransactionId": "91417a6a-b808-43db-abe9-188fcecf3954",
    "acqTransactionstatus": "CAPTURED",
    "acqErrorCode": "VALID",
    "acqErrorText": "VALID",
    "acqRRN": "100",
    "cardName": "VALID",
    "acqTransactionId": "null",
    "acqTransactionAmount": 100,
    "acqPaymentMode": "VALID"
}
Exception: javax.net.ssl.SSLHandshakeException: PKIX path building failed: sun.security.provider.certpath.SunCertPathBuilderException: unable to find valid certification path to requested target
]]></system-out>
  </testcase>
  <testcase name="Transactionstatus_BlankCardName" classname="com.MOFapi.MOFapi" time="0.019">
    <system-out><![CDATA[Transactionstatus_BlankCardName using data from Excel
Transactionstatus_BlankCardName Request Body: {
    "uniqueId": "2222222",
    "catalogueTransactionId": "91417a6a-b808-43db-abe9-188fcecf3954",
    "acqTransactionstatus": "CAPTURED",
    "acqErrorCode": "VALID",
    "acqErrorText": "VALID",
    "acqRRN": "100",
    "cardName": "null",
    "acqTransactionId": "2222222",
    "acqTransactionAmount": 100,
    "acqPaymentMode": "VALID"
}
Exception: javax.net.ssl.SSLHandshakeException: PKIX path building failed: sun.security.provider.certpath.SunCertPathBuilderException: unable to find valid certification path to requested target
]]></system-out>
  </testcase>
  <testcase name="Transactionstatus_BlankAcqErrorText" classname="com.MOFapi.MOFapi" time="0.021">
    <system-out><![CDATA[Transactionstatus_BlankAcqErrorText using data from Excel
Transactionstatus_BlankAcqErrorText Request Body: {
    "uniqueId": "2222222",
    "catalogueTransactionId": "91417a6a-b808-43db-abe9-188fcecf3954",
    "acqTransactionstatus": "CAPTURED",
    "acqErrorText": "null",
    "acqRRN": "100",
    "cardName": "VALID",
    "acqTransactionId": "2222222",
    "acqTransactionAmount": 100,
    "acqPaymentMode": "VALID"
}
Exception: javax.net.ssl.SSLHandshakeException: PKIX path building failed: sun.security.provider.certpath.SunCertPathBuilderException: unable to find valid certification path to requested target
]]></system-out>
  </testcase>
  <testcase name="Transactionstatus_DecimalAcqPaymentMode" classname="com.MOFapi.MOFapi" time="0.024">
    <system-out><![CDATA[Transactionstatus_DecimalAcqPaymentMode using data from Excel
Transactionstatus_DecimalAcqPaymentMode Request Body: {
    "uniqueId": "2222222",
    "catalogueTransactionId": "91417a6a-b808-43db-abe9-188fcecf3954",
    "acqTransactionstatus": "CAPTURED",
    "acqErrorCode": "VALID",
    "acqErrorText": "VALID",
    "acqRRN": "100",
    "cardName": "VALID",
    "acqTransactionId": "2222222",
    "acqTransactionAmount": 100,
    "acqPaymentMode": "1.2"
}
Exception: javax.net.ssl.SSLHandshakeException: PKIX path building failed: sun.security.provider.certpath.SunCertPathBuilderException: unable to find valid certification path to requested target
]]></system-out>
  </testcase>
  <testcase name="Transactionstatus_DecimalAcqRRN" classname="com.MOFapi.MOFapi" time="0.023">
    <system-out><![CDATA[Transactionstatus_DecimalAcqRRN using data from Excel
Transactionstatus_DecimalAcqRRN Request Body: {
    "uniqueId": "2222222",
    "catalogueTransactionId": "91417a6a-b808-43db-abe9-188fcecf3954",
    "acqTransactionstatus": "CAPTURED",
    "acqErrorCode": "VALID",
    "acqErrorText": "VALID",
    "acqRRN": "212.1212",
    "cardName": "VALID",
    "acqTransactionId": "2222222",
    "acqTransactionAmount": 100,
    "acqPaymentMode": "VALID"
}
Exception: javax.net.ssl.SSLHandshakeException: PKIX path building failed: sun.security.provider.certpath.SunCertPathBuilderException: unable to find valid certification path to requested target
]]></system-out>
  </testcase>
  <testcase name="Transactionstatus_DecimalAcqTransactionAmount" classname="com.MOFapi.MOFapi" time="0.023">
    <system-out><![CDATA[Transactionstatus_DecimalAcqTransactionAmount using data from Excel
Transactionstatus_DecimalAcqTransactionAmount Request Body: {
    "uniqueId": "2222222",
    "catalogueTransactionId": "91417a6a-b808-43db-abe9-188fcecf3954",
    "acqTransactionstatus": "CAPTURED",
    "acqErrorCode": "VALID",
    "acqErrorText": "VALID",
    "acqRRN": "100",
    "cardName": "VALID",
    "acqTransactionId": "2222222",
    "acqTransactionAmount": "212.1212",
    "acqPaymentMode": "VALID"
}
Exception: javax.net.ssl.SSLHandshakeException: PKIX path building failed: sun.security.provider.certpath.SunCertPathBuilderException: unable to find valid certification path to requested target
]]></system-out>
  </testcase>
  <testcase name="Transactionstatus_DecimalAcqTransactionId" classname="com.MOFapi.MOFapi" time="0.028">
    <system-out><![CDATA[Transactionstatus_DecimalAcqTransactionId using data from Excel
Transactionstatus_DecimalAcqTransactionId Request Body: {
    "uniqueId": "2222222",
    "catalogueTransactionId": "91417a6a-b808-43db-abe9-188fcecf3954",
    "acqTransactionstatus": "CAPTURED",
    "acqErrorCode": "VALID",
    "acqErrorText": "VALID",
    "acqRRN": "100",
    "cardName": "VALID",
    "acqTransactionId": "45123.1254",
    "acqTransactionAmount": 100,
    "acqPaymentMode": "VALID"
}
Exception: javax.net.ssl.SSLHandshakeException: PKIX path building failed: sun.security.provider.certpath.SunCertPathBuilderException: unable to find valid certification path to requested target
]]></system-out>
  </testcase>
  <testcase name="Transactionstatus_DecimalCardName" classname="com.MOFapi.MOFapi" time="0.031">
    <system-out><![CDATA[Transactionstatus_DecimalCardName using data from Excel
Transactionstatus_DecimalCardName Request Body: {
    "uniqueId": "2222222",
    "catalogueTransactionId": "91417a6a-b808-43db-abe9-188fcecf3954",
    "acqTransactionstatus": "CAPTURED",
    "acqErrorCode": "VALID",
    "acqErrorText": "VALID",
    "acqRRN": "100",
    "cardName": "1.2",
    "acqTransactionId": "2222222",
    "acqTransactionAmount": 100,
    "acqPaymentMode": "VALID"
}
Exception: javax.net.ssl.SSLHandshakeException: PKIX path building failed: sun.security.provider.certpath.SunCertPathBuilderException: unable to find valid certification path to requested target
]]></system-out>
  </testcase>
  <testcase name="Transactionstatus_DecimalAcqErrorText" classname="com.MOFapi.MOFapi" time="0.021">
    <system-out><![CDATA[Transactionstatus_DecimalAcqErrorText using data from Excel
Transactionstatus_DecimalAcqErrorText Request Body: {
    "uniqueId": "2222222",
    "catalogueTransactionId": "91417a6a-b808-43db-abe9-188fcecf3954",
    "acqTransactionstatus": "CAPTURED",
    "acqErrorText": "1.2",
    "acqRRN": "100",
    "cardName": "VALID",
    "acqTransactionId": "2222222",
    "acqTransactionAmount": 100,
    "acqPaymentMode": "VALID"
}
Exception: javax.net.ssl.SSLHandshakeException: PKIX path building failed: sun.security.provider.certpath.SunCertPathBuilderException: unable to find valid certification path to requested target
]]></system-out>
  </testcase>
</testsuite>