<?xml version="1.0" encoding="UTF-8"?>
<testsuite xmlns:xsi="http://www.w3.org/2001/XMLSchema-instance" xsi:noNamespaceSchemaLocation="https://maven.apache.org/surefire/maven-surefire-plugin/xsd/surefire-test-report.xsd" version="3.0.1" name="TestSuite" time="1.741" tests="0" errors="0" skipped="0" failures="0">
  <properties>
    <property name="java.specification.version" value="21"/>
    <property name="sun.cpu.isalist" value="amd64"/>
    <property name="sun.jnu.encoding" value="Cp1252"/>
    <property name="java.class.path" value="D:\Automation\EDB_AUTO\EDB_AUTO\target\test-classes;D:\Automation\EDB_AUTO\EDB_AUTO\target\classes;C:\Users\shalinis\.m2\repository\com\relevantcodes\extentreports\2.41.2\extentreports-2.41.2.jar;C:\Users\shalinis\.m2\repository\org\jsoup\jsoup\1.8.3\jsoup-1.8.3.jar;C:\Users\shalinis\.m2\repository\org\xerial\sqlite-jdbc\3.8.11.1\sqlite-jdbc-3.8.11.1.jar;C:\Users\shalinis\.m2\repository\org\freemarker\freemarker\2.3.23\freemarker-2.3.23.jar;C:\Users\shalinis\.m2\repository\org\mongodb\mongodb-driver\3.0.4\mongodb-driver-3.0.4.jar;C:\Users\shalinis\.m2\repository\org\mongodb\bson\3.0.4\bson-3.0.4.jar;C:\Users\shalinis\.m2\repository\org\mongodb\mongodb-driver-core\3.0.4\mongodb-driver-core-3.0.4.jar;C:\Users\shalinis\.m2\repository\io\rest-assured\rest-assured\4.3.3\rest-assured-4.3.3.jar;C:\Users\shalinis\.m2\repository\org\codehaus\groovy\groovy\3.0.7\groovy-3.0.7.jar;C:\Users\shalinis\.m2\repository\org\codehaus\groovy\groovy-xml\3.0.7\groovy-xml-3.0.7.jar;C:\Users\shalinis\.m2\repository\org\apache\httpcomponents\httpclient\4.5.3\httpclient-4.5.3.jar;C:\Users\shalinis\.m2\repository\org\apache\httpcomponents\httpcore\4.4.6\httpcore-4.4.6.jar;C:\Users\shalinis\.m2\repository\commons-logging\commons-logging\1.2\commons-logging-1.2.jar;C:\Users\shalinis\.m2\repository\org\apache\httpcomponents\httpmime\4.5.3\httpmime-4.5.3.jar;C:\Users\shalinis\.m2\repository\org\hamcrest\hamcrest\2.1\hamcrest-2.1.jar;C:\Users\shalinis\.m2\repository\org\ccil\cowan\tagsoup\tagsoup\1.2.1\tagsoup-1.2.1.jar;C:\Users\shalinis\.m2\repository\io\rest-assured\json-path\4.3.3\json-path-4.3.3.jar;C:\Users\shalinis\.m2\repository\org\codehaus\groovy\groovy-json\3.0.7\groovy-json-3.0.7.jar;C:\Users\shalinis\.m2\repository\io\rest-assured\rest-assured-common\4.3.3\rest-assured-common-4.3.3.jar;C:\Users\shalinis\.m2\repository\io\rest-assured\xml-path\4.3.3\xml-path-4.3.3.jar;C:\Users\shalinis\.m2\repository\jakarta\xml\bind\jakarta.xml.bind-api\2.3.3\jakarta.xml.bind-api-2.3.3.jar;C:\Users\shalinis\.m2\repository\jakarta\activation\jakarta.activation-api\1.2.2\jakarta.activation-api-1.2.2.jar;C:\Users\shalinis\.m2\repository\com\sun\xml\bind\jaxb-impl\2.3.3\jaxb-impl-2.3.3.jar;C:\Users\shalinis\.m2\repository\org\testng\testng\6.14.3\testng-6.14.3.jar;C:\Users\shalinis\.m2\repository\com\beust\jcommander\1.72\jcommander-1.72.jar;C:\Users\shalinis\.m2\repository\org\apache-extras\beanshell\bsh\2.0b6\bsh-2.0b6.jar;C:\Users\shalinis\.m2\repository\com\googlecode\json-simple\json-simple\1.1.1\json-simple-1.1.1.jar;C:\Users\shalinis\.m2\repository\org\apache\poi\poi\5.2.2\poi-5.2.2.jar;C:\Users\shalinis\.m2\repository\commons-codec\commons-codec\1.15\commons-codec-1.15.jar;C:\Users\shalinis\.m2\repository\org\apache\commons\commons-collections4\4.4\commons-collections4-4.4.jar;C:\Users\shalinis\.m2\repository\org\apache\commons\commons-math3\3.6.1\commons-math3-3.6.1.jar;C:\Users\shalinis\.m2\repository\commons-io\commons-io\2.11.0\commons-io-2.11.0.jar;C:\Users\shalinis\.m2\repository\com\zaxxer\SparseBitSet\1.2\SparseBitSet-1.2.jar;C:\Users\shalinis\.m2\repository\org\apache\logging\log4j\log4j-api\2.17.2\log4j-api-2.17.2.jar;C:\Users\shalinis\.m2\repository\org\apache\poi\poi-ooxml\5.2.2\poi-ooxml-5.2.2.jar;C:\Users\shalinis\.m2\repository\org\apache\poi\poi-ooxml-lite\5.2.2\poi-ooxml-lite-5.2.2.jar;C:\Users\shalinis\.m2\repository\org\apache\xmlbeans\xmlbeans\5.0.3\xmlbeans-5.0.3.jar;C:\Users\shalinis\.m2\repository\org\apache\commons\commons-compress\1.21\commons-compress-1.21.jar;C:\Users\shalinis\.m2\repository\com\github\virtuald\curvesapi\1.07\curvesapi-1.07.jar;C:\Users\shalinis\.m2\repository\com\fasterxml\jackson\core\jackson-databind\2.9.8\jackson-databind-2.9.8.jar;C:\Users\shalinis\.m2\repository\com\fasterxml\jackson\core\jackson-annotations\2.9.0\jackson-annotations-2.9.0.jar;C:\Users\shalinis\.m2\repository\com\fasterxml\jackson\core\jackson-core\2.9.8\jackson-core-2.9.8.jar;C:\Users\shalinis\.m2\repository\com\google\code\gson\gson\2.8.5\gson-2.8.5.jar;C:\Users\shalinis\.m2\repository\com\aventstack\extentreports\5.0.9\extentreports-5.0.9.jar;C:\Users\shalinis\.m2\repository\io\reactivex\rxjava3\rxjava\3.0.4\rxjava-3.0.4.jar;C:\Users\shalinis\.m2\repository\org\reactivestreams\reactive-streams\1.0.3\reactive-streams-1.0.3.jar;C:\Users\shalinis\.m2\repository\junit\junit\4.13.2\junit-4.13.2.jar;C:\Users\shalinis\.m2\repository\org\hamcrest\hamcrest-core\1.3\hamcrest-core-1.3.jar;C:\Users\shalinis\.m2\repository\org\seleniumhq\selenium\selenium-java\3.141.59\selenium-java-3.141.59.jar;C:\Users\shalinis\.m2\repository\org\seleniumhq\selenium\selenium-api\3.141.59\selenium-api-3.141.59.jar;C:\Users\shalinis\.m2\repository\org\seleniumhq\selenium\selenium-chrome-driver\3.141.59\selenium-chrome-driver-3.141.59.jar;C:\Users\shalinis\.m2\repository\org\seleniumhq\selenium\selenium-edge-driver\3.141.59\selenium-edge-driver-3.141.59.jar;C:\Users\shalinis\.m2\repository\org\seleniumhq\selenium\selenium-firefox-driver\3.141.59\selenium-firefox-driver-3.141.59.jar;C:\Users\shalinis\.m2\repository\org\seleniumhq\selenium\selenium-ie-driver\3.141.59\selenium-ie-driver-3.141.59.jar;C:\Users\shalinis\.m2\repository\org\seleniumhq\selenium\selenium-opera-driver\3.141.59\selenium-opera-driver-3.141.59.jar;C:\Users\shalinis\.m2\repository\org\seleniumhq\selenium\selenium-remote-driver\3.141.59\selenium-remote-driver-3.141.59.jar;C:\Users\shalinis\.m2\repository\org\seleniumhq\selenium\selenium-safari-driver\3.141.59\selenium-safari-driver-3.141.59.jar;C:\Users\shalinis\.m2\repository\org\seleniumhq\selenium\selenium-support\3.141.59\selenium-support-3.141.59.jar;C:\Users\shalinis\.m2\repository\net\bytebuddy\byte-buddy\1.8.15\byte-buddy-1.8.15.jar;C:\Users\shalinis\.m2\repository\org\apache\commons\commons-exec\1.3\commons-exec-1.3.jar;C:\Users\shalinis\.m2\repository\com\google\guava\guava\25.0-jre\guava-25.0-jre.jar;C:\Users\shalinis\.m2\repository\com\google\code\findbugs\jsr305\1.3.9\jsr305-1.3.9.jar;C:\Users\shalinis\.m2\repository\org\checkerframework\checker-compat-qual\2.0.0\checker-compat-qual-2.0.0.jar;C:\Users\shalinis\.m2\repository\com\google\errorprone\error_prone_annotations\2.1.3\error_prone_annotations-2.1.3.jar;C:\Users\shalinis\.m2\repository\com\google\j2objc\j2objc-annotations\1.1\j2objc-annotations-1.1.jar;C:\Users\shalinis\.m2\repository\org\codehaus\mojo\animal-sniffer-annotations\1.14\animal-sniffer-annotations-1.14.jar;C:\Users\shalinis\.m2\repository\com\squareup\okhttp3\okhttp\3.11.0\okhttp-3.11.0.jar;C:\Users\shalinis\.m2\repository\com\squareup\okio\okio\1.14.0\okio-1.14.0.jar;C:\Users\shalinis\.m2\repository\io\github\bonigarcia\webdrivermanager\5.9.2\webdrivermanager-5.9.2.jar;C:\Users\shalinis\.m2\repository\org\slf4j\slf4j-api\2.0.13\slf4j-api-2.0.13.jar;C:\Users\shalinis\.m2\repository\com\github\docker-java\docker-java\3.4.0\docker-java-3.4.0.jar;C:\Users\shalinis\.m2\repository\com\github\docker-java\docker-java-core\3.4.0\docker-java-core-3.4.0.jar;C:\Users\shalinis\.m2\repository\com\github\docker-java\docker-java-api\3.4.0\docker-java-api-3.4.0.jar;C:\Users\shalinis\.m2\repository\org\slf4j\jcl-over-slf4j\1.7.30\jcl-over-slf4j-1.7.30.jar;C:\Users\shalinis\.m2\repository\com\github\docker-java\docker-java-transport-httpclient5\3.4.0\docker-java-transport-httpclient5-3.4.0.jar;C:\Users\shalinis\.m2\repository\com\github\docker-java\docker-java-transport\3.4.0\docker-java-transport-3.4.0.jar;C:\Users\shalinis\.m2\repository\net\java\dev\jna\jna\5.13.0\jna-5.13.0.jar;C:\Users\shalinis\.m2\repository\org\brotli\dec\0.1.2\dec-0.1.2.jar;C:\Users\shalinis\.m2\repository\org\apache\commons\commons-lang3\3.15.0\commons-lang3-3.15.0.jar;C:\Users\shalinis\.m2\repository\org\apache\httpcomponents\client5\httpclient5\5.2.1\httpclient5-5.2.1.jar;C:\Users\shalinis\.m2\repository\org\apache\httpcomponents\core5\httpcore5\5.2\httpcore5-5.2.jar;C:\Users\shalinis\.m2\repository\org\apache\httpcomponents\core5\httpcore5-h2\5.2\httpcore5-h2-5.2.jar;C:\Users\shalinis\.m2\repository\org\apache\logging\log4j\log4j-core\2.17.2\log4j-core-2.17.2.jar;C:\Users\shalinis\.m2\repository\org\projectlombok\lombok\1.18.28\lombok-1.18.28.jar;"/>
    <property name="java.vm.vendor" value="Oracle Corporation"/>
    <property name="sun.arch.data.model" value="64"/>
    <property name="user.variant" value=""/>
    <property name="java.vendor.url" value="https://java.oracle.com/"/>
    <property name="user.timezone" value="Asia/Calcutta"/>
    <property name="os.name" value="Windows 11"/>
    <property name="java.vm.specification.version" value="21"/>
    <property name="sun.java.launcher" value="SUN_STANDARD"/>
    <property name="user.country" value="IN"/>
    <property name="sun.boot.library.path" value="C:\Program Files\Java\jdk-21\bin"/>
    <property name="sun.java.command" value="C:\Users\shalinis\AppData\Local\Temp\surefire795261244816613556\surefirebooter-20250729161901128_3.jar C:\Users\shalinis\AppData\Local\Temp\surefire795261244816613556 2025-07-29T16-19-00_580-jvmRun1 surefire-20250729161901128_1tmp surefire_0-20250729161901128_2tmp"/>
    <property name="jdk.debug" value="release"/>
    <property name="surefire.test.class.path" value="D:\Automation\EDB_AUTO\EDB_AUTO\target\test-classes;D:\Automation\EDB_AUTO\EDB_AUTO\target\classes;C:\Users\shalinis\.m2\repository\com\relevantcodes\extentreports\2.41.2\extentreports-2.41.2.jar;C:\Users\shalinis\.m2\repository\org\jsoup\jsoup\1.8.3\jsoup-1.8.3.jar;C:\Users\shalinis\.m2\repository\org\xerial\sqlite-jdbc\3.8.11.1\sqlite-jdbc-3.8.11.1.jar;C:\Users\shalinis\.m2\repository\org\freemarker\freemarker\2.3.23\freemarker-2.3.23.jar;C:\Users\shalinis\.m2\repository\org\mongodb\mongodb-driver\3.0.4\mongodb-driver-3.0.4.jar;C:\Users\shalinis\.m2\repository\org\mongodb\bson\3.0.4\bson-3.0.4.jar;C:\Users\shalinis\.m2\repository\org\mongodb\mongodb-driver-core\3.0.4\mongodb-driver-core-3.0.4.jar;C:\Users\shalinis\.m2\repository\io\rest-assured\rest-assured\4.3.3\rest-assured-4.3.3.jar;C:\Users\shalinis\.m2\repository\org\codehaus\groovy\groovy\3.0.7\groovy-3.0.7.jar;C:\Users\shalinis\.m2\repository\org\codehaus\groovy\groovy-xml\3.0.7\groovy-xml-3.0.7.jar;C:\Users\shalinis\.m2\repository\org\apache\httpcomponents\httpclient\4.5.3\httpclient-4.5.3.jar;C:\Users\shalinis\.m2\repository\org\apache\httpcomponents\httpcore\4.4.6\httpcore-4.4.6.jar;C:\Users\shalinis\.m2\repository\commons-logging\commons-logging\1.2\commons-logging-1.2.jar;C:\Users\shalinis\.m2\repository\org\apache\httpcomponents\httpmime\4.5.3\httpmime-4.5.3.jar;C:\Users\shalinis\.m2\repository\org\hamcrest\hamcrest\2.1\hamcrest-2.1.jar;C:\Users\shalinis\.m2\repository\org\ccil\cowan\tagsoup\tagsoup\1.2.1\tagsoup-1.2.1.jar;C:\Users\shalinis\.m2\repository\io\rest-assured\json-path\4.3.3\json-path-4.3.3.jar;C:\Users\shalinis\.m2\repository\org\codehaus\groovy\groovy-json\3.0.7\groovy-json-3.0.7.jar;C:\Users\shalinis\.m2\repository\io\rest-assured\rest-assured-common\4.3.3\rest-assured-common-4.3.3.jar;C:\Users\shalinis\.m2\repository\io\rest-assured\xml-path\4.3.3\xml-path-4.3.3.jar;C:\Users\shalinis\.m2\repository\jakarta\xml\bind\jakarta.xml.bind-api\2.3.3\jakarta.xml.bind-api-2.3.3.jar;C:\Users\shalinis\.m2\repository\jakarta\activation\jakarta.activation-api\1.2.2\jakarta.activation-api-1.2.2.jar;C:\Users\shalinis\.m2\repository\com\sun\xml\bind\jaxb-impl\2.3.3\jaxb-impl-2.3.3.jar;C:\Users\shalinis\.m2\repository\org\testng\testng\6.14.3\testng-6.14.3.jar;C:\Users\shalinis\.m2\repository\com\beust\jcommander\1.72\jcommander-1.72.jar;C:\Users\shalinis\.m2\repository\org\apache-extras\beanshell\bsh\2.0b6\bsh-2.0b6.jar;C:\Users\shalinis\.m2\repository\com\googlecode\json-simple\json-simple\1.1.1\json-simple-1.1.1.jar;C:\Users\shalinis\.m2\repository\org\apache\poi\poi\5.2.2\poi-5.2.2.jar;C:\Users\shalinis\.m2\repository\commons-codec\commons-codec\1.15\commons-codec-1.15.jar;C:\Users\shalinis\.m2\repository\org\apache\commons\commons-collections4\4.4\commons-collections4-4.4.jar;C:\Users\shalinis\.m2\repository\org\apache\commons\commons-math3\3.6.1\commons-math3-3.6.1.jar;C:\Users\shalinis\.m2\repository\commons-io\commons-io\2.11.0\commons-io-2.11.0.jar;C:\Users\shalinis\.m2\repository\com\zaxxer\SparseBitSet\1.2\SparseBitSet-1.2.jar;C:\Users\shalinis\.m2\repository\org\apache\logging\log4j\log4j-api\2.17.2\log4j-api-2.17.2.jar;C:\Users\shalinis\.m2\repository\org\apache\poi\poi-ooxml\5.2.2\poi-ooxml-5.2.2.jar;C:\Users\shalinis\.m2\repository\org\apache\poi\poi-ooxml-lite\5.2.2\poi-ooxml-lite-5.2.2.jar;C:\Users\shalinis\.m2\repository\org\apache\xmlbeans\xmlbeans\5.0.3\xmlbeans-5.0.3.jar;C:\Users\shalinis\.m2\repository\org\apache\commons\commons-compress\1.21\commons-compress-1.21.jar;C:\Users\shalinis\.m2\repository\com\github\virtuald\curvesapi\1.07\curvesapi-1.07.jar;C:\Users\shalinis\.m2\repository\com\fasterxml\jackson\core\jackson-databind\2.9.8\jackson-databind-2.9.8.jar;C:\Users\shalinis\.m2\repository\com\fasterxml\jackson\core\jackson-annotations\2.9.0\jackson-annotations-2.9.0.jar;C:\Users\shalinis\.m2\repository\com\fasterxml\jackson\core\jackson-core\2.9.8\jackson-core-2.9.8.jar;C:\Users\shalinis\.m2\repository\com\google\code\gson\gson\2.8.5\gson-2.8.5.jar;C:\Users\shalinis\.m2\repository\com\aventstack\extentreports\5.0.9\extentreports-5.0.9.jar;C:\Users\shalinis\.m2\repository\io\reactivex\rxjava3\rxjava\3.0.4\rxjava-3.0.4.jar;C:\Users\shalinis\.m2\repository\org\reactivestreams\reactive-streams\1.0.3\reactive-streams-1.0.3.jar;C:\Users\shalinis\.m2\repository\junit\junit\4.13.2\junit-4.13.2.jar;C:\Users\shalinis\.m2\repository\org\hamcrest\hamcrest-core\1.3\hamcrest-core-1.3.jar;C:\Users\shalinis\.m2\repository\org\seleniumhq\selenium\selenium-java\3.141.59\selenium-java-3.141.59.jar;C:\Users\shalinis\.m2\repository\org\seleniumhq\selenium\selenium-api\3.141.59\selenium-api-3.141.59.jar;C:\Users\shalinis\.m2\repository\org\seleniumhq\selenium\selenium-chrome-driver\3.141.59\selenium-chrome-driver-3.141.59.jar;C:\Users\shalinis\.m2\repository\org\seleniumhq\selenium\selenium-edge-driver\3.141.59\selenium-edge-driver-3.141.59.jar;C:\Users\shalinis\.m2\repository\org\seleniumhq\selenium\selenium-firefox-driver\3.141.59\selenium-firefox-driver-3.141.59.jar;C:\Users\shalinis\.m2\repository\org\seleniumhq\selenium\selenium-ie-driver\3.141.59\selenium-ie-driver-3.141.59.jar;C:\Users\shalinis\.m2\repository\org\seleniumhq\selenium\selenium-opera-driver\3.141.59\selenium-opera-driver-3.141.59.jar;C:\Users\shalinis\.m2\repository\org\seleniumhq\selenium\selenium-remote-driver\3.141.59\selenium-remote-driver-3.141.59.jar;C:\Users\shalinis\.m2\repository\org\seleniumhq\selenium\selenium-safari-driver\3.141.59\selenium-safari-driver-3.141.59.jar;C:\Users\shalinis\.m2\repository\org\seleniumhq\selenium\selenium-support\3.141.59\selenium-support-3.141.59.jar;C:\Users\shalinis\.m2\repository\net\bytebuddy\byte-buddy\1.8.15\byte-buddy-1.8.15.jar;C:\Users\shalinis\.m2\repository\org\apache\commons\commons-exec\1.3\commons-exec-1.3.jar;C:\Users\shalinis\.m2\repository\com\google\guava\guava\25.0-jre\guava-25.0-jre.jar;C:\Users\shalinis\.m2\repository\com\google\code\findbugs\jsr305\1.3.9\jsr305-1.3.9.jar;C:\Users\shalinis\.m2\repository\org\checkerframework\checker-compat-qual\2.0.0\checker-compat-qual-2.0.0.jar;C:\Users\shalinis\.m2\repository\com\google\errorprone\error_prone_annotations\2.1.3\error_prone_annotations-2.1.3.jar;C:\Users\shalinis\.m2\repository\com\google\j2objc\j2objc-annotations\1.1\j2objc-annotations-1.1.jar;C:\Users\shalinis\.m2\repository\org\codehaus\mojo\animal-sniffer-annotations\1.14\animal-sniffer-annotations-1.14.jar;C:\Users\shalinis\.m2\repository\com\squareup\okhttp3\okhttp\3.11.0\okhttp-3.11.0.jar;C:\Users\shalinis\.m2\repository\com\squareup\okio\okio\1.14.0\okio-1.14.0.jar;C:\Users\shalinis\.m2\repository\io\github\bonigarcia\webdrivermanager\5.9.2\webdrivermanager-5.9.2.jar;C:\Users\shalinis\.m2\repository\org\slf4j\slf4j-api\2.0.13\slf4j-api-2.0.13.jar;C:\Users\shalinis\.m2\repository\com\github\docker-java\docker-java\3.4.0\docker-java-3.4.0.jar;C:\Users\shalinis\.m2\repository\com\github\docker-java\docker-java-core\3.4.0\docker-java-core-3.4.0.jar;C:\Users\shalinis\.m2\repository\com\github\docker-java\docker-java-api\3.4.0\docker-java-api-3.4.0.jar;C:\Users\shalinis\.m2\repository\org\slf4j\jcl-over-slf4j\1.7.30\jcl-over-slf4j-1.7.30.jar;C:\Users\shalinis\.m2\repository\com\github\docker-java\docker-java-transport-httpclient5\3.4.0\docker-java-transport-httpclient5-3.4.0.jar;C:\Users\shalinis\.m2\repository\com\github\docker-java\docker-java-transport\3.4.0\docker-java-transport-3.4.0.jar;C:\Users\shalinis\.m2\repository\net\java\dev\jna\jna\5.13.0\jna-5.13.0.jar;C:\Users\shalinis\.m2\repository\org\brotli\dec\0.1.2\dec-0.1.2.jar;C:\Users\shalinis\.m2\repository\org\apache\commons\commons-lang3\3.15.0\commons-lang3-3.15.0.jar;C:\Users\shalinis\.m2\repository\org\apache\httpcomponents\client5\httpclient5\5.2.1\httpclient5-5.2.1.jar;C:\Users\shalinis\.m2\repository\org\apache\httpcomponents\core5\httpcore5\5.2\httpcore5-5.2.jar;C:\Users\shalinis\.m2\repository\org\apache\httpcomponents\core5\httpcore5-h2\5.2\httpcore5-h2-5.2.jar;C:\Users\shalinis\.m2\repository\org\apache\logging\log4j\log4j-core\2.17.2\log4j-core-2.17.2.jar;C:\Users\shalinis\.m2\repository\org\projectlombok\lombok\1.18.28\lombok-1.18.28.jar;"/>
    <property name="sun.cpu.endian" value="little"/>
    <property name="user.home" value="C:\Users\shalinis"/>
    <property name="user.language" value="en"/>
    <property name="java.specification.vendor" value="Oracle Corporation"/>
    <property name="java.version.date" value="2025-01-21"/>
    <property name="java.home" value="C:\Program Files\Java\jdk-21"/>
    <property name="file.separator" value="\"/>
    <property name="basedir" value="D:\Automation\EDB_AUTO\EDB_AUTO"/>
    <property name="java.vm.compressedOopsMode" value="Zero based"/>
    <property name="line.separator" value="&#10;"/>
    <property name="java.vm.specification.vendor" value="Oracle Corporation"/>
    <property name="java.specification.name" value="Java Platform API Specification"/>
    <property name="surefire.real.class.path" value="C:\Users\shalinis\AppData\Local\Temp\surefire795261244816613556\surefirebooter-20250729161901128_3.jar"/>
    <property name="user.script" value=""/>
    <property name="sun.management.compiler" value="HotSpot 64-Bit Tiered Compilers"/>
    <property name="java.runtime.version" value="21.0.6+8-LTS-188"/>
    <property name="user.name" value="shalinis"/>
    <property name="stdout.encoding" value="Cp1252"/>
    <property name="path.separator" value=";"/>
    <property name="os.version" value="10.0"/>
    <property name="java.runtime.name" value="Java(TM) SE Runtime Environment"/>
    <property name="file.encoding" value="UTF-8"/>
    <property name="java.vm.name" value="Java HotSpot(TM) 64-Bit Server VM"/>
    <property name="localRepository" value="C:\Users\shalinis\.m2\repository"/>
    <property name="java.vendor.url.bug" value="https://bugreport.java.com/bugreport/"/>
    <property name="java.io.tmpdir" value="C:\Users\shalinis\AppData\Local\Temp\"/>
    <property name="java.version" value="21.0.6"/>
    <property name="user.dir" value="D:\Automation\EDB_AUTO\EDB_AUTO"/>
    <property name="os.arch" value="amd64"/>
    <property name="java.vm.specification.name" value="Java Virtual Machine Specification"/>
    <property name="sun.os.patch.level" value=""/>
    <property name="native.encoding" value="Cp1252"/>
    <property name="java.library.path" value="C:\Program Files\Java\jdk-21\bin;C:\Windows\Sun\Java\bin;C:\Windows\system32;C:\Windows;C:\Windows\system32;C:\Windows;C:\Windows\System32\Wbem;C:\Windows\System32\WindowsPowerShell\v1.0\;C:\Windows\System32\OpenSSH\;C:\Program Files\Azure Data Studio\bin;C:\Program Files\Java\jdk-21\bin;C:\Program Files\Microsoft SQL Server\Client SDK\ODBC\170\Tools\Binn\;C:\Program Files (x86)\Microsoft SQL Server\150\Tools\Binn\;C:\Program Files\Microsoft SQL Server\150\Tools\Binn\;C:\Program Files\Microsoft SQL Server\150\DTS\Binn\;C:\Program Files (x86)\Microsoft SQL Server\160\DTS\Binn\;C:\Program Files\Java\jdk-21\bin;C:\Users\shalinis\apache-maven-3.9.11\bin;C:\Users\shalinis\apache-maven-3.9.11\bin\bin;C:\Users\shalinis\AppData\Local\Microsoft\WindowsApps;C:\Users\shalinis\AppData\Local\Programs\Git\cmd;."/>
    <property name="java.vm.info" value="mixed mode, sharing"/>
    <property name="stderr.encoding" value="Cp1252"/>
    <property name="java.vendor" value="Oracle Corporation"/>
    <property name="java.vm.version" value="21.0.6+8-LTS-188"/>
    <property name="sun.io.unicode.encoding" value="UnicodeLittle"/>
    <property name="java.class.version" value="65.0"/>
  </properties>
</testsuite>